[3.675s] Invoking command in '/home/lance/robot/src/controllers': CMAKE_PREFIX_PATH=/home/lance/robot/install/my_cobot_interfaces:/home/lance/robot/install/moveit_config:/home/lance/robot/install/description PYTHONPATH=/home/lance/robot/build/controllers/prefix_override:/home/lance/robot/install/controllers/lib/python3.10/site-packages:${PYTHONPATH} /usr/bin/python3 setup.py egg_info --egg-base ../../build/controllers build --build-base /home/lance/robot/build/controllers/build install --record /home/lance/robot/build/controllers/install.log --single-version-externally-managed
[5.055s] running egg_info
[5.055s] creating ../../build/controllers/controllers.egg-info
[5.056s] writing ../../build/controllers/controllers.egg-info/PKG-INFO
[5.057s] writing dependency_links to ../../build/controllers/controllers.egg-info/dependency_links.txt
[5.058s] writing entry points to ../../build/controllers/controllers.egg-info/entry_points.txt
[5.058s] writing requirements to ../../build/controllers/controllers.egg-info/requires.txt
[5.059s] writing top-level names to ../../build/controllers/controllers.egg-info/top_level.txt
[5.060s] writing manifest file '../../build/controllers/controllers.egg-info/SOURCES.txt'
[5.068s] reading manifest file '../../build/controllers/controllers.egg-info/SOURCES.txt'
[5.071s] writing manifest file '../../build/controllers/controllers.egg-info/SOURCES.txt'
[5.071s] running build
[5.072s] running build_py
[5.073s] creating /home/lance/robot/build/controllers/build
[5.074s] creating /home/lance/robot/build/controllers/build/lib
[5.074s] creating /home/lance/robot/build/controllers/build/lib/controllers
[5.075s] copying controllers/follow_trajectory_controller.py -> /home/lance/robot/build/controllers/build/lib/controllers
[5.075s] copying controllers/__init__.py -> /home/lance/robot/build/controllers/build/lib/controllers
[5.076s] copying controllers/my_cobot_server.py -> /home/lance/robot/build/controllers/build/lib/controllers
[5.076s] copying controllers/joint_state_controller.py -> /home/lance/robot/build/controllers/build/lib/controllers
[5.079s] running install
[5.080s] /usr/lib/python3/dist-packages/setuptools/command/install.py:34: SetuptoolsDeprecationWarning: setup.py install is deprecated. Use build and pip and other standards-based tools.
[5.080s]   warnings.warn(
[5.081s] running install_lib
[5.085s] creating /home/lance/robot/install/controllers/lib/python3.10/site-packages/controllers
[5.085s] copying /home/lance/robot/build/controllers/build/lib/controllers/follow_trajectory_controller.py -> /home/lance/robot/install/controllers/lib/python3.10/site-packages/controllers
[5.086s] copying /home/lance/robot/build/controllers/build/lib/controllers/__init__.py -> /home/lance/robot/install/controllers/lib/python3.10/site-packages/controllers
[5.087s] copying /home/lance/robot/build/controllers/build/lib/controllers/my_cobot_server.py -> /home/lance/robot/install/controllers/lib/python3.10/site-packages/controllers
[5.087s] copying /home/lance/robot/build/controllers/build/lib/controllers/joint_state_controller.py -> /home/lance/robot/install/controllers/lib/python3.10/site-packages/controllers
[5.090s] byte-compiling /home/lance/robot/install/controllers/lib/python3.10/site-packages/controllers/follow_trajectory_controller.py to follow_trajectory_controller.cpython-310.pyc
[5.092s] byte-compiling /home/lance/robot/install/controllers/lib/python3.10/site-packages/controllers/__init__.py to __init__.cpython-310.pyc
[5.099s] byte-compiling /home/lance/robot/install/controllers/lib/python3.10/site-packages/controllers/my_cobot_server.py to my_cobot_server.cpython-310.pyc
[5.100s] byte-compiling /home/lance/robot/install/controllers/lib/python3.10/site-packages/controllers/joint_state_controller.py to joint_state_controller.cpython-310.pyc
[5.101s] running install_data
[5.104s] creating /home/lance/robot/install/controllers/share/ament_index
[5.104s] creating /home/lance/robot/install/controllers/share/ament_index/resource_index
[5.105s] creating /home/lance/robot/install/controllers/share/ament_index/resource_index/packages
[5.105s] copying resource/controllers -> /home/lance/robot/install/controllers/share/ament_index/resource_index/packages
[5.106s] copying package.xml -> /home/lance/robot/install/controllers/share/controllers
[5.106s] running install_egg_info
[5.113s] Copying ../../build/controllers/controllers.egg-info to /home/lance/robot/install/controllers/lib/python3.10/site-packages/controllers-0.0.0-py3.10.egg-info
[5.118s] running install_scripts
[5.209s] Installing follow_trajectory script to /home/lance/robot/install/controllers/lib/controllers
[5.210s] Installing joint_state script to /home/lance/robot/install/controllers/lib/controllers
[5.211s] Installing my_cobot script to /home/lance/robot/install/controllers/lib/controllers
[5.212s] writing list of installed files to '/home/lance/robot/build/controllers/install.log'
[5.363s] Invoked command in '/home/lance/robot/src/controllers' returned '0': CMAKE_PREFIX_PATH=/home/lance/robot/install/my_cobot_interfaces:/home/lance/robot/install/moveit_config:/home/lance/robot/install/description PYTHONPATH=/home/lance/robot/build/controllers/prefix_override:/home/lance/robot/install/controllers/lib/python3.10/site-packages:${PYTHONPATH} /usr/bin/python3 setup.py egg_info --egg-base ../../build/controllers build --build-base /home/lance/robot/build/controllers/build install --record /home/lance/robot/build/controllers/install.log --single-version-externally-managed
