[1.933s] DEBUG:colcon:Command line arguments: ['/usr/bin/colcon', 'build', '--packages-select', 'my_cobot_hardware_interface', '--symlink-install']
[1.933s] DEBUG:colcon:Parsed command line arguments: Namespace(log_base=None, log_level=None, verb_name='build', build_base='build', install_base='install', merge_install=False, symlink_install=True, test_result_base=None, continue_on_error=False, executor='parallel', parallel_workers=4, event_handlers=None, ignore_user_meta=False, metas=['./colcon.meta'], base_paths=['.'], packages_ignore=None, packages_ignore_regex=None, paths=None, packages_up_to=None, packages_up_to_regex=None, packages_above=None, packages_above_and_dependencies=None, packages_above_depth=None, packages_select_by_dep=None, packages_skip_by_dep=None, packages_skip_up_to=None, packages_select_build_failed=False, packages_skip_build_finished=False, packages_select_test_failures=False, packages_skip_test_passed=False, packages_select=['my_cobot_hardware_interface'], packages_skip=None, packages_select_regex=None, packages_skip_regex=None, packages_start=None, packages_end=None, allow_overriding=[], cmake_args=None, cmake_target=None, cmake_target_skip_unavailable=False, cmake_clean_cache=False, cmake_clean_first=False, cmake_force_configure=False, ament_cmake_args=None, catkin_cmake_args=None, catkin_skip_building_tests=False, verb_parser=<colcon_defaults.argument_parser.defaults.DefaultArgumentsDecorator object at 0xffff87c7f9d0>, verb_extension=<colcon_core.verb.build.BuildVerb object at 0xffff87c7f460>, main=<bound method BuildVerb.main of <colcon_core.verb.build.BuildVerb object at 0xffff87c7f460>>)
[2.062s] Level 1:colcon.colcon_core.package_discovery:discover_packages(colcon_meta) check parameters
[2.062s] Level 1:colcon.colcon_core.package_discovery:discover_packages(recursive) check parameters
[2.063s] Level 1:colcon.colcon_core.package_discovery:discover_packages(ignore) check parameters
[2.063s] Level 1:colcon.colcon_core.package_discovery:discover_packages(path) check parameters
[2.063s] Level 1:colcon.colcon_core.package_discovery:discover_packages(colcon_meta) discover
[2.063s] Level 1:colcon.colcon_core.package_discovery:discover_packages(recursive) discover
[2.063s] INFO:colcon.colcon_core.package_discovery:Crawling recursively for packages in '/home/lance/robot'
[2.064s] Level 1:colcon.colcon_core.package_identification:_identify(.) by extensions ['ignore', 'ignore_ament_install']
[2.064s] Level 1:colcon.colcon_core.package_identification:_identify(.) by extension 'ignore'
[2.064s] Level 1:colcon.colcon_core.package_identification:_identify(.) by extension 'ignore_ament_install'
[2.065s] Level 1:colcon.colcon_core.package_identification:_identify(.) by extensions ['colcon_pkg']
[2.065s] Level 1:colcon.colcon_core.package_identification:_identify(.) by extension 'colcon_pkg'
[2.065s] Level 1:colcon.colcon_core.package_identification:_identify(.) by extensions ['colcon_meta']
[2.065s] Level 1:colcon.colcon_core.package_identification:_identify(.) by extension 'colcon_meta'
[2.065s] Level 1:colcon.colcon_core.package_identification:_identify(.) by extensions ['ros']
[2.065s] Level 1:colcon.colcon_core.package_identification:_identify(.) by extension 'ros'
[2.112s] Level 1:colcon.colcon_core.package_identification:_identify(.) by extensions ['cmake', 'python']
[2.112s] Level 1:colcon.colcon_core.package_identification:_identify(.) by extension 'cmake'
[2.113s] Level 1:colcon.colcon_core.package_identification:_identify(.) by extension 'python'
[2.113s] Level 1:colcon.colcon_core.package_identification:_identify(.) by extensions ['python_setup_py']
[2.113s] Level 1:colcon.colcon_core.package_identification:_identify(.) by extension 'python_setup_py'
[2.113s] Level 1:colcon.colcon_core.package_identification:_identify(build) by extensions ['ignore', 'ignore_ament_install']
[2.114s] Level 1:colcon.colcon_core.package_identification:_identify(build) by extension 'ignore'
[2.114s] Level 1:colcon.colcon_core.package_identification:_identify(build) ignored
[2.115s] Level 1:colcon.colcon_core.package_identification:_identify(install) by extensions ['ignore', 'ignore_ament_install']
[2.115s] Level 1:colcon.colcon_core.package_identification:_identify(install) by extension 'ignore'
[2.115s] Level 1:colcon.colcon_core.package_identification:_identify(install) ignored
[2.116s] Level 1:colcon.colcon_core.package_identification:_identify(log) by extensions ['ignore', 'ignore_ament_install']
[2.116s] Level 1:colcon.colcon_core.package_identification:_identify(log) by extension 'ignore'
[2.116s] Level 1:colcon.colcon_core.package_identification:_identify(log) ignored
[2.117s] Level 1:colcon.colcon_core.package_identification:_identify(src) by extensions ['ignore', 'ignore_ament_install']
[2.117s] Level 1:colcon.colcon_core.package_identification:_identify(src) by extension 'ignore'
[2.117s] Level 1:colcon.colcon_core.package_identification:_identify(src) by extension 'ignore_ament_install'
[2.118s] Level 1:colcon.colcon_core.package_identification:_identify(src) by extensions ['colcon_pkg']
[2.118s] Level 1:colcon.colcon_core.package_identification:_identify(src) by extension 'colcon_pkg'
[2.118s] Level 1:colcon.colcon_core.package_identification:_identify(src) by extensions ['colcon_meta']
[2.118s] Level 1:colcon.colcon_core.package_identification:_identify(src) by extension 'colcon_meta'
[2.118s] Level 1:colcon.colcon_core.package_identification:_identify(src) by extensions ['ros']
[2.118s] Level 1:colcon.colcon_core.package_identification:_identify(src) by extension 'ros'
[2.119s] Level 1:colcon.colcon_core.package_identification:_identify(src) by extensions ['cmake', 'python']
[2.119s] Level 1:colcon.colcon_core.package_identification:_identify(src) by extension 'cmake'
[2.119s] Level 1:colcon.colcon_core.package_identification:_identify(src) by extension 'python'
[2.119s] Level 1:colcon.colcon_core.package_identification:_identify(src) by extensions ['python_setup_py']
[2.119s] Level 1:colcon.colcon_core.package_identification:_identify(src) by extension 'python_setup_py'
[2.120s] Level 1:colcon.colcon_core.package_identification:_identify(src/bringup) by extensions ['ignore', 'ignore_ament_install']
[2.120s] Level 1:colcon.colcon_core.package_identification:_identify(src/bringup) by extension 'ignore'
[2.120s] Level 1:colcon.colcon_core.package_identification:_identify(src/bringup) by extension 'ignore_ament_install'
[2.120s] Level 1:colcon.colcon_core.package_identification:_identify(src/bringup) by extensions ['colcon_pkg']
[2.120s] Level 1:colcon.colcon_core.package_identification:_identify(src/bringup) by extension 'colcon_pkg'
[2.121s] Level 1:colcon.colcon_core.package_identification:_identify(src/bringup) by extensions ['colcon_meta']
[2.121s] Level 1:colcon.colcon_core.package_identification:_identify(src/bringup) by extension 'colcon_meta'
[2.121s] Level 1:colcon.colcon_core.package_identification:_identify(src/bringup) by extensions ['ros']
[2.121s] Level 1:colcon.colcon_core.package_identification:_identify(src/bringup) by extension 'ros'
[2.129s] DEBUG:colcon.colcon_core.package_identification:Package 'src/bringup' with type 'ros.ament_python' and name 'bringup'
[2.130s] Level 1:colcon.colcon_core.package_identification:_identify(src/computer_vision) by extensions ['ignore', 'ignore_ament_install']
[2.130s] Level 1:colcon.colcon_core.package_identification:_identify(src/computer_vision) by extension 'ignore'
[2.131s] Level 1:colcon.colcon_core.package_identification:_identify(src/computer_vision) by extension 'ignore_ament_install'
[2.131s] Level 1:colcon.colcon_core.package_identification:_identify(src/computer_vision) by extensions ['colcon_pkg']
[2.131s] Level 1:colcon.colcon_core.package_identification:_identify(src/computer_vision) by extension 'colcon_pkg'
[2.131s] Level 1:colcon.colcon_core.package_identification:_identify(src/computer_vision) by extensions ['colcon_meta']
[2.131s] Level 1:colcon.colcon_core.package_identification:_identify(src/computer_vision) by extension 'colcon_meta'
[2.131s] Level 1:colcon.colcon_core.package_identification:_identify(src/computer_vision) by extensions ['ros']
[2.132s] Level 1:colcon.colcon_core.package_identification:_identify(src/computer_vision) by extension 'ros'
[2.134s] DEBUG:colcon.colcon_core.package_identification:Package 'src/computer_vision' with type 'ros.ament_python' and name 'computer_vision'
[2.135s] Level 1:colcon.colcon_core.package_identification:_identify(src/controllers) by extensions ['ignore', 'ignore_ament_install']
[2.135s] Level 1:colcon.colcon_core.package_identification:_identify(src/controllers) by extension 'ignore'
[2.136s] Level 1:colcon.colcon_core.package_identification:_identify(src/controllers) by extension 'ignore_ament_install'
[2.136s] Level 1:colcon.colcon_core.package_identification:_identify(src/controllers) by extensions ['colcon_pkg']
[2.136s] Level 1:colcon.colcon_core.package_identification:_identify(src/controllers) by extension 'colcon_pkg'
[2.136s] Level 1:colcon.colcon_core.package_identification:_identify(src/controllers) by extensions ['colcon_meta']
[2.136s] Level 1:colcon.colcon_core.package_identification:_identify(src/controllers) by extension 'colcon_meta'
[2.137s] Level 1:colcon.colcon_core.package_identification:_identify(src/controllers) by extensions ['ros']
[2.137s] Level 1:colcon.colcon_core.package_identification:_identify(src/controllers) by extension 'ros'
[2.139s] DEBUG:colcon.colcon_core.package_identification:Package 'src/controllers' with type 'ros.ament_python' and name 'controllers'
[2.140s] Level 1:colcon.colcon_core.package_identification:_identify(src/motion_planning) by extensions ['ignore', 'ignore_ament_install']
[2.140s] Level 1:colcon.colcon_core.package_identification:_identify(src/motion_planning) by extension 'ignore'
[2.140s] Level 1:colcon.colcon_core.package_identification:_identify(src/motion_planning) by extension 'ignore_ament_install'
[2.141s] Level 1:colcon.colcon_core.package_identification:_identify(src/motion_planning) by extensions ['colcon_pkg']
[2.141s] Level 1:colcon.colcon_core.package_identification:_identify(src/motion_planning) by extension 'colcon_pkg'
[2.141s] Level 1:colcon.colcon_core.package_identification:_identify(src/motion_planning) by extensions ['colcon_meta']
[2.141s] Level 1:colcon.colcon_core.package_identification:_identify(src/motion_planning) by extension 'colcon_meta'
[2.141s] Level 1:colcon.colcon_core.package_identification:_identify(src/motion_planning) by extensions ['ros']
[2.141s] Level 1:colcon.colcon_core.package_identification:_identify(src/motion_planning) by extension 'ros'
[2.144s] DEBUG:colcon.colcon_core.package_identification:Package 'src/motion_planning' with type 'ros.ament_python' and name 'motion_planning'
[2.144s] Level 1:colcon.colcon_core.package_identification:_identify(src/moveit_config) by extensions ['ignore', 'ignore_ament_install']
[2.145s] Level 1:colcon.colcon_core.package_identification:_identify(src/moveit_config) by extension 'ignore'
[2.145s] Level 1:colcon.colcon_core.package_identification:_identify(src/moveit_config) by extension 'ignore_ament_install'
[2.145s] Level 1:colcon.colcon_core.package_identification:_identify(src/moveit_config) by extensions ['colcon_pkg']
[2.145s] Level 1:colcon.colcon_core.package_identification:_identify(src/moveit_config) by extension 'colcon_pkg'
[2.145s] Level 1:colcon.colcon_core.package_identification:_identify(src/moveit_config) by extensions ['colcon_meta']
[2.146s] Level 1:colcon.colcon_core.package_identification:_identify(src/moveit_config) by extension 'colcon_meta'
[2.146s] Level 1:colcon.colcon_core.package_identification:_identify(src/moveit_config) by extensions ['ros']
[2.146s] Level 1:colcon.colcon_core.package_identification:_identify(src/moveit_config) by extension 'ros'
[2.149s] DEBUG:colcon.colcon_core.package_identification:Package 'src/moveit_config' with type 'ros.ament_cmake' and name 'moveit_config'
[2.150s] Level 1:colcon.colcon_core.package_identification:_identify(src/my_cobot_hardware_interface) by extensions ['ignore', 'ignore_ament_install']
[2.150s] Level 1:colcon.colcon_core.package_identification:_identify(src/my_cobot_hardware_interface) by extension 'ignore'
[2.150s] Level 1:colcon.colcon_core.package_identification:_identify(src/my_cobot_hardware_interface) by extension 'ignore_ament_install'
[2.151s] Level 1:colcon.colcon_core.package_identification:_identify(src/my_cobot_hardware_interface) by extensions ['colcon_pkg']
[2.151s] Level 1:colcon.colcon_core.package_identification:_identify(src/my_cobot_hardware_interface) by extension 'colcon_pkg'
[2.151s] Level 1:colcon.colcon_core.package_identification:_identify(src/my_cobot_hardware_interface) by extensions ['colcon_meta']
[2.151s] Level 1:colcon.colcon_core.package_identification:_identify(src/my_cobot_hardware_interface) by extension 'colcon_meta'
[2.151s] Level 1:colcon.colcon_core.package_identification:_identify(src/my_cobot_hardware_interface) by extensions ['ros']
[2.151s] Level 1:colcon.colcon_core.package_identification:_identify(src/my_cobot_hardware_interface) by extension 'ros'
[2.158s] DEBUG:colcon.colcon_core.package_identification:Package 'src/my_cobot_hardware_interface' with type 'ros.ament_cmake' and name 'my_cobot_hardware_interface'
[2.159s] Level 1:colcon.colcon_core.package_identification:_identify(src/my_cobot_interfaces) by extensions ['ignore', 'ignore_ament_install']
[2.159s] Level 1:colcon.colcon_core.package_identification:_identify(src/my_cobot_interfaces) by extension 'ignore'
[2.159s] Level 1:colcon.colcon_core.package_identification:_identify(src/my_cobot_interfaces) by extension 'ignore_ament_install'
[2.160s] Level 1:colcon.colcon_core.package_identification:_identify(src/my_cobot_interfaces) by extensions ['colcon_pkg']
[2.160s] Level 1:colcon.colcon_core.package_identification:_identify(src/my_cobot_interfaces) by extension 'colcon_pkg'
[2.160s] Level 1:colcon.colcon_core.package_identification:_identify(src/my_cobot_interfaces) by extensions ['colcon_meta']
[2.160s] Level 1:colcon.colcon_core.package_identification:_identify(src/my_cobot_interfaces) by extension 'colcon_meta'
[2.160s] Level 1:colcon.colcon_core.package_identification:_identify(src/my_cobot_interfaces) by extensions ['ros']
[2.160s] Level 1:colcon.colcon_core.package_identification:_identify(src/my_cobot_interfaces) by extension 'ros'
[2.162s] DEBUG:colcon.colcon_core.package_identification:Package 'src/my_cobot_interfaces' with type 'ros.ament_cmake' and name 'my_cobot_interfaces'
[2.163s] Level 1:colcon.colcon_core.package_identification:_identify(src/robot_description) by extensions ['ignore', 'ignore_ament_install']
[2.163s] Level 1:colcon.colcon_core.package_identification:_identify(src/robot_description) by extension 'ignore'
[2.163s] Level 1:colcon.colcon_core.package_identification:_identify(src/robot_description) by extension 'ignore_ament_install'
[2.164s] Level 1:colcon.colcon_core.package_identification:_identify(src/robot_description) by extensions ['colcon_pkg']
[2.164s] Level 1:colcon.colcon_core.package_identification:_identify(src/robot_description) by extension 'colcon_pkg'
[2.164s] Level 1:colcon.colcon_core.package_identification:_identify(src/robot_description) by extensions ['colcon_meta']
[2.164s] Level 1:colcon.colcon_core.package_identification:_identify(src/robot_description) by extension 'colcon_meta'
[2.164s] Level 1:colcon.colcon_core.package_identification:_identify(src/robot_description) by extensions ['ros']
[2.164s] Level 1:colcon.colcon_core.package_identification:_identify(src/robot_description) by extension 'ros'
[2.166s] DEBUG:colcon.colcon_core.package_identification:Package 'src/robot_description' with type 'ros.ament_python' and name 'robot_description'
[2.166s] Level 1:colcon.colcon_core.package_discovery:discover_packages(recursive) using defaults
[2.167s] Level 1:colcon.colcon_core.package_discovery:discover_packages(ignore) discover
[2.167s] Level 1:colcon.colcon_core.package_discovery:discover_packages(ignore) using defaults
[2.167s] Level 1:colcon.colcon_core.package_discovery:discover_packages(path) discover
[2.167s] Level 1:colcon.colcon_core.package_discovery:discover_packages(path) using defaults
[2.285s] INFO:colcon.colcon_core.package_selection:Skipping not selected package 'bringup' in 'src/bringup'
[2.286s] INFO:colcon.colcon_core.package_selection:Skipping not selected package 'computer_vision' in 'src/computer_vision'
[2.286s] INFO:colcon.colcon_core.package_selection:Skipping not selected package 'motion_planning' in 'src/motion_planning'
[2.286s] INFO:colcon.colcon_core.package_selection:Skipping not selected package 'my_cobot_interfaces' in 'src/my_cobot_interfaces'
[2.286s] INFO:colcon.colcon_core.package_selection:Skipping not selected package 'robot_description' in 'src/robot_description'
[2.286s] INFO:colcon.colcon_core.package_selection:Skipping not selected package 'controllers' in 'src/controllers'
[2.286s] INFO:colcon.colcon_core.package_selection:Skipping not selected package 'moveit_config' in 'src/moveit_config'
[2.290s] Level 1:colcon.colcon_core.package_discovery:discover_packages(prefix_path) check parameters
[2.290s] Level 1:colcon.colcon_core.package_discovery:discover_packages(prefix_path) discover
[2.309s] DEBUG:colcon.colcon_installed_package_information.package_discovery:Found 1 installed packages in /home/lance/moveit2_ws/install
[2.317s] DEBUG:colcon.colcon_installed_package_information.package_discovery:Found 8 installed packages in /home/lance/robot/install
[2.333s] DEBUG:colcon.colcon_installed_package_information.package_discovery:Found 345 installed packages in /opt/ros/humble
[2.341s] Level 1:colcon.colcon_core.package_discovery:discover_packages(prefix_path) using defaults
[2.655s] Level 5:colcon.colcon_core.verb:set package 'my_cobot_hardware_interface' build argument 'cmake_args' from command line to 'None'
[2.656s] Level 5:colcon.colcon_core.verb:set package 'my_cobot_hardware_interface' build argument 'cmake_target' from command line to 'None'
[2.656s] Level 5:colcon.colcon_core.verb:set package 'my_cobot_hardware_interface' build argument 'cmake_target_skip_unavailable' from command line to 'False'
[2.656s] Level 5:colcon.colcon_core.verb:set package 'my_cobot_hardware_interface' build argument 'cmake_clean_cache' from command line to 'False'
[2.656s] Level 5:colcon.colcon_core.verb:set package 'my_cobot_hardware_interface' build argument 'cmake_clean_first' from command line to 'False'
[2.656s] Level 5:colcon.colcon_core.verb:set package 'my_cobot_hardware_interface' build argument 'cmake_force_configure' from command line to 'False'
[2.656s] Level 5:colcon.colcon_core.verb:set package 'my_cobot_hardware_interface' build argument 'ament_cmake_args' from command line to 'None'
[2.656s] Level 5:colcon.colcon_core.verb:set package 'my_cobot_hardware_interface' build argument 'catkin_cmake_args' from command line to 'None'
[2.657s] Level 5:colcon.colcon_core.verb:set package 'my_cobot_hardware_interface' build argument 'catkin_skip_building_tests' from command line to 'False'
[2.657s] DEBUG:colcon.colcon_core.verb:Building package 'my_cobot_hardware_interface' with the following arguments: {'ament_cmake_args': None, 'build_base': '/home/lance/robot/build/my_cobot_hardware_interface', 'catkin_cmake_args': None, 'catkin_skip_building_tests': False, 'cmake_args': None, 'cmake_clean_cache': False, 'cmake_clean_first': False, 'cmake_force_configure': False, 'cmake_target': None, 'cmake_target_skip_unavailable': False, 'install_base': '/home/lance/robot/install/my_cobot_hardware_interface', 'merge_install': False, 'path': '/home/lance/robot/src/my_cobot_hardware_interface', 'symlink_install': True, 'test_result_base': None}
[2.663s] INFO:colcon.colcon_core.executor:Executing jobs using 'parallel' executor
[2.692s] DEBUG:colcon.colcon_parallel_executor.executor.parallel:run_until_complete
[2.693s] INFO:colcon.colcon_ros.task.ament_cmake.build:Building ROS package in '/home/lance/robot/src/my_cobot_hardware_interface' with build type 'ament_cmake'
[2.693s] INFO:colcon.colcon_cmake.task.cmake.build:Building CMake package in '/home/lance/robot/src/my_cobot_hardware_interface'
[2.734s] INFO:colcon.colcon_core.plugin_system:Skipping extension 'colcon_core.shell.bat': Not used on non-Windows systems
[2.735s] INFO:colcon.colcon_core.shell:Skip shell extension 'powershell' for command environment: Not usable outside of PowerShell
[2.735s] DEBUG:colcon.colcon_core.shell:Skip shell extension 'dsv' for command environment
[2.817s] DEBUG:colcon.colcon_core.event_handler.log_command:Invoking command in '/home/lance/robot/build/my_cobot_hardware_interface': CMAKE_PREFIX_PATH=/home/lance/robot/install/my_cobot_interfaces:/home/lance/robot/install/moveit_config:/home/lance/moveit2_ws/install:/home/lance/robot/install/robot_description:/home/lance/robot/install/controllers:/home/lance/robot/install/motion_planning:/home/lance/robot/install/computer_vision:/home/lance/robot/install/bringup:/opt/ros/humble /usr/bin/cmake /home/lance/robot/src/my_cobot_hardware_interface -DAMENT_CMAKE_SYMLINK_INSTALL=1 -DCMAKE_INSTALL_PREFIX=/home/lance/robot/install/my_cobot_hardware_interface
[7.872s] DEBUG:colcon.colcon_core.event_handler.log_command:Invoked command in '/home/lance/robot/build/my_cobot_hardware_interface' returned '1': CMAKE_PREFIX_PATH=/home/lance/robot/install/my_cobot_interfaces:/home/lance/robot/install/moveit_config:/home/lance/moveit2_ws/install:/home/lance/robot/install/robot_description:/home/lance/robot/install/controllers:/home/lance/robot/install/motion_planning:/home/lance/robot/install/computer_vision:/home/lance/robot/install/bringup:/opt/ros/humble /usr/bin/cmake /home/lance/robot/src/my_cobot_hardware_interface -DAMENT_CMAKE_SYMLINK_INSTALL=1 -DCMAKE_INSTALL_PREFIX=/home/lance/robot/install/my_cobot_hardware_interface
[7.923s] Level 1:colcon.colcon_core.environment:create_environment_scripts_only(my_cobot_hardware_interface)
[7.958s] Level 1:colcon.colcon_core.environment:checking '/home/lance/robot/install/my_cobot_hardware_interface' for CMake module files
[7.961s] Level 1:colcon.colcon_core.environment:checking '/home/lance/robot/install/my_cobot_hardware_interface' for CMake config files
[7.964s] Level 1:colcon.colcon_core.environment:checking '/home/lance/robot/install/my_cobot_hardware_interface/bin'
[7.964s] Level 1:colcon.colcon_core.environment:checking '/home/lance/robot/install/my_cobot_hardware_interface/lib/pkgconfig/my_cobot_hardware_interface.pc'
[7.965s] Level 1:colcon.colcon_core.environment:checking '/home/lance/robot/install/my_cobot_hardware_interface/lib/python3.10/site-packages'
[7.966s] Level 1:colcon.colcon_core.environment:checking '/home/lance/robot/install/my_cobot_hardware_interface/bin'
[7.979s] INFO:colcon.colcon_core.shell:Creating package script '/home/lance/robot/install/my_cobot_hardware_interface/share/my_cobot_hardware_interface/package.ps1'
[7.982s] INFO:colcon.colcon_core.shell:Creating package descriptor '/home/lance/robot/install/my_cobot_hardware_interface/share/my_cobot_hardware_interface/package.dsv'
[7.984s] INFO:colcon.colcon_core.shell:Creating package script '/home/lance/robot/install/my_cobot_hardware_interface/share/my_cobot_hardware_interface/package.sh'
[7.988s] INFO:colcon.colcon_core.shell:Creating package script '/home/lance/robot/install/my_cobot_hardware_interface/share/my_cobot_hardware_interface/package.bash'
[7.991s] INFO:colcon.colcon_core.shell:Creating package script '/home/lance/robot/install/my_cobot_hardware_interface/share/my_cobot_hardware_interface/package.zsh'
[7.994s] Level 1:colcon.colcon_core.environment:create_file_with_runtime_dependencies(/home/lance/robot/install/my_cobot_hardware_interface/share/colcon-core/packages/my_cobot_hardware_interface)
[8.006s] DEBUG:colcon.colcon_parallel_executor.executor.parallel:closing loop
[8.006s] DEBUG:colcon.colcon_parallel_executor.executor.parallel:loop closed
[8.007s] DEBUG:colcon.colcon_parallel_executor.executor.parallel:run_until_complete finished with '1'
[8.007s] DEBUG:colcon.colcon_core.event_reactor:joining thread
[8.041s] INFO:colcon.colcon_core.plugin_system:Skipping extension 'colcon_notification.desktop_notification.terminal_notifier': Not used on non-Darwin systems
[8.041s] INFO:colcon.colcon_core.plugin_system:Skipping extension 'colcon_notification.desktop_notification.win32': Not used on non-Windows systems
[8.042s] INFO:colcon.colcon_notification.desktop_notification:Sending desktop notification using 'notify2'
[8.097s] DEBUG:colcon.colcon_core.event_reactor:joined thread
[8.113s] INFO:colcon.colcon_core.shell:Creating prefix script '/home/lance/robot/install/local_setup.ps1'
[8.120s] INFO:colcon.colcon_core.shell:Creating prefix util module '/home/lance/robot/install/_local_setup_util_ps1.py'
[8.128s] INFO:colcon.colcon_core.shell:Creating prefix chain script '/home/lance/robot/install/setup.ps1'
[8.141s] INFO:colcon.colcon_core.shell:Creating prefix script '/home/lance/robot/install/local_setup.sh'
[8.146s] INFO:colcon.colcon_core.shell:Creating prefix util module '/home/lance/robot/install/_local_setup_util_sh.py'
[8.150s] INFO:colcon.colcon_core.shell:Creating prefix chain script '/home/lance/robot/install/setup.sh'
[8.164s] INFO:colcon.colcon_core.shell:Creating prefix script '/home/lance/robot/install/local_setup.bash'
[8.168s] INFO:colcon.colcon_core.shell:Creating prefix chain script '/home/lance/robot/install/setup.bash'
[8.182s] INFO:colcon.colcon_core.shell:Creating prefix script '/home/lance/robot/install/local_setup.zsh'
[8.185s] INFO:colcon.colcon_core.shell:Creating prefix chain script '/home/lance/robot/install/setup.zsh'
