[0.082s] Invoking command in '/home/lance/robot/build/moveit_config': AMENT_PREFIX_PATH=/home/lance/robot/install/robot_description:/home/lance/robot/install/moveit_config:/home/lance/robot/install/motion_planning:/home/lance/robot/install/description:/opt/ros/humble CMAKE_PREFIX_PATH=${CMAKE_PREFIX_PATH}:/home/lance/robot/install/robot_description:/home/lance/robot/install/motion_planning:/opt/ros/humble /usr/bin/cmake --build /home/lance/robot/build/moveit_config -- -j4 -l4
[0.217s] -- Found ament_cmake: 1.3.4 (/opt/ros/humble/share/ament_cmake/cmake)
[1.708s] -- Configuring done
[1.743s] -- Generating done
[1.749s] -- Build files have been written to: /home/lance/robot/build/moveit_config
[1.861s] Invoked command in '/home/lance/robot/build/moveit_config' returned '0': AMENT_PREFIX_PATH=/home/lance/robot/install/robot_description:/home/lance/robot/install/moveit_config:/home/lance/robot/install/motion_planning:/home/lance/robot/install/description:/opt/ros/humble CMAKE_PREFIX_PATH=${CMAKE_PREFIX_PATH}:/home/lance/robot/install/robot_description:/home/lance/robot/install/motion_planning:/opt/ros/humble /usr/bin/cmake --build /home/lance/robot/build/moveit_config -- -j4 -l4
[1.998s] Invoking command in '/home/lance/robot/build/moveit_config': AMENT_PREFIX_PATH=/home/lance/robot/install/robot_description:/home/lance/robot/install/moveit_config:/home/lance/robot/install/motion_planning:/home/lance/robot/install/description:/opt/ros/humble CMAKE_PREFIX_PATH=${CMAKE_PREFIX_PATH}:/home/lance/robot/install/robot_description:/home/lance/robot/install/motion_planning:/opt/ros/humble /usr/bin/cmake --install /home/lance/robot/build/moveit_config
[2.029s] -- Install configuration: ""
[2.030s] -- Up-to-date: /home/lance/robot/install/moveit_config/share/ament_index/resource_index/package_run_dependencies/moveit_config
[2.030s] -- Installing: /home/lance/robot/install/moveit_config/share/ament_index/resource_index/parent_prefix_path/moveit_config
[2.038s] -- Up-to-date: /home/lance/robot/install/moveit_config/share/moveit_config/environment/ament_prefix_path.sh
[2.041s] -- Installing: /home/lance/robot/install/moveit_config/share/moveit_config/environment/ament_prefix_path.dsv
[2.045s] -- Up-to-date: /home/lance/robot/install/moveit_config/share/moveit_config/environment/path.sh
[2.051s] -- Installing: /home/lance/robot/install/moveit_config/share/moveit_config/environment/path.dsv
[2.054s] -- Up-to-date: /home/lance/robot/install/moveit_config/share/moveit_config/local_setup.bash
[2.054s] -- Up-to-date: /home/lance/robot/install/moveit_config/share/moveit_config/local_setup.sh
[2.055s] -- Up-to-date: /home/lance/robot/install/moveit_config/share/moveit_config/local_setup.zsh
[2.057s] -- Installing: /home/lance/robot/install/moveit_config/share/moveit_config/local_setup.dsv
[2.058s] -- Installing: /home/lance/robot/install/moveit_config/share/moveit_config/package.dsv
[2.059s] -- Up-to-date: /home/lance/robot/install/moveit_config/share/ament_index/resource_index/packages/moveit_config
[2.059s] -- Up-to-date: /home/lance/robot/install/moveit_config/share/moveit_config/cmake/moveit_configConfig.cmake
[2.060s] -- Up-to-date: /home/lance/robot/install/moveit_config/share/moveit_config/cmake/moveit_configConfig-version.cmake
[2.060s] -- Installing: /home/lance/robot/install/moveit_config/share/moveit_config/package.xml
[2.061s] -- Up-to-date: /home/lance/robot/install/moveit_config/share/moveit_config/launch
[2.061s] -- Installing: /home/lance/robot/install/moveit_config/share/moveit_config/launch/static_virtual_joint_tfs.launch.py
[2.062s] -- Installing: /home/lance/robot/install/moveit_config/share/moveit_config/launch/demo.launch.py
[2.063s] -- Installing: /home/lance/robot/install/moveit_config/share/moveit_config/launch/warehouse_db.launch.py
[2.064s] -- Installing: /home/lance/robot/install/moveit_config/share/moveit_config/launch/moveit_rviz.launch.py
[2.065s] -- Installing: /home/lance/robot/install/moveit_config/share/moveit_config/launch/setup_assistant.launch.py
[2.066s] -- Installing: /home/lance/robot/install/moveit_config/share/moveit_config/launch/spawn_controllers.launch.py
[2.068s] -- Installing: /home/lance/robot/install/moveit_config/share/moveit_config/launch/move_group.launch.py
[2.069s] -- Installing: /home/lance/robot/install/moveit_config/share/moveit_config/launch/rsp.launch.py
[2.071s] -- Up-to-date: /home/lance/robot/install/moveit_config/share/moveit_config/config
[2.072s] -- Installing: /home/lance/robot/install/moveit_config/share/moveit_config/config/moveit_controllers.yaml
[2.073s] -- Installing: /home/lance/robot/install/moveit_config/share/moveit_config/config/mycobot_ai.srdf
[2.074s] -- Installing: /home/lance/robot/install/moveit_config/share/moveit_config/config/kinematics.yaml
[2.075s] -- Installing: /home/lance/robot/install/moveit_config/share/moveit_config/config/pilz_cartesian_limits.yaml
[2.077s] -- Up-to-date: /home/lance/robot/install/moveit_config/share/moveit_config/config/mycobot_ai.ros2_control.xacro
[2.077s] -- Installing: /home/lance/robot/install/moveit_config/share/moveit_config/config/joint_limits.yaml
[2.079s] -- Up-to-date: /home/lance/robot/install/moveit_config/share/moveit_config/config/mycobot_ai.urdf.xacro
[2.079s] -- Up-to-date: /home/lance/robot/install/moveit_config/share/moveit_config/config/initial_positions.yaml
[2.080s] -- Installing: /home/lance/robot/install/moveit_config/share/moveit_config/config/moveit.rviz
[2.080s] -- Installing: /home/lance/robot/install/moveit_config/share/moveit_config/config/ros2_controllers.yaml
[2.081s] -- Installing: /home/lance/robot/install/moveit_config/share/moveit_config/config/sensors_3d.yaml
[2.083s] -- Installing: /home/lance/robot/install/moveit_config/share/moveit_config/.setup_assistant
[2.102s] Invoked command in '/home/lance/robot/build/moveit_config' returned '0': AMENT_PREFIX_PATH=/home/lance/robot/install/robot_description:/home/lance/robot/install/moveit_config:/home/lance/robot/install/motion_planning:/home/lance/robot/install/description:/opt/ros/humble CMAKE_PREFIX_PATH=${CMAKE_PREFIX_PATH}:/home/lance/robot/install/robot_description:/home/lance/robot/install/motion_planning:/opt/ros/humble /usr/bin/cmake --install /home/lance/robot/build/moveit_config
