[9.276s] Invoking command in '/home/lance/robot/build/computer_vision': PYTHONPATH=/home/lance/robot/build/computer_vision/prefix_override:/home/lance/robot/install/computer_vision/lib/python3.10/site-packages:${PYTHONPATH} /usr/bin/python3 setup.py develop --uninstall --editable --build-directory /home/lance/robot/build/computer_vision/build
[11.651s] running develop
[13.525s] Invoked command in '/home/lance/robot/build/computer_vision' returned '0': PYTHONPATH=/home/lance/robot/build/computer_vision/prefix_override:/home/lance/robot/install/computer_vision/lib/python3.10/site-packages:${PYTHONPATH} /usr/bin/python3 setup.py develop --uninstall --editable --build-directory /home/lance/robot/build/computer_vision/build
[13.539s] Invoking command in '/home/lance/robot/src/computer_vision': PYTHONPATH=/home/lance/robot/build/computer_vision/prefix_override:/home/lance/robot/install/computer_vision/lib/python3.10/site-packages:${PYTHONPATH} /usr/bin/python3 setup.py egg_info --egg-base ../../build/computer_vision build --build-base /home/lance/robot/build/computer_vision/build install --record /home/lance/robot/build/computer_vision/install.log --single-version-externally-managed
[15.670s] running egg_info
[15.670s] writing ../../build/computer_vision/computer_vision.egg-info/PKG-INFO
[15.671s] writing dependency_links to ../../build/computer_vision/computer_vision.egg-info/dependency_links.txt
[15.672s] writing entry points to ../../build/computer_vision/computer_vision.egg-info/entry_points.txt
[15.672s] writing requirements to ../../build/computer_vision/computer_vision.egg-info/requires.txt
[15.673s] writing top-level names to ../../build/computer_vision/computer_vision.egg-info/top_level.txt
[15.673s] reading manifest file '../../build/computer_vision/computer_vision.egg-info/SOURCES.txt'
[15.674s] writing manifest file '../../build/computer_vision/computer_vision.egg-info/SOURCES.txt'
[15.675s] running build
[15.675s] running build_py
[15.676s] copying computer_vision/computer_vision.py -> /home/lance/robot/build/computer_vision/build/lib/computer_vision
[15.676s] running install
[15.677s] running install_lib
[15.677s] copying /home/lance/robot/build/computer_vision/build/lib/computer_vision/computer_vision.py -> /home/lance/robot/install/computer_vision/lib/python3.10/site-packages/computer_vision
[15.678s] byte-compiling /home/lance/robot/install/computer_vision/lib/python3.10/site-packages/computer_vision/computer_vision.py to computer_vision.cpython-310.pyc
[15.678s] running install_data
[15.679s] running install_egg_info
[15.680s] removing '/home/lance/robot/install/computer_vision/lib/python3.10/site-packages/computer_vision-0.0.0-py3.10.egg-info' (and everything under it)
[15.680s] Copying ../../build/computer_vision/computer_vision.egg-info to /home/lance/robot/install/computer_vision/lib/python3.10/site-packages/computer_vision-0.0.0-py3.10.egg-info
[15.681s] running install_scripts
[15.692s] Installing cv script to /home/lance/robot/install/computer_vision/lib/computer_vision
[15.695s] writing list of installed files to '/home/lance/robot/build/computer_vision/install.log'
[17.454s] Invoked command in '/home/lance/robot/src/computer_vision' returned '0': PYTHONPATH=/home/lance/robot/build/computer_vision/prefix_override:/home/lance/robot/install/computer_vision/lib/python3.10/site-packages:${PYTHONPATH} /usr/bin/python3 setup.py egg_info --egg-base ../../build/computer_vision build --build-base /home/lance/robot/build/computer_vision/build install --record /home/lance/robot/build/computer_vision/install.log --single-version-externally-managed
