[13.542s] Invoking command in '/home/lance/robot/src/bringup': PYTHONPATH=/home/lance/robot/build/bringup/prefix_override:/home/lance/robot/install/bringup/lib/python3.10/site-packages:${PYTHONPATH} /usr/bin/python3 setup.py egg_info --egg-base ../../build/bringup build --build-base /home/lance/robot/build/bringup/build install --record /home/lance/robot/build/bringup/install.log --single-version-externally-managed
[19.434s] running egg_info
[19.439s] creating ../../build/bringup/bringup.egg-info
[19.441s] writing ../../build/bringup/bringup.egg-info/PKG-INFO
[19.446s] writing dependency_links to ../../build/bringup/bringup.egg-info/dependency_links.txt
[19.447s] writing entry points to ../../build/bringup/bringup.egg-info/entry_points.txt
[19.449s] writing requirements to ../../build/bringup/bringup.egg-info/requires.txt
[19.450s] writing top-level names to ../../build/bringup/bringup.egg-info/top_level.txt
[19.451s] writing manifest file '../../build/bringup/bringup.egg-info/SOURCES.txt'
[19.462s] reading manifest file '../../build/bringup/bringup.egg-info/SOURCES.txt'
[19.466s] writing manifest file '../../build/bringup/bringup.egg-info/SOURCES.txt'
[19.469s] running build
[19.473s] running build_py
[19.473s] creating /home/lance/robot/build/bringup/build
[19.474s] creating /home/lance/robot/build/bringup/build/lib
[19.475s] creating /home/lance/robot/build/bringup/build/lib/bringup
[19.476s] copying bringup/__init__.py -> /home/lance/robot/build/bringup/build/lib/bringup
[19.477s] running install
[19.488s] running install_lib
[19.496s] running install_data
[19.497s] running install_egg_info
[19.525s] removing '/home/lance/robot/install/bringup/lib/python3.10/site-packages/bringup-0.0.0-py3.10.egg-info' (and everything under it)
[19.533s] Copying ../../build/bringup/bringup.egg-info to /home/lance/robot/install/bringup/lib/python3.10/site-packages/bringup-0.0.0-py3.10.egg-info
[19.555s] running install_scripts
[19.788s] writing list of installed files to '/home/lance/robot/build/bringup/install.log'
[20.365s] Invoked command in '/home/lance/robot/src/bringup' returned '0': PYTHONPATH=/home/lance/robot/build/bringup/prefix_override:/home/lance/robot/install/bringup/lib/python3.10/site-packages:${PYTHONPATH} /usr/bin/python3 setup.py egg_info --egg-base ../../build/bringup build --build-base /home/lance/robot/build/bringup/build install --record /home/lance/robot/build/bringup/install.log --single-version-externally-managed
