[1.953s] DEBUG:colcon:Command line arguments: ['/usr/bin/colcon', 'build', '--packages-select', 'my_cobot_hardware_interface', '--symlink-install']
[1.954s] DEBUG:colcon:Parsed command line arguments: Namespace(log_base=None, log_level=None, verb_name='build', build_base='build', install_base='install', merge_install=False, symlink_install=True, test_result_base=None, continue_on_error=False, executor='parallel', parallel_workers=4, event_handlers=None, ignore_user_meta=False, metas=['./colcon.meta'], base_paths=['.'], packages_ignore=None, packages_ignore_regex=None, paths=None, packages_up_to=None, packages_up_to_regex=None, packages_above=None, packages_above_and_dependencies=None, packages_above_depth=None, packages_select_by_dep=None, packages_skip_by_dep=None, packages_skip_up_to=None, packages_select_build_failed=False, packages_skip_build_finished=False, packages_select_test_failures=False, packages_skip_test_passed=False, packages_select=['my_cobot_hardware_interface'], packages_skip=None, packages_select_regex=None, packages_skip_regex=None, packages_start=None, packages_end=None, allow_overriding=[], cmake_args=None, cmake_target=None, cmake_target_skip_unavailable=False, cmake_clean_cache=False, cmake_clean_first=False, cmake_force_configure=False, ament_cmake_args=None, catkin_cmake_args=None, catkin_skip_building_tests=False, verb_parser=<colcon_defaults.argument_parser.defaults.DefaultArgumentsDecorator object at 0xffffb945ba00>, verb_extension=<colcon_core.verb.build.BuildVerb object at 0xffffb945b490>, main=<bound method BuildVerb.main of <colcon_core.verb.build.BuildVerb object at 0xffffb945b490>>)
[2.082s] Level 1:colcon.colcon_core.package_discovery:discover_packages(colcon_meta) check parameters
[2.082s] Level 1:colcon.colcon_core.package_discovery:discover_packages(recursive) check parameters
[2.083s] Level 1:colcon.colcon_core.package_discovery:discover_packages(ignore) check parameters
[2.083s] Level 1:colcon.colcon_core.package_discovery:discover_packages(path) check parameters
[2.083s] Level 1:colcon.colcon_core.package_discovery:discover_packages(colcon_meta) discover
[2.083s] Level 1:colcon.colcon_core.package_discovery:discover_packages(recursive) discover
[2.083s] INFO:colcon.colcon_core.package_discovery:Crawling recursively for packages in '/home/lance/robot'
[2.084s] Level 1:colcon.colcon_core.package_identification:_identify(.) by extensions ['ignore', 'ignore_ament_install']
[2.084s] Level 1:colcon.colcon_core.package_identification:_identify(.) by extension 'ignore'
[2.084s] Level 1:colcon.colcon_core.package_identification:_identify(.) by extension 'ignore_ament_install'
[2.085s] Level 1:colcon.colcon_core.package_identification:_identify(.) by extensions ['colcon_pkg']
[2.085s] Level 1:colcon.colcon_core.package_identification:_identify(.) by extension 'colcon_pkg'
[2.085s] Level 1:colcon.colcon_core.package_identification:_identify(.) by extensions ['colcon_meta']
[2.085s] Level 1:colcon.colcon_core.package_identification:_identify(.) by extension 'colcon_meta'
[2.085s] Level 1:colcon.colcon_core.package_identification:_identify(.) by extensions ['ros']
[2.085s] Level 1:colcon.colcon_core.package_identification:_identify(.) by extension 'ros'
[2.131s] Level 1:colcon.colcon_core.package_identification:_identify(.) by extensions ['cmake', 'python']
[2.132s] Level 1:colcon.colcon_core.package_identification:_identify(.) by extension 'cmake'
[2.132s] Level 1:colcon.colcon_core.package_identification:_identify(.) by extension 'python'
[2.132s] Level 1:colcon.colcon_core.package_identification:_identify(.) by extensions ['python_setup_py']
[2.132s] Level 1:colcon.colcon_core.package_identification:_identify(.) by extension 'python_setup_py'
[2.133s] Level 1:colcon.colcon_core.package_identification:_identify(build) by extensions ['ignore', 'ignore_ament_install']
[2.133s] Level 1:colcon.colcon_core.package_identification:_identify(build) by extension 'ignore'
[2.133s] Level 1:colcon.colcon_core.package_identification:_identify(build) ignored
[2.134s] Level 1:colcon.colcon_core.package_identification:_identify(install) by extensions ['ignore', 'ignore_ament_install']
[2.134s] Level 1:colcon.colcon_core.package_identification:_identify(install) by extension 'ignore'
[2.134s] Level 1:colcon.colcon_core.package_identification:_identify(install) ignored
[2.135s] Level 1:colcon.colcon_core.package_identification:_identify(log) by extensions ['ignore', 'ignore_ament_install']
[2.135s] Level 1:colcon.colcon_core.package_identification:_identify(log) by extension 'ignore'
[2.136s] Level 1:colcon.colcon_core.package_identification:_identify(log) ignored
[2.136s] Level 1:colcon.colcon_core.package_identification:_identify(src) by extensions ['ignore', 'ignore_ament_install']
[2.136s] Level 1:colcon.colcon_core.package_identification:_identify(src) by extension 'ignore'
[2.137s] Level 1:colcon.colcon_core.package_identification:_identify(src) by extension 'ignore_ament_install'
[2.137s] Level 1:colcon.colcon_core.package_identification:_identify(src) by extensions ['colcon_pkg']
[2.137s] Level 1:colcon.colcon_core.package_identification:_identify(src) by extension 'colcon_pkg'
[2.137s] Level 1:colcon.colcon_core.package_identification:_identify(src) by extensions ['colcon_meta']
[2.137s] Level 1:colcon.colcon_core.package_identification:_identify(src) by extension 'colcon_meta'
[2.137s] Level 1:colcon.colcon_core.package_identification:_identify(src) by extensions ['ros']
[2.137s] Level 1:colcon.colcon_core.package_identification:_identify(src) by extension 'ros'
[2.138s] Level 1:colcon.colcon_core.package_identification:_identify(src) by extensions ['cmake', 'python']
[2.138s] Level 1:colcon.colcon_core.package_identification:_identify(src) by extension 'cmake'
[2.138s] Level 1:colcon.colcon_core.package_identification:_identify(src) by extension 'python'
[2.138s] Level 1:colcon.colcon_core.package_identification:_identify(src) by extensions ['python_setup_py']
[2.138s] Level 1:colcon.colcon_core.package_identification:_identify(src) by extension 'python_setup_py'
[2.139s] Level 1:colcon.colcon_core.package_identification:_identify(src/bringup) by extensions ['ignore', 'ignore_ament_install']
[2.139s] Level 1:colcon.colcon_core.package_identification:_identify(src/bringup) by extension 'ignore'
[2.139s] Level 1:colcon.colcon_core.package_identification:_identify(src/bringup) by extension 'ignore_ament_install'
[2.139s] Level 1:colcon.colcon_core.package_identification:_identify(src/bringup) by extensions ['colcon_pkg']
[2.140s] Level 1:colcon.colcon_core.package_identification:_identify(src/bringup) by extension 'colcon_pkg'
[2.140s] Level 1:colcon.colcon_core.package_identification:_identify(src/bringup) by extensions ['colcon_meta']
[2.140s] Level 1:colcon.colcon_core.package_identification:_identify(src/bringup) by extension 'colcon_meta'
[2.140s] Level 1:colcon.colcon_core.package_identification:_identify(src/bringup) by extensions ['ros']
[2.140s] Level 1:colcon.colcon_core.package_identification:_identify(src/bringup) by extension 'ros'
[2.148s] DEBUG:colcon.colcon_core.package_identification:Package 'src/bringup' with type 'ros.ament_python' and name 'bringup'
[2.149s] Level 1:colcon.colcon_core.package_identification:_identify(src/computer_vision) by extensions ['ignore', 'ignore_ament_install']
[2.149s] Level 1:colcon.colcon_core.package_identification:_identify(src/computer_vision) by extension 'ignore'
[2.150s] Level 1:colcon.colcon_core.package_identification:_identify(src/computer_vision) by extension 'ignore_ament_install'
[2.150s] Level 1:colcon.colcon_core.package_identification:_identify(src/computer_vision) by extensions ['colcon_pkg']
[2.150s] Level 1:colcon.colcon_core.package_identification:_identify(src/computer_vision) by extension 'colcon_pkg'
[2.150s] Level 1:colcon.colcon_core.package_identification:_identify(src/computer_vision) by extensions ['colcon_meta']
[2.150s] Level 1:colcon.colcon_core.package_identification:_identify(src/computer_vision) by extension 'colcon_meta'
[2.151s] Level 1:colcon.colcon_core.package_identification:_identify(src/computer_vision) by extensions ['ros']
[2.151s] Level 1:colcon.colcon_core.package_identification:_identify(src/computer_vision) by extension 'ros'
[2.153s] DEBUG:colcon.colcon_core.package_identification:Package 'src/computer_vision' with type 'ros.ament_python' and name 'computer_vision'
[2.154s] Level 1:colcon.colcon_core.package_identification:_identify(src/controllers) by extensions ['ignore', 'ignore_ament_install']
[2.155s] Level 1:colcon.colcon_core.package_identification:_identify(src/controllers) by extension 'ignore'
[2.155s] Level 1:colcon.colcon_core.package_identification:_identify(src/controllers) by extension 'ignore_ament_install'
[2.155s] Level 1:colcon.colcon_core.package_identification:_identify(src/controllers) by extensions ['colcon_pkg']
[2.155s] Level 1:colcon.colcon_core.package_identification:_identify(src/controllers) by extension 'colcon_pkg'
[2.155s] Level 1:colcon.colcon_core.package_identification:_identify(src/controllers) by extensions ['colcon_meta']
[2.155s] Level 1:colcon.colcon_core.package_identification:_identify(src/controllers) by extension 'colcon_meta'
[2.156s] Level 1:colcon.colcon_core.package_identification:_identify(src/controllers) by extensions ['ros']
[2.156s] Level 1:colcon.colcon_core.package_identification:_identify(src/controllers) by extension 'ros'
[2.158s] DEBUG:colcon.colcon_core.package_identification:Package 'src/controllers' with type 'ros.ament_python' and name 'controllers'
[2.159s] Level 1:colcon.colcon_core.package_identification:_identify(src/motion_planning) by extensions ['ignore', 'ignore_ament_install']
[2.159s] Level 1:colcon.colcon_core.package_identification:_identify(src/motion_planning) by extension 'ignore'
[2.159s] Level 1:colcon.colcon_core.package_identification:_identify(src/motion_planning) by extension 'ignore_ament_install'
[2.160s] Level 1:colcon.colcon_core.package_identification:_identify(src/motion_planning) by extensions ['colcon_pkg']
[2.160s] Level 1:colcon.colcon_core.package_identification:_identify(src/motion_planning) by extension 'colcon_pkg'
[2.160s] Level 1:colcon.colcon_core.package_identification:_identify(src/motion_planning) by extensions ['colcon_meta']
[2.160s] Level 1:colcon.colcon_core.package_identification:_identify(src/motion_planning) by extension 'colcon_meta'
[2.160s] Level 1:colcon.colcon_core.package_identification:_identify(src/motion_planning) by extensions ['ros']
[2.160s] Level 1:colcon.colcon_core.package_identification:_identify(src/motion_planning) by extension 'ros'
[2.162s] DEBUG:colcon.colcon_core.package_identification:Package 'src/motion_planning' with type 'ros.ament_python' and name 'motion_planning'
[2.163s] Level 1:colcon.colcon_core.package_identification:_identify(src/moveit_config) by extensions ['ignore', 'ignore_ament_install']
[2.163s] Level 1:colcon.colcon_core.package_identification:_identify(src/moveit_config) by extension 'ignore'
[2.164s] Level 1:colcon.colcon_core.package_identification:_identify(src/moveit_config) by extension 'ignore_ament_install'
[2.164s] Level 1:colcon.colcon_core.package_identification:_identify(src/moveit_config) by extensions ['colcon_pkg']
[2.164s] Level 1:colcon.colcon_core.package_identification:_identify(src/moveit_config) by extension 'colcon_pkg'
[2.164s] Level 1:colcon.colcon_core.package_identification:_identify(src/moveit_config) by extensions ['colcon_meta']
[2.164s] Level 1:colcon.colcon_core.package_identification:_identify(src/moveit_config) by extension 'colcon_meta'
[2.165s] Level 1:colcon.colcon_core.package_identification:_identify(src/moveit_config) by extensions ['ros']
[2.165s] Level 1:colcon.colcon_core.package_identification:_identify(src/moveit_config) by extension 'ros'
[2.168s] DEBUG:colcon.colcon_core.package_identification:Package 'src/moveit_config' with type 'ros.ament_cmake' and name 'moveit_config'
[2.169s] Level 1:colcon.colcon_core.package_identification:_identify(src/my_cobot_hardware_interface) by extensions ['ignore', 'ignore_ament_install']
[2.169s] Level 1:colcon.colcon_core.package_identification:_identify(src/my_cobot_hardware_interface) by extension 'ignore'
[2.169s] Level 1:colcon.colcon_core.package_identification:_identify(src/my_cobot_hardware_interface) by extension 'ignore_ament_install'
[2.170s] Level 1:colcon.colcon_core.package_identification:_identify(src/my_cobot_hardware_interface) by extensions ['colcon_pkg']
[2.170s] Level 1:colcon.colcon_core.package_identification:_identify(src/my_cobot_hardware_interface) by extension 'colcon_pkg'
[2.170s] Level 1:colcon.colcon_core.package_identification:_identify(src/my_cobot_hardware_interface) by extensions ['colcon_meta']
[2.170s] Level 1:colcon.colcon_core.package_identification:_identify(src/my_cobot_hardware_interface) by extension 'colcon_meta'
[2.170s] Level 1:colcon.colcon_core.package_identification:_identify(src/my_cobot_hardware_interface) by extensions ['ros']
[2.170s] Level 1:colcon.colcon_core.package_identification:_identify(src/my_cobot_hardware_interface) by extension 'ros'
[2.177s] DEBUG:colcon.colcon_core.package_identification:Package 'src/my_cobot_hardware_interface' with type 'ros.catkin' and name 'my_cobot_hardware_interface'
[2.177s] Level 1:colcon.colcon_core.package_identification:_identify(src/my_cobot_interfaces) by extensions ['ignore', 'ignore_ament_install']
[2.178s] Level 1:colcon.colcon_core.package_identification:_identify(src/my_cobot_interfaces) by extension 'ignore'
[2.178s] Level 1:colcon.colcon_core.package_identification:_identify(src/my_cobot_interfaces) by extension 'ignore_ament_install'
[2.178s] Level 1:colcon.colcon_core.package_identification:_identify(src/my_cobot_interfaces) by extensions ['colcon_pkg']
[2.178s] Level 1:colcon.colcon_core.package_identification:_identify(src/my_cobot_interfaces) by extension 'colcon_pkg'
[2.178s] Level 1:colcon.colcon_core.package_identification:_identify(src/my_cobot_interfaces) by extensions ['colcon_meta']
[2.178s] Level 1:colcon.colcon_core.package_identification:_identify(src/my_cobot_interfaces) by extension 'colcon_meta'
[2.179s] Level 1:colcon.colcon_core.package_identification:_identify(src/my_cobot_interfaces) by extensions ['ros']
[2.179s] Level 1:colcon.colcon_core.package_identification:_identify(src/my_cobot_interfaces) by extension 'ros'
[2.181s] DEBUG:colcon.colcon_core.package_identification:Package 'src/my_cobot_interfaces' with type 'ros.ament_cmake' and name 'my_cobot_interfaces'
[2.182s] Level 1:colcon.colcon_core.package_identification:_identify(src/robot_description) by extensions ['ignore', 'ignore_ament_install']
[2.182s] Level 1:colcon.colcon_core.package_identification:_identify(src/robot_description) by extension 'ignore'
[2.182s] Level 1:colcon.colcon_core.package_identification:_identify(src/robot_description) by extension 'ignore_ament_install'
[2.182s] Level 1:colcon.colcon_core.package_identification:_identify(src/robot_description) by extensions ['colcon_pkg']
[2.182s] Level 1:colcon.colcon_core.package_identification:_identify(src/robot_description) by extension 'colcon_pkg'
[2.183s] Level 1:colcon.colcon_core.package_identification:_identify(src/robot_description) by extensions ['colcon_meta']
[2.183s] Level 1:colcon.colcon_core.package_identification:_identify(src/robot_description) by extension 'colcon_meta'
[2.183s] Level 1:colcon.colcon_core.package_identification:_identify(src/robot_description) by extensions ['ros']
[2.183s] Level 1:colcon.colcon_core.package_identification:_identify(src/robot_description) by extension 'ros'
[2.185s] DEBUG:colcon.colcon_core.package_identification:Package 'src/robot_description' with type 'ros.ament_python' and name 'robot_description'
[2.185s] Level 1:colcon.colcon_core.package_discovery:discover_packages(recursive) using defaults
[2.185s] Level 1:colcon.colcon_core.package_discovery:discover_packages(ignore) discover
[2.186s] Level 1:colcon.colcon_core.package_discovery:discover_packages(ignore) using defaults
[2.186s] Level 1:colcon.colcon_core.package_discovery:discover_packages(path) discover
[2.186s] Level 1:colcon.colcon_core.package_discovery:discover_packages(path) using defaults
[2.306s] INFO:colcon.colcon_core.package_selection:Skipping not selected package 'bringup' in 'src/bringup'
[2.306s] INFO:colcon.colcon_core.package_selection:Skipping not selected package 'computer_vision' in 'src/computer_vision'
[2.306s] INFO:colcon.colcon_core.package_selection:Skipping not selected package 'motion_planning' in 'src/motion_planning'
[2.306s] INFO:colcon.colcon_core.package_selection:Skipping not selected package 'my_cobot_interfaces' in 'src/my_cobot_interfaces'
[2.307s] INFO:colcon.colcon_core.package_selection:Skipping not selected package 'robot_description' in 'src/robot_description'
[2.307s] INFO:colcon.colcon_core.package_selection:Skipping not selected package 'controllers' in 'src/controllers'
[2.307s] INFO:colcon.colcon_core.package_selection:Skipping not selected package 'moveit_config' in 'src/moveit_config'
[2.311s] Level 1:colcon.colcon_core.package_discovery:discover_packages(prefix_path) check parameters
[2.311s] Level 1:colcon.colcon_core.package_discovery:discover_packages(prefix_path) discover
[2.330s] DEBUG:colcon.colcon_installed_package_information.package_discovery:Found 1 installed packages in /home/lance/moveit2_ws/install
[2.338s] DEBUG:colcon.colcon_installed_package_information.package_discovery:Found 8 installed packages in /home/lance/robot/install
[2.354s] DEBUG:colcon.colcon_installed_package_information.package_discovery:Found 345 installed packages in /opt/ros/humble
[2.362s] Level 1:colcon.colcon_core.package_discovery:discover_packages(prefix_path) using defaults
[2.676s] Level 5:colcon.colcon_core.verb:set package 'my_cobot_hardware_interface' build argument 'cmake_args' from command line to 'None'
[2.676s] Level 5:colcon.colcon_core.verb:set package 'my_cobot_hardware_interface' build argument 'cmake_target' from command line to 'None'
[2.676s] Level 5:colcon.colcon_core.verb:set package 'my_cobot_hardware_interface' build argument 'cmake_target_skip_unavailable' from command line to 'False'
[2.676s] Level 5:colcon.colcon_core.verb:set package 'my_cobot_hardware_interface' build argument 'cmake_clean_cache' from command line to 'False'
[2.677s] Level 5:colcon.colcon_core.verb:set package 'my_cobot_hardware_interface' build argument 'cmake_clean_first' from command line to 'False'
[2.677s] Level 5:colcon.colcon_core.verb:set package 'my_cobot_hardware_interface' build argument 'cmake_force_configure' from command line to 'False'
[2.677s] Level 5:colcon.colcon_core.verb:set package 'my_cobot_hardware_interface' build argument 'ament_cmake_args' from command line to 'None'
[2.677s] Level 5:colcon.colcon_core.verb:set package 'my_cobot_hardware_interface' build argument 'catkin_cmake_args' from command line to 'None'
[2.677s] Level 5:colcon.colcon_core.verb:set package 'my_cobot_hardware_interface' build argument 'catkin_skip_building_tests' from command line to 'False'
[2.677s] DEBUG:colcon.colcon_core.verb:Building package 'my_cobot_hardware_interface' with the following arguments: {'ament_cmake_args': None, 'build_base': '/home/lance/robot/build/my_cobot_hardware_interface', 'catkin_cmake_args': None, 'catkin_skip_building_tests': False, 'cmake_args': None, 'cmake_clean_cache': False, 'cmake_clean_first': False, 'cmake_force_configure': False, 'cmake_target': None, 'cmake_target_skip_unavailable': False, 'install_base': '/home/lance/robot/install/my_cobot_hardware_interface', 'merge_install': False, 'path': '/home/lance/robot/src/my_cobot_hardware_interface', 'symlink_install': True, 'test_result_base': None}
[2.684s] INFO:colcon.colcon_core.executor:Executing jobs using 'parallel' executor
[2.711s] DEBUG:colcon.colcon_parallel_executor.executor.parallel:run_until_complete
[2.713s] INFO:colcon.colcon_ros.task.catkin.build:Building ROS package in '/home/lance/robot/src/my_cobot_hardware_interface' with build type 'catkin'
[2.713s] INFO:colcon.colcon_cmake.task.cmake.build:Building CMake package in '/home/lance/robot/src/my_cobot_hardware_interface'
[2.744s] INFO:colcon.colcon_core.plugin_system:Skipping extension 'colcon_core.shell.bat': Not used on non-Windows systems
[2.745s] INFO:colcon.colcon_core.shell:Skip shell extension 'powershell' for command environment: Not usable outside of PowerShell
[2.745s] DEBUG:colcon.colcon_core.shell:Skip shell extension 'dsv' for command environment
[2.830s] DEBUG:colcon.colcon_core.event_handler.log_command:Invoking command in '/home/lance/robot/build/my_cobot_hardware_interface': CMAKE_PREFIX_PATH=/home/lance/robot/install/my_cobot_interfaces:/home/lance/robot/install/moveit_config:/home/lance/moveit2_ws/install /usr/bin/cmake --build /home/lance/robot/build/my_cobot_hardware_interface -- -j4 -l4
[9.123s] DEBUG:colcon.colcon_core.event_handler.log_command:Invoked command in '/home/lance/robot/build/my_cobot_hardware_interface' returned '2': CMAKE_PREFIX_PATH=/home/lance/robot/install/my_cobot_interfaces:/home/lance/robot/install/moveit_config:/home/lance/moveit2_ws/install /usr/bin/cmake --build /home/lance/robot/build/my_cobot_hardware_interface -- -j4 -l4
[9.264s] Level 1:colcon.colcon_core.shell:create_environment_hook('my_cobot_hardware_interface', 'ros_package_path')
[9.280s] INFO:colcon.colcon_core.shell:Creating environment hook '/home/lance/robot/install/my_cobot_hardware_interface/share/my_cobot_hardware_interface/hook/ros_package_path.ps1'
[9.284s] INFO:colcon.colcon_core.shell:Creating environment descriptor '/home/lance/robot/install/my_cobot_hardware_interface/share/my_cobot_hardware_interface/hook/ros_package_path.dsv'
[9.288s] INFO:colcon.colcon_core.shell:Creating environment hook '/home/lance/robot/install/my_cobot_hardware_interface/share/my_cobot_hardware_interface/hook/ros_package_path.sh'
[9.292s] Level 1:colcon.colcon_core.shell:create_environment_hook('my_cobot_hardware_interface', 'pkg_config_path')
[9.305s] INFO:colcon.colcon_core.shell:Creating environment hook '/home/lance/robot/install/my_cobot_hardware_interface/share/my_cobot_hardware_interface/hook/pkg_config_path.ps1'
[9.307s] INFO:colcon.colcon_core.shell:Creating environment descriptor '/home/lance/robot/install/my_cobot_hardware_interface/share/my_cobot_hardware_interface/hook/pkg_config_path.dsv'
[9.309s] INFO:colcon.colcon_core.shell:Creating environment hook '/home/lance/robot/install/my_cobot_hardware_interface/share/my_cobot_hardware_interface/hook/pkg_config_path.sh'
[9.323s] Level 1:colcon.colcon_core.shell:create_environment_hook('my_cobot_hardware_interface', 'pkg_config_path_multiarch')
[9.336s] INFO:colcon.colcon_core.shell:Creating environment hook '/home/lance/robot/install/my_cobot_hardware_interface/share/my_cobot_hardware_interface/hook/pkg_config_path_multiarch.ps1'
[9.338s] INFO:colcon.colcon_core.shell:Creating environment descriptor '/home/lance/robot/install/my_cobot_hardware_interface/share/my_cobot_hardware_interface/hook/pkg_config_path_multiarch.dsv'
[9.340s] INFO:colcon.colcon_core.shell:Creating environment hook '/home/lance/robot/install/my_cobot_hardware_interface/share/my_cobot_hardware_interface/hook/pkg_config_path_multiarch.sh'
[9.357s] Level 1:colcon.colcon_core.environment:create_environment_scripts_only(my_cobot_hardware_interface)
[9.391s] Level 1:colcon.colcon_core.environment:checking '/home/lance/robot/install/my_cobot_hardware_interface' for CMake module files
[9.393s] Level 1:colcon.colcon_core.environment:checking '/home/lance/robot/install/my_cobot_hardware_interface' for CMake config files
[9.396s] Level 1:colcon.colcon_core.environment:checking '/home/lance/robot/install/my_cobot_hardware_interface/bin'
[9.396s] Level 1:colcon.colcon_core.environment:checking '/home/lance/robot/install/my_cobot_hardware_interface/lib/pkgconfig/my_cobot_hardware_interface.pc'
[9.397s] Level 1:colcon.colcon_core.environment:checking '/home/lance/robot/install/my_cobot_hardware_interface/lib/python3.10/site-packages'
[9.398s] Level 1:colcon.colcon_core.environment:checking '/home/lance/robot/install/my_cobot_hardware_interface/bin'
[9.410s] INFO:colcon.colcon_core.shell:Creating package script '/home/lance/robot/install/my_cobot_hardware_interface/share/my_cobot_hardware_interface/package.ps1'
[9.414s] INFO:colcon.colcon_core.shell:Creating package descriptor '/home/lance/robot/install/my_cobot_hardware_interface/share/my_cobot_hardware_interface/package.dsv'
[9.417s] INFO:colcon.colcon_core.shell:Creating package script '/home/lance/robot/install/my_cobot_hardware_interface/share/my_cobot_hardware_interface/package.sh'
[9.421s] INFO:colcon.colcon_core.shell:Creating package script '/home/lance/robot/install/my_cobot_hardware_interface/share/my_cobot_hardware_interface/package.bash'
[9.424s] INFO:colcon.colcon_core.shell:Creating package script '/home/lance/robot/install/my_cobot_hardware_interface/share/my_cobot_hardware_interface/package.zsh'
[9.427s] Level 1:colcon.colcon_core.environment:create_file_with_runtime_dependencies(/home/lance/robot/install/my_cobot_hardware_interface/share/colcon-core/packages/my_cobot_hardware_interface)
[9.439s] DEBUG:colcon.colcon_parallel_executor.executor.parallel:closing loop
[9.440s] DEBUG:colcon.colcon_parallel_executor.executor.parallel:loop closed
[9.440s] DEBUG:colcon.colcon_parallel_executor.executor.parallel:run_until_complete finished with '2'
[9.441s] DEBUG:colcon.colcon_core.event_reactor:joining thread
[9.474s] INFO:colcon.colcon_core.plugin_system:Skipping extension 'colcon_notification.desktop_notification.terminal_notifier': Not used on non-Darwin systems
[9.474s] INFO:colcon.colcon_core.plugin_system:Skipping extension 'colcon_notification.desktop_notification.win32': Not used on non-Windows systems
[9.475s] INFO:colcon.colcon_notification.desktop_notification:Sending desktop notification using 'notify2'
[9.532s] DEBUG:colcon.colcon_core.event_reactor:joined thread
[9.548s] INFO:colcon.colcon_core.shell:Creating prefix script '/home/lance/robot/install/local_setup.ps1'
[9.555s] INFO:colcon.colcon_core.shell:Creating prefix util module '/home/lance/robot/install/_local_setup_util_ps1.py'
[9.563s] INFO:colcon.colcon_core.shell:Creating prefix chain script '/home/lance/robot/install/setup.ps1'
[9.575s] INFO:colcon.colcon_core.shell:Creating prefix script '/home/lance/robot/install/local_setup.sh'
[9.578s] INFO:colcon.colcon_core.shell:Creating prefix util module '/home/lance/robot/install/_local_setup_util_sh.py'
[9.581s] INFO:colcon.colcon_core.shell:Creating prefix chain script '/home/lance/robot/install/setup.sh'
[9.594s] INFO:colcon.colcon_core.shell:Creating prefix script '/home/lance/robot/install/local_setup.bash'
[9.597s] INFO:colcon.colcon_core.shell:Creating prefix chain script '/home/lance/robot/install/setup.bash'
[9.609s] INFO:colcon.colcon_core.shell:Creating prefix script '/home/lance/robot/install/local_setup.zsh'
[9.612s] INFO:colcon.colcon_core.shell:Creating prefix chain script '/home/lance/robot/install/setup.zsh'
