[0.132s] Invoking command in '/home/lance/robot/build/my_cobot_hardware_interface': CMAKE_PREFIX_PATH=/home/lance/robot/install/my_cobot_interfaces:/home/lance/robot/install/moveit_config:/home/lance/robot/install/robot_description:/home/lance/robot/install/controllers:/home/lance/robot/install/motion_planning:/home/lance/robot/install/computer_vision:/home/lance/robot/install/bringup:/opt/ros/humble:/home/lance/robot/install/my_cobot_hardware_interface:/home/lance/moveit2_ws/install LD_LIBRARY_PATH=/home/lance/robot/install/my_cobot_interfaces/lib:/home/lance/robot/install/my_cobot_hardware_interface/lib:/opt/ros/humble/opt/rviz_ogre_vendor/lib:/opt/ros/humble/lib/aarch64-linux-gnu:/opt/ros/humble/lib /usr/bin/cmake --build /home/lance/robot/build/my_cobot_hardware_interface -- -j4 -l4
[0.266s] -- Found ament_cmake: 1.3.4 (/opt/ros/humble/share/ament_cmake/cmake)
[1.110s] -- Found pluginlib: 5.1.0 (/opt/ros/humble/share/pluginlib/cmake)
[1.433s] -- Found rclcpp: 16.0.4 (/opt/ros/humble/share/rclcpp/cmake)
[1.520s] -- Found rosidl_generator_c: 3.1.4 (/opt/ros/humble/share/rosidl_generator_c/cmake)
[1.531s] -- Found rosidl_adapter: 3.1.4 (/opt/ros/humble/share/rosidl_adapter/cmake)
[1.563s] -- Found rosidl_generator_cpp: 3.1.4 (/opt/ros/humble/share/rosidl_generator_cpp/cmake)
[1.608s] -- Using all available rosidl_typesupport_c: rosidl_typesupport_fastrtps_c;rosidl_typesupport_introspection_c
[1.670s] -- Using all available rosidl_typesupport_cpp: rosidl_typesupport_fastrtps_cpp;rosidl_typesupport_introspection_cpp
[1.915s] -- Found rmw_implementation_cmake: 6.1.1 (/opt/ros/humble/share/rmw_implementation_cmake/cmake)
[1.922s] -- Found rmw_cyclonedds_cpp: 1.3.4 (/opt/ros/humble/share/rmw_cyclonedds_cpp/cmake)
[2.044s] -- Using RMW implementation 'rmw_cyclonedds_cpp' as default
[2.664s] -- Found hardware_interface: 2.26.0 (/opt/ros/humble/share/hardware_interface/cmake)
[4.722s] -- Found my_cobot_interfaces: 0.0.0 (/home/lance/robot/install/my_cobot_interfaces/share/my_cobot_interfaces/cmake)
[5.433s] -- Configuring done
[5.602s] -- Generating done
[5.610s] -- Build files have been written to: /home/lance/robot/build/my_cobot_hardware_interface
[5.737s] [35m[1mConsolidate compiler generated dependencies of target my_cobot_hardware_interface[0m
[5.839s] [ 50%] [32mBuilding CXX object CMakeFiles/my_cobot_hardware_interface.dir/src/MyCobotHardwareInterface.cpp.o[0m
[7.859s] [01m[K/home/lance/robot/src/my_cobot_hardware_interface/src/MyCobotHardwareInterface.cpp:35:10:[m[K [01;31m[Kfatal error: [m[KMyCobotHardwareInterface.hpp: No such file or directory
[7.860s]    35 | #include [01;31m[K"MyCobotHardwareInterface.hpp"[m[K
[7.860s]       |          [01;31m[K^~~~~~~~~~~~~~~~~~~~~~~~~~~~~~[m[K
[7.861s] compilation terminated.
[7.870s] gmake[2]: *** [CMakeFiles/my_cobot_hardware_interface.dir/build.make:76: CMakeFiles/my_cobot_hardware_interface.dir/src/MyCobotHardwareInterface.cpp.o] Error 1
[7.871s] gmake[1]: *** [CMakeFiles/Makefile2:137: CMakeFiles/my_cobot_hardware_interface.dir/all] Error 2
[7.872s] gmake: *** [Makefile:146: all] Error 2
[7.881s] Invoked command in '/home/lance/robot/build/my_cobot_hardware_interface' returned '2': CMAKE_PREFIX_PATH=/home/lance/robot/install/my_cobot_interfaces:/home/lance/robot/install/moveit_config:/home/lance/robot/install/robot_description:/home/lance/robot/install/controllers:/home/lance/robot/install/motion_planning:/home/lance/robot/install/computer_vision:/home/lance/robot/install/bringup:/opt/ros/humble:/home/lance/robot/install/my_cobot_hardware_interface:/home/lance/moveit2_ws/install LD_LIBRARY_PATH=/home/lance/robot/install/my_cobot_interfaces/lib:/home/lance/robot/install/my_cobot_hardware_interface/lib:/opt/ros/humble/opt/rviz_ogre_vendor/lib:/opt/ros/humble/lib/aarch64-linux-gnu:/opt/ros/humble/lib /usr/bin/cmake --build /home/lance/robot/build/my_cobot_hardware_interface -- -j4 -l4
