[6.770s] Invoking command in '/home/lance/robot/src/computer_vision': CMAKE_PREFIX_PATH=/home/lance/robot/install/my_cobot_interfaces:/home/lance/robot/install/moveit_config:/home/lance/robot/install/my_cobot_hardware_interface:/home/lance/moveit2_ws/install LD_LIBRARY_PATH=/home/lance/robot/install/my_cobot_interfaces/lib:/home/lance/robot/install/my_cobot_hardware_interface/lib:/opt/ros/humble/opt/rviz_ogre_vendor/lib:/opt/ros/humble/lib/aarch64-linux-gnu:/opt/ros/humble/lib PYTHONPATH=/home/lance/robot/build/computer_vision/prefix_override:/home/lance/robot/install/computer_vision/lib/python3.10/site-packages:${PYTHONPATH} /usr/bin/python3 setup.py egg_info --egg-base ../../build/computer_vision build --build-base /home/lance/robot/build/computer_vision/build install --record /home/lance/robot/build/computer_vision/install.log --single-version-externally-managed
[9.145s] running egg_info
[9.151s] writing ../../build/computer_vision/computer_vision.egg-info/PKG-INFO
[9.154s] writing dependency_links to ../../build/computer_vision/computer_vision.egg-info/dependency_links.txt
[9.155s] writing entry points to ../../build/computer_vision/computer_vision.egg-info/entry_points.txt
[9.156s] writing requirements to ../../build/computer_vision/computer_vision.egg-info/requires.txt
[9.157s] writing top-level names to ../../build/computer_vision/computer_vision.egg-info/top_level.txt
[9.168s] reading manifest file '../../build/computer_vision/computer_vision.egg-info/SOURCES.txt'
[9.172s] writing manifest file '../../build/computer_vision/computer_vision.egg-info/SOURCES.txt'
[9.173s] running build
[9.173s] running build_py
[9.174s] copying computer_vision/computer_vision.py -> /home/lance/robot/build/computer_vision/build/lib/computer_vision
[9.181s] running install
[9.183s] running install_lib
[9.187s] copying /home/lance/robot/build/computer_vision/build/lib/computer_vision/computer_vision.py -> /home/lance/robot/install/computer_vision/lib/python3.10/site-packages/computer_vision
[9.190s] byte-compiling /home/lance/robot/install/computer_vision/lib/python3.10/site-packages/computer_vision/computer_vision.py to computer_vision.cpython-310.pyc
[9.200s] running install_data
[9.204s] running install_egg_info
[9.212s] removing '/home/lance/robot/install/computer_vision/lib/python3.10/site-packages/computer_vision-0.0.0-py3.10.egg-info' (and everything under it)
[9.214s] Copying ../../build/computer_vision/computer_vision.egg-info to /home/lance/robot/install/computer_vision/lib/python3.10/site-packages/computer_vision-0.0.0-py3.10.egg-info
[9.221s] running install_scripts
[9.332s] Installing cv script to /home/lance/robot/install/computer_vision/lib/computer_vision
[9.335s] writing list of installed files to '/home/lance/robot/build/computer_vision/install.log'
[9.551s] Invoked command in '/home/lance/robot/src/computer_vision' returned '0': CMAKE_PREFIX_PATH=/home/lance/robot/install/my_cobot_interfaces:/home/lance/robot/install/moveit_config:/home/lance/robot/install/my_cobot_hardware_interface:/home/lance/moveit2_ws/install LD_LIBRARY_PATH=/home/lance/robot/install/my_cobot_interfaces/lib:/home/lance/robot/install/my_cobot_hardware_interface/lib:/opt/ros/humble/opt/rviz_ogre_vendor/lib:/opt/ros/humble/lib/aarch64-linux-gnu:/opt/ros/humble/lib PYTHONPATH=/home/lance/robot/build/computer_vision/prefix_override:/home/lance/robot/install/computer_vision/lib/python3.10/site-packages:${PYTHONPATH} /usr/bin/python3 setup.py egg_info --egg-base ../../build/computer_vision build --build-base /home/lance/robot/build/computer_vision/build install --record /home/lance/robot/build/computer_vision/install.log --single-version-externally-managed
