[0.264s] Invoking command in '/home/lance/robot/build/description': CMAKE_PREFIX_PATH=${CMAKE_PREFIX_PATH}:/home/lance/robot/install/robot_description:/home/lance/robot/install/motion_planning:/opt/ros/humble /usr/bin/cmake --build /home/lance/robot/build/description -- -j4 -l4
[1.931s] Invoked command in '/home/lance/robot/build/description' returned '0': CMAKE_PREFIX_PATH=${CMAKE_PREFIX_PATH}:/home/lance/robot/install/robot_description:/home/lance/robot/install/motion_planning:/opt/ros/humble /usr/bin/cmake --build /home/lance/robot/build/description -- -j4 -l4
[3.621s] Invoking command in '/home/lance/robot/build/description': CMAKE_PREFIX_PATH=${CMAKE_PREFIX_PATH}:/home/lance/robot/install/robot_description:/home/lance/robot/install/motion_planning:/opt/ros/humble /usr/bin/cmake --install /home/lance/robot/build/description
[3.689s] -- Install configuration: ""
[3.690s] -- Up-to-date: /home/lance/robot/install/description/share/ament_index/resource_index/package_run_dependencies/description
[3.691s] -- Up-to-date: /home/lance/robot/install/description/share/ament_index/resource_index/parent_prefix_path/description
[3.692s] -- Up-to-date: /home/lance/robot/install/description/share/description/environment/ament_prefix_path.sh
[3.692s] -- Up-to-date: /home/lance/robot/install/description/share/description/environment/ament_prefix_path.dsv
[3.693s] -- Up-to-date: /home/lance/robot/install/description/share/description/environment/path.sh
[3.694s] -- Up-to-date: /home/lance/robot/install/description/share/description/environment/path.dsv
[3.695s] -- Up-to-date: /home/lance/robot/install/description/share/description/local_setup.bash
[3.696s] -- Up-to-date: /home/lance/robot/install/description/share/description/local_setup.sh
[3.697s] -- Up-to-date: /home/lance/robot/install/description/share/description/local_setup.zsh
[3.698s] -- Up-to-date: /home/lance/robot/install/description/share/description/local_setup.dsv
[3.699s] -- Installing: /home/lance/robot/install/description/share/description/package.dsv
[3.700s] -- Up-to-date: /home/lance/robot/install/description/share/ament_index/resource_index/packages/description
[3.701s] -- Up-to-date: /home/lance/robot/install/description/share/description/cmake/descriptionConfig.cmake
[3.701s] -- Up-to-date: /home/lance/robot/install/description/share/description/cmake/descriptionConfig-version.cmake
[3.702s] -- Up-to-date: /home/lance/robot/install/description/share/description/package.xml
[3.726s] Invoked command in '/home/lance/robot/build/description' returned '0': CMAKE_PREFIX_PATH=${CMAKE_PREFIX_PATH}:/home/lance/robot/install/robot_description:/home/lance/robot/install/motion_planning:/opt/ros/humble /usr/bin/cmake --install /home/lance/robot/build/description
