[11.281s] Invoking command in '/home/lance/robot/src/computer_vision': PYTHONPATH=/home/lance/robot/build/computer_vision/prefix_override:/home/lance/robot/install/computer_vision/lib/python3.10/site-packages:${PYTHONPATH} /usr/bin/python3 setup.py egg_info --egg-base ../../build/computer_vision build --build-base /home/lance/robot/build/computer_vision/build install --record /home/lance/robot/build/computer_vision/install.log --single-version-externally-managed
[13.901s] running egg_info
[13.907s] writing ../../build/computer_vision/computer_vision.egg-info/PKG-INFO
[13.910s] writing dependency_links to ../../build/computer_vision/computer_vision.egg-info/dependency_links.txt
[13.914s] writing entry points to ../../build/computer_vision/computer_vision.egg-info/entry_points.txt
[13.918s] writing requirements to ../../build/computer_vision/computer_vision.egg-info/requires.txt
[13.921s] writing top-level names to ../../build/computer_vision/computer_vision.egg-info/top_level.txt
[13.934s] reading manifest file '../../build/computer_vision/computer_vision.egg-info/SOURCES.txt'
[13.944s] writing manifest file '../../build/computer_vision/computer_vision.egg-info/SOURCES.txt'
[13.948s] running build
[13.949s] running build_py
[13.954s] running install
[13.959s] running install_lib
[13.972s] running install_data
[13.977s] running install_egg_info
[13.992s] removing '/home/lance/robot/install/computer_vision/lib/python3.10/site-packages/computer_vision-0.0.0-py3.10.egg-info' (and everything under it)
[13.996s] Copying ../../build/computer_vision/computer_vision.egg-info to /home/lance/robot/install/computer_vision/lib/python3.10/site-packages/computer_vision-0.0.0-py3.10.egg-info
[14.008s] running install_scripts
[14.186s] Installing cv script to /home/lance/robot/install/computer_vision/lib/computer_vision
[14.192s] writing list of installed files to '/home/lance/robot/build/computer_vision/install.log'
[14.664s] Invoked command in '/home/lance/robot/src/computer_vision' returned '0': PYTHONPATH=/home/lance/robot/build/computer_vision/prefix_override:/home/lance/robot/install/computer_vision/lib/python3.10/site-packages:${PYTHONPATH} /usr/bin/python3 setup.py egg_info --egg-base ../../build/computer_vision build --build-base /home/lance/robot/build/computer_vision/build install --record /home/lance/robot/build/computer_vision/install.log --single-version-externally-managed
