[0.091s] Invoking command in '/home/lance/robot/build/moveit_config': AMENT_PREFIX_PATH=/home/lance/robot/install/robot_description:${AMENT_PREFIX_PATH} CMAKE_PREFIX_PATH=/opt/ros/humble PYTHONPATH=/home/lance/robot/install/robot_description/lib/python3.10/site-packages:${PYTHONPATH} /usr/bin/cmake /home/lance/robot/src/moveit_config -DCMAKE_INSTALL_PREFIX=/home/lance/robot/install/moveit_config
[0.961s] -- The C compiler identification is GNU 11.3.0
[1.759s] -- The CXX compiler identification is GNU 11.3.0
[1.810s] -- Detecting C compiler ABI info
[2.259s] -- Detecting C compiler ABI info - done
[2.289s] -- Check for working C compiler: /usr/bin/cc - skipped
[2.327s] -- Detecting C compile features
[2.333s] -- Detecting C compile features - done
[2.356s] -- Detecting CXX compiler ABI info
[2.840s] -- Detecting CXX compiler ABI info - done
[2.873s] -- Check for working CXX compiler: /usr/bin/c++ - skipped
[2.874s] -- Detecting CXX compile features
[2.876s] -- Detecting CXX compile features - done
[2.915s] -- Found ament_cmake: 1.3.4 (/opt/ros/humble/share/ament_cmake/cmake)
[4.082s] -- Found Python3: /usr/bin/python3.10 (found version "3.10.6") found components: Interpreter 
[5.289s] -- Configuring done
[5.308s] -- Generating done
[5.313s] -- Build files have been written to: /home/lance/robot/build/moveit_config
[5.330s] Invoked command in '/home/lance/robot/build/moveit_config' returned '0': AMENT_PREFIX_PATH=/home/lance/robot/install/robot_description:${AMENT_PREFIX_PATH} CMAKE_PREFIX_PATH=/opt/ros/humble PYTHONPATH=/home/lance/robot/install/robot_description/lib/python3.10/site-packages:${PYTHONPATH} /usr/bin/cmake /home/lance/robot/src/moveit_config -DCMAKE_INSTALL_PREFIX=/home/lance/robot/install/moveit_config
[5.341s] Invoking command in '/home/lance/robot/build/moveit_config': AMENT_PREFIX_PATH=/home/lance/robot/install/robot_description:${AMENT_PREFIX_PATH} CMAKE_PREFIX_PATH=/opt/ros/humble PYTHONPATH=/home/lance/robot/install/robot_description/lib/python3.10/site-packages:${PYTHONPATH} /usr/bin/cmake --build /home/lance/robot/build/moveit_config -- -j4 -l4
[5.538s] Invoked command in '/home/lance/robot/build/moveit_config' returned '0': AMENT_PREFIX_PATH=/home/lance/robot/install/robot_description:${AMENT_PREFIX_PATH} CMAKE_PREFIX_PATH=/opt/ros/humble PYTHONPATH=/home/lance/robot/install/robot_description/lib/python3.10/site-packages:${PYTHONPATH} /usr/bin/cmake --build /home/lance/robot/build/moveit_config -- -j4 -l4
[5.732s] Invoking command in '/home/lance/robot/build/moveit_config': AMENT_PREFIX_PATH=/home/lance/robot/install/robot_description:${AMENT_PREFIX_PATH} CMAKE_PREFIX_PATH=/opt/ros/humble PYTHONPATH=/home/lance/robot/install/robot_description/lib/python3.10/site-packages:${PYTHONPATH} /usr/bin/cmake --install /home/lance/robot/build/moveit_config
[5.769s] -- Install configuration: ""
[5.774s] -- Installing: /home/lance/robot/install/moveit_config/share/ament_index/resource_index/package_run_dependencies/moveit_config
[5.779s] -- Installing: /home/lance/robot/install/moveit_config/share/ament_index/resource_index/parent_prefix_path/moveit_config
[5.781s] -- Installing: /home/lance/robot/install/moveit_config/share/moveit_config/environment/ament_prefix_path.sh
[5.782s] -- Installing: /home/lance/robot/install/moveit_config/share/moveit_config/environment/ament_prefix_path.dsv
[5.783s] -- Installing: /home/lance/robot/install/moveit_config/share/moveit_config/environment/path.sh
[5.784s] -- Installing: /home/lance/robot/install/moveit_config/share/moveit_config/environment/path.dsv
[5.785s] -- Installing: /home/lance/robot/install/moveit_config/share/moveit_config/local_setup.bash
[5.786s] -- Installing: /home/lance/robot/install/moveit_config/share/moveit_config/local_setup.sh
[5.787s] -- Installing: /home/lance/robot/install/moveit_config/share/moveit_config/local_setup.zsh
[5.789s] -- Installing: /home/lance/robot/install/moveit_config/share/moveit_config/local_setup.dsv
[5.790s] -- Installing: /home/lance/robot/install/moveit_config/share/moveit_config/package.dsv
[5.791s] -- Installing: /home/lance/robot/install/moveit_config/share/ament_index/resource_index/packages/moveit_config
[5.793s] -- Installing: /home/lance/robot/install/moveit_config/share/moveit_config/cmake/moveit_configConfig.cmake
[5.794s] -- Installing: /home/lance/robot/install/moveit_config/share/moveit_config/cmake/moveit_configConfig-version.cmake
[5.795s] -- Installing: /home/lance/robot/install/moveit_config/share/moveit_config/package.xml
[5.796s] -- Installing: /home/lance/robot/install/moveit_config/share/moveit_config/launch
[5.796s] -- Installing: /home/lance/robot/install/moveit_config/share/moveit_config/launch/static_virtual_joint_tfs.launch.py
[5.797s] -- Installing: /home/lance/robot/install/moveit_config/share/moveit_config/launch/demo.launch.py
[5.799s] -- Installing: /home/lance/robot/install/moveit_config/share/moveit_config/launch/warehouse_db.launch.py
[5.800s] -- Installing: /home/lance/robot/install/moveit_config/share/moveit_config/launch/moveit_rviz.launch.py
[5.801s] -- Installing: /home/lance/robot/install/moveit_config/share/moveit_config/launch/setup_assistant.launch.py
[5.802s] -- Installing: /home/lance/robot/install/moveit_config/share/moveit_config/launch/spawn_controllers.launch.py
[5.803s] -- Installing: /home/lance/robot/install/moveit_config/share/moveit_config/launch/move_group.launch.py
[5.804s] -- Installing: /home/lance/robot/install/moveit_config/share/moveit_config/launch/rsp.launch.py
[5.806s] -- Installing: /home/lance/robot/install/moveit_config/share/moveit_config/config
[5.808s] -- Installing: /home/lance/robot/install/moveit_config/share/moveit_config/config/moveit_controllers.yaml
[5.809s] -- Installing: /home/lance/robot/install/moveit_config/share/moveit_config/config/mycobot_ai.srdf
[5.811s] -- Installing: /home/lance/robot/install/moveit_config/share/moveit_config/config/kinematics.yaml
[5.812s] -- Installing: /home/lance/robot/install/moveit_config/share/moveit_config/config/pilz_cartesian_limits.yaml
[5.813s] -- Installing: /home/lance/robot/install/moveit_config/share/moveit_config/config/mycobot_ai.ros2_control.xacro
[5.814s] -- Installing: /home/lance/robot/install/moveit_config/share/moveit_config/config/joint_limits.yaml
[5.815s] -- Installing: /home/lance/robot/install/moveit_config/share/moveit_config/config/mycobot_ai.urdf.xacro
[5.816s] -- Installing: /home/lance/robot/install/moveit_config/share/moveit_config/config/initial_positions.yaml
[5.818s] -- Installing: /home/lance/robot/install/moveit_config/share/moveit_config/config/moveit.rviz
[5.819s] -- Installing: /home/lance/robot/install/moveit_config/share/moveit_config/config/ros2_controllers.yaml
[5.821s] -- Installing: /home/lance/robot/install/moveit_config/share/moveit_config/.setup_assistant
[5.835s] Invoked command in '/home/lance/robot/build/moveit_config' returned '0': AMENT_PREFIX_PATH=/home/lance/robot/install/robot_description:${AMENT_PREFIX_PATH} CMAKE_PREFIX_PATH=/opt/ros/humble PYTHONPATH=/home/lance/robot/install/robot_description/lib/python3.10/site-packages:${PYTHONPATH} /usr/bin/cmake --install /home/lance/robot/build/moveit_config
