[5.751s] Invoking command in '/home/lance/robot/build/motion_planning': PYTHONPATH=/home/lance/robot/build/motion_planning/prefix_override:/home/lance/robot/install/motion_planning/lib/python3.10/site-packages:${PYTHONPATH} /usr/bin/python3 setup.py develop --uninstall --editable --build-directory /home/lance/robot/build/motion_planning/build
[8.576s] running develop
[12.140s] Invoked command in '/home/lance/robot/build/motion_planning' returned '0': PYTHONPATH=/home/lance/robot/build/motion_planning/prefix_override:/home/lance/robot/install/motion_planning/lib/python3.10/site-packages:${PYTHONPATH} /usr/bin/python3 setup.py develop --uninstall --editable --build-directory /home/lance/robot/build/motion_planning/build
[12.142s] Invoking command in '/home/lance/robot/src/motion_planning': PYTHONPATH=/home/lance/robot/build/motion_planning/prefix_override:/home/lance/robot/install/motion_planning/lib/python3.10/site-packages:${PYTHONPATH} /usr/bin/python3 setup.py egg_info --egg-base ../../build/motion_planning build --build-base /home/lance/robot/build/motion_planning/build install --record /home/lance/robot/build/motion_planning/install.log --single-version-externally-managed
[14.119s] running egg_info
[14.122s] writing ../../build/motion_planning/motion_planning.egg-info/PKG-INFO
[14.123s] writing dependency_links to ../../build/motion_planning/motion_planning.egg-info/dependency_links.txt
[14.124s] writing entry points to ../../build/motion_planning/motion_planning.egg-info/entry_points.txt
[14.125s] writing requirements to ../../build/motion_planning/motion_planning.egg-info/requires.txt
[14.126s] writing top-level names to ../../build/motion_planning/motion_planning.egg-info/top_level.txt
[14.141s] reading manifest file '../../build/motion_planning/motion_planning.egg-info/SOURCES.txt'
[14.143s] writing manifest file '../../build/motion_planning/motion_planning.egg-info/SOURCES.txt'
[14.144s] running build
[14.145s] running build_py
[14.147s] running install
[14.148s] running install_lib
[14.155s] running install_data
[14.158s] running install_egg_info
[14.167s] removing '/home/lance/robot/install/motion_planning/lib/python3.10/site-packages/motion_planning-0.0.0-py3.10.egg-info' (and everything under it)
[14.169s] Copying ../../build/motion_planning/motion_planning.egg-info to /home/lance/robot/install/motion_planning/lib/python3.10/site-packages/motion_planning-0.0.0-py3.10.egg-info
[14.176s] running install_scripts
[14.273s] Installing mp script to /home/lance/robot/install/motion_planning/lib/motion_planning
[14.275s] writing list of installed files to '/home/lance/robot/build/motion_planning/install.log'
