[10.237s] Invoking command in '/home/lance/robot/build/bringup': PYTHONPATH=/home/lance/robot/build/bringup/prefix_override:/home/lance/robot/install/bringup/lib/python3.10/site-packages:${PYTHONPATH} /usr/bin/python3 setup.py develop --uninstall --editable --build-directory /home/lance/robot/build/bringup/build
[12.466s] running develop
[14.609s] Invoked command in '/home/lance/robot/build/bringup' returned '0': PYTHONPATH=/home/lance/robot/build/bringup/prefix_override:/home/lance/robot/install/bringup/lib/python3.10/site-packages:${PYTHONPATH} /usr/bin/python3 setup.py develop --uninstall --editable --build-directory /home/lance/robot/build/bringup/build
[14.620s] Invoking command in '/home/lance/robot/src/bringup': PYTHONPATH=/home/lance/robot/build/bringup/prefix_override:/home/lance/robot/install/bringup/lib/python3.10/site-packages:${PYTHONPATH} /usr/bin/python3 setup.py egg_info --egg-base ../../build/bringup build --build-base /home/lance/robot/build/bringup/build install --record /home/lance/robot/build/bringup/install.log --single-version-externally-managed
[16.981s] running egg_info
[16.991s] writing ../../build/bringup/bringup.egg-info/PKG-INFO
[16.993s] writing dependency_links to ../../build/bringup/bringup.egg-info/dependency_links.txt
[16.995s] writing entry points to ../../build/bringup/bringup.egg-info/entry_points.txt
[16.997s] writing requirements to ../../build/bringup/bringup.egg-info/requires.txt
[16.998s] writing top-level names to ../../build/bringup/bringup.egg-info/top_level.txt
[17.011s] reading manifest file '../../build/bringup/bringup.egg-info/SOURCES.txt'
[17.017s] writing manifest file '../../build/bringup/bringup.egg-info/SOURCES.txt'
[17.018s] running build
[17.019s] running build_py
[17.020s] running install
[17.022s] running install_lib
[17.029s] running install_data
[17.034s] running install_egg_info
[17.044s] removing '/home/lance/robot/install/bringup/lib/python3.10/site-packages/bringup-0.0.0-py3.10.egg-info' (and everything under it)
[17.046s] Copying ../../build/bringup/bringup.egg-info to /home/lance/robot/install/bringup/lib/python3.10/site-packages/bringup-0.0.0-py3.10.egg-info
[17.055s] running install_scripts
[17.227s] writing list of installed files to '/home/lance/robot/build/bringup/install.log'
[17.803s] Invoked command in '/home/lance/robot/src/bringup' returned '0': PYTHONPATH=/home/lance/robot/build/bringup/prefix_override:/home/lance/robot/install/bringup/lib/python3.10/site-packages:${PYTHONPATH} /usr/bin/python3 setup.py egg_info --egg-base ../../build/bringup build --build-base /home/lance/robot/build/bringup/build install --record /home/lance/robot/build/bringup/install.log --single-version-externally-managed
