/home/lance/robot/install/controllers/lib/python3.10/site-packages/controllers/follow_trajectory_controller.py
/home/lance/robot/install/controllers/lib/python3.10/site-packages/controllers/__init__.py
/home/lance/robot/install/controllers/lib/python3.10/site-packages/controllers/my_cobot_server.py
/home/lance/robot/install/controllers/lib/python3.10/site-packages/controllers/joint_state_controller.py
/home/lance/robot/install/controllers/lib/python3.10/site-packages/controllers/__pycache__/follow_trajectory_controller.cpython-310.pyc
/home/lance/robot/install/controllers/lib/python3.10/site-packages/controllers/__pycache__/__init__.cpython-310.pyc
/home/lance/robot/install/controllers/lib/python3.10/site-packages/controllers/__pycache__/my_cobot_server.cpython-310.pyc
/home/lance/robot/install/controllers/lib/python3.10/site-packages/controllers/__pycache__/joint_state_controller.cpython-310.pyc
/home/lance/robot/install/controllers/share/ament_index/resource_index/packages/controllers
/home/lance/robot/install/controllers/share/controllers/package.xml
/home/lance/robot/install/controllers/share/controllers/launch/mycobot.launch.xml
/home/lance/robot/install/controllers/lib/python3.10/site-packages/controllers-0.0.0-py3.10.egg-info/SOURCES.txt
/home/lance/robot/install/controllers/lib/python3.10/site-packages/controllers-0.0.0-py3.10.egg-info/entry_points.txt
/home/lance/robot/install/controllers/lib/python3.10/site-packages/controllers-0.0.0-py3.10.egg-info/zip-safe
/home/lance/robot/install/controllers/lib/python3.10/site-packages/controllers-0.0.0-py3.10.egg-info/PKG-INFO
/home/lance/robot/install/controllers/lib/python3.10/site-packages/controllers-0.0.0-py3.10.egg-info/dependency_links.txt
/home/lance/robot/install/controllers/lib/python3.10/site-packages/controllers-0.0.0-py3.10.egg-info/requires.txt
/home/lance/robot/install/controllers/lib/python3.10/site-packages/controllers-0.0.0-py3.10.egg-info/top_level.txt
/home/lance/robot/install/controllers/lib/controllers/follow_trajectory
/home/lance/robot/install/controllers/lib/controllers/joint_state
/home/lance/robot/install/controllers/lib/controllers/my_cobot
/home/lance/robot/install/controllers/lib/controllers/shutdown
