[0.302s] Invoking command in '/home/lance/robot/build/description': CMAKE_PREFIX_PATH=${CMAKE_PREFIX_PATH}:/home/lance/robot/install/robot_description:/home/lance/robot/install/motion_planning:/opt/ros/humble /usr/bin/cmake --build /home/lance/robot/build/description -- -j4 -l4
[1.916s] Invoked command in '/home/lance/robot/build/description' returned '0': CMAKE_PREFIX_PATH=${CMAKE_PREFIX_PATH}:/home/lance/robot/install/robot_description:/home/lance/robot/install/motion_planning:/opt/ros/humble /usr/bin/cmake --build /home/lance/robot/build/description -- -j4 -l4
[3.550s] Invoking command in '/home/lance/robot/build/description': CMAKE_PREFIX_PATH=${CMAKE_PREFIX_PATH}:/home/lance/robot/install/robot_description:/home/lance/robot/install/motion_planning:/opt/ros/humble /usr/bin/cmake --install /home/lance/robot/build/description
[3.585s] -- Install configuration: ""
[3.587s] -- Up-to-date: /home/lance/robot/install/description/share/ament_index/resource_index/package_run_dependencies/description
[3.589s] -- Up-to-date: /home/lance/robot/install/description/share/ament_index/resource_index/parent_prefix_path/description
[3.591s] -- Up-to-date: /home/lance/robot/install/description/share/description/environment/ament_prefix_path.sh
[3.593s] -- Up-to-date: /home/lance/robot/install/description/share/description/environment/ament_prefix_path.dsv
[3.595s] -- Up-to-date: /home/lance/robot/install/description/share/description/environment/path.sh
[3.597s] -- Up-to-date: /home/lance/robot/install/description/share/description/environment/path.dsv
[3.599s] -- Up-to-date: /home/lance/robot/install/description/share/description/local_setup.bash
[3.601s] -- Up-to-date: /home/lance/robot/install/description/share/description/local_setup.sh
[3.603s] -- Up-to-date: /home/lance/robot/install/description/share/description/local_setup.zsh
[3.605s] -- Up-to-date: /home/lance/robot/install/description/share/description/local_setup.dsv
[3.607s] -- Installing: /home/lance/robot/install/description/share/description/package.dsv
[3.611s] -- Up-to-date: /home/lance/robot/install/description/share/ament_index/resource_index/packages/description
[3.613s] -- Up-to-date: /home/lance/robot/install/description/share/description/cmake/descriptionConfig.cmake
[3.615s] -- Up-to-date: /home/lance/robot/install/description/share/description/cmake/descriptionConfig-version.cmake
[3.616s] -- Up-to-date: /home/lance/robot/install/description/share/description/package.xml
[3.647s] Invoked command in '/home/lance/robot/build/description' returned '0': CMAKE_PREFIX_PATH=${CMAKE_PREFIX_PATH}:/home/lance/robot/install/robot_description:/home/lance/robot/install/motion_planning:/opt/ros/humble /usr/bin/cmake --install /home/lance/robot/build/description
