[1.868s] DEBUG:colcon:Command line arguments: ['/usr/bin/colcon', 'build']
[1.868s] DEBUG:colcon:Parsed command line arguments: Namespace(log_base=None, log_level=None, verb_name='build', build_base='build', install_base='install', merge_install=False, symlink_install=False, test_result_base=None, continue_on_error=False, executor='parallel', parallel_workers=4, event_handlers=None, ignore_user_meta=False, metas=['./colcon.meta'], base_paths=['.'], packages_ignore=None, packages_ignore_regex=None, paths=None, packages_up_to=None, packages_up_to_regex=None, packages_above=None, packages_above_and_dependencies=None, packages_above_depth=None, packages_select_by_dep=None, packages_skip_by_dep=None, packages_skip_up_to=None, packages_select_build_failed=False, packages_skip_build_finished=False, packages_select_test_failures=False, packages_skip_test_passed=False, packages_select=None, packages_skip=None, packages_select_regex=None, packages_skip_regex=None, packages_start=None, packages_end=None, allow_overriding=[], cmake_args=None, cmake_target=None, cmake_target_skip_unavailable=False, cmake_clean_cache=False, cmake_clean_first=False, cmake_force_configure=False, ament_cmake_args=None, catkin_cmake_args=None, catkin_skip_building_tests=False, verb_parser=<colcon_defaults.argument_parser.defaults.DefaultArgumentsDecorator object at 0xffffa6f62320>, verb_extension=<colcon_core.verb.build.BuildVerb object at 0xffffa6f61db0>, main=<bound method BuildVerb.main of <colcon_core.verb.build.BuildVerb object at 0xffffa6f61db0>>)
[1.991s] Level 1:colcon.colcon_core.package_discovery:discover_packages(colcon_meta) check parameters
[1.991s] Level 1:colcon.colcon_core.package_discovery:discover_packages(recursive) check parameters
[1.992s] Level 1:colcon.colcon_core.package_discovery:discover_packages(ignore) check parameters
[1.992s] Level 1:colcon.colcon_core.package_discovery:discover_packages(path) check parameters
[1.992s] Level 1:colcon.colcon_core.package_discovery:discover_packages(colcon_meta) discover
[1.992s] Level 1:colcon.colcon_core.package_discovery:discover_packages(recursive) discover
[1.992s] INFO:colcon.colcon_core.package_discovery:Crawling recursively for packages in '/home/lance/robot'
[1.993s] Level 1:colcon.colcon_core.package_identification:_identify(.) by extensions ['ignore', 'ignore_ament_install']
[1.993s] Level 1:colcon.colcon_core.package_identification:_identify(.) by extension 'ignore'
[1.993s] Level 1:colcon.colcon_core.package_identification:_identify(.) by extension 'ignore_ament_install'
[1.993s] Level 1:colcon.colcon_core.package_identification:_identify(.) by extensions ['colcon_pkg']
[1.994s] Level 1:colcon.colcon_core.package_identification:_identify(.) by extension 'colcon_pkg'
[1.994s] Level 1:colcon.colcon_core.package_identification:_identify(.) by extensions ['colcon_meta']
[1.994s] Level 1:colcon.colcon_core.package_identification:_identify(.) by extension 'colcon_meta'
[1.994s] Level 1:colcon.colcon_core.package_identification:_identify(.) by extensions ['ros']
[1.994s] Level 1:colcon.colcon_core.package_identification:_identify(.) by extension 'ros'
[2.039s] Level 1:colcon.colcon_core.package_identification:_identify(.) by extensions ['cmake', 'python']
[2.040s] Level 1:colcon.colcon_core.package_identification:_identify(.) by extension 'cmake'
[2.040s] Level 1:colcon.colcon_core.package_identification:_identify(.) by extension 'python'
[2.040s] Level 1:colcon.colcon_core.package_identification:_identify(.) by extensions ['python_setup_py']
[2.040s] Level 1:colcon.colcon_core.package_identification:_identify(.) by extension 'python_setup_py'
[2.041s] Level 1:colcon.colcon_core.package_identification:_identify(build) by extensions ['ignore', 'ignore_ament_install']
[2.041s] Level 1:colcon.colcon_core.package_identification:_identify(build) by extension 'ignore'
[2.042s] Level 1:colcon.colcon_core.package_identification:_identify(build) ignored
[2.042s] Level 1:colcon.colcon_core.package_identification:_identify(install) by extensions ['ignore', 'ignore_ament_install']
[2.043s] Level 1:colcon.colcon_core.package_identification:_identify(install) by extension 'ignore'
[2.043s] Level 1:colcon.colcon_core.package_identification:_identify(install) ignored
[2.044s] Level 1:colcon.colcon_core.package_identification:_identify(log) by extensions ['ignore', 'ignore_ament_install']
[2.044s] Level 1:colcon.colcon_core.package_identification:_identify(log) by extension 'ignore'
[2.044s] Level 1:colcon.colcon_core.package_identification:_identify(log) ignored
[2.045s] Level 1:colcon.colcon_core.package_identification:_identify(src) by extensions ['ignore', 'ignore_ament_install']
[2.045s] Level 1:colcon.colcon_core.package_identification:_identify(src) by extension 'ignore'
[2.045s] Level 1:colcon.colcon_core.package_identification:_identify(src) by extension 'ignore_ament_install'
[2.045s] Level 1:colcon.colcon_core.package_identification:_identify(src) by extensions ['colcon_pkg']
[2.045s] Level 1:colcon.colcon_core.package_identification:_identify(src) by extension 'colcon_pkg'
[2.046s] Level 1:colcon.colcon_core.package_identification:_identify(src) by extensions ['colcon_meta']
[2.046s] Level 1:colcon.colcon_core.package_identification:_identify(src) by extension 'colcon_meta'
[2.046s] Level 1:colcon.colcon_core.package_identification:_identify(src) by extensions ['ros']
[2.046s] Level 1:colcon.colcon_core.package_identification:_identify(src) by extension 'ros'
[2.046s] Level 1:colcon.colcon_core.package_identification:_identify(src) by extensions ['cmake', 'python']
[2.046s] Level 1:colcon.colcon_core.package_identification:_identify(src) by extension 'cmake'
[2.047s] Level 1:colcon.colcon_core.package_identification:_identify(src) by extension 'python'
[2.047s] Level 1:colcon.colcon_core.package_identification:_identify(src) by extensions ['python_setup_py']
[2.047s] Level 1:colcon.colcon_core.package_identification:_identify(src) by extension 'python_setup_py'
[2.047s] Level 1:colcon.colcon_core.package_identification:_identify(src/bringup) by extensions ['ignore', 'ignore_ament_install']
[2.048s] Level 1:colcon.colcon_core.package_identification:_identify(src/bringup) by extension 'ignore'
[2.048s] Level 1:colcon.colcon_core.package_identification:_identify(src/bringup) by extension 'ignore_ament_install'
[2.048s] Level 1:colcon.colcon_core.package_identification:_identify(src/bringup) by extensions ['colcon_pkg']
[2.048s] Level 1:colcon.colcon_core.package_identification:_identify(src/bringup) by extension 'colcon_pkg'
[2.048s] Level 1:colcon.colcon_core.package_identification:_identify(src/bringup) by extensions ['colcon_meta']
[2.048s] Level 1:colcon.colcon_core.package_identification:_identify(src/bringup) by extension 'colcon_meta'
[2.049s] Level 1:colcon.colcon_core.package_identification:_identify(src/bringup) by extensions ['ros']
[2.049s] Level 1:colcon.colcon_core.package_identification:_identify(src/bringup) by extension 'ros'
[2.058s] DEBUG:colcon.colcon_core.package_identification:Package 'src/bringup' with type 'ros.ament_python' and name 'bringup'
[2.058s] Level 1:colcon.colcon_core.package_identification:_identify(src/computer_vision) by extensions ['ignore', 'ignore_ament_install']
[2.059s] Level 1:colcon.colcon_core.package_identification:_identify(src/computer_vision) by extension 'ignore'
[2.059s] Level 1:colcon.colcon_core.package_identification:_identify(src/computer_vision) by extension 'ignore_ament_install'
[2.059s] Level 1:colcon.colcon_core.package_identification:_identify(src/computer_vision) by extensions ['colcon_pkg']
[2.059s] Level 1:colcon.colcon_core.package_identification:_identify(src/computer_vision) by extension 'colcon_pkg'
[2.059s] Level 1:colcon.colcon_core.package_identification:_identify(src/computer_vision) by extensions ['colcon_meta']
[2.060s] Level 1:colcon.colcon_core.package_identification:_identify(src/computer_vision) by extension 'colcon_meta'
[2.060s] Level 1:colcon.colcon_core.package_identification:_identify(src/computer_vision) by extensions ['ros']
[2.060s] Level 1:colcon.colcon_core.package_identification:_identify(src/computer_vision) by extension 'ros'
[2.062s] DEBUG:colcon.colcon_core.package_identification:Package 'src/computer_vision' with type 'ros.ament_python' and name 'computer_vision'
[2.063s] Level 1:colcon.colcon_core.package_identification:_identify(src/controllers) by extensions ['ignore', 'ignore_ament_install']
[2.063s] Level 1:colcon.colcon_core.package_identification:_identify(src/controllers) by extension 'ignore'
[2.064s] Level 1:colcon.colcon_core.package_identification:_identify(src/controllers) by extension 'ignore_ament_install'
[2.064s] Level 1:colcon.colcon_core.package_identification:_identify(src/controllers) by extensions ['colcon_pkg']
[2.064s] Level 1:colcon.colcon_core.package_identification:_identify(src/controllers) by extension 'colcon_pkg'
[2.064s] Level 1:colcon.colcon_core.package_identification:_identify(src/controllers) by extensions ['colcon_meta']
[2.064s] Level 1:colcon.colcon_core.package_identification:_identify(src/controllers) by extension 'colcon_meta'
[2.064s] Level 1:colcon.colcon_core.package_identification:_identify(src/controllers) by extensions ['ros']
[2.065s] Level 1:colcon.colcon_core.package_identification:_identify(src/controllers) by extension 'ros'
[2.067s] DEBUG:colcon.colcon_core.package_identification:Package 'src/controllers' with type 'ros.ament_python' and name 'controllers'
[2.068s] Level 1:colcon.colcon_core.package_identification:_identify(src/coord_controller) by extensions ['ignore', 'ignore_ament_install']
[2.068s] Level 1:colcon.colcon_core.package_identification:_identify(src/coord_controller) by extension 'ignore'
[2.068s] Level 1:colcon.colcon_core.package_identification:_identify(src/coord_controller) by extension 'ignore_ament_install'
[2.069s] Level 1:colcon.colcon_core.package_identification:_identify(src/coord_controller) by extensions ['colcon_pkg']
[2.069s] Level 1:colcon.colcon_core.package_identification:_identify(src/coord_controller) by extension 'colcon_pkg'
[2.069s] Level 1:colcon.colcon_core.package_identification:_identify(src/coord_controller) by extensions ['colcon_meta']
[2.069s] Level 1:colcon.colcon_core.package_identification:_identify(src/coord_controller) by extension 'colcon_meta'
[2.069s] Level 1:colcon.colcon_core.package_identification:_identify(src/coord_controller) by extensions ['ros']
[2.069s] Level 1:colcon.colcon_core.package_identification:_identify(src/coord_controller) by extension 'ros'
[2.072s] DEBUG:colcon.colcon_core.package_identification:Package 'src/coord_controller' with type 'ros.ament_python' and name 'coord_controller'
[2.073s] Level 1:colcon.colcon_core.package_identification:_identify(src/imgs) by extensions ['ignore', 'ignore_ament_install']
[2.073s] Level 1:colcon.colcon_core.package_identification:_identify(src/imgs) by extension 'ignore'
[2.073s] Level 1:colcon.colcon_core.package_identification:_identify(src/imgs) by extension 'ignore_ament_install'
[2.073s] Level 1:colcon.colcon_core.package_identification:_identify(src/imgs) by extensions ['colcon_pkg']
[2.074s] Level 1:colcon.colcon_core.package_identification:_identify(src/imgs) by extension 'colcon_pkg'
[2.074s] Level 1:colcon.colcon_core.package_identification:_identify(src/imgs) by extensions ['colcon_meta']
[2.074s] Level 1:colcon.colcon_core.package_identification:_identify(src/imgs) by extension 'colcon_meta'
[2.074s] Level 1:colcon.colcon_core.package_identification:_identify(src/imgs) by extensions ['ros']
[2.074s] Level 1:colcon.colcon_core.package_identification:_identify(src/imgs) by extension 'ros'
[2.074s] Level 1:colcon.colcon_core.package_identification:_identify(src/imgs) by extensions ['cmake', 'python']
[2.075s] Level 1:colcon.colcon_core.package_identification:_identify(src/imgs) by extension 'cmake'
[2.075s] Level 1:colcon.colcon_core.package_identification:_identify(src/imgs) by extension 'python'
[2.075s] Level 1:colcon.colcon_core.package_identification:_identify(src/imgs) by extensions ['python_setup_py']
[2.075s] Level 1:colcon.colcon_core.package_identification:_identify(src/imgs) by extension 'python_setup_py'
[2.076s] Level 1:colcon.colcon_core.package_identification:_identify(src/motion_planning) by extensions ['ignore', 'ignore_ament_install']
[2.076s] Level 1:colcon.colcon_core.package_identification:_identify(src/motion_planning) by extension 'ignore'
[2.076s] Level 1:colcon.colcon_core.package_identification:_identify(src/motion_planning) by extension 'ignore_ament_install'
[2.076s] Level 1:colcon.colcon_core.package_identification:_identify(src/motion_planning) by extensions ['colcon_pkg']
[2.076s] Level 1:colcon.colcon_core.package_identification:_identify(src/motion_planning) by extension 'colcon_pkg'
[2.077s] Level 1:colcon.colcon_core.package_identification:_identify(src/motion_planning) by extensions ['colcon_meta']
[2.077s] Level 1:colcon.colcon_core.package_identification:_identify(src/motion_planning) by extension 'colcon_meta'
[2.077s] Level 1:colcon.colcon_core.package_identification:_identify(src/motion_planning) by extensions ['ros']
[2.077s] Level 1:colcon.colcon_core.package_identification:_identify(src/motion_planning) by extension 'ros'
[2.079s] DEBUG:colcon.colcon_core.package_identification:Package 'src/motion_planning' with type 'ros.ament_python' and name 'motion_planning'
[2.080s] Level 1:colcon.colcon_core.package_identification:_identify(src/moveit_config) by extensions ['ignore', 'ignore_ament_install']
[2.080s] Level 1:colcon.colcon_core.package_identification:_identify(src/moveit_config) by extension 'ignore'
[2.081s] Level 1:colcon.colcon_core.package_identification:_identify(src/moveit_config) by extension 'ignore_ament_install'
[2.081s] Level 1:colcon.colcon_core.package_identification:_identify(src/moveit_config) by extensions ['colcon_pkg']
[2.081s] Level 1:colcon.colcon_core.package_identification:_identify(src/moveit_config) by extension 'colcon_pkg'
[2.081s] Level 1:colcon.colcon_core.package_identification:_identify(src/moveit_config) by extensions ['colcon_meta']
[2.081s] Level 1:colcon.colcon_core.package_identification:_identify(src/moveit_config) by extension 'colcon_meta'
[2.081s] Level 1:colcon.colcon_core.package_identification:_identify(src/moveit_config) by extensions ['ros']
[2.082s] Level 1:colcon.colcon_core.package_identification:_identify(src/moveit_config) by extension 'ros'
[2.085s] DEBUG:colcon.colcon_core.package_identification:Package 'src/moveit_config' with type 'ros.ament_cmake' and name 'moveit_config'
[2.085s] Level 1:colcon.colcon_core.package_identification:_identify(src/my_cobot_hardware_interface) by extensions ['ignore', 'ignore_ament_install']
[2.086s] Level 1:colcon.colcon_core.package_identification:_identify(src/my_cobot_hardware_interface) by extension 'ignore'
[2.086s] Level 1:colcon.colcon_core.package_identification:_identify(src/my_cobot_hardware_interface) by extension 'ignore_ament_install'
[2.086s] Level 1:colcon.colcon_core.package_identification:_identify(src/my_cobot_hardware_interface) by extensions ['colcon_pkg']
[2.086s] Level 1:colcon.colcon_core.package_identification:_identify(src/my_cobot_hardware_interface) by extension 'colcon_pkg'
[2.087s] Level 1:colcon.colcon_core.package_identification:_identify(src/my_cobot_hardware_interface) by extensions ['colcon_meta']
[2.087s] Level 1:colcon.colcon_core.package_identification:_identify(src/my_cobot_hardware_interface) by extension 'colcon_meta'
[2.087s] Level 1:colcon.colcon_core.package_identification:_identify(src/my_cobot_hardware_interface) by extensions ['ros']
[2.087s] Level 1:colcon.colcon_core.package_identification:_identify(src/my_cobot_hardware_interface) by extension 'ros'
[2.089s] DEBUG:colcon.colcon_core.package_identification:Package 'src/my_cobot_hardware_interface' with type 'ros.ament_cmake' and name 'my_cobot_hardware_interface'
[2.090s] Level 1:colcon.colcon_core.package_identification:_identify(src/my_cobot_interfaces) by extensions ['ignore', 'ignore_ament_install']
[2.090s] Level 1:colcon.colcon_core.package_identification:_identify(src/my_cobot_interfaces) by extension 'ignore'
[2.091s] Level 1:colcon.colcon_core.package_identification:_identify(src/my_cobot_interfaces) by extension 'ignore_ament_install'
[2.091s] Level 1:colcon.colcon_core.package_identification:_identify(src/my_cobot_interfaces) by extensions ['colcon_pkg']
[2.091s] Level 1:colcon.colcon_core.package_identification:_identify(src/my_cobot_interfaces) by extension 'colcon_pkg'
[2.092s] Level 1:colcon.colcon_core.package_identification:_identify(src/my_cobot_interfaces) by extensions ['colcon_meta']
[2.092s] Level 1:colcon.colcon_core.package_identification:_identify(src/my_cobot_interfaces) by extension 'colcon_meta'
[2.092s] Level 1:colcon.colcon_core.package_identification:_identify(src/my_cobot_interfaces) by extensions ['ros']
[2.092s] Level 1:colcon.colcon_core.package_identification:_identify(src/my_cobot_interfaces) by extension 'ros'
[2.095s] DEBUG:colcon.colcon_core.package_identification:Package 'src/my_cobot_interfaces' with type 'ros.ament_cmake' and name 'my_cobot_interfaces'
[2.096s] Level 1:colcon.colcon_core.package_identification:_identify(src/robot_description) by extensions ['ignore', 'ignore_ament_install']
[2.096s] Level 1:colcon.colcon_core.package_identification:_identify(src/robot_description) by extension 'ignore'
[2.097s] Level 1:colcon.colcon_core.package_identification:_identify(src/robot_description) by extension 'ignore_ament_install'
[2.097s] Level 1:colcon.colcon_core.package_identification:_identify(src/robot_description) by extensions ['colcon_pkg']
[2.097s] Level 1:colcon.colcon_core.package_identification:_identify(src/robot_description) by extension 'colcon_pkg'
[2.097s] Level 1:colcon.colcon_core.package_identification:_identify(src/robot_description) by extensions ['colcon_meta']
[2.097s] Level 1:colcon.colcon_core.package_identification:_identify(src/robot_description) by extension 'colcon_meta'
[2.098s] Level 1:colcon.colcon_core.package_identification:_identify(src/robot_description) by extensions ['ros']
[2.098s] Level 1:colcon.colcon_core.package_identification:_identify(src/robot_description) by extension 'ros'
[2.100s] DEBUG:colcon.colcon_core.package_identification:Package 'src/robot_description' with type 'ros.ament_python' and name 'robot_description'
[2.104s] Level 1:colcon.colcon_core.package_discovery:discover_packages(recursive) using defaults
[2.104s] Level 1:colcon.colcon_core.package_discovery:discover_packages(ignore) discover
[2.104s] Level 1:colcon.colcon_core.package_discovery:discover_packages(ignore) using defaults
[2.105s] Level 1:colcon.colcon_core.package_discovery:discover_packages(path) discover
[2.105s] Level 1:colcon.colcon_core.package_discovery:discover_packages(path) using defaults
[2.224s] Level 1:colcon.colcon_core.package_discovery:discover_packages(prefix_path) check parameters
[2.225s] Level 1:colcon.colcon_core.package_discovery:discover_packages(prefix_path) discover
[2.244s] DEBUG:colcon.colcon_installed_package_information.package_discovery:Found 1 installed packages in /home/lance/moveit2_ws/install
[2.252s] DEBUG:colcon.colcon_installed_package_information.package_discovery:Found 9 installed packages in /home/lance/robot/install
[2.268s] DEBUG:colcon.colcon_installed_package_information.package_discovery:Found 349 installed packages in /opt/ros/humble
[2.276s] Level 1:colcon.colcon_core.package_discovery:discover_packages(prefix_path) using defaults
[2.586s] Level 5:colcon.colcon_core.verb:set package 'bringup' build argument 'cmake_args' from command line to 'None'
[2.587s] Level 5:colcon.colcon_core.verb:set package 'bringup' build argument 'cmake_target' from command line to 'None'
[2.587s] Level 5:colcon.colcon_core.verb:set package 'bringup' build argument 'cmake_target_skip_unavailable' from command line to 'False'
[2.587s] Level 5:colcon.colcon_core.verb:set package 'bringup' build argument 'cmake_clean_cache' from command line to 'False'
[2.587s] Level 5:colcon.colcon_core.verb:set package 'bringup' build argument 'cmake_clean_first' from command line to 'False'
[2.587s] Level 5:colcon.colcon_core.verb:set package 'bringup' build argument 'cmake_force_configure' from command line to 'False'
[2.587s] Level 5:colcon.colcon_core.verb:set package 'bringup' build argument 'ament_cmake_args' from command line to 'None'
[2.587s] Level 5:colcon.colcon_core.verb:set package 'bringup' build argument 'catkin_cmake_args' from command line to 'None'
[2.587s] Level 5:colcon.colcon_core.verb:set package 'bringup' build argument 'catkin_skip_building_tests' from command line to 'False'
[2.588s] DEBUG:colcon.colcon_core.verb:Building package 'bringup' with the following arguments: {'ament_cmake_args': None, 'build_base': '/home/lance/robot/build/bringup', 'catkin_cmake_args': None, 'catkin_skip_building_tests': False, 'cmake_args': None, 'cmake_clean_cache': False, 'cmake_clean_first': False, 'cmake_force_configure': False, 'cmake_target': None, 'cmake_target_skip_unavailable': False, 'install_base': '/home/lance/robot/install/bringup', 'merge_install': False, 'path': '/home/lance/robot/src/bringup', 'symlink_install': False, 'test_result_base': None}
[2.595s] Level 5:colcon.colcon_core.verb:set package 'motion_planning' build argument 'cmake_args' from command line to 'None'
[2.595s] Level 5:colcon.colcon_core.verb:set package 'motion_planning' build argument 'cmake_target' from command line to 'None'
[2.595s] Level 5:colcon.colcon_core.verb:set package 'motion_planning' build argument 'cmake_target_skip_unavailable' from command line to 'False'
[2.595s] Level 5:colcon.colcon_core.verb:set package 'motion_planning' build argument 'cmake_clean_cache' from command line to 'False'
[2.595s] Level 5:colcon.colcon_core.verb:set package 'motion_planning' build argument 'cmake_clean_first' from command line to 'False'
[2.595s] Level 5:colcon.colcon_core.verb:set package 'motion_planning' build argument 'cmake_force_configure' from command line to 'False'
[2.595s] Level 5:colcon.colcon_core.verb:set package 'motion_planning' build argument 'ament_cmake_args' from command line to 'None'
[2.596s] Level 5:colcon.colcon_core.verb:set package 'motion_planning' build argument 'catkin_cmake_args' from command line to 'None'
[2.596s] Level 5:colcon.colcon_core.verb:set package 'motion_planning' build argument 'catkin_skip_building_tests' from command line to 'False'
[2.596s] DEBUG:colcon.colcon_core.verb:Building package 'motion_planning' with the following arguments: {'ament_cmake_args': None, 'build_base': '/home/lance/robot/build/motion_planning', 'catkin_cmake_args': None, 'catkin_skip_building_tests': False, 'cmake_args': None, 'cmake_clean_cache': False, 'cmake_clean_first': False, 'cmake_force_configure': False, 'cmake_target': None, 'cmake_target_skip_unavailable': False, 'install_base': '/home/lance/robot/install/motion_planning', 'merge_install': False, 'path': '/home/lance/robot/src/motion_planning', 'symlink_install': False, 'test_result_base': None}
[2.603s] Level 5:colcon.colcon_core.verb:set package 'my_cobot_interfaces' build argument 'cmake_args' from command line to 'None'
[2.603s] Level 5:colcon.colcon_core.verb:set package 'my_cobot_interfaces' build argument 'cmake_target' from command line to 'None'
[2.603s] Level 5:colcon.colcon_core.verb:set package 'my_cobot_interfaces' build argument 'cmake_target_skip_unavailable' from command line to 'False'
[2.603s] Level 5:colcon.colcon_core.verb:set package 'my_cobot_interfaces' build argument 'cmake_clean_cache' from command line to 'False'
[2.603s] Level 5:colcon.colcon_core.verb:set package 'my_cobot_interfaces' build argument 'cmake_clean_first' from command line to 'False'
[2.603s] Level 5:colcon.colcon_core.verb:set package 'my_cobot_interfaces' build argument 'cmake_force_configure' from command line to 'False'
[2.603s] Level 5:colcon.colcon_core.verb:set package 'my_cobot_interfaces' build argument 'ament_cmake_args' from command line to 'None'
[2.604s] Level 5:colcon.colcon_core.verb:set package 'my_cobot_interfaces' build argument 'catkin_cmake_args' from command line to 'None'
[2.604s] Level 5:colcon.colcon_core.verb:set package 'my_cobot_interfaces' build argument 'catkin_skip_building_tests' from command line to 'False'
[2.604s] DEBUG:colcon.colcon_core.verb:Building package 'my_cobot_interfaces' with the following arguments: {'ament_cmake_args': None, 'build_base': '/home/lance/robot/build/my_cobot_interfaces', 'catkin_cmake_args': None, 'catkin_skip_building_tests': False, 'cmake_args': None, 'cmake_clean_cache': False, 'cmake_clean_first': False, 'cmake_force_configure': False, 'cmake_target': None, 'cmake_target_skip_unavailable': False, 'install_base': '/home/lance/robot/install/my_cobot_interfaces', 'merge_install': False, 'path': '/home/lance/robot/src/my_cobot_interfaces', 'symlink_install': False, 'test_result_base': None}
[2.611s] Level 5:colcon.colcon_core.verb:set package 'robot_description' build argument 'cmake_args' from command line to 'None'
[2.611s] Level 5:colcon.colcon_core.verb:set package 'robot_description' build argument 'cmake_target' from command line to 'None'
[2.611s] Level 5:colcon.colcon_core.verb:set package 'robot_description' build argument 'cmake_target_skip_unavailable' from command line to 'False'
[2.611s] Level 5:colcon.colcon_core.verb:set package 'robot_description' build argument 'cmake_clean_cache' from command line to 'False'
[2.611s] Level 5:colcon.colcon_core.verb:set package 'robot_description' build argument 'cmake_clean_first' from command line to 'False'
[2.612s] Level 5:colcon.colcon_core.verb:set package 'robot_description' build argument 'cmake_force_configure' from command line to 'False'
[2.612s] Level 5:colcon.colcon_core.verb:set package 'robot_description' build argument 'ament_cmake_args' from command line to 'None'
[2.612s] Level 5:colcon.colcon_core.verb:set package 'robot_description' build argument 'catkin_cmake_args' from command line to 'None'
[2.612s] Level 5:colcon.colcon_core.verb:set package 'robot_description' build argument 'catkin_skip_building_tests' from command line to 'False'
[2.612s] DEBUG:colcon.colcon_core.verb:Building package 'robot_description' with the following arguments: {'ament_cmake_args': None, 'build_base': '/home/lance/robot/build/robot_description', 'catkin_cmake_args': None, 'catkin_skip_building_tests': False, 'cmake_args': None, 'cmake_clean_cache': False, 'cmake_clean_first': False, 'cmake_force_configure': False, 'cmake_target': None, 'cmake_target_skip_unavailable': False, 'install_base': '/home/lance/robot/install/robot_description', 'merge_install': False, 'path': '/home/lance/robot/src/robot_description', 'symlink_install': False, 'test_result_base': None}
[2.619s] Level 5:colcon.colcon_core.verb:set package 'computer_vision' build argument 'cmake_args' from command line to 'None'
[2.619s] Level 5:colcon.colcon_core.verb:set package 'computer_vision' build argument 'cmake_target' from command line to 'None'
[2.619s] Level 5:colcon.colcon_core.verb:set package 'computer_vision' build argument 'cmake_target_skip_unavailable' from command line to 'False'
[2.619s] Level 5:colcon.colcon_core.verb:set package 'computer_vision' build argument 'cmake_clean_cache' from command line to 'False'
[2.619s] Level 5:colcon.colcon_core.verb:set package 'computer_vision' build argument 'cmake_clean_first' from command line to 'False'
[2.619s] Level 5:colcon.colcon_core.verb:set package 'computer_vision' build argument 'cmake_force_configure' from command line to 'False'
[2.620s] Level 5:colcon.colcon_core.verb:set package 'computer_vision' build argument 'ament_cmake_args' from command line to 'None'
[2.620s] Level 5:colcon.colcon_core.verb:set package 'computer_vision' build argument 'catkin_cmake_args' from command line to 'None'
[2.620s] Level 5:colcon.colcon_core.verb:set package 'computer_vision' build argument 'catkin_skip_building_tests' from command line to 'False'
[2.620s] DEBUG:colcon.colcon_core.verb:Building package 'computer_vision' with the following arguments: {'ament_cmake_args': None, 'build_base': '/home/lance/robot/build/computer_vision', 'catkin_cmake_args': None, 'catkin_skip_building_tests': False, 'cmake_args': None, 'cmake_clean_cache': False, 'cmake_clean_first': False, 'cmake_force_configure': False, 'cmake_target': None, 'cmake_target_skip_unavailable': False, 'install_base': '/home/lance/robot/install/computer_vision', 'merge_install': False, 'path': '/home/lance/robot/src/computer_vision', 'symlink_install': False, 'test_result_base': None}
[2.627s] Level 5:colcon.colcon_core.verb:set package 'controllers' build argument 'cmake_args' from command line to 'None'
[2.627s] Level 5:colcon.colcon_core.verb:set package 'controllers' build argument 'cmake_target' from command line to 'None'
[2.627s] Level 5:colcon.colcon_core.verb:set package 'controllers' build argument 'cmake_target_skip_unavailable' from command line to 'False'
[2.627s] Level 5:colcon.colcon_core.verb:set package 'controllers' build argument 'cmake_clean_cache' from command line to 'False'
[2.627s] Level 5:colcon.colcon_core.verb:set package 'controllers' build argument 'cmake_clean_first' from command line to 'False'
[2.628s] Level 5:colcon.colcon_core.verb:set package 'controllers' build argument 'cmake_force_configure' from command line to 'False'
[2.628s] Level 5:colcon.colcon_core.verb:set package 'controllers' build argument 'ament_cmake_args' from command line to 'None'
[2.628s] Level 5:colcon.colcon_core.verb:set package 'controllers' build argument 'catkin_cmake_args' from command line to 'None'
[2.628s] Level 5:colcon.colcon_core.verb:set package 'controllers' build argument 'catkin_skip_building_tests' from command line to 'False'
[2.628s] DEBUG:colcon.colcon_core.verb:Building package 'controllers' with the following arguments: {'ament_cmake_args': None, 'build_base': '/home/lance/robot/build/controllers', 'catkin_cmake_args': None, 'catkin_skip_building_tests': False, 'cmake_args': None, 'cmake_clean_cache': False, 'cmake_clean_first': False, 'cmake_force_configure': False, 'cmake_target': None, 'cmake_target_skip_unavailable': False, 'install_base': '/home/lance/robot/install/controllers', 'merge_install': False, 'path': '/home/lance/robot/src/controllers', 'symlink_install': False, 'test_result_base': None}
[2.635s] Level 5:colcon.colcon_core.verb:set package 'coord_controller' build argument 'cmake_args' from command line to 'None'
[2.635s] Level 5:colcon.colcon_core.verb:set package 'coord_controller' build argument 'cmake_target' from command line to 'None'
[2.635s] Level 5:colcon.colcon_core.verb:set package 'coord_controller' build argument 'cmake_target_skip_unavailable' from command line to 'False'
[2.635s] Level 5:colcon.colcon_core.verb:set package 'coord_controller' build argument 'cmake_clean_cache' from command line to 'False'
[2.636s] Level 5:colcon.colcon_core.verb:set package 'coord_controller' build argument 'cmake_clean_first' from command line to 'False'
[2.636s] Level 5:colcon.colcon_core.verb:set package 'coord_controller' build argument 'cmake_force_configure' from command line to 'False'
[2.636s] Level 5:colcon.colcon_core.verb:set package 'coord_controller' build argument 'ament_cmake_args' from command line to 'None'
[2.636s] Level 5:colcon.colcon_core.verb:set package 'coord_controller' build argument 'catkin_cmake_args' from command line to 'None'
[2.636s] Level 5:colcon.colcon_core.verb:set package 'coord_controller' build argument 'catkin_skip_building_tests' from command line to 'False'
[2.636s] DEBUG:colcon.colcon_core.verb:Building package 'coord_controller' with the following arguments: {'ament_cmake_args': None, 'build_base': '/home/lance/robot/build/coord_controller', 'catkin_cmake_args': None, 'catkin_skip_building_tests': False, 'cmake_args': None, 'cmake_clean_cache': False, 'cmake_clean_first': False, 'cmake_force_configure': False, 'cmake_target': None, 'cmake_target_skip_unavailable': False, 'install_base': '/home/lance/robot/install/coord_controller', 'merge_install': False, 'path': '/home/lance/robot/src/coord_controller', 'symlink_install': False, 'test_result_base': None}
[2.643s] Level 5:colcon.colcon_core.verb:set package 'my_cobot_hardware_interface' build argument 'cmake_args' from command line to 'None'
[2.643s] Level 5:colcon.colcon_core.verb:set package 'my_cobot_hardware_interface' build argument 'cmake_target' from command line to 'None'
[2.643s] Level 5:colcon.colcon_core.verb:set package 'my_cobot_hardware_interface' build argument 'cmake_target_skip_unavailable' from command line to 'False'
[2.643s] Level 5:colcon.colcon_core.verb:set package 'my_cobot_hardware_interface' build argument 'cmake_clean_cache' from command line to 'False'
[2.644s] Level 5:colcon.colcon_core.verb:set package 'my_cobot_hardware_interface' build argument 'cmake_clean_first' from command line to 'False'
[2.644s] Level 5:colcon.colcon_core.verb:set package 'my_cobot_hardware_interface' build argument 'cmake_force_configure' from command line to 'False'
[2.644s] Level 5:colcon.colcon_core.verb:set package 'my_cobot_hardware_interface' build argument 'ament_cmake_args' from command line to 'None'
[2.644s] Level 5:colcon.colcon_core.verb:set package 'my_cobot_hardware_interface' build argument 'catkin_cmake_args' from command line to 'None'
[2.644s] Level 5:colcon.colcon_core.verb:set package 'my_cobot_hardware_interface' build argument 'catkin_skip_building_tests' from command line to 'False'
[2.644s] DEBUG:colcon.colcon_core.verb:Building package 'my_cobot_hardware_interface' with the following arguments: {'ament_cmake_args': None, 'build_base': '/home/lance/robot/build/my_cobot_hardware_interface', 'catkin_cmake_args': None, 'catkin_skip_building_tests': False, 'cmake_args': None, 'cmake_clean_cache': False, 'cmake_clean_first': False, 'cmake_force_configure': False, 'cmake_target': None, 'cmake_target_skip_unavailable': False, 'install_base': '/home/lance/robot/install/my_cobot_hardware_interface', 'merge_install': False, 'path': '/home/lance/robot/src/my_cobot_hardware_interface', 'symlink_install': False, 'test_result_base': None}
[2.651s] Level 5:colcon.colcon_core.verb:set package 'moveit_config' build argument 'cmake_args' from command line to 'None'
[2.651s] Level 5:colcon.colcon_core.verb:set package 'moveit_config' build argument 'cmake_target' from command line to 'None'
[2.652s] Level 5:colcon.colcon_core.verb:set package 'moveit_config' build argument 'cmake_target_skip_unavailable' from command line to 'False'
[2.652s] Level 5:colcon.colcon_core.verb:set package 'moveit_config' build argument 'cmake_clean_cache' from command line to 'False'
[2.652s] Level 5:colcon.colcon_core.verb:set package 'moveit_config' build argument 'cmake_clean_first' from command line to 'False'
[2.652s] Level 5:colcon.colcon_core.verb:set package 'moveit_config' build argument 'cmake_force_configure' from command line to 'False'
[2.652s] Level 5:colcon.colcon_core.verb:set package 'moveit_config' build argument 'ament_cmake_args' from command line to 'None'
[2.652s] Level 5:colcon.colcon_core.verb:set package 'moveit_config' build argument 'catkin_cmake_args' from command line to 'None'
[2.652s] Level 5:colcon.colcon_core.verb:set package 'moveit_config' build argument 'catkin_skip_building_tests' from command line to 'False'
[2.652s] DEBUG:colcon.colcon_core.verb:Building package 'moveit_config' with the following arguments: {'ament_cmake_args': None, 'build_base': '/home/lance/robot/build/moveit_config', 'catkin_cmake_args': None, 'catkin_skip_building_tests': False, 'cmake_args': None, 'cmake_clean_cache': False, 'cmake_clean_first': False, 'cmake_force_configure': False, 'cmake_target': None, 'cmake_target_skip_unavailable': False, 'install_base': '/home/lance/robot/install/moveit_config', 'merge_install': False, 'path': '/home/lance/robot/src/moveit_config', 'symlink_install': False, 'test_result_base': None}
[2.658s] INFO:colcon.colcon_core.executor:Executing jobs using 'parallel' executor
[2.685s] DEBUG:colcon.colcon_parallel_executor.executor.parallel:run_until_complete
[2.687s] INFO:colcon.colcon_ros.task.ament_cmake.build:Building ROS package in '/home/lance/robot/src/my_cobot_interfaces' with build type 'ament_cmake'
[2.687s] INFO:colcon.colcon_cmake.task.cmake.build:Building CMake package in '/home/lance/robot/src/my_cobot_interfaces'
[2.716s] INFO:colcon.colcon_core.plugin_system:Skipping extension 'colcon_core.shell.bat': Not used on non-Windows systems
[2.717s] INFO:colcon.colcon_core.shell:Skip shell extension 'powershell' for command environment: Not usable outside of PowerShell
[2.717s] DEBUG:colcon.colcon_core.shell:Skip shell extension 'dsv' for command environment
[2.763s] INFO:colcon.colcon_ros.task.ament_python.build:Building ROS package in '/home/lance/robot/src/robot_description' with build type 'ament_python'
[2.764s] Level 1:colcon.colcon_core.shell:create_environment_hook('robot_description', 'ament_prefix_path')
[2.778s] INFO:colcon.colcon_core.shell:Creating environment hook '/home/lance/robot/install/robot_description/share/robot_description/hook/ament_prefix_path.ps1'
[2.781s] INFO:colcon.colcon_core.shell:Creating environment descriptor '/home/lance/robot/install/robot_description/share/robot_description/hook/ament_prefix_path.dsv'
[2.784s] INFO:colcon.colcon_core.shell:Creating environment hook '/home/lance/robot/install/robot_description/share/robot_description/hook/ament_prefix_path.sh'
[2.804s] INFO:colcon.colcon_core.shell:Skip shell extension 'powershell' for command environment: Not usable outside of PowerShell
[2.805s] DEBUG:colcon.colcon_core.shell:Skip shell extension 'dsv' for command environment
[2.850s] INFO:colcon.colcon_ros.task.ament_python.build:Building ROS package in '/home/lance/robot/src/bringup' with build type 'ament_python'
[2.852s] Level 1:colcon.colcon_core.shell:create_environment_hook('bringup', 'ament_prefix_path')
[2.866s] INFO:colcon.colcon_core.shell:Creating environment hook '/home/lance/robot/install/bringup/share/bringup/hook/ament_prefix_path.ps1'
[2.868s] INFO:colcon.colcon_core.shell:Creating environment descriptor '/home/lance/robot/install/bringup/share/bringup/hook/ament_prefix_path.dsv'
[2.870s] INFO:colcon.colcon_core.shell:Creating environment hook '/home/lance/robot/install/bringup/share/bringup/hook/ament_prefix_path.sh'
[2.885s] INFO:colcon.colcon_core.shell:Skip shell extension 'powershell' for command environment: Not usable outside of PowerShell
[2.885s] DEBUG:colcon.colcon_core.shell:Skip shell extension 'dsv' for command environment
[2.935s] INFO:colcon.colcon_ros.task.ament_python.build:Building ROS package in '/home/lance/robot/src/motion_planning' with build type 'ament_python'
[2.936s] Level 1:colcon.colcon_core.shell:create_environment_hook('motion_planning', 'ament_prefix_path')
[2.952s] INFO:colcon.colcon_core.shell:Creating environment hook '/home/lance/robot/install/motion_planning/share/motion_planning/hook/ament_prefix_path.ps1'
[2.955s] INFO:colcon.colcon_core.shell:Creating environment descriptor '/home/lance/robot/install/motion_planning/share/motion_planning/hook/ament_prefix_path.dsv'
[2.958s] INFO:colcon.colcon_core.shell:Creating environment hook '/home/lance/robot/install/motion_planning/share/motion_planning/hook/ament_prefix_path.sh'
[2.974s] INFO:colcon.colcon_core.shell:Skip shell extension 'powershell' for command environment: Not usable outside of PowerShell
[2.974s] DEBUG:colcon.colcon_core.shell:Skip shell extension 'dsv' for command environment
[3.042s] DEBUG:colcon.colcon_core.event_handler.log_command:Invoking command in '/home/lance/robot/build/my_cobot_interfaces': CMAKE_PREFIX_PATH=${CMAKE_PREFIX_PATH}:/home/lance/robot/install/robot_description:/home/lance/robot/install/coord_controller:/home/lance/robot/install/controllers:/home/lance/robot/install/motion_planning:/home/lance/robot/install/bringup:/opt/ros/humble /usr/bin/cmake --build /home/lance/robot/build/my_cobot_interfaces -- -j4 -l4
[5.309s] INFO:colcon.colcon_core.task.python.build:Building Python package in '/home/lance/robot/src/robot_description'
[5.324s] INFO:colcon.colcon_core.shell:Skip shell extension 'powershell' for command environment: Not usable outside of PowerShell
[5.325s] DEBUG:colcon.colcon_core.shell:Skip shell extension 'dsv' for command environment
[6.970s] INFO:colcon.colcon_core.task.python.build:Building Python package in '/home/lance/robot/src/bringup'
[6.982s] INFO:colcon.colcon_core.shell:Skip shell extension 'powershell' for command environment: Not usable outside of PowerShell
[6.982s] DEBUG:colcon.colcon_core.shell:Skip shell extension 'dsv' for command environment
[7.052s] DEBUG:colcon.colcon_core.event_handler.log_command:Invoked command in '/home/lance/robot/build/my_cobot_interfaces' returned '0': CMAKE_PREFIX_PATH=${CMAKE_PREFIX_PATH}:/home/lance/robot/install/robot_description:/home/lance/robot/install/coord_controller:/home/lance/robot/install/controllers:/home/lance/robot/install/motion_planning:/home/lance/robot/install/bringup:/opt/ros/humble /usr/bin/cmake --build /home/lance/robot/build/my_cobot_interfaces -- -j4 -l4
[8.687s] INFO:colcon.colcon_core.task.python.build:Building Python package in '/home/lance/robot/src/motion_planning'
[8.702s] INFO:colcon.colcon_core.shell:Skip shell extension 'powershell' for command environment: Not usable outside of PowerShell
[8.702s] DEBUG:colcon.colcon_core.shell:Skip shell extension 'dsv' for command environment
[8.843s] DEBUG:colcon.colcon_core.event_handler.log_command:Invoking command in '/home/lance/robot/build/my_cobot_interfaces': CMAKE_PREFIX_PATH=${CMAKE_PREFIX_PATH}:/home/lance/robot/install/robot_description:/home/lance/robot/install/coord_controller:/home/lance/robot/install/controllers:/home/lance/robot/install/motion_planning:/home/lance/robot/install/bringup:/opt/ros/humble /usr/bin/cmake --install /home/lance/robot/build/my_cobot_interfaces
[9.631s] Level 1:colcon.colcon_core.environment:create_environment_scripts_only(my_cobot_interfaces)
[9.639s] DEBUG:colcon.colcon_core.event_handler.log_command:Invoked command in '/home/lance/robot/build/my_cobot_interfaces' returned '0': CMAKE_PREFIX_PATH=${CMAKE_PREFIX_PATH}:/home/lance/robot/install/robot_description:/home/lance/robot/install/coord_controller:/home/lance/robot/install/controllers:/home/lance/robot/install/motion_planning:/home/lance/robot/install/bringup:/opt/ros/humble /usr/bin/cmake --install /home/lance/robot/build/my_cobot_interfaces
[9.702s] Level 1:colcon.colcon_core.environment:checking '/home/lance/robot/install/my_cobot_interfaces' for CMake module files
[9.706s] Level 1:colcon.colcon_core.environment:checking '/home/lance/robot/install/my_cobot_interfaces' for CMake config files
[9.711s] Level 1:colcon.colcon_core.shell:create_environment_hook('my_cobot_interfaces', 'cmake_prefix_path')
[9.726s] INFO:colcon.colcon_core.shell:Creating environment hook '/home/lance/robot/install/my_cobot_interfaces/share/my_cobot_interfaces/hook/cmake_prefix_path.ps1'
[9.728s] INFO:colcon.colcon_core.shell:Creating environment descriptor '/home/lance/robot/install/my_cobot_interfaces/share/my_cobot_interfaces/hook/cmake_prefix_path.dsv'
[9.731s] INFO:colcon.colcon_core.shell:Creating environment hook '/home/lance/robot/install/my_cobot_interfaces/share/my_cobot_interfaces/hook/cmake_prefix_path.sh'
[9.734s] Level 1:colcon.colcon_core.environment:checking '/home/lance/robot/install/my_cobot_interfaces/lib'
[9.736s] Level 1:colcon.colcon_core.shell:create_environment_hook('my_cobot_interfaces', 'ld_library_path_lib')
[9.751s] INFO:colcon.colcon_core.shell:Creating environment hook '/home/lance/robot/install/my_cobot_interfaces/share/my_cobot_interfaces/hook/ld_library_path_lib.ps1'
[9.754s] INFO:colcon.colcon_core.shell:Creating environment descriptor '/home/lance/robot/install/my_cobot_interfaces/share/my_cobot_interfaces/hook/ld_library_path_lib.dsv'
[9.756s] INFO:colcon.colcon_core.shell:Creating environment hook '/home/lance/robot/install/my_cobot_interfaces/share/my_cobot_interfaces/hook/ld_library_path_lib.sh'
[9.758s] Level 1:colcon.colcon_core.environment:checking '/home/lance/robot/install/my_cobot_interfaces/bin'
[9.759s] Level 1:colcon.colcon_core.environment:checking '/home/lance/robot/install/my_cobot_interfaces/lib/pkgconfig/my_cobot_interfaces.pc'
[9.760s] Level 1:colcon.colcon_core.environment:checking '/home/lance/robot/install/my_cobot_interfaces/lib/python3.10/site-packages'
[9.761s] Level 1:colcon.colcon_core.environment:checking '/home/lance/robot/install/my_cobot_interfaces/bin'
[9.779s] INFO:colcon.colcon_core.shell:Creating package script '/home/lance/robot/install/my_cobot_interfaces/share/my_cobot_interfaces/package.ps1'
[9.783s] INFO:colcon.colcon_core.shell:Creating package descriptor '/home/lance/robot/install/my_cobot_interfaces/share/my_cobot_interfaces/package.dsv'
[9.786s] INFO:colcon.colcon_core.shell:Creating package script '/home/lance/robot/install/my_cobot_interfaces/share/my_cobot_interfaces/package.sh'
[9.790s] INFO:colcon.colcon_core.shell:Creating package script '/home/lance/robot/install/my_cobot_interfaces/share/my_cobot_interfaces/package.bash'
[9.794s] INFO:colcon.colcon_core.shell:Creating package script '/home/lance/robot/install/my_cobot_interfaces/share/my_cobot_interfaces/package.zsh'
[9.797s] Level 1:colcon.colcon_core.environment:create_file_with_runtime_dependencies(/home/lance/robot/install/my_cobot_interfaces/share/colcon-core/packages/my_cobot_interfaces)
[11.830s] DEBUG:colcon.colcon_core.event_handler.log_command:Invoking command in '/home/lance/robot/src/robot_description': PYTHONPATH=/home/lance/robot/build/robot_description/prefix_override:/home/lance/robot/install/robot_description/lib/python3.10/site-packages:${PYTHONPATH} /usr/bin/python3 setup.py egg_info --egg-base ../../build/robot_description build --build-base /home/lance/robot/build/robot_description/build install --record /home/lance/robot/build/robot_description/install.log --single-version-externally-managed
[12.081s] DEBUG:colcon.colcon_core.event_handler.log_command:Invoking command in '/home/lance/robot/src/bringup': PYTHONPATH=/home/lance/robot/build/bringup/prefix_override:/home/lance/robot/install/bringup/lib/python3.10/site-packages:${PYTHONPATH} /usr/bin/python3 setup.py egg_info --egg-base ../../build/bringup build --build-base /home/lance/robot/build/bringup/build install --record /home/lance/robot/build/bringup/install.log --single-version-externally-managed
[12.656s] DEBUG:colcon.colcon_core.event_handler.log_command:Invoking command in '/home/lance/robot/src/motion_planning': PYTHONPATH=/home/lance/robot/build/motion_planning/prefix_override:/home/lance/robot/install/motion_planning/lib/python3.10/site-packages:${PYTHONPATH} /usr/bin/python3 setup.py egg_info --egg-base ../../build/motion_planning build --build-base /home/lance/robot/build/motion_planning/build install --record /home/lance/robot/build/motion_planning/install.log --single-version-externally-managed
[13.840s] Level 1:colcon.colcon_core.environment:create_environment_scripts_only(my_cobot_interfaces)
[13.888s] Level 1:colcon.colcon_core.environment:checking '/home/lance/robot/install/my_cobot_interfaces' for CMake module files
[13.905s] Level 1:colcon.colcon_core.environment:checking '/home/lance/robot/install/my_cobot_interfaces' for CMake config files
[13.910s] Level 1:colcon.colcon_core.shell:create_environment_hook('my_cobot_interfaces', 'cmake_prefix_path')
[13.927s] INFO:colcon.colcon_core.shell:Creating environment hook '/home/lance/robot/install/my_cobot_interfaces/share/my_cobot_interfaces/hook/cmake_prefix_path.ps1'
[13.930s] INFO:colcon.colcon_core.shell:Creating environment descriptor '/home/lance/robot/install/my_cobot_interfaces/share/my_cobot_interfaces/hook/cmake_prefix_path.dsv'
[13.932s] INFO:colcon.colcon_core.shell:Creating environment hook '/home/lance/robot/install/my_cobot_interfaces/share/my_cobot_interfaces/hook/cmake_prefix_path.sh'
[13.937s] Level 1:colcon.colcon_core.environment:checking '/home/lance/robot/install/my_cobot_interfaces/lib'
[13.938s] Level 1:colcon.colcon_core.shell:create_environment_hook('my_cobot_interfaces', 'ld_library_path_lib')
[13.954s] INFO:colcon.colcon_core.shell:Creating environment hook '/home/lance/robot/install/my_cobot_interfaces/share/my_cobot_interfaces/hook/ld_library_path_lib.ps1'
[13.957s] INFO:colcon.colcon_core.shell:Creating environment descriptor '/home/lance/robot/install/my_cobot_interfaces/share/my_cobot_interfaces/hook/ld_library_path_lib.dsv'
[13.959s] INFO:colcon.colcon_core.shell:Creating environment hook '/home/lance/robot/install/my_cobot_interfaces/share/my_cobot_interfaces/hook/ld_library_path_lib.sh'
[13.962s] Level 1:colcon.colcon_core.environment:checking '/home/lance/robot/install/my_cobot_interfaces/bin'
[13.962s] Level 1:colcon.colcon_core.environment:checking '/home/lance/robot/install/my_cobot_interfaces/lib/pkgconfig/my_cobot_interfaces.pc'
[13.964s] Level 1:colcon.colcon_core.environment:checking '/home/lance/robot/install/my_cobot_interfaces/lib/python3.10/site-packages'
[13.965s] Level 1:colcon.colcon_core.environment:checking '/home/lance/robot/install/my_cobot_interfaces/bin'
[13.983s] INFO:colcon.colcon_core.shell:Creating package script '/home/lance/robot/install/my_cobot_interfaces/share/my_cobot_interfaces/package.ps1'
[13.986s] INFO:colcon.colcon_core.shell:Creating package descriptor '/home/lance/robot/install/my_cobot_interfaces/share/my_cobot_interfaces/package.dsv'
[13.990s] INFO:colcon.colcon_core.shell:Creating package script '/home/lance/robot/install/my_cobot_interfaces/share/my_cobot_interfaces/package.sh'
[13.993s] INFO:colcon.colcon_core.shell:Creating package script '/home/lance/robot/install/my_cobot_interfaces/share/my_cobot_interfaces/package.bash'
[13.996s] INFO:colcon.colcon_core.shell:Creating package script '/home/lance/robot/install/my_cobot_interfaces/share/my_cobot_interfaces/package.zsh'
[13.999s] Level 1:colcon.colcon_core.environment:create_file_with_runtime_dependencies(/home/lance/robot/install/my_cobot_interfaces/share/colcon-core/packages/my_cobot_interfaces)
[14.004s] INFO:colcon.colcon_ros.task.ament_cmake.build:Building ROS package in '/home/lance/robot/src/my_cobot_hardware_interface' with build type 'ament_cmake'
[14.005s] INFO:colcon.colcon_cmake.task.cmake.build:Building CMake package in '/home/lance/robot/src/my_cobot_hardware_interface'
[14.025s] INFO:colcon.colcon_core.shell:Skip shell extension 'powershell' for command environment: Not usable outside of PowerShell
[14.026s] DEBUG:colcon.colcon_core.shell:Skip shell extension 'dsv' for command environment
[14.136s] DEBUG:colcon.colcon_core.event_handler.log_command:Invoking command in '/home/lance/robot/build/my_cobot_hardware_interface': CMAKE_PREFIX_PATH=/home/lance/robot/install/my_cobot_interfaces:/home/lance/robot/install/moveit_config:/home/lance/robot/install/my_cobot_hardware_interface:/home/lance/moveit2_ws/install:/home/lance/robot/install/robot_description:/home/lance/robot/install/coord_controller:/home/lance/robot/install/controllers:/home/lance/robot/install/motion_planning:/home/lance/robot/install/bringup:/opt/ros/humble LD_LIBRARY_PATH=/home/lance/robot/install/my_cobot_interfaces/lib:/home/lance/robot/install/my_cobot_hardware_interface/lib:/opt/ros/humble/opt/rviz_ogre_vendor/lib:/opt/ros/humble/lib/aarch64-linux-gnu:/opt/ros/humble/lib /usr/bin/cmake --build /home/lance/robot/build/my_cobot_hardware_interface -- -j4 -l4
[14.815s] DEBUG:colcon.colcon_core.event_handler.log_command:Invoked command in '/home/lance/robot/src/robot_description' returned '0': PYTHONPATH=/home/lance/robot/build/robot_description/prefix_override:/home/lance/robot/install/robot_description/lib/python3.10/site-packages:${PYTHONPATH} /usr/bin/python3 setup.py egg_info --egg-base ../../build/robot_description build --build-base /home/lance/robot/build/robot_description/build install --record /home/lance/robot/build/robot_description/install.log --single-version-externally-managed
[14.829s] Level 1:colcon.colcon_core.environment:checking '/home/lance/robot/install/robot_description' for CMake module files
[14.832s] Level 1:colcon.colcon_core.environment:checking '/home/lance/robot/install/robot_description' for CMake config files
[14.836s] Level 1:colcon.colcon_core.environment:checking '/home/lance/robot/install/robot_description/lib'
[14.837s] Level 1:colcon.colcon_core.environment:checking '/home/lance/robot/install/robot_description/bin'
[14.837s] Level 1:colcon.colcon_core.environment:checking '/home/lance/robot/install/robot_description/lib/pkgconfig/robot_description.pc'
[14.838s] Level 1:colcon.colcon_core.environment:checking '/home/lance/robot/install/robot_description/lib/python3.10/site-packages'
[14.839s] Level 1:colcon.colcon_core.shell:create_environment_hook('robot_description', 'pythonpath')
[14.859s] INFO:colcon.colcon_core.shell:Creating environment hook '/home/lance/robot/install/robot_description/share/robot_description/hook/pythonpath.ps1'
[14.862s] INFO:colcon.colcon_core.shell:Creating environment descriptor '/home/lance/robot/install/robot_description/share/robot_description/hook/pythonpath.dsv'
[14.865s] INFO:colcon.colcon_core.shell:Creating environment hook '/home/lance/robot/install/robot_description/share/robot_description/hook/pythonpath.sh'
[14.870s] Level 1:colcon.colcon_core.environment:checking '/home/lance/robot/install/robot_description/bin'
[14.870s] Level 1:colcon.colcon_core.environment:create_environment_scripts_only(robot_description)
[14.897s] INFO:colcon.colcon_core.shell:Creating package script '/home/lance/robot/install/robot_description/share/robot_description/package.ps1'
[14.901s] INFO:colcon.colcon_core.shell:Creating package descriptor '/home/lance/robot/install/robot_description/share/robot_description/package.dsv'
[14.904s] INFO:colcon.colcon_core.shell:Creating package script '/home/lance/robot/install/robot_description/share/robot_description/package.sh'
[14.907s] INFO:colcon.colcon_core.shell:Creating package script '/home/lance/robot/install/robot_description/share/robot_description/package.bash'
[14.909s] INFO:colcon.colcon_core.shell:Creating package script '/home/lance/robot/install/robot_description/share/robot_description/package.zsh'
[14.912s] Level 1:colcon.colcon_core.environment:create_file_with_runtime_dependencies(/home/lance/robot/install/robot_description/share/colcon-core/packages/robot_description)
[14.919s] INFO:colcon.colcon_ros.task.ament_python.build:Building ROS package in '/home/lance/robot/src/computer_vision' with build type 'ament_python'
[14.920s] Level 1:colcon.colcon_core.shell:create_environment_hook('computer_vision', 'ament_prefix_path')
[14.973s] INFO:colcon.colcon_core.shell:Creating environment hook '/home/lance/robot/install/computer_vision/share/computer_vision/hook/ament_prefix_path.ps1'
[14.976s] INFO:colcon.colcon_core.shell:Creating environment descriptor '/home/lance/robot/install/computer_vision/share/computer_vision/hook/ament_prefix_path.dsv'
[14.978s] INFO:colcon.colcon_core.shell:Creating environment hook '/home/lance/robot/install/computer_vision/share/computer_vision/hook/ament_prefix_path.sh'
[14.999s] INFO:colcon.colcon_core.shell:Skip shell extension 'powershell' for command environment: Not usable outside of PowerShell
[15.000s] DEBUG:colcon.colcon_core.shell:Skip shell extension 'dsv' for command environment
[15.103s] DEBUG:colcon.colcon_core.event_handler.log_command:Invoked command in '/home/lance/robot/build/my_cobot_hardware_interface' returned '0': CMAKE_PREFIX_PATH=/home/lance/robot/install/my_cobot_interfaces:/home/lance/robot/install/moveit_config:/home/lance/robot/install/my_cobot_hardware_interface:/home/lance/moveit2_ws/install:/home/lance/robot/install/robot_description:/home/lance/robot/install/coord_controller:/home/lance/robot/install/controllers:/home/lance/robot/install/motion_planning:/home/lance/robot/install/bringup:/opt/ros/humble LD_LIBRARY_PATH=/home/lance/robot/install/my_cobot_interfaces/lib:/home/lance/robot/install/my_cobot_hardware_interface/lib:/opt/ros/humble/opt/rviz_ogre_vendor/lib:/opt/ros/humble/lib/aarch64-linux-gnu:/opt/ros/humble/lib /usr/bin/cmake --build /home/lance/robot/build/my_cobot_hardware_interface -- -j4 -l4
[16.913s] INFO:colcon.colcon_core.task.python.build:Building Python package in '/home/lance/robot/src/computer_vision'
[16.926s] INFO:colcon.colcon_core.shell:Skip shell extension 'powershell' for command environment: Not usable outside of PowerShell
[16.926s] DEBUG:colcon.colcon_core.shell:Skip shell extension 'dsv' for command environment
[16.990s] DEBUG:colcon.colcon_core.event_handler.log_command:Invoked command in '/home/lance/robot/src/bringup' returned '0': PYTHONPATH=/home/lance/robot/build/bringup/prefix_override:/home/lance/robot/install/bringup/lib/python3.10/site-packages:${PYTHONPATH} /usr/bin/python3 setup.py egg_info --egg-base ../../build/bringup build --build-base /home/lance/robot/build/bringup/build install --record /home/lance/robot/build/bringup/install.log --single-version-externally-managed
[16.994s] Level 1:colcon.colcon_core.environment:checking '/home/lance/robot/install/bringup' for CMake module files
[16.997s] Level 1:colcon.colcon_core.environment:checking '/home/lance/robot/install/bringup' for CMake config files
[17.000s] Level 1:colcon.colcon_core.environment:checking '/home/lance/robot/install/bringup/lib'
[17.001s] Level 1:colcon.colcon_core.environment:checking '/home/lance/robot/install/bringup/bin'
[17.001s] Level 1:colcon.colcon_core.environment:checking '/home/lance/robot/install/bringup/lib/pkgconfig/bringup.pc'
[17.002s] Level 1:colcon.colcon_core.environment:checking '/home/lance/robot/install/bringup/lib/python3.10/site-packages'
[17.002s] Level 1:colcon.colcon_core.shell:create_environment_hook('bringup', 'pythonpath')
[17.014s] INFO:colcon.colcon_core.shell:Creating environment hook '/home/lance/robot/install/bringup/share/bringup/hook/pythonpath.ps1'
[17.017s] INFO:colcon.colcon_core.shell:Creating environment descriptor '/home/lance/robot/install/bringup/share/bringup/hook/pythonpath.dsv'
[17.018s] INFO:colcon.colcon_core.shell:Creating environment hook '/home/lance/robot/install/bringup/share/bringup/hook/pythonpath.sh'
[17.021s] Level 1:colcon.colcon_core.environment:checking '/home/lance/robot/install/bringup/bin'
[17.022s] Level 1:colcon.colcon_core.environment:create_environment_scripts_only(bringup)
[17.037s] INFO:colcon.colcon_core.shell:Creating package script '/home/lance/robot/install/bringup/share/bringup/package.ps1'
[17.039s] INFO:colcon.colcon_core.shell:Creating package descriptor '/home/lance/robot/install/bringup/share/bringup/package.dsv'
[17.042s] INFO:colcon.colcon_core.shell:Creating package script '/home/lance/robot/install/bringup/share/bringup/package.sh'
[17.044s] INFO:colcon.colcon_core.shell:Creating package script '/home/lance/robot/install/bringup/share/bringup/package.bash'
[17.046s] INFO:colcon.colcon_core.shell:Creating package script '/home/lance/robot/install/bringup/share/bringup/package.zsh'
[17.048s] Level 1:colcon.colcon_core.environment:create_file_with_runtime_dependencies(/home/lance/robot/install/bringup/share/colcon-core/packages/bringup)
[17.067s] Level 1:colcon.colcon_core.environment:checking '/home/lance/robot/install/motion_planning' for CMake module files
[17.070s] DEBUG:colcon.colcon_core.event_handler.log_command:Invoked command in '/home/lance/robot/src/motion_planning' returned '0': PYTHONPATH=/home/lance/robot/build/motion_planning/prefix_override:/home/lance/robot/install/motion_planning/lib/python3.10/site-packages:${PYTHONPATH} /usr/bin/python3 setup.py egg_info --egg-base ../../build/motion_planning build --build-base /home/lance/robot/build/motion_planning/build install --record /home/lance/robot/build/motion_planning/install.log --single-version-externally-managed
[17.071s] Level 1:colcon.colcon_core.environment:checking '/home/lance/robot/install/motion_planning' for CMake config files
[17.074s] Level 1:colcon.colcon_core.environment:checking '/home/lance/robot/install/motion_planning/lib'
[17.075s] Level 1:colcon.colcon_core.environment:checking '/home/lance/robot/install/motion_planning/bin'
[17.075s] Level 1:colcon.colcon_core.environment:checking '/home/lance/robot/install/motion_planning/lib/pkgconfig/motion_planning.pc'
[17.076s] Level 1:colcon.colcon_core.environment:checking '/home/lance/robot/install/motion_planning/lib/python3.10/site-packages'
[17.076s] Level 1:colcon.colcon_core.shell:create_environment_hook('motion_planning', 'pythonpath')
[17.091s] INFO:colcon.colcon_core.shell:Creating environment hook '/home/lance/robot/install/motion_planning/share/motion_planning/hook/pythonpath.ps1'
[17.094s] INFO:colcon.colcon_core.shell:Creating environment descriptor '/home/lance/robot/install/motion_planning/share/motion_planning/hook/pythonpath.dsv'
[17.099s] INFO:colcon.colcon_core.shell:Creating environment hook '/home/lance/robot/install/motion_planning/share/motion_planning/hook/pythonpath.sh'
[17.105s] Level 1:colcon.colcon_core.environment:checking '/home/lance/robot/install/motion_planning/bin'
[17.106s] Level 1:colcon.colcon_core.environment:create_environment_scripts_only(motion_planning)
[17.121s] INFO:colcon.colcon_core.shell:Creating package script '/home/lance/robot/install/motion_planning/share/motion_planning/package.ps1'
[17.124s] INFO:colcon.colcon_core.shell:Creating package descriptor '/home/lance/robot/install/motion_planning/share/motion_planning/package.dsv'
[17.129s] INFO:colcon.colcon_core.shell:Creating package script '/home/lance/robot/install/motion_planning/share/motion_planning/package.sh'
[17.134s] INFO:colcon.colcon_core.shell:Creating package script '/home/lance/robot/install/motion_planning/share/motion_planning/package.bash'
[17.138s] INFO:colcon.colcon_core.shell:Creating package script '/home/lance/robot/install/motion_planning/share/motion_planning/package.zsh'
[17.142s] Level 1:colcon.colcon_core.environment:create_file_with_runtime_dependencies(/home/lance/robot/install/motion_planning/share/colcon-core/packages/motion_planning)
[17.156s] INFO:colcon.colcon_ros.task.ament_python.build:Building ROS package in '/home/lance/robot/src/controllers' with build type 'ament_python'
[17.166s] DEBUG:colcon.colcon_core.event_handler.log_command:Invoking command in '/home/lance/robot/build/my_cobot_hardware_interface': CMAKE_PREFIX_PATH=/home/lance/robot/install/my_cobot_interfaces:/home/lance/robot/install/moveit_config:/home/lance/robot/install/my_cobot_hardware_interface:/home/lance/moveit2_ws/install:/home/lance/robot/install/robot_description:/home/lance/robot/install/coord_controller:/home/lance/robot/install/controllers:/home/lance/robot/install/motion_planning:/home/lance/robot/install/bringup:/opt/ros/humble LD_LIBRARY_PATH=/home/lance/robot/install/my_cobot_interfaces/lib:/home/lance/robot/install/my_cobot_hardware_interface/lib:/opt/ros/humble/opt/rviz_ogre_vendor/lib:/opt/ros/humble/lib/aarch64-linux-gnu:/opt/ros/humble/lib /usr/bin/cmake --install /home/lance/robot/build/my_cobot_hardware_interface
[17.167s] Level 1:colcon.colcon_core.shell:create_environment_hook('controllers', 'ament_prefix_path')
[17.190s] INFO:colcon.colcon_core.shell:Creating environment hook '/home/lance/robot/install/controllers/share/controllers/hook/ament_prefix_path.ps1'
[17.198s] INFO:colcon.colcon_core.shell:Creating environment descriptor '/home/lance/robot/install/controllers/share/controllers/hook/ament_prefix_path.dsv'
[17.203s] INFO:colcon.colcon_core.shell:Creating environment hook '/home/lance/robot/install/controllers/share/controllers/hook/ament_prefix_path.sh'
[17.223s] INFO:colcon.colcon_core.shell:Skip shell extension 'powershell' for command environment: Not usable outside of PowerShell
[17.224s] DEBUG:colcon.colcon_core.shell:Skip shell extension 'dsv' for command environment
[17.281s] INFO:colcon.colcon_ros.task.ament_python.build:Building ROS package in '/home/lance/robot/src/coord_controller' with build type 'ament_python'
[17.281s] Level 1:colcon.colcon_core.shell:create_environment_hook('coord_controller', 'ament_prefix_path')
[17.309s] INFO:colcon.colcon_core.shell:Creating environment hook '/home/lance/robot/install/coord_controller/share/coord_controller/hook/ament_prefix_path.ps1'
[17.313s] INFO:colcon.colcon_core.shell:Creating environment descriptor '/home/lance/robot/install/coord_controller/share/coord_controller/hook/ament_prefix_path.dsv'
[17.317s] INFO:colcon.colcon_core.shell:Creating environment hook '/home/lance/robot/install/coord_controller/share/coord_controller/hook/ament_prefix_path.sh'
[17.334s] INFO:colcon.colcon_core.shell:Skip shell extension 'powershell' for command environment: Not usable outside of PowerShell
[17.334s] DEBUG:colcon.colcon_core.shell:Skip shell extension 'dsv' for command environment
[17.411s] Level 1:colcon.colcon_core.environment:create_environment_scripts_only(my_cobot_hardware_interface)
[17.435s] DEBUG:colcon.colcon_core.event_handler.log_command:Invoked command in '/home/lance/robot/build/my_cobot_hardware_interface' returned '0': CMAKE_PREFIX_PATH=/home/lance/robot/install/my_cobot_interfaces:/home/lance/robot/install/moveit_config:/home/lance/robot/install/my_cobot_hardware_interface:/home/lance/moveit2_ws/install:/home/lance/robot/install/robot_description:/home/lance/robot/install/coord_controller:/home/lance/robot/install/controllers:/home/lance/robot/install/motion_planning:/home/lance/robot/install/bringup:/opt/ros/humble LD_LIBRARY_PATH=/home/lance/robot/install/my_cobot_interfaces/lib:/home/lance/robot/install/my_cobot_hardware_interface/lib:/opt/ros/humble/opt/rviz_ogre_vendor/lib:/opt/ros/humble/lib/aarch64-linux-gnu:/opt/ros/humble/lib /usr/bin/cmake --install /home/lance/robot/build/my_cobot_hardware_interface
[17.436s] Level 1:colcon.colcon_core.environment:checking '/home/lance/robot/install/my_cobot_hardware_interface' for CMake module files
[17.439s] Level 1:colcon.colcon_core.environment:checking '/home/lance/robot/install/my_cobot_hardware_interface' for CMake config files
[17.440s] Level 1:colcon.colcon_core.shell:create_environment_hook('my_cobot_hardware_interface', 'cmake_prefix_path')
[17.455s] INFO:colcon.colcon_core.shell:Creating environment hook '/home/lance/robot/install/my_cobot_hardware_interface/share/my_cobot_hardware_interface/hook/cmake_prefix_path.ps1'
[17.459s] INFO:colcon.colcon_core.shell:Creating environment descriptor '/home/lance/robot/install/my_cobot_hardware_interface/share/my_cobot_hardware_interface/hook/cmake_prefix_path.dsv'
[17.463s] INFO:colcon.colcon_core.shell:Creating environment hook '/home/lance/robot/install/my_cobot_hardware_interface/share/my_cobot_hardware_interface/hook/cmake_prefix_path.sh'
[17.468s] Level 1:colcon.colcon_core.environment:checking '/home/lance/robot/install/my_cobot_hardware_interface/lib'
[17.470s] Level 1:colcon.colcon_core.shell:create_environment_hook('my_cobot_hardware_interface', 'ld_library_path_lib')
[17.486s] INFO:colcon.colcon_core.shell:Creating environment hook '/home/lance/robot/install/my_cobot_hardware_interface/share/my_cobot_hardware_interface/hook/ld_library_path_lib.ps1'
[17.488s] INFO:colcon.colcon_core.shell:Creating environment descriptor '/home/lance/robot/install/my_cobot_hardware_interface/share/my_cobot_hardware_interface/hook/ld_library_path_lib.dsv'
[17.491s] INFO:colcon.colcon_core.shell:Creating environment hook '/home/lance/robot/install/my_cobot_hardware_interface/share/my_cobot_hardware_interface/hook/ld_library_path_lib.sh'
[17.493s] Level 1:colcon.colcon_core.environment:checking '/home/lance/robot/install/my_cobot_hardware_interface/bin'
[17.494s] Level 1:colcon.colcon_core.environment:checking '/home/lance/robot/install/my_cobot_hardware_interface/lib/pkgconfig/my_cobot_hardware_interface.pc'
[17.495s] Level 1:colcon.colcon_core.environment:checking '/home/lance/robot/install/my_cobot_hardware_interface/lib/python3.10/site-packages'
[17.496s] Level 1:colcon.colcon_core.environment:checking '/home/lance/robot/install/my_cobot_hardware_interface/bin'
[17.510s] INFO:colcon.colcon_core.shell:Creating package script '/home/lance/robot/install/my_cobot_hardware_interface/share/my_cobot_hardware_interface/package.ps1'
[17.513s] INFO:colcon.colcon_core.shell:Creating package descriptor '/home/lance/robot/install/my_cobot_hardware_interface/share/my_cobot_hardware_interface/package.dsv'
[17.516s] INFO:colcon.colcon_core.shell:Creating package script '/home/lance/robot/install/my_cobot_hardware_interface/share/my_cobot_hardware_interface/package.sh'
[17.518s] INFO:colcon.colcon_core.shell:Creating package script '/home/lance/robot/install/my_cobot_hardware_interface/share/my_cobot_hardware_interface/package.bash'
[17.521s] INFO:colcon.colcon_core.shell:Creating package script '/home/lance/robot/install/my_cobot_hardware_interface/share/my_cobot_hardware_interface/package.zsh'
[17.523s] Level 1:colcon.colcon_core.environment:create_file_with_runtime_dependencies(/home/lance/robot/install/my_cobot_hardware_interface/share/colcon-core/packages/my_cobot_hardware_interface)
[19.312s] INFO:colcon.colcon_core.task.python.build:Building Python package in '/home/lance/robot/src/controllers'
[19.325s] INFO:colcon.colcon_core.shell:Skip shell extension 'powershell' for command environment: Not usable outside of PowerShell
[19.325s] DEBUG:colcon.colcon_core.shell:Skip shell extension 'dsv' for command environment
[20.969s] INFO:colcon.colcon_core.task.python.build:Building Python package in '/home/lance/robot/src/coord_controller'
[20.981s] INFO:colcon.colcon_core.shell:Skip shell extension 'powershell' for command environment: Not usable outside of PowerShell
[20.982s] DEBUG:colcon.colcon_core.shell:Skip shell extension 'dsv' for command environment
[21.044s] Level 1:colcon.colcon_core.environment:create_environment_scripts_only(my_cobot_hardware_interface)
[21.062s] Level 1:colcon.colcon_core.environment:checking '/home/lance/robot/install/my_cobot_hardware_interface' for CMake module files
[21.065s] Level 1:colcon.colcon_core.environment:checking '/home/lance/robot/install/my_cobot_hardware_interface' for CMake config files
[21.066s] Level 1:colcon.colcon_core.shell:create_environment_hook('my_cobot_hardware_interface', 'cmake_prefix_path')
[21.078s] INFO:colcon.colcon_core.shell:Creating environment hook '/home/lance/robot/install/my_cobot_hardware_interface/share/my_cobot_hardware_interface/hook/cmake_prefix_path.ps1'
[21.080s] INFO:colcon.colcon_core.shell:Creating environment descriptor '/home/lance/robot/install/my_cobot_hardware_interface/share/my_cobot_hardware_interface/hook/cmake_prefix_path.dsv'
[21.082s] INFO:colcon.colcon_core.shell:Creating environment hook '/home/lance/robot/install/my_cobot_hardware_interface/share/my_cobot_hardware_interface/hook/cmake_prefix_path.sh'
[21.085s] Level 1:colcon.colcon_core.environment:checking '/home/lance/robot/install/my_cobot_hardware_interface/lib'
[21.086s] Level 1:colcon.colcon_core.shell:create_environment_hook('my_cobot_hardware_interface', 'ld_library_path_lib')
[21.098s] INFO:colcon.colcon_core.shell:Creating environment hook '/home/lance/robot/install/my_cobot_hardware_interface/share/my_cobot_hardware_interface/hook/ld_library_path_lib.ps1'
[21.100s] INFO:colcon.colcon_core.shell:Creating environment descriptor '/home/lance/robot/install/my_cobot_hardware_interface/share/my_cobot_hardware_interface/hook/ld_library_path_lib.dsv'
[21.102s] INFO:colcon.colcon_core.shell:Creating environment hook '/home/lance/robot/install/my_cobot_hardware_interface/share/my_cobot_hardware_interface/hook/ld_library_path_lib.sh'
[21.103s] Level 1:colcon.colcon_core.environment:checking '/home/lance/robot/install/my_cobot_hardware_interface/bin'
[21.104s] Level 1:colcon.colcon_core.environment:checking '/home/lance/robot/install/my_cobot_hardware_interface/lib/pkgconfig/my_cobot_hardware_interface.pc'
[21.105s] Level 1:colcon.colcon_core.environment:checking '/home/lance/robot/install/my_cobot_hardware_interface/lib/python3.10/site-packages'
[21.106s] Level 1:colcon.colcon_core.environment:checking '/home/lance/robot/install/my_cobot_hardware_interface/bin'
[21.121s] INFO:colcon.colcon_core.shell:Creating package script '/home/lance/robot/install/my_cobot_hardware_interface/share/my_cobot_hardware_interface/package.ps1'
[21.124s] INFO:colcon.colcon_core.shell:Creating package descriptor '/home/lance/robot/install/my_cobot_hardware_interface/share/my_cobot_hardware_interface/package.dsv'
[21.126s] INFO:colcon.colcon_core.shell:Creating package script '/home/lance/robot/install/my_cobot_hardware_interface/share/my_cobot_hardware_interface/package.sh'
[21.128s] INFO:colcon.colcon_core.shell:Creating package script '/home/lance/robot/install/my_cobot_hardware_interface/share/my_cobot_hardware_interface/package.bash'
[21.130s] INFO:colcon.colcon_core.shell:Creating package script '/home/lance/robot/install/my_cobot_hardware_interface/share/my_cobot_hardware_interface/package.zsh'
[21.132s] Level 1:colcon.colcon_core.environment:create_file_with_runtime_dependencies(/home/lance/robot/install/my_cobot_hardware_interface/share/colcon-core/packages/my_cobot_hardware_interface)
[21.164s] INFO:colcon.colcon_ros.task.ament_cmake.build:Building ROS package in '/home/lance/robot/src/moveit_config' with build type 'ament_cmake'
[21.166s] INFO:colcon.colcon_cmake.task.cmake.build:Building CMake package in '/home/lance/robot/src/moveit_config'
[21.184s] INFO:colcon.colcon_core.shell:Skip shell extension 'powershell' for command environment: Not usable outside of PowerShell
[21.186s] DEBUG:colcon.colcon_core.shell:Skip shell extension 'dsv' for command environment
[21.187s] DEBUG:colcon.colcon_core.event_handler.log_command:Invoking command in '/home/lance/robot/src/computer_vision': CMAKE_PREFIX_PATH=/home/lance/robot/install/my_cobot_interfaces:/home/lance/robot/install/moveit_config:/home/lance/robot/install/my_cobot_hardware_interface:/home/lance/moveit2_ws/install LD_LIBRARY_PATH=/home/lance/robot/install/my_cobot_interfaces/lib:/home/lance/robot/install/my_cobot_hardware_interface/lib:/opt/ros/humble/opt/rviz_ogre_vendor/lib:/opt/ros/humble/lib/aarch64-linux-gnu:/opt/ros/humble/lib PYTHONPATH=/home/lance/robot/build/computer_vision/prefix_override:/home/lance/robot/install/computer_vision/lib/python3.10/site-packages:${PYTHONPATH} /usr/bin/python3 setup.py egg_info --egg-base ../../build/computer_vision build --build-base /home/lance/robot/build/computer_vision/build install --record /home/lance/robot/build/computer_vision/install.log --single-version-externally-managed
[21.416s] DEBUG:colcon.colcon_core.event_handler.log_command:Invoking command in '/home/lance/robot/build/moveit_config': AMENT_PREFIX_PATH=/home/lance/robot/install/robot_description:/home/lance/robot/install/moveit_config:/home/lance/robot/install/my_cobot_hardware_interface:/home/lance/robot/install/coord_controller:/home/lance/robot/install/controllers:/home/lance/robot/install/my_cobot_interfaces:/home/lance/robot/install/motion_planning:/home/lance/robot/install/bringup:/home/lance/moveit2_ws/install:/opt/ros/humble CMAKE_PREFIX_PATH=/home/lance/robot/install/my_cobot_hardware_interface:/home/lance/robot/install/my_cobot_interfaces:/home/lance/robot/install/moveit_config:/home/lance/moveit2_ws/install:/home/lance/robot/install/robot_description:/home/lance/robot/install/coord_controller:/home/lance/robot/install/controllers:/home/lance/robot/install/motion_planning:/home/lance/robot/install/bringup:/opt/ros/humble /usr/bin/cmake --build /home/lance/robot/build/moveit_config -- -j4 -l4
[21.884s] DEBUG:colcon.colcon_core.event_handler.log_command:Invoked command in '/home/lance/robot/build/moveit_config' returned '0': AMENT_PREFIX_PATH=/home/lance/robot/install/robot_description:/home/lance/robot/install/moveit_config:/home/lance/robot/install/my_cobot_hardware_interface:/home/lance/robot/install/coord_controller:/home/lance/robot/install/controllers:/home/lance/robot/install/my_cobot_interfaces:/home/lance/robot/install/motion_planning:/home/lance/robot/install/bringup:/home/lance/moveit2_ws/install:/opt/ros/humble CMAKE_PREFIX_PATH=/home/lance/robot/install/my_cobot_hardware_interface:/home/lance/robot/install/my_cobot_interfaces:/home/lance/robot/install/moveit_config:/home/lance/moveit2_ws/install:/home/lance/robot/install/robot_description:/home/lance/robot/install/coord_controller:/home/lance/robot/install/controllers:/home/lance/robot/install/motion_planning:/home/lance/robot/install/bringup:/opt/ros/humble /usr/bin/cmake --build /home/lance/robot/build/moveit_config -- -j4 -l4
[22.057s] DEBUG:colcon.colcon_core.event_handler.log_command:Invoking command in '/home/lance/robot/build/moveit_config': AMENT_PREFIX_PATH=/home/lance/robot/install/robot_description:/home/lance/robot/install/moveit_config:/home/lance/robot/install/my_cobot_hardware_interface:/home/lance/robot/install/coord_controller:/home/lance/robot/install/controllers:/home/lance/robot/install/my_cobot_interfaces:/home/lance/robot/install/motion_planning:/home/lance/robot/install/bringup:/home/lance/moveit2_ws/install:/opt/ros/humble CMAKE_PREFIX_PATH=/home/lance/robot/install/my_cobot_hardware_interface:/home/lance/robot/install/my_cobot_interfaces:/home/lance/robot/install/moveit_config:/home/lance/moveit2_ws/install:/home/lance/robot/install/robot_description:/home/lance/robot/install/coord_controller:/home/lance/robot/install/controllers:/home/lance/robot/install/motion_planning:/home/lance/robot/install/bringup:/opt/ros/humble /usr/bin/cmake --install /home/lance/robot/build/moveit_config
[22.144s] Level 1:colcon.colcon_core.environment:create_environment_scripts_only(moveit_config)
[22.159s] DEBUG:colcon.colcon_core.event_handler.log_command:Invoked command in '/home/lance/robot/build/moveit_config' returned '0': AMENT_PREFIX_PATH=/home/lance/robot/install/robot_description:/home/lance/robot/install/moveit_config:/home/lance/robot/install/my_cobot_hardware_interface:/home/lance/robot/install/coord_controller:/home/lance/robot/install/controllers:/home/lance/robot/install/my_cobot_interfaces:/home/lance/robot/install/motion_planning:/home/lance/robot/install/bringup:/home/lance/moveit2_ws/install:/opt/ros/humble CMAKE_PREFIX_PATH=/home/lance/robot/install/my_cobot_hardware_interface:/home/lance/robot/install/my_cobot_interfaces:/home/lance/robot/install/moveit_config:/home/lance/moveit2_ws/install:/home/lance/robot/install/robot_description:/home/lance/robot/install/coord_controller:/home/lance/robot/install/controllers:/home/lance/robot/install/motion_planning:/home/lance/robot/install/bringup:/opt/ros/humble /usr/bin/cmake --install /home/lance/robot/build/moveit_config
[22.171s] Level 1:colcon.colcon_core.environment:checking '/home/lance/robot/install/moveit_config' for CMake module files
[22.174s] Level 1:colcon.colcon_core.environment:checking '/home/lance/robot/install/moveit_config' for CMake config files
[22.175s] Level 1:colcon.colcon_core.shell:create_environment_hook('moveit_config', 'cmake_prefix_path')
[22.190s] INFO:colcon.colcon_core.shell:Creating environment hook '/home/lance/robot/install/moveit_config/share/moveit_config/hook/cmake_prefix_path.ps1'
[22.193s] INFO:colcon.colcon_core.shell:Creating environment descriptor '/home/lance/robot/install/moveit_config/share/moveit_config/hook/cmake_prefix_path.dsv'
[22.195s] INFO:colcon.colcon_core.shell:Creating environment hook '/home/lance/robot/install/moveit_config/share/moveit_config/hook/cmake_prefix_path.sh'
[22.199s] Level 1:colcon.colcon_core.environment:checking '/home/lance/robot/install/moveit_config/bin'
[22.200s] Level 1:colcon.colcon_core.environment:checking '/home/lance/robot/install/moveit_config/lib/pkgconfig/moveit_config.pc'
[22.201s] Level 1:colcon.colcon_core.environment:checking '/home/lance/robot/install/moveit_config/lib/python3.10/site-packages'
[22.202s] Level 1:colcon.colcon_core.environment:checking '/home/lance/robot/install/moveit_config/bin'
[22.218s] INFO:colcon.colcon_core.shell:Creating package script '/home/lance/robot/install/moveit_config/share/moveit_config/package.ps1'
[22.221s] INFO:colcon.colcon_core.shell:Creating package descriptor '/home/lance/robot/install/moveit_config/share/moveit_config/package.dsv'
[22.223s] INFO:colcon.colcon_core.shell:Creating package script '/home/lance/robot/install/moveit_config/share/moveit_config/package.sh'
[22.226s] INFO:colcon.colcon_core.shell:Creating package script '/home/lance/robot/install/moveit_config/share/moveit_config/package.bash'
[22.231s] INFO:colcon.colcon_core.shell:Creating package script '/home/lance/robot/install/moveit_config/share/moveit_config/package.zsh'
[22.235s] Level 1:colcon.colcon_core.environment:create_file_with_runtime_dependencies(/home/lance/robot/install/moveit_config/share/colcon-core/packages/moveit_config)
[22.383s] Level 1:colcon.colcon_core.environment:create_environment_scripts_only(moveit_config)
[22.408s] Level 1:colcon.colcon_core.environment:checking '/home/lance/robot/install/moveit_config' for CMake module files
[22.411s] Level 1:colcon.colcon_core.environment:checking '/home/lance/robot/install/moveit_config' for CMake config files
[22.413s] Level 1:colcon.colcon_core.shell:create_environment_hook('moveit_config', 'cmake_prefix_path')
[22.430s] INFO:colcon.colcon_core.shell:Creating environment hook '/home/lance/robot/install/moveit_config/share/moveit_config/hook/cmake_prefix_path.ps1'
[22.432s] INFO:colcon.colcon_core.shell:Creating environment descriptor '/home/lance/robot/install/moveit_config/share/moveit_config/hook/cmake_prefix_path.dsv'
[22.435s] INFO:colcon.colcon_core.shell:Creating environment hook '/home/lance/robot/install/moveit_config/share/moveit_config/hook/cmake_prefix_path.sh'
[22.440s] Level 1:colcon.colcon_core.environment:checking '/home/lance/robot/install/moveit_config/bin'
[22.440s] Level 1:colcon.colcon_core.environment:checking '/home/lance/robot/install/moveit_config/lib/pkgconfig/moveit_config.pc'
[22.442s] Level 1:colcon.colcon_core.environment:checking '/home/lance/robot/install/moveit_config/lib/python3.10/site-packages'
[22.444s] Level 1:colcon.colcon_core.environment:checking '/home/lance/robot/install/moveit_config/bin'
[22.461s] INFO:colcon.colcon_core.shell:Creating package script '/home/lance/robot/install/moveit_config/share/moveit_config/package.ps1'
[22.464s] INFO:colcon.colcon_core.shell:Creating package descriptor '/home/lance/robot/install/moveit_config/share/moveit_config/package.dsv'
[22.467s] INFO:colcon.colcon_core.shell:Creating package script '/home/lance/robot/install/moveit_config/share/moveit_config/package.sh'
[22.470s] INFO:colcon.colcon_core.shell:Creating package script '/home/lance/robot/install/moveit_config/share/moveit_config/package.bash'
[22.473s] INFO:colcon.colcon_core.shell:Creating package script '/home/lance/robot/install/moveit_config/share/moveit_config/package.zsh'
[22.475s] Level 1:colcon.colcon_core.environment:create_file_with_runtime_dependencies(/home/lance/robot/install/moveit_config/share/colcon-core/packages/moveit_config)
[23.835s] DEBUG:colcon.colcon_core.event_handler.log_command:Invoked command in '/home/lance/robot/src/computer_vision' returned '0': CMAKE_PREFIX_PATH=/home/lance/robot/install/my_cobot_interfaces:/home/lance/robot/install/moveit_config:/home/lance/robot/install/my_cobot_hardware_interface:/home/lance/moveit2_ws/install LD_LIBRARY_PATH=/home/lance/robot/install/my_cobot_interfaces/lib:/home/lance/robot/install/my_cobot_hardware_interface/lib:/opt/ros/humble/opt/rviz_ogre_vendor/lib:/opt/ros/humble/lib/aarch64-linux-gnu:/opt/ros/humble/lib PYTHONPATH=/home/lance/robot/build/computer_vision/prefix_override:/home/lance/robot/install/computer_vision/lib/python3.10/site-packages:${PYTHONPATH} /usr/bin/python3 setup.py egg_info --egg-base ../../build/computer_vision build --build-base /home/lance/robot/build/computer_vision/build install --record /home/lance/robot/build/computer_vision/install.log --single-version-externally-managed
[23.859s] Level 1:colcon.colcon_core.environment:checking '/home/lance/robot/install/computer_vision' for CMake module files
[23.861s] Level 1:colcon.colcon_core.environment:checking '/home/lance/robot/install/computer_vision' for CMake config files
[23.865s] Level 1:colcon.colcon_core.environment:checking '/home/lance/robot/install/computer_vision/lib'
[23.865s] Level 1:colcon.colcon_core.environment:checking '/home/lance/robot/install/computer_vision/bin'
[23.866s] Level 1:colcon.colcon_core.environment:checking '/home/lance/robot/install/computer_vision/lib/pkgconfig/computer_vision.pc'
[23.867s] Level 1:colcon.colcon_core.environment:checking '/home/lance/robot/install/computer_vision/lib/python3.10/site-packages'
[23.867s] Level 1:colcon.colcon_core.shell:create_environment_hook('computer_vision', 'pythonpath')
[23.882s] INFO:colcon.colcon_core.shell:Creating environment hook '/home/lance/robot/install/computer_vision/share/computer_vision/hook/pythonpath.ps1'
[23.884s] INFO:colcon.colcon_core.shell:Creating environment descriptor '/home/lance/robot/install/computer_vision/share/computer_vision/hook/pythonpath.dsv'
[23.886s] INFO:colcon.colcon_core.shell:Creating environment hook '/home/lance/robot/install/computer_vision/share/computer_vision/hook/pythonpath.sh'
[23.888s] Level 1:colcon.colcon_core.environment:checking '/home/lance/robot/install/computer_vision/bin'
[23.889s] Level 1:colcon.colcon_core.environment:create_environment_scripts_only(computer_vision)
[23.904s] INFO:colcon.colcon_core.shell:Creating package script '/home/lance/robot/install/computer_vision/share/computer_vision/package.ps1'
[23.906s] INFO:colcon.colcon_core.shell:Creating package descriptor '/home/lance/robot/install/computer_vision/share/computer_vision/package.dsv'
[23.909s] INFO:colcon.colcon_core.shell:Creating package script '/home/lance/robot/install/computer_vision/share/computer_vision/package.sh'
[23.911s] INFO:colcon.colcon_core.shell:Creating package script '/home/lance/robot/install/computer_vision/share/computer_vision/package.bash'
[23.914s] INFO:colcon.colcon_core.shell:Creating package script '/home/lance/robot/install/computer_vision/share/computer_vision/package.zsh'
[23.918s] Level 1:colcon.colcon_core.environment:create_file_with_runtime_dependencies(/home/lance/robot/install/computer_vision/share/colcon-core/packages/computer_vision)
[24.409s] DEBUG:colcon.colcon_core.event_handler.log_command:Invoking command in '/home/lance/robot/src/controllers': CMAKE_PREFIX_PATH=/home/lance/robot/install/my_cobot_interfaces:/home/lance/robot/install/moveit_config:/home/lance/robot/install/my_cobot_hardware_interface:/home/lance/moveit2_ws/install LD_LIBRARY_PATH=/home/lance/robot/install/my_cobot_interfaces/lib:/home/lance/robot/install/my_cobot_hardware_interface/lib:/opt/ros/humble/opt/rviz_ogre_vendor/lib:/opt/ros/humble/lib/aarch64-linux-gnu:/opt/ros/humble/lib PYTHONPATH=/home/lance/robot/build/controllers/prefix_override:/home/lance/robot/install/controllers/lib/python3.10/site-packages:${PYTHONPATH} /usr/bin/python3 setup.py egg_info --egg-base ../../build/controllers build --build-base /home/lance/robot/build/controllers/build install --record /home/lance/robot/build/controllers/install.log --single-version-externally-managed
[24.451s] DEBUG:colcon.colcon_core.event_handler.log_command:Invoking command in '/home/lance/robot/src/coord_controller': CMAKE_PREFIX_PATH=/home/lance/robot/install/my_cobot_interfaces:/home/lance/robot/install/moveit_config:/home/lance/robot/install/my_cobot_hardware_interface:/home/lance/moveit2_ws/install LD_LIBRARY_PATH=/home/lance/robot/install/my_cobot_interfaces/lib:/home/lance/robot/install/my_cobot_hardware_interface/lib:/opt/ros/humble/opt/rviz_ogre_vendor/lib:/opt/ros/humble/lib/aarch64-linux-gnu:/opt/ros/humble/lib PYTHONPATH=/home/lance/robot/build/coord_controller/prefix_override:/home/lance/robot/install/coord_controller/lib/python3.10/site-packages:${PYTHONPATH} /usr/bin/python3 setup.py egg_info --egg-base ../../build/coord_controller build --build-base /home/lance/robot/build/coord_controller/build install --record /home/lance/robot/build/coord_controller/install.log --single-version-externally-managed
[26.413s] DEBUG:colcon.colcon_core.event_handler.log_command:Invoked command in '/home/lance/robot/src/coord_controller' returned '0': CMAKE_PREFIX_PATH=/home/lance/robot/install/my_cobot_interfaces:/home/lance/robot/install/moveit_config:/home/lance/robot/install/my_cobot_hardware_interface:/home/lance/moveit2_ws/install LD_LIBRARY_PATH=/home/lance/robot/install/my_cobot_interfaces/lib:/home/lance/robot/install/my_cobot_hardware_interface/lib:/opt/ros/humble/opt/rviz_ogre_vendor/lib:/opt/ros/humble/lib/aarch64-linux-gnu:/opt/ros/humble/lib PYTHONPATH=/home/lance/robot/build/coord_controller/prefix_override:/home/lance/robot/install/coord_controller/lib/python3.10/site-packages:${PYTHONPATH} /usr/bin/python3 setup.py egg_info --egg-base ../../build/coord_controller build --build-base /home/lance/robot/build/coord_controller/build install --record /home/lance/robot/build/coord_controller/install.log --single-version-externally-managed
[26.424s] Level 1:colcon.colcon_core.environment:checking '/home/lance/robot/install/coord_controller' for CMake module files
[26.426s] Level 1:colcon.colcon_core.environment:checking '/home/lance/robot/install/coord_controller' for CMake config files
[26.429s] Level 1:colcon.colcon_core.environment:checking '/home/lance/robot/install/coord_controller/lib'
[26.430s] Level 1:colcon.colcon_core.environment:checking '/home/lance/robot/install/coord_controller/bin'
[26.430s] Level 1:colcon.colcon_core.environment:checking '/home/lance/robot/install/coord_controller/lib/pkgconfig/coord_controller.pc'
[26.431s] Level 1:colcon.colcon_core.environment:checking '/home/lance/robot/install/coord_controller/lib/python3.10/site-packages'
[26.431s] Level 1:colcon.colcon_core.shell:create_environment_hook('coord_controller', 'pythonpath')
[26.443s] INFO:colcon.colcon_core.shell:Creating environment hook '/home/lance/robot/install/coord_controller/share/coord_controller/hook/pythonpath.ps1'
[26.446s] INFO:colcon.colcon_core.shell:Creating environment descriptor '/home/lance/robot/install/coord_controller/share/coord_controller/hook/pythonpath.dsv'
[26.448s] INFO:colcon.colcon_core.shell:Creating environment hook '/home/lance/robot/install/coord_controller/share/coord_controller/hook/pythonpath.sh'
[26.450s] Level 1:colcon.colcon_core.environment:checking '/home/lance/robot/install/coord_controller/bin'
[26.451s] Level 1:colcon.colcon_core.environment:create_environment_scripts_only(coord_controller)
[26.463s] INFO:colcon.colcon_core.shell:Creating package script '/home/lance/robot/install/coord_controller/share/coord_controller/package.ps1'
[26.466s] INFO:colcon.colcon_core.shell:Creating package descriptor '/home/lance/robot/install/coord_controller/share/coord_controller/package.dsv'
[26.468s] INFO:colcon.colcon_core.shell:Creating package script '/home/lance/robot/install/coord_controller/share/coord_controller/package.sh'
[26.470s] INFO:colcon.colcon_core.shell:Creating package script '/home/lance/robot/install/coord_controller/share/coord_controller/package.bash'
[26.472s] INFO:colcon.colcon_core.shell:Creating package script '/home/lance/robot/install/coord_controller/share/coord_controller/package.zsh'
[26.474s] Level 1:colcon.colcon_core.environment:create_file_with_runtime_dependencies(/home/lance/robot/install/coord_controller/share/colcon-core/packages/coord_controller)
[26.497s] Level 1:colcon.colcon_core.environment:checking '/home/lance/robot/install/controllers' for CMake module files
[26.500s] DEBUG:colcon.colcon_core.event_handler.log_command:Invoked command in '/home/lance/robot/src/controllers' returned '0': CMAKE_PREFIX_PATH=/home/lance/robot/install/my_cobot_interfaces:/home/lance/robot/install/moveit_config:/home/lance/robot/install/my_cobot_hardware_interface:/home/lance/moveit2_ws/install LD_LIBRARY_PATH=/home/lance/robot/install/my_cobot_interfaces/lib:/home/lance/robot/install/my_cobot_hardware_interface/lib:/opt/ros/humble/opt/rviz_ogre_vendor/lib:/opt/ros/humble/lib/aarch64-linux-gnu:/opt/ros/humble/lib PYTHONPATH=/home/lance/robot/build/controllers/prefix_override:/home/lance/robot/install/controllers/lib/python3.10/site-packages:${PYTHONPATH} /usr/bin/python3 setup.py egg_info --egg-base ../../build/controllers build --build-base /home/lance/robot/build/controllers/build install --record /home/lance/robot/build/controllers/install.log --single-version-externally-managed
[26.501s] Level 1:colcon.colcon_core.environment:checking '/home/lance/robot/install/controllers' for CMake config files
[26.505s] Level 1:colcon.colcon_core.environment:checking '/home/lance/robot/install/controllers/lib'
[26.506s] Level 1:colcon.colcon_core.environment:checking '/home/lance/robot/install/controllers/bin'
[26.506s] Level 1:colcon.colcon_core.environment:checking '/home/lance/robot/install/controllers/lib/pkgconfig/controllers.pc'
[26.508s] Level 1:colcon.colcon_core.environment:checking '/home/lance/robot/install/controllers/lib/python3.10/site-packages'
[26.509s] Level 1:colcon.colcon_core.shell:create_environment_hook('controllers', 'pythonpath')
[26.522s] INFO:colcon.colcon_core.shell:Creating environment hook '/home/lance/robot/install/controllers/share/controllers/hook/pythonpath.ps1'
[26.525s] INFO:colcon.colcon_core.shell:Creating environment descriptor '/home/lance/robot/install/controllers/share/controllers/hook/pythonpath.dsv'
[26.528s] INFO:colcon.colcon_core.shell:Creating environment hook '/home/lance/robot/install/controllers/share/controllers/hook/pythonpath.sh'
[26.532s] Level 1:colcon.colcon_core.environment:checking '/home/lance/robot/install/controllers/bin'
[26.533s] Level 1:colcon.colcon_core.environment:create_environment_scripts_only(controllers)
[26.547s] INFO:colcon.colcon_core.shell:Creating package script '/home/lance/robot/install/controllers/share/controllers/package.ps1'
[26.550s] INFO:colcon.colcon_core.shell:Creating package descriptor '/home/lance/robot/install/controllers/share/controllers/package.dsv'
[26.552s] INFO:colcon.colcon_core.shell:Creating package script '/home/lance/robot/install/controllers/share/controllers/package.sh'
[26.554s] INFO:colcon.colcon_core.shell:Creating package script '/home/lance/robot/install/controllers/share/controllers/package.bash'
[26.556s] INFO:colcon.colcon_core.shell:Creating package script '/home/lance/robot/install/controllers/share/controllers/package.zsh'
[26.558s] Level 1:colcon.colcon_core.environment:create_file_with_runtime_dependencies(/home/lance/robot/install/controllers/share/colcon-core/packages/controllers)
[26.559s] DEBUG:colcon.colcon_parallel_executor.executor.parallel:closing loop
[26.560s] DEBUG:colcon.colcon_parallel_executor.executor.parallel:loop closed
[26.561s] DEBUG:colcon.colcon_parallel_executor.executor.parallel:run_until_complete finished with '0'
[26.561s] DEBUG:colcon.colcon_core.event_reactor:joining thread
[26.599s] INFO:colcon.colcon_core.plugin_system:Skipping extension 'colcon_notification.desktop_notification.terminal_notifier': Not used on non-Darwin systems
[26.600s] INFO:colcon.colcon_core.plugin_system:Skipping extension 'colcon_notification.desktop_notification.win32': Not used on non-Windows systems
[26.600s] INFO:colcon.colcon_notification.desktop_notification:Sending desktop notification using 'notify2'
[26.654s] DEBUG:colcon.colcon_core.event_reactor:joined thread
[26.670s] INFO:colcon.colcon_core.shell:Creating prefix script '/home/lance/robot/install/local_setup.ps1'
[26.674s] INFO:colcon.colcon_core.shell:Creating prefix util module '/home/lance/robot/install/_local_setup_util_ps1.py'
[26.680s] INFO:colcon.colcon_core.shell:Creating prefix chain script '/home/lance/robot/install/setup.ps1'
[26.691s] INFO:colcon.colcon_core.shell:Creating prefix script '/home/lance/robot/install/local_setup.sh'
[26.694s] INFO:colcon.colcon_core.shell:Creating prefix util module '/home/lance/robot/install/_local_setup_util_sh.py'
[26.697s] INFO:colcon.colcon_core.shell:Creating prefix chain script '/home/lance/robot/install/setup.sh'
[26.709s] INFO:colcon.colcon_core.shell:Creating prefix script '/home/lance/robot/install/local_setup.bash'
[26.711s] INFO:colcon.colcon_core.shell:Creating prefix chain script '/home/lance/robot/install/setup.bash'
[26.724s] INFO:colcon.colcon_core.shell:Creating prefix script '/home/lance/robot/install/local_setup.zsh'
[26.727s] INFO:colcon.colcon_core.shell:Creating prefix chain script '/home/lance/robot/install/setup.zsh'
