[5.599s] Invoking command in '/home/lance/robot/src/motion_planning': PYTHONPATH=/home/lance/robot/build/motion_planning/prefix_override:/home/lance/robot/install/motion_planning/lib/python3.10/site-packages:${PYTHONPATH} /usr/bin/python3 setup.py egg_info --egg-base ../../build/motion_planning build --build-base /home/lance/robot/build/motion_planning/build install --record /home/lance/robot/build/motion_planning/install.log --single-version-externally-managed
[7.390s] running egg_info
[7.393s] creating ../../build/motion_planning/motion_planning.egg-info
[7.395s] writing ../../build/motion_planning/motion_planning.egg-info/PKG-INFO
[7.397s] writing dependency_links to ../../build/motion_planning/motion_planning.egg-info/dependency_links.txt
[7.399s] writing entry points to ../../build/motion_planning/motion_planning.egg-info/entry_points.txt
[7.401s] writing requirements to ../../build/motion_planning/motion_planning.egg-info/requires.txt
[7.403s] writing top-level names to ../../build/motion_planning/motion_planning.egg-info/top_level.txt
[7.405s] writing manifest file '../../build/motion_planning/motion_planning.egg-info/SOURCES.txt'
[7.415s] reading manifest file '../../build/motion_planning/motion_planning.egg-info/SOURCES.txt'
[7.419s] writing manifest file '../../build/motion_planning/motion_planning.egg-info/SOURCES.txt'
[7.422s] running build
[7.423s] running build_py
[7.425s] creating /home/lance/robot/build/motion_planning/build
[7.426s] creating /home/lance/robot/build/motion_planning/build/lib
[7.427s] creating /home/lance/robot/build/motion_planning/build/lib/motion_planning
[7.429s] copying motion_planning/motion_planning.py -> /home/lance/robot/build/motion_planning/build/lib/motion_planning
[7.432s] copying motion_planning/__init__.py -> /home/lance/robot/build/motion_planning/build/lib/motion_planning
[7.435s] running install
[7.437s] running install_lib
[7.443s] creating /home/lance/robot/install/motion_planning/lib/python3.10/site-packages/motion_planning
[7.445s] copying /home/lance/robot/build/motion_planning/build/lib/motion_planning/motion_planning.py -> /home/lance/robot/install/motion_planning/lib/python3.10/site-packages/motion_planning
[7.448s] copying /home/lance/robot/build/motion_planning/build/lib/motion_planning/__init__.py -> /home/lance/robot/install/motion_planning/lib/python3.10/site-packages/motion_planning
[7.453s] byte-compiling /home/lance/robot/install/motion_planning/lib/python3.10/site-packages/motion_planning/motion_planning.py to motion_planning.cpython-310.pyc
[7.457s] byte-compiling /home/lance/robot/install/motion_planning/lib/python3.10/site-packages/motion_planning/__init__.py to __init__.cpython-310.pyc
[7.458s] running install_data
[7.461s] creating /home/lance/robot/install/motion_planning/share/ament_index
[7.462s] creating /home/lance/robot/install/motion_planning/share/ament_index/resource_index
[7.463s] creating /home/lance/robot/install/motion_planning/share/ament_index/resource_index/packages
[7.463s] copying resource/motion_planning -> /home/lance/robot/install/motion_planning/share/ament_index/resource_index/packages
[7.463s] copying package.xml -> /home/lance/robot/install/motion_planning/share/motion_planning
[7.464s] running install_egg_info
[7.471s] Copying ../../build/motion_planning/motion_planning.egg-info to /home/lance/robot/install/motion_planning/lib/python3.10/site-packages/motion_planning-0.0.0-py3.10.egg-info
[7.479s] running install_scripts
[7.582s] Installing mp script to /home/lance/robot/install/motion_planning/lib/motion_planning
[7.585s] writing list of installed files to '/home/lance/robot/build/motion_planning/install.log'
[7.927s] Invoked command in '/home/lance/robot/src/motion_planning' returned '0': PYTHONPATH=/home/lance/robot/build/motion_planning/prefix_override:/home/lance/robot/install/motion_planning/lib/python3.10/site-packages:${PYTHONPATH} /usr/bin/python3 setup.py egg_info --egg-base ../../build/motion_planning build --build-base /home/lance/robot/build/motion_planning/build install --record /home/lance/robot/build/motion_planning/install.log --single-version-externally-managed
