[3.605s] Invoking command in '/home/lance/robot/build/moveit_config': AMENT_PREFIX_PATH=/home/lance/robot/install/robot_description:/home/lance/robot/install/moveit_config:/home/lance/robot/install/my_cobot_hardware_interface:/home/lance/robot/install/coord_controller:/home/lance/robot/install/controllers:/home/lance/robot/install/computer_vision:/home/lance/robot/install/my_cobot_interfaces:/home/lance/robot/install/motion_planning:/home/lance/robot/install/bringup:/home/lance/moveit2_ws/install:/opt/ros/humble CMAKE_PREFIX_PATH=/home/lance/robot/install/my_cobot_hardware_interface:/home/lance/robot/install/my_cobot_interfaces:/home/lance/robot/install/moveit_config:/home/lance/moveit2_ws/install:/home/lance/robot/install/robot_description:/home/lance/robot/install/coord_controller:/home/lance/robot/install/controllers:/home/lance/robot/install/computer_vision:/home/lance/robot/install/motion_planning:/home/lance/robot/install/bringup:/opt/ros/humble /usr/bin/cmake --build /home/lance/robot/build/moveit_config -- -j4 -l4
[4.024s] Invoked command in '/home/lance/robot/build/moveit_config' returned '0': AMENT_PREFIX_PATH=/home/lance/robot/install/robot_description:/home/lance/robot/install/moveit_config:/home/lance/robot/install/my_cobot_hardware_interface:/home/lance/robot/install/coord_controller:/home/lance/robot/install/controllers:/home/lance/robot/install/computer_vision:/home/lance/robot/install/my_cobot_interfaces:/home/lance/robot/install/motion_planning:/home/lance/robot/install/bringup:/home/lance/moveit2_ws/install:/opt/ros/humble CMAKE_PREFIX_PATH=/home/lance/robot/install/my_cobot_hardware_interface:/home/lance/robot/install/my_cobot_interfaces:/home/lance/robot/install/moveit_config:/home/lance/moveit2_ws/install:/home/lance/robot/install/robot_description:/home/lance/robot/install/coord_controller:/home/lance/robot/install/controllers:/home/lance/robot/install/computer_vision:/home/lance/robot/install/motion_planning:/home/lance/robot/install/bringup:/opt/ros/humble /usr/bin/cmake --build /home/lance/robot/build/moveit_config -- -j4 -l4
[4.542s] Invoking command in '/home/lance/robot/build/moveit_config': AMENT_PREFIX_PATH=/home/lance/robot/install/robot_description:/home/lance/robot/install/moveit_config:/home/lance/robot/install/my_cobot_hardware_interface:/home/lance/robot/install/coord_controller:/home/lance/robot/install/controllers:/home/lance/robot/install/computer_vision:/home/lance/robot/install/my_cobot_interfaces:/home/lance/robot/install/motion_planning:/home/lance/robot/install/bringup:/home/lance/moveit2_ws/install:/opt/ros/humble CMAKE_PREFIX_PATH=/home/lance/robot/install/my_cobot_hardware_interface:/home/lance/robot/install/my_cobot_interfaces:/home/lance/robot/install/moveit_config:/home/lance/moveit2_ws/install:/home/lance/robot/install/robot_description:/home/lance/robot/install/coord_controller:/home/lance/robot/install/controllers:/home/lance/robot/install/computer_vision:/home/lance/robot/install/motion_planning:/home/lance/robot/install/bringup:/opt/ros/humble /usr/bin/cmake --install /home/lance/robot/build/moveit_config
[4.616s] -- Install configuration: ""
[4.617s] -- Up-to-date: /home/lance/robot/install/moveit_config/share/ament_index/resource_index/package_run_dependencies/moveit_config
[4.619s] -- Up-to-date: /home/lance/robot/install/moveit_config/share/ament_index/resource_index/parent_prefix_path/moveit_config
[4.620s] -- Up-to-date: /home/lance/robot/install/moveit_config/share/moveit_config/environment/ament_prefix_path.sh
[4.621s] -- Up-to-date: /home/lance/robot/install/moveit_config/share/moveit_config/environment/ament_prefix_path.dsv
[4.632s] -- Up-to-date: /home/lance/robot/install/moveit_config/share/moveit_config/environment/path.sh
[4.634s] -- Up-to-date: /home/lance/robot/install/moveit_config/share/moveit_config/environment/path.dsv
[4.635s] -- Up-to-date: /home/lance/robot/install/moveit_config/share/moveit_config/local_setup.bash
[4.636s] -- Up-to-date: /home/lance/robot/install/moveit_config/share/moveit_config/local_setup.sh
[4.638s] -- Up-to-date: /home/lance/robot/install/moveit_config/share/moveit_config/local_setup.zsh
[4.639s] -- Up-to-date: /home/lance/robot/install/moveit_config/share/moveit_config/local_setup.dsv
[4.640s] -- Installing: /home/lance/robot/install/moveit_config/share/moveit_config/package.dsv
[4.650s] -- Up-to-date: /home/lance/robot/install/moveit_config/share/ament_index/resource_index/packages/moveit_config
[4.651s] -- Up-to-date: /home/lance/robot/install/moveit_config/share/moveit_config/cmake/moveit_configConfig.cmake
[4.651s] -- Up-to-date: /home/lance/robot/install/moveit_config/share/moveit_config/cmake/moveit_configConfig-version.cmake
[4.652s] -- Up-to-date: /home/lance/robot/install/moveit_config/share/moveit_config/package.xml
[4.652s] -- Up-to-date: /home/lance/robot/install/moveit_config/share/moveit_config/launch
[4.653s] -- Up-to-date: /home/lance/robot/install/moveit_config/share/moveit_config/launch/moveit.launch.py
[4.654s] -- Up-to-date: /home/lance/robot/install/moveit_config/share/moveit_config/launch/static_virtual_joint_tfs.launch.py
[4.654s] -- Up-to-date: /home/lance/robot/install/moveit_config/share/moveit_config/launch/demo.launch.py
[4.655s] -- Up-to-date: /home/lance/robot/install/moveit_config/share/moveit_config/launch/warehouse_db.launch.py
[4.655s] -- Up-to-date: /home/lance/robot/install/moveit_config/share/moveit_config/launch/moveit_rviz.launch.py
[4.656s] -- Up-to-date: /home/lance/robot/install/moveit_config/share/moveit_config/launch/setup_assistant.launch.py
[4.656s] -- Up-to-date: /home/lance/robot/install/moveit_config/share/moveit_config/launch/spawn_controllers.launch.py
[4.657s] -- Up-to-date: /home/lance/robot/install/moveit_config/share/moveit_config/launch/move_group.launch.py
[4.658s] -- Up-to-date: /home/lance/robot/install/moveit_config/share/moveit_config/launch/rsp.launch.py
[4.668s] -- Up-to-date: /home/lance/robot/install/moveit_config/share/moveit_config/config
[4.669s] -- Up-to-date: /home/lance/robot/install/moveit_config/share/moveit_config/config/moveit_controllers.yaml
[4.670s] -- Up-to-date: /home/lance/robot/install/moveit_config/share/moveit_config/config/mycobot_ai.srdf
[4.671s] -- Up-to-date: /home/lance/robot/install/moveit_config/share/moveit_config/config/kinematics.yaml
[4.672s] -- Up-to-date: /home/lance/robot/install/moveit_config/share/moveit_config/config/pilz_cartesian_limits.yaml
[4.672s] -- Up-to-date: /home/lance/robot/install/moveit_config/share/moveit_config/config/mycobot_ai.ros2_control.xacro
[4.673s] -- Up-to-date: /home/lance/robot/install/moveit_config/share/moveit_config/config/joint_limits.yaml
[4.673s] -- Up-to-date: /home/lance/robot/install/moveit_config/share/moveit_config/config/mycobot_ai.urdf.xacro
[4.674s] -- Up-to-date: /home/lance/robot/install/moveit_config/share/moveit_config/config/initial_positions.yaml
[4.675s] -- Up-to-date: /home/lance/robot/install/moveit_config/share/moveit_config/config/moveit.rviz
[4.675s] -- Up-to-date: /home/lance/robot/install/moveit_config/share/moveit_config/config/ros2_controllers.yaml
[4.676s] -- Up-to-date: /home/lance/robot/install/moveit_config/share/moveit_config/config/sensors_3d.yaml
[4.676s] -- Up-to-date: /home/lance/robot/install/moveit_config/share/moveit_config/.setup_assistant
[4.701s] Invoked command in '/home/lance/robot/build/moveit_config' returned '0': AMENT_PREFIX_PATH=/home/lance/robot/install/robot_description:/home/lance/robot/install/moveit_config:/home/lance/robot/install/my_cobot_hardware_interface:/home/lance/robot/install/coord_controller:/home/lance/robot/install/controllers:/home/lance/robot/install/computer_vision:/home/lance/robot/install/my_cobot_interfaces:/home/lance/robot/install/motion_planning:/home/lance/robot/install/bringup:/home/lance/moveit2_ws/install:/opt/ros/humble CMAKE_PREFIX_PATH=/home/lance/robot/install/my_cobot_hardware_interface:/home/lance/robot/install/my_cobot_interfaces:/home/lance/robot/install/moveit_config:/home/lance/moveit2_ws/install:/home/lance/robot/install/robot_description:/home/lance/robot/install/coord_controller:/home/lance/robot/install/controllers:/home/lance/robot/install/computer_vision:/home/lance/robot/install/motion_planning:/home/lance/robot/install/bringup:/opt/ros/humble /usr/bin/cmake --install /home/lance/robot/build/moveit_config
