[6.217s] Invoking command in '/home/lance/robot/src/motion_planning': PYTHONPATH=/home/lance/robot/build/motion_planning/prefix_override:/home/lance/robot/install/motion_planning/lib/python3.10/site-packages:${PYTHONPATH} /usr/bin/python3 setup.py egg_info --egg-base ../../build/motion_planning build --build-base /home/lance/robot/build/motion_planning/build install --record /home/lance/robot/build/motion_planning/install.log --single-version-externally-managed
[7.910s] running egg_info
[7.912s] writing ../../build/motion_planning/motion_planning.egg-info/PKG-INFO
[7.914s] writing dependency_links to ../../build/motion_planning/motion_planning.egg-info/dependency_links.txt
[7.915s] writing entry points to ../../build/motion_planning/motion_planning.egg-info/entry_points.txt
[7.917s] writing requirements to ../../build/motion_planning/motion_planning.egg-info/requires.txt
[7.918s] writing top-level names to ../../build/motion_planning/motion_planning.egg-info/top_level.txt
[7.942s] reading manifest file '../../build/motion_planning/motion_planning.egg-info/SOURCES.txt'
[7.951s] writing manifest file '../../build/motion_planning/motion_planning.egg-info/SOURCES.txt'
[7.952s] running build
[7.952s] running build_py
[7.954s] running install
[7.957s] /usr/lib/python3/dist-packages/setuptools/command/install.py:34: SetuptoolsDeprecationWarning: setup.py install is deprecated. Use build and pip and other standards-based tools.
[7.958s]   warnings.warn(
[7.959s] running install_lib
[7.964s] running install_data
[7.967s] running install_egg_info
[7.976s] removing '/home/lance/robot/install/motion_planning/lib/python3.10/site-packages/motion_planning-0.0.0-py3.10.egg-info' (and everything under it)
[7.979s] Copying ../../build/motion_planning/motion_planning.egg-info to /home/lance/robot/install/motion_planning/lib/python3.10/site-packages/motion_planning-0.0.0-py3.10.egg-info
[7.988s] running install_scripts
[8.132s] writing list of installed files to '/home/lance/robot/build/motion_planning/install.log'
[8.454s] Invoked command in '/home/lance/robot/src/motion_planning' returned '0': PYTHONPATH=/home/lance/robot/build/motion_planning/prefix_override:/home/lance/robot/install/motion_planning/lib/python3.10/site-packages:${PYTHONPATH} /usr/bin/python3 setup.py egg_info --egg-base ../../build/motion_planning build --build-base /home/lance/robot/build/motion_planning/build install --record /home/lance/robot/build/motion_planning/install.log --single-version-externally-managed
