[15.651s] Invoking command in '/home/lance/robot/build/moveit_config': AMENT_PREFIX_PATH=/home/lance/robot/install/robot_description:/home/lance/robot/install/moveit_config:/home/lance/robot/install/my_cobot_hardware_interface:/home/lance/robot/install/controllers:/home/lance/robot/install/my_cobot_interfaces:/home/lance/robot/install/motion_planning:/home/lance/robot/install/computer_vision:/home/lance/robot/install/bringup:/home/lance/moveit2_ws/install:/opt/ros/humble CMAKE_PREFIX_PATH=/home/lance/robot/install/my_cobot_hardware_interface:/home/lance/robot/install/my_cobot_interfaces:/home/lance/robot/install/moveit_config:/home/lance/moveit2_ws/install:/home/lance/robot/install/robot_description:/home/lance/robot/install/controllers:/home/lance/robot/install/motion_planning:/home/lance/robot/install/computer_vision:/home/lance/robot/install/bringup:/opt/ros/humble /usr/bin/cmake --build /home/lance/robot/build/moveit_config -- -j4 -l4
[16.778s] Invoked command in '/home/lance/robot/build/moveit_config' returned '0': AMENT_PREFIX_PATH=/home/lance/robot/install/robot_description:/home/lance/robot/install/moveit_config:/home/lance/robot/install/my_cobot_hardware_interface:/home/lance/robot/install/controllers:/home/lance/robot/install/my_cobot_interfaces:/home/lance/robot/install/motion_planning:/home/lance/robot/install/computer_vision:/home/lance/robot/install/bringup:/home/lance/moveit2_ws/install:/opt/ros/humble CMAKE_PREFIX_PATH=/home/lance/robot/install/my_cobot_hardware_interface:/home/lance/robot/install/my_cobot_interfaces:/home/lance/robot/install/moveit_config:/home/lance/moveit2_ws/install:/home/lance/robot/install/robot_description:/home/lance/robot/install/controllers:/home/lance/robot/install/motion_planning:/home/lance/robot/install/computer_vision:/home/lance/robot/install/bringup:/opt/ros/humble /usr/bin/cmake --build /home/lance/robot/build/moveit_config -- -j4 -l4
[17.647s] Invoking command in '/home/lance/robot/build/moveit_config': AMENT_PREFIX_PATH=/home/lance/robot/install/robot_description:/home/lance/robot/install/moveit_config:/home/lance/robot/install/my_cobot_hardware_interface:/home/lance/robot/install/controllers:/home/lance/robot/install/my_cobot_interfaces:/home/lance/robot/install/motion_planning:/home/lance/robot/install/computer_vision:/home/lance/robot/install/bringup:/home/lance/moveit2_ws/install:/opt/ros/humble CMAKE_PREFIX_PATH=/home/lance/robot/install/my_cobot_hardware_interface:/home/lance/robot/install/my_cobot_interfaces:/home/lance/robot/install/moveit_config:/home/lance/moveit2_ws/install:/home/lance/robot/install/robot_description:/home/lance/robot/install/controllers:/home/lance/robot/install/motion_planning:/home/lance/robot/install/computer_vision:/home/lance/robot/install/bringup:/opt/ros/humble /usr/bin/cmake --install /home/lance/robot/build/moveit_config
[17.961s] -- Install configuration: ""
[17.974s] -- Up-to-date: /home/lance/robot/install/moveit_config/share/ament_index/resource_index/package_run_dependencies/moveit_config
[17.995s] -- Up-to-date: /home/lance/robot/install/moveit_config/share/ament_index/resource_index/parent_prefix_path/moveit_config
[18.005s] -- Up-to-date: /home/lance/robot/install/moveit_config/share/moveit_config/environment/ament_prefix_path.sh
[18.006s] -- Up-to-date: /home/lance/robot/install/moveit_config/share/moveit_config/environment/ament_prefix_path.dsv
[18.007s] -- Up-to-date: /home/lance/robot/install/moveit_config/share/moveit_config/environment/path.sh
[18.031s] -- Up-to-date: /home/lance/robot/install/moveit_config/share/moveit_config/environment/path.dsv
[18.032s] -- Up-to-date: /home/lance/robot/install/moveit_config/share/moveit_config/local_setup.bash
[18.033s] -- Up-to-date: /home/lance/robot/install/moveit_config/share/moveit_config/local_setup.sh
[18.035s] -- Up-to-date: /home/lance/robot/install/moveit_config/share/moveit_config/local_setup.zsh
[18.036s] -- Up-to-date: /home/lance/robot/install/moveit_config/share/moveit_config/local_setup.dsv
[18.080s] -- Installing: /home/lance/robot/install/moveit_config/share/moveit_config/package.dsv
[18.092s] -- Up-to-date: /home/lance/robot/install/moveit_config/share/ament_index/resource_index/packages/moveit_config
[18.095s] -- Up-to-date: /home/lance/robot/install/moveit_config/share/moveit_config/cmake/moveit_configConfig.cmake
[18.122s] -- Up-to-date: /home/lance/robot/install/moveit_config/share/moveit_config/cmake/moveit_configConfig-version.cmake
[18.122s] -- Up-to-date: /home/lance/robot/install/moveit_config/share/moveit_config/package.xml
[18.123s] -- Up-to-date: /home/lance/robot/install/moveit_config/share/moveit_config/launch
[18.138s] -- Up-to-date: /home/lance/robot/install/moveit_config/share/moveit_config/launch/moveit.launch.py
[18.139s] -- Up-to-date: /home/lance/robot/install/moveit_config/share/moveit_config/launch/static_virtual_joint_tfs.launch.py
[18.160s] -- Up-to-date: /home/lance/robot/install/moveit_config/share/moveit_config/launch/demo.launch.py
[18.162s] -- Up-to-date: /home/lance/robot/install/moveit_config/share/moveit_config/launch/warehouse_db.launch.py
[18.163s] -- Up-to-date: /home/lance/robot/install/moveit_config/share/moveit_config/launch/moveit_rviz.launch.py
[18.257s] -- Up-to-date: /home/lance/robot/install/moveit_config/share/moveit_config/launch/setup_assistant.launch.py
[18.296s] -- Up-to-date: /home/lance/robot/install/moveit_config/share/moveit_config/launch/spawn_controllers.launch.py
[18.299s] -- Up-to-date: /home/lance/robot/install/moveit_config/share/moveit_config/launch/move_group.launch.py
[18.310s] -- Up-to-date: /home/lance/robot/install/moveit_config/share/moveit_config/launch/rsp.launch.py
[18.312s] -- Up-to-date: /home/lance/robot/install/moveit_config/share/moveit_config/config
[18.316s] -- Up-to-date: /home/lance/robot/install/moveit_config/share/moveit_config/config/moveit_controllers.yaml
[18.351s] -- Up-to-date: /home/lance/robot/install/moveit_config/share/moveit_config/config/mycobot_ai.srdf
[18.353s] -- Up-to-date: /home/lance/robot/install/moveit_config/share/moveit_config/config/kinematics.yaml
[18.362s] -- Up-to-date: /home/lance/robot/install/moveit_config/share/moveit_config/config/pilz_cartesian_limits.yaml
[18.380s] -- Up-to-date: /home/lance/robot/install/moveit_config/share/moveit_config/config/mycobot_ai.ros2_control.xacro
[18.390s] -- Up-to-date: /home/lance/robot/install/moveit_config/share/moveit_config/config/joint_limits.yaml
[18.413s] -- Up-to-date: /home/lance/robot/install/moveit_config/share/moveit_config/config/mycobot_ai.urdf.xacro
[18.415s] -- Up-to-date: /home/lance/robot/install/moveit_config/share/moveit_config/config/initial_positions.yaml
[18.416s] -- Up-to-date: /home/lance/robot/install/moveit_config/share/moveit_config/config/moveit.rviz
[18.417s] -- Up-to-date: /home/lance/robot/install/moveit_config/share/moveit_config/config/ros2_controllers.yaml
[18.419s] -- Up-to-date: /home/lance/robot/install/moveit_config/share/moveit_config/config/sensors_3d.yaml
[18.420s] -- Up-to-date: /home/lance/robot/install/moveit_config/share/moveit_config/.setup_assistant
[18.423s] Invoked command in '/home/lance/robot/build/moveit_config' returned '0': AMENT_PREFIX_PATH=/home/lance/robot/install/robot_description:/home/lance/robot/install/moveit_config:/home/lance/robot/install/my_cobot_hardware_interface:/home/lance/robot/install/controllers:/home/lance/robot/install/my_cobot_interfaces:/home/lance/robot/install/motion_planning:/home/lance/robot/install/computer_vision:/home/lance/robot/install/bringup:/home/lance/moveit2_ws/install:/opt/ros/humble CMAKE_PREFIX_PATH=/home/lance/robot/install/my_cobot_hardware_interface:/home/lance/robot/install/my_cobot_interfaces:/home/lance/robot/install/moveit_config:/home/lance/moveit2_ws/install:/home/lance/robot/install/robot_description:/home/lance/robot/install/controllers:/home/lance/robot/install/motion_planning:/home/lance/robot/install/computer_vision:/home/lance/robot/install/bringup:/opt/ros/humble /usr/bin/cmake --install /home/lance/robot/build/moveit_config
