[0.413s] Invoking command in '/home/lance/robot/build/my_cobot_interfaces': CMAKE_PREFIX_PATH=${CMAKE_PREFIX_PATH}:/home/lance/robot/install/robot_description:/home/lance/robot/install/controllers:/home/lance/robot/install/motion_planning:/home/lance/robot/install/computer_vision:/home/lance/robot/install/bringup:/opt/ros/humble /usr/bin/cmake --build /home/lance/robot/build/my_cobot_interfaces -- -j4 -l4
[4.328s] [  2%] Built target my_cobot_interfaces__cpp
[4.330s] [ 12%] Built target my_cobot_interfaces__rosidl_generator_c
[4.332s] [ 12%] Built target ament_cmake_python_copy_my_cobot_interfaces
[4.333s] [ 23%] Built target my_cobot_interfaces__rosidl_typesupport_cpp
[4.334s] [ 34%] Built target my_cobot_interfaces__rosidl_typesupport_fastrtps_cpp
[4.334s] [ 44%] Built target my_cobot_interfaces__rosidl_typesupport_introspection_cpp
[4.335s] [ 55%] Built target my_cobot_interfaces__rosidl_typesupport_fastrtps_c
[4.339s] [ 65%] Built target my_cobot_interfaces__rosidl_typesupport_c
[4.344s] [ 76%] Built target my_cobot_interfaces__rosidl_typesupport_introspection_c
[4.349s] [ 76%] Built target my_cobot_interfaces
[4.349s] [ 78%] Built target my_cobot_interfaces__py
[4.350s] [ 87%] Built target my_cobot_interfaces__rosidl_generator_py
[4.350s] [ 91%] Built target my_cobot_interfaces__rosidl_typesupport_fastrtps_c__pyext
[4.351s] [ 95%] Built target my_cobot_interfaces__rosidl_typesupport_introspection_c__pyext
[4.351s] [100%] Built target my_cobot_interfaces__rosidl_typesupport_c__pyext
[4.352s] running egg_info
[4.353s] writing my_cobot_interfaces.egg-info/PKG-INFO
[4.353s] writing dependency_links to my_cobot_interfaces.egg-info/dependency_links.txt
[4.354s] writing top-level names to my_cobot_interfaces.egg-info/top_level.txt
[4.355s] reading manifest file 'my_cobot_interfaces.egg-info/SOURCES.txt'
[4.355s] writing manifest file 'my_cobot_interfaces.egg-info/SOURCES.txt'
[4.356s] [100%] Built target ament_cmake_python_build_my_cobot_interfaces_egg
[4.357s] Invoked command in '/home/lance/robot/build/my_cobot_interfaces' returned '0': CMAKE_PREFIX_PATH=${CMAKE_PREFIX_PATH}:/home/lance/robot/install/robot_description:/home/lance/robot/install/controllers:/home/lance/robot/install/motion_planning:/home/lance/robot/install/computer_vision:/home/lance/robot/install/bringup:/opt/ros/humble /usr/bin/cmake --build /home/lance/robot/build/my_cobot_interfaces -- -j4 -l4
[6.026s] Invoking command in '/home/lance/robot/build/my_cobot_interfaces': CMAKE_PREFIX_PATH=${CMAKE_PREFIX_PATH}:/home/lance/robot/install/robot_description:/home/lance/robot/install/controllers:/home/lance/robot/install/motion_planning:/home/lance/robot/install/computer_vision:/home/lance/robot/install/bringup:/opt/ros/humble /usr/bin/cmake --install /home/lance/robot/build/my_cobot_interfaces
[6.085s] -- Install configuration: ""
[6.085s] -- Up-to-date: /home/lance/robot/install/my_cobot_interfaces/share/ament_index/resource_index/rosidl_interfaces/my_cobot_interfaces
[6.087s] -- Up-to-date: /home/lance/robot/install/my_cobot_interfaces/include/my_cobot_interfaces/my_cobot_interfaces
[6.087s] -- Up-to-date: /home/lance/robot/install/my_cobot_interfaces/include/my_cobot_interfaces/my_cobot_interfaces/srv
[6.089s] -- Up-to-date: /home/lance/robot/install/my_cobot_interfaces/include/my_cobot_interfaces/my_cobot_interfaces/srv/detail
[6.094s] -- Up-to-date: /home/lance/robot/install/my_cobot_interfaces/include/my_cobot_interfaces/my_cobot_interfaces/srv/detail/set_radians__functions.h
[6.096s] -- Up-to-date: /home/lance/robot/install/my_cobot_interfaces/include/my_cobot_interfaces/my_cobot_interfaces/srv/detail/play_pause__functions.c
[6.096s] -- Up-to-date: /home/lance/robot/install/my_cobot_interfaces/include/my_cobot_interfaces/my_cobot_interfaces/srv/detail/get_radians__struct.h
[6.097s] -- Up-to-date: /home/lance/robot/install/my_cobot_interfaces/include/my_cobot_interfaces/my_cobot_interfaces/srv/detail/play_pause__struct.h
[6.098s] -- Up-to-date: /home/lance/robot/install/my_cobot_interfaces/include/my_cobot_interfaces/my_cobot_interfaces/srv/detail/play_pause__functions.h
[6.098s] -- Up-to-date: /home/lance/robot/install/my_cobot_interfaces/include/my_cobot_interfaces/my_cobot_interfaces/srv/detail/get_radians__functions.h
[6.099s] -- Up-to-date: /home/lance/robot/install/my_cobot_interfaces/include/my_cobot_interfaces/my_cobot_interfaces/srv/detail/set_radians__functions.c
[6.100s] -- Up-to-date: /home/lance/robot/install/my_cobot_interfaces/include/my_cobot_interfaces/my_cobot_interfaces/srv/detail/get_radians__type_support.h
[6.101s] -- Up-to-date: /home/lance/robot/install/my_cobot_interfaces/include/my_cobot_interfaces/my_cobot_interfaces/srv/detail/set_radians__type_support.h
[6.102s] -- Up-to-date: /home/lance/robot/install/my_cobot_interfaces/include/my_cobot_interfaces/my_cobot_interfaces/srv/detail/get_radians__functions.c
[6.103s] -- Up-to-date: /home/lance/robot/install/my_cobot_interfaces/include/my_cobot_interfaces/my_cobot_interfaces/srv/detail/set_radians__struct.h
[6.104s] -- Up-to-date: /home/lance/robot/install/my_cobot_interfaces/include/my_cobot_interfaces/my_cobot_interfaces/srv/detail/play_pause__type_support.h
[6.105s] -- Up-to-date: /home/lance/robot/install/my_cobot_interfaces/include/my_cobot_interfaces/my_cobot_interfaces/srv/play_pause.h
[6.105s] -- Up-to-date: /home/lance/robot/install/my_cobot_interfaces/include/my_cobot_interfaces/my_cobot_interfaces/srv/set_radians.h
[6.106s] -- Up-to-date: /home/lance/robot/install/my_cobot_interfaces/include/my_cobot_interfaces/my_cobot_interfaces/srv/get_radians.h
[6.107s] -- Up-to-date: /home/lance/robot/install/my_cobot_interfaces/include/my_cobot_interfaces/my_cobot_interfaces/msg
[6.108s] -- Up-to-date: /home/lance/robot/install/my_cobot_interfaces/include/my_cobot_interfaces/my_cobot_interfaces/msg/rosidl_generator_c__visibility_control.h
[6.109s] -- Up-to-date: /home/lance/robot/install/my_cobot_interfaces/share/my_cobot_interfaces/environment/library_path.sh
[6.109s] -- Up-to-date: /home/lance/robot/install/my_cobot_interfaces/share/my_cobot_interfaces/environment/library_path.dsv
[6.114s] -- Up-to-date: /home/lance/robot/install/my_cobot_interfaces/lib/libmy_cobot_interfaces__rosidl_generator_c.so
[6.117s] -- Up-to-date: /home/lance/robot/install/my_cobot_interfaces/include/my_cobot_interfaces/my_cobot_interfaces
[6.119s] -- Up-to-date: /home/lance/robot/install/my_cobot_interfaces/include/my_cobot_interfaces/my_cobot_interfaces/srv
[6.122s] -- Up-to-date: /home/lance/robot/install/my_cobot_interfaces/include/my_cobot_interfaces/my_cobot_interfaces/srv/detail
[6.125s] -- Up-to-date: /home/lance/robot/install/my_cobot_interfaces/include/my_cobot_interfaces/my_cobot_interfaces/srv/detail/play_pause__rosidl_typesupport_fastrtps_c.h
[6.126s] -- Up-to-date: /home/lance/robot/install/my_cobot_interfaces/include/my_cobot_interfaces/my_cobot_interfaces/srv/detail/set_radians__rosidl_typesupport_fastrtps_c.h
[6.128s] -- Up-to-date: /home/lance/robot/install/my_cobot_interfaces/include/my_cobot_interfaces/my_cobot_interfaces/srv/detail/get_radians__rosidl_typesupport_fastrtps_c.h
[6.130s] -- Up-to-date: /home/lance/robot/install/my_cobot_interfaces/include/my_cobot_interfaces/my_cobot_interfaces/msg
[6.132s] -- Up-to-date: /home/lance/robot/install/my_cobot_interfaces/include/my_cobot_interfaces/my_cobot_interfaces/msg/rosidl_typesupport_fastrtps_c__visibility_control.h
[6.138s] -- Up-to-date: /home/lance/robot/install/my_cobot_interfaces/lib/libmy_cobot_interfaces__rosidl_typesupport_fastrtps_c.so
[6.141s] -- Up-to-date: /home/lance/robot/install/my_cobot_interfaces/include/my_cobot_interfaces/my_cobot_interfaces
[6.143s] -- Up-to-date: /home/lance/robot/install/my_cobot_interfaces/include/my_cobot_interfaces/my_cobot_interfaces/srv
[6.146s] -- Up-to-date: /home/lance/robot/install/my_cobot_interfaces/include/my_cobot_interfaces/my_cobot_interfaces/srv/detail
[6.149s] -- Up-to-date: /home/lance/robot/install/my_cobot_interfaces/include/my_cobot_interfaces/my_cobot_interfaces/srv/detail/play_pause__struct.hpp
[6.150s] -- Up-to-date: /home/lance/robot/install/my_cobot_interfaces/include/my_cobot_interfaces/my_cobot_interfaces/srv/detail/set_radians__struct.hpp
[6.152s] -- Up-to-date: /home/lance/robot/install/my_cobot_interfaces/include/my_cobot_interfaces/my_cobot_interfaces/srv/detail/play_pause__traits.hpp
[6.154s] -- Up-to-date: /home/lance/robot/install/my_cobot_interfaces/include/my_cobot_interfaces/my_cobot_interfaces/srv/detail/get_radians__traits.hpp
[6.155s] -- Up-to-date: /home/lance/robot/install/my_cobot_interfaces/include/my_cobot_interfaces/my_cobot_interfaces/srv/detail/get_radians__builder.hpp
[6.157s] -- Up-to-date: /home/lance/robot/install/my_cobot_interfaces/include/my_cobot_interfaces/my_cobot_interfaces/srv/detail/play_pause__builder.hpp
[6.160s] -- Up-to-date: /home/lance/robot/install/my_cobot_interfaces/include/my_cobot_interfaces/my_cobot_interfaces/srv/detail/set_radians__builder.hpp
[6.167s] -- Up-to-date: /home/lance/robot/install/my_cobot_interfaces/include/my_cobot_interfaces/my_cobot_interfaces/srv/detail/set_radians__traits.hpp
[6.168s] -- Up-to-date: /home/lance/robot/install/my_cobot_interfaces/include/my_cobot_interfaces/my_cobot_interfaces/srv/detail/get_radians__struct.hpp
[6.169s] -- Up-to-date: /home/lance/robot/install/my_cobot_interfaces/include/my_cobot_interfaces/my_cobot_interfaces/srv/get_radians.hpp
[6.170s] -- Up-to-date: /home/lance/robot/install/my_cobot_interfaces/include/my_cobot_interfaces/my_cobot_interfaces/srv/set_radians.hpp
[6.170s] -- Up-to-date: /home/lance/robot/install/my_cobot_interfaces/include/my_cobot_interfaces/my_cobot_interfaces/srv/play_pause.hpp
[6.171s] -- Up-to-date: /home/lance/robot/install/my_cobot_interfaces/include/my_cobot_interfaces/my_cobot_interfaces
[6.175s] -- Up-to-date: /home/lance/robot/install/my_cobot_interfaces/include/my_cobot_interfaces/my_cobot_interfaces/srv
[6.181s] -- Up-to-date: /home/lance/robot/install/my_cobot_interfaces/include/my_cobot_interfaces/my_cobot_interfaces/srv/detail
[6.182s] -- Up-to-date: /home/lance/robot/install/my_cobot_interfaces/include/my_cobot_interfaces/my_cobot_interfaces/srv/detail/dds_fastrtps
[6.183s] -- Up-to-date: /home/lance/robot/install/my_cobot_interfaces/include/my_cobot_interfaces/my_cobot_interfaces/srv/detail/play_pause__rosidl_typesupport_fastrtps_cpp.hpp
[6.184s] -- Up-to-date: /home/lance/robot/install/my_cobot_interfaces/include/my_cobot_interfaces/my_cobot_interfaces/srv/detail/get_radians__rosidl_typesupport_fastrtps_cpp.hpp
[6.184s] -- Up-to-date: /home/lance/robot/install/my_cobot_interfaces/include/my_cobot_interfaces/my_cobot_interfaces/srv/detail/set_radians__rosidl_typesupport_fastrtps_cpp.hpp
[6.185s] -- Up-to-date: /home/lance/robot/install/my_cobot_interfaces/include/my_cobot_interfaces/my_cobot_interfaces/msg
[6.186s] -- Up-to-date: /home/lance/robot/install/my_cobot_interfaces/include/my_cobot_interfaces/my_cobot_interfaces/msg/rosidl_typesupport_fastrtps_cpp__visibility_control.h
[6.195s] -- Up-to-date: /home/lance/robot/install/my_cobot_interfaces/lib/libmy_cobot_interfaces__rosidl_typesupport_fastrtps_cpp.so
[6.196s] -- Up-to-date: /home/lance/robot/install/my_cobot_interfaces/include/my_cobot_interfaces/my_cobot_interfaces
[6.197s] -- Up-to-date: /home/lance/robot/install/my_cobot_interfaces/include/my_cobot_interfaces/my_cobot_interfaces/srv
[6.204s] -- Up-to-date: /home/lance/robot/install/my_cobot_interfaces/include/my_cobot_interfaces/my_cobot_interfaces/srv/detail
[6.208s] -- Up-to-date: /home/lance/robot/install/my_cobot_interfaces/include/my_cobot_interfaces/my_cobot_interfaces/srv/detail/get_radians__rosidl_typesupport_introspection_c.h
[6.208s] -- Up-to-date: /home/lance/robot/install/my_cobot_interfaces/include/my_cobot_interfaces/my_cobot_interfaces/srv/detail/set_radians__type_support.c
[6.209s] -- Up-to-date: /home/lance/robot/install/my_cobot_interfaces/include/my_cobot_interfaces/my_cobot_interfaces/srv/detail/play_pause__type_support.c
[6.210s] -- Up-to-date: /home/lance/robot/install/my_cobot_interfaces/include/my_cobot_interfaces/my_cobot_interfaces/srv/detail/set_radians__rosidl_typesupport_introspection_c.h
[6.213s] -- Up-to-date: /home/lance/robot/install/my_cobot_interfaces/include/my_cobot_interfaces/my_cobot_interfaces/srv/detail/play_pause__rosidl_typesupport_introspection_c.h
[6.215s] -- Up-to-date: /home/lance/robot/install/my_cobot_interfaces/include/my_cobot_interfaces/my_cobot_interfaces/srv/detail/get_radians__type_support.c
[6.216s] -- Up-to-date: /home/lance/robot/install/my_cobot_interfaces/include/my_cobot_interfaces/my_cobot_interfaces/msg
[6.217s] -- Up-to-date: /home/lance/robot/install/my_cobot_interfaces/include/my_cobot_interfaces/my_cobot_interfaces/msg/rosidl_typesupport_introspection_c__visibility_control.h
[6.220s] -- Up-to-date: /home/lance/robot/install/my_cobot_interfaces/lib/libmy_cobot_interfaces__rosidl_typesupport_introspection_c.so
[6.226s] -- Up-to-date: /home/lance/robot/install/my_cobot_interfaces/lib/libmy_cobot_interfaces__rosidl_typesupport_c.so
[6.229s] -- Up-to-date: /home/lance/robot/install/my_cobot_interfaces/include/my_cobot_interfaces/my_cobot_interfaces
[6.232s] -- Up-to-date: /home/lance/robot/install/my_cobot_interfaces/include/my_cobot_interfaces/my_cobot_interfaces/srv
[6.235s] -- Up-to-date: /home/lance/robot/install/my_cobot_interfaces/include/my_cobot_interfaces/my_cobot_interfaces/srv/detail
[6.239s] -- Up-to-date: /home/lance/robot/install/my_cobot_interfaces/include/my_cobot_interfaces/my_cobot_interfaces/srv/detail/play_pause__rosidl_typesupport_introspection_cpp.hpp
[6.241s] -- Up-to-date: /home/lance/robot/install/my_cobot_interfaces/include/my_cobot_interfaces/my_cobot_interfaces/srv/detail/get_radians__rosidl_typesupport_introspection_cpp.hpp
[6.243s] -- Up-to-date: /home/lance/robot/install/my_cobot_interfaces/include/my_cobot_interfaces/my_cobot_interfaces/srv/detail/play_pause__type_support.cpp
[6.246s] -- Up-to-date: /home/lance/robot/install/my_cobot_interfaces/include/my_cobot_interfaces/my_cobot_interfaces/srv/detail/get_radians__type_support.cpp
[6.249s] -- Up-to-date: /home/lance/robot/install/my_cobot_interfaces/include/my_cobot_interfaces/my_cobot_interfaces/srv/detail/set_radians__type_support.cpp
[6.252s] -- Up-to-date: /home/lance/robot/install/my_cobot_interfaces/include/my_cobot_interfaces/my_cobot_interfaces/srv/detail/set_radians__rosidl_typesupport_introspection_cpp.hpp
[6.256s] -- Up-to-date: /home/lance/robot/install/my_cobot_interfaces/lib/libmy_cobot_interfaces__rosidl_typesupport_introspection_cpp.so
[6.265s] -- Up-to-date: /home/lance/robot/install/my_cobot_interfaces/lib/libmy_cobot_interfaces__rosidl_typesupport_cpp.so
[6.268s] -- Up-to-date: /home/lance/robot/install/my_cobot_interfaces/share/my_cobot_interfaces/environment/pythonpath.sh
[6.271s] -- Up-to-date: /home/lance/robot/install/my_cobot_interfaces/share/my_cobot_interfaces/environment/pythonpath.dsv
[6.277s] -- Up-to-date: /home/lance/robot/install/my_cobot_interfaces/local/lib/python3.10/dist-packages/my_cobot_interfaces-0.0.0-py3.10.egg-info
[6.278s] -- Installing: /home/lance/robot/install/my_cobot_interfaces/local/lib/python3.10/dist-packages/my_cobot_interfaces-0.0.0-py3.10.egg-info/SOURCES.txt
[6.278s] -- Installing: /home/lance/robot/install/my_cobot_interfaces/local/lib/python3.10/dist-packages/my_cobot_interfaces-0.0.0-py3.10.egg-info/PKG-INFO
[6.289s] -- Installing: /home/lance/robot/install/my_cobot_interfaces/local/lib/python3.10/dist-packages/my_cobot_interfaces-0.0.0-py3.10.egg-info/dependency_links.txt
[6.299s] -- Installing: /home/lance/robot/install/my_cobot_interfaces/local/lib/python3.10/dist-packages/my_cobot_interfaces-0.0.0-py3.10.egg-info/top_level.txt
[6.308s] -- Up-to-date: /home/lance/robot/install/my_cobot_interfaces/local/lib/python3.10/dist-packages/my_cobot_interfaces
[6.311s] -- Up-to-date: /home/lance/robot/install/my_cobot_interfaces/local/lib/python3.10/dist-packages/my_cobot_interfaces/_my_cobot_interfaces_s.ep.rosidl_typesupport_c.c
[6.313s] -- Up-to-date: /home/lance/robot/install/my_cobot_interfaces/local/lib/python3.10/dist-packages/my_cobot_interfaces/__init__.py
[6.319s] -- Up-to-date: /home/lance/robot/install/my_cobot_interfaces/local/lib/python3.10/dist-packages/my_cobot_interfaces/libmy_cobot_interfaces__rosidl_generator_py.so
[6.321s] -- Up-to-date: /home/lance/robot/install/my_cobot_interfaces/local/lib/python3.10/dist-packages/my_cobot_interfaces/my_cobot_interfaces_s__rosidl_typesupport_c.cpython-310-aarch64-linux-gnu.so
[6.324s] -- Up-to-date: /home/lance/robot/install/my_cobot_interfaces/local/lib/python3.10/dist-packages/my_cobot_interfaces/srv
[6.325s] -- Up-to-date: /home/lance/robot/install/my_cobot_interfaces/local/lib/python3.10/dist-packages/my_cobot_interfaces/srv/_play_pause_s.c
[6.327s] -- Up-to-date: /home/lance/robot/install/my_cobot_interfaces/local/lib/python3.10/dist-packages/my_cobot_interfaces/srv/_get_radians.py
[6.328s] -- Up-to-date: /home/lance/robot/install/my_cobot_interfaces/local/lib/python3.10/dist-packages/my_cobot_interfaces/srv/__init__.py
[6.329s] -- Up-to-date: /home/lance/robot/install/my_cobot_interfaces/local/lib/python3.10/dist-packages/my_cobot_interfaces/srv/_play_pause.py
[6.330s] -- Up-to-date: /home/lance/robot/install/my_cobot_interfaces/local/lib/python3.10/dist-packages/my_cobot_interfaces/srv/_set_radians.py
[6.333s] -- Up-to-date: /home/lance/robot/install/my_cobot_interfaces/local/lib/python3.10/dist-packages/my_cobot_interfaces/srv/_set_radians_s.c
[6.333s] -- Up-to-date: /home/lance/robot/install/my_cobot_interfaces/local/lib/python3.10/dist-packages/my_cobot_interfaces/srv/_get_radians_s.c
[6.338s] -- Up-to-date: /home/lance/robot/install/my_cobot_interfaces/local/lib/python3.10/dist-packages/my_cobot_interfaces/my_cobot_interfaces_s__rosidl_typesupport_fastrtps_c.cpython-310-aarch64-linux-gnu.so
[6.338s] -- Up-to-date: /home/lance/robot/install/my_cobot_interfaces/local/lib/python3.10/dist-packages/my_cobot_interfaces/_my_cobot_interfaces_s.ep.rosidl_typesupport_fastrtps_c.c
[6.339s] -- Up-to-date: /home/lance/robot/install/my_cobot_interfaces/local/lib/python3.10/dist-packages/my_cobot_interfaces/_my_cobot_interfaces_s.ep.rosidl_typesupport_introspection_c.c
[6.340s] -- Up-to-date: /home/lance/robot/install/my_cobot_interfaces/local/lib/python3.10/dist-packages/my_cobot_interfaces/my_cobot_interfaces_s__rosidl_typesupport_introspection_c.cpython-310-aarch64-linux-gnu.so
[6.629s] Listing '/home/lance/robot/install/my_cobot_interfaces/local/lib/python3.10/dist-packages/my_cobot_interfaces'...
[6.631s] Listing '/home/lance/robot/install/my_cobot_interfaces/local/lib/python3.10/dist-packages/my_cobot_interfaces/srv'...
[6.678s] -- Up-to-date: /home/lance/robot/install/my_cobot_interfaces/local/lib/python3.10/dist-packages/my_cobot_interfaces/my_cobot_interfaces_s__rosidl_typesupport_fastrtps_c.cpython-310-aarch64-linux-gnu.so
[6.684s] -- Up-to-date: /home/lance/robot/install/my_cobot_interfaces/local/lib/python3.10/dist-packages/my_cobot_interfaces/my_cobot_interfaces_s__rosidl_typesupport_introspection_c.cpython-310-aarch64-linux-gnu.so
[6.691s] -- Up-to-date: /home/lance/robot/install/my_cobot_interfaces/local/lib/python3.10/dist-packages/my_cobot_interfaces/my_cobot_interfaces_s__rosidl_typesupport_c.cpython-310-aarch64-linux-gnu.so
[6.702s] -- Up-to-date: /home/lance/robot/install/my_cobot_interfaces/lib/libmy_cobot_interfaces__rosidl_generator_py.so
[6.705s] -- Up-to-date: /home/lance/robot/install/my_cobot_interfaces/share/my_cobot_interfaces/srv/GetRadians.idl
[6.706s] -- Up-to-date: /home/lance/robot/install/my_cobot_interfaces/share/my_cobot_interfaces/srv/SetRadians.idl
[6.708s] -- Up-to-date: /home/lance/robot/install/my_cobot_interfaces/share/my_cobot_interfaces/srv/PlayPause.idl
[6.710s] -- Up-to-date: /home/lance/robot/install/my_cobot_interfaces/share/my_cobot_interfaces/srv/GetRadians.srv
[6.712s] -- Up-to-date: /home/lance/robot/install/my_cobot_interfaces/share/my_cobot_interfaces/srv/GetRadians_Request.msg
[6.714s] -- Up-to-date: /home/lance/robot/install/my_cobot_interfaces/share/my_cobot_interfaces/srv/GetRadians_Response.msg
[6.716s] -- Up-to-date: /home/lance/robot/install/my_cobot_interfaces/share/my_cobot_interfaces/srv/SetRadians.srv
[6.718s] -- Up-to-date: /home/lance/robot/install/my_cobot_interfaces/share/my_cobot_interfaces/srv/SetRadians_Request.msg
[6.721s] -- Up-to-date: /home/lance/robot/install/my_cobot_interfaces/share/my_cobot_interfaces/srv/SetRadians_Response.msg
[6.723s] -- Up-to-date: /home/lance/robot/install/my_cobot_interfaces/share/my_cobot_interfaces/srv/PlayPause.srv
[6.740s] -- Up-to-date: /home/lance/robot/install/my_cobot_interfaces/share/my_cobot_interfaces/srv/PlayPause_Request.msg
[6.740s] -- Up-to-date: /home/lance/robot/install/my_cobot_interfaces/share/my_cobot_interfaces/srv/PlayPause_Response.msg
[6.741s] -- Up-to-date: /home/lance/robot/install/my_cobot_interfaces/share/ament_index/resource_index/package_run_dependencies/my_cobot_interfaces
[6.742s] -- Up-to-date: /home/lance/robot/install/my_cobot_interfaces/share/ament_index/resource_index/parent_prefix_path/my_cobot_interfaces
[6.742s] -- Up-to-date: /home/lance/robot/install/my_cobot_interfaces/share/my_cobot_interfaces/environment/ament_prefix_path.sh
[6.756s] -- Up-to-date: /home/lance/robot/install/my_cobot_interfaces/share/my_cobot_interfaces/environment/ament_prefix_path.dsv
[6.757s] -- Up-to-date: /home/lance/robot/install/my_cobot_interfaces/share/my_cobot_interfaces/environment/path.sh
[6.757s] -- Up-to-date: /home/lance/robot/install/my_cobot_interfaces/share/my_cobot_interfaces/environment/path.dsv
[6.766s] -- Up-to-date: /home/lance/robot/install/my_cobot_interfaces/share/my_cobot_interfaces/local_setup.bash
[6.768s] -- Up-to-date: /home/lance/robot/install/my_cobot_interfaces/share/my_cobot_interfaces/local_setup.sh
[6.769s] -- Up-to-date: /home/lance/robot/install/my_cobot_interfaces/share/my_cobot_interfaces/local_setup.zsh
[6.770s] -- Up-to-date: /home/lance/robot/install/my_cobot_interfaces/share/my_cobot_interfaces/local_setup.dsv
[6.770s] -- Installing: /home/lance/robot/install/my_cobot_interfaces/share/my_cobot_interfaces/package.dsv
[6.771s] -- Up-to-date: /home/lance/robot/install/my_cobot_interfaces/share/ament_index/resource_index/packages/my_cobot_interfaces
[6.771s] -- Up-to-date: /home/lance/robot/install/my_cobot_interfaces/share/my_cobot_interfaces/cmake/export_my_cobot_interfaces__rosidl_generator_cExport.cmake
[6.772s] -- Up-to-date: /home/lance/robot/install/my_cobot_interfaces/share/my_cobot_interfaces/cmake/export_my_cobot_interfaces__rosidl_generator_cExport-noconfig.cmake
[6.773s] -- Up-to-date: /home/lance/robot/install/my_cobot_interfaces/share/my_cobot_interfaces/cmake/export_my_cobot_interfaces__rosidl_typesupport_fastrtps_cExport.cmake
[6.773s] -- Up-to-date: /home/lance/robot/install/my_cobot_interfaces/share/my_cobot_interfaces/cmake/export_my_cobot_interfaces__rosidl_typesupport_fastrtps_cExport-noconfig.cmake
[6.774s] -- Up-to-date: /home/lance/robot/install/my_cobot_interfaces/share/my_cobot_interfaces/cmake/export_my_cobot_interfaces__rosidl_generator_cppExport.cmake
[6.783s] -- Up-to-date: /home/lance/robot/install/my_cobot_interfaces/share/my_cobot_interfaces/cmake/export_my_cobot_interfaces__rosidl_typesupport_fastrtps_cppExport.cmake
[6.783s] -- Up-to-date: /home/lance/robot/install/my_cobot_interfaces/share/my_cobot_interfaces/cmake/export_my_cobot_interfaces__rosidl_typesupport_fastrtps_cppExport-noconfig.cmake
[6.787s] -- Up-to-date: /home/lance/robot/install/my_cobot_interfaces/share/my_cobot_interfaces/cmake/my_cobot_interfaces__rosidl_typesupport_introspection_cExport.cmake
[6.789s] -- Up-to-date: /home/lance/robot/install/my_cobot_interfaces/share/my_cobot_interfaces/cmake/my_cobot_interfaces__rosidl_typesupport_introspection_cExport-noconfig.cmake
[6.792s] -- Up-to-date: /home/lance/robot/install/my_cobot_interfaces/share/my_cobot_interfaces/cmake/my_cobot_interfaces__rosidl_typesupport_cExport.cmake
[6.807s] -- Up-to-date: /home/lance/robot/install/my_cobot_interfaces/share/my_cobot_interfaces/cmake/my_cobot_interfaces__rosidl_typesupport_cExport-noconfig.cmake
[6.808s] -- Up-to-date: /home/lance/robot/install/my_cobot_interfaces/share/my_cobot_interfaces/cmake/my_cobot_interfaces__rosidl_typesupport_introspection_cppExport.cmake
[6.808s] -- Up-to-date: /home/lance/robot/install/my_cobot_interfaces/share/my_cobot_interfaces/cmake/my_cobot_interfaces__rosidl_typesupport_introspection_cppExport-noconfig.cmake
[6.809s] -- Up-to-date: /home/lance/robot/install/my_cobot_interfaces/share/my_cobot_interfaces/cmake/my_cobot_interfaces__rosidl_typesupport_cppExport.cmake
[6.809s] -- Up-to-date: /home/lance/robot/install/my_cobot_interfaces/share/my_cobot_interfaces/cmake/my_cobot_interfaces__rosidl_typesupport_cppExport-noconfig.cmake
[6.810s] -- Up-to-date: /home/lance/robot/install/my_cobot_interfaces/share/my_cobot_interfaces/cmake/export_my_cobot_interfaces__rosidl_generator_pyExport.cmake
[6.811s] -- Up-to-date: /home/lance/robot/install/my_cobot_interfaces/share/my_cobot_interfaces/cmake/export_my_cobot_interfaces__rosidl_generator_pyExport-noconfig.cmake
[6.811s] -- Up-to-date: /home/lance/robot/install/my_cobot_interfaces/share/my_cobot_interfaces/cmake/rosidl_cmake-extras.cmake
[6.812s] -- Up-to-date: /home/lance/robot/install/my_cobot_interfaces/share/my_cobot_interfaces/cmake/ament_cmake_export_dependencies-extras.cmake
[6.813s] -- Up-to-date: /home/lance/robot/install/my_cobot_interfaces/share/my_cobot_interfaces/cmake/ament_cmake_export_include_directories-extras.cmake
[6.813s] -- Up-to-date: /home/lance/robot/install/my_cobot_interfaces/share/my_cobot_interfaces/cmake/ament_cmake_export_libraries-extras.cmake
[6.821s] -- Up-to-date: /home/lance/robot/install/my_cobot_interfaces/share/my_cobot_interfaces/cmake/ament_cmake_export_targets-extras.cmake
[6.822s] -- Up-to-date: /home/lance/robot/install/my_cobot_interfaces/share/my_cobot_interfaces/cmake/rosidl_cmake_export_typesupport_targets-extras.cmake
[6.823s] -- Up-to-date: /home/lance/robot/install/my_cobot_interfaces/share/my_cobot_interfaces/cmake/rosidl_cmake_export_typesupport_libraries-extras.cmake
[6.824s] -- Up-to-date: /home/lance/robot/install/my_cobot_interfaces/share/my_cobot_interfaces/cmake/my_cobot_interfacesConfig.cmake
[6.827s] -- Up-to-date: /home/lance/robot/install/my_cobot_interfaces/share/my_cobot_interfaces/cmake/my_cobot_interfacesConfig-version.cmake
[6.828s] -- Up-to-date: /home/lance/robot/install/my_cobot_interfaces/share/my_cobot_interfaces/package.xml
[6.835s] Invoked command in '/home/lance/robot/build/my_cobot_interfaces' returned '0': CMAKE_PREFIX_PATH=${CMAKE_PREFIX_PATH}:/home/lance/robot/install/robot_description:/home/lance/robot/install/controllers:/home/lance/robot/install/motion_planning:/home/lance/robot/install/computer_vision:/home/lance/robot/install/bringup:/opt/ros/humble /usr/bin/cmake --install /home/lance/robot/build/my_cobot_interfaces
