-- Found ament_cmake: 1.3.4 (/opt/ros/humble/share/ament_cmake/cmake)
-- Override CMake install command with custom implementation using symlinks instead of copying resources
-- Found pluginlib: 5.1.0 (/opt/ros/humble/share/pluginlib/cmake)
-- Found rclcpp: 16.0.4 (/opt/ros/humble/share/rclcpp/cmake)
-- Found rosidl_generator_c: 3.1.4 (/opt/ros/humble/share/rosidl_generator_c/cmake)
-- Found rosidl_adapter: 3.1.4 (/opt/ros/humble/share/rosidl_adapter/cmake)
-- Found rosidl_generator_cpp: 3.1.4 (/opt/ros/humble/share/rosidl_generator_cpp/cmake)
-- Using all available rosidl_typesupport_c: rosidl_typesupport_fastrtps_c;rosidl_typesupport_introspection_c
-- Using all available rosidl_typesupport_cpp: rosidl_typesupport_fastrtps_cpp;rosidl_typesupport_introspection_cpp
-- Found rmw_implementation_cmake: 6.1.1 (/opt/ros/humble/share/rmw_implementation_cmake/cmake)
-- Found rmw_cyclonedds_cpp: 1.3.4 (/opt/ros/humble/share/rmw_cyclonedds_cpp/cmake)
-- Using RMW implementation 'rmw_cyclonedds_cpp' as default
-- Found hardware_interface: 2.26.0 (/opt/ros/humble/share/hardware_interface/cmake)
-- Found my_cobot_interfaces: 0.0.0 (/home/lance/robot/install/my_cobot_interfaces/share/my_cobot_interfaces/cmake)
-- Configuring done
-- Generating done
-- Build files have been written to: /home/lance/robot/build/my_cobot_hardware_interface
[35m[1mConsolidate compiler generated dependencies of target my_cobot_hardware_interface[0m
[ 50%] [32mBuilding CXX object CMakeFiles/my_cobot_hardware_interface.dir/src/MyCobotHardwareInterface.cpp.o[0m
[01m[K/home/lance/robot/src/my_cobot_hardware_interface/src/MyCobotHardwareInterface.cpp:[m[K In member function ‘[01m[Kvirtual hardware_interface::return_type my_cobot_hardware_interface::MyCobotHardwareInterface::read(const rclcpp::Time&, const rclcpp::Duration&)[m[K’:
[01m[K/home/lance/robot/src/my_cobot_hardware_interface/src/MyCobotHardwareInterface.cpp:43:14:[m[K [01;31m[Kerror: [m[K‘[01m[Kusing element_type = struct my_cobot_interfaces::srv::GetRadians_Request_<std::allocator<void> >[m[K’ {aka ‘[01m[Kstruct my_cobot_interfaces::srv::GetRadians_Request_<std::allocator<void> >[m[K’} has no member named ‘[01m[Kjoint_names[m[K’
   43 |     request->[01;31m[Kjoint_names[m[K = joint_names_;
      |              [01;31m[K^~~~~~~~~~~[m[K
[01m[K/home/lance/robot/src/my_cobot_hardware_interface/src/MyCobotHardwareInterface.cpp:[m[K In member function ‘[01m[Kvirtual hardware_interface::return_type my_cobot_hardware_interface::MyCobotHardwareInterface::write(const rclcpp::Time&, const rclcpp::Duration&)[m[K’:
[01m[K/home/lance/robot/src/my_cobot_hardware_interface/src/MyCobotHardwareInterface.cpp:82:21:[m[K [01;31m[Kerror: [m[K‘[01m[Kusing element_type = struct my_cobot_interfaces::srv::SetRadians_Response_<std::allocator<void> >[m[K’ {aka ‘[01m[Kstruct my_cobot_interfaces::srv::SetRadians_Response_<std::allocator<void> >[m[K’} has no member named ‘[01m[Ksuccess[m[K’
   82 |       if (response->[01;31m[Ksuccess[m[K)
      |                     [01;31m[K^~~~~~~[m[K
gmake[2]: *** [CMakeFiles/my_cobot_hardware_interface.dir/build.make:76: CMakeFiles/my_cobot_hardware_interface.dir/src/MyCobotHardwareInterface.cpp.o] Error 1
gmake[1]: *** [CMakeFiles/Makefile2:137: CMakeFiles/my_cobot_hardware_interface.dir/all] Error 2
gmake: *** [Makefile:146: all] Error 2
