[0.285s] Invoking command in '/home/lance/robot/build/my_cobot_interfaces': CMAKE_PREFIX_PATH=${CMAKE_PREFIX_PATH}:/home/lance/robot/install/robot_description:/home/lance/robot/install/controllers:/home/lance/robot/install/motion_planning:/opt/ros/humble /usr/bin/cmake /home/lance/robot/src/my_cobot_interfaces -DCMAKE_INSTALL_PREFIX=/home/lance/robot/install/my_cobot_interfaces
[1.835s] -- The C compiler identification is GNU 11.3.0
[2.041s] -- The CXX compiler identification is GNU 11.3.0
[2.128s] -- Detecting C compiler ABI info
[2.586s] -- Detecting C compiler ABI info - done
[2.615s] -- Check for working C compiler: /usr/bin/cc - skipped
[2.617s] -- Detecting C compile features
[2.621s] -- Detecting C compile features - done
[2.646s] -- Detecting CXX compiler ABI info
[3.135s] -- Detecting CXX compiler ABI info - done
[3.166s] -- Check for working CXX compiler: /usr/bin/c++ - skipped
[3.168s] -- Detecting CXX compile features
[3.170s] -- Detecting CXX compile features - done
[3.233s] -- Found ament_cmake: 1.3.4 (/opt/ros/humble/share/ament_cmake/cmake)
[4.657s] -- Found Python3: /usr/bin/python3.10 (found version "3.10.6") found components: Interpreter 
[5.695s] -- Found builtin_interfaces: 1.2.1 (/opt/ros/humble/share/builtin_interfaces/cmake)
[6.199s] -- Found rosidl_generator_c: 3.1.4 (/opt/ros/humble/share/rosidl_generator_c/cmake)
[6.291s] -- Found rosidl_adapter: 3.1.4 (/opt/ros/humble/share/rosidl_adapter/cmake)
[6.402s] -- Found rosidl_generator_cpp: 3.1.4 (/opt/ros/humble/share/rosidl_generator_cpp/cmake)
[6.557s] -- Using all available rosidl_typesupport_c: rosidl_typesupport_fastrtps_c;rosidl_typesupport_introspection_c
[6.760s] -- Using all available rosidl_typesupport_cpp: rosidl_typesupport_fastrtps_cpp;rosidl_typesupport_introspection_cpp
[6.967s] -- Found rosidl_default_generators: 1.2.0 (/opt/ros/humble/share/rosidl_default_generators/cmake)
[8.875s] -- Found ament_cmake_ros: 0.10.0 (/opt/ros/humble/share/ament_cmake_ros/cmake)
[10.881s] -- Using all available rosidl_typesupport_c: rosidl_typesupport_fastrtps_c;rosidl_typesupport_introspection_c
[11.576s] -- Using all available rosidl_typesupport_cpp: rosidl_typesupport_fastrtps_cpp;rosidl_typesupport_introspection_cpp
[11.718s] -- Found PythonInterp: /usr/bin/python3 (found suitable version "3.10.6", minimum required is "3.6") 
[11.748s] -- Found python_cmake_module: 0.10.0 (/opt/ros/humble/share/python_cmake_module/cmake)
[11.902s] -- Found PythonLibs: /usr/lib/aarch64-linux-gnu/libpython3.10.so (found suitable version "3.10.6", minimum required is "3.5") 
[11.903s] -- Using PYTHON_EXECUTABLE: /usr/bin/python3
[11.903s] -- Using PYTHON_INCLUDE_DIRS: /usr/include/python3.10
[11.904s] -- Using PYTHON_LIBRARIES: /usr/lib/aarch64-linux-gnu/libpython3.10.so
[12.031s] -- Found PythonExtra: .so  
[12.285s] -- Found ament_lint_auto: 0.12.6 (/opt/ros/humble/share/ament_lint_auto/cmake)
[12.533s] -- Added test 'lint_cmake' to check CMake code style
[12.544s] -- Added test 'xmllint' to check XML markup files
[12.570s] -- Configuring done
[12.798s] -- Generating done
[12.813s] -- Build files have been written to: /home/lance/robot/build/my_cobot_interfaces
[12.839s] Invoked command in '/home/lance/robot/build/my_cobot_interfaces' returned '0': CMAKE_PREFIX_PATH=${CMAKE_PREFIX_PATH}:/home/lance/robot/install/robot_description:/home/lance/robot/install/controllers:/home/lance/robot/install/motion_planning:/opt/ros/humble /usr/bin/cmake /home/lance/robot/src/my_cobot_interfaces -DCMAKE_INSTALL_PREFIX=/home/lance/robot/install/my_cobot_interfaces
[12.849s] Invoking command in '/home/lance/robot/build/my_cobot_interfaces': CMAKE_PREFIX_PATH=${CMAKE_PREFIX_PATH}:/home/lance/robot/install/robot_description:/home/lance/robot/install/controllers:/home/lance/robot/install/motion_planning:/opt/ros/humble /usr/bin/cmake --build /home/lance/robot/build/my_cobot_interfaces -- -j4 -l4
[13.044s] [  2%] [34m[1mGenerating C code for ROS interfaces[0m
[13.105s] [  5%] [34m[1mGenerating C++ code for ROS interfaces[0m
[13.168s] [  5%] Built target ament_cmake_python_copy_my_cobot_interfaces
[15.257s] running egg_info
[15.263s] creating my_cobot_interfaces.egg-info
[15.266s] writing my_cobot_interfaces.egg-info/PKG-INFO
[15.270s] writing dependency_links to my_cobot_interfaces.egg-info/dependency_links.txt
[15.273s] writing top-level names to my_cobot_interfaces.egg-info/top_level.txt
[15.284s] writing manifest file 'my_cobot_interfaces.egg-info/SOURCES.txt'
[15.301s] reading manifest file 'my_cobot_interfaces.egg-info/SOURCES.txt'
[15.308s] writing manifest file 'my_cobot_interfaces.egg-info/SOURCES.txt'
[15.489s] [  7%] [32mBuilding C object CMakeFiles/my_cobot_interfaces__rosidl_generator_c.dir/rosidl_generator_c/my_cobot_interfaces/srv/detail/get_radians__functions.c.o[0m
[15.546s] [  7%] Built target ament_cmake_python_build_my_cobot_interfaces_egg
[15.558s] [ 10%] [32mBuilding C object CMakeFiles/my_cobot_interfaces__rosidl_generator_c.dir/rosidl_generator_c/my_cobot_interfaces/srv/detail/set_radians__functions.c.o[0m
[15.559s] [ 10%] Built target my_cobot_interfaces__cpp
[15.631s] [ 12%] [34m[1mGenerating C++ type support for eProsima Fast-RTPS[0m
[15.633s] [ 15%] [34m[1mGenerating C++ type support dispatch for ROS interfaces[0m
[16.160s] [ 17%] [34m[1mGenerating C++ introspection for ROS interfaces[0m
[16.187s] [ 20%] [32m[1mLinking C shared library libmy_cobot_interfaces__rosidl_generator_c.so[0m
[16.421s] [ 20%] Built target my_cobot_interfaces__rosidl_generator_c
[16.487s] [ 23%] [34m[1mGenerating C type support for eProsima Fast-RTPS[0m
[17.390s] [ 25%] [32mBuilding CXX object CMakeFiles/my_cobot_interfaces__rosidl_typesupport_cpp.dir/rosidl_typesupport_cpp/my_cobot_interfaces/srv/get_radians__type_support.cpp.o[0m
[17.741s] [ 28%] [32mBuilding CXX object CMakeFiles/my_cobot_interfaces__rosidl_typesupport_fastrtps_cpp.dir/rosidl_typesupport_fastrtps_cpp/my_cobot_interfaces/srv/detail/dds_fastrtps/get_radians__type_support.cpp.o[0m
[18.141s] [ 30%] [32mBuilding CXX object CMakeFiles/my_cobot_interfaces__rosidl_typesupport_introspection_cpp.dir/rosidl_typesupport_introspection_cpp/my_cobot_interfaces/srv/detail/get_radians__type_support.cpp.o[0m
[18.535s] [ 33%] [32mBuilding CXX object CMakeFiles/my_cobot_interfaces__rosidl_typesupport_fastrtps_c.dir/rosidl_typesupport_fastrtps_c/my_cobot_interfaces/srv/detail/get_radians__type_support_c.cpp.o[0m
[19.488s] [ 35%] [32mBuilding CXX object CMakeFiles/my_cobot_interfaces__rosidl_typesupport_cpp.dir/rosidl_typesupport_cpp/my_cobot_interfaces/srv/set_radians__type_support.cpp.o[0m
[21.197s] [ 38%] [32mBuilding CXX object CMakeFiles/my_cobot_interfaces__rosidl_typesupport_fastrtps_c.dir/rosidl_typesupport_fastrtps_c/my_cobot_interfaces/srv/detail/set_radians__type_support_c.cpp.o[0m
[21.471s] [ 41%] [32mBuilding CXX object CMakeFiles/my_cobot_interfaces__rosidl_typesupport_introspection_cpp.dir/rosidl_typesupport_introspection_cpp/my_cobot_interfaces/srv/detail/set_radians__type_support.cpp.o[0m
[21.507s] [ 43%] [32m[1mLinking CXX shared library libmy_cobot_interfaces__rosidl_typesupport_cpp.so[0m
[21.530s] [ 46%] [32mBuilding CXX object CMakeFiles/my_cobot_interfaces__rosidl_typesupport_fastrtps_cpp.dir/rosidl_typesupport_fastrtps_cpp/my_cobot_interfaces/srv/detail/dds_fastrtps/set_radians__type_support.cpp.o[0m
[21.727s] [ 46%] Built target my_cobot_interfaces__rosidl_typesupport_cpp
[21.778s] [ 48%] [34m[1mGenerating C introspection for ROS interfaces[0m
[23.757s] [ 51%] [32m[1mLinking CXX shared library libmy_cobot_interfaces__rosidl_typesupport_fastrtps_c.so[0m
[24.202s] [ 53%] [32mBuilding C object CMakeFiles/my_cobot_interfaces__rosidl_typesupport_introspection_c.dir/rosidl_typesupport_introspection_c/my_cobot_interfaces/srv/detail/get_radians__type_support.c.o[0m
[24.293s] [ 53%] Built target my_cobot_interfaces__rosidl_typesupport_fastrtps_c
[24.351s] [ 56%] [34m[1mGenerating C type support dispatch for ROS interfaces[0m
[24.553s] [ 58%] [32mBuilding C object CMakeFiles/my_cobot_interfaces__rosidl_typesupport_introspection_c.dir/rosidl_typesupport_introspection_c/my_cobot_interfaces/srv/detail/set_radians__type_support.c.o[0m
[24.854s] [ 61%] [32m[1mLinking CXX shared library libmy_cobot_interfaces__rosidl_typesupport_introspection_cpp.so[0m
[24.867s] [ 64%] [32m[1mLinking C shared library libmy_cobot_interfaces__rosidl_typesupport_introspection_c.so[0m
[25.070s] [ 64%] Built target my_cobot_interfaces__rosidl_typesupport_introspection_c
[25.277s] [ 64%] Built target my_cobot_interfaces__rosidl_typesupport_introspection_cpp
[25.304s] [ 66%] [32m[1mLinking CXX shared library libmy_cobot_interfaces__rosidl_typesupport_fastrtps_cpp.so[0m
[25.658s] [ 66%] Built target my_cobot_interfaces__rosidl_typesupport_fastrtps_cpp
[25.896s] [ 69%] [32mBuilding CXX object CMakeFiles/my_cobot_interfaces__rosidl_typesupport_c.dir/rosidl_typesupport_c/my_cobot_interfaces/srv/get_radians__type_support.cpp.o[0m
[25.898s] [ 71%] [32mBuilding CXX object CMakeFiles/my_cobot_interfaces__rosidl_typesupport_c.dir/rosidl_typesupport_c/my_cobot_interfaces/srv/set_radians__type_support.cpp.o[0m
[26.065s] [ 74%] [32m[1mLinking CXX shared library libmy_cobot_interfaces__rosidl_typesupport_c.so[0m
[26.238s] [ 74%] Built target my_cobot_interfaces__rosidl_typesupport_c
[26.328s] [ 74%] Built target my_cobot_interfaces
[26.420s] [ 76%] [34m[1mGenerating Python code for ROS interfaces[0m
[28.627s] [ 76%] Built target my_cobot_interfaces__py
[28.721s] [ 79%] [32mBuilding C object CMakeFiles/my_cobot_interfaces__rosidl_generator_py.dir/rosidl_generator_py/my_cobot_interfaces/srv/_get_radians_s.c.o[0m
[28.724s] [ 82%] [32mBuilding C object CMakeFiles/my_cobot_interfaces__rosidl_generator_py.dir/rosidl_generator_py/my_cobot_interfaces/srv/_set_radians_s.c.o[0m
[29.429s] [ 84%] [32m[1mLinking C shared library rosidl_generator_py/my_cobot_interfaces/libmy_cobot_interfaces__rosidl_generator_py.so[0m
[29.641s] [ 84%] Built target my_cobot_interfaces__rosidl_generator_py
[29.743s] [ 87%] [32mBuilding C object CMakeFiles/my_cobot_interfaces__rosidl_typesupport_fastrtps_c__pyext.dir/rosidl_generator_py/my_cobot_interfaces/_my_cobot_interfaces_s.ep.rosidl_typesupport_fastrtps_c.c.o[0m
[29.746s] [ 89%] [32mBuilding C object CMakeFiles/my_cobot_interfaces__rosidl_typesupport_introspection_c__pyext.dir/rosidl_generator_py/my_cobot_interfaces/_my_cobot_interfaces_s.ep.rosidl_typesupport_introspection_c.c.o[0m
[29.751s] [ 92%] [32mBuilding C object CMakeFiles/my_cobot_interfaces__rosidl_typesupport_c__pyext.dir/rosidl_generator_py/my_cobot_interfaces/_my_cobot_interfaces_s.ep.rosidl_typesupport_c.c.o[0m
[30.359s] [ 94%] [32m[1mLinking C shared library rosidl_generator_py/my_cobot_interfaces/my_cobot_interfaces_s__rosidl_typesupport_c.cpython-310-aarch64-linux-gnu.so[0m
[30.367s] [ 97%] [32m[1mLinking C shared library rosidl_generator_py/my_cobot_interfaces/my_cobot_interfaces_s__rosidl_typesupport_fastrtps_c.cpython-310-aarch64-linux-gnu.so[0m
[30.399s] [100%] [32m[1mLinking C shared library rosidl_generator_py/my_cobot_interfaces/my_cobot_interfaces_s__rosidl_typesupport_introspection_c.cpython-310-aarch64-linux-gnu.so[0m
[30.611s] [100%] Built target my_cobot_interfaces__rosidl_typesupport_c__pyext
[30.622s] [100%] Built target my_cobot_interfaces__rosidl_typesupport_fastrtps_c__pyext
[30.637s] [100%] Built target my_cobot_interfaces__rosidl_typesupport_introspection_c__pyext
[30.684s] Invoked command in '/home/lance/robot/build/my_cobot_interfaces' returned '0': CMAKE_PREFIX_PATH=${CMAKE_PREFIX_PATH}:/home/lance/robot/install/robot_description:/home/lance/robot/install/controllers:/home/lance/robot/install/motion_planning:/opt/ros/humble /usr/bin/cmake --build /home/lance/robot/build/my_cobot_interfaces -- -j4 -l4
[31.189s] Invoking command in '/home/lance/robot/build/my_cobot_interfaces': CMAKE_PREFIX_PATH=${CMAKE_PREFIX_PATH}:/home/lance/robot/install/robot_description:/home/lance/robot/install/controllers:/home/lance/robot/install/motion_planning:/opt/ros/humble /usr/bin/cmake --install /home/lance/robot/build/my_cobot_interfaces
[31.218s] -- Install configuration: ""
[31.219s] -- Installing: /home/lance/robot/install/my_cobot_interfaces/share/ament_index/resource_index/rosidl_interfaces/my_cobot_interfaces
[31.221s] -- Installing: /home/lance/robot/install/my_cobot_interfaces/include/my_cobot_interfaces/my_cobot_interfaces
[31.221s] -- Installing: /home/lance/robot/install/my_cobot_interfaces/include/my_cobot_interfaces/my_cobot_interfaces/srv
[31.222s] -- Installing: /home/lance/robot/install/my_cobot_interfaces/include/my_cobot_interfaces/my_cobot_interfaces/srv/detail
[31.223s] -- Installing: /home/lance/robot/install/my_cobot_interfaces/include/my_cobot_interfaces/my_cobot_interfaces/srv/detail/set_radians__functions.h
[31.224s] -- Installing: /home/lance/robot/install/my_cobot_interfaces/include/my_cobot_interfaces/my_cobot_interfaces/srv/detail/get_radians__struct.h
[31.225s] -- Installing: /home/lance/robot/install/my_cobot_interfaces/include/my_cobot_interfaces/my_cobot_interfaces/srv/detail/get_radians__functions.h
[31.226s] -- Installing: /home/lance/robot/install/my_cobot_interfaces/include/my_cobot_interfaces/my_cobot_interfaces/srv/detail/set_radians__functions.c
[31.228s] -- Installing: /home/lance/robot/install/my_cobot_interfaces/include/my_cobot_interfaces/my_cobot_interfaces/srv/detail/get_radians__type_support.h
[31.229s] -- Installing: /home/lance/robot/install/my_cobot_interfaces/include/my_cobot_interfaces/my_cobot_interfaces/srv/detail/set_radians__type_support.h
[31.230s] -- Installing: /home/lance/robot/install/my_cobot_interfaces/include/my_cobot_interfaces/my_cobot_interfaces/srv/detail/get_radians__functions.c
[31.231s] -- Installing: /home/lance/robot/install/my_cobot_interfaces/include/my_cobot_interfaces/my_cobot_interfaces/srv/detail/set_radians__struct.h
[31.232s] -- Installing: /home/lance/robot/install/my_cobot_interfaces/include/my_cobot_interfaces/my_cobot_interfaces/srv/set_radians.h
[31.233s] -- Installing: /home/lance/robot/install/my_cobot_interfaces/include/my_cobot_interfaces/my_cobot_interfaces/srv/get_radians.h
[31.234s] -- Installing: /home/lance/robot/install/my_cobot_interfaces/include/my_cobot_interfaces/my_cobot_interfaces/msg
[31.235s] -- Installing: /home/lance/robot/install/my_cobot_interfaces/include/my_cobot_interfaces/my_cobot_interfaces/msg/rosidl_generator_c__visibility_control.h
[31.237s] -- Installing: /home/lance/robot/install/my_cobot_interfaces/share/my_cobot_interfaces/environment/library_path.sh
[31.238s] -- Installing: /home/lance/robot/install/my_cobot_interfaces/share/my_cobot_interfaces/environment/library_path.dsv
[31.239s] -- Installing: /home/lance/robot/install/my_cobot_interfaces/lib/libmy_cobot_interfaces__rosidl_generator_c.so
[31.242s] -- Set runtime path of "/home/lance/robot/install/my_cobot_interfaces/lib/libmy_cobot_interfaces__rosidl_generator_c.so" to ""
[31.243s] -- Up-to-date: /home/lance/robot/install/my_cobot_interfaces/include/my_cobot_interfaces/my_cobot_interfaces
[31.244s] -- Up-to-date: /home/lance/robot/install/my_cobot_interfaces/include/my_cobot_interfaces/my_cobot_interfaces/srv
[31.244s] -- Up-to-date: /home/lance/robot/install/my_cobot_interfaces/include/my_cobot_interfaces/my_cobot_interfaces/srv/detail
[31.245s] -- Installing: /home/lance/robot/install/my_cobot_interfaces/include/my_cobot_interfaces/my_cobot_interfaces/srv/detail/set_radians__rosidl_typesupport_fastrtps_c.h
[31.245s] -- Installing: /home/lance/robot/install/my_cobot_interfaces/include/my_cobot_interfaces/my_cobot_interfaces/srv/detail/get_radians__rosidl_typesupport_fastrtps_c.h
[31.246s] -- Up-to-date: /home/lance/robot/install/my_cobot_interfaces/include/my_cobot_interfaces/my_cobot_interfaces/msg
[31.247s] -- Installing: /home/lance/robot/install/my_cobot_interfaces/include/my_cobot_interfaces/my_cobot_interfaces/msg/rosidl_typesupport_fastrtps_c__visibility_control.h
[31.248s] -- Installing: /home/lance/robot/install/my_cobot_interfaces/lib/libmy_cobot_interfaces__rosidl_typesupport_fastrtps_c.so
[31.251s] -- Set runtime path of "/home/lance/robot/install/my_cobot_interfaces/lib/libmy_cobot_interfaces__rosidl_typesupport_fastrtps_c.so" to ""
[31.252s] -- Up-to-date: /home/lance/robot/install/my_cobot_interfaces/include/my_cobot_interfaces/my_cobot_interfaces
[31.252s] -- Up-to-date: /home/lance/robot/install/my_cobot_interfaces/include/my_cobot_interfaces/my_cobot_interfaces/srv
[31.252s] -- Up-to-date: /home/lance/robot/install/my_cobot_interfaces/include/my_cobot_interfaces/my_cobot_interfaces/srv/detail
[31.253s] -- Installing: /home/lance/robot/install/my_cobot_interfaces/include/my_cobot_interfaces/my_cobot_interfaces/srv/detail/set_radians__struct.hpp
[31.254s] -- Installing: /home/lance/robot/install/my_cobot_interfaces/include/my_cobot_interfaces/my_cobot_interfaces/srv/detail/get_radians__traits.hpp
[31.255s] -- Installing: /home/lance/robot/install/my_cobot_interfaces/include/my_cobot_interfaces/my_cobot_interfaces/srv/detail/get_radians__builder.hpp
[31.256s] -- Installing: /home/lance/robot/install/my_cobot_interfaces/include/my_cobot_interfaces/my_cobot_interfaces/srv/detail/set_radians__builder.hpp
[31.257s] -- Installing: /home/lance/robot/install/my_cobot_interfaces/include/my_cobot_interfaces/my_cobot_interfaces/srv/detail/set_radians__traits.hpp
[31.259s] -- Installing: /home/lance/robot/install/my_cobot_interfaces/include/my_cobot_interfaces/my_cobot_interfaces/srv/detail/get_radians__struct.hpp
[31.260s] -- Installing: /home/lance/robot/install/my_cobot_interfaces/include/my_cobot_interfaces/my_cobot_interfaces/srv/get_radians.hpp
[31.261s] -- Installing: /home/lance/robot/install/my_cobot_interfaces/include/my_cobot_interfaces/my_cobot_interfaces/srv/set_radians.hpp
[31.262s] -- Up-to-date: /home/lance/robot/install/my_cobot_interfaces/include/my_cobot_interfaces/my_cobot_interfaces
[31.263s] -- Up-to-date: /home/lance/robot/install/my_cobot_interfaces/include/my_cobot_interfaces/my_cobot_interfaces/srv
[31.263s] -- Up-to-date: /home/lance/robot/install/my_cobot_interfaces/include/my_cobot_interfaces/my_cobot_interfaces/srv/detail
[31.263s] -- Installing: /home/lance/robot/install/my_cobot_interfaces/include/my_cobot_interfaces/my_cobot_interfaces/srv/detail/dds_fastrtps
[31.264s] -- Installing: /home/lance/robot/install/my_cobot_interfaces/include/my_cobot_interfaces/my_cobot_interfaces/srv/detail/get_radians__rosidl_typesupport_fastrtps_cpp.hpp
[31.265s] -- Installing: /home/lance/robot/install/my_cobot_interfaces/include/my_cobot_interfaces/my_cobot_interfaces/srv/detail/set_radians__rosidl_typesupport_fastrtps_cpp.hpp
[31.267s] -- Up-to-date: /home/lance/robot/install/my_cobot_interfaces/include/my_cobot_interfaces/my_cobot_interfaces/msg
[31.267s] -- Installing: /home/lance/robot/install/my_cobot_interfaces/include/my_cobot_interfaces/my_cobot_interfaces/msg/rosidl_typesupport_fastrtps_cpp__visibility_control.h
[31.269s] -- Installing: /home/lance/robot/install/my_cobot_interfaces/lib/libmy_cobot_interfaces__rosidl_typesupport_fastrtps_cpp.so
[31.272s] -- Set runtime path of "/home/lance/robot/install/my_cobot_interfaces/lib/libmy_cobot_interfaces__rosidl_typesupport_fastrtps_cpp.so" to ""
[31.273s] -- Up-to-date: /home/lance/robot/install/my_cobot_interfaces/include/my_cobot_interfaces/my_cobot_interfaces
[31.273s] -- Up-to-date: /home/lance/robot/install/my_cobot_interfaces/include/my_cobot_interfaces/my_cobot_interfaces/srv
[31.274s] -- Up-to-date: /home/lance/robot/install/my_cobot_interfaces/include/my_cobot_interfaces/my_cobot_interfaces/srv/detail
[31.274s] -- Installing: /home/lance/robot/install/my_cobot_interfaces/include/my_cobot_interfaces/my_cobot_interfaces/srv/detail/get_radians__rosidl_typesupport_introspection_c.h
[31.279s] -- Installing: /home/lance/robot/install/my_cobot_interfaces/include/my_cobot_interfaces/my_cobot_interfaces/srv/detail/set_radians__type_support.c
[31.279s] -- Installing: /home/lance/robot/install/my_cobot_interfaces/include/my_cobot_interfaces/my_cobot_interfaces/srv/detail/set_radians__rosidl_typesupport_introspection_c.h
[31.280s] -- Installing: /home/lance/robot/install/my_cobot_interfaces/include/my_cobot_interfaces/my_cobot_interfaces/srv/detail/get_radians__type_support.c
[31.280s] -- Up-to-date: /home/lance/robot/install/my_cobot_interfaces/include/my_cobot_interfaces/my_cobot_interfaces/msg
[31.281s] -- Installing: /home/lance/robot/install/my_cobot_interfaces/include/my_cobot_interfaces/my_cobot_interfaces/msg/rosidl_typesupport_introspection_c__visibility_control.h
[31.283s] -- Installing: /home/lance/robot/install/my_cobot_interfaces/lib/libmy_cobot_interfaces__rosidl_typesupport_introspection_c.so
[31.285s] -- Set runtime path of "/home/lance/robot/install/my_cobot_interfaces/lib/libmy_cobot_interfaces__rosidl_typesupport_introspection_c.so" to ""
[31.285s] -- Installing: /home/lance/robot/install/my_cobot_interfaces/lib/libmy_cobot_interfaces__rosidl_typesupport_c.so
[31.288s] -- Set runtime path of "/home/lance/robot/install/my_cobot_interfaces/lib/libmy_cobot_interfaces__rosidl_typesupport_c.so" to ""
[31.288s] -- Up-to-date: /home/lance/robot/install/my_cobot_interfaces/include/my_cobot_interfaces/my_cobot_interfaces
[31.289s] -- Up-to-date: /home/lance/robot/install/my_cobot_interfaces/include/my_cobot_interfaces/my_cobot_interfaces/srv
[31.289s] -- Up-to-date: /home/lance/robot/install/my_cobot_interfaces/include/my_cobot_interfaces/my_cobot_interfaces/srv/detail
[31.289s] -- Installing: /home/lance/robot/install/my_cobot_interfaces/include/my_cobot_interfaces/my_cobot_interfaces/srv/detail/get_radians__rosidl_typesupport_introspection_cpp.hpp
[31.291s] -- Installing: /home/lance/robot/install/my_cobot_interfaces/include/my_cobot_interfaces/my_cobot_interfaces/srv/detail/get_radians__type_support.cpp
[31.292s] -- Installing: /home/lance/robot/install/my_cobot_interfaces/include/my_cobot_interfaces/my_cobot_interfaces/srv/detail/set_radians__type_support.cpp
[31.293s] -- Installing: /home/lance/robot/install/my_cobot_interfaces/include/my_cobot_interfaces/my_cobot_interfaces/srv/detail/set_radians__rosidl_typesupport_introspection_cpp.hpp
[31.295s] -- Installing: /home/lance/robot/install/my_cobot_interfaces/lib/libmy_cobot_interfaces__rosidl_typesupport_introspection_cpp.so
[31.298s] -- Set runtime path of "/home/lance/robot/install/my_cobot_interfaces/lib/libmy_cobot_interfaces__rosidl_typesupport_introspection_cpp.so" to ""
[31.299s] -- Installing: /home/lance/robot/install/my_cobot_interfaces/lib/libmy_cobot_interfaces__rosidl_typesupport_cpp.so
[31.301s] -- Set runtime path of "/home/lance/robot/install/my_cobot_interfaces/lib/libmy_cobot_interfaces__rosidl_typesupport_cpp.so" to ""
[31.301s] -- Installing: /home/lance/robot/install/my_cobot_interfaces/share/my_cobot_interfaces/environment/pythonpath.sh
[31.303s] -- Installing: /home/lance/robot/install/my_cobot_interfaces/share/my_cobot_interfaces/environment/pythonpath.dsv
[31.304s] -- Installing: /home/lance/robot/install/my_cobot_interfaces/local/lib/python3.10/dist-packages/my_cobot_interfaces-0.0.0-py3.10.egg-info
[31.305s] -- Installing: /home/lance/robot/install/my_cobot_interfaces/local/lib/python3.10/dist-packages/my_cobot_interfaces-0.0.0-py3.10.egg-info/SOURCES.txt
[31.306s] -- Installing: /home/lance/robot/install/my_cobot_interfaces/local/lib/python3.10/dist-packages/my_cobot_interfaces-0.0.0-py3.10.egg-info/PKG-INFO
[31.307s] -- Installing: /home/lance/robot/install/my_cobot_interfaces/local/lib/python3.10/dist-packages/my_cobot_interfaces-0.0.0-py3.10.egg-info/dependency_links.txt
[31.308s] -- Installing: /home/lance/robot/install/my_cobot_interfaces/local/lib/python3.10/dist-packages/my_cobot_interfaces-0.0.0-py3.10.egg-info/top_level.txt
[31.310s] -- Installing: /home/lance/robot/install/my_cobot_interfaces/local/lib/python3.10/dist-packages/my_cobot_interfaces
[31.311s] -- Installing: /home/lance/robot/install/my_cobot_interfaces/local/lib/python3.10/dist-packages/my_cobot_interfaces/_my_cobot_interfaces_s.ep.rosidl_typesupport_c.c
[31.312s] -- Installing: /home/lance/robot/install/my_cobot_interfaces/local/lib/python3.10/dist-packages/my_cobot_interfaces/__init__.py
[31.313s] -- Installing: /home/lance/robot/install/my_cobot_interfaces/local/lib/python3.10/dist-packages/my_cobot_interfaces/libmy_cobot_interfaces__rosidl_generator_py.so
[31.314s] -- Installing: /home/lance/robot/install/my_cobot_interfaces/local/lib/python3.10/dist-packages/my_cobot_interfaces/my_cobot_interfaces_s__rosidl_typesupport_c.cpython-310-aarch64-linux-gnu.so
[31.316s] -- Installing: /home/lance/robot/install/my_cobot_interfaces/local/lib/python3.10/dist-packages/my_cobot_interfaces/srv
[31.316s] -- Installing: /home/lance/robot/install/my_cobot_interfaces/local/lib/python3.10/dist-packages/my_cobot_interfaces/srv/_get_radians.py
[31.318s] -- Installing: /home/lance/robot/install/my_cobot_interfaces/local/lib/python3.10/dist-packages/my_cobot_interfaces/srv/__init__.py
[31.319s] -- Installing: /home/lance/robot/install/my_cobot_interfaces/local/lib/python3.10/dist-packages/my_cobot_interfaces/srv/_set_radians.py
[31.320s] -- Installing: /home/lance/robot/install/my_cobot_interfaces/local/lib/python3.10/dist-packages/my_cobot_interfaces/srv/_set_radians_s.c
[31.321s] -- Installing: /home/lance/robot/install/my_cobot_interfaces/local/lib/python3.10/dist-packages/my_cobot_interfaces/srv/_get_radians_s.c
[31.322s] -- Installing: /home/lance/robot/install/my_cobot_interfaces/local/lib/python3.10/dist-packages/my_cobot_interfaces/my_cobot_interfaces_s__rosidl_typesupport_fastrtps_c.cpython-310-aarch64-linux-gnu.so
[31.324s] -- Installing: /home/lance/robot/install/my_cobot_interfaces/local/lib/python3.10/dist-packages/my_cobot_interfaces/_my_cobot_interfaces_s.ep.rosidl_typesupport_fastrtps_c.c
[31.325s] -- Installing: /home/lance/robot/install/my_cobot_interfaces/local/lib/python3.10/dist-packages/my_cobot_interfaces/_my_cobot_interfaces_s.ep.rosidl_typesupport_introspection_c.c
[31.327s] -- Installing: /home/lance/robot/install/my_cobot_interfaces/local/lib/python3.10/dist-packages/my_cobot_interfaces/my_cobot_interfaces_s__rosidl_typesupport_introspection_c.cpython-310-aarch64-linux-gnu.so
[31.504s] Listing '/home/lance/robot/install/my_cobot_interfaces/local/lib/python3.10/dist-packages/my_cobot_interfaces'...
[31.505s] Compiling '/home/lance/robot/install/my_cobot_interfaces/local/lib/python3.10/dist-packages/my_cobot_interfaces/__init__.py'...
[31.507s] Listing '/home/lance/robot/install/my_cobot_interfaces/local/lib/python3.10/dist-packages/my_cobot_interfaces/srv'...
[31.507s] Compiling '/home/lance/robot/install/my_cobot_interfaces/local/lib/python3.10/dist-packages/my_cobot_interfaces/srv/__init__.py'...
[31.508s] Compiling '/home/lance/robot/install/my_cobot_interfaces/local/lib/python3.10/dist-packages/my_cobot_interfaces/srv/_get_radians.py'...
[31.510s] Compiling '/home/lance/robot/install/my_cobot_interfaces/local/lib/python3.10/dist-packages/my_cobot_interfaces/srv/_set_radians.py'...
[31.531s] -- Installing: /home/lance/robot/install/my_cobot_interfaces/local/lib/python3.10/dist-packages/my_cobot_interfaces/my_cobot_interfaces_s__rosidl_typesupport_fastrtps_c.cpython-310-aarch64-linux-gnu.so
[31.534s] -- Set runtime path of "/home/lance/robot/install/my_cobot_interfaces/local/lib/python3.10/dist-packages/my_cobot_interfaces/my_cobot_interfaces_s__rosidl_typesupport_fastrtps_c.cpython-310-aarch64-linux-gnu.so" to ""
[31.536s] -- Installing: /home/lance/robot/install/my_cobot_interfaces/local/lib/python3.10/dist-packages/my_cobot_interfaces/my_cobot_interfaces_s__rosidl_typesupport_introspection_c.cpython-310-aarch64-linux-gnu.so
[31.539s] -- Set runtime path of "/home/lance/robot/install/my_cobot_interfaces/local/lib/python3.10/dist-packages/my_cobot_interfaces/my_cobot_interfaces_s__rosidl_typesupport_introspection_c.cpython-310-aarch64-linux-gnu.so" to ""
[31.541s] -- Installing: /home/lance/robot/install/my_cobot_interfaces/local/lib/python3.10/dist-packages/my_cobot_interfaces/my_cobot_interfaces_s__rosidl_typesupport_c.cpython-310-aarch64-linux-gnu.so
[31.545s] -- Set runtime path of "/home/lance/robot/install/my_cobot_interfaces/local/lib/python3.10/dist-packages/my_cobot_interfaces/my_cobot_interfaces_s__rosidl_typesupport_c.cpython-310-aarch64-linux-gnu.so" to ""
[31.546s] -- Installing: /home/lance/robot/install/my_cobot_interfaces/lib/libmy_cobot_interfaces__rosidl_generator_py.so
[31.549s] -- Set runtime path of "/home/lance/robot/install/my_cobot_interfaces/lib/libmy_cobot_interfaces__rosidl_generator_py.so" to ""
[31.549s] -- Installing: /home/lance/robot/install/my_cobot_interfaces/share/my_cobot_interfaces/srv/GetRadians.idl
[31.551s] -- Installing: /home/lance/robot/install/my_cobot_interfaces/share/my_cobot_interfaces/srv/SetRadians.idl
[31.552s] -- Installing: /home/lance/robot/install/my_cobot_interfaces/share/my_cobot_interfaces/srv/GetRadians.srv
[31.553s] -- Installing: /home/lance/robot/install/my_cobot_interfaces/share/my_cobot_interfaces/srv/GetRadians_Request.msg
[31.554s] -- Installing: /home/lance/robot/install/my_cobot_interfaces/share/my_cobot_interfaces/srv/GetRadians_Response.msg
[31.555s] -- Installing: /home/lance/robot/install/my_cobot_interfaces/share/my_cobot_interfaces/srv/SetRadians.srv
[31.557s] -- Installing: /home/lance/robot/install/my_cobot_interfaces/share/my_cobot_interfaces/srv/SetRadians_Request.msg
[31.558s] -- Installing: /home/lance/robot/install/my_cobot_interfaces/share/my_cobot_interfaces/srv/SetRadians_Response.msg
[31.559s] -- Installing: /home/lance/robot/install/my_cobot_interfaces/share/ament_index/resource_index/package_run_dependencies/my_cobot_interfaces
[31.561s] -- Installing: /home/lance/robot/install/my_cobot_interfaces/share/ament_index/resource_index/parent_prefix_path/my_cobot_interfaces
[31.562s] -- Installing: /home/lance/robot/install/my_cobot_interfaces/share/my_cobot_interfaces/environment/ament_prefix_path.sh
[31.563s] -- Installing: /home/lance/robot/install/my_cobot_interfaces/share/my_cobot_interfaces/environment/ament_prefix_path.dsv
[31.565s] -- Installing: /home/lance/robot/install/my_cobot_interfaces/share/my_cobot_interfaces/environment/path.sh
[31.566s] -- Installing: /home/lance/robot/install/my_cobot_interfaces/share/my_cobot_interfaces/environment/path.dsv
[31.567s] -- Installing: /home/lance/robot/install/my_cobot_interfaces/share/my_cobot_interfaces/local_setup.bash
[31.568s] -- Installing: /home/lance/robot/install/my_cobot_interfaces/share/my_cobot_interfaces/local_setup.sh
[31.569s] -- Installing: /home/lance/robot/install/my_cobot_interfaces/share/my_cobot_interfaces/local_setup.zsh
[31.570s] -- Installing: /home/lance/robot/install/my_cobot_interfaces/share/my_cobot_interfaces/local_setup.dsv
[31.572s] -- Installing: /home/lance/robot/install/my_cobot_interfaces/share/my_cobot_interfaces/package.dsv
[31.573s] -- Installing: /home/lance/robot/install/my_cobot_interfaces/share/ament_index/resource_index/packages/my_cobot_interfaces
[31.575s] -- Installing: /home/lance/robot/install/my_cobot_interfaces/share/my_cobot_interfaces/cmake/export_my_cobot_interfaces__rosidl_generator_cExport.cmake
[31.578s] -- Installing: /home/lance/robot/install/my_cobot_interfaces/share/my_cobot_interfaces/cmake/export_my_cobot_interfaces__rosidl_generator_cExport-noconfig.cmake
[31.580s] -- Installing: /home/lance/robot/install/my_cobot_interfaces/share/my_cobot_interfaces/cmake/export_my_cobot_interfaces__rosidl_typesupport_fastrtps_cExport.cmake
[31.581s] -- Installing: /home/lance/robot/install/my_cobot_interfaces/share/my_cobot_interfaces/cmake/export_my_cobot_interfaces__rosidl_typesupport_fastrtps_cExport-noconfig.cmake
[31.583s] -- Installing: /home/lance/robot/install/my_cobot_interfaces/share/my_cobot_interfaces/cmake/export_my_cobot_interfaces__rosidl_generator_cppExport.cmake
[31.584s] -- Installing: /home/lance/robot/install/my_cobot_interfaces/share/my_cobot_interfaces/cmake/export_my_cobot_interfaces__rosidl_typesupport_fastrtps_cppExport.cmake
[31.586s] -- Installing: /home/lance/robot/install/my_cobot_interfaces/share/my_cobot_interfaces/cmake/export_my_cobot_interfaces__rosidl_typesupport_fastrtps_cppExport-noconfig.cmake
[31.588s] -- Installing: /home/lance/robot/install/my_cobot_interfaces/share/my_cobot_interfaces/cmake/my_cobot_interfaces__rosidl_typesupport_introspection_cExport.cmake
[31.589s] -- Installing: /home/lance/robot/install/my_cobot_interfaces/share/my_cobot_interfaces/cmake/my_cobot_interfaces__rosidl_typesupport_introspection_cExport-noconfig.cmake
[31.591s] -- Installing: /home/lance/robot/install/my_cobot_interfaces/share/my_cobot_interfaces/cmake/my_cobot_interfaces__rosidl_typesupport_cExport.cmake
[31.592s] -- Installing: /home/lance/robot/install/my_cobot_interfaces/share/my_cobot_interfaces/cmake/my_cobot_interfaces__rosidl_typesupport_cExport-noconfig.cmake
[31.594s] -- Installing: /home/lance/robot/install/my_cobot_interfaces/share/my_cobot_interfaces/cmake/my_cobot_interfaces__rosidl_typesupport_introspection_cppExport.cmake
[31.595s] -- Installing: /home/lance/robot/install/my_cobot_interfaces/share/my_cobot_interfaces/cmake/my_cobot_interfaces__rosidl_typesupport_introspection_cppExport-noconfig.cmake
[31.597s] -- Installing: /home/lance/robot/install/my_cobot_interfaces/share/my_cobot_interfaces/cmake/my_cobot_interfaces__rosidl_typesupport_cppExport.cmake
[31.598s] -- Installing: /home/lance/robot/install/my_cobot_interfaces/share/my_cobot_interfaces/cmake/my_cobot_interfaces__rosidl_typesupport_cppExport-noconfig.cmake
[31.600s] -- Installing: /home/lance/robot/install/my_cobot_interfaces/share/my_cobot_interfaces/cmake/export_my_cobot_interfaces__rosidl_generator_pyExport.cmake
[31.601s] -- Installing: /home/lance/robot/install/my_cobot_interfaces/share/my_cobot_interfaces/cmake/export_my_cobot_interfaces__rosidl_generator_pyExport-noconfig.cmake
[31.603s] -- Installing: /home/lance/robot/install/my_cobot_interfaces/share/my_cobot_interfaces/cmake/rosidl_cmake-extras.cmake
[31.604s] -- Installing: /home/lance/robot/install/my_cobot_interfaces/share/my_cobot_interfaces/cmake/ament_cmake_export_dependencies-extras.cmake
[31.606s] -- Installing: /home/lance/robot/install/my_cobot_interfaces/share/my_cobot_interfaces/cmake/ament_cmake_export_include_directories-extras.cmake
[31.607s] -- Installing: /home/lance/robot/install/my_cobot_interfaces/share/my_cobot_interfaces/cmake/ament_cmake_export_libraries-extras.cmake
[31.608s] -- Installing: /home/lance/robot/install/my_cobot_interfaces/share/my_cobot_interfaces/cmake/ament_cmake_export_targets-extras.cmake
[31.609s] -- Installing: /home/lance/robot/install/my_cobot_interfaces/share/my_cobot_interfaces/cmake/rosidl_cmake_export_typesupport_targets-extras.cmake
[31.611s] -- Installing: /home/lance/robot/install/my_cobot_interfaces/share/my_cobot_interfaces/cmake/rosidl_cmake_export_typesupport_libraries-extras.cmake
[31.612s] -- Installing: /home/lance/robot/install/my_cobot_interfaces/share/my_cobot_interfaces/cmake/my_cobot_interfacesConfig.cmake
[31.613s] -- Installing: /home/lance/robot/install/my_cobot_interfaces/share/my_cobot_interfaces/cmake/my_cobot_interfacesConfig-version.cmake
[31.615s] -- Installing: /home/lance/robot/install/my_cobot_interfaces/share/my_cobot_interfaces/package.xml
[31.633s] Invoked command in '/home/lance/robot/build/my_cobot_interfaces' returned '0': CMAKE_PREFIX_PATH=${CMAKE_PREFIX_PATH}:/home/lance/robot/install/robot_description:/home/lance/robot/install/controllers:/home/lance/robot/install/motion_planning:/opt/ros/humble /usr/bin/cmake --install /home/lance/robot/build/my_cobot_interfaces
