[0.070s] Invoking command in '/home/lance/robot/build/moveit_config': AMENT_PREFIX_PATH=/home/lance/robot/install/robot_description:/home/lance/robot/install/moveit_config:/home/lance/robot/install/my_cobot_hardware_interface:/home/lance/robot/install/coord_controller:/home/lance/robot/install/controllers:/home/lance/robot/install/my_cobot_interfaces:/home/lance/robot/install/motion_planning:/home/lance/robot/install/bringup:/home/lance/moveit2_ws/install:/opt/ros/humble CMAKE_PREFIX_PATH=/home/lance/robot/install/my_cobot_hardware_interface:/home/lance/robot/install/my_cobot_interfaces:/home/lance/robot/install/moveit_config:/home/lance/moveit2_ws/install:/home/lance/robot/install/robot_description:/home/lance/robot/install/coord_controller:/home/lance/robot/install/controllers:/home/lance/robot/install/motion_planning:/home/lance/robot/install/bringup:/opt/ros/humble /usr/bin/cmake /home/lance/robot/src/moveit_config -DCMAKE_INSTALL_PREFIX=/home/lance/robot/install/moveit_config
[0.337s] -- The C compiler identification is GNU 11.3.0
[0.599s] -- The CXX compiler identification is GNU 11.3.0
[0.626s] -- Detecting C compiler ABI info
[0.955s] -- Detecting C compiler ABI info - done
[0.979s] -- Check for working C compiler: /usr/bin/cc - skipped
[0.980s] -- Detecting C compile features
[0.981s] -- Detecting C compile features - done
[0.992s] -- Detecting CXX compiler ABI info
[1.355s] -- Detecting CXX compiler ABI info - done
[1.380s] -- Check for working CXX compiler: /usr/bin/c++ - skipped
[1.381s] -- Detecting CXX compile features
[1.383s] -- Detecting CXX compile features - done
[1.421s] -- Found ament_cmake: 1.3.5 (/opt/ros/humble/share/ament_cmake/cmake)
[2.530s] -- Found Python3: /usr/bin/python3.10 (found version "3.10.6") found components: Interpreter 
[3.654s] -- Configuring done
[3.673s] -- Generating done
[3.677s] -- Build files have been written to: /home/lance/robot/build/moveit_config
[3.692s] Invoked command in '/home/lance/robot/build/moveit_config' returned '0': AMENT_PREFIX_PATH=/home/lance/robot/install/robot_description:/home/lance/robot/install/moveit_config:/home/lance/robot/install/my_cobot_hardware_interface:/home/lance/robot/install/coord_controller:/home/lance/robot/install/controllers:/home/lance/robot/install/my_cobot_interfaces:/home/lance/robot/install/motion_planning:/home/lance/robot/install/bringup:/home/lance/moveit2_ws/install:/opt/ros/humble CMAKE_PREFIX_PATH=/home/lance/robot/install/my_cobot_hardware_interface:/home/lance/robot/install/my_cobot_interfaces:/home/lance/robot/install/moveit_config:/home/lance/moveit2_ws/install:/home/lance/robot/install/robot_description:/home/lance/robot/install/coord_controller:/home/lance/robot/install/controllers:/home/lance/robot/install/motion_planning:/home/lance/robot/install/bringup:/opt/ros/humble /usr/bin/cmake /home/lance/robot/src/moveit_config -DCMAKE_INSTALL_PREFIX=/home/lance/robot/install/moveit_config
[3.700s] Invoking command in '/home/lance/robot/build/moveit_config': AMENT_PREFIX_PATH=/home/lance/robot/install/robot_description:/home/lance/robot/install/moveit_config:/home/lance/robot/install/my_cobot_hardware_interface:/home/lance/robot/install/coord_controller:/home/lance/robot/install/controllers:/home/lance/robot/install/my_cobot_interfaces:/home/lance/robot/install/motion_planning:/home/lance/robot/install/bringup:/home/lance/moveit2_ws/install:/opt/ros/humble CMAKE_PREFIX_PATH=/home/lance/robot/install/my_cobot_hardware_interface:/home/lance/robot/install/my_cobot_interfaces:/home/lance/robot/install/moveit_config:/home/lance/moveit2_ws/install:/home/lance/robot/install/robot_description:/home/lance/robot/install/coord_controller:/home/lance/robot/install/controllers:/home/lance/robot/install/motion_planning:/home/lance/robot/install/bringup:/opt/ros/humble /usr/bin/cmake --build /home/lance/robot/build/moveit_config -- -j4 -l4
[3.852s] Invoked command in '/home/lance/robot/build/moveit_config' returned '0': AMENT_PREFIX_PATH=/home/lance/robot/install/robot_description:/home/lance/robot/install/moveit_config:/home/lance/robot/install/my_cobot_hardware_interface:/home/lance/robot/install/coord_controller:/home/lance/robot/install/controllers:/home/lance/robot/install/my_cobot_interfaces:/home/lance/robot/install/motion_planning:/home/lance/robot/install/bringup:/home/lance/moveit2_ws/install:/opt/ros/humble CMAKE_PREFIX_PATH=/home/lance/robot/install/my_cobot_hardware_interface:/home/lance/robot/install/my_cobot_interfaces:/home/lance/robot/install/moveit_config:/home/lance/moveit2_ws/install:/home/lance/robot/install/robot_description:/home/lance/robot/install/coord_controller:/home/lance/robot/install/controllers:/home/lance/robot/install/motion_planning:/home/lance/robot/install/bringup:/opt/ros/humble /usr/bin/cmake --build /home/lance/robot/build/moveit_config -- -j4 -l4
[3.973s] Invoking command in '/home/lance/robot/build/moveit_config': AMENT_PREFIX_PATH=/home/lance/robot/install/robot_description:/home/lance/robot/install/moveit_config:/home/lance/robot/install/my_cobot_hardware_interface:/home/lance/robot/install/coord_controller:/home/lance/robot/install/controllers:/home/lance/robot/install/my_cobot_interfaces:/home/lance/robot/install/motion_planning:/home/lance/robot/install/bringup:/home/lance/moveit2_ws/install:/opt/ros/humble CMAKE_PREFIX_PATH=/home/lance/robot/install/my_cobot_hardware_interface:/home/lance/robot/install/my_cobot_interfaces:/home/lance/robot/install/moveit_config:/home/lance/moveit2_ws/install:/home/lance/robot/install/robot_description:/home/lance/robot/install/coord_controller:/home/lance/robot/install/controllers:/home/lance/robot/install/motion_planning:/home/lance/robot/install/bringup:/opt/ros/humble /usr/bin/cmake --install /home/lance/robot/build/moveit_config
[4.001s] -- Install configuration: ""
[4.002s] -- Installing: /home/lance/robot/install/moveit_config/share/ament_index/resource_index/package_run_dependencies/moveit_config
[4.004s] -- Installing: /home/lance/robot/install/moveit_config/share/ament_index/resource_index/parent_prefix_path/moveit_config
[4.007s] -- Installing: /home/lance/robot/install/moveit_config/share/moveit_config/environment/ament_prefix_path.sh
[4.009s] -- Installing: /home/lance/robot/install/moveit_config/share/moveit_config/environment/ament_prefix_path.dsv
[4.011s] -- Installing: /home/lance/robot/install/moveit_config/share/moveit_config/environment/path.sh
[4.012s] -- Installing: /home/lance/robot/install/moveit_config/share/moveit_config/environment/path.dsv
[4.014s] -- Installing: /home/lance/robot/install/moveit_config/share/moveit_config/local_setup.bash
[4.015s] -- Installing: /home/lance/robot/install/moveit_config/share/moveit_config/local_setup.sh
[4.017s] -- Installing: /home/lance/robot/install/moveit_config/share/moveit_config/local_setup.zsh
[4.018s] -- Installing: /home/lance/robot/install/moveit_config/share/moveit_config/local_setup.dsv
[4.019s] -- Installing: /home/lance/robot/install/moveit_config/share/moveit_config/package.dsv
[4.020s] -- Installing: /home/lance/robot/install/moveit_config/share/ament_index/resource_index/packages/moveit_config
[4.021s] -- Installing: /home/lance/robot/install/moveit_config/share/moveit_config/cmake/moveit_configConfig.cmake
[4.022s] -- Installing: /home/lance/robot/install/moveit_config/share/moveit_config/cmake/moveit_configConfig-version.cmake
[4.023s] -- Installing: /home/lance/robot/install/moveit_config/share/moveit_config/package.xml
[4.024s] -- Installing: /home/lance/robot/install/moveit_config/share/moveit_config/launch
[4.025s] -- Installing: /home/lance/robot/install/moveit_config/share/moveit_config/launch/moveit.launch.py
[4.027s] -- Installing: /home/lance/robot/install/moveit_config/share/moveit_config/launch/static_virtual_joint_tfs.launch.py
[4.029s] -- Installing: /home/lance/robot/install/moveit_config/share/moveit_config/launch/demo.launch.py
[4.031s] -- Installing: /home/lance/robot/install/moveit_config/share/moveit_config/launch/warehouse_db.launch.py
[4.032s] -- Installing: /home/lance/robot/install/moveit_config/share/moveit_config/launch/moveit_rviz.launch.py
[4.033s] -- Installing: /home/lance/robot/install/moveit_config/share/moveit_config/launch/setup_assistant.launch.py
[4.035s] -- Installing: /home/lance/robot/install/moveit_config/share/moveit_config/launch/spawn_controllers.launch.py
[4.036s] -- Installing: /home/lance/robot/install/moveit_config/share/moveit_config/launch/move_group.launch.py
[4.038s] -- Installing: /home/lance/robot/install/moveit_config/share/moveit_config/launch/rsp.launch.py
[4.039s] -- Installing: /home/lance/robot/install/moveit_config/share/moveit_config/config
[4.040s] -- Installing: /home/lance/robot/install/moveit_config/share/moveit_config/config/moveit_controllers.yaml
[4.042s] -- Installing: /home/lance/robot/install/moveit_config/share/moveit_config/config/mycobot_ai.srdf
[4.044s] -- Installing: /home/lance/robot/install/moveit_config/share/moveit_config/config/kinematics.yaml
[4.045s] -- Installing: /home/lance/robot/install/moveit_config/share/moveit_config/config/pilz_cartesian_limits.yaml
[4.047s] -- Installing: /home/lance/robot/install/moveit_config/share/moveit_config/config/mycobot_ai.ros2_control.xacro
[4.048s] -- Installing: /home/lance/robot/install/moveit_config/share/moveit_config/config/joint_limits.yaml
[4.050s] -- Installing: /home/lance/robot/install/moveit_config/share/moveit_config/config/mycobot_ai.urdf.xacro
[4.052s] -- Installing: /home/lance/robot/install/moveit_config/share/moveit_config/config/initial_positions.yaml
[4.053s] -- Installing: /home/lance/robot/install/moveit_config/share/moveit_config/config/moveit.rviz
[4.055s] -- Installing: /home/lance/robot/install/moveit_config/share/moveit_config/config/ros2_controllers.yaml
[4.057s] -- Installing: /home/lance/robot/install/moveit_config/share/moveit_config/config/sensors_3d.yaml
[4.059s] -- Installing: /home/lance/robot/install/moveit_config/share/moveit_config/.setup_assistant
[4.077s] Invoked command in '/home/lance/robot/build/moveit_config' returned '0': AMENT_PREFIX_PATH=/home/lance/robot/install/robot_description:/home/lance/robot/install/moveit_config:/home/lance/robot/install/my_cobot_hardware_interface:/home/lance/robot/install/coord_controller:/home/lance/robot/install/controllers:/home/lance/robot/install/my_cobot_interfaces:/home/lance/robot/install/motion_planning:/home/lance/robot/install/bringup:/home/lance/moveit2_ws/install:/opt/ros/humble CMAKE_PREFIX_PATH=/home/lance/robot/install/my_cobot_hardware_interface:/home/lance/robot/install/my_cobot_interfaces:/home/lance/robot/install/moveit_config:/home/lance/moveit2_ws/install:/home/lance/robot/install/robot_description:/home/lance/robot/install/coord_controller:/home/lance/robot/install/controllers:/home/lance/robot/install/motion_planning:/home/lance/robot/install/bringup:/opt/ros/humble /usr/bin/cmake --install /home/lance/robot/build/moveit_config
