[1.863s] DEBUG:colcon:Command line arguments: ['/usr/bin/colcon', 'build']
[1.863s] DEBUG:colcon:Parsed command line arguments: Namespace(log_base=None, log_level=None, verb_name='build', build_base='build', install_base='install', merge_install=False, symlink_install=False, test_result_base=None, continue_on_error=False, executor='parallel', parallel_workers=4, event_handlers=None, ignore_user_meta=False, metas=['./colcon.meta'], base_paths=['.'], packages_ignore=None, packages_ignore_regex=None, paths=None, packages_up_to=None, packages_up_to_regex=None, packages_above=None, packages_above_and_dependencies=None, packages_above_depth=None, packages_select_by_dep=None, packages_skip_by_dep=None, packages_skip_up_to=None, packages_select_build_failed=False, packages_skip_build_finished=False, packages_select_test_failures=False, packages_skip_test_passed=False, packages_select=None, packages_skip=None, packages_select_regex=None, packages_skip_regex=None, packages_start=None, packages_end=None, allow_overriding=[], cmake_args=None, cmake_target=None, cmake_target_skip_unavailable=False, cmake_clean_cache=False, cmake_clean_first=False, cmake_force_configure=False, ament_cmake_args=None, catkin_cmake_args=None, catkin_skip_building_tests=False, verb_parser=<colcon_defaults.argument_parser.defaults.DefaultArgumentsDecorator object at 0xffff7da54a00>, verb_extension=<colcon_core.verb.build.BuildVerb object at 0xffff7da54490>, main=<bound method BuildVerb.main of <colcon_core.verb.build.BuildVerb object at 0xffff7da54490>>)
[1.991s] Level 1:colcon.colcon_core.package_discovery:discover_packages(colcon_meta) check parameters
[1.991s] Level 1:colcon.colcon_core.package_discovery:discover_packages(recursive) check parameters
[1.991s] Level 1:colcon.colcon_core.package_discovery:discover_packages(ignore) check parameters
[1.991s] Level 1:colcon.colcon_core.package_discovery:discover_packages(path) check parameters
[1.992s] Level 1:colcon.colcon_core.package_discovery:discover_packages(colcon_meta) discover
[1.992s] Level 1:colcon.colcon_core.package_discovery:discover_packages(recursive) discover
[1.992s] INFO:colcon.colcon_core.package_discovery:Crawling recursively for packages in '/home/lance/robot'
[1.992s] Level 1:colcon.colcon_core.package_identification:_identify(.) by extensions ['ignore', 'ignore_ament_install']
[1.993s] Level 1:colcon.colcon_core.package_identification:_identify(.) by extension 'ignore'
[1.993s] Level 1:colcon.colcon_core.package_identification:_identify(.) by extension 'ignore_ament_install'
[1.993s] Level 1:colcon.colcon_core.package_identification:_identify(.) by extensions ['colcon_pkg']
[1.993s] Level 1:colcon.colcon_core.package_identification:_identify(.) by extension 'colcon_pkg'
[1.993s] Level 1:colcon.colcon_core.package_identification:_identify(.) by extensions ['colcon_meta']
[1.994s] Level 1:colcon.colcon_core.package_identification:_identify(.) by extension 'colcon_meta'
[1.994s] Level 1:colcon.colcon_core.package_identification:_identify(.) by extensions ['ros']
[1.994s] Level 1:colcon.colcon_core.package_identification:_identify(.) by extension 'ros'
[2.039s] Level 1:colcon.colcon_core.package_identification:_identify(.) by extensions ['cmake', 'python']
[2.040s] Level 1:colcon.colcon_core.package_identification:_identify(.) by extension 'cmake'
[2.040s] Level 1:colcon.colcon_core.package_identification:_identify(.) by extension 'python'
[2.040s] Level 1:colcon.colcon_core.package_identification:_identify(.) by extensions ['python_setup_py']
[2.040s] Level 1:colcon.colcon_core.package_identification:_identify(.) by extension 'python_setup_py'
[2.041s] Level 1:colcon.colcon_core.package_identification:_identify(build) by extensions ['ignore', 'ignore_ament_install']
[2.041s] Level 1:colcon.colcon_core.package_identification:_identify(build) by extension 'ignore'
[2.041s] Level 1:colcon.colcon_core.package_identification:_identify(build) ignored
[2.042s] Level 1:colcon.colcon_core.package_identification:_identify(install) by extensions ['ignore', 'ignore_ament_install']
[2.042s] Level 1:colcon.colcon_core.package_identification:_identify(install) by extension 'ignore'
[2.043s] Level 1:colcon.colcon_core.package_identification:_identify(install) ignored
[2.044s] Level 1:colcon.colcon_core.package_identification:_identify(log) by extensions ['ignore', 'ignore_ament_install']
[2.044s] Level 1:colcon.colcon_core.package_identification:_identify(log) by extension 'ignore'
[2.045s] Level 1:colcon.colcon_core.package_identification:_identify(log) ignored
[2.045s] Level 1:colcon.colcon_core.package_identification:_identify(src) by extensions ['ignore', 'ignore_ament_install']
[2.045s] Level 1:colcon.colcon_core.package_identification:_identify(src) by extension 'ignore'
[2.046s] Level 1:colcon.colcon_core.package_identification:_identify(src) by extension 'ignore_ament_install'
[2.046s] Level 1:colcon.colcon_core.package_identification:_identify(src) by extensions ['colcon_pkg']
[2.046s] Level 1:colcon.colcon_core.package_identification:_identify(src) by extension 'colcon_pkg'
[2.046s] Level 1:colcon.colcon_core.package_identification:_identify(src) by extensions ['colcon_meta']
[2.046s] Level 1:colcon.colcon_core.package_identification:_identify(src) by extension 'colcon_meta'
[2.046s] Level 1:colcon.colcon_core.package_identification:_identify(src) by extensions ['ros']
[2.046s] Level 1:colcon.colcon_core.package_identification:_identify(src) by extension 'ros'
[2.047s] Level 1:colcon.colcon_core.package_identification:_identify(src) by extensions ['cmake', 'python']
[2.047s] Level 1:colcon.colcon_core.package_identification:_identify(src) by extension 'cmake'
[2.047s] Level 1:colcon.colcon_core.package_identification:_identify(src) by extension 'python'
[2.047s] Level 1:colcon.colcon_core.package_identification:_identify(src) by extensions ['python_setup_py']
[2.047s] Level 1:colcon.colcon_core.package_identification:_identify(src) by extension 'python_setup_py'
[2.048s] Level 1:colcon.colcon_core.package_identification:_identify(src/bringup) by extensions ['ignore', 'ignore_ament_install']
[2.048s] Level 1:colcon.colcon_core.package_identification:_identify(src/bringup) by extension 'ignore'
[2.048s] Level 1:colcon.colcon_core.package_identification:_identify(src/bringup) by extension 'ignore_ament_install'
[2.049s] Level 1:colcon.colcon_core.package_identification:_identify(src/bringup) by extensions ['colcon_pkg']
[2.049s] Level 1:colcon.colcon_core.package_identification:_identify(src/bringup) by extension 'colcon_pkg'
[2.049s] Level 1:colcon.colcon_core.package_identification:_identify(src/bringup) by extensions ['colcon_meta']
[2.049s] Level 1:colcon.colcon_core.package_identification:_identify(src/bringup) by extension 'colcon_meta'
[2.049s] Level 1:colcon.colcon_core.package_identification:_identify(src/bringup) by extensions ['ros']
[2.049s] Level 1:colcon.colcon_core.package_identification:_identify(src/bringup) by extension 'ros'
[2.058s] DEBUG:colcon.colcon_core.package_identification:Package 'src/bringup' with type 'ros.ament_python' and name 'bringup'
[2.058s] Level 1:colcon.colcon_core.package_identification:_identify(src/computer_vision) by extensions ['ignore', 'ignore_ament_install']
[2.059s] Level 1:colcon.colcon_core.package_identification:_identify(src/computer_vision) by extension 'ignore'
[2.059s] Level 1:colcon.colcon_core.package_identification:_identify(src/computer_vision) by extension 'ignore_ament_install'
[2.059s] Level 1:colcon.colcon_core.package_identification:_identify(src/computer_vision) by extensions ['colcon_pkg']
[2.059s] Level 1:colcon.colcon_core.package_identification:_identify(src/computer_vision) by extension 'colcon_pkg'
[2.059s] Level 1:colcon.colcon_core.package_identification:_identify(src/computer_vision) by extensions ['colcon_meta']
[2.059s] Level 1:colcon.colcon_core.package_identification:_identify(src/computer_vision) by extension 'colcon_meta'
[2.060s] Level 1:colcon.colcon_core.package_identification:_identify(src/computer_vision) by extensions ['ros']
[2.060s] Level 1:colcon.colcon_core.package_identification:_identify(src/computer_vision) by extension 'ros'
[2.062s] DEBUG:colcon.colcon_core.package_identification:Package 'src/computer_vision' with type 'ros.ament_python' and name 'computer_vision'
[2.063s] Level 1:colcon.colcon_core.package_identification:_identify(src/controllers) by extensions ['ignore', 'ignore_ament_install']
[2.063s] Level 1:colcon.colcon_core.package_identification:_identify(src/controllers) by extension 'ignore'
[2.063s] Level 1:colcon.colcon_core.package_identification:_identify(src/controllers) by extension 'ignore_ament_install'
[2.063s] Level 1:colcon.colcon_core.package_identification:_identify(src/controllers) by extensions ['colcon_pkg']
[2.064s] Level 1:colcon.colcon_core.package_identification:_identify(src/controllers) by extension 'colcon_pkg'
[2.064s] Level 1:colcon.colcon_core.package_identification:_identify(src/controllers) by extensions ['colcon_meta']
[2.064s] Level 1:colcon.colcon_core.package_identification:_identify(src/controllers) by extension 'colcon_meta'
[2.064s] Level 1:colcon.colcon_core.package_identification:_identify(src/controllers) by extensions ['ros']
[2.064s] Level 1:colcon.colcon_core.package_identification:_identify(src/controllers) by extension 'ros'
[2.067s] DEBUG:colcon.colcon_core.package_identification:Package 'src/controllers' with type 'ros.ament_python' and name 'controllers'
[2.068s] Level 1:colcon.colcon_core.package_identification:_identify(src/motion_planning) by extensions ['ignore', 'ignore_ament_install']
[2.068s] Level 1:colcon.colcon_core.package_identification:_identify(src/motion_planning) by extension 'ignore'
[2.068s] Level 1:colcon.colcon_core.package_identification:_identify(src/motion_planning) by extension 'ignore_ament_install'
[2.069s] Level 1:colcon.colcon_core.package_identification:_identify(src/motion_planning) by extensions ['colcon_pkg']
[2.069s] Level 1:colcon.colcon_core.package_identification:_identify(src/motion_planning) by extension 'colcon_pkg'
[2.069s] Level 1:colcon.colcon_core.package_identification:_identify(src/motion_planning) by extensions ['colcon_meta']
[2.069s] Level 1:colcon.colcon_core.package_identification:_identify(src/motion_planning) by extension 'colcon_meta'
[2.069s] Level 1:colcon.colcon_core.package_identification:_identify(src/motion_planning) by extensions ['ros']
[2.069s] Level 1:colcon.colcon_core.package_identification:_identify(src/motion_planning) by extension 'ros'
[2.072s] DEBUG:colcon.colcon_core.package_identification:Package 'src/motion_planning' with type 'ros.ament_python' and name 'motion_planning'
[2.072s] Level 1:colcon.colcon_core.package_identification:_identify(src/moveit_config) by extensions ['ignore', 'ignore_ament_install']
[2.073s] Level 1:colcon.colcon_core.package_identification:_identify(src/moveit_config) by extension 'ignore'
[2.073s] Level 1:colcon.colcon_core.package_identification:_identify(src/moveit_config) by extension 'ignore_ament_install'
[2.073s] Level 1:colcon.colcon_core.package_identification:_identify(src/moveit_config) by extensions ['colcon_pkg']
[2.073s] Level 1:colcon.colcon_core.package_identification:_identify(src/moveit_config) by extension 'colcon_pkg'
[2.073s] Level 1:colcon.colcon_core.package_identification:_identify(src/moveit_config) by extensions ['colcon_meta']
[2.073s] Level 1:colcon.colcon_core.package_identification:_identify(src/moveit_config) by extension 'colcon_meta'
[2.074s] Level 1:colcon.colcon_core.package_identification:_identify(src/moveit_config) by extensions ['ros']
[2.074s] Level 1:colcon.colcon_core.package_identification:_identify(src/moveit_config) by extension 'ros'
[2.077s] DEBUG:colcon.colcon_core.package_identification:Package 'src/moveit_config' with type 'ros.ament_cmake' and name 'moveit_config'
[2.078s] Level 1:colcon.colcon_core.package_identification:_identify(src/my_cobot_hardware_interface) by extensions ['ignore', 'ignore_ament_install']
[2.078s] Level 1:colcon.colcon_core.package_identification:_identify(src/my_cobot_hardware_interface) by extension 'ignore'
[2.078s] Level 1:colcon.colcon_core.package_identification:_identify(src/my_cobot_hardware_interface) by extension 'ignore_ament_install'
[2.079s] Level 1:colcon.colcon_core.package_identification:_identify(src/my_cobot_hardware_interface) by extensions ['colcon_pkg']
[2.079s] Level 1:colcon.colcon_core.package_identification:_identify(src/my_cobot_hardware_interface) by extension 'colcon_pkg'
[2.079s] Level 1:colcon.colcon_core.package_identification:_identify(src/my_cobot_hardware_interface) by extensions ['colcon_meta']
[2.079s] Level 1:colcon.colcon_core.package_identification:_identify(src/my_cobot_hardware_interface) by extension 'colcon_meta'
[2.079s] Level 1:colcon.colcon_core.package_identification:_identify(src/my_cobot_hardware_interface) by extensions ['ros']
[2.079s] Level 1:colcon.colcon_core.package_identification:_identify(src/my_cobot_hardware_interface) by extension 'ros'
[2.082s] DEBUG:colcon.colcon_core.package_identification:Package 'src/my_cobot_hardware_interface' with type 'ros.ament_cmake' and name 'my_cobot_hardware_interface'
[2.082s] Level 1:colcon.colcon_core.package_identification:_identify(src/my_cobot_interfaces) by extensions ['ignore', 'ignore_ament_install']
[2.083s] Level 1:colcon.colcon_core.package_identification:_identify(src/my_cobot_interfaces) by extension 'ignore'
[2.083s] Level 1:colcon.colcon_core.package_identification:_identify(src/my_cobot_interfaces) by extension 'ignore_ament_install'
[2.083s] Level 1:colcon.colcon_core.package_identification:_identify(src/my_cobot_interfaces) by extensions ['colcon_pkg']
[2.084s] Level 1:colcon.colcon_core.package_identification:_identify(src/my_cobot_interfaces) by extension 'colcon_pkg'
[2.084s] Level 1:colcon.colcon_core.package_identification:_identify(src/my_cobot_interfaces) by extensions ['colcon_meta']
[2.084s] Level 1:colcon.colcon_core.package_identification:_identify(src/my_cobot_interfaces) by extension 'colcon_meta'
[2.084s] Level 1:colcon.colcon_core.package_identification:_identify(src/my_cobot_interfaces) by extensions ['ros']
[2.084s] Level 1:colcon.colcon_core.package_identification:_identify(src/my_cobot_interfaces) by extension 'ros'
[2.087s] DEBUG:colcon.colcon_core.package_identification:Package 'src/my_cobot_interfaces' with type 'ros.ament_cmake' and name 'my_cobot_interfaces'
[2.088s] Level 1:colcon.colcon_core.package_identification:_identify(src/robot_description) by extensions ['ignore', 'ignore_ament_install']
[2.088s] Level 1:colcon.colcon_core.package_identification:_identify(src/robot_description) by extension 'ignore'
[2.088s] Level 1:colcon.colcon_core.package_identification:_identify(src/robot_description) by extension 'ignore_ament_install'
[2.089s] Level 1:colcon.colcon_core.package_identification:_identify(src/robot_description) by extensions ['colcon_pkg']
[2.089s] Level 1:colcon.colcon_core.package_identification:_identify(src/robot_description) by extension 'colcon_pkg'
[2.089s] Level 1:colcon.colcon_core.package_identification:_identify(src/robot_description) by extensions ['colcon_meta']
[2.089s] Level 1:colcon.colcon_core.package_identification:_identify(src/robot_description) by extension 'colcon_meta'
[2.089s] Level 1:colcon.colcon_core.package_identification:_identify(src/robot_description) by extensions ['ros']
[2.089s] Level 1:colcon.colcon_core.package_identification:_identify(src/robot_description) by extension 'ros'
[2.091s] DEBUG:colcon.colcon_core.package_identification:Package 'src/robot_description' with type 'ros.ament_python' and name 'robot_description'
[2.092s] Level 1:colcon.colcon_core.package_discovery:discover_packages(recursive) using defaults
[2.092s] Level 1:colcon.colcon_core.package_discovery:discover_packages(ignore) discover
[2.092s] Level 1:colcon.colcon_core.package_discovery:discover_packages(ignore) using defaults
[2.092s] Level 1:colcon.colcon_core.package_discovery:discover_packages(path) discover
[2.092s] Level 1:colcon.colcon_core.package_discovery:discover_packages(path) using defaults
[2.215s] Level 1:colcon.colcon_core.package_discovery:discover_packages(prefix_path) check parameters
[2.215s] Level 1:colcon.colcon_core.package_discovery:discover_packages(prefix_path) discover
[2.235s] DEBUG:colcon.colcon_installed_package_information.package_discovery:Found 1 installed packages in /home/lance/moveit2_ws/install
[2.244s] DEBUG:colcon.colcon_installed_package_information.package_discovery:Found 8 installed packages in /home/lance/robot/install
[2.260s] DEBUG:colcon.colcon_installed_package_information.package_discovery:Found 345 installed packages in /opt/ros/humble
[2.267s] Level 1:colcon.colcon_core.package_discovery:discover_packages(prefix_path) using defaults
[2.577s] Level 5:colcon.colcon_core.verb:set package 'bringup' build argument 'cmake_args' from command line to 'None'
[2.577s] Level 5:colcon.colcon_core.verb:set package 'bringup' build argument 'cmake_target' from command line to 'None'
[2.577s] Level 5:colcon.colcon_core.verb:set package 'bringup' build argument 'cmake_target_skip_unavailable' from command line to 'False'
[2.577s] Level 5:colcon.colcon_core.verb:set package 'bringup' build argument 'cmake_clean_cache' from command line to 'False'
[2.577s] Level 5:colcon.colcon_core.verb:set package 'bringup' build argument 'cmake_clean_first' from command line to 'False'
[2.577s] Level 5:colcon.colcon_core.verb:set package 'bringup' build argument 'cmake_force_configure' from command line to 'False'
[2.577s] Level 5:colcon.colcon_core.verb:set package 'bringup' build argument 'ament_cmake_args' from command line to 'None'
[2.578s] Level 5:colcon.colcon_core.verb:set package 'bringup' build argument 'catkin_cmake_args' from command line to 'None'
[2.578s] Level 5:colcon.colcon_core.verb:set package 'bringup' build argument 'catkin_skip_building_tests' from command line to 'False'
[2.578s] DEBUG:colcon.colcon_core.verb:Building package 'bringup' with the following arguments: {'ament_cmake_args': None, 'build_base': '/home/lance/robot/build/bringup', 'catkin_cmake_args': None, 'catkin_skip_building_tests': False, 'cmake_args': None, 'cmake_clean_cache': False, 'cmake_clean_first': False, 'cmake_force_configure': False, 'cmake_target': None, 'cmake_target_skip_unavailable': False, 'install_base': '/home/lance/robot/install/bringup', 'merge_install': False, 'path': '/home/lance/robot/src/bringup', 'symlink_install': False, 'test_result_base': None}
[2.585s] Level 5:colcon.colcon_core.verb:set package 'computer_vision' build argument 'cmake_args' from command line to 'None'
[2.585s] Level 5:colcon.colcon_core.verb:set package 'computer_vision' build argument 'cmake_target' from command line to 'None'
[2.585s] Level 5:colcon.colcon_core.verb:set package 'computer_vision' build argument 'cmake_target_skip_unavailable' from command line to 'False'
[2.585s] Level 5:colcon.colcon_core.verb:set package 'computer_vision' build argument 'cmake_clean_cache' from command line to 'False'
[2.586s] Level 5:colcon.colcon_core.verb:set package 'computer_vision' build argument 'cmake_clean_first' from command line to 'False'
[2.586s] Level 5:colcon.colcon_core.verb:set package 'computer_vision' build argument 'cmake_force_configure' from command line to 'False'
[2.586s] Level 5:colcon.colcon_core.verb:set package 'computer_vision' build argument 'ament_cmake_args' from command line to 'None'
[2.586s] Level 5:colcon.colcon_core.verb:set package 'computer_vision' build argument 'catkin_cmake_args' from command line to 'None'
[2.586s] Level 5:colcon.colcon_core.verb:set package 'computer_vision' build argument 'catkin_skip_building_tests' from command line to 'False'
[2.586s] DEBUG:colcon.colcon_core.verb:Building package 'computer_vision' with the following arguments: {'ament_cmake_args': None, 'build_base': '/home/lance/robot/build/computer_vision', 'catkin_cmake_args': None, 'catkin_skip_building_tests': False, 'cmake_args': None, 'cmake_clean_cache': False, 'cmake_clean_first': False, 'cmake_force_configure': False, 'cmake_target': None, 'cmake_target_skip_unavailable': False, 'install_base': '/home/lance/robot/install/computer_vision', 'merge_install': False, 'path': '/home/lance/robot/src/computer_vision', 'symlink_install': False, 'test_result_base': None}
[2.593s] Level 5:colcon.colcon_core.verb:set package 'motion_planning' build argument 'cmake_args' from command line to 'None'
[2.593s] Level 5:colcon.colcon_core.verb:set package 'motion_planning' build argument 'cmake_target' from command line to 'None'
[2.593s] Level 5:colcon.colcon_core.verb:set package 'motion_planning' build argument 'cmake_target_skip_unavailable' from command line to 'False'
[2.593s] Level 5:colcon.colcon_core.verb:set package 'motion_planning' build argument 'cmake_clean_cache' from command line to 'False'
[2.594s] Level 5:colcon.colcon_core.verb:set package 'motion_planning' build argument 'cmake_clean_first' from command line to 'False'
[2.594s] Level 5:colcon.colcon_core.verb:set package 'motion_planning' build argument 'cmake_force_configure' from command line to 'False'
[2.594s] Level 5:colcon.colcon_core.verb:set package 'motion_planning' build argument 'ament_cmake_args' from command line to 'None'
[2.594s] Level 5:colcon.colcon_core.verb:set package 'motion_planning' build argument 'catkin_cmake_args' from command line to 'None'
[2.594s] Level 5:colcon.colcon_core.verb:set package 'motion_planning' build argument 'catkin_skip_building_tests' from command line to 'False'
[2.594s] DEBUG:colcon.colcon_core.verb:Building package 'motion_planning' with the following arguments: {'ament_cmake_args': None, 'build_base': '/home/lance/robot/build/motion_planning', 'catkin_cmake_args': None, 'catkin_skip_building_tests': False, 'cmake_args': None, 'cmake_clean_cache': False, 'cmake_clean_first': False, 'cmake_force_configure': False, 'cmake_target': None, 'cmake_target_skip_unavailable': False, 'install_base': '/home/lance/robot/install/motion_planning', 'merge_install': False, 'path': '/home/lance/robot/src/motion_planning', 'symlink_install': False, 'test_result_base': None}
[2.601s] Level 5:colcon.colcon_core.verb:set package 'my_cobot_interfaces' build argument 'cmake_args' from command line to 'None'
[2.601s] Level 5:colcon.colcon_core.verb:set package 'my_cobot_interfaces' build argument 'cmake_target' from command line to 'None'
[2.602s] Level 5:colcon.colcon_core.verb:set package 'my_cobot_interfaces' build argument 'cmake_target_skip_unavailable' from command line to 'False'
[2.602s] Level 5:colcon.colcon_core.verb:set package 'my_cobot_interfaces' build argument 'cmake_clean_cache' from command line to 'False'
[2.602s] Level 5:colcon.colcon_core.verb:set package 'my_cobot_interfaces' build argument 'cmake_clean_first' from command line to 'False'
[2.602s] Level 5:colcon.colcon_core.verb:set package 'my_cobot_interfaces' build argument 'cmake_force_configure' from command line to 'False'
[2.602s] Level 5:colcon.colcon_core.verb:set package 'my_cobot_interfaces' build argument 'ament_cmake_args' from command line to 'None'
[2.602s] Level 5:colcon.colcon_core.verb:set package 'my_cobot_interfaces' build argument 'catkin_cmake_args' from command line to 'None'
[2.602s] Level 5:colcon.colcon_core.verb:set package 'my_cobot_interfaces' build argument 'catkin_skip_building_tests' from command line to 'False'
[2.602s] DEBUG:colcon.colcon_core.verb:Building package 'my_cobot_interfaces' with the following arguments: {'ament_cmake_args': None, 'build_base': '/home/lance/robot/build/my_cobot_interfaces', 'catkin_cmake_args': None, 'catkin_skip_building_tests': False, 'cmake_args': None, 'cmake_clean_cache': False, 'cmake_clean_first': False, 'cmake_force_configure': False, 'cmake_target': None, 'cmake_target_skip_unavailable': False, 'install_base': '/home/lance/robot/install/my_cobot_interfaces', 'merge_install': False, 'path': '/home/lance/robot/src/my_cobot_interfaces', 'symlink_install': False, 'test_result_base': None}
[2.609s] Level 5:colcon.colcon_core.verb:set package 'robot_description' build argument 'cmake_args' from command line to 'None'
[2.610s] Level 5:colcon.colcon_core.verb:set package 'robot_description' build argument 'cmake_target' from command line to 'None'
[2.610s] Level 5:colcon.colcon_core.verb:set package 'robot_description' build argument 'cmake_target_skip_unavailable' from command line to 'False'
[2.610s] Level 5:colcon.colcon_core.verb:set package 'robot_description' build argument 'cmake_clean_cache' from command line to 'False'
[2.610s] Level 5:colcon.colcon_core.verb:set package 'robot_description' build argument 'cmake_clean_first' from command line to 'False'
[2.610s] Level 5:colcon.colcon_core.verb:set package 'robot_description' build argument 'cmake_force_configure' from command line to 'False'
[2.610s] Level 5:colcon.colcon_core.verb:set package 'robot_description' build argument 'ament_cmake_args' from command line to 'None'
[2.610s] Level 5:colcon.colcon_core.verb:set package 'robot_description' build argument 'catkin_cmake_args' from command line to 'None'
[2.610s] Level 5:colcon.colcon_core.verb:set package 'robot_description' build argument 'catkin_skip_building_tests' from command line to 'False'
[2.610s] DEBUG:colcon.colcon_core.verb:Building package 'robot_description' with the following arguments: {'ament_cmake_args': None, 'build_base': '/home/lance/robot/build/robot_description', 'catkin_cmake_args': None, 'catkin_skip_building_tests': False, 'cmake_args': None, 'cmake_clean_cache': False, 'cmake_clean_first': False, 'cmake_force_configure': False, 'cmake_target': None, 'cmake_target_skip_unavailable': False, 'install_base': '/home/lance/robot/install/robot_description', 'merge_install': False, 'path': '/home/lance/robot/src/robot_description', 'symlink_install': False, 'test_result_base': None}
[2.617s] Level 5:colcon.colcon_core.verb:set package 'controllers' build argument 'cmake_args' from command line to 'None'
[2.618s] Level 5:colcon.colcon_core.verb:set package 'controllers' build argument 'cmake_target' from command line to 'None'
[2.618s] Level 5:colcon.colcon_core.verb:set package 'controllers' build argument 'cmake_target_skip_unavailable' from command line to 'False'
[2.618s] Level 5:colcon.colcon_core.verb:set package 'controllers' build argument 'cmake_clean_cache' from command line to 'False'
[2.618s] Level 5:colcon.colcon_core.verb:set package 'controllers' build argument 'cmake_clean_first' from command line to 'False'
[2.618s] Level 5:colcon.colcon_core.verb:set package 'controllers' build argument 'cmake_force_configure' from command line to 'False'
[2.618s] Level 5:colcon.colcon_core.verb:set package 'controllers' build argument 'ament_cmake_args' from command line to 'None'
[2.618s] Level 5:colcon.colcon_core.verb:set package 'controllers' build argument 'catkin_cmake_args' from command line to 'None'
[2.618s] Level 5:colcon.colcon_core.verb:set package 'controllers' build argument 'catkin_skip_building_tests' from command line to 'False'
[2.619s] DEBUG:colcon.colcon_core.verb:Building package 'controllers' with the following arguments: {'ament_cmake_args': None, 'build_base': '/home/lance/robot/build/controllers', 'catkin_cmake_args': None, 'catkin_skip_building_tests': False, 'cmake_args': None, 'cmake_clean_cache': False, 'cmake_clean_first': False, 'cmake_force_configure': False, 'cmake_target': None, 'cmake_target_skip_unavailable': False, 'install_base': '/home/lance/robot/install/controllers', 'merge_install': False, 'path': '/home/lance/robot/src/controllers', 'symlink_install': False, 'test_result_base': None}
[2.626s] Level 5:colcon.colcon_core.verb:set package 'moveit_config' build argument 'cmake_args' from command line to 'None'
[2.626s] Level 5:colcon.colcon_core.verb:set package 'moveit_config' build argument 'cmake_target' from command line to 'None'
[2.626s] Level 5:colcon.colcon_core.verb:set package 'moveit_config' build argument 'cmake_target_skip_unavailable' from command line to 'False'
[2.626s] Level 5:colcon.colcon_core.verb:set package 'moveit_config' build argument 'cmake_clean_cache' from command line to 'False'
[2.626s] Level 5:colcon.colcon_core.verb:set package 'moveit_config' build argument 'cmake_clean_first' from command line to 'False'
[2.626s] Level 5:colcon.colcon_core.verb:set package 'moveit_config' build argument 'cmake_force_configure' from command line to 'False'
[2.627s] Level 5:colcon.colcon_core.verb:set package 'moveit_config' build argument 'ament_cmake_args' from command line to 'None'
[2.627s] Level 5:colcon.colcon_core.verb:set package 'moveit_config' build argument 'catkin_cmake_args' from command line to 'None'
[2.627s] Level 5:colcon.colcon_core.verb:set package 'moveit_config' build argument 'catkin_skip_building_tests' from command line to 'False'
[2.627s] DEBUG:colcon.colcon_core.verb:Building package 'moveit_config' with the following arguments: {'ament_cmake_args': None, 'build_base': '/home/lance/robot/build/moveit_config', 'catkin_cmake_args': None, 'catkin_skip_building_tests': False, 'cmake_args': None, 'cmake_clean_cache': False, 'cmake_clean_first': False, 'cmake_force_configure': False, 'cmake_target': None, 'cmake_target_skip_unavailable': False, 'install_base': '/home/lance/robot/install/moveit_config', 'merge_install': False, 'path': '/home/lance/robot/src/moveit_config', 'symlink_install': False, 'test_result_base': None}
[2.634s] Level 5:colcon.colcon_core.verb:set package 'my_cobot_hardware_interface' build argument 'cmake_args' from command line to 'None'
[2.634s] Level 5:colcon.colcon_core.verb:set package 'my_cobot_hardware_interface' build argument 'cmake_target' from command line to 'None'
[2.634s] Level 5:colcon.colcon_core.verb:set package 'my_cobot_hardware_interface' build argument 'cmake_target_skip_unavailable' from command line to 'False'
[2.635s] Level 5:colcon.colcon_core.verb:set package 'my_cobot_hardware_interface' build argument 'cmake_clean_cache' from command line to 'False'
[2.635s] Level 5:colcon.colcon_core.verb:set package 'my_cobot_hardware_interface' build argument 'cmake_clean_first' from command line to 'False'
[2.635s] Level 5:colcon.colcon_core.verb:set package 'my_cobot_hardware_interface' build argument 'cmake_force_configure' from command line to 'False'
[2.635s] Level 5:colcon.colcon_core.verb:set package 'my_cobot_hardware_interface' build argument 'ament_cmake_args' from command line to 'None'
[2.635s] Level 5:colcon.colcon_core.verb:set package 'my_cobot_hardware_interface' build argument 'catkin_cmake_args' from command line to 'None'
[2.635s] Level 5:colcon.colcon_core.verb:set package 'my_cobot_hardware_interface' build argument 'catkin_skip_building_tests' from command line to 'False'
[2.635s] DEBUG:colcon.colcon_core.verb:Building package 'my_cobot_hardware_interface' with the following arguments: {'ament_cmake_args': None, 'build_base': '/home/lance/robot/build/my_cobot_hardware_interface', 'catkin_cmake_args': None, 'catkin_skip_building_tests': False, 'cmake_args': None, 'cmake_clean_cache': False, 'cmake_clean_first': False, 'cmake_force_configure': False, 'cmake_target': None, 'cmake_target_skip_unavailable': False, 'install_base': '/home/lance/robot/install/my_cobot_hardware_interface', 'merge_install': False, 'path': '/home/lance/robot/src/my_cobot_hardware_interface', 'symlink_install': False, 'test_result_base': None}
[2.641s] INFO:colcon.colcon_core.executor:Executing jobs using 'parallel' executor
[2.668s] DEBUG:colcon.colcon_parallel_executor.executor.parallel:run_until_complete
[2.670s] INFO:colcon.colcon_ros.task.ament_cmake.build:Building ROS package in '/home/lance/robot/src/my_cobot_interfaces' with build type 'ament_cmake'
[2.671s] INFO:colcon.colcon_cmake.task.cmake.build:Building CMake package in '/home/lance/robot/src/my_cobot_interfaces'
[2.699s] INFO:colcon.colcon_core.plugin_system:Skipping extension 'colcon_core.shell.bat': Not used on non-Windows systems
[2.700s] INFO:colcon.colcon_core.shell:Skip shell extension 'powershell' for command environment: Not usable outside of PowerShell
[2.700s] DEBUG:colcon.colcon_core.shell:Skip shell extension 'dsv' for command environment
[2.752s] INFO:colcon.colcon_ros.task.ament_python.build:Building ROS package in '/home/lance/robot/src/robot_description' with build type 'ament_python'
[2.753s] Level 1:colcon.colcon_core.shell:create_environment_hook('robot_description', 'ament_prefix_path')
[2.769s] INFO:colcon.colcon_core.shell:Creating environment hook '/home/lance/robot/install/robot_description/share/robot_description/hook/ament_prefix_path.ps1'
[2.773s] INFO:colcon.colcon_core.shell:Creating environment descriptor '/home/lance/robot/install/robot_description/share/robot_description/hook/ament_prefix_path.dsv'
[2.775s] INFO:colcon.colcon_core.shell:Creating environment hook '/home/lance/robot/install/robot_description/share/robot_description/hook/ament_prefix_path.sh'
[2.793s] INFO:colcon.colcon_core.shell:Skip shell extension 'powershell' for command environment: Not usable outside of PowerShell
[2.793s] DEBUG:colcon.colcon_core.shell:Skip shell extension 'dsv' for command environment
[2.838s] INFO:colcon.colcon_ros.task.ament_python.build:Building ROS package in '/home/lance/robot/src/bringup' with build type 'ament_python'
[2.838s] Level 1:colcon.colcon_core.shell:create_environment_hook('bringup', 'ament_prefix_path')
[2.855s] INFO:colcon.colcon_core.shell:Creating environment hook '/home/lance/robot/install/bringup/share/bringup/hook/ament_prefix_path.ps1'
[2.858s] INFO:colcon.colcon_core.shell:Creating environment descriptor '/home/lance/robot/install/bringup/share/bringup/hook/ament_prefix_path.dsv'
[2.860s] INFO:colcon.colcon_core.shell:Creating environment hook '/home/lance/robot/install/bringup/share/bringup/hook/ament_prefix_path.sh'
[2.876s] INFO:colcon.colcon_core.shell:Skip shell extension 'powershell' for command environment: Not usable outside of PowerShell
[2.877s] DEBUG:colcon.colcon_core.shell:Skip shell extension 'dsv' for command environment
[2.925s] INFO:colcon.colcon_ros.task.ament_python.build:Building ROS package in '/home/lance/robot/src/computer_vision' with build type 'ament_python'
[2.926s] Level 1:colcon.colcon_core.shell:create_environment_hook('computer_vision', 'ament_prefix_path')
[2.944s] INFO:colcon.colcon_core.shell:Creating environment hook '/home/lance/robot/install/computer_vision/share/computer_vision/hook/ament_prefix_path.ps1'
[2.946s] INFO:colcon.colcon_core.shell:Creating environment descriptor '/home/lance/robot/install/computer_vision/share/computer_vision/hook/ament_prefix_path.dsv'
[2.948s] INFO:colcon.colcon_core.shell:Creating environment hook '/home/lance/robot/install/computer_vision/share/computer_vision/hook/ament_prefix_path.sh'
[2.965s] INFO:colcon.colcon_core.shell:Skip shell extension 'powershell' for command environment: Not usable outside of PowerShell
[2.966s] DEBUG:colcon.colcon_core.shell:Skip shell extension 'dsv' for command environment
[3.031s] DEBUG:colcon.colcon_core.event_handler.log_command:Invoking command in '/home/lance/robot/build/my_cobot_interfaces': CMAKE_PREFIX_PATH=/home/lance/robot/install/moveit_config:/home/lance/robot/install/robot_description:/home/lance/robot/install/controllers:/home/lance/robot/install/motion_planning:/home/lance/robot/install/computer_vision:/home/lance/robot/install/bringup:/opt/ros/humble:/home/lance/robot/install/my_cobot_hardware_interface:/home/lance/robot/install/my_cobot_interfaces:/home/lance/moveit2_ws/install /usr/bin/cmake --build /home/lance/robot/build/my_cobot_interfaces -- -j4 -l4
[5.028s] INFO:colcon.colcon_core.task.python.build:Building Python package in '/home/lance/robot/src/robot_description'
[5.043s] INFO:colcon.colcon_core.shell:Skip shell extension 'powershell' for command environment: Not usable outside of PowerShell
[5.044s] DEBUG:colcon.colcon_core.shell:Skip shell extension 'dsv' for command environment
[6.662s] INFO:colcon.colcon_core.task.python.build:Building Python package in '/home/lance/robot/src/bringup'
[6.677s] INFO:colcon.colcon_core.shell:Skip shell extension 'powershell' for command environment: Not usable outside of PowerShell
[6.677s] DEBUG:colcon.colcon_core.shell:Skip shell extension 'dsv' for command environment
[6.745s] DEBUG:colcon.colcon_core.event_handler.log_command:Invoked command in '/home/lance/robot/build/my_cobot_interfaces' returned '0': CMAKE_PREFIX_PATH=/home/lance/robot/install/moveit_config:/home/lance/robot/install/robot_description:/home/lance/robot/install/controllers:/home/lance/robot/install/motion_planning:/home/lance/robot/install/computer_vision:/home/lance/robot/install/bringup:/opt/ros/humble:/home/lance/robot/install/my_cobot_hardware_interface:/home/lance/robot/install/my_cobot_interfaces:/home/lance/moveit2_ws/install /usr/bin/cmake --build /home/lance/robot/build/my_cobot_interfaces -- -j4 -l4
[8.266s] INFO:colcon.colcon_core.task.python.build:Building Python package in '/home/lance/robot/src/computer_vision'
[8.280s] INFO:colcon.colcon_core.shell:Skip shell extension 'powershell' for command environment: Not usable outside of PowerShell
[8.281s] DEBUG:colcon.colcon_core.shell:Skip shell extension 'dsv' for command environment
[8.403s] DEBUG:colcon.colcon_core.event_handler.log_command:Invoking command in '/home/lance/robot/build/my_cobot_interfaces': CMAKE_PREFIX_PATH=/home/lance/robot/install/moveit_config:/home/lance/robot/install/robot_description:/home/lance/robot/install/controllers:/home/lance/robot/install/motion_planning:/home/lance/robot/install/computer_vision:/home/lance/robot/install/bringup:/opt/ros/humble:/home/lance/robot/install/my_cobot_hardware_interface:/home/lance/robot/install/my_cobot_interfaces:/home/lance/moveit2_ws/install /usr/bin/cmake --install /home/lance/robot/build/my_cobot_interfaces
[8.867s] Level 1:colcon.colcon_core.environment:create_environment_scripts_only(my_cobot_interfaces)
[8.878s] DEBUG:colcon.colcon_core.event_handler.log_command:Invoked command in '/home/lance/robot/build/my_cobot_interfaces' returned '0': CMAKE_PREFIX_PATH=/home/lance/robot/install/moveit_config:/home/lance/robot/install/robot_description:/home/lance/robot/install/controllers:/home/lance/robot/install/motion_planning:/home/lance/robot/install/computer_vision:/home/lance/robot/install/bringup:/opt/ros/humble:/home/lance/robot/install/my_cobot_hardware_interface:/home/lance/robot/install/my_cobot_interfaces:/home/lance/moveit2_ws/install /usr/bin/cmake --install /home/lance/robot/build/my_cobot_interfaces
[8.930s] Level 1:colcon.colcon_core.environment:checking '/home/lance/robot/install/my_cobot_interfaces' for CMake module files
[8.935s] Level 1:colcon.colcon_core.environment:checking '/home/lance/robot/install/my_cobot_interfaces' for CMake config files
[8.940s] Level 1:colcon.colcon_core.shell:create_environment_hook('my_cobot_interfaces', 'cmake_prefix_path')
[8.959s] INFO:colcon.colcon_core.shell:Creating environment hook '/home/lance/robot/install/my_cobot_interfaces/share/my_cobot_interfaces/hook/cmake_prefix_path.ps1'
[8.964s] INFO:colcon.colcon_core.shell:Creating environment descriptor '/home/lance/robot/install/my_cobot_interfaces/share/my_cobot_interfaces/hook/cmake_prefix_path.dsv'
[8.967s] INFO:colcon.colcon_core.shell:Creating environment hook '/home/lance/robot/install/my_cobot_interfaces/share/my_cobot_interfaces/hook/cmake_prefix_path.sh'
[8.974s] Level 1:colcon.colcon_core.environment:checking '/home/lance/robot/install/my_cobot_interfaces/lib'
[8.975s] Level 1:colcon.colcon_core.shell:create_environment_hook('my_cobot_interfaces', 'ld_library_path_lib')
[9.002s] INFO:colcon.colcon_core.shell:Creating environment hook '/home/lance/robot/install/my_cobot_interfaces/share/my_cobot_interfaces/hook/ld_library_path_lib.ps1'
[9.005s] INFO:colcon.colcon_core.shell:Creating environment descriptor '/home/lance/robot/install/my_cobot_interfaces/share/my_cobot_interfaces/hook/ld_library_path_lib.dsv'
[9.008s] INFO:colcon.colcon_core.shell:Creating environment hook '/home/lance/robot/install/my_cobot_interfaces/share/my_cobot_interfaces/hook/ld_library_path_lib.sh'
[9.013s] Level 1:colcon.colcon_core.environment:checking '/home/lance/robot/install/my_cobot_interfaces/bin'
[9.014s] Level 1:colcon.colcon_core.environment:checking '/home/lance/robot/install/my_cobot_interfaces/lib/pkgconfig/my_cobot_interfaces.pc'
[9.016s] Level 1:colcon.colcon_core.environment:checking '/home/lance/robot/install/my_cobot_interfaces/lib/python3.10/site-packages'
[9.018s] Level 1:colcon.colcon_core.environment:checking '/home/lance/robot/install/my_cobot_interfaces/bin'
[9.036s] INFO:colcon.colcon_core.shell:Creating package script '/home/lance/robot/install/my_cobot_interfaces/share/my_cobot_interfaces/package.ps1'
[9.040s] INFO:colcon.colcon_core.shell:Creating package descriptor '/home/lance/robot/install/my_cobot_interfaces/share/my_cobot_interfaces/package.dsv'
[9.044s] INFO:colcon.colcon_core.shell:Creating package script '/home/lance/robot/install/my_cobot_interfaces/share/my_cobot_interfaces/package.sh'
[9.049s] INFO:colcon.colcon_core.shell:Creating package script '/home/lance/robot/install/my_cobot_interfaces/share/my_cobot_interfaces/package.bash'
[9.054s] INFO:colcon.colcon_core.shell:Creating package script '/home/lance/robot/install/my_cobot_interfaces/share/my_cobot_interfaces/package.zsh'
[9.058s] Level 1:colcon.colcon_core.environment:create_file_with_runtime_dependencies(/home/lance/robot/install/my_cobot_interfaces/share/colcon-core/packages/my_cobot_interfaces)
[9.843s] Level 1:colcon.colcon_core.environment:create_environment_scripts_only(my_cobot_interfaces)
[9.868s] Level 1:colcon.colcon_core.environment:checking '/home/lance/robot/install/my_cobot_interfaces' for CMake module files
[9.873s] Level 1:colcon.colcon_core.environment:checking '/home/lance/robot/install/my_cobot_interfaces' for CMake config files
[9.878s] Level 1:colcon.colcon_core.shell:create_environment_hook('my_cobot_interfaces', 'cmake_prefix_path')
[9.895s] INFO:colcon.colcon_core.shell:Creating environment hook '/home/lance/robot/install/my_cobot_interfaces/share/my_cobot_interfaces/hook/cmake_prefix_path.ps1'
[9.899s] INFO:colcon.colcon_core.shell:Creating environment descriptor '/home/lance/robot/install/my_cobot_interfaces/share/my_cobot_interfaces/hook/cmake_prefix_path.dsv'
[9.902s] INFO:colcon.colcon_core.shell:Creating environment hook '/home/lance/robot/install/my_cobot_interfaces/share/my_cobot_interfaces/hook/cmake_prefix_path.sh'
[9.905s] Level 1:colcon.colcon_core.environment:checking '/home/lance/robot/install/my_cobot_interfaces/lib'
[9.906s] Level 1:colcon.colcon_core.shell:create_environment_hook('my_cobot_interfaces', 'ld_library_path_lib')
[9.925s] INFO:colcon.colcon_core.shell:Creating environment hook '/home/lance/robot/install/my_cobot_interfaces/share/my_cobot_interfaces/hook/ld_library_path_lib.ps1'
[9.927s] INFO:colcon.colcon_core.shell:Creating environment descriptor '/home/lance/robot/install/my_cobot_interfaces/share/my_cobot_interfaces/hook/ld_library_path_lib.dsv'
[9.930s] INFO:colcon.colcon_core.shell:Creating environment hook '/home/lance/robot/install/my_cobot_interfaces/share/my_cobot_interfaces/hook/ld_library_path_lib.sh'
[9.933s] Level 1:colcon.colcon_core.environment:checking '/home/lance/robot/install/my_cobot_interfaces/bin'
[9.934s] Level 1:colcon.colcon_core.environment:checking '/home/lance/robot/install/my_cobot_interfaces/lib/pkgconfig/my_cobot_interfaces.pc'
[9.935s] Level 1:colcon.colcon_core.environment:checking '/home/lance/robot/install/my_cobot_interfaces/lib/python3.10/site-packages'
[9.936s] Level 1:colcon.colcon_core.environment:checking '/home/lance/robot/install/my_cobot_interfaces/bin'
[9.955s] INFO:colcon.colcon_core.shell:Creating package script '/home/lance/robot/install/my_cobot_interfaces/share/my_cobot_interfaces/package.ps1'
[9.959s] INFO:colcon.colcon_core.shell:Creating package descriptor '/home/lance/robot/install/my_cobot_interfaces/share/my_cobot_interfaces/package.dsv'
[9.962s] INFO:colcon.colcon_core.shell:Creating package script '/home/lance/robot/install/my_cobot_interfaces/share/my_cobot_interfaces/package.sh'
[9.966s] INFO:colcon.colcon_core.shell:Creating package script '/home/lance/robot/install/my_cobot_interfaces/share/my_cobot_interfaces/package.bash'
[9.970s] INFO:colcon.colcon_core.shell:Creating package script '/home/lance/robot/install/my_cobot_interfaces/share/my_cobot_interfaces/package.zsh'
[9.973s] Level 1:colcon.colcon_core.environment:create_file_with_runtime_dependencies(/home/lance/robot/install/my_cobot_interfaces/share/colcon-core/packages/my_cobot_interfaces)
[9.978s] INFO:colcon.colcon_ros.task.ament_python.build:Building ROS package in '/home/lance/robot/src/motion_planning' with build type 'ament_python'
[9.980s] Level 1:colcon.colcon_core.shell:create_environment_hook('motion_planning', 'ament_prefix_path')
[10.000s] INFO:colcon.colcon_core.shell:Creating environment hook '/home/lance/robot/install/motion_planning/share/motion_planning/hook/ament_prefix_path.ps1'
[10.003s] INFO:colcon.colcon_core.shell:Creating environment descriptor '/home/lance/robot/install/motion_planning/share/motion_planning/hook/ament_prefix_path.dsv'
[10.005s] INFO:colcon.colcon_core.shell:Creating environment hook '/home/lance/robot/install/motion_planning/share/motion_planning/hook/ament_prefix_path.sh'
[10.028s] INFO:colcon.colcon_core.shell:Skip shell extension 'powershell' for command environment: Not usable outside of PowerShell
[10.029s] DEBUG:colcon.colcon_core.shell:Skip shell extension 'dsv' for command environment
[12.367s] INFO:colcon.colcon_core.task.python.build:Building Python package in '/home/lance/robot/src/motion_planning'
[12.380s] INFO:colcon.colcon_core.shell:Skip shell extension 'powershell' for command environment: Not usable outside of PowerShell
[12.380s] DEBUG:colcon.colcon_core.shell:Skip shell extension 'dsv' for command environment
[12.439s] DEBUG:colcon.colcon_core.event_handler.log_command:Invoking command in '/home/lance/robot/src/robot_description': PYTHONPATH=/home/lance/robot/build/robot_description/prefix_override:/home/lance/robot/install/robot_description/lib/python3.10/site-packages:${PYTHONPATH} /usr/bin/python3 setup.py egg_info --egg-base ../../build/robot_description build --build-base /home/lance/robot/build/robot_description/build install --record /home/lance/robot/build/robot_description/install.log --single-version-externally-managed
[12.454s] DEBUG:colcon.colcon_core.event_handler.log_command:Invoking command in '/home/lance/robot/src/bringup': PYTHONPATH=/home/lance/robot/build/bringup/prefix_override:/home/lance/robot/install/bringup/lib/python3.10/site-packages:${PYTHONPATH} /usr/bin/python3 setup.py egg_info --egg-base ../../build/bringup build --build-base /home/lance/robot/build/bringup/build install --record /home/lance/robot/build/bringup/install.log --single-version-externally-managed
[12.468s] DEBUG:colcon.colcon_core.event_handler.log_command:Invoking command in '/home/lance/robot/src/computer_vision': PYTHONPATH=/home/lance/robot/build/computer_vision/prefix_override:/home/lance/robot/install/computer_vision/lib/python3.10/site-packages:${PYTHONPATH} /usr/bin/python3 setup.py egg_info --egg-base ../../build/computer_vision build --build-base /home/lance/robot/build/computer_vision/build install --record /home/lance/robot/build/computer_vision/install.log --single-version-externally-managed
[15.227s] DEBUG:colcon.colcon_core.event_handler.log_command:Invoked command in '/home/lance/robot/src/robot_description' returned '0': PYTHONPATH=/home/lance/robot/build/robot_description/prefix_override:/home/lance/robot/install/robot_description/lib/python3.10/site-packages:${PYTHONPATH} /usr/bin/python3 setup.py egg_info --egg-base ../../build/robot_description build --build-base /home/lance/robot/build/robot_description/build install --record /home/lance/robot/build/robot_description/install.log --single-version-externally-managed
[15.276s] Level 1:colcon.colcon_core.environment:checking '/home/lance/robot/install/robot_description' for CMake module files
[15.280s] Level 1:colcon.colcon_core.environment:checking '/home/lance/robot/install/robot_description' for CMake config files
[15.289s] Level 1:colcon.colcon_core.environment:checking '/home/lance/robot/install/robot_description/lib'
[15.291s] Level 1:colcon.colcon_core.environment:checking '/home/lance/robot/install/robot_description/bin'
[15.292s] Level 1:colcon.colcon_core.environment:checking '/home/lance/robot/install/robot_description/lib/pkgconfig/robot_description.pc'
[15.294s] Level 1:colcon.colcon_core.environment:checking '/home/lance/robot/install/robot_description/lib/python3.10/site-packages'
[15.294s] Level 1:colcon.colcon_core.shell:create_environment_hook('robot_description', 'pythonpath')
[15.323s] INFO:colcon.colcon_core.shell:Creating environment hook '/home/lance/robot/install/robot_description/share/robot_description/hook/pythonpath.ps1'
[15.327s] INFO:colcon.colcon_core.shell:Creating environment descriptor '/home/lance/robot/install/robot_description/share/robot_description/hook/pythonpath.dsv'
[15.329s] INFO:colcon.colcon_core.shell:Creating environment hook '/home/lance/robot/install/robot_description/share/robot_description/hook/pythonpath.sh'
[15.332s] Level 1:colcon.colcon_core.environment:checking '/home/lance/robot/install/robot_description/bin'
[15.333s] Level 1:colcon.colcon_core.environment:create_environment_scripts_only(robot_description)
[15.347s] INFO:colcon.colcon_core.shell:Creating package script '/home/lance/robot/install/robot_description/share/robot_description/package.ps1'
[15.351s] INFO:colcon.colcon_core.shell:Creating package descriptor '/home/lance/robot/install/robot_description/share/robot_description/package.dsv'
[15.353s] INFO:colcon.colcon_core.shell:Creating package script '/home/lance/robot/install/robot_description/share/robot_description/package.sh'
[15.356s] INFO:colcon.colcon_core.shell:Creating package script '/home/lance/robot/install/robot_description/share/robot_description/package.bash'
[15.358s] INFO:colcon.colcon_core.shell:Creating package script '/home/lance/robot/install/robot_description/share/robot_description/package.zsh'
[15.361s] Level 1:colcon.colcon_core.environment:create_file_with_runtime_dependencies(/home/lance/robot/install/robot_description/share/colcon-core/packages/robot_description)
[15.365s] INFO:colcon.colcon_ros.task.ament_python.build:Building ROS package in '/home/lance/robot/src/controllers' with build type 'ament_python'
[15.366s] Level 1:colcon.colcon_core.shell:create_environment_hook('controllers', 'ament_prefix_path')
[15.382s] INFO:colcon.colcon_core.shell:Creating environment hook '/home/lance/robot/install/controllers/share/controllers/hook/ament_prefix_path.ps1'
[15.387s] INFO:colcon.colcon_core.shell:Creating environment descriptor '/home/lance/robot/install/controllers/share/controllers/hook/ament_prefix_path.dsv'
[15.390s] INFO:colcon.colcon_core.shell:Creating environment hook '/home/lance/robot/install/controllers/share/controllers/hook/ament_prefix_path.sh'
[15.406s] INFO:colcon.colcon_core.shell:Skip shell extension 'powershell' for command environment: Not usable outside of PowerShell
[15.406s] DEBUG:colcon.colcon_core.shell:Skip shell extension 'dsv' for command environment
[15.470s] DEBUG:colcon.colcon_core.event_handler.log_command:Invoked command in '/home/lance/robot/src/bringup' returned '0': PYTHONPATH=/home/lance/robot/build/bringup/prefix_override:/home/lance/robot/install/bringup/lib/python3.10/site-packages:${PYTHONPATH} /usr/bin/python3 setup.py egg_info --egg-base ../../build/bringup build --build-base /home/lance/robot/build/bringup/build install --record /home/lance/robot/build/bringup/install.log --single-version-externally-managed
[15.481s] Level 1:colcon.colcon_core.environment:checking '/home/lance/robot/install/bringup' for CMake module files
[15.484s] Level 1:colcon.colcon_core.environment:checking '/home/lance/robot/install/bringup' for CMake config files
[15.488s] Level 1:colcon.colcon_core.environment:checking '/home/lance/robot/install/bringup/lib'
[15.489s] Level 1:colcon.colcon_core.environment:checking '/home/lance/robot/install/bringup/bin'
[15.490s] Level 1:colcon.colcon_core.environment:checking '/home/lance/robot/install/bringup/lib/pkgconfig/bringup.pc'
[15.491s] Level 1:colcon.colcon_core.environment:checking '/home/lance/robot/install/bringup/lib/python3.10/site-packages'
[15.492s] Level 1:colcon.colcon_core.shell:create_environment_hook('bringup', 'pythonpath')
[15.508s] INFO:colcon.colcon_core.shell:Creating environment hook '/home/lance/robot/install/bringup/share/bringup/hook/pythonpath.ps1'
[15.510s] INFO:colcon.colcon_core.shell:Creating environment descriptor '/home/lance/robot/install/bringup/share/bringup/hook/pythonpath.dsv'
[15.512s] INFO:colcon.colcon_core.shell:Creating environment hook '/home/lance/robot/install/bringup/share/bringup/hook/pythonpath.sh'
[15.515s] Level 1:colcon.colcon_core.environment:checking '/home/lance/robot/install/bringup/bin'
[15.516s] Level 1:colcon.colcon_core.environment:create_environment_scripts_only(bringup)
[15.531s] INFO:colcon.colcon_core.shell:Creating package script '/home/lance/robot/install/bringup/share/bringup/package.ps1'
[15.534s] INFO:colcon.colcon_core.shell:Creating package descriptor '/home/lance/robot/install/bringup/share/bringup/package.dsv'
[15.537s] INFO:colcon.colcon_core.shell:Creating package script '/home/lance/robot/install/bringup/share/bringup/package.sh'
[15.539s] INFO:colcon.colcon_core.shell:Creating package script '/home/lance/robot/install/bringup/share/bringup/package.bash'
[15.541s] INFO:colcon.colcon_core.shell:Creating package script '/home/lance/robot/install/bringup/share/bringup/package.zsh'
[15.543s] Level 1:colcon.colcon_core.environment:create_file_with_runtime_dependencies(/home/lance/robot/install/bringup/share/colcon-core/packages/bringup)
[15.566s] Level 1:colcon.colcon_core.environment:checking '/home/lance/robot/install/computer_vision' for CMake module files
[15.571s] DEBUG:colcon.colcon_core.event_handler.log_command:Invoked command in '/home/lance/robot/src/computer_vision' returned '0': PYTHONPATH=/home/lance/robot/build/computer_vision/prefix_override:/home/lance/robot/install/computer_vision/lib/python3.10/site-packages:${PYTHONPATH} /usr/bin/python3 setup.py egg_info --egg-base ../../build/computer_vision build --build-base /home/lance/robot/build/computer_vision/build install --record /home/lance/robot/build/computer_vision/install.log --single-version-externally-managed
[15.572s] Level 1:colcon.colcon_core.environment:checking '/home/lance/robot/install/computer_vision' for CMake config files
[15.575s] Level 1:colcon.colcon_core.environment:checking '/home/lance/robot/install/computer_vision/lib'
[15.576s] Level 1:colcon.colcon_core.environment:checking '/home/lance/robot/install/computer_vision/bin'
[15.576s] Level 1:colcon.colcon_core.environment:checking '/home/lance/robot/install/computer_vision/lib/pkgconfig/computer_vision.pc'
[15.578s] Level 1:colcon.colcon_core.environment:checking '/home/lance/robot/install/computer_vision/lib/python3.10/site-packages'
[15.578s] Level 1:colcon.colcon_core.shell:create_environment_hook('computer_vision', 'pythonpath')
[15.595s] INFO:colcon.colcon_core.shell:Creating environment hook '/home/lance/robot/install/computer_vision/share/computer_vision/hook/pythonpath.ps1'
[15.599s] INFO:colcon.colcon_core.shell:Creating environment descriptor '/home/lance/robot/install/computer_vision/share/computer_vision/hook/pythonpath.dsv'
[15.602s] INFO:colcon.colcon_core.shell:Creating environment hook '/home/lance/robot/install/computer_vision/share/computer_vision/hook/pythonpath.sh'
[15.605s] Level 1:colcon.colcon_core.environment:checking '/home/lance/robot/install/computer_vision/bin'
[15.605s] Level 1:colcon.colcon_core.environment:create_environment_scripts_only(computer_vision)
[15.622s] INFO:colcon.colcon_core.shell:Creating package script '/home/lance/robot/install/computer_vision/share/computer_vision/package.ps1'
[15.626s] INFO:colcon.colcon_core.shell:Creating package descriptor '/home/lance/robot/install/computer_vision/share/computer_vision/package.dsv'
[15.629s] INFO:colcon.colcon_core.shell:Creating package script '/home/lance/robot/install/computer_vision/share/computer_vision/package.sh'
[15.631s] INFO:colcon.colcon_core.shell:Creating package script '/home/lance/robot/install/computer_vision/share/computer_vision/package.bash'
[15.633s] INFO:colcon.colcon_core.shell:Creating package script '/home/lance/robot/install/computer_vision/share/computer_vision/package.zsh'
[15.635s] Level 1:colcon.colcon_core.environment:create_file_with_runtime_dependencies(/home/lance/robot/install/computer_vision/share/colcon-core/packages/computer_vision)
[15.639s] INFO:colcon.colcon_ros.task.ament_cmake.build:Building ROS package in '/home/lance/robot/src/moveit_config' with build type 'ament_cmake'
[15.640s] INFO:colcon.colcon_cmake.task.cmake.build:Building CMake package in '/home/lance/robot/src/moveit_config'
[15.658s] INFO:colcon.colcon_core.shell:Skip shell extension 'powershell' for command environment: Not usable outside of PowerShell
[15.658s] DEBUG:colcon.colcon_core.shell:Skip shell extension 'dsv' for command environment
[15.750s] INFO:colcon.colcon_ros.task.ament_cmake.build:Building ROS package in '/home/lance/robot/src/my_cobot_hardware_interface' with build type 'ament_cmake'
[15.752s] INFO:colcon.colcon_cmake.task.cmake.build:Building CMake package in '/home/lance/robot/src/my_cobot_hardware_interface'
[15.778s] INFO:colcon.colcon_core.shell:Skip shell extension 'powershell' for command environment: Not usable outside of PowerShell
[15.781s] DEBUG:colcon.colcon_core.shell:Skip shell extension 'dsv' for command environment
[17.313s] INFO:colcon.colcon_core.task.python.build:Building Python package in '/home/lance/robot/src/controllers'
[17.330s] INFO:colcon.colcon_core.shell:Skip shell extension 'powershell' for command environment: Not usable outside of PowerShell
[17.330s] DEBUG:colcon.colcon_core.shell:Skip shell extension 'dsv' for command environment
[17.393s] DEBUG:colcon.colcon_core.event_handler.log_command:Invoking command in '/home/lance/robot/build/moveit_config': AMENT_PREFIX_PATH=/home/lance/robot/install/robot_description:/home/lance/robot/install/moveit_config:/home/lance/robot/install/my_cobot_hardware_interface:/home/lance/robot/install/controllers:/home/lance/robot/install/my_cobot_interfaces:/home/lance/robot/install/motion_planning:/home/lance/robot/install/computer_vision:/home/lance/robot/install/bringup:/home/lance/moveit2_ws/install:/opt/ros/humble CMAKE_PREFIX_PATH=/home/lance/robot/install/moveit_config:/home/lance/robot/install/robot_description:/home/lance/robot/install/controllers:/home/lance/robot/install/motion_planning:/home/lance/robot/install/computer_vision:/home/lance/robot/install/bringup:/opt/ros/humble:/home/lance/robot/install/my_cobot_hardware_interface:/home/lance/robot/install/my_cobot_interfaces:/home/lance/moveit2_ws/install /usr/bin/cmake --build /home/lance/robot/build/moveit_config -- -j4 -l4
[17.410s] DEBUG:colcon.colcon_core.event_handler.log_command:Invoking command in '/home/lance/robot/src/motion_planning': PYTHONPATH=/home/lance/robot/build/motion_planning/prefix_override:/home/lance/robot/install/motion_planning/lib/python3.10/site-packages:${PYTHONPATH} /usr/bin/python3 setup.py egg_info --egg-base ../../build/motion_planning build --build-base /home/lance/robot/build/motion_planning/build install --record /home/lance/robot/build/motion_planning/install.log --single-version-externally-managed
[17.426s] DEBUG:colcon.colcon_core.event_handler.log_command:Invoking command in '/home/lance/robot/build/my_cobot_hardware_interface': CMAKE_PREFIX_PATH=/home/lance/robot/install/my_cobot_interfaces:/home/lance/robot/install/moveit_config:/home/lance/robot/install/robot_description:/home/lance/robot/install/controllers:/home/lance/robot/install/motion_planning:/home/lance/robot/install/computer_vision:/home/lance/robot/install/bringup:/opt/ros/humble:/home/lance/robot/install/my_cobot_hardware_interface:/home/lance/moveit2_ws/install LD_LIBRARY_PATH=/home/lance/robot/install/my_cobot_interfaces/lib:/home/lance/robot/install/my_cobot_hardware_interface/lib:/opt/ros/humble/opt/rviz_ogre_vendor/lib:/opt/ros/humble/lib/aarch64-linux-gnu:/opt/ros/humble/lib /usr/bin/cmake --build /home/lance/robot/build/my_cobot_hardware_interface -- -j4 -l4
[17.595s] DEBUG:colcon.colcon_core.event_handler.log_command:Invoked command in '/home/lance/robot/build/moveit_config' returned '0': AMENT_PREFIX_PATH=/home/lance/robot/install/robot_description:/home/lance/robot/install/moveit_config:/home/lance/robot/install/my_cobot_hardware_interface:/home/lance/robot/install/controllers:/home/lance/robot/install/my_cobot_interfaces:/home/lance/robot/install/motion_planning:/home/lance/robot/install/computer_vision:/home/lance/robot/install/bringup:/home/lance/moveit2_ws/install:/opt/ros/humble CMAKE_PREFIX_PATH=/home/lance/robot/install/moveit_config:/home/lance/robot/install/robot_description:/home/lance/robot/install/controllers:/home/lance/robot/install/motion_planning:/home/lance/robot/install/computer_vision:/home/lance/robot/install/bringup:/opt/ros/humble:/home/lance/robot/install/my_cobot_hardware_interface:/home/lance/robot/install/my_cobot_interfaces:/home/lance/moveit2_ws/install /usr/bin/cmake --build /home/lance/robot/build/moveit_config -- -j4 -l4
[17.777s] DEBUG:colcon.colcon_core.event_handler.log_command:Invoking command in '/home/lance/robot/build/moveit_config': AMENT_PREFIX_PATH=/home/lance/robot/install/robot_description:/home/lance/robot/install/moveit_config:/home/lance/robot/install/my_cobot_hardware_interface:/home/lance/robot/install/controllers:/home/lance/robot/install/my_cobot_interfaces:/home/lance/robot/install/motion_planning:/home/lance/robot/install/computer_vision:/home/lance/robot/install/bringup:/home/lance/moveit2_ws/install:/opt/ros/humble CMAKE_PREFIX_PATH=/home/lance/robot/install/moveit_config:/home/lance/robot/install/robot_description:/home/lance/robot/install/controllers:/home/lance/robot/install/motion_planning:/home/lance/robot/install/computer_vision:/home/lance/robot/install/bringup:/opt/ros/humble:/home/lance/robot/install/my_cobot_hardware_interface:/home/lance/robot/install/my_cobot_interfaces:/home/lance/moveit2_ws/install /usr/bin/cmake --install /home/lance/robot/build/moveit_config
[17.855s] Level 1:colcon.colcon_core.environment:create_environment_scripts_only(moveit_config)
[17.873s] DEBUG:colcon.colcon_core.event_handler.log_command:Invoked command in '/home/lance/robot/build/moveit_config' returned '0': AMENT_PREFIX_PATH=/home/lance/robot/install/robot_description:/home/lance/robot/install/moveit_config:/home/lance/robot/install/my_cobot_hardware_interface:/home/lance/robot/install/controllers:/home/lance/robot/install/my_cobot_interfaces:/home/lance/robot/install/motion_planning:/home/lance/robot/install/computer_vision:/home/lance/robot/install/bringup:/home/lance/moveit2_ws/install:/opt/ros/humble CMAKE_PREFIX_PATH=/home/lance/robot/install/moveit_config:/home/lance/robot/install/robot_description:/home/lance/robot/install/controllers:/home/lance/robot/install/motion_planning:/home/lance/robot/install/computer_vision:/home/lance/robot/install/bringup:/opt/ros/humble:/home/lance/robot/install/my_cobot_hardware_interface:/home/lance/robot/install/my_cobot_interfaces:/home/lance/moveit2_ws/install /usr/bin/cmake --install /home/lance/robot/build/moveit_config
[17.890s] Level 1:colcon.colcon_core.environment:checking '/home/lance/robot/install/moveit_config' for CMake module files
[17.894s] Level 1:colcon.colcon_core.environment:checking '/home/lance/robot/install/moveit_config' for CMake config files
[17.899s] Level 1:colcon.colcon_core.shell:create_environment_hook('moveit_config', 'cmake_prefix_path')
[17.921s] INFO:colcon.colcon_core.shell:Creating environment hook '/home/lance/robot/install/moveit_config/share/moveit_config/hook/cmake_prefix_path.ps1'
[17.924s] INFO:colcon.colcon_core.shell:Creating environment descriptor '/home/lance/robot/install/moveit_config/share/moveit_config/hook/cmake_prefix_path.dsv'
[17.927s] INFO:colcon.colcon_core.shell:Creating environment hook '/home/lance/robot/install/moveit_config/share/moveit_config/hook/cmake_prefix_path.sh'
[17.930s] Level 1:colcon.colcon_core.environment:checking '/home/lance/robot/install/moveit_config/bin'
[17.931s] Level 1:colcon.colcon_core.environment:checking '/home/lance/robot/install/moveit_config/lib/pkgconfig/moveit_config.pc'
[17.932s] Level 1:colcon.colcon_core.environment:checking '/home/lance/robot/install/moveit_config/lib/python3.10/site-packages'
[17.934s] Level 1:colcon.colcon_core.environment:checking '/home/lance/robot/install/moveit_config/bin'
[17.956s] INFO:colcon.colcon_core.shell:Creating package script '/home/lance/robot/install/moveit_config/share/moveit_config/package.ps1'
[17.959s] INFO:colcon.colcon_core.shell:Creating package descriptor '/home/lance/robot/install/moveit_config/share/moveit_config/package.dsv'
[17.964s] INFO:colcon.colcon_core.shell:Creating package script '/home/lance/robot/install/moveit_config/share/moveit_config/package.sh'
[17.967s] INFO:colcon.colcon_core.shell:Creating package script '/home/lance/robot/install/moveit_config/share/moveit_config/package.bash'
[17.970s] INFO:colcon.colcon_core.shell:Creating package script '/home/lance/robot/install/moveit_config/share/moveit_config/package.zsh'
[17.973s] Level 1:colcon.colcon_core.environment:create_file_with_runtime_dependencies(/home/lance/robot/install/moveit_config/share/colcon-core/packages/moveit_config)
[18.159s] Level 1:colcon.colcon_core.environment:create_environment_scripts_only(moveit_config)
[18.193s] Level 1:colcon.colcon_core.environment:checking '/home/lance/robot/install/moveit_config' for CMake module files
[18.197s] Level 1:colcon.colcon_core.environment:checking '/home/lance/robot/install/moveit_config' for CMake config files
[18.200s] Level 1:colcon.colcon_core.shell:create_environment_hook('moveit_config', 'cmake_prefix_path')
[18.219s] INFO:colcon.colcon_core.shell:Creating environment hook '/home/lance/robot/install/moveit_config/share/moveit_config/hook/cmake_prefix_path.ps1'
[18.223s] INFO:colcon.colcon_core.shell:Creating environment descriptor '/home/lance/robot/install/moveit_config/share/moveit_config/hook/cmake_prefix_path.dsv'
[18.225s] INFO:colcon.colcon_core.shell:Creating environment hook '/home/lance/robot/install/moveit_config/share/moveit_config/hook/cmake_prefix_path.sh'
[18.230s] Level 1:colcon.colcon_core.environment:checking '/home/lance/robot/install/moveit_config/bin'
[18.230s] Level 1:colcon.colcon_core.environment:checking '/home/lance/robot/install/moveit_config/lib/pkgconfig/moveit_config.pc'
[18.232s] Level 1:colcon.colcon_core.environment:checking '/home/lance/robot/install/moveit_config/lib/python3.10/site-packages'
[18.233s] Level 1:colcon.colcon_core.environment:checking '/home/lance/robot/install/moveit_config/bin'
[18.250s] INFO:colcon.colcon_core.shell:Creating package script '/home/lance/robot/install/moveit_config/share/moveit_config/package.ps1'
[18.254s] INFO:colcon.colcon_core.shell:Creating package descriptor '/home/lance/robot/install/moveit_config/share/moveit_config/package.dsv'
[18.258s] INFO:colcon.colcon_core.shell:Creating package script '/home/lance/robot/install/moveit_config/share/moveit_config/package.sh'
[18.261s] INFO:colcon.colcon_core.shell:Creating package script '/home/lance/robot/install/moveit_config/share/moveit_config/package.bash'
[18.265s] INFO:colcon.colcon_core.shell:Creating package script '/home/lance/robot/install/moveit_config/share/moveit_config/package.zsh'
[18.268s] Level 1:colcon.colcon_core.environment:create_file_with_runtime_dependencies(/home/lance/robot/install/moveit_config/share/colcon-core/packages/moveit_config)
[19.814s] DEBUG:colcon.colcon_core.event_handler.log_command:Invoked command in '/home/lance/robot/src/motion_planning' returned '0': PYTHONPATH=/home/lance/robot/build/motion_planning/prefix_override:/home/lance/robot/install/motion_planning/lib/python3.10/site-packages:${PYTHONPATH} /usr/bin/python3 setup.py egg_info --egg-base ../../build/motion_planning build --build-base /home/lance/robot/build/motion_planning/build install --record /home/lance/robot/build/motion_planning/install.log --single-version-externally-managed
[19.825s] Level 1:colcon.colcon_core.environment:checking '/home/lance/robot/install/motion_planning' for CMake module files
[19.827s] Level 1:colcon.colcon_core.environment:checking '/home/lance/robot/install/motion_planning' for CMake config files
[19.831s] Level 1:colcon.colcon_core.environment:checking '/home/lance/robot/install/motion_planning/lib'
[19.832s] Level 1:colcon.colcon_core.environment:checking '/home/lance/robot/install/motion_planning/bin'
[19.832s] Level 1:colcon.colcon_core.environment:checking '/home/lance/robot/install/motion_planning/lib/pkgconfig/motion_planning.pc'
[19.833s] Level 1:colcon.colcon_core.environment:checking '/home/lance/robot/install/motion_planning/lib/python3.10/site-packages'
[19.834s] Level 1:colcon.colcon_core.shell:create_environment_hook('motion_planning', 'pythonpath')
[19.851s] INFO:colcon.colcon_core.shell:Creating environment hook '/home/lance/robot/install/motion_planning/share/motion_planning/hook/pythonpath.ps1'
[19.855s] INFO:colcon.colcon_core.shell:Creating environment descriptor '/home/lance/robot/install/motion_planning/share/motion_planning/hook/pythonpath.dsv'
[19.857s] INFO:colcon.colcon_core.shell:Creating environment hook '/home/lance/robot/install/motion_planning/share/motion_planning/hook/pythonpath.sh'
[19.861s] Level 1:colcon.colcon_core.environment:checking '/home/lance/robot/install/motion_planning/bin'
[19.861s] Level 1:colcon.colcon_core.environment:create_environment_scripts_only(motion_planning)
[19.879s] INFO:colcon.colcon_core.shell:Creating package script '/home/lance/robot/install/motion_planning/share/motion_planning/package.ps1'
[19.883s] INFO:colcon.colcon_core.shell:Creating package descriptor '/home/lance/robot/install/motion_planning/share/motion_planning/package.dsv'
[19.887s] INFO:colcon.colcon_core.shell:Creating package script '/home/lance/robot/install/motion_planning/share/motion_planning/package.sh'
[19.891s] INFO:colcon.colcon_core.shell:Creating package script '/home/lance/robot/install/motion_planning/share/motion_planning/package.bash'
[19.893s] INFO:colcon.colcon_core.shell:Creating package script '/home/lance/robot/install/motion_planning/share/motion_planning/package.zsh'
[19.896s] Level 1:colcon.colcon_core.environment:create_file_with_runtime_dependencies(/home/lance/robot/install/motion_planning/share/colcon-core/packages/motion_planning)
[20.219s] DEBUG:colcon.colcon_core.event_handler.log_command:Invoking command in '/home/lance/robot/src/controllers': CMAKE_PREFIX_PATH=/home/lance/robot/install/my_cobot_interfaces:/home/lance/robot/install/moveit_config:/home/lance/robot/install/my_cobot_hardware_interface:/home/lance/moveit2_ws/install LD_LIBRARY_PATH=/home/lance/robot/install/my_cobot_interfaces/lib:/home/lance/robot/install/my_cobot_hardware_interface/lib:/opt/ros/humble/opt/rviz_ogre_vendor/lib:/opt/ros/humble/lib/aarch64-linux-gnu:/opt/ros/humble/lib PYTHONPATH=/home/lance/robot/build/controllers/prefix_override:/home/lance/robot/install/controllers/lib/python3.10/site-packages:${PYTHONPATH} /usr/bin/python3 setup.py egg_info --egg-base ../../build/controllers build --build-base /home/lance/robot/build/controllers/build install --record /home/lance/robot/build/controllers/install.log --single-version-externally-managed
[22.087s] DEBUG:colcon.colcon_core.event_handler.log_command:Invoked command in '/home/lance/robot/src/controllers' returned '0': CMAKE_PREFIX_PATH=/home/lance/robot/install/my_cobot_interfaces:/home/lance/robot/install/moveit_config:/home/lance/robot/install/my_cobot_hardware_interface:/home/lance/moveit2_ws/install LD_LIBRARY_PATH=/home/lance/robot/install/my_cobot_interfaces/lib:/home/lance/robot/install/my_cobot_hardware_interface/lib:/opt/ros/humble/opt/rviz_ogre_vendor/lib:/opt/ros/humble/lib/aarch64-linux-gnu:/opt/ros/humble/lib PYTHONPATH=/home/lance/robot/build/controllers/prefix_override:/home/lance/robot/install/controllers/lib/python3.10/site-packages:${PYTHONPATH} /usr/bin/python3 setup.py egg_info --egg-base ../../build/controllers build --build-base /home/lance/robot/build/controllers/build install --record /home/lance/robot/build/controllers/install.log --single-version-externally-managed
[22.089s] Level 1:colcon.colcon_core.environment:checking '/home/lance/robot/install/controllers' for CMake module files
[22.092s] Level 1:colcon.colcon_core.environment:checking '/home/lance/robot/install/controllers' for CMake config files
[22.096s] Level 1:colcon.colcon_core.environment:checking '/home/lance/robot/install/controllers/lib'
[22.096s] Level 1:colcon.colcon_core.environment:checking '/home/lance/robot/install/controllers/bin'
[22.097s] Level 1:colcon.colcon_core.environment:checking '/home/lance/robot/install/controllers/lib/pkgconfig/controllers.pc'
[22.098s] Level 1:colcon.colcon_core.environment:checking '/home/lance/robot/install/controllers/lib/python3.10/site-packages'
[22.098s] Level 1:colcon.colcon_core.shell:create_environment_hook('controllers', 'pythonpath')
[22.112s] INFO:colcon.colcon_core.shell:Creating environment hook '/home/lance/robot/install/controllers/share/controllers/hook/pythonpath.ps1'
[22.114s] INFO:colcon.colcon_core.shell:Creating environment descriptor '/home/lance/robot/install/controllers/share/controllers/hook/pythonpath.dsv'
[22.116s] INFO:colcon.colcon_core.shell:Creating environment hook '/home/lance/robot/install/controllers/share/controllers/hook/pythonpath.sh'
[22.119s] Level 1:colcon.colcon_core.environment:checking '/home/lance/robot/install/controllers/bin'
[22.120s] Level 1:colcon.colcon_core.environment:create_environment_scripts_only(controllers)
[22.133s] INFO:colcon.colcon_core.shell:Creating package script '/home/lance/robot/install/controllers/share/controllers/package.ps1'
[22.136s] INFO:colcon.colcon_core.shell:Creating package descriptor '/home/lance/robot/install/controllers/share/controllers/package.dsv'
[22.139s] INFO:colcon.colcon_core.shell:Creating package script '/home/lance/robot/install/controllers/share/controllers/package.sh'
[22.141s] INFO:colcon.colcon_core.shell:Creating package script '/home/lance/robot/install/controllers/share/controllers/package.bash'
[22.143s] INFO:colcon.colcon_core.shell:Creating package script '/home/lance/robot/install/controllers/share/controllers/package.zsh'
[22.145s] Level 1:colcon.colcon_core.environment:create_file_with_runtime_dependencies(/home/lance/robot/install/controllers/share/colcon-core/packages/controllers)
[23.659s] DEBUG:colcon.colcon_core.event_handler.log_command:Invoked command in '/home/lance/robot/build/my_cobot_hardware_interface' returned '2': CMAKE_PREFIX_PATH=/home/lance/robot/install/my_cobot_interfaces:/home/lance/robot/install/moveit_config:/home/lance/robot/install/robot_description:/home/lance/robot/install/controllers:/home/lance/robot/install/motion_planning:/home/lance/robot/install/computer_vision:/home/lance/robot/install/bringup:/opt/ros/humble:/home/lance/robot/install/my_cobot_hardware_interface:/home/lance/moveit2_ws/install LD_LIBRARY_PATH=/home/lance/robot/install/my_cobot_interfaces/lib:/home/lance/robot/install/my_cobot_hardware_interface/lib:/opt/ros/humble/opt/rviz_ogre_vendor/lib:/opt/ros/humble/lib/aarch64-linux-gnu:/opt/ros/humble/lib /usr/bin/cmake --build /home/lance/robot/build/my_cobot_hardware_interface -- -j4 -l4
[23.822s] Level 1:colcon.colcon_core.environment:create_environment_scripts_only(my_cobot_hardware_interface)
[23.840s] Level 1:colcon.colcon_core.environment:checking '/home/lance/robot/install/my_cobot_hardware_interface' for CMake module files
[23.843s] Level 1:colcon.colcon_core.environment:checking '/home/lance/robot/install/my_cobot_hardware_interface' for CMake config files
[23.844s] Level 1:colcon.colcon_core.shell:create_environment_hook('my_cobot_hardware_interface', 'cmake_prefix_path')
[23.856s] INFO:colcon.colcon_core.shell:Creating environment hook '/home/lance/robot/install/my_cobot_hardware_interface/share/my_cobot_hardware_interface/hook/cmake_prefix_path.ps1'
[23.858s] INFO:colcon.colcon_core.shell:Creating environment descriptor '/home/lance/robot/install/my_cobot_hardware_interface/share/my_cobot_hardware_interface/hook/cmake_prefix_path.dsv'
[23.860s] INFO:colcon.colcon_core.shell:Creating environment hook '/home/lance/robot/install/my_cobot_hardware_interface/share/my_cobot_hardware_interface/hook/cmake_prefix_path.sh'
[23.863s] Level 1:colcon.colcon_core.environment:checking '/home/lance/robot/install/my_cobot_hardware_interface/lib'
[23.864s] Level 1:colcon.colcon_core.shell:create_environment_hook('my_cobot_hardware_interface', 'ld_library_path_lib')
[23.876s] INFO:colcon.colcon_core.shell:Creating environment hook '/home/lance/robot/install/my_cobot_hardware_interface/share/my_cobot_hardware_interface/hook/ld_library_path_lib.ps1'
[23.878s] INFO:colcon.colcon_core.shell:Creating environment descriptor '/home/lance/robot/install/my_cobot_hardware_interface/share/my_cobot_hardware_interface/hook/ld_library_path_lib.dsv'
[23.880s] INFO:colcon.colcon_core.shell:Creating environment hook '/home/lance/robot/install/my_cobot_hardware_interface/share/my_cobot_hardware_interface/hook/ld_library_path_lib.sh'
[23.882s] Level 1:colcon.colcon_core.environment:checking '/home/lance/robot/install/my_cobot_hardware_interface/bin'
[23.882s] Level 1:colcon.colcon_core.environment:checking '/home/lance/robot/install/my_cobot_hardware_interface/lib/pkgconfig/my_cobot_hardware_interface.pc'
[23.883s] Level 1:colcon.colcon_core.environment:checking '/home/lance/robot/install/my_cobot_hardware_interface/lib/python3.10/site-packages'
[23.884s] Level 1:colcon.colcon_core.environment:checking '/home/lance/robot/install/my_cobot_hardware_interface/bin'
[23.899s] INFO:colcon.colcon_core.shell:Creating package script '/home/lance/robot/install/my_cobot_hardware_interface/share/my_cobot_hardware_interface/package.ps1'
[23.901s] INFO:colcon.colcon_core.shell:Creating package descriptor '/home/lance/robot/install/my_cobot_hardware_interface/share/my_cobot_hardware_interface/package.dsv'
[23.904s] INFO:colcon.colcon_core.shell:Creating package script '/home/lance/robot/install/my_cobot_hardware_interface/share/my_cobot_hardware_interface/package.sh'
[23.906s] INFO:colcon.colcon_core.shell:Creating package script '/home/lance/robot/install/my_cobot_hardware_interface/share/my_cobot_hardware_interface/package.bash'
[23.909s] INFO:colcon.colcon_core.shell:Creating package script '/home/lance/robot/install/my_cobot_hardware_interface/share/my_cobot_hardware_interface/package.zsh'
[23.911s] Level 1:colcon.colcon_core.environment:create_file_with_runtime_dependencies(/home/lance/robot/install/my_cobot_hardware_interface/share/colcon-core/packages/my_cobot_hardware_interface)
[23.922s] DEBUG:colcon.colcon_parallel_executor.executor.parallel:closing loop
[23.923s] DEBUG:colcon.colcon_parallel_executor.executor.parallel:loop closed
[23.924s] DEBUG:colcon.colcon_parallel_executor.executor.parallel:run_until_complete finished with '2'
[23.924s] DEBUG:colcon.colcon_core.event_reactor:joining thread
[23.956s] INFO:colcon.colcon_core.plugin_system:Skipping extension 'colcon_notification.desktop_notification.terminal_notifier': Not used on non-Darwin systems
[23.956s] INFO:colcon.colcon_core.plugin_system:Skipping extension 'colcon_notification.desktop_notification.win32': Not used on non-Windows systems
[23.956s] INFO:colcon.colcon_notification.desktop_notification:Sending desktop notification using 'notify2'
[24.012s] DEBUG:colcon.colcon_core.event_reactor:joined thread
[24.030s] INFO:colcon.colcon_core.shell:Creating prefix script '/home/lance/robot/install/local_setup.ps1'
[24.037s] INFO:colcon.colcon_core.shell:Creating prefix util module '/home/lance/robot/install/_local_setup_util_ps1.py'
[24.043s] INFO:colcon.colcon_core.shell:Creating prefix chain script '/home/lance/robot/install/setup.ps1'
[24.054s] INFO:colcon.colcon_core.shell:Creating prefix script '/home/lance/robot/install/local_setup.sh'
[24.057s] INFO:colcon.colcon_core.shell:Creating prefix util module '/home/lance/robot/install/_local_setup_util_sh.py'
[24.060s] INFO:colcon.colcon_core.shell:Creating prefix chain script '/home/lance/robot/install/setup.sh'
[24.073s] INFO:colcon.colcon_core.shell:Creating prefix script '/home/lance/robot/install/local_setup.bash'
[24.078s] INFO:colcon.colcon_core.shell:Creating prefix chain script '/home/lance/robot/install/setup.bash'
[24.094s] INFO:colcon.colcon_core.shell:Creating prefix script '/home/lance/robot/install/local_setup.zsh'
[24.097s] INFO:colcon.colcon_core.shell:Creating prefix chain script '/home/lance/robot/install/setup.zsh'
