[7.188s] Invoking command in '/home/lance/robot/src/motion_planning': PYTHONPATH=/home/lance/robot/build/motion_planning/prefix_override:/home/lance/robot/install/motion_planning/lib/python3.10/site-packages:${PYTHONPATH} /usr/bin/python3 setup.py egg_info --egg-base ../../build/motion_planning build --build-base /home/lance/robot/build/motion_planning/build install --record /home/lance/robot/build/motion_planning/install.log --single-version-externally-managed
[8.954s] running egg_info
[8.957s] creating ../../build/motion_planning/motion_planning.egg-info
[8.958s] writing ../../build/motion_planning/motion_planning.egg-info/PKG-INFO
[8.959s] writing dependency_links to ../../build/motion_planning/motion_planning.egg-info/dependency_links.txt
[8.961s] writing entry points to ../../build/motion_planning/motion_planning.egg-info/entry_points.txt
[8.962s] writing requirements to ../../build/motion_planning/motion_planning.egg-info/requires.txt
[8.963s] writing top-level names to ../../build/motion_planning/motion_planning.egg-info/top_level.txt
[8.964s] writing manifest file '../../build/motion_planning/motion_planning.egg-info/SOURCES.txt'
[8.978s] reading manifest file '../../build/motion_planning/motion_planning.egg-info/SOURCES.txt'
[8.982s] writing manifest file '../../build/motion_planning/motion_planning.egg-info/SOURCES.txt'
[8.985s] running build
[8.986s] running build_py
[8.988s] creating /home/lance/robot/build/motion_planning/build
[8.989s] creating /home/lance/robot/build/motion_planning/build/lib
[8.991s] creating /home/lance/robot/build/motion_planning/build/lib/motion_planning
[8.991s] copying motion_planning/__init__.py -> /home/lance/robot/build/motion_planning/build/lib/motion_planning
[8.993s] running install
[8.994s] /usr/lib/python3/dist-packages/setuptools/command/install.py:34: SetuptoolsDeprecationWarning: setup.py install is deprecated. Use build and pip and other standards-based tools.
[8.995s]   warnings.warn(
[8.996s] running install_lib
[9.002s] creating /home/lance/robot/install/motion_planning/lib/python3.10/site-packages/motion_planning
[9.003s] copying /home/lance/robot/build/motion_planning/build/lib/motion_planning/__init__.py -> /home/lance/robot/install/motion_planning/lib/python3.10/site-packages/motion_planning
[9.010s] byte-compiling /home/lance/robot/install/motion_planning/lib/python3.10/site-packages/motion_planning/__init__.py to __init__.cpython-310.pyc
[9.012s] running install_data
[9.017s] creating /home/lance/robot/install/motion_planning/share/ament_index
[9.020s] creating /home/lance/robot/install/motion_planning/share/ament_index/resource_index
[9.021s] creating /home/lance/robot/install/motion_planning/share/ament_index/resource_index/packages
[9.023s] copying resource/motion_planning -> /home/lance/robot/install/motion_planning/share/ament_index/resource_index/packages
[9.024s] copying package.xml -> /home/lance/robot/install/motion_planning/share/motion_planning
[9.024s] running install_egg_info
[9.034s] Copying ../../build/motion_planning/motion_planning.egg-info to /home/lance/robot/install/motion_planning/lib/python3.10/site-packages/motion_planning-0.0.0-py3.10.egg-info
[9.045s] running install_scripts
[9.162s] writing list of installed files to '/home/lance/robot/build/motion_planning/install.log'
[9.351s] Invoked command in '/home/lance/robot/src/motion_planning' returned '0': PYTHONPATH=/home/lance/robot/build/motion_planning/prefix_override:/home/lance/robot/install/motion_planning/lib/python3.10/site-packages:${PYTHONPATH} /usr/bin/python3 setup.py egg_info --egg-base ../../build/motion_planning build --build-base /home/lance/robot/build/motion_planning/build install --record /home/lance/robot/build/motion_planning/install.log --single-version-externally-managed
