[6.085s] Invoking command in '/home/lance/robot/src/motion_planning': PYTHONPATH=/home/lance/robot/build/motion_planning/prefix_override:/home/lance/robot/install/motion_planning/lib/python3.10/site-packages:${PYTHONPATH} /usr/bin/python3 setup.py egg_info --egg-base ../../build/motion_planning build --build-base /home/lance/robot/build/motion_planning/build install --record /home/lance/robot/build/motion_planning/install.log --single-version-externally-managed
[7.789s] running egg_info
[7.794s] writing ../../build/motion_planning/motion_planning.egg-info/PKG-INFO
[7.796s] writing dependency_links to ../../build/motion_planning/motion_planning.egg-info/dependency_links.txt
[7.797s] writing entry points to ../../build/motion_planning/motion_planning.egg-info/entry_points.txt
[7.798s] writing requirements to ../../build/motion_planning/motion_planning.egg-info/requires.txt
[7.799s] writing top-level names to ../../build/motion_planning/motion_planning.egg-info/top_level.txt
[7.811s] reading manifest file '../../build/motion_planning/motion_planning.egg-info/SOURCES.txt'
[7.830s] writing manifest file '../../build/motion_planning/motion_planning.egg-info/SOURCES.txt'
[7.831s] running build
[7.832s] running build_py
[7.832s] running install
[7.833s] /usr/lib/python3/dist-packages/setuptools/command/install.py:34: SetuptoolsDeprecationWarning: setup.py install is deprecated. Use build and pip and other standards-based tools.
[7.834s]   warnings.warn(
[7.835s] running install_lib
[7.842s] running install_data
[7.845s] running install_egg_info
[7.857s] removing '/home/lance/robot/install/motion_planning/lib/python3.10/site-packages/motion_planning-0.0.0-py3.10.egg-info' (and everything under it)
[7.860s] Copying ../../build/motion_planning/motion_planning.egg-info to /home/lance/robot/install/motion_planning/lib/python3.10/site-packages/motion_planning-0.0.0-py3.10.egg-info
[7.869s] running install_scripts
[8.018s] writing list of installed files to '/home/lance/robot/build/motion_planning/install.log'
[8.380s] Invoked command in '/home/lance/robot/src/motion_planning' returned '0': PYTHONPATH=/home/lance/robot/build/motion_planning/prefix_override:/home/lance/robot/install/motion_planning/lib/python3.10/site-packages:${PYTHONPATH} /usr/bin/python3 setup.py egg_info --egg-base ../../build/motion_planning build --build-base /home/lance/robot/build/motion_planning/build install --record /home/lance/robot/build/motion_planning/install.log --single-version-externally-managed
