[12.546s] Invoking command in '/home/lance/robot/src/bringup': PYTHONPATH=/home/lance/robot/build/bringup/prefix_override:/home/lance/robot/install/bringup/lib/python3.10/site-packages:${PYTHONPATH} /usr/bin/python3 setup.py egg_info --egg-base ../../build/bringup build --build-base /home/lance/robot/build/bringup/build install --record /home/lance/robot/build/bringup/install.log --single-version-externally-managed
[19.780s] running egg_info
[19.800s] writing ../../build/bringup/bringup.egg-info/PKG-INFO
[19.813s] writing dependency_links to ../../build/bringup/bringup.egg-info/dependency_links.txt
[19.823s] writing entry points to ../../build/bringup/bringup.egg-info/entry_points.txt
[19.835s] writing requirements to ../../build/bringup/bringup.egg-info/requires.txt
[19.846s] writing top-level names to ../../build/bringup/bringup.egg-info/top_level.txt
[19.891s] reading manifest file '../../build/bringup/bringup.egg-info/SOURCES.txt'
[19.904s] writing manifest file '../../build/bringup/bringup.egg-info/SOURCES.txt'
[19.922s] running build
[19.931s] running build_py
[19.952s] running install
[19.962s] running install_lib
[19.984s] running install_data
[19.991s] running install_egg_info
[20.039s] removing '/home/lance/robot/install/bringup/lib/python3.10/site-packages/bringup-0.0.0-py3.10.egg-info' (and everything under it)
[20.042s] Copying ../../build/bringup/bringup.egg-info to /home/lance/robot/install/bringup/lib/python3.10/site-packages/bringup-0.0.0-py3.10.egg-info
[20.072s] running install_scripts
[20.489s] writing list of installed files to '/home/lance/robot/build/bringup/install.log'
[21.713s] Invoked command in '/home/lance/robot/src/bringup' returned '0': PYTHONPATH=/home/lance/robot/build/bringup/prefix_override:/home/lance/robot/install/bringup/lib/python3.10/site-packages:${PYTHONPATH} /usr/bin/python3 setup.py egg_info --egg-base ../../build/bringup build --build-base /home/lance/robot/build/bringup/build install --record /home/lance/robot/build/bringup/install.log --single-version-externally-managed
