[9.230s] Invoking command in '/home/lance/robot/src/bringup': PYTHONPATH=/home/lance/robot/build/bringup/prefix_override:/home/lance/robot/install/bringup/lib/python3.10/site-packages:${PYTHONPATH} /usr/bin/python3 setup.py egg_info --egg-base ../../build/bringup build --build-base /home/lance/robot/build/bringup/build install --record /home/lance/robot/build/bringup/install.log --single-version-externally-managed
[12.283s] running egg_info
[12.286s] writing ../../build/bringup/bringup.egg-info/PKG-INFO
[12.295s] writing dependency_links to ../../build/bringup/bringup.egg-info/dependency_links.txt
[12.296s] writing entry points to ../../build/bringup/bringup.egg-info/entry_points.txt
[12.297s] writing requirements to ../../build/bringup/bringup.egg-info/requires.txt
[12.298s] writing top-level names to ../../build/bringup/bringup.egg-info/top_level.txt
[12.308s] reading manifest file '../../build/bringup/bringup.egg-info/SOURCES.txt'
[12.326s] writing manifest file '../../build/bringup/bringup.egg-info/SOURCES.txt'
[12.335s] running build
[12.344s] running build_py
[12.345s] running install
[12.348s] running install_lib
[12.356s] running install_data
[12.364s] running install_egg_info
[12.375s] removing '/home/lance/robot/install/bringup/lib/python3.10/site-packages/bringup-0.0.0-py3.10.egg-info' (and everything under it)
[12.377s] Copying ../../build/bringup/bringup.egg-info to /home/lance/robot/install/bringup/lib/python3.10/site-packages/bringup-0.0.0-py3.10.egg-info
[12.392s] running install_scripts
[12.528s] writing list of installed files to '/home/lance/robot/build/bringup/install.log'
[14.139s] Invoked command in '/home/lance/robot/src/bringup' returned '0': PYTHONPATH=/home/lance/robot/build/bringup/prefix_override:/home/lance/robot/install/bringup/lib/python3.10/site-packages:${PYTHONPATH} /usr/bin/python3 setup.py egg_info --egg-base ../../build/bringup build --build-base /home/lance/robot/build/bringup/build install --record /home/lance/robot/build/bringup/install.log --single-version-externally-managed
