[0.163s] Invoking command in '/home/lance/robot/build/description': CMAKE_PREFIX_PATH=/opt/ros/humble /usr/bin/cmake --build /home/lance/robot/build/description -- -j4 -l4
[1.711s] Invoked command in '/home/lance/robot/build/description' returned '0': CMAKE_PREFIX_PATH=/opt/ros/humble /usr/bin/cmake --build /home/lance/robot/build/description -- -j4 -l4
[1.887s] Invoking command in '/home/lance/robot/build/description': CMAKE_PREFIX_PATH=/opt/ros/humble /usr/bin/cmake --install /home/lance/robot/build/description
[1.917s] -- Install configuration: ""
[1.918s] -- Up-to-date: /home/lance/robot/install/description/share/ament_index/resource_index/package_run_dependencies/description
[1.919s] -- Up-to-date: /home/lance/robot/install/description/share/ament_index/resource_index/parent_prefix_path/description
[1.919s] -- Up-to-date: /home/lance/robot/install/description/share/description/environment/ament_prefix_path.sh
[1.920s] -- Up-to-date: /home/lance/robot/install/description/share/description/environment/ament_prefix_path.dsv
[1.921s] -- Up-to-date: /home/lance/robot/install/description/share/description/environment/path.sh
[1.921s] -- Up-to-date: /home/lance/robot/install/description/share/description/environment/path.dsv
[1.922s] -- Up-to-date: /home/lance/robot/install/description/share/description/local_setup.bash
[1.923s] -- Up-to-date: /home/lance/robot/install/description/share/description/local_setup.sh
[1.924s] -- Up-to-date: /home/lance/robot/install/description/share/description/local_setup.zsh
[1.924s] -- Up-to-date: /home/lance/robot/install/description/share/description/local_setup.dsv
[1.925s] -- Up-to-date: /home/lance/robot/install/description/share/description/package.dsv
[1.925s] -- Up-to-date: /home/lance/robot/install/description/share/ament_index/resource_index/packages/description
[1.926s] -- Up-to-date: /home/lance/robot/install/description/share/description/cmake/descriptionConfig.cmake
[1.927s] -- Up-to-date: /home/lance/robot/install/description/share/description/cmake/descriptionConfig-version.cmake
[1.927s] -- Up-to-date: /home/lance/robot/install/description/share/description/package.xml
[1.935s] Invoked command in '/home/lance/robot/build/description' returned '0': CMAKE_PREFIX_PATH=/opt/ros/humble /usr/bin/cmake --install /home/lance/robot/build/description
