[1.900s] DEBUG:colcon:Command line arguments: ['/usr/bin/colcon', 'build', '--symlink-install', '--packages-select', 'coord_controller']
[1.900s] DEBUG:colcon:Parsed command line arguments: Namespace(log_base=None, log_level=None, verb_name='build', build_base='build', install_base='install', merge_install=False, symlink_install=True, test_result_base=None, continue_on_error=False, executor='parallel', parallel_workers=4, event_handlers=None, ignore_user_meta=False, metas=['./colcon.meta'], base_paths=['.'], packages_ignore=None, packages_ignore_regex=None, paths=None, packages_up_to=None, packages_up_to_regex=None, packages_above=None, packages_above_and_dependencies=None, packages_above_depth=None, packages_select_by_dep=None, packages_skip_by_dep=None, packages_skip_up_to=None, packages_select_build_failed=False, packages_skip_build_finished=False, packages_select_test_failures=False, packages_skip_test_passed=False, packages_select=['coord_controller'], packages_skip=None, packages_select_regex=None, packages_skip_regex=None, packages_start=None, packages_end=None, allow_overriding=[], cmake_args=None, cmake_target=None, cmake_target_skip_unavailable=False, cmake_clean_cache=False, cmake_clean_first=False, cmake_force_configure=False, ament_cmake_args=None, catkin_cmake_args=None, catkin_skip_building_tests=False, verb_parser=<colcon_defaults.argument_parser.defaults.DefaultArgumentsDecorator object at 0xffff99de92d0>, verb_extension=<colcon_core.verb.build.BuildVerb object at 0xffff99de8d60>, main=<bound method BuildVerb.main of <colcon_core.verb.build.BuildVerb object at 0xffff99de8d60>>)
[2.024s] Level 1:colcon.colcon_core.package_discovery:discover_packages(colcon_meta) check parameters
[2.025s] Level 1:colcon.colcon_core.package_discovery:discover_packages(recursive) check parameters
[2.025s] Level 1:colcon.colcon_core.package_discovery:discover_packages(ignore) check parameters
[2.025s] Level 1:colcon.colcon_core.package_discovery:discover_packages(path) check parameters
[2.025s] Level 1:colcon.colcon_core.package_discovery:discover_packages(colcon_meta) discover
[2.025s] Level 1:colcon.colcon_core.package_discovery:discover_packages(recursive) discover
[2.026s] INFO:colcon.colcon_core.package_discovery:Crawling recursively for packages in '/home/lance/robot'
[2.026s] Level 1:colcon.colcon_core.package_identification:_identify(.) by extensions ['ignore', 'ignore_ament_install']
[2.026s] Level 1:colcon.colcon_core.package_identification:_identify(.) by extension 'ignore'
[2.027s] Level 1:colcon.colcon_core.package_identification:_identify(.) by extension 'ignore_ament_install'
[2.027s] Level 1:colcon.colcon_core.package_identification:_identify(.) by extensions ['colcon_pkg']
[2.027s] Level 1:colcon.colcon_core.package_identification:_identify(.) by extension 'colcon_pkg'
[2.027s] Level 1:colcon.colcon_core.package_identification:_identify(.) by extensions ['colcon_meta']
[2.027s] Level 1:colcon.colcon_core.package_identification:_identify(.) by extension 'colcon_meta'
[2.027s] Level 1:colcon.colcon_core.package_identification:_identify(.) by extensions ['ros']
[2.028s] Level 1:colcon.colcon_core.package_identification:_identify(.) by extension 'ros'
[2.076s] Level 1:colcon.colcon_core.package_identification:_identify(.) by extensions ['cmake', 'python']
[2.076s] Level 1:colcon.colcon_core.package_identification:_identify(.) by extension 'cmake'
[2.076s] Level 1:colcon.colcon_core.package_identification:_identify(.) by extension 'python'
[2.076s] Level 1:colcon.colcon_core.package_identification:_identify(.) by extensions ['python_setup_py']
[2.076s] Level 1:colcon.colcon_core.package_identification:_identify(.) by extension 'python_setup_py'
[2.077s] Level 1:colcon.colcon_core.package_identification:_identify(build) by extensions ['ignore', 'ignore_ament_install']
[2.077s] Level 1:colcon.colcon_core.package_identification:_identify(build) by extension 'ignore'
[2.078s] Level 1:colcon.colcon_core.package_identification:_identify(build) ignored
[2.078s] Level 1:colcon.colcon_core.package_identification:_identify(install) by extensions ['ignore', 'ignore_ament_install']
[2.079s] Level 1:colcon.colcon_core.package_identification:_identify(install) by extension 'ignore'
[2.079s] Level 1:colcon.colcon_core.package_identification:_identify(install) ignored
[2.080s] Level 1:colcon.colcon_core.package_identification:_identify(log) by extensions ['ignore', 'ignore_ament_install']
[2.080s] Level 1:colcon.colcon_core.package_identification:_identify(log) by extension 'ignore'
[2.080s] Level 1:colcon.colcon_core.package_identification:_identify(log) ignored
[2.081s] Level 1:colcon.colcon_core.package_identification:_identify(src) by extensions ['ignore', 'ignore_ament_install']
[2.081s] Level 1:colcon.colcon_core.package_identification:_identify(src) by extension 'ignore'
[2.081s] Level 1:colcon.colcon_core.package_identification:_identify(src) by extension 'ignore_ament_install'
[2.081s] Level 1:colcon.colcon_core.package_identification:_identify(src) by extensions ['colcon_pkg']
[2.081s] Level 1:colcon.colcon_core.package_identification:_identify(src) by extension 'colcon_pkg'
[2.082s] Level 1:colcon.colcon_core.package_identification:_identify(src) by extensions ['colcon_meta']
[2.082s] Level 1:colcon.colcon_core.package_identification:_identify(src) by extension 'colcon_meta'
[2.082s] Level 1:colcon.colcon_core.package_identification:_identify(src) by extensions ['ros']
[2.082s] Level 1:colcon.colcon_core.package_identification:_identify(src) by extension 'ros'
[2.082s] Level 1:colcon.colcon_core.package_identification:_identify(src) by extensions ['cmake', 'python']
[2.082s] Level 1:colcon.colcon_core.package_identification:_identify(src) by extension 'cmake'
[2.083s] Level 1:colcon.colcon_core.package_identification:_identify(src) by extension 'python'
[2.083s] Level 1:colcon.colcon_core.package_identification:_identify(src) by extensions ['python_setup_py']
[2.083s] Level 1:colcon.colcon_core.package_identification:_identify(src) by extension 'python_setup_py'
[2.083s] Level 1:colcon.colcon_core.package_identification:_identify(src/block_mover) by extensions ['ignore', 'ignore_ament_install']
[2.084s] Level 1:colcon.colcon_core.package_identification:_identify(src/block_mover) by extension 'ignore'
[2.084s] Level 1:colcon.colcon_core.package_identification:_identify(src/block_mover) by extension 'ignore_ament_install'
[2.084s] Level 1:colcon.colcon_core.package_identification:_identify(src/block_mover) by extensions ['colcon_pkg']
[2.084s] Level 1:colcon.colcon_core.package_identification:_identify(src/block_mover) by extension 'colcon_pkg'
[2.084s] Level 1:colcon.colcon_core.package_identification:_identify(src/block_mover) by extensions ['colcon_meta']
[2.084s] Level 1:colcon.colcon_core.package_identification:_identify(src/block_mover) by extension 'colcon_meta'
[2.085s] Level 1:colcon.colcon_core.package_identification:_identify(src/block_mover) by extensions ['ros']
[2.085s] Level 1:colcon.colcon_core.package_identification:_identify(src/block_mover) by extension 'ros'
[2.093s] DEBUG:colcon.colcon_core.package_identification:Package 'src/block_mover' with type 'ros.ament_python' and name 'block_mover'
[2.094s] Level 1:colcon.colcon_core.package_identification:_identify(src/bringup) by extensions ['ignore', 'ignore_ament_install']
[2.094s] Level 1:colcon.colcon_core.package_identification:_identify(src/bringup) by extension 'ignore'
[2.094s] Level 1:colcon.colcon_core.package_identification:_identify(src/bringup) by extension 'ignore_ament_install'
[2.095s] Level 1:colcon.colcon_core.package_identification:_identify(src/bringup) by extensions ['colcon_pkg']
[2.095s] Level 1:colcon.colcon_core.package_identification:_identify(src/bringup) by extension 'colcon_pkg'
[2.095s] Level 1:colcon.colcon_core.package_identification:_identify(src/bringup) by extensions ['colcon_meta']
[2.095s] Level 1:colcon.colcon_core.package_identification:_identify(src/bringup) by extension 'colcon_meta'
[2.095s] Level 1:colcon.colcon_core.package_identification:_identify(src/bringup) by extensions ['ros']
[2.095s] Level 1:colcon.colcon_core.package_identification:_identify(src/bringup) by extension 'ros'
[2.097s] DEBUG:colcon.colcon_core.package_identification:Package 'src/bringup' with type 'ros.ament_python' and name 'bringup'
[2.098s] Level 1:colcon.colcon_core.package_identification:_identify(src/computer_vision) by extensions ['ignore', 'ignore_ament_install']
[2.099s] Level 1:colcon.colcon_core.package_identification:_identify(src/computer_vision) by extension 'ignore'
[2.099s] Level 1:colcon.colcon_core.package_identification:_identify(src/computer_vision) by extension 'ignore_ament_install'
[2.099s] Level 1:colcon.colcon_core.package_identification:_identify(src/computer_vision) by extensions ['colcon_pkg']
[2.099s] Level 1:colcon.colcon_core.package_identification:_identify(src/computer_vision) by extension 'colcon_pkg'
[2.099s] Level 1:colcon.colcon_core.package_identification:_identify(src/computer_vision) by extensions ['colcon_meta']
[2.100s] Level 1:colcon.colcon_core.package_identification:_identify(src/computer_vision) by extension 'colcon_meta'
[2.100s] Level 1:colcon.colcon_core.package_identification:_identify(src/computer_vision) by extensions ['ros']
[2.100s] Level 1:colcon.colcon_core.package_identification:_identify(src/computer_vision) by extension 'ros'
[2.102s] DEBUG:colcon.colcon_core.package_identification:Failed to parse potential ROS package manifest in'src/computer_vision': Error(s) in package 'src/computer_vision/package.xml':
The manifest contains invalid XML:
mismatched tag: line 12, column 37
[2.103s] Level 1:colcon.colcon_core.package_identification:_identify(src/computer_vision) by extensions ['cmake', 'python']
[2.103s] Level 1:colcon.colcon_core.package_identification:_identify(src/computer_vision) by extension 'cmake'
[2.103s] Level 1:colcon.colcon_core.package_identification:_identify(src/computer_vision) by extension 'python'
[2.104s] DEBUG:colcon.colcon_core.package_identification:Python package in 'src/computer_vision' passes arguments to the setup() function which requires a different identification extension than 'python'
[2.104s] Level 1:colcon.colcon_core.package_identification:_identify(src/computer_vision) by extensions ['python_setup_py']
[2.104s] Level 1:colcon.colcon_core.package_identification:_identify(src/computer_vision) by extension 'python_setup_py'
[3.544s] DEBUG:colcon.colcon_core.package_identification:Package 'src/computer_vision' with type 'python' and name 'computer_vision'
[3.544s] Level 1:colcon.colcon_core.package_identification:_identify(src/controllers) by extensions ['ignore', 'ignore_ament_install']
[3.545s] Level 1:colcon.colcon_core.package_identification:_identify(src/controllers) by extension 'ignore'
[3.545s] Level 1:colcon.colcon_core.package_identification:_identify(src/controllers) by extension 'ignore_ament_install'
[3.545s] Level 1:colcon.colcon_core.package_identification:_identify(src/controllers) by extensions ['colcon_pkg']
[3.545s] Level 1:colcon.colcon_core.package_identification:_identify(src/controllers) by extension 'colcon_pkg'
[3.546s] Level 1:colcon.colcon_core.package_identification:_identify(src/controllers) by extensions ['colcon_meta']
[3.546s] Level 1:colcon.colcon_core.package_identification:_identify(src/controllers) by extension 'colcon_meta'
[3.546s] Level 1:colcon.colcon_core.package_identification:_identify(src/controllers) by extensions ['ros']
[3.546s] Level 1:colcon.colcon_core.package_identification:_identify(src/controllers) by extension 'ros'
[3.548s] DEBUG:colcon.colcon_core.package_identification:Package 'src/controllers' with type 'ros.ament_python' and name 'controllers'
[3.549s] Level 1:colcon.colcon_core.package_identification:_identify(src/coord_controller) by extensions ['ignore', 'ignore_ament_install']
[3.549s] Level 1:colcon.colcon_core.package_identification:_identify(src/coord_controller) by extension 'ignore'
[3.550s] Level 1:colcon.colcon_core.package_identification:_identify(src/coord_controller) by extension 'ignore_ament_install'
[3.550s] Level 1:colcon.colcon_core.package_identification:_identify(src/coord_controller) by extensions ['colcon_pkg']
[3.550s] Level 1:colcon.colcon_core.package_identification:_identify(src/coord_controller) by extension 'colcon_pkg'
[3.550s] Level 1:colcon.colcon_core.package_identification:_identify(src/coord_controller) by extensions ['colcon_meta']
[3.550s] Level 1:colcon.colcon_core.package_identification:_identify(src/coord_controller) by extension 'colcon_meta'
[3.550s] Level 1:colcon.colcon_core.package_identification:_identify(src/coord_controller) by extensions ['ros']
[3.551s] Level 1:colcon.colcon_core.package_identification:_identify(src/coord_controller) by extension 'ros'
[3.553s] DEBUG:colcon.colcon_core.package_identification:Package 'src/coord_controller' with type 'ros.ament_python' and name 'coord_controller'
[3.554s] Level 1:colcon.colcon_core.package_identification:_identify(src/motion_planning) by extensions ['ignore', 'ignore_ament_install']
[3.555s] Level 1:colcon.colcon_core.package_identification:_identify(src/motion_planning) by extension 'ignore'
[3.555s] Level 1:colcon.colcon_core.package_identification:_identify(src/motion_planning) by extension 'ignore_ament_install'
[3.555s] Level 1:colcon.colcon_core.package_identification:_identify(src/motion_planning) by extensions ['colcon_pkg']
[3.555s] Level 1:colcon.colcon_core.package_identification:_identify(src/motion_planning) by extension 'colcon_pkg'
[3.555s] Level 1:colcon.colcon_core.package_identification:_identify(src/motion_planning) by extensions ['colcon_meta']
[3.556s] Level 1:colcon.colcon_core.package_identification:_identify(src/motion_planning) by extension 'colcon_meta'
[3.556s] Level 1:colcon.colcon_core.package_identification:_identify(src/motion_planning) by extensions ['ros']
[3.556s] Level 1:colcon.colcon_core.package_identification:_identify(src/motion_planning) by extension 'ros'
[3.558s] DEBUG:colcon.colcon_core.package_identification:Package 'src/motion_planning' with type 'ros.ament_python' and name 'motion_planning'
[3.559s] Level 1:colcon.colcon_core.package_identification:_identify(src/moveit_config) by extensions ['ignore', 'ignore_ament_install']
[3.559s] Level 1:colcon.colcon_core.package_identification:_identify(src/moveit_config) by extension 'ignore'
[3.560s] Level 1:colcon.colcon_core.package_identification:_identify(src/moveit_config) by extension 'ignore_ament_install'
[3.560s] Level 1:colcon.colcon_core.package_identification:_identify(src/moveit_config) by extensions ['colcon_pkg']
[3.560s] Level 1:colcon.colcon_core.package_identification:_identify(src/moveit_config) by extension 'colcon_pkg'
[3.560s] Level 1:colcon.colcon_core.package_identification:_identify(src/moveit_config) by extensions ['colcon_meta']
[3.560s] Level 1:colcon.colcon_core.package_identification:_identify(src/moveit_config) by extension 'colcon_meta'
[3.561s] Level 1:colcon.colcon_core.package_identification:_identify(src/moveit_config) by extensions ['ros']
[3.561s] Level 1:colcon.colcon_core.package_identification:_identify(src/moveit_config) by extension 'ros'
[3.565s] DEBUG:colcon.colcon_core.package_identification:Package 'src/moveit_config' with type 'ros.ament_cmake' and name 'moveit_config'
[3.566s] Level 1:colcon.colcon_core.package_identification:_identify(src/my_cobot_hardware_interface) by extensions ['ignore', 'ignore_ament_install']
[3.566s] Level 1:colcon.colcon_core.package_identification:_identify(src/my_cobot_hardware_interface) by extension 'ignore'
[3.566s] Level 1:colcon.colcon_core.package_identification:_identify(src/my_cobot_hardware_interface) by extension 'ignore_ament_install'
[3.566s] Level 1:colcon.colcon_core.package_identification:_identify(src/my_cobot_hardware_interface) by extensions ['colcon_pkg']
[3.566s] Level 1:colcon.colcon_core.package_identification:_identify(src/my_cobot_hardware_interface) by extension 'colcon_pkg'
[3.567s] Level 1:colcon.colcon_core.package_identification:_identify(src/my_cobot_hardware_interface) by extensions ['colcon_meta']
[3.567s] Level 1:colcon.colcon_core.package_identification:_identify(src/my_cobot_hardware_interface) by extension 'colcon_meta'
[3.567s] Level 1:colcon.colcon_core.package_identification:_identify(src/my_cobot_hardware_interface) by extensions ['ros']
[3.567s] Level 1:colcon.colcon_core.package_identification:_identify(src/my_cobot_hardware_interface) by extension 'ros'
[3.569s] DEBUG:colcon.colcon_core.package_identification:Package 'src/my_cobot_hardware_interface' with type 'ros.ament_cmake' and name 'my_cobot_hardware_interface'
[3.570s] Level 1:colcon.colcon_core.package_identification:_identify(src/my_cobot_interfaces) by extensions ['ignore', 'ignore_ament_install']
[3.570s] Level 1:colcon.colcon_core.package_identification:_identify(src/my_cobot_interfaces) by extension 'ignore'
[3.571s] Level 1:colcon.colcon_core.package_identification:_identify(src/my_cobot_interfaces) by extension 'ignore_ament_install'
[3.571s] Level 1:colcon.colcon_core.package_identification:_identify(src/my_cobot_interfaces) by extensions ['colcon_pkg']
[3.571s] Level 1:colcon.colcon_core.package_identification:_identify(src/my_cobot_interfaces) by extension 'colcon_pkg'
[3.571s] Level 1:colcon.colcon_core.package_identification:_identify(src/my_cobot_interfaces) by extensions ['colcon_meta']
[3.571s] Level 1:colcon.colcon_core.package_identification:_identify(src/my_cobot_interfaces) by extension 'colcon_meta'
[3.571s] Level 1:colcon.colcon_core.package_identification:_identify(src/my_cobot_interfaces) by extensions ['ros']
[3.572s] Level 1:colcon.colcon_core.package_identification:_identify(src/my_cobot_interfaces) by extension 'ros'
[3.573s] DEBUG:colcon.colcon_core.package_identification:Package 'src/my_cobot_interfaces' with type 'ros.ament_cmake' and name 'my_cobot_interfaces'
[3.574s] Level 1:colcon.colcon_core.package_identification:_identify(src/robot_description) by extensions ['ignore', 'ignore_ament_install']
[3.574s] Level 1:colcon.colcon_core.package_identification:_identify(src/robot_description) by extension 'ignore'
[3.575s] Level 1:colcon.colcon_core.package_identification:_identify(src/robot_description) by extension 'ignore_ament_install'
[3.575s] Level 1:colcon.colcon_core.package_identification:_identify(src/robot_description) by extensions ['colcon_pkg']
[3.575s] Level 1:colcon.colcon_core.package_identification:_identify(src/robot_description) by extension 'colcon_pkg'
[3.575s] Level 1:colcon.colcon_core.package_identification:_identify(src/robot_description) by extensions ['colcon_meta']
[3.575s] Level 1:colcon.colcon_core.package_identification:_identify(src/robot_description) by extension 'colcon_meta'
[3.576s] Level 1:colcon.colcon_core.package_identification:_identify(src/robot_description) by extensions ['ros']
[3.576s] Level 1:colcon.colcon_core.package_identification:_identify(src/robot_description) by extension 'ros'
[3.578s] DEBUG:colcon.colcon_core.package_identification:Package 'src/robot_description' with type 'ros.ament_python' and name 'robot_description'
[3.578s] Level 1:colcon.colcon_core.package_discovery:discover_packages(recursive) using defaults
[3.578s] Level 1:colcon.colcon_core.package_discovery:discover_packages(ignore) discover
[3.578s] Level 1:colcon.colcon_core.package_discovery:discover_packages(ignore) using defaults
[3.578s] Level 1:colcon.colcon_core.package_discovery:discover_packages(path) discover
[3.578s] Level 1:colcon.colcon_core.package_discovery:discover_packages(path) using defaults
[3.703s] INFO:colcon.colcon_core.package_selection:Skipping not selected package 'block_mover' in 'src/block_mover'
[3.704s] INFO:colcon.colcon_core.package_selection:Skipping not selected package 'bringup' in 'src/bringup'
[3.704s] INFO:colcon.colcon_core.package_selection:Skipping not selected package 'computer_vision' in 'src/computer_vision'
[3.704s] INFO:colcon.colcon_core.package_selection:Skipping not selected package 'motion_planning' in 'src/motion_planning'
[3.704s] INFO:colcon.colcon_core.package_selection:Skipping not selected package 'my_cobot_interfaces' in 'src/my_cobot_interfaces'
[3.704s] INFO:colcon.colcon_core.package_selection:Skipping not selected package 'robot_description' in 'src/robot_description'
[3.704s] INFO:colcon.colcon_core.package_selection:Skipping not selected package 'controllers' in 'src/controllers'
[3.704s] INFO:colcon.colcon_core.package_selection:Skipping not selected package 'my_cobot_hardware_interface' in 'src/my_cobot_hardware_interface'
[3.705s] INFO:colcon.colcon_core.package_selection:Skipping not selected package 'moveit_config' in 'src/moveit_config'
[3.708s] Level 1:colcon.colcon_core.package_discovery:discover_packages(prefix_path) check parameters
[3.709s] Level 1:colcon.colcon_core.package_discovery:discover_packages(prefix_path) discover
[3.727s] DEBUG:colcon.colcon_installed_package_information.package_discovery:Found 1 installed packages in /home/lance/moveit2_ws/install
[3.736s] DEBUG:colcon.colcon_installed_package_information.package_discovery:Found 9 installed packages in /home/lance/robot/install
[3.753s] DEBUG:colcon.colcon_installed_package_information.package_discovery:Found 349 installed packages in /opt/ros/humble
[3.760s] Level 1:colcon.colcon_core.package_discovery:discover_packages(prefix_path) using defaults
[4.076s] Level 5:colcon.colcon_core.verb:set package 'coord_controller' build argument 'cmake_args' from command line to 'None'
[4.076s] Level 5:colcon.colcon_core.verb:set package 'coord_controller' build argument 'cmake_target' from command line to 'None'
[4.077s] Level 5:colcon.colcon_core.verb:set package 'coord_controller' build argument 'cmake_target_skip_unavailable' from command line to 'False'
[4.077s] Level 5:colcon.colcon_core.verb:set package 'coord_controller' build argument 'cmake_clean_cache' from command line to 'False'
[4.077s] Level 5:colcon.colcon_core.verb:set package 'coord_controller' build argument 'cmake_clean_first' from command line to 'False'
[4.077s] Level 5:colcon.colcon_core.verb:set package 'coord_controller' build argument 'cmake_force_configure' from command line to 'False'
[4.077s] Level 5:colcon.colcon_core.verb:set package 'coord_controller' build argument 'ament_cmake_args' from command line to 'None'
[4.077s] Level 5:colcon.colcon_core.verb:set package 'coord_controller' build argument 'catkin_cmake_args' from command line to 'None'
[4.077s] Level 5:colcon.colcon_core.verb:set package 'coord_controller' build argument 'catkin_skip_building_tests' from command line to 'False'
[4.077s] DEBUG:colcon.colcon_core.verb:Building package 'coord_controller' with the following arguments: {'ament_cmake_args': None, 'build_base': '/home/lance/robot/build/coord_controller', 'catkin_cmake_args': None, 'catkin_skip_building_tests': False, 'cmake_args': None, 'cmake_clean_cache': False, 'cmake_clean_first': False, 'cmake_force_configure': False, 'cmake_target': None, 'cmake_target_skip_unavailable': False, 'install_base': '/home/lance/robot/install/coord_controller', 'merge_install': False, 'path': '/home/lance/robot/src/coord_controller', 'symlink_install': True, 'test_result_base': None}
[4.083s] INFO:colcon.colcon_core.executor:Executing jobs using 'parallel' executor
[4.112s] DEBUG:colcon.colcon_parallel_executor.executor.parallel:run_until_complete
[4.113s] INFO:colcon.colcon_ros.task.ament_python.build:Building ROS package in '/home/lance/robot/src/coord_controller' with build type 'ament_python'
[4.114s] Level 1:colcon.colcon_core.shell:create_environment_hook('coord_controller', 'ament_prefix_path')
[4.151s] INFO:colcon.colcon_core.plugin_system:Skipping extension 'colcon_core.shell.bat': Not used on non-Windows systems
[4.153s] INFO:colcon.colcon_core.shell:Creating environment hook '/home/lance/robot/install/coord_controller/share/coord_controller/hook/ament_prefix_path.ps1'
[4.157s] INFO:colcon.colcon_core.shell:Creating environment descriptor '/home/lance/robot/install/coord_controller/share/coord_controller/hook/ament_prefix_path.dsv'
[4.159s] INFO:colcon.colcon_core.shell:Creating environment hook '/home/lance/robot/install/coord_controller/share/coord_controller/hook/ament_prefix_path.sh'
[4.174s] INFO:colcon.colcon_core.shell:Skip shell extension 'powershell' for command environment: Not usable outside of PowerShell
[4.175s] DEBUG:colcon.colcon_core.shell:Skip shell extension 'dsv' for command environment
[5.760s] INFO:colcon.colcon_core.task.python.build:Building Python package in '/home/lance/robot/src/coord_controller'
[5.775s] INFO:colcon.colcon_core.shell:Skip shell extension 'powershell' for command environment: Not usable outside of PowerShell
[5.776s] DEBUG:colcon.colcon_core.shell:Skip shell extension 'dsv' for command environment
[7.837s] DEBUG:colcon.colcon_core.event_handler.log_command:Invoking command in '/home/lance/robot/build/coord_controller': CMAKE_PREFIX_PATH=/home/lance/robot/install/my_cobot_interfaces:/home/lance/robot/install/moveit_config:/home/lance/robot/install/my_cobot_hardware_interface:/home/lance/moveit2_ws/install LD_LIBRARY_PATH=/home/lance/robot/install/my_cobot_interfaces/lib:/home/lance/robot/install/my_cobot_hardware_interface/lib:/opt/ros/humble/opt/rviz_ogre_vendor/lib:/opt/ros/humble/lib/aarch64-linux-gnu:/opt/ros/humble/lib PYTHONPATH=/home/lance/robot/build/coord_controller/prefix_override:/home/lance/robot/install/coord_controller/lib/python3.10/site-packages:${PYTHONPATH} /usr/bin/python3 setup.py develop --editable --build-directory /home/lance/robot/build/coord_controller/build --no-deps install_data
[10.513s] Level 1:colcon.colcon_core.shell:create_environment_hook('coord_controller', 'pythonpath_develop')
[10.527s] INFO:colcon.colcon_core.shell:Creating environment hook '/home/lance/robot/build/coord_controller/share/coord_controller/hook/pythonpath_develop.ps1'
[10.528s] DEBUG:colcon.colcon_core.event_handler.log_command:Invoked command in '/home/lance/robot/build/coord_controller' returned '0': CMAKE_PREFIX_PATH=/home/lance/robot/install/my_cobot_interfaces:/home/lance/robot/install/moveit_config:/home/lance/robot/install/my_cobot_hardware_interface:/home/lance/moveit2_ws/install LD_LIBRARY_PATH=/home/lance/robot/install/my_cobot_interfaces/lib:/home/lance/robot/install/my_cobot_hardware_interface/lib:/opt/ros/humble/opt/rviz_ogre_vendor/lib:/opt/ros/humble/lib/aarch64-linux-gnu:/opt/ros/humble/lib PYTHONPATH=/home/lance/robot/build/coord_controller/prefix_override:/home/lance/robot/install/coord_controller/lib/python3.10/site-packages:${PYTHONPATH} /usr/bin/python3 setup.py develop --editable --build-directory /home/lance/robot/build/coord_controller/build --no-deps install_data
[10.530s] INFO:colcon.colcon_core.shell:Creating environment descriptor '/home/lance/robot/build/coord_controller/share/coord_controller/hook/pythonpath_develop.dsv'
[10.534s] INFO:colcon.colcon_core.shell:Creating environment hook '/home/lance/robot/build/coord_controller/share/coord_controller/hook/pythonpath_develop.sh'
[10.569s] Level 1:colcon.colcon_core.environment:checking '/home/lance/robot/install/coord_controller' for CMake module files
[10.571s] Level 1:colcon.colcon_core.environment:checking '/home/lance/robot/install/coord_controller' for CMake config files
[10.574s] Level 1:colcon.colcon_core.environment:checking '/home/lance/robot/install/coord_controller/lib'
[10.575s] Level 1:colcon.colcon_core.environment:checking '/home/lance/robot/install/coord_controller/bin'
[10.576s] Level 1:colcon.colcon_core.environment:checking '/home/lance/robot/install/coord_controller/lib/pkgconfig/coord_controller.pc'
[10.576s] Level 1:colcon.colcon_core.environment:checking '/home/lance/robot/install/coord_controller/lib/python3.10/site-packages'
[10.577s] Level 1:colcon.colcon_core.shell:create_environment_hook('coord_controller', 'pythonpath')
[10.590s] INFO:colcon.colcon_core.shell:Creating environment hook '/home/lance/robot/install/coord_controller/share/coord_controller/hook/pythonpath.ps1'
[10.592s] INFO:colcon.colcon_core.shell:Creating environment descriptor '/home/lance/robot/install/coord_controller/share/coord_controller/hook/pythonpath.dsv'
[10.594s] INFO:colcon.colcon_core.shell:Creating environment hook '/home/lance/robot/install/coord_controller/share/coord_controller/hook/pythonpath.sh'
[10.597s] Level 1:colcon.colcon_core.environment:checking '/home/lance/robot/install/coord_controller/bin'
[10.597s] Level 1:colcon.colcon_core.environment:create_environment_scripts_only(coord_controller)
[10.610s] INFO:colcon.colcon_core.shell:Creating package script '/home/lance/robot/install/coord_controller/share/coord_controller/package.ps1'
[10.614s] INFO:colcon.colcon_core.shell:Creating package descriptor '/home/lance/robot/install/coord_controller/share/coord_controller/package.dsv'
[10.617s] INFO:colcon.colcon_core.shell:Creating package script '/home/lance/robot/install/coord_controller/share/coord_controller/package.sh'
[10.620s] INFO:colcon.colcon_core.shell:Creating package script '/home/lance/robot/install/coord_controller/share/coord_controller/package.bash'
[10.624s] INFO:colcon.colcon_core.shell:Creating package script '/home/lance/robot/install/coord_controller/share/coord_controller/package.zsh'
[10.627s] Level 1:colcon.colcon_core.environment:create_file_with_runtime_dependencies(/home/lance/robot/install/coord_controller/share/colcon-core/packages/coord_controller)
[10.629s] DEBUG:colcon.colcon_parallel_executor.executor.parallel:closing loop
[10.630s] DEBUG:colcon.colcon_parallel_executor.executor.parallel:loop closed
[10.630s] DEBUG:colcon.colcon_parallel_executor.executor.parallel:run_until_complete finished with '0'
[10.631s] DEBUG:colcon.colcon_core.event_reactor:joining thread
[10.656s] INFO:colcon.colcon_core.plugin_system:Skipping extension 'colcon_notification.desktop_notification.terminal_notifier': Not used on non-Darwin systems
[10.656s] INFO:colcon.colcon_core.plugin_system:Skipping extension 'colcon_notification.desktop_notification.win32': Not used on non-Windows systems
[10.656s] INFO:colcon.colcon_notification.desktop_notification:Sending desktop notification using 'notify2'
[10.727s] DEBUG:colcon.colcon_core.event_reactor:joined thread
[10.752s] INFO:colcon.colcon_core.shell:Creating prefix script '/home/lance/robot/install/local_setup.ps1'
[10.758s] INFO:colcon.colcon_core.shell:Creating prefix util module '/home/lance/robot/install/_local_setup_util_ps1.py'
[10.765s] INFO:colcon.colcon_core.shell:Creating prefix chain script '/home/lance/robot/install/setup.ps1'
[10.780s] INFO:colcon.colcon_core.shell:Creating prefix script '/home/lance/robot/install/local_setup.sh'
[10.784s] INFO:colcon.colcon_core.shell:Creating prefix util module '/home/lance/robot/install/_local_setup_util_sh.py'
[10.787s] INFO:colcon.colcon_core.shell:Creating prefix chain script '/home/lance/robot/install/setup.sh'
[10.803s] INFO:colcon.colcon_core.shell:Creating prefix script '/home/lance/robot/install/local_setup.bash'
[10.806s] INFO:colcon.colcon_core.shell:Creating prefix chain script '/home/lance/robot/install/setup.bash'
[10.826s] INFO:colcon.colcon_core.shell:Creating prefix script '/home/lance/robot/install/local_setup.zsh'
[10.830s] INFO:colcon.colcon_core.shell:Creating prefix chain script '/home/lance/robot/install/setup.zsh'
