running egg_info
creating ../../build/robot_description/robot_description.egg-info
writing ../../build/robot_description/robot_description.egg-info/PKG-INFO
writing dependency_links to ../../build/robot_description/robot_description.egg-info/dependency_links.txt
writing entry points to ../../build/robot_description/robot_description.egg-info/entry_points.txt
writing requirements to ../../build/robot_description/robot_description.egg-info/requires.txt
writing top-level names to ../../build/robot_description/robot_description.egg-info/top_level.txt
writing manifest file '../../build/robot_description/robot_description.egg-info/SOURCES.txt'
reading manifest file '../../build/robot_description/robot_description.egg-info/SOURCES.txt'
writing manifest file '../../build/robot_description/robot_description.egg-info/SOURCES.txt'
running build
running build_py
creating /home/lance/robot/build/robot_description/build
creating /home/lance/robot/build/robot_description/build/lib
creating /home/lance/robot/build/robot_description/build/lib/robot_description
copying robot_description/__init__.py -> /home/lance/robot/build/robot_description/build/lib/robot_description
running install
running install_lib
creating /home/lance/robot/install/robot_description/lib/python3.10/site-packages/robot_description
copying /home/lance/robot/build/robot_description/build/lib/robot_description/__init__.py -> /home/lance/robot/install/robot_description/lib/python3.10/site-packages/robot_description
byte-compiling /home/lance/robot/install/robot_description/lib/python3.10/site-packages/robot_description/__init__.py to __init__.cpython-310.pyc
running install_data
creating /home/lance/robot/install/robot_description/share/ament_index
creating /home/lance/robot/install/robot_description/share/ament_index/resource_index
creating /home/lance/robot/install/robot_description/share/ament_index/resource_index/packages
copying resource/robot_description -> /home/lance/robot/install/robot_description/share/ament_index/resource_index/packages
copying package.xml -> /home/lance/robot/install/robot_description/share/robot_description
creating /home/lance/robot/install/robot_description/share/robot_description/urdf
copying urdf/mycobot_with_vision_v2.urdf -> /home/lance/robot/install/robot_description/share/robot_description/urdf
copying urdf/joint7.png -> /home/lance/robot/install/robot_description/share/robot_description/urdf
copying urdf/joint3.png -> /home/lance/robot/install/robot_description/share/robot_description/urdf
copying urdf/joint1.png -> /home/lance/robot/install/robot_description/share/robot_description/urdf
copying urdf/joint6.png -> /home/lance/robot/install/robot_description/share/robot_description/urdf
copying urdf/joint2.png -> /home/lance/robot/install/robot_description/share/robot_description/urdf
copying urdf/joint5.png -> /home/lance/robot/install/robot_description/share/robot_description/urdf
copying urdf/joint4.png -> /home/lance/robot/install/robot_description/share/robot_description/urdf
copying urdf/joint1_pi.dae -> /home/lance/robot/install/robot_description/share/robot_description/urdf
copying urdf/joint7.dae -> /home/lance/robot/install/robot_description/share/robot_description/urdf
copying urdf/joint5.dae -> /home/lance/robot/install/robot_description/share/robot_description/urdf
copying urdf/joint6.dae -> /home/lance/robot/install/robot_description/share/robot_description/urdf
copying urdf/suit_env_v2.dae -> /home/lance/robot/install/robot_description/share/robot_description/urdf
copying urdf/joint3.dae -> /home/lance/robot/install/robot_description/share/robot_description/urdf
copying urdf/joint4.dae -> /home/lance/robot/install/robot_description/share/robot_description/urdf
copying urdf/joint2.dae -> /home/lance/robot/install/robot_description/share/robot_description/urdf
copying urdf/SuctionPumpInches.STL -> /home/lance/robot/install/robot_description/share/robot_description/urdf
copying urdf/env_meters.STL -> /home/lance/robot/install/robot_description/share/robot_description/urdf
copying urdf/SuctionPumpMeters.STL -> /home/lance/robot/install/robot_description/share/robot_description/urdf
copying urdf/env.STL -> /home/lance/robot/install/robot_description/share/robot_description/urdf
copying urdf/env_meters_correct_coords.STL -> /home/lance/robot/install/robot_description/share/robot_description/urdf
copying urdf/SuctionPump.STL -> /home/lance/robot/install/robot_description/share/robot_description/urdf
copying urdf/SuctionPumpFeet.STL -> /home/lance/robot/install/robot_description/share/robot_description/urdf
running install_egg_info
Copying ../../build/robot_description/robot_description.egg-info to /home/lance/robot/install/robot_description/lib/python3.10/site-packages/robot_description-0.0.0-py3.10.egg-info
running install_scripts
writing list of installed files to '/home/lance/robot/build/robot_description/install.log'
