[0.131s] Invoking command in '/home/lance/robot/build/my_cobot_hardware_interface': CMAKE_PREFIX_PATH=/home/lance/robot/install/my_cobot_interfaces:/home/lance/robot/install/moveit_config:/home/lance/robot/install/my_cobot_hardware_interface:/home/lance/moveit2_ws/install:/home/lance/robot/install/robot_description:/home/lance/robot/install/coord_controller:/home/lance/robot/install/controllers:/home/lance/robot/install/motion_planning:/home/lance/robot/install/bringup:/opt/ros/humble LD_LIBRARY_PATH=/home/lance/robot/install/my_cobot_interfaces/lib:/home/lance/robot/install/my_cobot_hardware_interface/lib:/opt/ros/humble/opt/rviz_ogre_vendor/lib:/opt/ros/humble/lib/aarch64-linux-gnu:/opt/ros/humble/lib /usr/bin/cmake --build /home/lance/robot/build/my_cobot_hardware_interface -- -j4 -l4
[0.504s] [35m[1mConsolidate compiler generated dependencies of target my_cobot_hardware_interface[0m
[0.735s] [100%] Built target my_cobot_hardware_interface
[1.098s] Invoked command in '/home/lance/robot/build/my_cobot_hardware_interface' returned '0': CMAKE_PREFIX_PATH=/home/lance/robot/install/my_cobot_interfaces:/home/lance/robot/install/moveit_config:/home/lance/robot/install/my_cobot_hardware_interface:/home/lance/moveit2_ws/install:/home/lance/robot/install/robot_description:/home/lance/robot/install/coord_controller:/home/lance/robot/install/controllers:/home/lance/robot/install/motion_planning:/home/lance/robot/install/bringup:/opt/ros/humble LD_LIBRARY_PATH=/home/lance/robot/install/my_cobot_interfaces/lib:/home/lance/robot/install/my_cobot_hardware_interface/lib:/opt/ros/humble/opt/rviz_ogre_vendor/lib:/opt/ros/humble/lib/aarch64-linux-gnu:/opt/ros/humble/lib /usr/bin/cmake --build /home/lance/robot/build/my_cobot_hardware_interface -- -j4 -l4
[3.161s] Invoking command in '/home/lance/robot/build/my_cobot_hardware_interface': CMAKE_PREFIX_PATH=/home/lance/robot/install/my_cobot_interfaces:/home/lance/robot/install/moveit_config:/home/lance/robot/install/my_cobot_hardware_interface:/home/lance/moveit2_ws/install:/home/lance/robot/install/robot_description:/home/lance/robot/install/coord_controller:/home/lance/robot/install/controllers:/home/lance/robot/install/motion_planning:/home/lance/robot/install/bringup:/opt/ros/humble LD_LIBRARY_PATH=/home/lance/robot/install/my_cobot_interfaces/lib:/home/lance/robot/install/my_cobot_hardware_interface/lib:/opt/ros/humble/opt/rviz_ogre_vendor/lib:/opt/ros/humble/lib/aarch64-linux-gnu:/opt/ros/humble/lib /usr/bin/cmake --install /home/lance/robot/build/my_cobot_hardware_interface
[3.386s] -- Install configuration: ""
[3.388s] -- Up-to-date: /home/lance/robot/install/my_cobot_hardware_interface/share/my_cobot_hardware_interface/my_cobot_hardware_interface.xml
[3.388s] -- Up-to-date: /home/lance/robot/install/my_cobot_hardware_interface/include
[3.389s] -- Up-to-date: /home/lance/robot/install/my_cobot_hardware_interface/include/my_cobot_hardware_interface
[3.390s] -- Up-to-date: /home/lance/robot/install/my_cobot_hardware_interface/include/my_cobot_hardware_interface/MyCobotHardwareInterface.hpp
[3.391s] -- Up-to-date: /home/lance/robot/install/my_cobot_hardware_interface/share/my_cobot_hardware_interface/environment/library_path.sh
[3.392s] -- Up-to-date: /home/lance/robot/install/my_cobot_hardware_interface/share/my_cobot_hardware_interface/environment/library_path.dsv
[3.393s] -- Up-to-date: /home/lance/robot/install/my_cobot_hardware_interface/lib/libmy_cobot_hardware_interface.so
[3.397s] -- Up-to-date: /home/lance/robot/install/my_cobot_hardware_interface/share/ament_index/resource_index/package_run_dependencies/my_cobot_hardware_interface
[3.398s] -- Up-to-date: /home/lance/robot/install/my_cobot_hardware_interface/share/ament_index/resource_index/parent_prefix_path/my_cobot_hardware_interface
[3.399s] -- Up-to-date: /home/lance/robot/install/my_cobot_hardware_interface/share/my_cobot_hardware_interface/environment/ament_prefix_path.sh
[3.399s] -- Up-to-date: /home/lance/robot/install/my_cobot_hardware_interface/share/my_cobot_hardware_interface/environment/ament_prefix_path.dsv
[3.399s] -- Up-to-date: /home/lance/robot/install/my_cobot_hardware_interface/share/my_cobot_hardware_interface/environment/path.sh
[3.400s] -- Up-to-date: /home/lance/robot/install/my_cobot_hardware_interface/share/my_cobot_hardware_interface/environment/path.dsv
[3.400s] -- Up-to-date: /home/lance/robot/install/my_cobot_hardware_interface/share/my_cobot_hardware_interface/local_setup.bash
[3.401s] -- Up-to-date: /home/lance/robot/install/my_cobot_hardware_interface/share/my_cobot_hardware_interface/local_setup.sh
[3.401s] -- Up-to-date: /home/lance/robot/install/my_cobot_hardware_interface/share/my_cobot_hardware_interface/local_setup.zsh
[3.402s] -- Up-to-date: /home/lance/robot/install/my_cobot_hardware_interface/share/my_cobot_hardware_interface/local_setup.dsv
[3.402s] -- Installing: /home/lance/robot/install/my_cobot_hardware_interface/share/my_cobot_hardware_interface/package.dsv
[3.402s] -- Up-to-date: /home/lance/robot/install/my_cobot_hardware_interface/share/ament_index/resource_index/packages/my_cobot_hardware_interface
[3.403s] -- Up-to-date: /home/lance/robot/install/my_cobot_hardware_interface/share/ament_index/resource_index/hardware_interface__pluginlib__plugin/my_cobot_hardware_interface
[3.403s] -- Up-to-date: /home/lance/robot/install/my_cobot_hardware_interface/share/my_cobot_hardware_interface/cmake/ament_cmake_export_libraries-extras.cmake
[3.403s] -- Up-to-date: /home/lance/robot/install/my_cobot_hardware_interface/share/my_cobot_hardware_interface/cmake/my_cobot_hardware_interfaceConfig.cmake
[3.404s] -- Up-to-date: /home/lance/robot/install/my_cobot_hardware_interface/share/my_cobot_hardware_interface/cmake/my_cobot_hardware_interfaceConfig-version.cmake
[3.404s] -- Up-to-date: /home/lance/robot/install/my_cobot_hardware_interface/share/my_cobot_hardware_interface/package.xml
[3.419s] Invoked command in '/home/lance/robot/build/my_cobot_hardware_interface' returned '0': CMAKE_PREFIX_PATH=/home/lance/robot/install/my_cobot_interfaces:/home/lance/robot/install/moveit_config:/home/lance/robot/install/my_cobot_hardware_interface:/home/lance/moveit2_ws/install:/home/lance/robot/install/robot_description:/home/lance/robot/install/coord_controller:/home/lance/robot/install/controllers:/home/lance/robot/install/motion_planning:/home/lance/robot/install/bringup:/opt/ros/humble LD_LIBRARY_PATH=/home/lance/robot/install/my_cobot_interfaces/lib:/home/lance/robot/install/my_cobot_hardware_interface/lib:/opt/ros/humble/opt/rviz_ogre_vendor/lib:/opt/ros/humble/lib/aarch64-linux-gnu:/opt/ros/humble/lib /usr/bin/cmake --install /home/lance/robot/build/my_cobot_hardware_interface
