[0.148s] Invoking command in '/home/lance/robot/build/my_cobot_interfaces': CMAKE_PREFIX_PATH=${CMAKE_PREFIX_PATH}:/home/lance/robot/install/robot_description:/home/lance/robot/install/controllers:/home/lance/robot/install/motion_planning:/home/lance/robot/install/computer_vision:/home/lance/robot/install/bringup:/opt/ros/humble /usr/bin/cmake --build /home/lance/robot/build/my_cobot_interfaces --clean-first -- -j4 -l4
[1.339s] [  2%] [34m[1mGenerating C code for ROS interfaces[0m
[1.418s] [  4%] [34m[1mGenerating C++ code for ROS interfaces[0m
[1.452s] [  4%] Built target ament_cmake_python_symlink_my_cobot_interfaces
[3.726s] running egg_info
[3.738s] writing my_cobot_interfaces.egg-info/PKG-INFO
[3.742s] writing dependency_links to my_cobot_interfaces.egg-info/dependency_links.txt
[3.754s] writing top-level names to my_cobot_interfaces.egg-info/top_level.txt
[3.782s] reading manifest file 'my_cobot_interfaces.egg-info/SOURCES.txt'
[3.792s] writing manifest file 'my_cobot_interfaces.egg-info/SOURCES.txt'
[4.109s] [  4%] Built target ament_cmake_python_build_my_cobot_interfaces_egg
[4.199s] [  4%] Built target my_cobot_interfaces__cpp
[4.286s] [  6%] [34m[1mGenerating C++ type support for eProsima Fast-RTPS[0m
[4.368s] [  8%] [34m[1mGenerating C++ introspection for ROS interfaces[0m
[4.546s] [ 10%] [34m[1mGenerating C++ type support dispatch for ROS interfaces[0m
[4.671s] [ 12%] [32mBuilding C object CMakeFiles/my_cobot_interfaces__rosidl_generator_c.dir/rosidl_generator_c/my_cobot_interfaces/srv/detail/get_radians__functions.c.o[0m
[5.342s] [ 14%] [32mBuilding C object CMakeFiles/my_cobot_interfaces__rosidl_generator_c.dir/rosidl_generator_c/my_cobot_interfaces/srv/detail/set_radians__functions.c.o[0m
[5.866s] [ 17%] [32mBuilding C object CMakeFiles/my_cobot_interfaces__rosidl_generator_c.dir/rosidl_generator_c/my_cobot_interfaces/srv/detail/play_pause__functions.c.o[0m
[6.274s] [ 19%] [32m[1mLinking C shared library libmy_cobot_interfaces__rosidl_generator_c.so[0m
[6.591s] [ 19%] Built target my_cobot_interfaces__rosidl_generator_c
[6.708s] [ 21%] [34m[1mGenerating C type support for eProsima Fast-RTPS[0m
[7.017s] [ 23%] [32mBuilding CXX object CMakeFiles/my_cobot_interfaces__rosidl_typesupport_cpp.dir/rosidl_typesupport_cpp/my_cobot_interfaces/srv/get_radians__type_support.cpp.o[0m
[7.497s] [ 25%] [32mBuilding CXX object CMakeFiles/my_cobot_interfaces__rosidl_typesupport_introspection_cpp.dir/rosidl_typesupport_introspection_cpp/my_cobot_interfaces/srv/detail/get_radians__type_support.cpp.o[0m
[7.589s] [ 27%] [32mBuilding CXX object CMakeFiles/my_cobot_interfaces__rosidl_typesupport_fastrtps_cpp.dir/rosidl_typesupport_fastrtps_cpp/my_cobot_interfaces/srv/detail/dds_fastrtps/get_radians__type_support.cpp.o[0m
[9.656s] [ 29%] [32mBuilding CXX object CMakeFiles/my_cobot_interfaces__rosidl_typesupport_cpp.dir/rosidl_typesupport_cpp/my_cobot_interfaces/srv/set_radians__type_support.cpp.o[0m
[9.847s] [ 31%] [32mBuilding CXX object CMakeFiles/my_cobot_interfaces__rosidl_typesupport_fastrtps_c.dir/rosidl_typesupport_fastrtps_c/my_cobot_interfaces/srv/detail/get_radians__type_support_c.cpp.o[0m
[12.059s] [ 34%] [32mBuilding CXX object CMakeFiles/my_cobot_interfaces__rosidl_typesupport_introspection_cpp.dir/rosidl_typesupport_introspection_cpp/my_cobot_interfaces/srv/detail/set_radians__type_support.cpp.o[0m
[12.533s] [ 36%] [32mBuilding CXX object CMakeFiles/my_cobot_interfaces__rosidl_typesupport_cpp.dir/rosidl_typesupport_cpp/my_cobot_interfaces/srv/play_pause__type_support.cpp.o[0m
[12.606s] [ 38%] [32mBuilding CXX object CMakeFiles/my_cobot_interfaces__rosidl_typesupport_fastrtps_cpp.dir/rosidl_typesupport_fastrtps_cpp/my_cobot_interfaces/srv/detail/dds_fastrtps/set_radians__type_support.cpp.o[0m
[13.517s] [ 40%] [32mBuilding CXX object CMakeFiles/my_cobot_interfaces__rosidl_typesupport_fastrtps_c.dir/rosidl_typesupport_fastrtps_c/my_cobot_interfaces/srv/detail/set_radians__type_support_c.cpp.o[0m
[15.207s] [ 42%] [32m[1mLinking CXX shared library libmy_cobot_interfaces__rosidl_typesupport_cpp.so[0m
[15.731s] [ 42%] Built target my_cobot_interfaces__rosidl_typesupport_cpp
[15.799s] [ 44%] [32mBuilding CXX object CMakeFiles/my_cobot_interfaces__rosidl_typesupport_fastrtps_c.dir/rosidl_typesupport_fastrtps_c/my_cobot_interfaces/srv/detail/play_pause__type_support_c.cpp.o[0m
[16.620s] [ 46%] [32mBuilding CXX object CMakeFiles/my_cobot_interfaces__rosidl_typesupport_introspection_cpp.dir/rosidl_typesupport_introspection_cpp/my_cobot_interfaces/srv/detail/play_pause__type_support.cpp.o[0m
[17.166s] [ 48%] [32mBuilding CXX object CMakeFiles/my_cobot_interfaces__rosidl_typesupport_fastrtps_cpp.dir/rosidl_typesupport_fastrtps_cpp/my_cobot_interfaces/srv/detail/dds_fastrtps/play_pause__type_support.cpp.o[0m
[17.346s] [ 51%] [34m[1mGenerating C introspection for ROS interfaces[0m
[19.176s] [ 53%] [32m[1mLinking CXX shared library libmy_cobot_interfaces__rosidl_typesupport_fastrtps_c.so[0m
[19.929s] [ 53%] Built target my_cobot_interfaces__rosidl_typesupport_fastrtps_c
[20.086s] [ 55%] [32m[1mLinking CXX shared library libmy_cobot_interfaces__rosidl_typesupport_introspection_cpp.so[0m
[20.127s] [ 57%] [34m[1mGenerating C type support dispatch for ROS interfaces[0m
[20.702s] [ 57%] Built target my_cobot_interfaces__rosidl_typesupport_introspection_cpp
[21.166s] [ 59%] [32mBuilding C object CMakeFiles/my_cobot_interfaces__rosidl_typesupport_introspection_c.dir/rosidl_typesupport_introspection_c/my_cobot_interfaces/srv/detail/get_radians__type_support.c.o[0m
[21.171s] [ 61%] [32mBuilding C object CMakeFiles/my_cobot_interfaces__rosidl_typesupport_introspection_c.dir/rosidl_typesupport_introspection_c/my_cobot_interfaces/srv/detail/set_radians__type_support.c.o[0m
[21.236s] [ 63%] [32m[1mLinking CXX shared library libmy_cobot_interfaces__rosidl_typesupport_fastrtps_cpp.so[0m
[21.524s] [ 65%] [32mBuilding C object CMakeFiles/my_cobot_interfaces__rosidl_typesupport_introspection_c.dir/rosidl_typesupport_introspection_c/my_cobot_interfaces/srv/detail/play_pause__type_support.c.o[0m
[21.768s] [ 65%] Built target my_cobot_interfaces__rosidl_typesupport_fastrtps_cpp
[21.799s] [ 68%] [32m[1mLinking C shared library libmy_cobot_interfaces__rosidl_typesupport_introspection_c.so[0m
[21.962s] [ 68%] Built target my_cobot_interfaces__rosidl_typesupport_introspection_c
[22.312s] [ 70%] [32mBuilding CXX object CMakeFiles/my_cobot_interfaces__rosidl_typesupport_c.dir/rosidl_typesupport_c/my_cobot_interfaces/srv/get_radians__type_support.cpp.o[0m
[22.319s] [ 72%] [32mBuilding CXX object CMakeFiles/my_cobot_interfaces__rosidl_typesupport_c.dir/rosidl_typesupport_c/my_cobot_interfaces/srv/set_radians__type_support.cpp.o[0m
[22.326s] [ 74%] [32mBuilding CXX object CMakeFiles/my_cobot_interfaces__rosidl_typesupport_c.dir/rosidl_typesupport_c/my_cobot_interfaces/srv/play_pause__type_support.cpp.o[0m
[22.515s] [ 76%] [32m[1mLinking CXX shared library libmy_cobot_interfaces__rosidl_typesupport_c.so[0m
[22.712s] [ 76%] Built target my_cobot_interfaces__rosidl_typesupport_c
[22.812s] [ 76%] Built target my_cobot_interfaces
[22.915s] [ 78%] [34m[1mGenerating Python code for ROS interfaces[0m
[26.013s] [ 78%] Built target my_cobot_interfaces__py
[26.140s] [ 80%] [32mBuilding C object CMakeFiles/my_cobot_interfaces__rosidl_generator_py.dir/rosidl_generator_py/my_cobot_interfaces/srv/_get_radians_s.c.o[0m
[26.145s] [ 82%] [32mBuilding C object CMakeFiles/my_cobot_interfaces__rosidl_generator_py.dir/rosidl_generator_py/my_cobot_interfaces/srv/_set_radians_s.c.o[0m
[26.149s] [ 85%] [32mBuilding C object CMakeFiles/my_cobot_interfaces__rosidl_generator_py.dir/rosidl_generator_py/my_cobot_interfaces/srv/_play_pause_s.c.o[0m
[26.962s] [ 87%] [32m[1mLinking C shared library rosidl_generator_py/my_cobot_interfaces/libmy_cobot_interfaces__rosidl_generator_py.so[0m
[27.195s] [ 87%] Built target my_cobot_interfaces__rosidl_generator_py
[27.321s] [ 89%] [32mBuilding C object CMakeFiles/my_cobot_interfaces__rosidl_typesupport_fastrtps_c__pyext.dir/rosidl_generator_py/my_cobot_interfaces/_my_cobot_interfaces_s.ep.rosidl_typesupport_fastrtps_c.c.o[0m
[27.322s] [ 91%] [32mBuilding C object CMakeFiles/my_cobot_interfaces__rosidl_typesupport_introspection_c__pyext.dir/rosidl_generator_py/my_cobot_interfaces/_my_cobot_interfaces_s.ep.rosidl_typesupport_introspection_c.c.o[0m
[27.327s] [ 93%] [32mBuilding C object CMakeFiles/my_cobot_interfaces__rosidl_typesupport_c__pyext.dir/rosidl_generator_py/my_cobot_interfaces/_my_cobot_interfaces_s.ep.rosidl_typesupport_c.c.o[0m
[28.056s] [ 95%] [32m[1mLinking C shared library rosidl_generator_py/my_cobot_interfaces/my_cobot_interfaces_s__rosidl_typesupport_c.cpython-310-aarch64-linux-gnu.so[0m
[28.069s] [ 97%] [32m[1mLinking C shared library rosidl_generator_py/my_cobot_interfaces/my_cobot_interfaces_s__rosidl_typesupport_fastrtps_c.cpython-310-aarch64-linux-gnu.so[0m
[28.077s] [100%] [32m[1mLinking C shared library rosidl_generator_py/my_cobot_interfaces/my_cobot_interfaces_s__rosidl_typesupport_introspection_c.cpython-310-aarch64-linux-gnu.so[0m
[28.374s] [100%] Built target my_cobot_interfaces__rosidl_typesupport_c__pyext
[28.381s] [100%] Built target my_cobot_interfaces__rosidl_typesupport_fastrtps_c__pyext
[28.404s] [100%] Built target my_cobot_interfaces__rosidl_typesupport_introspection_c__pyext
[28.463s] Invoked command in '/home/lance/robot/build/my_cobot_interfaces' returned '0': CMAKE_PREFIX_PATH=${CMAKE_PREFIX_PATH}:/home/lance/robot/install/robot_description:/home/lance/robot/install/controllers:/home/lance/robot/install/motion_planning:/home/lance/robot/install/computer_vision:/home/lance/robot/install/bringup:/opt/ros/humble /usr/bin/cmake --build /home/lance/robot/build/my_cobot_interfaces --clean-first -- -j4 -l4
[29.198s] Invoking command in '/home/lance/robot/build/my_cobot_interfaces': CMAKE_PREFIX_PATH=${CMAKE_PREFIX_PATH}:/home/lance/robot/install/robot_description:/home/lance/robot/install/controllers:/home/lance/robot/install/motion_planning:/home/lance/robot/install/computer_vision:/home/lance/robot/install/bringup:/opt/ros/humble /usr/bin/cmake --install /home/lance/robot/build/my_cobot_interfaces
[29.229s] -- Install configuration: ""
[29.232s] -- Execute custom install script
[29.233s] -- Up-to-date symlink: /home/lance/robot/install/my_cobot_interfaces/share/ament_index/resource_index/rosidl_interfaces/my_cobot_interfaces
[29.237s] -- Up-to-date symlink: /home/lance/robot/install/my_cobot_interfaces/include/my_cobot_interfaces/my_cobot_interfaces/msg/rosidl_generator_c__visibility_control.h
[29.238s] -- Up-to-date symlink: /home/lance/robot/install/my_cobot_interfaces/include/my_cobot_interfaces/my_cobot_interfaces/srv/detail/get_radians__functions.h
[29.239s] -- Up-to-date symlink: /home/lance/robot/install/my_cobot_interfaces/include/my_cobot_interfaces/my_cobot_interfaces/srv/detail/get_radians__struct.h
[29.240s] -- Up-to-date symlink: /home/lance/robot/install/my_cobot_interfaces/include/my_cobot_interfaces/my_cobot_interfaces/srv/detail/get_radians__type_support.h
[29.241s] -- Up-to-date symlink: /home/lance/robot/install/my_cobot_interfaces/include/my_cobot_interfaces/my_cobot_interfaces/srv/detail/play_pause__functions.h
[29.242s] -- Up-to-date symlink: /home/lance/robot/install/my_cobot_interfaces/include/my_cobot_interfaces/my_cobot_interfaces/srv/detail/play_pause__struct.h
[29.243s] -- Up-to-date symlink: /home/lance/robot/install/my_cobot_interfaces/include/my_cobot_interfaces/my_cobot_interfaces/srv/detail/play_pause__type_support.h
[29.244s] -- Up-to-date symlink: /home/lance/robot/install/my_cobot_interfaces/include/my_cobot_interfaces/my_cobot_interfaces/srv/detail/set_radians__functions.h
[29.245s] -- Up-to-date symlink: /home/lance/robot/install/my_cobot_interfaces/include/my_cobot_interfaces/my_cobot_interfaces/srv/detail/set_radians__struct.h
[29.246s] -- Up-to-date symlink: /home/lance/robot/install/my_cobot_interfaces/include/my_cobot_interfaces/my_cobot_interfaces/srv/detail/set_radians__type_support.h
[29.247s] -- Up-to-date symlink: /home/lance/robot/install/my_cobot_interfaces/include/my_cobot_interfaces/my_cobot_interfaces/srv/get_radians.h
[29.248s] -- Up-to-date symlink: /home/lance/robot/install/my_cobot_interfaces/include/my_cobot_interfaces/my_cobot_interfaces/srv/play_pause.h
[29.248s] -- Up-to-date symlink: /home/lance/robot/install/my_cobot_interfaces/include/my_cobot_interfaces/my_cobot_interfaces/srv/set_radians.h
[29.250s] -- Up-to-date symlink: /home/lance/robot/install/my_cobot_interfaces/share/my_cobot_interfaces/environment/library_path.sh
[29.251s] -- Up-to-date symlink: /home/lance/robot/install/my_cobot_interfaces/share/my_cobot_interfaces/environment/library_path.dsv
[29.255s] -- Up-to-date symlink: /home/lance/robot/install/my_cobot_interfaces/include/my_cobot_interfaces/my_cobot_interfaces/msg/rosidl_typesupport_fastrtps_c__visibility_control.h
[29.259s] -- Up-to-date symlink: /home/lance/robot/install/my_cobot_interfaces/include/my_cobot_interfaces/my_cobot_interfaces/srv/detail/get_radians__rosidl_typesupport_fastrtps_c.h
[29.265s] -- Up-to-date symlink: /home/lance/robot/install/my_cobot_interfaces/include/my_cobot_interfaces/my_cobot_interfaces/srv/detail/play_pause__rosidl_typesupport_fastrtps_c.h
[29.266s] -- Up-to-date symlink: /home/lance/robot/install/my_cobot_interfaces/include/my_cobot_interfaces/my_cobot_interfaces/srv/detail/set_radians__rosidl_typesupport_fastrtps_c.h
[29.269s] -- Up-to-date symlink: /home/lance/robot/install/my_cobot_interfaces/include/my_cobot_interfaces/my_cobot_interfaces/srv/detail/get_radians__builder.hpp
[29.269s] -- Up-to-date symlink: /home/lance/robot/install/my_cobot_interfaces/include/my_cobot_interfaces/my_cobot_interfaces/srv/detail/get_radians__struct.hpp
[29.270s] -- Up-to-date symlink: /home/lance/robot/install/my_cobot_interfaces/include/my_cobot_interfaces/my_cobot_interfaces/srv/detail/get_radians__traits.hpp
[29.271s] -- Up-to-date symlink: /home/lance/robot/install/my_cobot_interfaces/include/my_cobot_interfaces/my_cobot_interfaces/srv/detail/play_pause__builder.hpp
[29.272s] -- Up-to-date symlink: /home/lance/robot/install/my_cobot_interfaces/include/my_cobot_interfaces/my_cobot_interfaces/srv/detail/play_pause__struct.hpp
[29.273s] -- Up-to-date symlink: /home/lance/robot/install/my_cobot_interfaces/include/my_cobot_interfaces/my_cobot_interfaces/srv/detail/play_pause__traits.hpp
[29.274s] -- Up-to-date symlink: /home/lance/robot/install/my_cobot_interfaces/include/my_cobot_interfaces/my_cobot_interfaces/srv/detail/set_radians__builder.hpp
[29.275s] -- Up-to-date symlink: /home/lance/robot/install/my_cobot_interfaces/include/my_cobot_interfaces/my_cobot_interfaces/srv/detail/set_radians__struct.hpp
[29.276s] -- Up-to-date symlink: /home/lance/robot/install/my_cobot_interfaces/include/my_cobot_interfaces/my_cobot_interfaces/srv/detail/set_radians__traits.hpp
[29.277s] -- Up-to-date symlink: /home/lance/robot/install/my_cobot_interfaces/include/my_cobot_interfaces/my_cobot_interfaces/srv/get_radians.hpp
[29.277s] -- Up-to-date symlink: /home/lance/robot/install/my_cobot_interfaces/include/my_cobot_interfaces/my_cobot_interfaces/srv/play_pause.hpp
[29.278s] -- Up-to-date symlink: /home/lance/robot/install/my_cobot_interfaces/include/my_cobot_interfaces/my_cobot_interfaces/srv/set_radians.hpp
[29.284s] -- Up-to-date symlink: /home/lance/robot/install/my_cobot_interfaces/include/my_cobot_interfaces/my_cobot_interfaces/msg/rosidl_typesupport_fastrtps_cpp__visibility_control.h
[29.285s] -- Up-to-date symlink: /home/lance/robot/install/my_cobot_interfaces/include/my_cobot_interfaces/my_cobot_interfaces/srv/detail/get_radians__rosidl_typesupport_fastrtps_cpp.hpp
[29.286s] -- Up-to-date symlink: /home/lance/robot/install/my_cobot_interfaces/include/my_cobot_interfaces/my_cobot_interfaces/srv/detail/play_pause__rosidl_typesupport_fastrtps_cpp.hpp
[29.287s] -- Up-to-date symlink: /home/lance/robot/install/my_cobot_interfaces/include/my_cobot_interfaces/my_cobot_interfaces/srv/detail/set_radians__rosidl_typesupport_fastrtps_cpp.hpp
[29.290s] -- Up-to-date symlink: /home/lance/robot/install/my_cobot_interfaces/include/my_cobot_interfaces/my_cobot_interfaces/msg/rosidl_typesupport_introspection_c__visibility_control.h
[29.291s] -- Up-to-date symlink: /home/lance/robot/install/my_cobot_interfaces/include/my_cobot_interfaces/my_cobot_interfaces/srv/detail/get_radians__rosidl_typesupport_introspection_c.h
[29.292s] -- Up-to-date symlink: /home/lance/robot/install/my_cobot_interfaces/include/my_cobot_interfaces/my_cobot_interfaces/srv/detail/play_pause__rosidl_typesupport_introspection_c.h
[29.293s] -- Up-to-date symlink: /home/lance/robot/install/my_cobot_interfaces/include/my_cobot_interfaces/my_cobot_interfaces/srv/detail/set_radians__rosidl_typesupport_introspection_c.h
[29.296s] -- Up-to-date symlink: /home/lance/robot/install/my_cobot_interfaces/include/my_cobot_interfaces/my_cobot_interfaces/srv/detail/get_radians__rosidl_typesupport_introspection_cpp.hpp
[29.297s] -- Up-to-date symlink: /home/lance/robot/install/my_cobot_interfaces/include/my_cobot_interfaces/my_cobot_interfaces/srv/detail/play_pause__rosidl_typesupport_introspection_cpp.hpp
[29.298s] -- Up-to-date symlink: /home/lance/robot/install/my_cobot_interfaces/include/my_cobot_interfaces/my_cobot_interfaces/srv/detail/set_radians__rosidl_typesupport_introspection_cpp.hpp
[29.299s] -- Up-to-date symlink: /home/lance/robot/install/my_cobot_interfaces/share/my_cobot_interfaces/environment/pythonpath.sh
[29.300s] -- Up-to-date symlink: /home/lance/robot/install/my_cobot_interfaces/share/my_cobot_interfaces/environment/pythonpath.dsv
[29.302s] -- Up-to-date symlink: /home/lance/robot/install/my_cobot_interfaces/local/lib/python3.10/dist-packages/my_cobot_interfaces-0.0.0-py3.10.egg-info/PKG-INFO
[29.303s] -- Up-to-date symlink: /home/lance/robot/install/my_cobot_interfaces/local/lib/python3.10/dist-packages/my_cobot_interfaces-0.0.0-py3.10.egg-info/SOURCES.txt
[29.304s] -- Up-to-date symlink: /home/lance/robot/install/my_cobot_interfaces/local/lib/python3.10/dist-packages/my_cobot_interfaces-0.0.0-py3.10.egg-info/dependency_links.txt
[29.305s] -- Up-to-date symlink: /home/lance/robot/install/my_cobot_interfaces/local/lib/python3.10/dist-packages/my_cobot_interfaces-0.0.0-py3.10.egg-info/top_level.txt
[29.310s] -- Up-to-date symlink: /home/lance/robot/install/my_cobot_interfaces/local/lib/python3.10/dist-packages/my_cobot_interfaces/__init__.py
[29.311s] -- Up-to-date symlink: /home/lance/robot/install/my_cobot_interfaces/local/lib/python3.10/dist-packages/my_cobot_interfaces/_my_cobot_interfaces_s.ep.rosidl_typesupport_c.c
[29.312s] -- Up-to-date symlink: /home/lance/robot/install/my_cobot_interfaces/local/lib/python3.10/dist-packages/my_cobot_interfaces/_my_cobot_interfaces_s.ep.rosidl_typesupport_fastrtps_c.c
[29.313s] -- Up-to-date symlink: /home/lance/robot/install/my_cobot_interfaces/local/lib/python3.10/dist-packages/my_cobot_interfaces/_my_cobot_interfaces_s.ep.rosidl_typesupport_introspection_c.c
[29.314s] -- Up-to-date symlink: /home/lance/robot/install/my_cobot_interfaces/local/lib/python3.10/dist-packages/my_cobot_interfaces/libmy_cobot_interfaces__rosidl_generator_py.so
[29.316s] -- Up-to-date symlink: /home/lance/robot/install/my_cobot_interfaces/local/lib/python3.10/dist-packages/my_cobot_interfaces/my_cobot_interfaces_s__rosidl_typesupport_c.cpython-310-aarch64-linux-gnu.so
[29.317s] -- Up-to-date symlink: /home/lance/robot/install/my_cobot_interfaces/local/lib/python3.10/dist-packages/my_cobot_interfaces/my_cobot_interfaces_s__rosidl_typesupport_fastrtps_c.cpython-310-aarch64-linux-gnu.so
[29.318s] -- Up-to-date symlink: /home/lance/robot/install/my_cobot_interfaces/local/lib/python3.10/dist-packages/my_cobot_interfaces/my_cobot_interfaces_s__rosidl_typesupport_introspection_c.cpython-310-aarch64-linux-gnu.so
[29.319s] -- Up-to-date symlink: /home/lance/robot/install/my_cobot_interfaces/local/lib/python3.10/dist-packages/my_cobot_interfaces/srv/__init__.py
[29.320s] -- Up-to-date symlink: /home/lance/robot/install/my_cobot_interfaces/local/lib/python3.10/dist-packages/my_cobot_interfaces/srv/_get_radians.py
[29.321s] -- Up-to-date symlink: /home/lance/robot/install/my_cobot_interfaces/local/lib/python3.10/dist-packages/my_cobot_interfaces/srv/_get_radians_s.c
[29.322s] -- Up-to-date symlink: /home/lance/robot/install/my_cobot_interfaces/local/lib/python3.10/dist-packages/my_cobot_interfaces/srv/_play_pause.py
[29.323s] -- Up-to-date symlink: /home/lance/robot/install/my_cobot_interfaces/local/lib/python3.10/dist-packages/my_cobot_interfaces/srv/_play_pause_s.c
[29.324s] -- Up-to-date symlink: /home/lance/robot/install/my_cobot_interfaces/local/lib/python3.10/dist-packages/my_cobot_interfaces/srv/_set_radians.py
[29.325s] -- Up-to-date symlink: /home/lance/robot/install/my_cobot_interfaces/local/lib/python3.10/dist-packages/my_cobot_interfaces/srv/_set_radians_s.c
[29.327s] -- Up-to-date symlink: /home/lance/robot/install/my_cobot_interfaces/local/lib/python3.10/dist-packages/my_cobot_interfaces/my_cobot_interfaces_s__rosidl_typesupport_fastrtps_c.cpython-310-aarch64-linux-gnu.so
[29.329s] -- Up-to-date symlink: /home/lance/robot/install/my_cobot_interfaces/local/lib/python3.10/dist-packages/my_cobot_interfaces/my_cobot_interfaces_s__rosidl_typesupport_introspection_c.cpython-310-aarch64-linux-gnu.so
[29.330s] -- Up-to-date symlink: /home/lance/robot/install/my_cobot_interfaces/local/lib/python3.10/dist-packages/my_cobot_interfaces/my_cobot_interfaces_s__rosidl_typesupport_c.cpython-310-aarch64-linux-gnu.so
[29.331s] -- Up-to-date symlink: /home/lance/robot/install/my_cobot_interfaces/share/my_cobot_interfaces/srv/GetRadians.idl
[29.333s] -- Up-to-date symlink: /home/lance/robot/install/my_cobot_interfaces/share/my_cobot_interfaces/srv/SetRadians.idl
[29.334s] -- Up-to-date symlink: /home/lance/robot/install/my_cobot_interfaces/share/my_cobot_interfaces/srv/PlayPause.idl
[29.335s] -- Up-to-date symlink: /home/lance/robot/install/my_cobot_interfaces/share/my_cobot_interfaces/srv/GetRadians.srv
[29.336s] -- Up-to-date symlink: /home/lance/robot/install/my_cobot_interfaces/share/my_cobot_interfaces/srv/GetRadians_Request.msg
[29.337s] -- Up-to-date symlink: /home/lance/robot/install/my_cobot_interfaces/share/my_cobot_interfaces/srv/GetRadians_Response.msg
[29.338s] -- Up-to-date symlink: /home/lance/robot/install/my_cobot_interfaces/share/my_cobot_interfaces/srv/SetRadians.srv
[29.339s] -- Up-to-date symlink: /home/lance/robot/install/my_cobot_interfaces/share/my_cobot_interfaces/srv/SetRadians_Request.msg
[29.340s] -- Up-to-date symlink: /home/lance/robot/install/my_cobot_interfaces/share/my_cobot_interfaces/srv/SetRadians_Response.msg
[29.342s] -- Up-to-date symlink: /home/lance/robot/install/my_cobot_interfaces/share/my_cobot_interfaces/srv/PlayPause.srv
[29.343s] -- Up-to-date symlink: /home/lance/robot/install/my_cobot_interfaces/share/my_cobot_interfaces/srv/PlayPause_Request.msg
[29.344s] -- Up-to-date symlink: /home/lance/robot/install/my_cobot_interfaces/share/my_cobot_interfaces/srv/PlayPause_Response.msg
[29.345s] -- Up-to-date symlink: /home/lance/robot/install/my_cobot_interfaces/share/ament_index/resource_index/package_run_dependencies/my_cobot_interfaces
[29.346s] -- Up-to-date symlink: /home/lance/robot/install/my_cobot_interfaces/share/ament_index/resource_index/parent_prefix_path/my_cobot_interfaces
[29.348s] -- Up-to-date symlink: /home/lance/robot/install/my_cobot_interfaces/share/my_cobot_interfaces/environment/ament_prefix_path.sh
[29.348s] -- Up-to-date symlink: /home/lance/robot/install/my_cobot_interfaces/share/my_cobot_interfaces/environment/ament_prefix_path.dsv
[29.350s] -- Up-to-date symlink: /home/lance/robot/install/my_cobot_interfaces/share/my_cobot_interfaces/environment/path.sh
[29.351s] -- Up-to-date symlink: /home/lance/robot/install/my_cobot_interfaces/share/my_cobot_interfaces/environment/path.dsv
[29.352s] -- Up-to-date symlink: /home/lance/robot/install/my_cobot_interfaces/share/my_cobot_interfaces/local_setup.bash
[29.353s] -- Up-to-date symlink: /home/lance/robot/install/my_cobot_interfaces/share/my_cobot_interfaces/local_setup.sh
[29.354s] -- Up-to-date symlink: /home/lance/robot/install/my_cobot_interfaces/share/my_cobot_interfaces/local_setup.zsh
[29.355s] -- Up-to-date symlink: /home/lance/robot/install/my_cobot_interfaces/share/my_cobot_interfaces/local_setup.dsv
[29.363s] -- Symlinking: /home/lance/robot/install/my_cobot_interfaces/share/my_cobot_interfaces/package.dsv
[29.402s] -- Up-to-date symlink: /home/lance/robot/install/my_cobot_interfaces/share/ament_index/resource_index/packages/my_cobot_interfaces
[29.403s] -- Up-to-date symlink: /home/lance/robot/install/my_cobot_interfaces/share/my_cobot_interfaces/cmake/rosidl_cmake-extras.cmake
[29.404s] -- Up-to-date symlink: /home/lance/robot/install/my_cobot_interfaces/share/my_cobot_interfaces/cmake/ament_cmake_export_dependencies-extras.cmake
[29.405s] -- Up-to-date symlink: /home/lance/robot/install/my_cobot_interfaces/share/my_cobot_interfaces/cmake/ament_cmake_export_include_directories-extras.cmake
[29.406s] -- Up-to-date symlink: /home/lance/robot/install/my_cobot_interfaces/share/my_cobot_interfaces/cmake/ament_cmake_export_libraries-extras.cmake
[29.406s] -- Up-to-date symlink: /home/lance/robot/install/my_cobot_interfaces/share/my_cobot_interfaces/cmake/ament_cmake_export_targets-extras.cmake
[29.408s] -- Up-to-date symlink: /home/lance/robot/install/my_cobot_interfaces/share/my_cobot_interfaces/cmake/rosidl_cmake_export_typesupport_targets-extras.cmake
[29.409s] -- Up-to-date symlink: /home/lance/robot/install/my_cobot_interfaces/share/my_cobot_interfaces/cmake/rosidl_cmake_export_typesupport_libraries-extras.cmake
[29.409s] -- Up-to-date symlink: /home/lance/robot/install/my_cobot_interfaces/share/my_cobot_interfaces/cmake/my_cobot_interfacesConfig.cmake
[29.410s] -- Up-to-date symlink: /home/lance/robot/install/my_cobot_interfaces/share/my_cobot_interfaces/cmake/my_cobot_interfacesConfig-version.cmake
[29.411s] -- Up-to-date symlink: /home/lance/robot/install/my_cobot_interfaces/share/my_cobot_interfaces/package.xml
[29.413s] -- Installing: /home/lance/robot/install/my_cobot_interfaces/lib/libmy_cobot_interfaces__rosidl_generator_c.so
[29.416s] -- Set runtime path of "/home/lance/robot/install/my_cobot_interfaces/lib/libmy_cobot_interfaces__rosidl_generator_c.so" to ""
[29.417s] -- Installing: /home/lance/robot/install/my_cobot_interfaces/lib/libmy_cobot_interfaces__rosidl_typesupport_fastrtps_c.so
[29.420s] -- Set runtime path of "/home/lance/robot/install/my_cobot_interfaces/lib/libmy_cobot_interfaces__rosidl_typesupport_fastrtps_c.so" to ""
[29.421s] -- Installing: /home/lance/robot/install/my_cobot_interfaces/lib/libmy_cobot_interfaces__rosidl_typesupport_fastrtps_cpp.so
[29.425s] -- Set runtime path of "/home/lance/robot/install/my_cobot_interfaces/lib/libmy_cobot_interfaces__rosidl_typesupport_fastrtps_cpp.so" to ""
[29.426s] -- Installing: /home/lance/robot/install/my_cobot_interfaces/lib/libmy_cobot_interfaces__rosidl_typesupport_introspection_c.so
[29.429s] -- Set runtime path of "/home/lance/robot/install/my_cobot_interfaces/lib/libmy_cobot_interfaces__rosidl_typesupport_introspection_c.so" to ""
[29.430s] -- Installing: /home/lance/robot/install/my_cobot_interfaces/lib/libmy_cobot_interfaces__rosidl_typesupport_c.so
[29.433s] -- Set runtime path of "/home/lance/robot/install/my_cobot_interfaces/lib/libmy_cobot_interfaces__rosidl_typesupport_c.so" to ""
[29.434s] -- Installing: /home/lance/robot/install/my_cobot_interfaces/lib/libmy_cobot_interfaces__rosidl_typesupport_introspection_cpp.so
[29.438s] -- Set runtime path of "/home/lance/robot/install/my_cobot_interfaces/lib/libmy_cobot_interfaces__rosidl_typesupport_introspection_cpp.so" to ""
[29.439s] -- Installing: /home/lance/robot/install/my_cobot_interfaces/lib/libmy_cobot_interfaces__rosidl_typesupport_cpp.so
[29.443s] -- Set runtime path of "/home/lance/robot/install/my_cobot_interfaces/lib/libmy_cobot_interfaces__rosidl_typesupport_cpp.so" to ""
[29.669s] Listing '/home/lance/robot/install/my_cobot_interfaces/local/lib/python3.10/dist-packages/my_cobot_interfaces'...
[29.670s] Listing '/home/lance/robot/install/my_cobot_interfaces/local/lib/python3.10/dist-packages/my_cobot_interfaces/srv'...
[29.671s] Compiling '/home/lance/robot/install/my_cobot_interfaces/local/lib/python3.10/dist-packages/my_cobot_interfaces/srv/__init__.py'...
[29.672s] Compiling '/home/lance/robot/install/my_cobot_interfaces/local/lib/python3.10/dist-packages/my_cobot_interfaces/srv/_get_radians.py'...
[29.674s] Compiling '/home/lance/robot/install/my_cobot_interfaces/local/lib/python3.10/dist-packages/my_cobot_interfaces/srv/_play_pause.py'...
[29.675s] Compiling '/home/lance/robot/install/my_cobot_interfaces/local/lib/python3.10/dist-packages/my_cobot_interfaces/srv/_set_radians.py'...
[29.701s] -- Installing: /home/lance/robot/install/my_cobot_interfaces/lib/libmy_cobot_interfaces__rosidl_generator_py.so
[29.704s] -- Set runtime path of "/home/lance/robot/install/my_cobot_interfaces/lib/libmy_cobot_interfaces__rosidl_generator_py.so" to ""
[29.704s] -- Up-to-date: /home/lance/robot/install/my_cobot_interfaces/share/my_cobot_interfaces/cmake/export_my_cobot_interfaces__rosidl_generator_cExport.cmake
[29.705s] -- Up-to-date: /home/lance/robot/install/my_cobot_interfaces/share/my_cobot_interfaces/cmake/export_my_cobot_interfaces__rosidl_generator_cExport-noconfig.cmake
[29.706s] -- Up-to-date: /home/lance/robot/install/my_cobot_interfaces/share/my_cobot_interfaces/cmake/export_my_cobot_interfaces__rosidl_typesupport_fastrtps_cExport.cmake
[29.706s] -- Up-to-date: /home/lance/robot/install/my_cobot_interfaces/share/my_cobot_interfaces/cmake/export_my_cobot_interfaces__rosidl_typesupport_fastrtps_cExport-noconfig.cmake
[29.708s] -- Up-to-date: /home/lance/robot/install/my_cobot_interfaces/share/my_cobot_interfaces/cmake/export_my_cobot_interfaces__rosidl_generator_cppExport.cmake
[29.709s] -- Up-to-date: /home/lance/robot/install/my_cobot_interfaces/share/my_cobot_interfaces/cmake/export_my_cobot_interfaces__rosidl_typesupport_fastrtps_cppExport.cmake
[29.709s] -- Up-to-date: /home/lance/robot/install/my_cobot_interfaces/share/my_cobot_interfaces/cmake/export_my_cobot_interfaces__rosidl_typesupport_fastrtps_cppExport-noconfig.cmake
[29.710s] -- Up-to-date: /home/lance/robot/install/my_cobot_interfaces/share/my_cobot_interfaces/cmake/my_cobot_interfaces__rosidl_typesupport_introspection_cExport.cmake
[29.711s] -- Up-to-date: /home/lance/robot/install/my_cobot_interfaces/share/my_cobot_interfaces/cmake/my_cobot_interfaces__rosidl_typesupport_introspection_cExport-noconfig.cmake
[29.712s] -- Up-to-date: /home/lance/robot/install/my_cobot_interfaces/share/my_cobot_interfaces/cmake/my_cobot_interfaces__rosidl_typesupport_cExport.cmake
[29.713s] -- Up-to-date: /home/lance/robot/install/my_cobot_interfaces/share/my_cobot_interfaces/cmake/my_cobot_interfaces__rosidl_typesupport_cExport-noconfig.cmake
[29.714s] -- Up-to-date: /home/lance/robot/install/my_cobot_interfaces/share/my_cobot_interfaces/cmake/my_cobot_interfaces__rosidl_typesupport_introspection_cppExport.cmake
[29.715s] -- Up-to-date: /home/lance/robot/install/my_cobot_interfaces/share/my_cobot_interfaces/cmake/my_cobot_interfaces__rosidl_typesupport_introspection_cppExport-noconfig.cmake
[29.716s] -- Up-to-date: /home/lance/robot/install/my_cobot_interfaces/share/my_cobot_interfaces/cmake/my_cobot_interfaces__rosidl_typesupport_cppExport.cmake
[29.716s] -- Up-to-date: /home/lance/robot/install/my_cobot_interfaces/share/my_cobot_interfaces/cmake/my_cobot_interfaces__rosidl_typesupport_cppExport-noconfig.cmake
[29.717s] -- Up-to-date: /home/lance/robot/install/my_cobot_interfaces/share/my_cobot_interfaces/cmake/export_my_cobot_interfaces__rosidl_generator_pyExport.cmake
[29.718s] -- Up-to-date: /home/lance/robot/install/my_cobot_interfaces/share/my_cobot_interfaces/cmake/export_my_cobot_interfaces__rosidl_generator_pyExport-noconfig.cmake
[29.725s] Invoked command in '/home/lance/robot/build/my_cobot_interfaces' returned '0': CMAKE_PREFIX_PATH=${CMAKE_PREFIX_PATH}:/home/lance/robot/install/robot_description:/home/lance/robot/install/controllers:/home/lance/robot/install/motion_planning:/home/lance/robot/install/computer_vision:/home/lance/robot/install/bringup:/opt/ros/humble /usr/bin/cmake --install /home/lance/robot/build/my_cobot_interfaces
