[7.821s] Invoking command in '/home/lance/robot/src/controllers': CMAKE_PREFIX_PATH=/home/lance/robot/install/my_cobot_interfaces:/home/lance/robot/install/moveit_config:/home/lance/robot/install/my_cobot_hardware_interface:/home/lance/moveit2_ws/install LD_LIBRARY_PATH=/home/lance/robot/install/my_cobot_interfaces/lib:/home/lance/robot/install/my_cobot_hardware_interface/lib:/opt/ros/humble/opt/rviz_ogre_vendor/lib:/opt/ros/humble/lib/aarch64-linux-gnu:/opt/ros/humble/lib PYTHONPATH=/home/lance/robot/build/controllers/prefix_override:/home/lance/robot/install/controllers/lib/python3.10/site-packages:${PYTHONPATH} /usr/bin/python3 setup.py egg_info --egg-base ../../build/controllers build --build-base /home/lance/robot/build/controllers/build install --record /home/lance/robot/build/controllers/install.log --single-version-externally-managed
[9.931s] running egg_info
[9.933s] writing ../../build/controllers/controllers.egg-info/PKG-INFO
[9.935s] writing dependency_links to ../../build/controllers/controllers.egg-info/dependency_links.txt
[9.938s] writing entry points to ../../build/controllers/controllers.egg-info/entry_points.txt
[9.940s] writing requirements to ../../build/controllers/controllers.egg-info/requires.txt
[9.942s] writing top-level names to ../../build/controllers/controllers.egg-info/top_level.txt
[9.961s] reading manifest file '../../build/controllers/controllers.egg-info/SOURCES.txt'
[9.966s] writing manifest file '../../build/controllers/controllers.egg-info/SOURCES.txt'
[9.967s] running build
[9.968s] running build_py
[9.971s] copying controllers/joint_state_controller.py -> /home/lance/robot/build/controllers/build/lib/controllers
[9.973s] running install
[9.977s] running install_lib
[9.982s] copying /home/lance/robot/build/controllers/build/lib/controllers/joint_state_controller.py -> /home/lance/robot/install/controllers/lib/python3.10/site-packages/controllers
[9.988s] byte-compiling /home/lance/robot/install/controllers/lib/python3.10/site-packages/controllers/joint_state_controller.py to joint_state_controller.cpython-310.pyc
[9.991s] running install_data
[9.999s] running install_egg_info
[10.010s] removing '/home/lance/robot/install/controllers/lib/python3.10/site-packages/controllers-0.0.0-py3.10.egg-info' (and everything under it)
[10.014s] Copying ../../build/controllers/controllers.egg-info to /home/lance/robot/install/controllers/lib/python3.10/site-packages/controllers-0.0.0-py3.10.egg-info
[10.030s] running install_scripts
[10.141s] Installing follow_trajectory script to /home/lance/robot/install/controllers/lib/controllers
[10.142s] Installing joint_state script to /home/lance/robot/install/controllers/lib/controllers
[10.144s] Installing my_cobot script to /home/lance/robot/install/controllers/lib/controllers
[10.145s] Installing shutdown script to /home/lance/robot/install/controllers/lib/controllers
[10.166s] writing list of installed files to '/home/lance/robot/build/controllers/install.log'
[10.425s] Invoked command in '/home/lance/robot/src/controllers' returned '0': CMAKE_PREFIX_PATH=/home/lance/robot/install/my_cobot_interfaces:/home/lance/robot/install/moveit_config:/home/lance/robot/install/my_cobot_hardware_interface:/home/lance/moveit2_ws/install LD_LIBRARY_PATH=/home/lance/robot/install/my_cobot_interfaces/lib:/home/lance/robot/install/my_cobot_hardware_interface/lib:/opt/ros/humble/opt/rviz_ogre_vendor/lib:/opt/ros/humble/lib/aarch64-linux-gnu:/opt/ros/humble/lib PYTHONPATH=/home/lance/robot/build/controllers/prefix_override:/home/lance/robot/install/controllers/lib/python3.10/site-packages:${PYTHONPATH} /usr/bin/python3 setup.py egg_info --egg-base ../../build/controllers build --build-base /home/lance/robot/build/controllers/build install --record /home/lance/robot/build/controllers/install.log --single-version-externally-managed
