[29.841s] Invoking command in '/home/lance/robot/src/controllers': CMAKE_PREFIX_PATH=/home/lance/robot/install/my_cobot_interfaces:/home/lance/robot/install/moveit_config:/home/lance/robot/install/my_cobot_hardware_interface:/home/lance/moveit2_ws/install LD_LIBRARY_PATH=/home/lance/robot/install/my_cobot_interfaces/lib:/home/lance/robot/install/my_cobot_hardware_interface/lib:/opt/ros/humble/opt/rviz_ogre_vendor/lib:/opt/ros/humble/lib/aarch64-linux-gnu:/opt/ros/humble/lib PYTHONPATH=/home/lance/robot/build/controllers/prefix_override:/home/lance/robot/install/controllers/lib/python3.10/site-packages:${PYTHONPATH} /usr/bin/python3 setup.py egg_info --egg-base ../../build/controllers build --build-base /home/lance/robot/build/controllers/build install --record /home/lance/robot/build/controllers/install.log --single-version-externally-managed
[36.862s] running egg_info
[36.870s] writing ../../build/controllers/controllers.egg-info/PKG-INFO
[36.886s] writing dependency_links to ../../build/controllers/controllers.egg-info/dependency_links.txt
[36.888s] writing entry points to ../../build/controllers/controllers.egg-info/entry_points.txt
[36.904s] writing requirements to ../../build/controllers/controllers.egg-info/requires.txt
[36.923s] writing top-level names to ../../build/controllers/controllers.egg-info/top_level.txt
[36.959s] reading manifest file '../../build/controllers/controllers.egg-info/SOURCES.txt'
[36.976s] writing manifest file '../../build/controllers/controllers.egg-info/SOURCES.txt'
[36.978s] running build
[36.979s] running build_py
[36.990s] running install
[36.997s] running install_lib
[37.041s] running install_data
[37.062s] running install_egg_info
[37.089s] removing '/home/lance/robot/install/controllers/lib/python3.10/site-packages/controllers-0.0.0-py3.10.egg-info' (and everything under it)
[37.096s] Copying ../../build/controllers/controllers.egg-info to /home/lance/robot/install/controllers/lib/python3.10/site-packages/controllers-0.0.0-py3.10.egg-info
[37.122s] running install_scripts
[37.550s] Installing follow_trajectory script to /home/lance/robot/install/controllers/lib/controllers
[37.561s] Installing joint_state script to /home/lance/robot/install/controllers/lib/controllers
[37.569s] Installing my_cobot script to /home/lance/robot/install/controllers/lib/controllers
[37.574s] Installing shutdown script to /home/lance/robot/install/controllers/lib/controllers
[37.586s] writing list of installed files to '/home/lance/robot/build/controllers/install.log'
[38.477s] Invoked command in '/home/lance/robot/src/controllers' returned '0': CMAKE_PREFIX_PATH=/home/lance/robot/install/my_cobot_interfaces:/home/lance/robot/install/moveit_config:/home/lance/robot/install/my_cobot_hardware_interface:/home/lance/moveit2_ws/install LD_LIBRARY_PATH=/home/lance/robot/install/my_cobot_interfaces/lib:/home/lance/robot/install/my_cobot_hardware_interface/lib:/opt/ros/humble/opt/rviz_ogre_vendor/lib:/opt/ros/humble/lib/aarch64-linux-gnu:/opt/ros/humble/lib PYTHONPATH=/home/lance/robot/build/controllers/prefix_override:/home/lance/robot/install/controllers/lib/python3.10/site-packages:${PYTHONPATH} /usr/bin/python3 setup.py egg_info --egg-base ../../build/controllers build --build-base /home/lance/robot/build/controllers/build install --record /home/lance/robot/build/controllers/install.log --single-version-externally-managed
