[7.829s] Invoking command in '/home/lance/robot/src/motion_planning': PYTHONPATH=/home/lance/robot/build/motion_planning/prefix_override:/home/lance/robot/install/motion_planning/lib/python3.10/site-packages:${PYTHONPATH} /usr/bin/python3 setup.py egg_info --egg-base ../../build/motion_planning build --build-base /home/lance/robot/build/motion_planning/build install --record /home/lance/robot/build/motion_planning/install.log --single-version-externally-managed
[9.943s] running egg_info
[9.951s] writing ../../build/motion_planning/motion_planning.egg-info/PKG-INFO
[9.952s] writing dependency_links to ../../build/motion_planning/motion_planning.egg-info/dependency_links.txt
[9.953s] writing entry points to ../../build/motion_planning/motion_planning.egg-info/entry_points.txt
[9.954s] writing requirements to ../../build/motion_planning/motion_planning.egg-info/requires.txt
[9.955s] writing top-level names to ../../build/motion_planning/motion_planning.egg-info/top_level.txt
[9.967s] reading manifest file '../../build/motion_planning/motion_planning.egg-info/SOURCES.txt'
[9.972s] writing manifest file '../../build/motion_planning/motion_planning.egg-info/SOURCES.txt'
[9.972s] running build
[9.973s] running build_py
[9.975s] running install
[9.976s] running install_lib
[9.983s] running install_data
[9.985s] running install_egg_info
[9.994s] removing '/home/lance/robot/install/motion_planning/lib/python3.10/site-packages/motion_planning-0.0.0-py3.10.egg-info' (and everything under it)
[9.996s] Copying ../../build/motion_planning/motion_planning.egg-info to /home/lance/robot/install/motion_planning/lib/python3.10/site-packages/motion_planning-0.0.0-py3.10.egg-info
[10.002s] running install_scripts
[10.107s] Installing mp script to /home/lance/robot/install/motion_planning/lib/motion_planning
[10.109s] writing list of installed files to '/home/lance/robot/build/motion_planning/install.log'
[10.299s] Invoked command in '/home/lance/robot/src/motion_planning' returned '0': PYTHONPATH=/home/lance/robot/build/motion_planning/prefix_override:/home/lance/robot/install/motion_planning/lib/python3.10/site-packages:${PYTHONPATH} /usr/bin/python3 setup.py egg_info --egg-base ../../build/motion_planning build --build-base /home/lance/robot/build/motion_planning/build install --record /home/lance/robot/build/motion_planning/install.log --single-version-externally-managed
