[12.447s] Invoking command in '/home/lance/robot/src/computer_vision': PYTHONPATH=/home/lance/robot/build/computer_vision/prefix_override:/home/lance/robot/install/computer_vision/lib/python3.10/site-packages:${PYTHONPATH} /usr/bin/python3 setup.py egg_info --egg-base ../../build/computer_vision build --build-base /home/lance/robot/build/computer_vision/build install --record /home/lance/robot/build/computer_vision/install.log --single-version-externally-managed
[15.745s] running egg_info
[15.754s] writing ../../build/computer_vision/computer_vision.egg-info/PKG-INFO
[15.774s] writing dependency_links to ../../build/computer_vision/computer_vision.egg-info/dependency_links.txt
[15.777s] writing entry points to ../../build/computer_vision/computer_vision.egg-info/entry_points.txt
[15.787s] writing requirements to ../../build/computer_vision/computer_vision.egg-info/requires.txt
[15.788s] writing top-level names to ../../build/computer_vision/computer_vision.egg-info/top_level.txt
[15.853s] reading manifest file '../../build/computer_vision/computer_vision.egg-info/SOURCES.txt'
[15.878s] writing manifest file '../../build/computer_vision/computer_vision.egg-info/SOURCES.txt'
[15.879s] running build
[15.881s] running build_py
[15.918s] running install
[15.921s] running install_lib
[15.935s] running install_data
[15.942s] running install_egg_info
[15.969s] removing '/home/lance/robot/install/computer_vision/lib/python3.10/site-packages/computer_vision-0.0.0-py3.10.egg-info' (and everything under it)
[15.974s] Copying ../../build/computer_vision/computer_vision.egg-info to /home/lance/robot/install/computer_vision/lib/python3.10/site-packages/computer_vision-0.0.0-py3.10.egg-info
[16.005s] running install_scripts
[16.329s] Installing cv script to /home/lance/robot/install/computer_vision/lib/computer_vision
[16.371s] writing list of installed files to '/home/lance/robot/build/computer_vision/install.log'
[17.040s] Invoked command in '/home/lance/robot/src/computer_vision' returned '0': PYTHONPATH=/home/lance/robot/build/computer_vision/prefix_override:/home/lance/robot/install/computer_vision/lib/python3.10/site-packages:${PYTHONPATH} /usr/bin/python3 setup.py egg_info --egg-base ../../build/computer_vision build --build-base /home/lance/robot/build/computer_vision/build install --record /home/lance/robot/build/computer_vision/install.log --single-version-externally-managed
