[1.684s] Invoking command in '/home/lance/robot/build/description': CMAKE_PREFIX_PATH=${CMAKE_PREFIX_PATH}:/home/lance/robot/install/robot_description:/home/lance/robot/install/controllers:/home/lance/robot/install/motion_planning:/opt/ros/humble /usr/bin/cmake /home/lance/robot/src/description -DCMAKE_INSTALL_PREFIX=/home/lance/robot/install/description
[2.016s] -- The C compiler identification is GNU 11.3.0
[2.339s] -- The CXX compiler identification is GNU 11.3.0
[2.378s] -- Detecting C compiler ABI info
[2.798s] -- Detecting C compiler ABI info - done
[2.831s] -- Check for working C compiler: /usr/bin/cc - skipped
[2.832s] -- Detecting C compile features
[2.834s] -- Detecting C compile features - done
[2.848s] -- Detecting CXX compiler ABI info
[3.296s] -- Detecting CXX compiler ABI info - done
[3.335s] -- Check for working CXX compiler: /usr/bin/c++ - skipped
[3.336s] -- Detecting CXX compile features
[3.339s] -- Detecting CXX compile features - done
[3.372s] -- Found ament_cmake: 1.3.4 (/opt/ros/humble/share/ament_cmake/cmake)
[4.738s] -- Found Python3: /usr/bin/python3.10 (found version "3.10.6") found components: Interpreter 
[5.573s] -- Found ament_lint_auto: 0.12.6 (/opt/ros/humble/share/ament_lint_auto/cmake)
[6.258s] -- Added test 'lint_cmake' to check CMake code style
[6.288s] -- Added test 'xmllint' to check XML markup files
[6.301s] -- Configuring done
[6.322s] -- Generating done
[6.327s] -- Build files have been written to: /home/lance/robot/build/description
[6.346s] Invoked command in '/home/lance/robot/build/description' returned '0': CMAKE_PREFIX_PATH=${CMAKE_PREFIX_PATH}:/home/lance/robot/install/robot_description:/home/lance/robot/install/controllers:/home/lance/robot/install/motion_planning:/opt/ros/humble /usr/bin/cmake /home/lance/robot/src/description -DCMAKE_INSTALL_PREFIX=/home/lance/robot/install/description
[6.359s] Invoking command in '/home/lance/robot/build/description': CMAKE_PREFIX_PATH=${CMAKE_PREFIX_PATH}:/home/lance/robot/install/robot_description:/home/lance/robot/install/controllers:/home/lance/robot/install/motion_planning:/opt/ros/humble /usr/bin/cmake --build /home/lance/robot/build/description -- -j4 -l4
[6.543s] Invoked command in '/home/lance/robot/build/description' returned '0': CMAKE_PREFIX_PATH=${CMAKE_PREFIX_PATH}:/home/lance/robot/install/robot_description:/home/lance/robot/install/controllers:/home/lance/robot/install/motion_planning:/opt/ros/humble /usr/bin/cmake --build /home/lance/robot/build/description -- -j4 -l4
[6.767s] Invoking command in '/home/lance/robot/build/description': CMAKE_PREFIX_PATH=${CMAKE_PREFIX_PATH}:/home/lance/robot/install/robot_description:/home/lance/robot/install/controllers:/home/lance/robot/install/motion_planning:/opt/ros/humble /usr/bin/cmake --install /home/lance/robot/build/description
[6.802s] -- Install configuration: ""
[6.803s] -- Installing: /home/lance/robot/install/description/share/ament_index/resource_index/package_run_dependencies/description
[6.805s] -- Installing: /home/lance/robot/install/description/share/ament_index/resource_index/parent_prefix_path/description
[6.807s] -- Installing: /home/lance/robot/install/description/share/description/environment/ament_prefix_path.sh
[6.809s] -- Installing: /home/lance/robot/install/description/share/description/environment/ament_prefix_path.dsv
[6.810s] -- Installing: /home/lance/robot/install/description/share/description/environment/path.sh
[6.812s] -- Installing: /home/lance/robot/install/description/share/description/environment/path.dsv
[6.813s] -- Installing: /home/lance/robot/install/description/share/description/local_setup.bash
[6.815s] -- Installing: /home/lance/robot/install/description/share/description/local_setup.sh
[6.816s] -- Installing: /home/lance/robot/install/description/share/description/local_setup.zsh
[6.818s] -- Installing: /home/lance/robot/install/description/share/description/local_setup.dsv
[6.820s] -- Installing: /home/lance/robot/install/description/share/description/package.dsv
[6.821s] -- Installing: /home/lance/robot/install/description/share/ament_index/resource_index/packages/description
[6.823s] -- Installing: /home/lance/robot/install/description/share/description/cmake/descriptionConfig.cmake
[6.826s] -- Installing: /home/lance/robot/install/description/share/description/cmake/descriptionConfig-version.cmake
[6.828s] -- Installing: /home/lance/robot/install/description/share/description/package.xml
[6.860s] Invoked command in '/home/lance/robot/build/description' returned '0': CMAKE_PREFIX_PATH=${CMAKE_PREFIX_PATH}:/home/lance/robot/install/robot_description:/home/lance/robot/install/controllers:/home/lance/robot/install/motion_planning:/opt/ros/humble /usr/bin/cmake --install /home/lance/robot/build/description
