[0.270s] Invoking command in '/home/lance/robot/build/description': CMAKE_PREFIX_PATH=${CMAKE_PREFIX_PATH}:/home/lance/robot/install/robot_description:/home/lance/robot/install/motion_planning:/opt/ros/humble /usr/bin/cmake --build /home/lance/robot/build/description -- -j4 -l4
[1.853s] Invoked command in '/home/lance/robot/build/description' returned '0': CMAKE_PREFIX_PATH=${CMAKE_PREFIX_PATH}:/home/lance/robot/install/robot_description:/home/lance/robot/install/motion_planning:/opt/ros/humble /usr/bin/cmake --build /home/lance/robot/build/description -- -j4 -l4
[3.493s] Invoking command in '/home/lance/robot/build/description': CMAKE_PREFIX_PATH=${CMAKE_PREFIX_PATH}:/home/lance/robot/install/robot_description:/home/lance/robot/install/motion_planning:/opt/ros/humble /usr/bin/cmake --install /home/lance/robot/build/description
[3.553s] -- Install configuration: ""
[3.554s] -- Up-to-date: /home/lance/robot/install/description/share/ament_index/resource_index/package_run_dependencies/description
[3.554s] -- Up-to-date: /home/lance/robot/install/description/share/ament_index/resource_index/parent_prefix_path/description
[3.555s] -- Up-to-date: /home/lance/robot/install/description/share/description/environment/ament_prefix_path.sh
[3.556s] -- Up-to-date: /home/lance/robot/install/description/share/description/environment/ament_prefix_path.dsv
[3.557s] -- Up-to-date: /home/lance/robot/install/description/share/description/environment/path.sh
[3.558s] -- Up-to-date: /home/lance/robot/install/description/share/description/environment/path.dsv
[3.559s] -- Up-to-date: /home/lance/robot/install/description/share/description/local_setup.bash
[3.560s] -- Up-to-date: /home/lance/robot/install/description/share/description/local_setup.sh
[3.561s] -- Up-to-date: /home/lance/robot/install/description/share/description/local_setup.zsh
[3.562s] -- Up-to-date: /home/lance/robot/install/description/share/description/local_setup.dsv
[3.563s] -- Installing: /home/lance/robot/install/description/share/description/package.dsv
[3.564s] -- Up-to-date: /home/lance/robot/install/description/share/ament_index/resource_index/packages/description
[3.565s] -- Up-to-date: /home/lance/robot/install/description/share/description/cmake/descriptionConfig.cmake
[3.565s] -- Up-to-date: /home/lance/robot/install/description/share/description/cmake/descriptionConfig-version.cmake
[3.566s] -- Up-to-date: /home/lance/robot/install/description/share/description/package.xml
[3.583s] Invoked command in '/home/lance/robot/build/description' returned '0': CMAKE_PREFIX_PATH=${CMAKE_PREFIX_PATH}:/home/lance/robot/install/robot_description:/home/lance/robot/install/motion_planning:/opt/ros/humble /usr/bin/cmake --install /home/lance/robot/build/description
