[5.496s] Invoking command in '/home/lance/robot/build/motion_planning': PYTHONPATH=/home/lance/robot/build/motion_planning/prefix_override:/home/lance/robot/install/motion_planning/lib/python3.10/site-packages:${PYTHONPATH} /usr/bin/python3 setup.py develop --uninstall --editable --build-directory /home/lance/robot/build/motion_planning/build
[8.137s] running develop
[9.971s] Removing /home/lance/robot/install/motion_planning/lib/python3.10/site-packages/motion-planning.egg-link (link to .)
[10.171s] Invoked command in '/home/lance/robot/build/motion_planning' returned '0': PYTHONPATH=/home/lance/robot/build/motion_planning/prefix_override:/home/lance/robot/install/motion_planning/lib/python3.10/site-packages:${PYTHONPATH} /usr/bin/python3 setup.py develop --uninstall --editable --build-directory /home/lance/robot/build/motion_planning/build
[10.180s] Invoking command in '/home/lance/robot/src/motion_planning': PYTHONPATH=/home/lance/robot/build/motion_planning/prefix_override:/home/lance/robot/install/motion_planning/lib/python3.10/site-packages:${PYTHONPATH} /usr/bin/python3 setup.py egg_info --egg-base ../../build/motion_planning build --build-base /home/lance/robot/build/motion_planning/build install --record /home/lance/robot/build/motion_planning/install.log --single-version-externally-managed
[11.908s] running egg_info
[11.911s] writing ../../build/motion_planning/motion_planning.egg-info/PKG-INFO
[11.913s] writing dependency_links to ../../build/motion_planning/motion_planning.egg-info/dependency_links.txt
[11.914s] writing entry points to ../../build/motion_planning/motion_planning.egg-info/entry_points.txt
[11.918s] writing requirements to ../../build/motion_planning/motion_planning.egg-info/requires.txt
[11.918s] writing top-level names to ../../build/motion_planning/motion_planning.egg-info/top_level.txt
[11.928s] reading manifest file '../../build/motion_planning/motion_planning.egg-info/SOURCES.txt'
[11.940s] writing manifest file '../../build/motion_planning/motion_planning.egg-info/SOURCES.txt'
[11.941s] running build
[11.942s] running build_py
[11.942s] creating /home/lance/robot/build/motion_planning/build
[11.943s] creating /home/lance/robot/build/motion_planning/build/lib
[11.943s] creating /home/lance/robot/build/motion_planning/build/lib/motion_planning
[11.944s] copying motion_planning/motion_planning.py -> /home/lance/robot/build/motion_planning/build/lib/motion_planning
[11.945s] copying motion_planning/__init__.py -> /home/lance/robot/build/motion_planning/build/lib/motion_planning
[11.946s] running install
[11.947s] running install_lib
[11.953s] running install_data
[11.958s] running install_egg_info
[11.969s] removing '/home/lance/robot/install/motion_planning/lib/python3.10/site-packages/motion_planning-0.0.0-py3.10.egg-info' (and everything under it)
[11.971s] Copying ../../build/motion_planning/motion_planning.egg-info to /home/lance/robot/install/motion_planning/lib/python3.10/site-packages/motion_planning-0.0.0-py3.10.egg-info
[11.980s] running install_scripts
[12.080s] Installing mp script to /home/lance/robot/install/motion_planning/lib/motion_planning
[12.082s] writing list of installed files to '/home/lance/robot/build/motion_planning/install.log'
[12.282s] Invoked command in '/home/lance/robot/src/motion_planning' returned '0': PYTHONPATH=/home/lance/robot/build/motion_planning/prefix_override:/home/lance/robot/install/motion_planning/lib/python3.10/site-packages:${PYTHONPATH} /usr/bin/python3 setup.py egg_info --egg-base ../../build/motion_planning build --build-base /home/lance/robot/build/motion_planning/build install --record /home/lance/robot/build/motion_planning/install.log --single-version-externally-managed
