[4.833s] Invoking command in '/home/lance/robot/src/controllers': CMAKE_PREFIX_PATH=/home/lance/robot/install/my_cobot_interfaces:/home/lance/robot/install/moveit_config:/home/lance/robot/install/my_cobot_hardware_interface:/home/lance/moveit2_ws/install LD_LIBRARY_PATH=/home/lance/robot/install/my_cobot_interfaces/lib:/home/lance/robot/install/my_cobot_hardware_interface/lib:/opt/ros/humble/opt/rviz_ogre_vendor/lib:/opt/ros/humble/lib/aarch64-linux-gnu:/opt/ros/humble/lib PYTHONPATH=/home/lance/robot/build/controllers/prefix_override:/home/lance/robot/install/controllers/lib/python3.10/site-packages:${PYTHONPATH} /usr/bin/python3 setup.py egg_info --egg-base ../../build/controllers build --build-base /home/lance/robot/build/controllers/build install --record /home/lance/robot/build/controllers/install.log --single-version-externally-managed
[6.362s] running egg_info
[6.364s] writing ../../build/controllers/controllers.egg-info/PKG-INFO
[6.365s] writing dependency_links to ../../build/controllers/controllers.egg-info/dependency_links.txt
[6.366s] writing entry points to ../../build/controllers/controllers.egg-info/entry_points.txt
[6.367s] writing requirements to ../../build/controllers/controllers.egg-info/requires.txt
[6.368s] writing top-level names to ../../build/controllers/controllers.egg-info/top_level.txt
[6.380s] reading manifest file '../../build/controllers/controllers.egg-info/SOURCES.txt'
[6.384s] writing manifest file '../../build/controllers/controllers.egg-info/SOURCES.txt'
[6.385s] running build
[6.385s] running build_py
[6.388s] running install
[6.390s] running install_lib
[6.401s] running install_data
[6.403s] running install_egg_info
[6.411s] removing '/home/lance/robot/install/controllers/lib/python3.10/site-packages/controllers-0.0.0-py3.10.egg-info' (and everything under it)
[6.413s] Copying ../../build/controllers/controllers.egg-info to /home/lance/robot/install/controllers/lib/python3.10/site-packages/controllers-0.0.0-py3.10.egg-info
[6.419s] running install_scripts
[6.512s] Installing follow_trajectory script to /home/lance/robot/install/controllers/lib/controllers
[6.513s] Installing joint_state script to /home/lance/robot/install/controllers/lib/controllers
[6.514s] Installing my_cobot script to /home/lance/robot/install/controllers/lib/controllers
[6.515s] Installing shutdown script to /home/lance/robot/install/controllers/lib/controllers
[6.518s] writing list of installed files to '/home/lance/robot/build/controllers/install.log'
[6.695s] Invoked command in '/home/lance/robot/src/controllers' returned '0': CMAKE_PREFIX_PATH=/home/lance/robot/install/my_cobot_interfaces:/home/lance/robot/install/moveit_config:/home/lance/robot/install/my_cobot_hardware_interface:/home/lance/moveit2_ws/install LD_LIBRARY_PATH=/home/lance/robot/install/my_cobot_interfaces/lib:/home/lance/robot/install/my_cobot_hardware_interface/lib:/opt/ros/humble/opt/rviz_ogre_vendor/lib:/opt/ros/humble/lib/aarch64-linux-gnu:/opt/ros/humble/lib PYTHONPATH=/home/lance/robot/build/controllers/prefix_override:/home/lance/robot/install/controllers/lib/python3.10/site-packages:${PYTHONPATH} /usr/bin/python3 setup.py egg_info --egg-base ../../build/controllers build --build-base /home/lance/robot/build/controllers/build install --record /home/lance/robot/build/controllers/install.log --single-version-externally-managed
