[8.595s] Invoking command in '/home/lance/robot/src/motion_planning': PYTHONPATH=/home/lance/robot/build/motion_planning/prefix_override:/home/lance/robot/install/motion_planning/lib/python3.10/site-packages:${PYTHONPATH} /usr/bin/python3 setup.py egg_info --egg-base ../../build/motion_planning build --build-base /home/lance/robot/build/motion_planning/build install --record /home/lance/robot/build/motion_planning/install.log --single-version-externally-managed
[10.879s] running egg_info
[10.886s] writing ../../build/motion_planning/motion_planning.egg-info/PKG-INFO
[10.888s] writing dependency_links to ../../build/motion_planning/motion_planning.egg-info/dependency_links.txt
[10.890s] writing entry points to ../../build/motion_planning/motion_planning.egg-info/entry_points.txt
[10.891s] writing requirements to ../../build/motion_planning/motion_planning.egg-info/requires.txt
[10.892s] writing top-level names to ../../build/motion_planning/motion_planning.egg-info/top_level.txt
[10.905s] reading manifest file '../../build/motion_planning/motion_planning.egg-info/SOURCES.txt'
[10.911s] writing manifest file '../../build/motion_planning/motion_planning.egg-info/SOURCES.txt'
[10.912s] running build
[10.912s] running build_py
[10.915s] running install
[10.916s] running install_lib
[10.923s] running install_data
[10.926s] running install_egg_info
[10.935s] removing '/home/lance/robot/install/motion_planning/lib/python3.10/site-packages/motion_planning-0.0.0-py3.10.egg-info' (and everything under it)
[10.937s] Copying ../../build/motion_planning/motion_planning.egg-info to /home/lance/robot/install/motion_planning/lib/python3.10/site-packages/motion_planning-0.0.0-py3.10.egg-info
[10.946s] running install_scripts
[11.067s] Installing mp script to /home/lance/robot/install/motion_planning/lib/motion_planning
[11.071s] writing list of installed files to '/home/lance/robot/build/motion_planning/install.log'
[11.290s] Invoked command in '/home/lance/robot/src/motion_planning' returned '0': PYTHONPATH=/home/lance/robot/build/motion_planning/prefix_override:/home/lance/robot/install/motion_planning/lib/python3.10/site-packages:${PYTHONPATH} /usr/bin/python3 setup.py egg_info --egg-base ../../build/motion_planning build --build-base /home/lance/robot/build/motion_planning/build install --record /home/lance/robot/build/motion_planning/install.log --single-version-externally-managed
