-- Found ament_cmake: 1.3.5 (/opt/ros/humble/share/ament_cmake/cmake)
-- Found hardware_interface: 2.28.0 (/opt/ros/humble/share/hardware_interface/cmake)
-- Found rosidl_generator_c: 3.1.4 (/opt/ros/humble/share/rosidl_generator_c/cmake)
-- Found rosidl_adapter: 3.1.4 (/opt/ros/humble/share/rosidl_adapter/cmake)
-- Found rosidl_generator_cpp: 3.1.4 (/opt/ros/humble/share/rosidl_generator_cpp/cmake)
-- Using all available rosidl_typesupport_c: rosidl_typesupport_fastrtps_c;rosidl_typesupport_introspection_c
-- Using all available rosidl_typesupport_cpp: rosidl_typesupport_fastrtps_cpp;rosidl_typesupport_introspection_cpp
-- Found rmw_implementation_cmake: 6.1.1 (/opt/ros/humble/share/rmw_implementation_cmake/cmake)
-- Found rmw_cyclonedds_cpp: 1.3.4 (/opt/ros/humble/share/rmw_cyclonedds_cpp/cmake)
-- Using RMW implementation 'rmw_cyclonedds_cpp' as default
-- Found my_cobot_interfaces: 0.0.0 (/home/lance/robot/install/my_cobot_interfaces/share/my_cobot_interfaces/cmake)
-- Configuring done
-- Generating done
-- Build files have been written to: /home/lance/robot/build/my_cobot_hardware_interface
[35m[1mConsolidate compiler generated dependencies of target my_cobot_hardware_interface[0m
[ 50%] [32mBuilding CXX object CMakeFiles/my_cobot_hardware_interface.dir/src/MyCobotHardwareInterface.cpp.o[0m
[100%] [32m[1mLinking CXX shared library libmy_cobot_hardware_interface.so[0m
[100%] Built target my_cobot_hardware_interface
-- Install configuration: ""
-- Up-to-date: /home/lance/robot/install/my_cobot_hardware_interface/share/my_cobot_hardware_interface/my_cobot_hardware_interface.xml
-- Up-to-date: /home/lance/robot/install/my_cobot_hardware_interface/include
-- Up-to-date: /home/lance/robot/install/my_cobot_hardware_interface/include/my_cobot_hardware_interface
-- Up-to-date: /home/lance/robot/install/my_cobot_hardware_interface/include/my_cobot_hardware_interface/MyCobotHardwareInterface.hpp
-- Up-to-date: /home/lance/robot/install/my_cobot_hardware_interface/share/my_cobot_hardware_interface/environment/library_path.sh
-- Installing: /home/lance/robot/install/my_cobot_hardware_interface/share/my_cobot_hardware_interface/environment/library_path.dsv
-- Installing: /home/lance/robot/install/my_cobot_hardware_interface/lib/libmy_cobot_hardware_interface.so
-- Set runtime path of "/home/lance/robot/install/my_cobot_hardware_interface/lib/libmy_cobot_hardware_interface.so" to ""
-- Up-to-date: /home/lance/robot/install/my_cobot_hardware_interface/share/ament_index/resource_index/package_run_dependencies/my_cobot_hardware_interface
-- Installing: /home/lance/robot/install/my_cobot_hardware_interface/share/ament_index/resource_index/parent_prefix_path/my_cobot_hardware_interface
-- Up-to-date: /home/lance/robot/install/my_cobot_hardware_interface/share/my_cobot_hardware_interface/environment/ament_prefix_path.sh
-- Installing: /home/lance/robot/install/my_cobot_hardware_interface/share/my_cobot_hardware_interface/environment/ament_prefix_path.dsv
-- Up-to-date: /home/lance/robot/install/my_cobot_hardware_interface/share/my_cobot_hardware_interface/environment/path.sh
-- Installing: /home/lance/robot/install/my_cobot_hardware_interface/share/my_cobot_hardware_interface/environment/path.dsv
-- Up-to-date: /home/lance/robot/install/my_cobot_hardware_interface/share/my_cobot_hardware_interface/local_setup.bash
-- Up-to-date: /home/lance/robot/install/my_cobot_hardware_interface/share/my_cobot_hardware_interface/local_setup.sh
-- Up-to-date: /home/lance/robot/install/my_cobot_hardware_interface/share/my_cobot_hardware_interface/local_setup.zsh
-- Installing: /home/lance/robot/install/my_cobot_hardware_interface/share/my_cobot_hardware_interface/local_setup.dsv
-- Installing: /home/lance/robot/install/my_cobot_hardware_interface/share/my_cobot_hardware_interface/package.dsv
-- Up-to-date: /home/lance/robot/install/my_cobot_hardware_interface/share/ament_index/resource_index/packages/my_cobot_hardware_interface
-- Up-to-date: /home/lance/robot/install/my_cobot_hardware_interface/share/ament_index/resource_index/hardware_interface__pluginlib__plugin/my_cobot_hardware_interface
-- Up-to-date: /home/lance/robot/install/my_cobot_hardware_interface/share/my_cobot_hardware_interface/cmake/ament_cmake_export_libraries-extras.cmake
-- Up-to-date: /home/lance/robot/install/my_cobot_hardware_interface/share/my_cobot_hardware_interface/cmake/my_cobot_hardware_interfaceConfig.cmake
-- Up-to-date: /home/lance/robot/install/my_cobot_hardware_interface/share/my_cobot_hardware_interface/cmake/my_cobot_hardware_interfaceConfig-version.cmake
-- Up-to-date: /home/lance/robot/install/my_cobot_hardware_interface/share/my_cobot_hardware_interface/package.xml
