[0.223s] Invoking command in '/home/lance/robot/build/moveit_config': AMENT_PREFIX_PATH=/home/lance/robot/install/robot_description:/home/lance/robot/install/moveit_config:/home/lance/robot/install/my_cobot_hardware_interface:/home/lance/robot/install/coord_controller:/home/lance/robot/install/controllers:/home/lance/robot/install/my_cobot_interfaces:/home/lance/robot/install/motion_planning:/home/lance/robot/install/bringup:/home/lance/moveit2_ws/install:/opt/ros/humble CMAKE_PREFIX_PATH=/home/lance/robot/install/my_cobot_hardware_interface:/home/lance/robot/install/my_cobot_interfaces:/home/lance/robot/install/moveit_config:/home/lance/moveit2_ws/install:/home/lance/robot/install/robot_description:/home/lance/robot/install/coord_controller:/home/lance/robot/install/controllers:/home/lance/robot/install/motion_planning:/home/lance/robot/install/bringup:/opt/ros/humble /usr/bin/cmake --build /home/lance/robot/build/moveit_config -- -j4 -l4
[0.691s] Invoked command in '/home/lance/robot/build/moveit_config' returned '0': AMENT_PREFIX_PATH=/home/lance/robot/install/robot_description:/home/lance/robot/install/moveit_config:/home/lance/robot/install/my_cobot_hardware_interface:/home/lance/robot/install/coord_controller:/home/lance/robot/install/controllers:/home/lance/robot/install/my_cobot_interfaces:/home/lance/robot/install/motion_planning:/home/lance/robot/install/bringup:/home/lance/moveit2_ws/install:/opt/ros/humble CMAKE_PREFIX_PATH=/home/lance/robot/install/my_cobot_hardware_interface:/home/lance/robot/install/my_cobot_interfaces:/home/lance/robot/install/moveit_config:/home/lance/moveit2_ws/install:/home/lance/robot/install/robot_description:/home/lance/robot/install/coord_controller:/home/lance/robot/install/controllers:/home/lance/robot/install/motion_planning:/home/lance/robot/install/bringup:/opt/ros/humble /usr/bin/cmake --build /home/lance/robot/build/moveit_config -- -j4 -l4
[0.864s] Invoking command in '/home/lance/robot/build/moveit_config': AMENT_PREFIX_PATH=/home/lance/robot/install/robot_description:/home/lance/robot/install/moveit_config:/home/lance/robot/install/my_cobot_hardware_interface:/home/lance/robot/install/coord_controller:/home/lance/robot/install/controllers:/home/lance/robot/install/my_cobot_interfaces:/home/lance/robot/install/motion_planning:/home/lance/robot/install/bringup:/home/lance/moveit2_ws/install:/opt/ros/humble CMAKE_PREFIX_PATH=/home/lance/robot/install/my_cobot_hardware_interface:/home/lance/robot/install/my_cobot_interfaces:/home/lance/robot/install/moveit_config:/home/lance/moveit2_ws/install:/home/lance/robot/install/robot_description:/home/lance/robot/install/coord_controller:/home/lance/robot/install/controllers:/home/lance/robot/install/motion_planning:/home/lance/robot/install/bringup:/opt/ros/humble /usr/bin/cmake --install /home/lance/robot/build/moveit_config
[0.901s] -- Install configuration: ""
[0.903s] -- Up-to-date: /home/lance/robot/install/moveit_config/share/ament_index/resource_index/package_run_dependencies/moveit_config
[0.904s] -- Up-to-date: /home/lance/robot/install/moveit_config/share/ament_index/resource_index/parent_prefix_path/moveit_config
[0.906s] -- Up-to-date: /home/lance/robot/install/moveit_config/share/moveit_config/environment/ament_prefix_path.sh
[0.908s] -- Up-to-date: /home/lance/robot/install/moveit_config/share/moveit_config/environment/ament_prefix_path.dsv
[0.909s] -- Up-to-date: /home/lance/robot/install/moveit_config/share/moveit_config/environment/path.sh
[0.910s] -- Up-to-date: /home/lance/robot/install/moveit_config/share/moveit_config/environment/path.dsv
[0.912s] -- Up-to-date: /home/lance/robot/install/moveit_config/share/moveit_config/local_setup.bash
[0.913s] -- Up-to-date: /home/lance/robot/install/moveit_config/share/moveit_config/local_setup.sh
[0.914s] -- Up-to-date: /home/lance/robot/install/moveit_config/share/moveit_config/local_setup.zsh
[0.916s] -- Up-to-date: /home/lance/robot/install/moveit_config/share/moveit_config/local_setup.dsv
[0.917s] -- Up-to-date: /home/lance/robot/install/moveit_config/share/moveit_config/package.dsv
[0.918s] -- Up-to-date: /home/lance/robot/install/moveit_config/share/ament_index/resource_index/packages/moveit_config
[0.920s] -- Up-to-date: /home/lance/robot/install/moveit_config/share/moveit_config/cmake/moveit_configConfig.cmake
[0.921s] -- Up-to-date: /home/lance/robot/install/moveit_config/share/moveit_config/cmake/moveit_configConfig-version.cmake
[0.922s] -- Up-to-date: /home/lance/robot/install/moveit_config/share/moveit_config/package.xml
[0.924s] -- Up-to-date: /home/lance/robot/install/moveit_config/share/moveit_config/launch
[0.925s] -- Up-to-date: /home/lance/robot/install/moveit_config/share/moveit_config/launch/moveit.launch.py
[0.926s] -- Up-to-date: /home/lance/robot/install/moveit_config/share/moveit_config/launch/static_virtual_joint_tfs.launch.py
[0.927s] -- Up-to-date: /home/lance/robot/install/moveit_config/share/moveit_config/launch/demo.launch.py
[0.928s] -- Up-to-date: /home/lance/robot/install/moveit_config/share/moveit_config/launch/warehouse_db.launch.py
[0.929s] -- Up-to-date: /home/lance/robot/install/moveit_config/share/moveit_config/launch/moveit_rviz.launch.py
[0.930s] -- Up-to-date: /home/lance/robot/install/moveit_config/share/moveit_config/launch/setup_assistant.launch.py
[0.931s] -- Up-to-date: /home/lance/robot/install/moveit_config/share/moveit_config/launch/spawn_controllers.launch.py
[0.943s] -- Up-to-date: /home/lance/robot/install/moveit_config/share/moveit_config/launch/move_group.launch.py
[0.943s] -- Up-to-date: /home/lance/robot/install/moveit_config/share/moveit_config/launch/rsp.launch.py
[0.943s] -- Up-to-date: /home/lance/robot/install/moveit_config/share/moveit_config/config
[0.944s] -- Up-to-date: /home/lance/robot/install/moveit_config/share/moveit_config/config/moveit_controllers.yaml
[0.944s] -- Up-to-date: /home/lance/robot/install/moveit_config/share/moveit_config/config/mycobot_ai.srdf
[0.945s] -- Up-to-date: /home/lance/robot/install/moveit_config/share/moveit_config/config/kinematics.yaml
[0.946s] -- Up-to-date: /home/lance/robot/install/moveit_config/share/moveit_config/config/pilz_cartesian_limits.yaml
[0.947s] -- Up-to-date: /home/lance/robot/install/moveit_config/share/moveit_config/config/mycobot_ai.ros2_control.xacro
[0.947s] -- Up-to-date: /home/lance/robot/install/moveit_config/share/moveit_config/config/joint_limits.yaml
[0.947s] -- Up-to-date: /home/lance/robot/install/moveit_config/share/moveit_config/config/mycobot_ai.urdf.xacro
[0.948s] -- Up-to-date: /home/lance/robot/install/moveit_config/share/moveit_config/config/initial_positions.yaml
[0.948s] -- Up-to-date: /home/lance/robot/install/moveit_config/share/moveit_config/config/moveit.rviz
[0.949s] -- Up-to-date: /home/lance/robot/install/moveit_config/share/moveit_config/config/ros2_controllers.yaml
[0.949s] -- Up-to-date: /home/lance/robot/install/moveit_config/share/moveit_config/config/sensors_3d.yaml
[0.950s] -- Up-to-date: /home/lance/robot/install/moveit_config/share/moveit_config/.setup_assistant
[0.967s] Invoked command in '/home/lance/robot/build/moveit_config' returned '0': AMENT_PREFIX_PATH=/home/lance/robot/install/robot_description:/home/lance/robot/install/moveit_config:/home/lance/robot/install/my_cobot_hardware_interface:/home/lance/robot/install/coord_controller:/home/lance/robot/install/controllers:/home/lance/robot/install/my_cobot_interfaces:/home/lance/robot/install/motion_planning:/home/lance/robot/install/bringup:/home/lance/moveit2_ws/install:/opt/ros/humble CMAKE_PREFIX_PATH=/home/lance/robot/install/my_cobot_hardware_interface:/home/lance/robot/install/my_cobot_interfaces:/home/lance/robot/install/moveit_config:/home/lance/moveit2_ws/install:/home/lance/robot/install/robot_description:/home/lance/robot/install/coord_controller:/home/lance/robot/install/controllers:/home/lance/robot/install/motion_planning:/home/lance/robot/install/bringup:/opt/ros/humble /usr/bin/cmake --install /home/lance/robot/build/moveit_config
