running develop
running egg_info
writing ../../build/coord_controller/coord_controller.egg-info/PKG-INFO
writing dependency_links to ../../build/coord_controller/coord_controller.egg-info/dependency_links.txt
writing entry points to ../../build/coord_controller/coord_controller.egg-info/entry_points.txt
writing requirements to ../../build/coord_controller/coord_controller.egg-info/requires.txt
writing top-level names to ../../build/coord_controller/coord_controller.egg-info/top_level.txt
reading manifest file '../../build/coord_controller/coord_controller.egg-info/SOURCES.txt'
writing manifest file '../../build/coord_controller/coord_controller.egg-info/SOURCES.txt'
running build
running build_py
running install
running install_lib
running install_data
running install_egg_info
removing '/home/lance/robot/install/coord_controller/lib/python3.10/site-packages/coord_controller-0.0.0-py3.10.egg-info' (and everything under it)
Copying ../../build/coord_controller/coord_controller.egg-info to /home/lance/robot/install/coord_controller/lib/python3.10/site-packages/coord_controller-0.0.0-py3.10.egg-info
running install_scripts
Installing my_cobot script to /home/lance/robot/install/coord_controller/lib/coord_controller
Installing state_machine script to /home/lance/robot/install/coord_controller/lib/coord_controller
writing list of installed files to '/home/lance/robot/build/coord_controller/install.log'
