[5.466s] Invoking command in '/home/lance/robot/src/controllers': CMAKE_PREFIX_PATH=/home/lance/robot/install/my_cobot_interfaces:/home/lance/robot/install/moveit_config:/home/lance/robot/install/my_cobot_hardware_interface:/home/lance/moveit2_ws/install LD_LIBRARY_PATH=/home/lance/robot/install/my_cobot_interfaces/lib:/home/lance/robot/install/my_cobot_hardware_interface/lib:/opt/ros/humble/opt/rviz_ogre_vendor/lib:/opt/ros/humble/lib/aarch64-linux-gnu:/opt/ros/humble/lib PYTHONPATH=/home/lance/robot/build/controllers/prefix_override:/home/lance/robot/install/controllers/lib/python3.10/site-packages:${PYTHONPATH} /usr/bin/python3 setup.py egg_info --egg-base ../../build/controllers build --build-base /home/lance/robot/build/controllers/build install --record /home/lance/robot/build/controllers/install.log --single-version-externally-managed
[6.971s] running egg_info
[6.973s] writing ../../build/controllers/controllers.egg-info/PKG-INFO
[6.974s] writing dependency_links to ../../build/controllers/controllers.egg-info/dependency_links.txt
[6.975s] writing entry points to ../../build/controllers/controllers.egg-info/entry_points.txt
[6.976s] writing requirements to ../../build/controllers/controllers.egg-info/requires.txt
[6.977s] writing top-level names to ../../build/controllers/controllers.egg-info/top_level.txt
[6.988s] reading manifest file '../../build/controllers/controllers.egg-info/SOURCES.txt'
[6.992s] writing manifest file '../../build/controllers/controllers.egg-info/SOURCES.txt'
[6.993s] running build
[6.993s] running build_py
[6.995s] running install
[6.997s] running install_lib
[7.004s] running install_data
[7.007s] running install_egg_info
[7.026s] removing '/home/lance/robot/install/controllers/lib/python3.10/site-packages/controllers-0.0.0-py3.10.egg-info' (and everything under it)
[7.028s] Copying ../../build/controllers/controllers.egg-info to /home/lance/robot/install/controllers/lib/python3.10/site-packages/controllers-0.0.0-py3.10.egg-info
[7.040s] running install_scripts
[7.124s] Installing follow_trajectory script to /home/lance/robot/install/controllers/lib/controllers
[7.125s] Installing joint_state script to /home/lance/robot/install/controllers/lib/controllers
[7.126s] Installing my_cobot script to /home/lance/robot/install/controllers/lib/controllers
[7.127s] Installing shutdown script to /home/lance/robot/install/controllers/lib/controllers
[7.130s] writing list of installed files to '/home/lance/robot/build/controllers/install.log'
