[10.784s] Invoking command in '/home/lance/robot/src/bringup': PYTHONPATH=/home/lance/robot/build/bringup/prefix_override:/home/lance/robot/install/bringup/lib/python3.10/site-packages:${PYTHONPATH} /usr/bin/python3 setup.py egg_info --egg-base ../../build/bringup build --build-base /home/lance/robot/build/bringup/build install --record /home/lance/robot/build/bringup/install.log --single-version-externally-managed
[13.202s] running egg_info
[13.213s] writing ../../build/bringup/bringup.egg-info/PKG-INFO
[13.218s] writing dependency_links to ../../build/bringup/bringup.egg-info/dependency_links.txt
[13.221s] writing entry points to ../../build/bringup/bringup.egg-info/entry_points.txt
[13.228s] writing requirements to ../../build/bringup/bringup.egg-info/requires.txt
[13.230s] writing top-level names to ../../build/bringup/bringup.egg-info/top_level.txt
[13.262s] reading manifest file '../../build/bringup/bringup.egg-info/SOURCES.txt'
[13.280s] writing manifest file '../../build/bringup/bringup.egg-info/SOURCES.txt'
[13.281s] running build
[13.282s] running build_py
[13.285s] running install
[13.293s] running install_lib
[13.297s] running install_data
[13.300s] running install_egg_info
[13.310s] removing '/home/lance/robot/install/bringup/lib/python3.10/site-packages/bringup-0.0.0-py3.10.egg-info' (and everything under it)
[13.313s] Copying ../../build/bringup/bringup.egg-info to /home/lance/robot/install/bringup/lib/python3.10/site-packages/bringup-0.0.0-py3.10.egg-info
[13.323s] running install_scripts
[13.520s] writing list of installed files to '/home/lance/robot/build/bringup/install.log'
[14.032s] Invoked command in '/home/lance/robot/src/bringup' returned '0': PYTHONPATH=/home/lance/robot/build/bringup/prefix_override:/home/lance/robot/install/bringup/lib/python3.10/site-packages:${PYTHONPATH} /usr/bin/python3 setup.py egg_info --egg-base ../../build/bringup build --build-base /home/lance/robot/build/bringup/build install --record /home/lance/robot/build/bringup/install.log --single-version-externally-managed
