[5.855s] Invoking command in '/home/lance/robot/src/robot_description': PYTHONPATH=/home/lance/robot/build/robot_description/prefix_override:/home/lance/robot/install/robot_description/lib/python3.10/site-packages:${PYTHONPATH} /usr/bin/python3 setup.py egg_info --egg-base ../../build/robot_description build --build-base /home/lance/robot/build/robot_description/build install --record /home/lance/robot/build/robot_description/install.log --single-version-externally-managed
[7.506s] running egg_info
[7.509s] writing ../../build/robot_description/robot_description.egg-info/PKG-INFO
[7.510s] writing dependency_links to ../../build/robot_description/robot_description.egg-info/dependency_links.txt
[7.511s] writing entry points to ../../build/robot_description/robot_description.egg-info/entry_points.txt
[7.512s] writing requirements to ../../build/robot_description/robot_description.egg-info/requires.txt
[7.514s] writing top-level names to ../../build/robot_description/robot_description.egg-info/top_level.txt
[7.530s] reading manifest file '../../build/robot_description/robot_description.egg-info/SOURCES.txt'
[7.535s] writing manifest file '../../build/robot_description/robot_description.egg-info/SOURCES.txt'
[7.536s] running build
[7.537s] running build_py
[7.538s] running install
[7.539s] /usr/lib/python3/dist-packages/setuptools/command/install.py:34: SetuptoolsDeprecationWarning: setup.py install is deprecated. Use build and pip and other standards-based tools.
[7.540s]   warnings.warn(
[7.541s] running install_lib
[7.549s] running install_data
[7.553s] copying urdf/mycobot_with_vision_v2.urdf -> /home/lance/robot/install/robot_description/share/robot_description/urdf
[7.557s] copying urdf/SuctionPumpMeters.STL -> /home/lance/robot/install/robot_description/share/robot_description/urdf
[7.565s] copying urdf/SuctionPumpFeet.STL -> /home/lance/robot/install/robot_description/share/robot_description/urdf
[7.577s] running install_egg_info
[7.595s] removing '/home/lance/robot/install/robot_description/lib/python3.10/site-packages/robot_description-0.0.0-py3.10.egg-info' (and everything under it)
[7.598s] Copying ../../build/robot_description/robot_description.egg-info to /home/lance/robot/install/robot_description/lib/python3.10/site-packages/robot_description-0.0.0-py3.10.egg-info
[7.606s] running install_scripts
[7.748s] writing list of installed files to '/home/lance/robot/build/robot_description/install.log'
[8.104s] Invoked command in '/home/lance/robot/src/robot_description' returned '0': PYTHONPATH=/home/lance/robot/build/robot_description/prefix_override:/home/lance/robot/install/robot_description/lib/python3.10/site-packages:${PYTHONPATH} /usr/bin/python3 setup.py egg_info --egg-base ../../build/robot_description build --build-base /home/lance/robot/build/robot_description/build install --record /home/lance/robot/build/robot_description/install.log --single-version-externally-managed
