[28.338s] Invoking command in '/home/lance/robot/src/motion_planning': PYTHONPATH=/home/lance/robot/build/motion_planning/prefix_override:/home/lance/robot/install/motion_planning/lib/python3.10/site-packages:${PYTHONPATH} /usr/bin/python3 setup.py egg_info --egg-base ../../build/motion_planning build --build-base /home/lance/robot/build/motion_planning/build install --record /home/lance/robot/build/motion_planning/install.log --single-version-externally-managed
[38.679s] running egg_info
[38.691s] writing ../../build/motion_planning/motion_planning.egg-info/PKG-INFO
[38.697s] writing dependency_links to ../../build/motion_planning/motion_planning.egg-info/dependency_links.txt
[38.702s] writing entry points to ../../build/motion_planning/motion_planning.egg-info/entry_points.txt
[38.710s] writing requirements to ../../build/motion_planning/motion_planning.egg-info/requires.txt
[38.716s] writing top-level names to ../../build/motion_planning/motion_planning.egg-info/top_level.txt
[38.766s] reading manifest file '../../build/motion_planning/motion_planning.egg-info/SOURCES.txt'
[38.783s] writing manifest file '../../build/motion_planning/motion_planning.egg-info/SOURCES.txt'
[38.802s] running build
[38.806s] running build_py
[38.832s] running install
[38.840s] running install_lib
[38.865s] running install_data
[38.893s] running install_egg_info
[38.935s] removing '/home/lance/robot/install/motion_planning/lib/python3.10/site-packages/motion_planning-0.0.0-py3.10.egg-info' (and everything under it)
[38.962s] Copying ../../build/motion_planning/motion_planning.egg-info to /home/lance/robot/install/motion_planning/lib/python3.10/site-packages/motion_planning-0.0.0-py3.10.egg-info
[39.019s] running install_scripts
[39.601s] Installing mp script to /home/lance/robot/install/motion_planning/lib/motion_planning
[39.616s] writing list of installed files to '/home/lance/robot/build/motion_planning/install.log'
[40.690s] Invoked command in '/home/lance/robot/src/motion_planning' returned '0': PYTHONPATH=/home/lance/robot/build/motion_planning/prefix_override:/home/lance/robot/install/motion_planning/lib/python3.10/site-packages:${PYTHONPATH} /usr/bin/python3 setup.py egg_info --egg-base ../../build/motion_planning build --build-base /home/lance/robot/build/motion_planning/build install --record /home/lance/robot/build/motion_planning/install.log --single-version-externally-managed
