[9.187s] Invoking command in '/home/lance/robot/src/computer_vision': PYTHONPATH=/home/lance/robot/build/computer_vision/prefix_override:/home/lance/robot/install/computer_vision/lib/python3.10/site-packages:${PYTHONPATH} /usr/bin/python3 setup.py egg_info --egg-base ../../build/computer_vision build --build-base /home/lance/robot/build/computer_vision/build install --record /home/lance/robot/build/computer_vision/install.log --single-version-externally-managed
[11.809s] running egg_info
[11.811s] writing ../../build/computer_vision/computer_vision.egg-info/PKG-INFO
[11.814s] writing dependency_links to ../../build/computer_vision/computer_vision.egg-info/dependency_links.txt
[11.822s] writing entry points to ../../build/computer_vision/computer_vision.egg-info/entry_points.txt
[11.826s] writing requirements to ../../build/computer_vision/computer_vision.egg-info/requires.txt
[11.832s] writing top-level names to ../../build/computer_vision/computer_vision.egg-info/top_level.txt
[11.860s] reading manifest file '../../build/computer_vision/computer_vision.egg-info/SOURCES.txt'
[11.878s] writing manifest file '../../build/computer_vision/computer_vision.egg-info/SOURCES.txt'
[11.880s] running build
[11.893s] running build_py
[11.894s] running install
[11.897s] running install_lib
[11.909s] running install_data
[11.910s] running install_egg_info
[11.923s] removing '/home/lance/robot/install/computer_vision/lib/python3.10/site-packages/computer_vision-0.0.0-py3.10.egg-info' (and everything under it)
[11.930s] Copying ../../build/computer_vision/computer_vision.egg-info to /home/lance/robot/install/computer_vision/lib/python3.10/site-packages/computer_vision-0.0.0-py3.10.egg-info
[11.952s] running install_scripts
[12.107s] Installing cv script to /home/lance/robot/install/computer_vision/lib/computer_vision
[12.111s] writing list of installed files to '/home/lance/robot/build/computer_vision/install.log'
[14.295s] Invoked command in '/home/lance/robot/src/computer_vision' returned '0': PYTHONPATH=/home/lance/robot/build/computer_vision/prefix_override:/home/lance/robot/install/computer_vision/lib/python3.10/site-packages:${PYTHONPATH} /usr/bin/python3 setup.py egg_info --egg-base ../../build/computer_vision build --build-base /home/lance/robot/build/computer_vision/build install --record /home/lance/robot/build/computer_vision/install.log --single-version-externally-managed
