[10.883s] Invoking command in '/home/lance/robot/src/robot_description': PYTHONPATH=/home/lance/robot/build/robot_description/prefix_override:/home/lance/robot/install/robot_description/lib/python3.10/site-packages:${PYTHONPATH} /usr/bin/python3 setup.py egg_info --egg-base ../../build/robot_description build --build-base /home/lance/robot/build/robot_description/build install --record /home/lance/robot/build/robot_description/install.log --single-version-externally-managed
[13.868s] running egg_info
[13.870s] writing ../../build/robot_description/robot_description.egg-info/PKG-INFO
[13.872s] writing dependency_links to ../../build/robot_description/robot_description.egg-info/dependency_links.txt
[13.879s] writing entry points to ../../build/robot_description/robot_description.egg-info/entry_points.txt
[13.880s] writing requirements to ../../build/robot_description/robot_description.egg-info/requires.txt
[13.880s] writing top-level names to ../../build/robot_description/robot_description.egg-info/top_level.txt
[13.900s] reading manifest file '../../build/robot_description/robot_description.egg-info/SOURCES.txt'
[13.906s] writing manifest file '../../build/robot_description/robot_description.egg-info/SOURCES.txt'
[13.908s] running build
[13.910s] running build_py
[13.911s] running install
[13.912s] running install_lib
[13.926s] running install_data
[13.933s] running install_egg_info
[13.957s] removing '/home/lance/robot/install/robot_description/lib/python3.10/site-packages/robot_description-0.0.0-py3.10.egg-info' (and everything under it)
[13.968s] Copying ../../build/robot_description/robot_description.egg-info to /home/lance/robot/install/robot_description/lib/python3.10/site-packages/robot_description-0.0.0-py3.10.egg-info
[13.969s] running install_scripts
[14.079s] writing list of installed files to '/home/lance/robot/build/robot_description/install.log'
[16.177s] Invoked command in '/home/lance/robot/src/robot_description' returned '0': PYTHONPATH=/home/lance/robot/build/robot_description/prefix_override:/home/lance/robot/install/robot_description/lib/python3.10/site-packages:${PYTHONPATH} /usr/bin/python3 setup.py egg_info --egg-base ../../build/robot_description build --build-base /home/lance/robot/build/robot_description/build install --record /home/lance/robot/build/robot_description/install.log --single-version-externally-managed
