[6.223s] Invoking command in '/home/lance/robot/build/motion_planning': PYTHONPATH=/home/lance/robot/build/motion_planning/prefix_override:/home/lance/robot/install/motion_planning/lib/python3.10/site-packages:${PYTHONPATH} /usr/bin/python3 setup.py develop --uninstall --editable --build-directory /home/lance/robot/build/motion_planning/build
[8.998s] running develop
[12.477s] Invoked command in '/home/lance/robot/build/motion_planning' returned '0': PYTHONPATH=/home/lance/robot/build/motion_planning/prefix_override:/home/lance/robot/install/motion_planning/lib/python3.10/site-packages:${PYTHONPATH} /usr/bin/python3 setup.py develop --uninstall --editable --build-directory /home/lance/robot/build/motion_planning/build
[12.480s] Invoking command in '/home/lance/robot/src/motion_planning': PYTHONPATH=/home/lance/robot/build/motion_planning/prefix_override:/home/lance/robot/install/motion_planning/lib/python3.10/site-packages:${PYTHONPATH} /usr/bin/python3 setup.py egg_info --egg-base ../../build/motion_planning build --build-base /home/lance/robot/build/motion_planning/build install --record /home/lance/robot/build/motion_planning/install.log --single-version-externally-managed
[14.737s] running egg_info
[14.740s] writing ../../build/motion_planning/motion_planning.egg-info/PKG-INFO
[14.742s] writing dependency_links to ../../build/motion_planning/motion_planning.egg-info/dependency_links.txt
[14.743s] writing entry points to ../../build/motion_planning/motion_planning.egg-info/entry_points.txt
[14.744s] writing requirements to ../../build/motion_planning/motion_planning.egg-info/requires.txt
[14.745s] writing top-level names to ../../build/motion_planning/motion_planning.egg-info/top_level.txt
[14.755s] reading manifest file '../../build/motion_planning/motion_planning.egg-info/SOURCES.txt'
[14.761s] writing manifest file '../../build/motion_planning/motion_planning.egg-info/SOURCES.txt'
[14.762s] running build
[14.763s] running build_py
[14.764s] running install
[14.765s] running install_lib
[14.773s] running install_data
[14.776s] running install_egg_info
[14.784s] removing '/home/lance/robot/install/motion_planning/lib/python3.10/site-packages/motion_planning-0.0.0-py3.10.egg-info' (and everything under it)
[14.787s] Copying ../../build/motion_planning/motion_planning.egg-info to /home/lance/robot/install/motion_planning/lib/python3.10/site-packages/motion_planning-0.0.0-py3.10.egg-info
[14.802s] running install_scripts
[14.909s] Installing mp script to /home/lance/robot/install/motion_planning/lib/motion_planning
[14.912s] writing list of installed files to '/home/lance/robot/build/motion_planning/install.log'
[15.137s] Invoked command in '/home/lance/robot/src/motion_planning' returned '0': PYTHONPATH=/home/lance/robot/build/motion_planning/prefix_override:/home/lance/robot/install/motion_planning/lib/python3.10/site-packages:${PYTHONPATH} /usr/bin/python3 setup.py egg_info --egg-base ../../build/motion_planning build --build-base /home/lance/robot/build/motion_planning/build install --record /home/lance/robot/build/motion_planning/install.log --single-version-externally-managed
