[0.393s] Invoking command in '/home/lance/robot/build/my_cobot_interfaces': CMAKE_PREFIX_PATH=/home/lance/robot/install/moveit_config:/home/lance/robot/install/robot_description:/home/lance/robot/install/controllers:/home/lance/robot/install/motion_planning:/home/lance/robot/install/computer_vision:/home/lance/robot/install/bringup:/opt/ros/humble:/home/lance/robot/install/my_cobot_hardware_interface:/home/lance/robot/install/my_cobot_interfaces:/home/lance/moveit2_ws/install /usr/bin/cmake --build /home/lance/robot/build/my_cobot_interfaces -- -j4 -l4
[4.240s] [  2%] Built target my_cobot_interfaces__cpp
[4.242s] [ 12%] Built target my_cobot_interfaces__rosidl_generator_c
[4.243s] [ 12%] Built target ament_cmake_python_symlink_my_cobot_interfaces
[4.245s] [ 23%] Built target my_cobot_interfaces__rosidl_typesupport_fastrtps_cpp
[4.246s] [ 34%] Built target my_cobot_interfaces__rosidl_typesupport_introspection_cpp
[4.246s] [ 44%] Built target my_cobot_interfaces__rosidl_typesupport_cpp
[4.248s] [ 55%] Built target my_cobot_interfaces__rosidl_typesupport_fastrtps_c
[4.252s] [ 65%] Built target my_cobot_interfaces__rosidl_typesupport_introspection_c
[4.255s] [ 76%] Built target my_cobot_interfaces__rosidl_typesupport_c
[4.257s] [ 76%] Built target my_cobot_interfaces
[4.261s] [ 78%] Built target my_cobot_interfaces__py
[4.262s] [ 87%] Built target my_cobot_interfaces__rosidl_generator_py
[4.263s] [ 91%] Built target my_cobot_interfaces__rosidl_typesupport_fastrtps_c__pyext
[4.263s] [ 95%] Built target my_cobot_interfaces__rosidl_typesupport_introspection_c__pyext
[4.263s] [100%] Built target my_cobot_interfaces__rosidl_typesupport_c__pyext
[4.264s] running egg_info
[4.264s] writing my_cobot_interfaces.egg-info/PKG-INFO
[4.265s] writing dependency_links to my_cobot_interfaces.egg-info/dependency_links.txt
[4.266s] writing top-level names to my_cobot_interfaces.egg-info/top_level.txt
[4.266s] reading manifest file 'my_cobot_interfaces.egg-info/SOURCES.txt'
[4.267s] writing manifest file 'my_cobot_interfaces.egg-info/SOURCES.txt'
[4.267s] [100%] Built target ament_cmake_python_build_my_cobot_interfaces_egg
[4.270s] Invoked command in '/home/lance/robot/build/my_cobot_interfaces' returned '0': CMAKE_PREFIX_PATH=/home/lance/robot/install/moveit_config:/home/lance/robot/install/robot_description:/home/lance/robot/install/controllers:/home/lance/robot/install/motion_planning:/home/lance/robot/install/computer_vision:/home/lance/robot/install/bringup:/opt/ros/humble:/home/lance/robot/install/my_cobot_hardware_interface:/home/lance/robot/install/my_cobot_interfaces:/home/lance/moveit2_ws/install /usr/bin/cmake --build /home/lance/robot/build/my_cobot_interfaces -- -j4 -l4
[5.985s] Invoking command in '/home/lance/robot/build/my_cobot_interfaces': CMAKE_PREFIX_PATH=/home/lance/robot/install/moveit_config:/home/lance/robot/install/robot_description:/home/lance/robot/install/controllers:/home/lance/robot/install/motion_planning:/home/lance/robot/install/computer_vision:/home/lance/robot/install/bringup:/opt/ros/humble:/home/lance/robot/install/my_cobot_hardware_interface:/home/lance/robot/install/my_cobot_interfaces:/home/lance/moveit2_ws/install /usr/bin/cmake --install /home/lance/robot/build/my_cobot_interfaces
[6.037s] -- Install configuration: ""
[6.040s] -- Execute custom install script
[6.042s] -- Up-to-date symlink: /home/lance/robot/install/my_cobot_interfaces/share/ament_index/resource_index/rosidl_interfaces/my_cobot_interfaces
[6.047s] -- Up-to-date symlink: /home/lance/robot/install/my_cobot_interfaces/include/my_cobot_interfaces/my_cobot_interfaces/msg/rosidl_generator_c__visibility_control.h
[6.049s] -- Up-to-date symlink: /home/lance/robot/install/my_cobot_interfaces/include/my_cobot_interfaces/my_cobot_interfaces/srv/detail/get_radians__functions.h
[6.050s] -- Up-to-date symlink: /home/lance/robot/install/my_cobot_interfaces/include/my_cobot_interfaces/my_cobot_interfaces/srv/detail/get_radians__struct.h
[6.052s] -- Up-to-date symlink: /home/lance/robot/install/my_cobot_interfaces/include/my_cobot_interfaces/my_cobot_interfaces/srv/detail/get_radians__type_support.h
[6.053s] -- Up-to-date symlink: /home/lance/robot/install/my_cobot_interfaces/include/my_cobot_interfaces/my_cobot_interfaces/srv/detail/play_pause__functions.h
[6.054s] -- Up-to-date symlink: /home/lance/robot/install/my_cobot_interfaces/include/my_cobot_interfaces/my_cobot_interfaces/srv/detail/play_pause__struct.h
[6.057s] -- Up-to-date symlink: /home/lance/robot/install/my_cobot_interfaces/include/my_cobot_interfaces/my_cobot_interfaces/srv/detail/play_pause__type_support.h
[6.059s] -- Up-to-date symlink: /home/lance/robot/install/my_cobot_interfaces/include/my_cobot_interfaces/my_cobot_interfaces/srv/detail/set_radians__functions.h
[6.060s] -- Up-to-date symlink: /home/lance/robot/install/my_cobot_interfaces/include/my_cobot_interfaces/my_cobot_interfaces/srv/detail/set_radians__struct.h
[6.064s] -- Up-to-date symlink: /home/lance/robot/install/my_cobot_interfaces/include/my_cobot_interfaces/my_cobot_interfaces/srv/detail/set_radians__type_support.h
[6.066s] -- Up-to-date symlink: /home/lance/robot/install/my_cobot_interfaces/include/my_cobot_interfaces/my_cobot_interfaces/srv/get_radians.h
[6.067s] -- Up-to-date symlink: /home/lance/robot/install/my_cobot_interfaces/include/my_cobot_interfaces/my_cobot_interfaces/srv/play_pause.h
[6.069s] -- Up-to-date symlink: /home/lance/robot/install/my_cobot_interfaces/include/my_cobot_interfaces/my_cobot_interfaces/srv/set_radians.h
[6.070s] -- Up-to-date symlink: /home/lance/robot/install/my_cobot_interfaces/share/my_cobot_interfaces/environment/library_path.sh
[6.071s] -- Up-to-date symlink: /home/lance/robot/install/my_cobot_interfaces/share/my_cobot_interfaces/environment/library_path.dsv
[6.077s] -- Up-to-date symlink: /home/lance/robot/install/my_cobot_interfaces/include/my_cobot_interfaces/my_cobot_interfaces/msg/rosidl_typesupport_fastrtps_c__visibility_control.h
[6.078s] -- Up-to-date symlink: /home/lance/robot/install/my_cobot_interfaces/include/my_cobot_interfaces/my_cobot_interfaces/srv/detail/get_radians__rosidl_typesupport_fastrtps_c.h
[6.079s] -- Up-to-date symlink: /home/lance/robot/install/my_cobot_interfaces/include/my_cobot_interfaces/my_cobot_interfaces/srv/detail/play_pause__rosidl_typesupport_fastrtps_c.h
[6.081s] -- Up-to-date symlink: /home/lance/robot/install/my_cobot_interfaces/include/my_cobot_interfaces/my_cobot_interfaces/srv/detail/set_radians__rosidl_typesupport_fastrtps_c.h
[6.085s] -- Up-to-date symlink: /home/lance/robot/install/my_cobot_interfaces/include/my_cobot_interfaces/my_cobot_interfaces/srv/detail/get_radians__builder.hpp
[6.086s] -- Up-to-date symlink: /home/lance/robot/install/my_cobot_interfaces/include/my_cobot_interfaces/my_cobot_interfaces/srv/detail/get_radians__struct.hpp
[6.088s] -- Up-to-date symlink: /home/lance/robot/install/my_cobot_interfaces/include/my_cobot_interfaces/my_cobot_interfaces/srv/detail/get_radians__traits.hpp
[6.090s] -- Up-to-date symlink: /home/lance/robot/install/my_cobot_interfaces/include/my_cobot_interfaces/my_cobot_interfaces/srv/detail/play_pause__builder.hpp
[6.092s] -- Up-to-date symlink: /home/lance/robot/install/my_cobot_interfaces/include/my_cobot_interfaces/my_cobot_interfaces/srv/detail/play_pause__struct.hpp
[6.093s] -- Up-to-date symlink: /home/lance/robot/install/my_cobot_interfaces/include/my_cobot_interfaces/my_cobot_interfaces/srv/detail/play_pause__traits.hpp
[6.094s] -- Up-to-date symlink: /home/lance/robot/install/my_cobot_interfaces/include/my_cobot_interfaces/my_cobot_interfaces/srv/detail/set_radians__builder.hpp
[6.096s] -- Up-to-date symlink: /home/lance/robot/install/my_cobot_interfaces/include/my_cobot_interfaces/my_cobot_interfaces/srv/detail/set_radians__struct.hpp
[6.097s] -- Up-to-date symlink: /home/lance/robot/install/my_cobot_interfaces/include/my_cobot_interfaces/my_cobot_interfaces/srv/detail/set_radians__traits.hpp
[6.098s] -- Up-to-date symlink: /home/lance/robot/install/my_cobot_interfaces/include/my_cobot_interfaces/my_cobot_interfaces/srv/get_radians.hpp
[6.100s] -- Up-to-date symlink: /home/lance/robot/install/my_cobot_interfaces/include/my_cobot_interfaces/my_cobot_interfaces/srv/play_pause.hpp
[6.101s] -- Up-to-date symlink: /home/lance/robot/install/my_cobot_interfaces/include/my_cobot_interfaces/my_cobot_interfaces/srv/set_radians.hpp
[6.109s] -- Up-to-date symlink: /home/lance/robot/install/my_cobot_interfaces/include/my_cobot_interfaces/my_cobot_interfaces/msg/rosidl_typesupport_fastrtps_cpp__visibility_control.h
[6.110s] -- Up-to-date symlink: /home/lance/robot/install/my_cobot_interfaces/include/my_cobot_interfaces/my_cobot_interfaces/srv/detail/get_radians__rosidl_typesupport_fastrtps_cpp.hpp
[6.111s] -- Up-to-date symlink: /home/lance/robot/install/my_cobot_interfaces/include/my_cobot_interfaces/my_cobot_interfaces/srv/detail/play_pause__rosidl_typesupport_fastrtps_cpp.hpp
[6.113s] -- Up-to-date symlink: /home/lance/robot/install/my_cobot_interfaces/include/my_cobot_interfaces/my_cobot_interfaces/srv/detail/set_radians__rosidl_typesupport_fastrtps_cpp.hpp
[6.116s] -- Up-to-date symlink: /home/lance/robot/install/my_cobot_interfaces/include/my_cobot_interfaces/my_cobot_interfaces/msg/rosidl_typesupport_introspection_c__visibility_control.h
[6.120s] -- Up-to-date symlink: /home/lance/robot/install/my_cobot_interfaces/include/my_cobot_interfaces/my_cobot_interfaces/srv/detail/get_radians__rosidl_typesupport_introspection_c.h
[6.123s] -- Up-to-date symlink: /home/lance/robot/install/my_cobot_interfaces/include/my_cobot_interfaces/my_cobot_interfaces/srv/detail/play_pause__rosidl_typesupport_introspection_c.h
[6.124s] -- Up-to-date symlink: /home/lance/robot/install/my_cobot_interfaces/include/my_cobot_interfaces/my_cobot_interfaces/srv/detail/set_radians__rosidl_typesupport_introspection_c.h
[6.127s] -- Up-to-date symlink: /home/lance/robot/install/my_cobot_interfaces/include/my_cobot_interfaces/my_cobot_interfaces/srv/detail/get_radians__rosidl_typesupport_introspection_cpp.hpp
[6.132s] -- Up-to-date symlink: /home/lance/robot/install/my_cobot_interfaces/include/my_cobot_interfaces/my_cobot_interfaces/srv/detail/play_pause__rosidl_typesupport_introspection_cpp.hpp
[6.133s] -- Up-to-date symlink: /home/lance/robot/install/my_cobot_interfaces/include/my_cobot_interfaces/my_cobot_interfaces/srv/detail/set_radians__rosidl_typesupport_introspection_cpp.hpp
[6.134s] -- Up-to-date symlink: /home/lance/robot/install/my_cobot_interfaces/share/my_cobot_interfaces/environment/pythonpath.sh
[6.136s] -- Up-to-date symlink: /home/lance/robot/install/my_cobot_interfaces/share/my_cobot_interfaces/environment/pythonpath.dsv
[6.138s] -- Up-to-date symlink: /home/lance/robot/install/my_cobot_interfaces/local/lib/python3.10/dist-packages/my_cobot_interfaces-0.0.0-py3.10.egg-info/PKG-INFO
[6.139s] -- Up-to-date symlink: /home/lance/robot/install/my_cobot_interfaces/local/lib/python3.10/dist-packages/my_cobot_interfaces-0.0.0-py3.10.egg-info/SOURCES.txt
[6.141s] -- Up-to-date symlink: /home/lance/robot/install/my_cobot_interfaces/local/lib/python3.10/dist-packages/my_cobot_interfaces-0.0.0-py3.10.egg-info/dependency_links.txt
[6.142s] -- Up-to-date symlink: /home/lance/robot/install/my_cobot_interfaces/local/lib/python3.10/dist-packages/my_cobot_interfaces-0.0.0-py3.10.egg-info/top_level.txt
[6.149s] -- Up-to-date symlink: /home/lance/robot/install/my_cobot_interfaces/local/lib/python3.10/dist-packages/my_cobot_interfaces/__init__.py
[6.150s] -- Up-to-date symlink: /home/lance/robot/install/my_cobot_interfaces/local/lib/python3.10/dist-packages/my_cobot_interfaces/_my_cobot_interfaces_s.ep.rosidl_typesupport_c.c
[6.152s] -- Up-to-date symlink: /home/lance/robot/install/my_cobot_interfaces/local/lib/python3.10/dist-packages/my_cobot_interfaces/_my_cobot_interfaces_s.ep.rosidl_typesupport_fastrtps_c.c
[6.153s] -- Up-to-date symlink: /home/lance/robot/install/my_cobot_interfaces/local/lib/python3.10/dist-packages/my_cobot_interfaces/_my_cobot_interfaces_s.ep.rosidl_typesupport_introspection_c.c
[6.154s] -- Up-to-date symlink: /home/lance/robot/install/my_cobot_interfaces/local/lib/python3.10/dist-packages/my_cobot_interfaces/libmy_cobot_interfaces__rosidl_generator_py.so
[6.156s] -- Up-to-date symlink: /home/lance/robot/install/my_cobot_interfaces/local/lib/python3.10/dist-packages/my_cobot_interfaces/my_cobot_interfaces_s__rosidl_typesupport_c.cpython-310-aarch64-linux-gnu.so
[6.157s] -- Up-to-date symlink: /home/lance/robot/install/my_cobot_interfaces/local/lib/python3.10/dist-packages/my_cobot_interfaces/my_cobot_interfaces_s__rosidl_typesupport_fastrtps_c.cpython-310-aarch64-linux-gnu.so
[6.159s] -- Up-to-date symlink: /home/lance/robot/install/my_cobot_interfaces/local/lib/python3.10/dist-packages/my_cobot_interfaces/my_cobot_interfaces_s__rosidl_typesupport_introspection_c.cpython-310-aarch64-linux-gnu.so
[6.160s] -- Up-to-date symlink: /home/lance/robot/install/my_cobot_interfaces/local/lib/python3.10/dist-packages/my_cobot_interfaces/srv/__init__.py
[6.161s] -- Up-to-date symlink: /home/lance/robot/install/my_cobot_interfaces/local/lib/python3.10/dist-packages/my_cobot_interfaces/srv/_get_radians.py
[6.163s] -- Up-to-date symlink: /home/lance/robot/install/my_cobot_interfaces/local/lib/python3.10/dist-packages/my_cobot_interfaces/srv/_get_radians_s.c
[6.164s] -- Up-to-date symlink: /home/lance/robot/install/my_cobot_interfaces/local/lib/python3.10/dist-packages/my_cobot_interfaces/srv/_play_pause.py
[6.165s] -- Up-to-date symlink: /home/lance/robot/install/my_cobot_interfaces/local/lib/python3.10/dist-packages/my_cobot_interfaces/srv/_play_pause_s.c
[6.167s] -- Up-to-date symlink: /home/lance/robot/install/my_cobot_interfaces/local/lib/python3.10/dist-packages/my_cobot_interfaces/srv/_set_radians.py
[6.170s] -- Up-to-date symlink: /home/lance/robot/install/my_cobot_interfaces/local/lib/python3.10/dist-packages/my_cobot_interfaces/srv/_set_radians_s.c
[6.171s] -- Up-to-date symlink: /home/lance/robot/install/my_cobot_interfaces/local/lib/python3.10/dist-packages/my_cobot_interfaces/my_cobot_interfaces_s__rosidl_typesupport_fastrtps_c.cpython-310-aarch64-linux-gnu.so
[6.172s] -- Up-to-date symlink: /home/lance/robot/install/my_cobot_interfaces/local/lib/python3.10/dist-packages/my_cobot_interfaces/my_cobot_interfaces_s__rosidl_typesupport_introspection_c.cpython-310-aarch64-linux-gnu.so
[6.175s] -- Up-to-date symlink: /home/lance/robot/install/my_cobot_interfaces/local/lib/python3.10/dist-packages/my_cobot_interfaces/my_cobot_interfaces_s__rosidl_typesupport_c.cpython-310-aarch64-linux-gnu.so
[6.178s] -- Up-to-date symlink: /home/lance/robot/install/my_cobot_interfaces/share/my_cobot_interfaces/srv/GetRadians.idl
[6.179s] -- Up-to-date symlink: /home/lance/robot/install/my_cobot_interfaces/share/my_cobot_interfaces/srv/SetRadians.idl
[6.182s] -- Up-to-date symlink: /home/lance/robot/install/my_cobot_interfaces/share/my_cobot_interfaces/srv/PlayPause.idl
[6.185s] -- Up-to-date symlink: /home/lance/robot/install/my_cobot_interfaces/share/my_cobot_interfaces/srv/GetRadians.srv
[6.185s] -- Up-to-date symlink: /home/lance/robot/install/my_cobot_interfaces/share/my_cobot_interfaces/srv/GetRadians_Request.msg
[6.192s] -- Up-to-date symlink: /home/lance/robot/install/my_cobot_interfaces/share/my_cobot_interfaces/srv/GetRadians_Response.msg
[6.193s] -- Up-to-date symlink: /home/lance/robot/install/my_cobot_interfaces/share/my_cobot_interfaces/srv/SetRadians.srv
[6.194s] -- Up-to-date symlink: /home/lance/robot/install/my_cobot_interfaces/share/my_cobot_interfaces/srv/SetRadians_Request.msg
[6.195s] -- Up-to-date symlink: /home/lance/robot/install/my_cobot_interfaces/share/my_cobot_interfaces/srv/SetRadians_Response.msg
[6.195s] -- Up-to-date symlink: /home/lance/robot/install/my_cobot_interfaces/share/my_cobot_interfaces/srv/PlayPause.srv
[6.196s] -- Up-to-date symlink: /home/lance/robot/install/my_cobot_interfaces/share/my_cobot_interfaces/srv/PlayPause_Request.msg
[6.197s] -- Up-to-date symlink: /home/lance/robot/install/my_cobot_interfaces/share/my_cobot_interfaces/srv/PlayPause_Response.msg
[6.203s] -- Up-to-date symlink: /home/lance/robot/install/my_cobot_interfaces/share/ament_index/resource_index/package_run_dependencies/my_cobot_interfaces
[6.204s] -- Up-to-date symlink: /home/lance/robot/install/my_cobot_interfaces/share/ament_index/resource_index/parent_prefix_path/my_cobot_interfaces
[6.215s] -- Up-to-date symlink: /home/lance/robot/install/my_cobot_interfaces/share/my_cobot_interfaces/environment/ament_prefix_path.sh
[6.216s] -- Up-to-date symlink: /home/lance/robot/install/my_cobot_interfaces/share/my_cobot_interfaces/environment/ament_prefix_path.dsv
[6.217s] -- Up-to-date symlink: /home/lance/robot/install/my_cobot_interfaces/share/my_cobot_interfaces/environment/path.sh
[6.218s] -- Up-to-date symlink: /home/lance/robot/install/my_cobot_interfaces/share/my_cobot_interfaces/environment/path.dsv
[6.219s] -- Up-to-date symlink: /home/lance/robot/install/my_cobot_interfaces/share/my_cobot_interfaces/local_setup.bash
[6.219s] -- Up-to-date symlink: /home/lance/robot/install/my_cobot_interfaces/share/my_cobot_interfaces/local_setup.sh
[6.220s] -- Up-to-date symlink: /home/lance/robot/install/my_cobot_interfaces/share/my_cobot_interfaces/local_setup.zsh
[6.221s] -- Up-to-date symlink: /home/lance/robot/install/my_cobot_interfaces/share/my_cobot_interfaces/local_setup.dsv
[6.221s] -- Symlinking: /home/lance/robot/install/my_cobot_interfaces/share/my_cobot_interfaces/package.dsv
[6.295s] -- Up-to-date symlink: /home/lance/robot/install/my_cobot_interfaces/share/ament_index/resource_index/packages/my_cobot_interfaces
[6.297s] -- Up-to-date symlink: /home/lance/robot/install/my_cobot_interfaces/share/my_cobot_interfaces/cmake/rosidl_cmake-extras.cmake
[6.299s] -- Up-to-date symlink: /home/lance/robot/install/my_cobot_interfaces/share/my_cobot_interfaces/cmake/ament_cmake_export_dependencies-extras.cmake
[6.300s] -- Up-to-date symlink: /home/lance/robot/install/my_cobot_interfaces/share/my_cobot_interfaces/cmake/ament_cmake_export_include_directories-extras.cmake
[6.301s] -- Up-to-date symlink: /home/lance/robot/install/my_cobot_interfaces/share/my_cobot_interfaces/cmake/ament_cmake_export_libraries-extras.cmake
[6.303s] -- Up-to-date symlink: /home/lance/robot/install/my_cobot_interfaces/share/my_cobot_interfaces/cmake/ament_cmake_export_targets-extras.cmake
[6.305s] -- Up-to-date symlink: /home/lance/robot/install/my_cobot_interfaces/share/my_cobot_interfaces/cmake/rosidl_cmake_export_typesupport_targets-extras.cmake
[6.306s] -- Up-to-date symlink: /home/lance/robot/install/my_cobot_interfaces/share/my_cobot_interfaces/cmake/rosidl_cmake_export_typesupport_libraries-extras.cmake
[6.308s] -- Up-to-date symlink: /home/lance/robot/install/my_cobot_interfaces/share/my_cobot_interfaces/cmake/my_cobot_interfacesConfig.cmake
[6.309s] -- Up-to-date symlink: /home/lance/robot/install/my_cobot_interfaces/share/my_cobot_interfaces/cmake/my_cobot_interfacesConfig-version.cmake
[6.310s] -- Up-to-date symlink: /home/lance/robot/install/my_cobot_interfaces/share/my_cobot_interfaces/package.xml
[6.312s] -- Up-to-date: /home/lance/robot/install/my_cobot_interfaces/lib/libmy_cobot_interfaces__rosidl_generator_c.so
[6.315s] -- Up-to-date: /home/lance/robot/install/my_cobot_interfaces/lib/libmy_cobot_interfaces__rosidl_typesupport_fastrtps_c.so
[6.318s] -- Up-to-date: /home/lance/robot/install/my_cobot_interfaces/lib/libmy_cobot_interfaces__rosidl_typesupport_fastrtps_cpp.so
[6.321s] -- Up-to-date: /home/lance/robot/install/my_cobot_interfaces/lib/libmy_cobot_interfaces__rosidl_typesupport_introspection_c.so
[6.334s] -- Up-to-date: /home/lance/robot/install/my_cobot_interfaces/lib/libmy_cobot_interfaces__rosidl_typesupport_c.so
[6.337s] -- Up-to-date: /home/lance/robot/install/my_cobot_interfaces/lib/libmy_cobot_interfaces__rosidl_typesupport_introspection_cpp.so
[6.340s] -- Up-to-date: /home/lance/robot/install/my_cobot_interfaces/lib/libmy_cobot_interfaces__rosidl_typesupport_cpp.so
[6.619s] Listing '/home/lance/robot/install/my_cobot_interfaces/local/lib/python3.10/dist-packages/my_cobot_interfaces'...
[6.621s] Listing '/home/lance/robot/install/my_cobot_interfaces/local/lib/python3.10/dist-packages/my_cobot_interfaces/srv'...
[6.673s] -- Up-to-date: /home/lance/robot/install/my_cobot_interfaces/lib/libmy_cobot_interfaces__rosidl_generator_py.so
[6.675s] -- Up-to-date: /home/lance/robot/install/my_cobot_interfaces/share/my_cobot_interfaces/cmake/export_my_cobot_interfaces__rosidl_generator_cExport.cmake
[6.676s] -- Up-to-date: /home/lance/robot/install/my_cobot_interfaces/share/my_cobot_interfaces/cmake/export_my_cobot_interfaces__rosidl_generator_cExport-noconfig.cmake
[6.677s] -- Up-to-date: /home/lance/robot/install/my_cobot_interfaces/share/my_cobot_interfaces/cmake/export_my_cobot_interfaces__rosidl_typesupport_fastrtps_cExport.cmake
[6.678s] -- Up-to-date: /home/lance/robot/install/my_cobot_interfaces/share/my_cobot_interfaces/cmake/export_my_cobot_interfaces__rosidl_typesupport_fastrtps_cExport-noconfig.cmake
[6.679s] -- Up-to-date: /home/lance/robot/install/my_cobot_interfaces/share/my_cobot_interfaces/cmake/export_my_cobot_interfaces__rosidl_generator_cppExport.cmake
[6.681s] -- Up-to-date: /home/lance/robot/install/my_cobot_interfaces/share/my_cobot_interfaces/cmake/export_my_cobot_interfaces__rosidl_typesupport_fastrtps_cppExport.cmake
[6.683s] -- Up-to-date: /home/lance/robot/install/my_cobot_interfaces/share/my_cobot_interfaces/cmake/export_my_cobot_interfaces__rosidl_typesupport_fastrtps_cppExport-noconfig.cmake
[6.685s] -- Up-to-date: /home/lance/robot/install/my_cobot_interfaces/share/my_cobot_interfaces/cmake/my_cobot_interfaces__rosidl_typesupport_introspection_cExport.cmake
[6.686s] -- Up-to-date: /home/lance/robot/install/my_cobot_interfaces/share/my_cobot_interfaces/cmake/my_cobot_interfaces__rosidl_typesupport_introspection_cExport-noconfig.cmake
[6.688s] -- Up-to-date: /home/lance/robot/install/my_cobot_interfaces/share/my_cobot_interfaces/cmake/my_cobot_interfaces__rosidl_typesupport_cExport.cmake
[6.689s] -- Up-to-date: /home/lance/robot/install/my_cobot_interfaces/share/my_cobot_interfaces/cmake/my_cobot_interfaces__rosidl_typesupport_cExport-noconfig.cmake
[6.693s] -- Up-to-date: /home/lance/robot/install/my_cobot_interfaces/share/my_cobot_interfaces/cmake/my_cobot_interfaces__rosidl_typesupport_introspection_cppExport.cmake
[6.694s] -- Up-to-date: /home/lance/robot/install/my_cobot_interfaces/share/my_cobot_interfaces/cmake/my_cobot_interfaces__rosidl_typesupport_introspection_cppExport-noconfig.cmake
[6.695s] -- Up-to-date: /home/lance/robot/install/my_cobot_interfaces/share/my_cobot_interfaces/cmake/my_cobot_interfaces__rosidl_typesupport_cppExport.cmake
[6.719s] -- Up-to-date: /home/lance/robot/install/my_cobot_interfaces/share/my_cobot_interfaces/cmake/my_cobot_interfaces__rosidl_typesupport_cppExport-noconfig.cmake
[6.719s] -- Up-to-date: /home/lance/robot/install/my_cobot_interfaces/share/my_cobot_interfaces/cmake/export_my_cobot_interfaces__rosidl_generator_pyExport.cmake
[6.720s] -- Up-to-date: /home/lance/robot/install/my_cobot_interfaces/share/my_cobot_interfaces/cmake/export_my_cobot_interfaces__rosidl_generator_pyExport-noconfig.cmake
[6.721s] Invoked command in '/home/lance/robot/build/my_cobot_interfaces' returned '0': CMAKE_PREFIX_PATH=/home/lance/robot/install/moveit_config:/home/lance/robot/install/robot_description:/home/lance/robot/install/controllers:/home/lance/robot/install/motion_planning:/home/lance/robot/install/computer_vision:/home/lance/robot/install/bringup:/opt/ros/humble:/home/lance/robot/install/my_cobot_hardware_interface:/home/lance/robot/install/my_cobot_interfaces:/home/lance/moveit2_ws/install /usr/bin/cmake --install /home/lance/robot/build/my_cobot_interfaces
