[5.338s] Invoking command in '/home/lance/robot/src/motion_planning': PYTHONPATH=/home/lance/robot/build/motion_planning/prefix_override:/home/lance/robot/install/motion_planning/lib/python3.10/site-packages:${PYTHONPATH} /usr/bin/python3 setup.py egg_info --egg-base ../../build/motion_planning build --build-base /home/lance/robot/build/motion_planning/build install --record /home/lance/robot/build/motion_planning/install.log --single-version-externally-managed
[6.810s] running egg_info
[6.813s] writing ../../build/motion_planning/motion_planning.egg-info/PKG-INFO
[6.815s] writing dependency_links to ../../build/motion_planning/motion_planning.egg-info/dependency_links.txt
[6.816s] writing entry points to ../../build/motion_planning/motion_planning.egg-info/entry_points.txt
[6.816s] writing requirements to ../../build/motion_planning/motion_planning.egg-info/requires.txt
[6.817s] writing top-level names to ../../build/motion_planning/motion_planning.egg-info/top_level.txt
[6.826s] reading manifest file '../../build/motion_planning/motion_planning.egg-info/SOURCES.txt'
[6.831s] writing manifest file '../../build/motion_planning/motion_planning.egg-info/SOURCES.txt'
[6.832s] running build
[6.833s] running build_py
[6.834s] running install
[6.836s] running install_lib
[6.844s] /usr/lib/python3/dist-packages/setuptools/command/install.py:34: SetuptoolsDeprecationWarning: setup.py install is deprecated. Use build and pip and other standards-based tools.
[6.845s]   warnings.warn(
[6.845s] running install_data
[6.847s] running install_egg_info
[6.863s] removing '/home/lance/robot/install/motion_planning/lib/python3.10/site-packages/motion_planning-0.0.0-py3.10.egg-info' (and everything under it)
[6.863s] Copying ../../build/motion_planning/motion_planning.egg-info to /home/lance/robot/install/motion_planning/lib/python3.10/site-packages/motion_planning-0.0.0-py3.10.egg-info
[6.869s] running install_scripts
[6.989s] writing list of installed files to '/home/lance/robot/build/motion_planning/install.log'
[7.202s] Invoked command in '/home/lance/robot/src/motion_planning' returned '0': PYTHONPATH=/home/lance/robot/build/motion_planning/prefix_override:/home/lance/robot/install/motion_planning/lib/python3.10/site-packages:${PYTHONPATH} /usr/bin/python3 setup.py egg_info --egg-base ../../build/motion_planning build --build-base /home/lance/robot/build/motion_planning/build install --record /home/lance/robot/build/motion_planning/install.log --single-version-externally-managed
