[5.690s] Invoking command in '/home/lance/robot/src/controllers': CMAKE_PREFIX_PATH=/home/lance/robot/install/my_cobot_interfaces:/home/lance/robot/install/moveit_config:/home/lance/robot/install/my_cobot_hardware_interface:/home/lance/moveit2_ws/install LD_LIBRARY_PATH=/home/lance/robot/install/my_cobot_interfaces/lib:/home/lance/robot/install/my_cobot_hardware_interface/lib:/opt/ros/humble/opt/rviz_ogre_vendor/lib:/opt/ros/humble/lib/aarch64-linux-gnu:/opt/ros/humble/lib PYTHONPATH=/home/lance/robot/build/controllers/prefix_override:/home/lance/robot/install/controllers/lib/python3.10/site-packages:${PYTHONPATH} /usr/bin/python3 setup.py egg_info --egg-base ../../build/controllers build --build-base /home/lance/robot/build/controllers/build install --record /home/lance/robot/build/controllers/install.log --single-version-externally-managed
[7.359s] running egg_info
[7.361s] writing ../../build/controllers/controllers.egg-info/PKG-INFO
[7.363s] writing dependency_links to ../../build/controllers/controllers.egg-info/dependency_links.txt
[7.364s] writing entry points to ../../build/controllers/controllers.egg-info/entry_points.txt
[7.367s] writing requirements to ../../build/controllers/controllers.egg-info/requires.txt
[7.369s] writing top-level names to ../../build/controllers/controllers.egg-info/top_level.txt
[7.380s] reading manifest file '../../build/controllers/controllers.egg-info/SOURCES.txt'
[7.385s] writing manifest file '../../build/controllers/controllers.egg-info/SOURCES.txt'
[7.385s] running build
[7.386s] running build_py
[7.388s] running install
[7.392s] running install_lib
[7.399s] running install_data
[7.402s] running install_egg_info
[7.410s] removing '/home/lance/robot/install/controllers/lib/python3.10/site-packages/controllers-0.0.0-py3.10.egg-info' (and everything under it)
[7.412s] Copying ../../build/controllers/controllers.egg-info to /home/lance/robot/install/controllers/lib/python3.10/site-packages/controllers-0.0.0-py3.10.egg-info
[7.419s] running install_scripts
[7.524s] Installing follow_trajectory script to /home/lance/robot/install/controllers/lib/controllers
[7.525s] Installing joint_state script to /home/lance/robot/install/controllers/lib/controllers
[7.526s] Installing my_cobot script to /home/lance/robot/install/controllers/lib/controllers
[7.528s] Installing shutdown script to /home/lance/robot/install/controllers/lib/controllers
[7.530s] writing list of installed files to '/home/lance/robot/build/controllers/install.log'
[7.716s] Invoked command in '/home/lance/robot/src/controllers' returned '0': CMAKE_PREFIX_PATH=/home/lance/robot/install/my_cobot_interfaces:/home/lance/robot/install/moveit_config:/home/lance/robot/install/my_cobot_hardware_interface:/home/lance/moveit2_ws/install LD_LIBRARY_PATH=/home/lance/robot/install/my_cobot_interfaces/lib:/home/lance/robot/install/my_cobot_hardware_interface/lib:/opt/ros/humble/opt/rviz_ogre_vendor/lib:/opt/ros/humble/lib/aarch64-linux-gnu:/opt/ros/humble/lib PYTHONPATH=/home/lance/robot/build/controllers/prefix_override:/home/lance/robot/install/controllers/lib/python3.10/site-packages:${PYTHONPATH} /usr/bin/python3 setup.py egg_info --egg-base ../../build/controllers build --build-base /home/lance/robot/build/controllers/build install --record /home/lance/robot/build/controllers/install.log --single-version-externally-managed
