[0.218s] Invoking command in '/home/lance/robot/build/my_cobot_hardware_interface': CMAKE_PREFIX_PATH=/home/lance/robot/install/my_cobot_interfaces:/home/lance/robot/install/moveit_config:/home/lance/robot/install/my_cobot_hardware_interface:/home/lance/moveit2_ws/install:/home/lance/robot/install/robot_description:/home/lance/robot/install/coord_controller:/home/lance/robot/install/controllers:/home/lance/robot/install/motion_planning:/home/lance/robot/install/bringup:/opt/ros/humble LD_LIBRARY_PATH=/home/lance/robot/install/my_cobot_interfaces/lib:/home/lance/robot/install/my_cobot_hardware_interface/lib:/opt/ros/humble/opt/rviz_ogre_vendor/lib:/opt/ros/humble/lib/aarch64-linux-gnu:/opt/ros/humble/lib /usr/bin/cmake /home/lance/robot/src/my_cobot_hardware_interface -DCMAKE_INSTALL_PREFIX=/home/lance/robot/install/my_cobot_hardware_interface
[2.183s] -- The C compiler identification is GNU 11.3.0
[2.184s] -- The CXX compiler identification is GNU 11.3.0
[2.184s] -- Detecting C compiler ABI info
[2.184s] -- Detecting C compiler ABI info - done
[2.185s] -- Check for working C compiler: /usr/bin/cc - skipped
[2.186s] -- Detecting C compile features
[2.186s] -- Detecting C compile features - done
[2.186s] -- Detecting CXX compiler ABI info
[2.187s] -- Detecting CXX compiler ABI info - done
[2.187s] -- Check for working CXX compiler: /usr/bin/c++ - skipped
[2.188s] -- Detecting CXX compile features
[2.188s] -- Detecting CXX compile features - done
[2.188s] -- Found ament_cmake: 1.3.5 (/opt/ros/humble/share/ament_cmake/cmake)
[2.995s] -- Found Python3: /usr/bin/python3.10 (found version "3.10.6") found components: Interpreter 
[3.846s] -- Found hardware_interface: 2.28.0 (/opt/ros/humble/share/hardware_interface/cmake)
[4.415s] -- Found rosidl_generator_c: 3.1.4 (/opt/ros/humble/share/rosidl_generator_c/cmake)
[4.498s] -- Found rosidl_adapter: 3.1.4 (/opt/ros/humble/share/rosidl_adapter/cmake)
[4.601s] -- Found rosidl_generator_cpp: 3.1.4 (/opt/ros/humble/share/rosidl_generator_cpp/cmake)
[4.739s] -- Using all available rosidl_typesupport_c: rosidl_typesupport_fastrtps_c;rosidl_typesupport_introspection_c
[4.934s] -- Using all available rosidl_typesupport_cpp: rosidl_typesupport_fastrtps_cpp;rosidl_typesupport_introspection_cpp
[9.146s] -- Found rmw_implementation_cmake: 6.1.1 (/opt/ros/humble/share/rmw_implementation_cmake/cmake)
[9.180s] -- Found rmw_cyclonedds_cpp: 1.3.4 (/opt/ros/humble/share/rmw_cyclonedds_cpp/cmake)
[9.406s] -- Using RMW implementation 'rmw_cyclonedds_cpp' as default
[9.525s] -- Looking for pthread.h
[9.870s] -- Looking for pthread.h - found
[9.871s] -- Performing Test CMAKE_HAVE_LIBC_PTHREAD
[10.210s] -- Performing Test CMAKE_HAVE_LIBC_PTHREAD - Success
[10.213s] -- Found Threads: TRUE  
[10.916s] -- Found my_cobot_interfaces: 0.0.0 (/home/lance/robot/install/my_cobot_interfaces/share/my_cobot_interfaces/cmake)
[11.693s] -- Configuring done
[11.852s] -- Generating done
[11.861s] -- Build files have been written to: /home/lance/robot/build/my_cobot_hardware_interface
[11.903s] Invoked command in '/home/lance/robot/build/my_cobot_hardware_interface' returned '0': CMAKE_PREFIX_PATH=/home/lance/robot/install/my_cobot_interfaces:/home/lance/robot/install/moveit_config:/home/lance/robot/install/my_cobot_hardware_interface:/home/lance/moveit2_ws/install:/home/lance/robot/install/robot_description:/home/lance/robot/install/coord_controller:/home/lance/robot/install/controllers:/home/lance/robot/install/motion_planning:/home/lance/robot/install/bringup:/opt/ros/humble LD_LIBRARY_PATH=/home/lance/robot/install/my_cobot_interfaces/lib:/home/lance/robot/install/my_cobot_hardware_interface/lib:/opt/ros/humble/opt/rviz_ogre_vendor/lib:/opt/ros/humble/lib/aarch64-linux-gnu:/opt/ros/humble/lib /usr/bin/cmake /home/lance/robot/src/my_cobot_hardware_interface -DCMAKE_INSTALL_PREFIX=/home/lance/robot/install/my_cobot_hardware_interface
[11.911s] Invoking command in '/home/lance/robot/build/my_cobot_hardware_interface': CMAKE_PREFIX_PATH=/home/lance/robot/install/my_cobot_interfaces:/home/lance/robot/install/moveit_config:/home/lance/robot/install/my_cobot_hardware_interface:/home/lance/moveit2_ws/install:/home/lance/robot/install/robot_description:/home/lance/robot/install/coord_controller:/home/lance/robot/install/controllers:/home/lance/robot/install/motion_planning:/home/lance/robot/install/bringup:/opt/ros/humble LD_LIBRARY_PATH=/home/lance/robot/install/my_cobot_interfaces/lib:/home/lance/robot/install/my_cobot_hardware_interface/lib:/opt/ros/humble/opt/rviz_ogre_vendor/lib:/opt/ros/humble/lib/aarch64-linux-gnu:/opt/ros/humble/lib /usr/bin/cmake --build /home/lance/robot/build/my_cobot_hardware_interface -- -j4 -l4
[12.128s] [ 50%] [32mBuilding CXX object CMakeFiles/my_cobot_hardware_interface.dir/src/MyCobotHardwareInterface.cpp.o[0m
[32.390s] [100%] [32m[1mLinking CXX shared library libmy_cobot_hardware_interface.so[0m
[34.125s] [100%] Built target my_cobot_hardware_interface
[34.168s] Invoked command in '/home/lance/robot/build/my_cobot_hardware_interface' returned '0': CMAKE_PREFIX_PATH=/home/lance/robot/install/my_cobot_interfaces:/home/lance/robot/install/moveit_config:/home/lance/robot/install/my_cobot_hardware_interface:/home/lance/moveit2_ws/install:/home/lance/robot/install/robot_description:/home/lance/robot/install/coord_controller:/home/lance/robot/install/controllers:/home/lance/robot/install/motion_planning:/home/lance/robot/install/bringup:/opt/ros/humble LD_LIBRARY_PATH=/home/lance/robot/install/my_cobot_interfaces/lib:/home/lance/robot/install/my_cobot_hardware_interface/lib:/opt/ros/humble/opt/rviz_ogre_vendor/lib:/opt/ros/humble/lib/aarch64-linux-gnu:/opt/ros/humble/lib /usr/bin/cmake --build /home/lance/robot/build/my_cobot_hardware_interface -- -j4 -l4
[34.306s] Invoking command in '/home/lance/robot/build/my_cobot_hardware_interface': CMAKE_PREFIX_PATH=/home/lance/robot/install/my_cobot_interfaces:/home/lance/robot/install/moveit_config:/home/lance/robot/install/my_cobot_hardware_interface:/home/lance/moveit2_ws/install:/home/lance/robot/install/robot_description:/home/lance/robot/install/coord_controller:/home/lance/robot/install/controllers:/home/lance/robot/install/motion_planning:/home/lance/robot/install/bringup:/opt/ros/humble LD_LIBRARY_PATH=/home/lance/robot/install/my_cobot_interfaces/lib:/home/lance/robot/install/my_cobot_hardware_interface/lib:/opt/ros/humble/opt/rviz_ogre_vendor/lib:/opt/ros/humble/lib/aarch64-linux-gnu:/opt/ros/humble/lib /usr/bin/cmake --install /home/lance/robot/build/my_cobot_hardware_interface
[34.333s] -- Install configuration: ""
[34.334s] -- Installing: /home/lance/robot/install/my_cobot_hardware_interface/share/my_cobot_hardware_interface/my_cobot_hardware_interface.xml
[34.337s] -- Installing: /home/lance/robot/install/my_cobot_hardware_interface/include
[34.337s] -- Installing: /home/lance/robot/install/my_cobot_hardware_interface/include/my_cobot_hardware_interface
[34.338s] -- Installing: /home/lance/robot/install/my_cobot_hardware_interface/include/my_cobot_hardware_interface/MyCobotHardwareInterface.hpp
[34.340s] -- Installing: /home/lance/robot/install/my_cobot_hardware_interface/share/my_cobot_hardware_interface/environment/library_path.sh
[34.342s] -- Installing: /home/lance/robot/install/my_cobot_hardware_interface/share/my_cobot_hardware_interface/environment/library_path.dsv
[34.346s] -- Installing: /home/lance/robot/install/my_cobot_hardware_interface/lib/libmy_cobot_hardware_interface.so
[34.362s] -- Set runtime path of "/home/lance/robot/install/my_cobot_hardware_interface/lib/libmy_cobot_hardware_interface.so" to ""
[34.363s] -- Installing: /home/lance/robot/install/my_cobot_hardware_interface/share/ament_index/resource_index/package_run_dependencies/my_cobot_hardware_interface
[34.365s] -- Installing: /home/lance/robot/install/my_cobot_hardware_interface/share/ament_index/resource_index/parent_prefix_path/my_cobot_hardware_interface
[34.366s] -- Installing: /home/lance/robot/install/my_cobot_hardware_interface/share/my_cobot_hardware_interface/environment/ament_prefix_path.sh
[34.369s] -- Installing: /home/lance/robot/install/my_cobot_hardware_interface/share/my_cobot_hardware_interface/environment/ament_prefix_path.dsv
[34.370s] -- Installing: /home/lance/robot/install/my_cobot_hardware_interface/share/my_cobot_hardware_interface/environment/path.sh
[34.370s] -- Installing: /home/lance/robot/install/my_cobot_hardware_interface/share/my_cobot_hardware_interface/environment/path.dsv
[34.372s] -- Installing: /home/lance/robot/install/my_cobot_hardware_interface/share/my_cobot_hardware_interface/local_setup.bash
[34.373s] -- Installing: /home/lance/robot/install/my_cobot_hardware_interface/share/my_cobot_hardware_interface/local_setup.sh
[34.374s] -- Installing: /home/lance/robot/install/my_cobot_hardware_interface/share/my_cobot_hardware_interface/local_setup.zsh
[34.375s] -- Installing: /home/lance/robot/install/my_cobot_hardware_interface/share/my_cobot_hardware_interface/local_setup.dsv
[34.376s] -- Installing: /home/lance/robot/install/my_cobot_hardware_interface/share/my_cobot_hardware_interface/package.dsv
[34.378s] -- Installing: /home/lance/robot/install/my_cobot_hardware_interface/share/ament_index/resource_index/packages/my_cobot_hardware_interface
[34.380s] -- Installing: /home/lance/robot/install/my_cobot_hardware_interface/share/ament_index/resource_index/hardware_interface__pluginlib__plugin/my_cobot_hardware_interface
[34.381s] -- Installing: /home/lance/robot/install/my_cobot_hardware_interface/share/my_cobot_hardware_interface/cmake/ament_cmake_export_libraries-extras.cmake
[34.383s] -- Installing: /home/lance/robot/install/my_cobot_hardware_interface/share/my_cobot_hardware_interface/cmake/my_cobot_hardware_interfaceConfig.cmake
[34.384s] -- Installing: /home/lance/robot/install/my_cobot_hardware_interface/share/my_cobot_hardware_interface/cmake/my_cobot_hardware_interfaceConfig-version.cmake
[34.385s] -- Installing: /home/lance/robot/install/my_cobot_hardware_interface/share/my_cobot_hardware_interface/package.xml
[34.397s] Invoked command in '/home/lance/robot/build/my_cobot_hardware_interface' returned '0': CMAKE_PREFIX_PATH=/home/lance/robot/install/my_cobot_interfaces:/home/lance/robot/install/moveit_config:/home/lance/robot/install/my_cobot_hardware_interface:/home/lance/moveit2_ws/install:/home/lance/robot/install/robot_description:/home/lance/robot/install/coord_controller:/home/lance/robot/install/controllers:/home/lance/robot/install/motion_planning:/home/lance/robot/install/bringup:/opt/ros/humble LD_LIBRARY_PATH=/home/lance/robot/install/my_cobot_interfaces/lib:/home/lance/robot/install/my_cobot_hardware_interface/lib:/opt/ros/humble/opt/rviz_ogre_vendor/lib:/opt/ros/humble/lib/aarch64-linux-gnu:/opt/ros/humble/lib /usr/bin/cmake --install /home/lance/robot/build/my_cobot_hardware_interface
