[7.631s] Invoking command in '/home/lance/robot/src/robot_description': PYTHONPATH=/home/lance/robot/build/robot_description/prefix_override:/home/lance/robot/install/robot_description/lib/python3.10/site-packages:${PYTHONPATH} /usr/bin/python3 setup.py egg_info --egg-base ../../build/robot_description build --build-base /home/lance/robot/build/robot_description/build install --record /home/lance/robot/build/robot_description/install.log --single-version-externally-managed
[9.499s] running egg_info
[9.508s] writing ../../build/robot_description/robot_description.egg-info/PKG-INFO
[9.510s] writing dependency_links to ../../build/robot_description/robot_description.egg-info/dependency_links.txt
[9.511s] writing entry points to ../../build/robot_description/robot_description.egg-info/entry_points.txt
[9.512s] writing requirements to ../../build/robot_description/robot_description.egg-info/requires.txt
[9.512s] writing top-level names to ../../build/robot_description/robot_description.egg-info/top_level.txt
[9.521s] reading manifest file '../../build/robot_description/robot_description.egg-info/SOURCES.txt'
[9.531s] writing manifest file '../../build/robot_description/robot_description.egg-info/SOURCES.txt'
[9.532s] running build
[9.532s] running build_py
[9.534s] running install
[9.535s] /usr/lib/python3/dist-packages/setuptools/command/install.py:34: SetuptoolsDeprecationWarning: setup.py install is deprecated. Use build and pip and other standards-based tools.
[9.536s]   warnings.warn(
[9.536s] running install_lib
[9.545s] running install_data
[9.562s] running install_egg_info
[9.576s] removing '/home/lance/robot/install/robot_description/lib/python3.10/site-packages/robot_description-0.0.0-py3.10.egg-info' (and everything under it)
[9.581s] Copying ../../build/robot_description/robot_description.egg-info to /home/lance/robot/install/robot_description/lib/python3.10/site-packages/robot_description-0.0.0-py3.10.egg-info
[9.593s] running install_scripts
[9.743s] writing list of installed files to '/home/lance/robot/build/robot_description/install.log'
[10.123s] Invoked command in '/home/lance/robot/src/robot_description' returned '0': PYTHONPATH=/home/lance/robot/build/robot_description/prefix_override:/home/lance/robot/install/robot_description/lib/python3.10/site-packages:${PYTHONPATH} /usr/bin/python3 setup.py egg_info --egg-base ../../build/robot_description build --build-base /home/lance/robot/build/robot_description/build install --record /home/lance/robot/build/robot_description/install.log --single-version-externally-managed
