[3.929s] Invoking command in '/home/lance/robot/src/robot_description': PYTHONPATH=/home/lance/robot/build/robot_description/prefix_override:/home/lance/robot/install/robot_description/lib/python3.10/site-packages:${PYTHONPATH} /usr/bin/python3 setup.py egg_info --egg-base ../../build/robot_description build --build-base /home/lance/robot/build/robot_description/build install --record /home/lance/robot/build/robot_description/install.log --single-version-externally-managed
[5.335s] running egg_info
[5.338s] writing ../../build/robot_description/robot_description.egg-info/PKG-INFO
[5.341s] writing dependency_links to ../../build/robot_description/robot_description.egg-info/dependency_links.txt
[5.342s] writing entry points to ../../build/robot_description/robot_description.egg-info/entry_points.txt
[5.343s] writing requirements to ../../build/robot_description/robot_description.egg-info/requires.txt
[5.344s] writing top-level names to ../../build/robot_description/robot_description.egg-info/top_level.txt
[5.360s] reading manifest file '../../build/robot_description/robot_description.egg-info/SOURCES.txt'
[5.368s] writing manifest file '../../build/robot_description/robot_description.egg-info/SOURCES.txt'
[5.368s] running build
[5.369s] running build_py
[5.371s] running install
[5.373s] /usr/lib/python3/dist-packages/setuptools/command/install.py:34: SetuptoolsDeprecationWarning: setup.py install is deprecated. Use build and pip and other standards-based tools.
[5.373s]   warnings.warn(
[5.374s] running install_lib
[5.382s] running install_data
[5.386s] copying urdf/mycobot_with_vision_v2.urdf -> /home/lance/robot/install/robot_description/share/robot_description/urdf
[5.390s] running install_egg_info
[5.397s] removing '/home/lance/robot/install/robot_description/lib/python3.10/site-packages/robot_description-0.0.0-py3.10.egg-info' (and everything under it)
[5.399s] Copying ../../build/robot_description/robot_description.egg-info to /home/lance/robot/install/robot_description/lib/python3.10/site-packages/robot_description-0.0.0-py3.10.egg-info
[5.410s] running install_scripts
[5.515s] writing list of installed files to '/home/lance/robot/build/robot_description/install.log'
[5.686s] Invoked command in '/home/lance/robot/src/robot_description' returned '0': PYTHONPATH=/home/lance/robot/build/robot_description/prefix_override:/home/lance/robot/install/robot_description/lib/python3.10/site-packages:${PYTHONPATH} /usr/bin/python3 setup.py egg_info --egg-base ../../build/robot_description build --build-base /home/lance/robot/build/robot_description/build install --record /home/lance/robot/build/robot_description/install.log --single-version-externally-managed
