[01m[K/home/lance/robot/src/my_cobot_hardware_interface/src/MyCobotHardwareInterface.cpp:90:13:[m[K [01;31m[Kerror: [m[K‘[01m[Kexecutor[m[K’ in namespace ‘[01m[Krclcpp[m[K’ does not name a type; did you mean ‘[01m[KExecutor[m[K’?
   90 |     rclcpp::[01;31m[Kexecutor[m[K::FutureReturnCode result_;
      |             [01;31m[K^~~~~~~~[m[K
      |             [32m[KExecutor[m[K
[01m[K/home/lance/robot/src/my_cobot_hardware_interface/src/MyCobotHardwareInterface.cpp:13:10:[m[K [01;31m[Kerror: [m[K‘[01m[Kbool my_cobot_hardware_interface::MyCobotHardwareInterface::configure(const hardware_interface::HardwareInfo&)[m[K’ marked ‘[01m[Koverride[m[K’, but does not override
   13 |     bool [01;31m[Kconfigure[m[K(const hardware_interface::HardwareInfo& info) override
      |          [01;31m[K^~~~~~~~~[m[K
[01m[K/home/lance/robot/src/my_cobot_hardware_interface/src/MyCobotHardwareInterface.cpp:21:10:[m[K [01;31m[Kerror: [m[K‘[01m[Kbool my_cobot_hardware_interface::MyCobotHardwareInterface::cleanup()[m[K’ marked ‘[01m[Koverride[m[K’, but does not override
   21 |     bool [01;31m[Kcleanup[m[K() override
      |          [01;31m[K^~~~~~~[m[K
[01m[K/home/lance/robot/src/my_cobot_hardware_interface/src/MyCobotHardwareInterface.cpp:52:10:[m[K [01;31m[Kerror: [m[K‘[01m[Kvoid my_cobot_hardware_interface::MyCobotHardwareInterface::read()[m[K’ marked ‘[01m[Koverride[m[K’, but does not override
   52 |     void [01;31m[Kread[m[K() override
      |          [01;31m[K^~~~[m[K
[01m[K/home/lance/robot/src/my_cobot_hardware_interface/src/MyCobotHardwareInterface.cpp:64:10:[m[K [01;31m[Kerror: [m[K‘[01m[Kvoid my_cobot_hardware_interface::MyCobotHardwareInterface::write()[m[K’ marked ‘[01m[Koverride[m[K’, but does not override
   64 |     void [01;31m[Kwrite[m[K() override
      |          [01;31m[K^~~~~[m[K
[01m[K/home/lance/robot/src/my_cobot_hardware_interface/src/MyCobotHardwareInterface.cpp:[m[K In member function ‘[01m[Kbool my_cobot_hardware_interface::MyCobotHardwareInterface::configure(const hardware_interface::HardwareInfo&)[m[K’:
[01m[K/home/lance/robot/src/my_cobot_hardware_interface/src/MyCobotHardwareInterface.cpp:15:27:[m[K [01;31m[Kerror: [m[Kno match for ‘[01m[Koperator=[m[K’ (operand types are ‘[01m[Kstd::vector<std::__cxx11::basic_string<char> >[m[K’ and ‘[01m[Kconst std::vector<hardware_interface::ComponentInfo>[m[K’)
   15 |       joint_names_ = info.[01;31m[Kjoints[m[K;
      |                           [01;31m[K^~~~~~[m[K
In file included from [01m[K/usr/include/c++/11/vector:72[m[K,
                 from [01m[K/usr/include/c++/11/functional:62[m[K,
                 from [01m[K/usr/include/c++/11/pstl/glue_algorithm_defs.h:13[m[K,
                 from [01m[K/usr/include/c++/11/algorithm:74[m[K,
                 from [01m[K/opt/ros/humble/include/rclcpp/rclcpp/executor.hpp:18[m[K,
                 from [01m[K/opt/ros/humble/include/rclcpp/rclcpp/executors/multi_threaded_executor.hpp:25[m[K,
                 from [01m[K/opt/ros/humble/include/rclcpp/rclcpp/executors.hpp:21[m[K,
                 from [01m[K/opt/ros/humble/include/rclcpp/rclcpp/rclcpp.hpp:155[m[K,
                 from [01m[K/home/lance/robot/src/my_cobot_hardware_interface/src/MyCobotHardwareInterface.cpp:1[m[K:
[01m[K/usr/include/c++/11/bits/vector.tcc:198:5:[m[K [01;36m[Knote: [m[Kcandidate: ‘[01m[Kstd::vector<_Tp, _Alloc>& std::vector<_Tp, _Alloc>::operator=(const std::vector<_Tp, _Alloc>&) [with _Tp = std::__cxx11::basic_string<char>; _Alloc = std::allocator<std::__cxx11::basic_string<char> >][m[K’
  198 |     [01;36m[Kvector<_Tp, _Alloc>[m[K::
      |     [01;36m[K^~~~~~~~~~~~~~~~~~~[m[K
[01m[K/usr/include/c++/11/bits/vector.tcc:199:42:[m[K [01;36m[Knote: [m[K  no known conversion for argument 1 from ‘[01m[Kconst std::vector<hardware_interface::ComponentInfo>[m[K’ to ‘[01m[Kconst std::vector<std::__cxx11::basic_string<char> >&[m[K’
  199 |     operator=([01;36m[Kconst vector<_Tp, _Alloc>& __x[m[K)
      |               [01;36m[K~~~~~~~~~~~~~~~~~~~~~~~~~~~^~~[m[K
In file included from [01m[K/usr/include/c++/11/vector:67[m[K,
                 from [01m[K/usr/include/c++/11/functional:62[m[K,
                 from [01m[K/usr/include/c++/11/pstl/glue_algorithm_defs.h:13[m[K,
                 from [01m[K/usr/include/c++/11/algorithm:74[m[K,
                 from [01m[K/opt/ros/humble/include/rclcpp/rclcpp/executor.hpp:18[m[K,
                 from [01m[K/opt/ros/humble/include/rclcpp/rclcpp/executors/multi_threaded_executor.hpp:25[m[K,
                 from [01m[K/opt/ros/humble/include/rclcpp/rclcpp/executors.hpp:21[m[K,
                 from [01m[K/opt/ros/humble/include/rclcpp/rclcpp/rclcpp.hpp:155[m[K,
                 from [01m[K/home/lance/robot/src/my_cobot_hardware_interface/src/MyCobotHardwareInterface.cpp:1[m[K:
[01m[K/usr/include/c++/11/bits/stl_vector.h:709:7:[m[K [01;36m[Knote: [m[Kcandidate: ‘[01m[Kstd::vector<_Tp, _Alloc>& std::vector<_Tp, _Alloc>::operator=(std::vector<_Tp, _Alloc>&&) [with _Tp = std::__cxx11::basic_string<char>; _Alloc = std::allocator<std::__cxx11::basic_string<char> >][m[K’
  709 |       [01;36m[Koperator[m[K=(vector&& __x) noexcept(_Alloc_traits::_S_nothrow_move())
      |       [01;36m[K^~~~~~~~[m[K
[01m[K/usr/include/c++/11/bits/stl_vector.h:709:26:[m[K [01;36m[Knote: [m[K  no known conversion for argument 1 from ‘[01m[Kconst std::vector<hardware_interface::ComponentInfo>[m[K’ to ‘[01m[Kstd::vector<std::__cxx11::basic_string<char> >&&[m[K’
  709 |       operator=([01;36m[Kvector&& __x[m[K) noexcept(_Alloc_traits::_S_nothrow_move())
      |                 [01;36m[K~~~~~~~~~^~~[m[K
[01m[K/usr/include/c++/11/bits/stl_vector.h:730:7:[m[K [01;36m[Knote: [m[Kcandidate: ‘[01m[Kstd::vector<_Tp, _Alloc>& std::vector<_Tp, _Alloc>::operator=(std::initializer_list<_Tp>) [with _Tp = std::__cxx11::basic_string<char>; _Alloc = std::allocator<std::__cxx11::basic_string<char> >][m[K’
  730 |       [01;36m[Koperator[m[K=(initializer_list<value_type> __l)
      |       [01;36m[K^~~~~~~~[m[K
[01m[K/usr/include/c++/11/bits/stl_vector.h:730:46:[m[K [01;36m[Knote: [m[K  no known conversion for argument 1 from ‘[01m[Kconst std::vector<hardware_interface::ComponentInfo>[m[K’ to ‘[01m[Kstd::initializer_list<std::__cxx11::basic_string<char> >[m[K’
  730 |       operator=([01;36m[Kinitializer_list<value_type> __l[m[K)
      |                 [01;36m[K~~~~~~~~~~~~~~~~~~~~~~~~~~~~~^~~[m[K
[01m[K/home/lance/robot/src/my_cobot_hardware_interface/src/MyCobotHardwareInterface.cpp:[m[K In member function ‘[01m[Kvirtual std::vector<hardware_interface::StateInterface> my_cobot_hardware_interface::MyCobotHardwareInterface::export_state_interfaces()[m[K’:
[01m[K/home/lance/robot/src/my_cobot_hardware_interface/src/MyCobotHardwareInterface.cpp:33:70:[m[K [01;31m[Kerror: [m[K‘[01m[KHW_IF_POSITION_COMMAND[m[K’ is not a member of ‘[01m[Khardware_interface[m[K’
   33 | nterfaces.emplace_back(joint_names_[i], hardware_interface::[01;31m[KHW_IF_POSITION_COMMAND[m[K, &joint_angles_[i]);
      |                                                             [01;31m[K^~~~~~~~~~~~~~~~~~~~~~[m[K

[01m[K/home/lance/robot/src/my_cobot_hardware_interface/src/MyCobotHardwareInterface.cpp:[m[K In member function ‘[01m[Kvirtual std::vector<hardware_interface::CommandInterface> my_cobot_hardware_interface::MyCobotHardwareInterface::export_command_interfaces()[m[K’:
[01m[K/home/lance/robot/src/my_cobot_hardware_interface/src/MyCobotHardwareInterface.cpp:46:70:[m[K [01;31m[Kerror: [m[K‘[01m[KHW_IF_POSITION_COMMAND[m[K’ is not a member of ‘[01m[Khardware_interface[m[K’
   46 | nterfaces.emplace_back(joint_names_[i], hardware_interface::[01;31m[KHW_IF_POSITION_COMMAND[m[K, &joint_angles_command_[i]);
      |                                                             [01;31m[K^~~~~~~~~~~~~~~~~~~~~~[m[K

[01m[K/home/lance/robot/src/my_cobot_hardware_interface/src/MyCobotHardwareInterface.cpp:[m[K In member function ‘[01m[Kvoid my_cobot_hardware_interface::MyCobotHardwareInterface::read()[m[K’:
[01m[K/home/lance/robot/src/my_cobot_hardware_interface/src/MyCobotHardwareInterface.cpp:54:49:[m[K [01;31m[Kerror: [m[K‘[01m[Kresult[m[K’ was not declared in this scope
   54 |       rclcpp::spin_until_future_complete(node_, [01;31m[Kresult[m[K);
      |                                                 [01;31m[K^~~~~~[m[K
[01m[K/home/lance/robot/src/my_cobot_hardware_interface/src/MyCobotHardwareInterface.cpp:[m[K In member function ‘[01m[Kvoid my_cobot_hardware_interface::MyCobotHardwareInterface::write()[m[K’:
[01m[K/home/lance/robot/src/my_cobot_hardware_interface/src/MyCobotHardwareInterface.cpp:70:18:[m[K [01;31m[Kerror: [m[K‘[01m[Kusing element_type = struct my_cobot_interfaces::srv::SetRadians_Request_<std::allocator<void> >[m[K’ {aka ‘[01m[Kstruct my_cobot_interfaces::srv::SetRadians_Request_<std::allocator<void> >[m[K’} has no member named ‘[01m[Kjoint_angles[m[K’; did you mean ‘[01m[Kjoint_names[m[K’?
   70 |         request->[01;31m[Kjoint_angles[m[K[i] = joint_angles_command_[i].data();
      |                  [01;31m[K^~~~~~~~~~~~[m[K
      |                  [32m[Kjoint_names[m[K
[01m[K/home/lance/robot/src/my_cobot_hardware_interface/src/MyCobotHardwareInterface.cpp:70:61:[m[K [01;31m[Kerror: [m[Krequest for member ‘[01m[Kdata[m[K’ in ‘[01m[K((my_cobot_hardware_interface::MyCobotHardwareInterface*)this)->my_cobot_hardware_interface::MyCobotHardwareInterface::joint_angles_command_.std::vector<double, std::allocator<double> >::operator[](i)[m[K’, which is of non-class type ‘[01m[K__gnu_cxx::__alloc_traits<std::allocator<double>, double>::value_type[m[K’ {aka ‘[01m[Kdouble[m[K’}
   70 |         request->joint_angles[i] = joint_angles_command_[i].[01;31m[Kdata[m[K();
      |                                                             [01;31m[K^~~~[m[K
[01m[K/home/lance/robot/src/my_cobot_hardware_interface/src/MyCobotHardwareInterface.cpp:73:49:[m[K [01;31m[Kerror: [m[K‘[01m[Kresult[m[K’ was not declared in this scope
   73 |       rclcpp::spin_until_future_complete(node_, [01;31m[Kresult[m[K);
      |                                                 [01;31m[K^~~~~~[m[K
[01m[K/home/lance/robot/src/my_cobot_hardware_interface/src/MyCobotHardwareInterface.cpp:[m[K In function ‘[01m[Kint main(int, char**)[m[K’:
[01m[K/home/lance/robot/src/my_cobot_hardware_interface/src/MyCobotHardwareInterface.cpp:98:57:[m[K [01;31m[Kerror: [m[Kcannot declare variable ‘[01m[Krobot_hw[m[K’ to be of abstract type ‘[01m[Kmy_cobot_hardware_interface::MyCobotHardwareInterface[m[K’
   98 |   my_cobot_hardware_interface::MyCobotHardwareInterface [01;31m[Krobot_hw[m[K;
      |                                                         [01;31m[K^~~~~~~~[m[K
[01m[K/home/lance/robot/src/my_cobot_hardware_interface/src/MyCobotHardwareInterface.cpp:8:9:[m[K [01;36m[Knote: [m[K  because the following virtual functions are pure within ‘[01m[Kmy_cobot_hardware_interface::MyCobotHardwareInterface[m[K’:
    8 |   class [01;36m[KMyCobotHardwareInterface[m[K : public hardware_interface::SystemInterface
      |         [01;36m[K^~~~~~~~~~~~~~~~~~~~~~~~[m[K
In file included from [01m[K/home/lance/robot/src/my_cobot_hardware_interface/src/MyCobotHardwareInterface.cpp:2[m[K:
[01m[K/opt/ros/humble/include/hardware_interface/system_interface.hpp:173:23:[m[K [01;36m[Knote: [m[K    ‘[01m[Kvirtual hardware_interface::return_type hardware_interface::SystemInterface::read(const rclcpp::Time&, const rclcpp::Duration&)[m[K’
  173 |   virtual return_type [01;36m[Kread[m[K(const rclcpp::Time & time, const rclcpp::Duration & period) = 0;
      |                       [01;36m[K^~~~[m[K
[01m[K/opt/ros/humble/include/hardware_interface/system_interface.hpp:184:23:[m[K [01;36m[Knote: [m[K    ‘[01m[Kvirtual hardware_interface::return_type hardware_interface::SystemInterface::write(const rclcpp::Time&, const rclcpp::Duration&)[m[K’
  184 |   virtual return_type [01;36m[Kwrite[m[K(const rclcpp::Time & time, const rclcpp::Duration & period) = 0;
      |                       [01;36m[K^~~~~[m[K
[01m[K/home/lance/robot/src/my_cobot_hardware_interface/src/MyCobotHardwareInterface.cpp:100:26:[m[K [01;31m[Kerror: [m[K‘[01m[Kusing element_type = class my_cobot_hardware_interface::MyCobotHardwareInterface[m[K’ {aka ‘[01m[Kclass my_cobot_hardware_interface::MyCobotHardwareInterface[m[K’} has no member named ‘[01m[Kinit[m[K’
  100 |   my_cobot_hw_interface->[01;31m[Kinit[m[K(node);
      |                          [01;31m[K^~~~[m[K
In file included from [01m[K/usr/include/aarch64-linux-gnu/c++/11/bits/c++allocator.h:33[m[K,
                 from [01m[K/usr/include/c++/11/bits/allocator.h:46[m[K,
                 from [01m[K/usr/include/c++/11/memory:64[m[K,
                 from [01m[K/opt/ros/humble/include/rclcpp/rclcpp/rclcpp.hpp:153[m[K,
                 from [01m[K/home/lance/robot/src/my_cobot_hardware_interface/src/MyCobotHardwareInterface.cpp:1[m[K:
/usr/include/c++/11/ext/new_allocator.h: In instantiation of ‘[01m[Kvoid __gnu_cxx::new_allocator<_Tp>::construct(_Up*, _Args&& ...) [with _Up = my_cobot_hardware_interface::MyCobotHardwareInterface; _Args = {}; _Tp = my_cobot_hardware_interface::MyCobotHardwareInterface][m[K’:
[01m[K/usr/include/c++/11/bits/alloc_traits.h:516:17:[m[K   required from ‘[01m[Kstatic void std::allocator_traits<std::allocator<_Tp1> >::construct(std::allocator_traits<std::allocator<_Tp1> >::allocator_type&, _Up*, _Args&& ...) [with _Up = my_cobot_hardware_interface::MyCobotHardwareInterface; _Args = {}; _Tp = my_cobot_hardware_interface::MyCobotHardwareInterface; std::allocator_traits<std::allocator<_Tp1> >::allocator_type = std::allocator<my_cobot_hardware_interface::MyCobotHardwareInterface>][m[K’
[01m[K/usr/include/c++/11/bits/shared_ptr_base.h:519:39:[m[K   required from ‘[01m[Kstd::_Sp_counted_ptr_inplace<_Tp, _Alloc, _Lp>::_Sp_counted_ptr_inplace(_Alloc, _Args&& ...) [with _Args = {}; _Tp = my_cobot_hardware_interface::MyCobotHardwareInterface; _Alloc = std::allocator<my_cobot_hardware_interface::MyCobotHardwareInterface>; __gnu_cxx::_Lock_policy _Lp = __gnu_cxx::_S_atomic][m[K’
[01m[K/usr/include/c++/11/bits/shared_ptr_base.h:650:16:[m[K   required from ‘[01m[Kstd::__shared_count<_Lp>::__shared_count(_Tp*&, std::_Sp_alloc_shared_tag<_Alloc>, _Args&& ...) [with _Tp = my_cobot_hardware_interface::MyCobotHardwareInterface; _Alloc = std::allocator<my_cobot_hardware_interface::MyCobotHardwareInterface>; _Args = {}; __gnu_cxx::_Lock_policy _Lp = __gnu_cxx::_S_atomic][m[K’
[01m[K/usr/include/c++/11/bits/shared_ptr_base.h:1342:14:[m[K   required from ‘[01m[Kstd::__shared_ptr<_Tp, _Lp>::__shared_ptr(std::_Sp_alloc_shared_tag<_Tp>, _Args&& ...) [with _Alloc = std::allocator<my_cobot_hardware_interface::MyCobotHardwareInterface>; _Args = {}; _Tp = my_cobot_hardware_interface::MyCobotHardwareInterface; __gnu_cxx::_Lock_policy _Lp = __gnu_cxx::_S_atomic][m[K’
[01m[K/usr/include/c++/11/bits/shared_ptr.h:409:59:[m[K   required from ‘[01m[Kstd::shared_ptr<_Tp>::shared_ptr(std::_Sp_alloc_shared_tag<_Tp>, _Args&& ...) [with _Alloc = std::allocator<my_cobot_hardware_interface::MyCobotHardwareInterface>; _Args = {}; _Tp = my_cobot_hardware_interface::MyCobotHardwareInterface][m[K’
[01m[K/usr/include/c++/11/bits/shared_ptr.h:862:14:[m[K   required from ‘[01m[Kstd::shared_ptr<_Tp> std::allocate_shared(const _Alloc&, _Args&& ...) [with _Tp = my_cobot_hardware_interface::MyCobotHardwareInterface; _Alloc = std::allocator<my_cobot_hardware_interface::MyCobotHardwareInterface>; _Args = {}][m[K’
[01m[K/usr/include/c++/11/bits/shared_ptr.h:878:39:[m[K   required from ‘[01m[Kstd::shared_ptr<_Tp> std::make_shared(_Args&& ...) [with _Tp = my_cobot_hardware_interface::MyCobotHardwareInterface; _Args = {}][m[K’
[01m[K/home/lance/robot/src/my_cobot_hardware_interface/src/MyCobotHardwareInterface.cpp:99:103:[m[K   required from here
[01m[K/usr/include/c++/11/ext/new_allocator.h:162:11:[m[K [01;31m[Kerror: [m[Kinvalid new-expression of abstract class type ‘[01m[Kmy_cobot_hardware_interface::MyCobotHardwareInterface[m[K’
  162 |         { [01;31m[K::new((void *)__p) _Up(std::forward<_Args>(__args)...)[m[K; }
      |           [01;31m[K^~~~~~~~~~~~~~~~~~~~~~~~~~~~~~~~~~~~~~~~~~~~~~~~~~~~~~[m[K
gmake[2]: *** [CMakeFiles/my_cobot_hardware_interface.dir/build.make:76: CMakeFiles/my_cobot_hardware_interface.dir/src/MyCobotHardwareInterface.cpp.o] Error 1
gmake[1]: *** [CMakeFiles/Makefile2:137: CMakeFiles/my_cobot_hardware_interface.dir/all] Error 2
gmake: *** [Makefile:146: all] Error 2
