[10.235s] Invoking command in '/home/lance/robot/build/computer_vision': PYTHONPATH=/home/lance/robot/build/computer_vision/prefix_override:/home/lance/robot/install/computer_vision/lib/python3.10/site-packages:${PYTHONPATH} /usr/bin/python3 setup.py develop --uninstall --editable --build-directory /home/lance/robot/build/computer_vision/build
[12.613s] running develop
[14.783s] Invoked command in '/home/lance/robot/build/computer_vision' returned '0': PYTHONPATH=/home/lance/robot/build/computer_vision/prefix_override:/home/lance/robot/install/computer_vision/lib/python3.10/site-packages:${PYTHONPATH} /usr/bin/python3 setup.py develop --uninstall --editable --build-directory /home/lance/robot/build/computer_vision/build
[14.804s] Invoking command in '/home/lance/robot/src/computer_vision': PYTHONPATH=/home/lance/robot/build/computer_vision/prefix_override:/home/lance/robot/install/computer_vision/lib/python3.10/site-packages:${PYTHONPATH} /usr/bin/python3 setup.py egg_info --egg-base ../../build/computer_vision build --build-base /home/lance/robot/build/computer_vision/build install --record /home/lance/robot/build/computer_vision/install.log --single-version-externally-managed
[17.356s] running egg_info
[17.360s] writing ../../build/computer_vision/computer_vision.egg-info/PKG-INFO
[17.362s] writing dependency_links to ../../build/computer_vision/computer_vision.egg-info/dependency_links.txt
[17.363s] writing entry points to ../../build/computer_vision/computer_vision.egg-info/entry_points.txt
[17.365s] writing requirements to ../../build/computer_vision/computer_vision.egg-info/requires.txt
[17.366s] writing top-level names to ../../build/computer_vision/computer_vision.egg-info/top_level.txt
[17.378s] reading manifest file '../../build/computer_vision/computer_vision.egg-info/SOURCES.txt'
[17.386s] writing manifest file '../../build/computer_vision/computer_vision.egg-info/SOURCES.txt'
[17.387s] running build
[17.389s] running build_py
[17.395s] running install
[17.397s] running install_lib
[17.405s] running install_data
[17.408s] running install_egg_info
[17.418s] removing '/home/lance/robot/install/computer_vision/lib/python3.10/site-packages/computer_vision-0.0.0-py3.10.egg-info' (and everything under it)
[17.420s] Copying ../../build/computer_vision/computer_vision.egg-info to /home/lance/robot/install/computer_vision/lib/python3.10/site-packages/computer_vision-0.0.0-py3.10.egg-info
[17.429s] running install_scripts
[17.547s] Installing cv script to /home/lance/robot/install/computer_vision/lib/computer_vision
[17.550s] writing list of installed files to '/home/lance/robot/build/computer_vision/install.log'
[17.793s] Invoked command in '/home/lance/robot/src/computer_vision' returned '0': PYTHONPATH=/home/lance/robot/build/computer_vision/prefix_override:/home/lance/robot/install/computer_vision/lib/python3.10/site-packages:${PYTHONPATH} /usr/bin/python3 setup.py egg_info --egg-base ../../build/computer_vision build --build-base /home/lance/robot/build/computer_vision/build install --record /home/lance/robot/build/computer_vision/install.log --single-version-externally-managed
