[8.657s] Invoking command in '/home/lance/robot/src/motion_planning': PYTHONPATH=/home/lance/robot/build/motion_planning/prefix_override:/home/lance/robot/install/motion_planning/lib/python3.10/site-packages:${PYTHONPATH} /usr/bin/python3 setup.py egg_info --egg-base ../../build/motion_planning build --build-base /home/lance/robot/build/motion_planning/build install --record /home/lance/robot/build/motion_planning/install.log --single-version-externally-managed
[11.386s] running egg_info
[11.389s] creating ../../build/motion_planning/motion_planning.egg-info
[11.391s] writing ../../build/motion_planning/motion_planning.egg-info/PKG-INFO
[11.394s] writing dependency_links to ../../build/motion_planning/motion_planning.egg-info/dependency_links.txt
[11.397s] writing entry points to ../../build/motion_planning/motion_planning.egg-info/entry_points.txt
[11.400s] writing requirements to ../../build/motion_planning/motion_planning.egg-info/requires.txt
[11.404s] writing top-level names to ../../build/motion_planning/motion_planning.egg-info/top_level.txt
[11.413s] writing manifest file '../../build/motion_planning/motion_planning.egg-info/SOURCES.txt'
[11.452s] reading manifest file '../../build/motion_planning/motion_planning.egg-info/SOURCES.txt'
[11.458s] writing manifest file '../../build/motion_planning/motion_planning.egg-info/SOURCES.txt'
[11.459s] running build
[11.460s] running build_py
[11.461s] creating /home/lance/robot/build/motion_planning/build
[11.462s] creating /home/lance/robot/build/motion_planning/build/lib
[11.463s] creating /home/lance/robot/build/motion_planning/build/lib/motion_planning
[11.464s] copying motion_planning/motion_planning.py -> /home/lance/robot/build/motion_planning/build/lib/motion_planning
[11.497s] copying motion_planning/__init__.py -> /home/lance/robot/build/motion_planning/build/lib/motion_planning
[11.508s] running install
[11.509s] running install_lib
[11.510s] creating /home/lance/robot/install/motion_planning/lib/python3.10/site-packages/motion_planning
[11.511s] copying /home/lance/robot/build/motion_planning/build/lib/motion_planning/motion_planning.py -> /home/lance/robot/install/motion_planning/lib/python3.10/site-packages/motion_planning
[11.512s] copying /home/lance/robot/build/motion_planning/build/lib/motion_planning/__init__.py -> /home/lance/robot/install/motion_planning/lib/python3.10/site-packages/motion_planning
[11.523s] byte-compiling /home/lance/robot/install/motion_planning/lib/python3.10/site-packages/motion_planning/motion_planning.py to motion_planning.cpython-310.pyc
[11.524s] byte-compiling /home/lance/robot/install/motion_planning/lib/python3.10/site-packages/motion_planning/__init__.py to __init__.cpython-310.pyc
[11.531s] running install_data
[11.532s] creating /home/lance/robot/install/motion_planning/share/ament_index
[11.533s] creating /home/lance/robot/install/motion_planning/share/ament_index/resource_index
[11.534s] creating /home/lance/robot/install/motion_planning/share/ament_index/resource_index/packages
[11.535s] copying resource/motion_planning -> /home/lance/robot/install/motion_planning/share/ament_index/resource_index/packages
[11.535s] copying package.xml -> /home/lance/robot/install/motion_planning/share/motion_planning
[11.536s] running install_egg_info
[11.551s] Copying ../../build/motion_planning/motion_planning.egg-info to /home/lance/robot/install/motion_planning/lib/python3.10/site-packages/motion_planning-0.0.0-py3.10.egg-info
[11.552s] running install_scripts
[11.690s] Installing mp script to /home/lance/robot/install/motion_planning/lib/motion_planning
[11.692s] writing list of installed files to '/home/lance/robot/build/motion_planning/install.log'
[11.938s] Invoked command in '/home/lance/robot/src/motion_planning' returned '0': PYTHONPATH=/home/lance/robot/build/motion_planning/prefix_override:/home/lance/robot/install/motion_planning/lib/python3.10/site-packages:${PYTHONPATH} /usr/bin/python3 setup.py egg_info --egg-base ../../build/motion_planning build --build-base /home/lance/robot/build/motion_planning/build install --record /home/lance/robot/build/motion_planning/install.log --single-version-externally-managed
