running egg_info
creating ../../build/computer_vision/computer_vision.egg-info
writing ../../build/computer_vision/computer_vision.egg-info/PKG-INFO
writing dependency_links to ../../build/computer_vision/computer_vision.egg-info/dependency_links.txt
writing entry points to ../../build/computer_vision/computer_vision.egg-info/entry_points.txt
writing requirements to ../../build/computer_vision/computer_vision.egg-info/requires.txt
writing top-level names to ../../build/computer_vision/computer_vision.egg-info/top_level.txt
writing manifest file '../../build/computer_vision/computer_vision.egg-info/SOURCES.txt'
reading manifest file '../../build/computer_vision/computer_vision.egg-info/SOURCES.txt'
writing manifest file '../../build/computer_vision/computer_vision.egg-info/SOURCES.txt'
running build
running build_py
creating /home/lance/robot/build/computer_vision/build
creating /home/lance/robot/build/computer_vision/build/lib
creating /home/lance/robot/build/computer_vision/build/lib/computer_vision
copying computer_vision/computer_vision.py -> /home/lance/robot/build/computer_vision/build/lib/computer_vision
copying computer_vision/__init__.py -> /home/lance/robot/build/computer_vision/build/lib/computer_vision
running install
running install_lib
creating /home/lance/robot/install/computer_vision/lib/python3.10/site-packages/computer_vision
copying /home/lance/robot/build/computer_vision/build/lib/computer_vision/computer_vision.py -> /home/lance/robot/install/computer_vision/lib/python3.10/site-packages/computer_vision
copying /home/lance/robot/build/computer_vision/build/lib/computer_vision/__init__.py -> /home/lance/robot/install/computer_vision/lib/python3.10/site-packages/computer_vision
byte-compiling /home/lance/robot/install/computer_vision/lib/python3.10/site-packages/computer_vision/computer_vision.py to computer_vision.cpython-310.pyc
byte-compiling /home/lance/robot/install/computer_vision/lib/python3.10/site-packages/computer_vision/__init__.py to __init__.cpython-310.pyc
running install_data
creating /home/lance/robot/install/computer_vision/share
creating /home/lance/robot/install/computer_vision/share/ament_index
creating /home/lance/robot/install/computer_vision/share/ament_index/resource_index
creating /home/lance/robot/install/computer_vision/share/ament_index/resource_index/packages
copying resource/computer_vision -> /home/lance/robot/install/computer_vision/share/ament_index/resource_index/packages
creating /home/lance/robot/install/computer_vision/share/computer_vision
copying package.xml -> /home/lance/robot/install/computer_vision/share/computer_vision
running install_egg_info
Copying ../../build/computer_vision/computer_vision.egg-info to /home/lance/robot/install/computer_vision/lib/python3.10/site-packages/computer_vision-0.0.0-py3.10.egg-info
running install_scripts
Installing cv script to /home/lance/robot/install/computer_vision/lib/computer_vision
writing list of installed files to '/home/lance/robot/build/computer_vision/install.log'
