[0.143s] Invoking command in '/home/lance/robot/build/my_cobot_hardware_interface': CMAKE_PREFIX_PATH=/home/lance/robot/install/my_cobot_interfaces:/home/lance/robot/install/moveit_config:/home/lance/moveit2_ws/install:/home/lance/robot/install/robot_description:/home/lance/robot/install/controllers:/home/lance/robot/install/motion_planning:/home/lance/robot/install/computer_vision:/home/lance/robot/install/bringup:/opt/ros/humble /usr/bin/cmake --build /home/lance/robot/build/my_cobot_hardware_interface -- -j4 -l4
[0.383s] [35m[1mConsolidate compiler generated dependencies of target my_cobot_hardware_interface[0m
[0.480s] [ 50%] [32mBuilding CXX object CMakeFiles/my_cobot_hardware_interface.dir/src/MyCobotHardwareInterface.cpp.o[0m
[11.990s] [01m[K/home/lance/robot/src/my_cobot_hardware_interface/src/MyCobotHardwareInterface.cpp:14:37:[m[K [01;31m[Kerror: [m[K‘[01m[Khardware_interface::return_type my_cobot_hw_interface::MyCobotHardwareInterface::on_configure(const hardware_interface::HardwareInfo&)[m[K’ marked ‘[01m[Koverride[m[K’, but does not override
[11.991s]    14 |     hardware_interface::return_type [01;31m[Kon_configure[m[K(const hardware_interface::HardwareInfo& info) override
[11.991s]       |                                     [01;31m[K^~~~~~~~~~~~[m[K
[11.991s] [01m[K/home/lance/robot/src/my_cobot_hardware_interface/src/MyCobotHardwareInterface.cpp:22:37:[m[K [01;31m[Kerror: [m[K‘[01m[Khardware_interface::return_type my_cobot_hw_interface::MyCobotHardwareInterface::on_cleanup()[m[K’ marked ‘[01m[Koverride[m[K’, but does not override
[11.992s]    22 |     hardware_interface::return_type [01;31m[Kon_cleanup[m[K() override
[11.993s]       |                                     [01;31m[K^~~~~~~~~~[m[K
[11.993s] [01m[K/home/lance/robot/src/my_cobot_hardware_interface/src/MyCobotHardwareInterface.cpp:55:10:[m[K [01;31m[Kerror: [m[K‘[01m[Kvoid my_cobot_hw_interface::MyCobotHardwareInterface::on_activate()[m[K’ marked ‘[01m[Koverride[m[K’, but does not override
[11.993s]    55 |     void [01;31m[Kon_activate[m[K() override
[11.994s]       |          [01;31m[K^~~~~~~~~~~[m[K
[11.994s] [01m[K/home/lance/robot/src/my_cobot_hardware_interface/src/MyCobotHardwareInterface.cpp:61:10:[m[K [01;31m[Kerror: [m[K‘[01m[Kvoid my_cobot_hw_interface::MyCobotHardwareInterface::on_deactivate()[m[K’ marked ‘[01m[Koverride[m[K’, but does not override
[11.995s]    61 |     void [01;31m[Kon_deactivate[m[K() override
[11.996s]       |          [01;31m[K^~~~~~~~~~~~~[m[K
[11.997s] [01m[K/home/lance/robot/src/my_cobot_hardware_interface/src/MyCobotHardwareInterface.cpp:67:10:[m[K [01;31m[Kerror: [m[K‘[01m[Kvoid my_cobot_hw_interface::MyCobotHardwareInterface::on_error(const string&)[m[K’ marked ‘[01m[Koverride[m[K’, but does not override
[11.997s]    67 |     void [01;31m[Kon_error[m[K(const std::string& error_message) override
[11.998s]       |          [01;31m[K^~~~~~~~[m[K
[11.998s] [01m[K/home/lance/robot/src/my_cobot_hardware_interface/src/MyCobotHardwareInterface.cpp:72:10:[m[K [01;31m[Kerror: [m[K‘[01m[Kvoid my_cobot_hw_interface::MyCobotHardwareInterface::on_init()[m[K’ marked ‘[01m[Koverride[m[K’, but does not override
[11.999s]    72 |     void [01;31m[Kon_init[m[K() override
[11.999s]       |          [01;31m[K^~~~~~~[m[K
[11.999s] [01m[K/home/lance/robot/src/my_cobot_hardware_interface/src/MyCobotHardwareInterface.cpp:77:10:[m[K [01;31m[Kerror: [m[Kconflicting return type specified for ‘[01m[Kvirtual void my_cobot_hw_interface::MyCobotHardwareInterface::prepare_command_mode_switch(const std::vector<std::__cxx11::basic_string<char> >&, const std::vector<std::__cxx11::basic_string<char> >&)[m[K’
[12.000s]    77 |     void [01;31m[Kprepare_command_mode_switch[m[K(const std::vector<std::string>& start_interfaces,
[12.000s]       |          [01;31m[K^~~~~~~~~~~~~~~~~~~~~~~~~~~[m[K
[12.001s] In file included from [01m[K/home/lance/robot/src/my_cobot_hardware_interface/src/MyCobotHardwareInterface.cpp:2[m[K:
[12.002s] [01m[K/opt/ros/humble/include/hardware_interface/system_interface.hpp:137:23:[m[K [01;36m[Knote: [m[Koverridden function is ‘[01m[Kvirtual hardware_interface::return_type hardware_interface::SystemInterface::prepare_command_mode_switch(const std::vector<std::__cxx11::basic_string<char> >&, const std::vector<std::__cxx11::basic_string<char> >&)[m[K’
[12.002s]   137 |   virtual return_type [01;36m[Kprepare_command_mode_switch[m[K(
[12.002s]       |                       [01;36m[K^~~~~~~~~~~~~~~~~~~~~~~~~~~[m[K
[12.003s] [01m[K/home/lance/robot/src/my_cobot_hardware_interface/src/MyCobotHardwareInterface.cpp:83:10:[m[K [01;31m[Kerror: [m[Kconflicting return type specified for ‘[01m[Kvirtual void my_cobot_hw_interface::MyCobotHardwareInterface::perform_command_mode_switch(const std::vector<std::__cxx11::basic_string<char> >&, const std::vector<std::__cxx11::basic_string<char> >&)[m[K’
[12.003s]    83 |     void [01;31m[Kperform_command_mode_switch[m[K(const std::vector<std::string>& start_interfaces,
[12.004s]       |          [01;31m[K^~~~~~~~~~~~~~~~~~~~~~~~~~~[m[K
[12.004s] In file included from [01m[K/home/lance/robot/src/my_cobot_hardware_interface/src/MyCobotHardwareInterface.cpp:2[m[K:
[12.004s] [01m[K/opt/ros/humble/include/hardware_interface/system_interface.hpp:156:23:[m[K [01;36m[Knote: [m[Koverridden function is ‘[01m[Kvirtual hardware_interface::return_type hardware_interface::SystemInterface::perform_command_mode_switch(const std::vector<std::__cxx11::basic_string<char> >&, const std::vector<std::__cxx11::basic_string<char> >&)[m[K’
[12.005s]   156 |   virtual return_type [01;36m[Kperform_command_mode_switch[m[K(
[12.005s]       |                       [01;36m[K^~~~~~~~~~~~~~~~~~~~~~~~~~~[m[K
[12.005s] [01m[K/home/lance/robot/src/my_cobot_hardware_interface/src/MyCobotHardwareInterface.cpp:89:10:[m[K [01;31m[Kerror: [m[K‘[01m[Kvoid my_cobot_hw_interface::MyCobotHardwareInterface::read()[m[K’ marked ‘[01m[Koverride[m[K’, but does not override
[12.006s]    89 |     void [01;31m[Kread[m[K() override
[12.006s]       |          [01;31m[K^~~~[m[K
[12.007s] [01m[K/home/lance/robot/src/my_cobot_hardware_interface/src/MyCobotHardwareInterface.cpp:119:10:[m[K [01;31m[Kerror: [m[K‘[01m[Kvoid my_cobot_hw_interface::MyCobotHardwareInterface::write()[m[K’ marked ‘[01m[Koverride[m[K’, but does not override
[12.007s]   119 |     void [01;31m[Kwrite[m[K() override
[12.007s]       |          [01;31m[K^~~~~[m[K
[12.008s] [01m[K/home/lance/robot/src/my_cobot_hardware_interface/src/MyCobotHardwareInterface.cpp:[m[K In member function ‘[01m[Khardware_interface::return_type my_cobot_hw_interface::MyCobotHardwareInterface::on_configure(const hardware_interface::HardwareInfo&)[m[K’:
[12.008s] [01m[K/home/lance/robot/src/my_cobot_hardware_interface/src/MyCobotHardwareInterface.cpp:16:27:[m[K [01;31m[Kerror: [m[Kno match for ‘[01m[Koperator=[m[K’ (operand types are ‘[01m[Kstd::vector<std::__cxx11::basic_string<char> >[m[K’ and ‘[01m[Kconst std::vector<hardware_interface::ComponentInfo>[m[K’)
[12.009s]    16 |       joint_names_ = info.[01;31m[Kjoints[m[K;
[12.009s]       |                           [01;31m[K^~~~~~[m[K
[12.010s] In file included from [01m[K/usr/include/c++/11/vector:72[m[K,
[12.010s]                  from [01m[K/usr/include/c++/11/functional:62[m[K,
[12.011s]                  from [01m[K/usr/include/c++/11/pstl/glue_algorithm_defs.h:13[m[K,
[12.011s]                  from [01m[K/usr/include/c++/11/algorithm:74[m[K,
[12.012s]                  from [01m[K/opt/ros/humble/include/rclcpp/rclcpp/executor.hpp:18[m[K,
[12.012s]                  from [01m[K/opt/ros/humble/include/rclcpp/rclcpp/executors/multi_threaded_executor.hpp:25[m[K,
[12.012s]                  from [01m[K/opt/ros/humble/include/rclcpp/rclcpp/executors.hpp:21[m[K,
[12.013s]                  from [01m[K/opt/ros/humble/include/rclcpp/rclcpp/rclcpp.hpp:155[m[K,
[12.013s]                  from [01m[K/home/lance/robot/src/my_cobot_hardware_interface/src/MyCobotHardwareInterface.cpp:1[m[K:
[12.014s] [01m[K/usr/include/c++/11/bits/vector.tcc:198:5:[m[K [01;36m[Knote: [m[Kcandidate: ‘[01m[Kstd::vector<_Tp, _Alloc>& std::vector<_Tp, _Alloc>::operator=(const std::vector<_Tp, _Alloc>&) [with _Tp = std::__cxx11::basic_string<char>; _Alloc = std::allocator<std::__cxx11::basic_string<char> >][m[K’
[12.014s]   198 |     [01;36m[Kvector<_Tp, _Alloc>[m[K::
[12.014s]       |     [01;36m[K^~~~~~~~~~~~~~~~~~~[m[K
[12.015s] [01m[K/usr/include/c++/11/bits/vector.tcc:199:42:[m[K [01;36m[Knote: [m[K  no known conversion for argument 1 from ‘[01m[Kconst std::vector<hardware_interface::ComponentInfo>[m[K’ to ‘[01m[Kconst std::vector<std::__cxx11::basic_string<char> >&[m[K’
[12.015s]   199 |     operator=([01;36m[Kconst vector<_Tp, _Alloc>& __x[m[K)
[12.016s]       |               [01;36m[K~~~~~~~~~~~~~~~~~~~~~~~~~~~^~~[m[K
[12.016s] In file included from [01m[K/usr/include/c++/11/vector:67[m[K,
[12.016s]                  from [01m[K/usr/include/c++/11/functional:62[m[K,
[12.017s]                  from [01m[K/usr/include/c++/11/pstl/glue_algorithm_defs.h:13[m[K,
[12.017s]                  from [01m[K/usr/include/c++/11/algorithm:74[m[K,
[12.017s]                  from [01m[K/opt/ros/humble/include/rclcpp/rclcpp/executor.hpp:18[m[K,
[12.018s]                  from [01m[K/opt/ros/humble/include/rclcpp/rclcpp/executors/multi_threaded_executor.hpp:25[m[K,
[12.018s]                  from [01m[K/opt/ros/humble/include/rclcpp/rclcpp/executors.hpp:21[m[K,
[12.019s]                  from [01m[K/opt/ros/humble/include/rclcpp/rclcpp/rclcpp.hpp:155[m[K,
[12.019s]                  from [01m[K/home/lance/robot/src/my_cobot_hardware_interface/src/MyCobotHardwareInterface.cpp:1[m[K:
[12.019s] [01m[K/usr/include/c++/11/bits/stl_vector.h:709:7:[m[K [01;36m[Knote: [m[Kcandidate: ‘[01m[Kstd::vector<_Tp, _Alloc>& std::vector<_Tp, _Alloc>::operator=(std::vector<_Tp, _Alloc>&&) [with _Tp = std::__cxx11::basic_string<char>; _Alloc = std::allocator<std::__cxx11::basic_string<char> >][m[K’
[12.020s]   709 |       [01;36m[Koperator[m[K=(vector&& __x) noexcept(_Alloc_traits::_S_nothrow_move())
[12.020s]       |       [01;36m[K^~~~~~~~[m[K
[12.020s] [01m[K/usr/include/c++/11/bits/stl_vector.h:709:26:[m[K [01;36m[Knote: [m[K  no known conversion for argument 1 from ‘[01m[Kconst std::vector<hardware_interface::ComponentInfo>[m[K’ to ‘[01m[Kstd::vector<std::__cxx11::basic_string<char> >&&[m[K’
[12.021s]   709 |       operator=([01;36m[Kvector&& __x[m[K) noexcept(_Alloc_traits::_S_nothrow_move())
[12.021s]       |                 [01;36m[K~~~~~~~~~^~~[m[K
[12.021s] [01m[K/usr/include/c++/11/bits/stl_vector.h:730:7:[m[K [01;36m[Knote: [m[Kcandidate: ‘[01m[Kstd::vector<_Tp, _Alloc>& std::vector<_Tp, _Alloc>::operator=(std::initializer_list<_Tp>) [with _Tp = std::__cxx11::basic_string<char>; _Alloc = std::allocator<std::__cxx11::basic_string<char> >][m[K’
[12.022s]   730 |       [01;36m[Koperator[m[K=(initializer_list<value_type> __l)
[12.022s]       |       [01;36m[K^~~~~~~~[m[K
[12.023s] [01m[K/usr/include/c++/11/bits/stl_vector.h:730:46:[m[K [01;36m[Knote: [m[K  no known conversion for argument 1 from ‘[01m[Kconst std::vector<hardware_interface::ComponentInfo>[m[K’ to ‘[01m[Kstd::initializer_list<std::__cxx11::basic_string<char> >[m[K’
[12.023s]   730 |       operator=([01;36m[Kinitializer_list<value_type> __l[m[K)
[12.023s]       |                 [01;36m[K~~~~~~~~~~~~~~~~~~~~~~~~~~~~~^~~[m[K
[12.024s] [01m[K/home/lance/robot/src/my_cobot_hardware_interface/src/MyCobotHardwareInterface.cpp:19:47:[m[K [01;31m[Kerror: [m[K‘[01m[KSUCCESS[m[K’ is not a member of ‘[01m[Khardware_interface::return_type[m[K’
[12.024s]    19 |       return hardware_interface::return_type::[01;31m[KSUCCESS[m[K;
[12.025s]       |                                               [01;31m[K^~~~~~~[m[K
[12.025s] [01m[K/home/lance/robot/src/my_cobot_hardware_interface/src/MyCobotHardwareInterface.cpp:[m[K In member function ‘[01m[Khardware_interface::return_type my_cobot_hw_interface::MyCobotHardwareInterface::on_cleanup()[m[K’:
[12.026s] [01m[K/home/lance/robot/src/my_cobot_hardware_interface/src/MyCobotHardwareInterface.cpp:24:47:[m[K [01;31m[Kerror: [m[K‘[01m[KSUCCESS[m[K’ is not a member of ‘[01m[Khardware_interface::return_type[m[K’
[12.027s]    24 |       return hardware_interface::return_type::[01;31m[KSUCCESS[m[K;
[12.027s]       |                                               [01;31m[K^~~~~~~[m[K
[12.028s] [01m[K/home/lance/robot/src/my_cobot_hardware_interface/src/MyCobotHardwareInterface.cpp:[m[K In member function ‘[01m[Kvirtual std::vector<hardware_interface::StateInterface> my_cobot_hw_interface::MyCobotHardwareInterface::export_state_interfaces()[m[K’:
[12.028s] [01m[K/home/lance/robot/src/my_cobot_hardware_interface/src/MyCobotHardwareInterface.cpp:35:50:[m[K [01;31m[Kerror: [m[K‘[01m[KHW_IF_POSITION[m[K’ is not a member of ‘[01m[Khardware_interface[m[K’
[12.029s]    35 |             joint_names_[i], hardware_interface::[01;31m[KHW_IF_POSITION[m[K, &joint_angles_[i]);
[12.029s]       |                                                  [01;31m[K^~~~~~~~~~~~~~[m[K
[12.030s] [01m[K/home/lance/robot/src/my_cobot_hardware_interface/src/MyCobotHardwareInterface.cpp:[m[K In member function ‘[01m[Kvirtual std::vector<hardware_interface::CommandInterface> my_cobot_hw_interface::MyCobotHardwareInterface::export_command_interfaces()[m[K’:
[12.031s] [01m[K/home/lance/robot/src/my_cobot_hardware_interface/src/MyCobotHardwareInterface.cpp:49:50:[m[K [01;31m[Kerror: [m[K‘[01m[KHW_IF_POSITION_COMMAND[m[K’ is not a member of ‘[01m[Khardware_interface[m[K’
[12.032s]    49 |             joint_names_[i], hardware_interface::[01;31m[KHW_IF_POSITION_COMMAND[m[K, &joint_angles_command_[i]);
[12.032s]       |                                                  [01;31m[K^~~~~~~~~~~~~~~~~~~~~~[m[K
[12.058s] [01m[K/home/lance/robot/src/my_cobot_hardware_interface/src/MyCobotHardwareInterface.cpp:[m[K In member function ‘[01m[Kvoid my_cobot_hw_interface::MyCobotHardwareInterface::read()[m[K’:
[12.059s] [01m[K/home/lance/robot/src/my_cobot_hardware_interface/src/MyCobotHardwareInterface.cpp:105:23:[m[K [01;31m[Kerror: [m[K‘[01m[Kusing element_type = struct my_cobot_interfaces::srv::GetRadians_Response_<std::allocator<void> >[m[K’ {aka ‘[01m[Kstruct my_cobot_interfaces::srv::GetRadians_Response_<std::allocator<void> >[m[K’} has no member named ‘[01m[Kjoint_angles[m[K’; did you mean ‘[01m[Kjoint_names[m[K’?
[12.060s]   105 |         if (response->[01;31m[Kjoint_angles[m[K.size() == joint_angles_.size())
[12.060s]       |                       [01;31m[K^~~~~~~~~~~~[m[K
[12.061s]       |                       [32m[Kjoint_names[m[K
[12.062s] [01m[K/home/lance/robot/src/my_cobot_hardware_interface/src/MyCobotHardwareInterface.cpp:109:42:[m[K [01;31m[Kerror: [m[K‘[01m[Kusing element_type = struct my_cobot_interfaces::srv::GetRadians_Response_<std::allocator<void> >[m[K’ {aka ‘[01m[Kstruct my_cobot_interfaces::srv::GetRadians_Response_<std::allocator<void> >[m[K’} has no member named ‘[01m[Kjoint_angles[m[K’; did you mean ‘[01m[Kjoint_names[m[K’?
[12.063s]   109 |             joint_angles_[i] = response->[01;31m[Kjoint_angles[m[K[i].data();
[12.064s]       |                                          [01;31m[K^~~~~~~~~~~~[m[K
[12.065s]       |                                          [32m[Kjoint_names[m[K
[12.078s] [01m[K/home/lance/robot/src/my_cobot_hardware_interface/src/MyCobotHardwareInterface.cpp:[m[K In member function ‘[01m[Kvoid my_cobot_hw_interface::MyCobotHardwareInterface::write()[m[K’:
[12.079s] [01m[K/home/lance/robot/src/my_cobot_hardware_interface/src/MyCobotHardwareInterface.cpp:131:18:[m[K [01;31m[Kerror: [m[K‘[01m[Kusing element_type = struct my_cobot_interfaces::srv::SetRadians_Request_<std::allocator<void> >[m[K’ {aka ‘[01m[Kstruct my_cobot_interfaces::srv::SetRadians_Request_<std::allocator<void> >[m[K’} has no member named ‘[01m[Kjoint_angles[m[K’; did you mean ‘[01m[Kjoint_names[m[K’?
[12.080s]   131 |         request->[01;31m[Kjoint_angles[m[K[i] = joint_angles_command_[i].data();
[12.081s]       |                  [01;31m[K^~~~~~~~~~~~[m[K
[12.081s]       |                  [32m[Kjoint_names[m[K
[12.084s] [01m[K/home/lance/robot/src/my_cobot_hardware_interface/src/MyCobotHardwareInterface.cpp:131:61:[m[K [01;31m[Kerror: [m[Krequest for member ‘[01m[Kdata[m[K’ in ‘[01m[K((my_cobot_hw_interface::MyCobotHardwareInterface*)this)->my_cobot_hw_interface::MyCobotHardwareInterface::joint_angles_command_.std::vector<double, std::allocator<double> >::operator[](i)[m[K’, which is of non-class type ‘[01m[K__gnu_cxx::__alloc_traits<std::allocator<double>, double>::value_type[m[K’ {aka ‘[01m[Kdouble[m[K’}
[12.085s]   131 |         request->joint_angles[i] = joint_angles_command_[i].[01;31m[Kdata[m[K();
[12.086s]       |                                                             [01;31m[K^~~~[m[K
[12.087s] [01m[K/home/lance/robot/src/my_cobot_hardware_interface/src/MyCobotHardwareInterface.cpp:134:55:[m[K [01;31m[Kerror: [m[Kno matching function for call to ‘[01m[Krclcpp::Client<my_cobot_interfaces::srv::GetRadians>::async_send_request(std::shared_ptr<my_cobot_interfaces::srv::SetRadians_Request_<std::allocator<void> > >&)[m[K’
[12.088s]   134 |       auto future_result = [01;31m[Kclient_->async_send_request(request)[m[K;
[12.089s]       |                            [01;31m[K~~~~~~~~~~~~~~~~~~~~~~~~~~~^~~~~~~~~[m[K
[12.089s] In file included from [01m[K/opt/ros/humble/include/rclcpp/rclcpp/callback_group.hpp:24[m[K,
[12.090s]                  from [01m[K/opt/ros/humble/include/rclcpp/rclcpp/any_executable.hpp:20[m[K,
[12.091s]                  from [01m[K/opt/ros/humble/include/rclcpp/rclcpp/memory_strategy.hpp:25[m[K,
[12.092s]                  from [01m[K/opt/ros/humble/include/rclcpp/rclcpp/memory_strategies.hpp:18[m[K,
[12.093s]                  from [01m[K/opt/ros/humble/include/rclcpp/rclcpp/executor_options.hpp:20[m[K,
[12.094s]                  from [01m[K/opt/ros/humble/include/rclcpp/rclcpp/executor.hpp:37[m[K,
[12.095s]                  from [01m[K/opt/ros/humble/include/rclcpp/rclcpp/executors/multi_threaded_executor.hpp:25[m[K,
[12.095s]                  from [01m[K/opt/ros/humble/include/rclcpp/rclcpp/executors.hpp:21[m[K,
[12.096s]                  from [01m[K/opt/ros/humble/include/rclcpp/rclcpp/rclcpp.hpp:155[m[K,
[12.097s]                  from [01m[K/home/lance/robot/src/my_cobot_hardware_interface/src/MyCobotHardwareInterface.cpp:1[m[K:
[12.098s] [01m[K/opt/ros/humble/include/rclcpp/rclcpp/client.hpp:643:3:[m[K [01;36m[Knote: [m[Kcandidate: ‘[01m[Ktemplate<class CallbackT, typename std::enable_if<rclcpp::function_traits::same_arguments<CallbackT, std::function<void(std::shared_future<std::shared_ptr<my_cobot_interfaces::srv::GetRadians_Response_<std::allocator<void> > > >)> >::value, void>::type* <anonymous> > rclcpp::Client<ServiceT>::SharedFutureAndRequestId rclcpp::Client<ServiceT>::async_send_request(rclcpp::Client<ServiceT>::SharedRequest, CallbackT&&) [with CallbackT = CallbackT; typename std::enable_if<rclcpp::function_traits::same_arguments<CallbackT, std::function<void(std::shared_future<typename ServiceT::Response::SharedPtr>)> >::value>::type* <anonymous> = <anonymous>; ServiceT = my_cobot_interfaces::srv::GetRadians][m[K’
[12.099s]   643 |   [01;36m[Kasync_send_request[m[K(SharedRequest request, CallbackT && cb)
[12.099s]       |   [01;36m[K^~~~~~~~~~~~~~~~~~[m[K
[12.100s] [01m[K/opt/ros/humble/include/rclcpp/rclcpp/client.hpp:643:3:[m[K [01;36m[Knote: [m[K  template argument deduction/substitution failed:
[12.100s] [01m[K/home/lance/robot/src/my_cobot_hardware_interface/src/MyCobotHardwareInterface.cpp:134:55:[m[K [01;36m[Knote: [m[K  candidate expects 2 arguments, 1 provided
[12.102s]   134 |       auto future_result = [01;36m[Kclient_->async_send_request(request)[m[K;
[12.102s]       |                            [01;36m[K~~~~~~~~~~~~~~~~~~~~~~~~~~~^~~~~~~~~[m[K
[12.103s] In file included from [01m[K/opt/ros/humble/include/rclcpp/rclcpp/callback_group.hpp:24[m[K,
[12.104s]                  from [01m[K/opt/ros/humble/include/rclcpp/rclcpp/any_executable.hpp:20[m[K,
[12.105s]                  from [01m[K/opt/ros/humble/include/rclcpp/rclcpp/memory_strategy.hpp:25[m[K,
[12.105s]                  from [01m[K/opt/ros/humble/include/rclcpp/rclcpp/memory_strategies.hpp:18[m[K,
[12.106s]                  from [01m[K/opt/ros/humble/include/rclcpp/rclcpp/executor_options.hpp:20[m[K,
[12.107s]                  from [01m[K/opt/ros/humble/include/rclcpp/rclcpp/executor.hpp:37[m[K,
[12.108s]                  from [01m[K/opt/ros/humble/include/rclcpp/rclcpp/executors/multi_threaded_executor.hpp:25[m[K,
[12.108s]                  from [01m[K/opt/ros/humble/include/rclcpp/rclcpp/executors.hpp:21[m[K,
[12.109s]                  from [01m[K/opt/ros/humble/include/rclcpp/rclcpp/rclcpp.hpp:155[m[K,
[12.110s]                  from [01m[K/home/lance/robot/src/my_cobot_hardware_interface/src/MyCobotHardwareInterface.cpp:1[m[K:
[12.111s] [01m[K/opt/ros/humble/include/rclcpp/rclcpp/client.hpp:674:3:[m[K [01;36m[Knote: [m[Kcandidate: ‘[01m[Ktemplate<class CallbackT, typename std::enable_if<rclcpp::function_traits::same_arguments<CallbackT, std::function<void(std::shared_future<std::pair<std::shared_ptr<my_cobot_interfaces::srv::GetRadians_Request_<std::allocator<void> > >, std::shared_ptr<my_cobot_interfaces::srv::GetRadians_Response_<std::allocator<void> > > > >)> >::value, void>::type* <anonymous> > rclcpp::Client<ServiceT>::SharedFutureWithRequestAndRequestId rclcpp::Client<ServiceT>::async_send_request(rclcpp::Client<ServiceT>::SharedRequest, CallbackT&&) [with CallbackT = CallbackT; typename std::enable_if<rclcpp::function_traits::same_arguments<CallbackT, std::function<void(std::shared_future<std::pair<typename ServiceT::Request::SharedPtr, typename ServiceT::Response::SharedPtr> >)> >::value>::type* <anonymous> = <anonymous>; ServiceT = my_cobot_interfaces::srv::GetRadians][m[K’
[12.112s]   674 |   [01;36m[Kasync_send_request[m[K(SharedRequest request, CallbackT && cb)
[12.113s]       |   [01;36m[K^~~~~~~~~~~~~~~~~~[m[K
[12.113s] [01m[K/opt/ros/humble/include/rclcpp/rclcpp/client.hpp:674:3:[m[K [01;36m[Knote: [m[K  template argument deduction/substitution failed:
[12.114s] [01m[K/home/lance/robot/src/my_cobot_hardware_interface/src/MyCobotHardwareInterface.cpp:134:55:[m[K [01;36m[Knote: [m[K  candidate expects 2 arguments, 1 provided
[12.115s]   134 |       auto future_result = [01;36m[Kclient_->async_send_request(request)[m[K;
[12.115s]       |                            [01;36m[K~~~~~~~~~~~~~~~~~~~~~~~~~~~^~~~~~~~~[m[K
[12.116s] In file included from [01m[K/opt/ros/humble/include/rclcpp/rclcpp/callback_group.hpp:24[m[K,
[12.116s]                  from [01m[K/opt/ros/humble/include/rclcpp/rclcpp/any_executable.hpp:20[m[K,
[12.117s]                  from [01m[K/opt/ros/humble/include/rclcpp/rclcpp/memory_strategy.hpp:25[m[K,
[12.118s]                  from [01m[K/opt/ros/humble/include/rclcpp/rclcpp/memory_strategies.hpp:18[m[K,
[12.118s]                  from [01m[K/opt/ros/humble/include/rclcpp/rclcpp/executor_options.hpp:20[m[K,
[12.119s]                  from [01m[K/opt/ros/humble/include/rclcpp/rclcpp/executor.hpp:37[m[K,
[12.120s]                  from [01m[K/opt/ros/humble/include/rclcpp/rclcpp/executors/multi_threaded_executor.hpp:25[m[K,
[12.121s]                  from [01m[K/opt/ros/humble/include/rclcpp/rclcpp/executors.hpp:21[m[K,
[12.121s]                  from [01m[K/opt/ros/humble/include/rclcpp/rclcpp/rclcpp.hpp:155[m[K,
[12.122s]                  from [01m[K/home/lance/robot/src/my_cobot_hardware_interface/src/MyCobotHardwareInterface.cpp:1[m[K:
[12.123s] [01m[K/opt/ros/humble/include/rclcpp/rclcpp/client.hpp:608:3:[m[K [01;36m[Knote: [m[Kcandidate: ‘[01m[Krclcpp::Client<ServiceT>::FutureAndRequestId rclcpp::Client<ServiceT>::async_send_request(rclcpp::Client<ServiceT>::SharedRequest) [with ServiceT = my_cobot_interfaces::srv::GetRadians; rclcpp::Client<ServiceT>::SharedRequest = std::shared_ptr<my_cobot_interfaces::srv::GetRadians_Request_<std::allocator<void> > >][m[K’
[12.124s]   608 |   [01;36m[Kasync_send_request[m[K(SharedRequest request)
[12.124s]       |   [01;36m[K^~~~~~~~~~~~~~~~~~[m[K
[12.125s] [01m[K/opt/ros/humble/include/rclcpp/rclcpp/client.hpp:608:36:[m[K [01;36m[Knote: [m[K  no known conversion for argument 1 from ‘[01m[Kshared_ptr<[01;32m[Kmy_cobot_interfaces::srv::SetRadians_Request_<std::allocator<void> >[m[K>[m[K’ to ‘[01m[Kshared_ptr<[01;32m[Kmy_cobot_interfaces::srv::GetRadians_Request_<std::allocator<void> >[m[K>[m[K’
[12.126s]   608 |   async_send_request([01;36m[KSharedRequest request[m[K)
[12.126s]       |                      [01;36m[K~~~~~~~~~~~~~~^~~~~~~[m[K
[14.287s] In file included from [01m[K/usr/include/aarch64-linux-gnu/c++/11/bits/c++allocator.h:33[m[K,
[14.287s]                  from [01m[K/usr/include/c++/11/bits/allocator.h:46[m[K,
[14.288s]                  from [01m[K/usr/include/c++/11/memory:64[m[K,
[14.289s]                  from [01m[K/opt/ros/humble/include/rclcpp/rclcpp/rclcpp.hpp:153[m[K,
[14.289s]                  from [01m[K/home/lance/robot/src/my_cobot_hardware_interface/src/MyCobotHardwareInterface.cpp:1[m[K:
[14.290s] /usr/include/c++/11/ext/new_allocator.h: In instantiation of ‘[01m[Kvoid __gnu_cxx::new_allocator<_Tp>::construct(_Up*, _Args&& ...) [with _Up = my_cobot_hw_interface::MyCobotHardwareInterface; _Args = {}; _Tp = my_cobot_hw_interface::MyCobotHardwareInterface][m[K’:
[14.291s] [01m[K/usr/include/c++/11/bits/alloc_traits.h:516:17:[m[K   required from ‘[01m[Kstatic void std::allocator_traits<std::allocator<_Tp1> >::construct(std::allocator_traits<std::allocator<_Tp1> >::allocator_type&, _Up*, _Args&& ...) [with _Up = my_cobot_hw_interface::MyCobotHardwareInterface; _Args = {}; _Tp = my_cobot_hw_interface::MyCobotHardwareInterface; std::allocator_traits<std::allocator<_Tp1> >::allocator_type = std::allocator<my_cobot_hw_interface::MyCobotHardwareInterface>][m[K’
[14.291s] [01m[K/usr/include/c++/11/bits/shared_ptr_base.h:519:39:[m[K   required from ‘[01m[Kstd::_Sp_counted_ptr_inplace<_Tp, _Alloc, _Lp>::_Sp_counted_ptr_inplace(_Alloc, _Args&& ...) [with _Args = {}; _Tp = my_cobot_hw_interface::MyCobotHardwareInterface; _Alloc = std::allocator<my_cobot_hw_interface::MyCobotHardwareInterface>; __gnu_cxx::_Lock_policy _Lp = __gnu_cxx::_S_atomic][m[K’
[14.292s] [01m[K/usr/include/c++/11/bits/shared_ptr_base.h:650:16:[m[K   required from ‘[01m[Kstd::__shared_count<_Lp>::__shared_count(_Tp*&, std::_Sp_alloc_shared_tag<_Alloc>, _Args&& ...) [with _Tp = my_cobot_hw_interface::MyCobotHardwareInterface; _Alloc = std::allocator<my_cobot_hw_interface::MyCobotHardwareInterface>; _Args = {}; __gnu_cxx::_Lock_policy _Lp = __gnu_cxx::_S_atomic][m[K’
[14.292s] [01m[K/usr/include/c++/11/bits/shared_ptr_base.h:1342:14:[m[K   required from ‘[01m[Kstd::__shared_ptr<_Tp, _Lp>::__shared_ptr(std::_Sp_alloc_shared_tag<_Tp>, _Args&& ...) [with _Alloc = std::allocator<my_cobot_hw_interface::MyCobotHardwareInterface>; _Args = {}; _Tp = my_cobot_hw_interface::MyCobotHardwareInterface; __gnu_cxx::_Lock_policy _Lp = __gnu_cxx::_S_atomic][m[K’
[14.293s] [01m[K/usr/include/c++/11/bits/shared_ptr.h:409:59:[m[K   required from ‘[01m[Kstd::shared_ptr<_Tp>::shared_ptr(std::_Sp_alloc_shared_tag<_Tp>, _Args&& ...) [with _Alloc = std::allocator<my_cobot_hw_interface::MyCobotHardwareInterface>; _Args = {}; _Tp = my_cobot_hw_interface::MyCobotHardwareInterface][m[K’
[14.294s] [01m[K/usr/include/c++/11/bits/shared_ptr.h:862:14:[m[K   required from ‘[01m[Kstd::shared_ptr<_Tp> std::allocate_shared(const _Alloc&, _Args&& ...) [with _Tp = my_cobot_hw_interface::MyCobotHardwareInterface; _Alloc = std::allocator<my_cobot_hw_interface::MyCobotHardwareInterface>; _Args = {}][m[K’
[14.295s] [01m[K/usr/include/c++/11/bits/shared_ptr.h:878:39:[m[K   required from ‘[01m[Kstd::shared_ptr<_Tp> std::make_shared(_Args&& ...) [with _Tp = my_cobot_hw_interface::MyCobotHardwareInterface; _Args = {}][m[K’
[14.295s] [01m[K/home/lance/robot/src/my_cobot_hardware_interface/src/MyCobotHardwareInterface.cpp:168:97:[m[K   required from here
[14.296s] [01m[K/usr/include/c++/11/ext/new_allocator.h:162:11:[m[K [01;31m[Kerror: [m[Kinvalid new-expression of abstract class type ‘[01m[Kmy_cobot_hw_interface::MyCobotHardwareInterface[m[K’
[14.297s]   162 |         { [01;31m[K::new((void *)__p) _Up(std::forward<_Args>(__args)...)[m[K; }
[14.297s]       |           [01;31m[K^~~~~~~~~~~~~~~~~~~~~~~~~~~~~~~~~~~~~~~~~~~~~~~~~~~~~~[m[K
[14.298s] [01m[K/home/lance/robot/src/my_cobot_hardware_interface/src/MyCobotHardwareInterface.cpp:9:9:[m[K [01;36m[Knote: [m[K  because the following virtual functions are pure within ‘[01m[Kmy_cobot_hw_interface::MyCobotHardwareInterface[m[K’:
[14.298s]     9 |   class [01;36m[KMyCobotHardwareInterface[m[K : public hardware_interface::SystemInterface
[14.299s]       |         [01;36m[K^~~~~~~~~~~~~~~~~~~~~~~~[m[K
[14.300s] In file included from [01m[K/home/lance/robot/src/my_cobot_hardware_interface/src/MyCobotHardwareInterface.cpp:2[m[K:
[14.300s] [01m[K/opt/ros/humble/include/hardware_interface/system_interface.hpp:173:23:[m[K [01;36m[Knote: [m[K    ‘[01m[Kvirtual hardware_interface::return_type hardware_interface::SystemInterface::read(const rclcpp::Time&, const rclcpp::Duration&)[m[K’
[14.301s]   173 |   virtual return_type [01;36m[Kread[m[K(const rclcpp::Time & time, const rclcpp::Duration & period) = 0;
[14.302s]       |                       [01;36m[K^~~~[m[K
[14.302s] [01m[K/opt/ros/humble/include/hardware_interface/system_interface.hpp:184:23:[m[K [01;36m[Knote: [m[K    ‘[01m[Kvirtual hardware_interface::return_type hardware_interface::SystemInterface::write(const rclcpp::Time&, const rclcpp::Duration&)[m[K’
[14.303s]   184 |   virtual return_type [01;36m[Kwrite[m[K(const rclcpp::Time & time, const rclcpp::Duration & period) = 0;
[14.303s]       |                       [01;36m[K^~~~~[m[K
[14.965s] gmake[2]: *** [CMakeFiles/my_cobot_hardware_interface.dir/build.make:76: CMakeFiles/my_cobot_hardware_interface.dir/src/MyCobotHardwareInterface.cpp.o] Error 1
[14.967s] gmake[1]: *** [CMakeFiles/Makefile2:137: CMakeFiles/my_cobot_hardware_interface.dir/all] Error 2
[14.968s] gmake: *** [Makefile:146: all] Error 2
[14.993s] Invoked command in '/home/lance/robot/build/my_cobot_hardware_interface' returned '2': CMAKE_PREFIX_PATH=/home/lance/robot/install/my_cobot_interfaces:/home/lance/robot/install/moveit_config:/home/lance/moveit2_ws/install:/home/lance/robot/install/robot_description:/home/lance/robot/install/controllers:/home/lance/robot/install/motion_planning:/home/lance/robot/install/computer_vision:/home/lance/robot/install/bringup:/opt/ros/humble /usr/bin/cmake --build /home/lance/robot/build/my_cobot_hardware_interface -- -j4 -l4
