[35m[1mConsolidate compiler generated dependencies of target my_cobot_hardware_interface[0m
[100%] Built target my_cobot_hardware_interface
-- Install configuration: ""
-- Execute custom install script
-- Up-to-date symlink: /home/lance/robot/install/my_cobot_hardware_interface/share/my_cobot_hardware_interface//my_cobot_hardware_interface_plugin.xml
-- Up-to-date symlink: /home/lance/robot/install/my_cobot_hardware_interface/include/my_cobot_hardware_interface/MyCobotHardwareInterface.hpp
-- Up-to-date symlink: /home/lance/robot/install/my_cobot_hardware_interface/share/ament_index/resource_index/package_run_dependencies/my_cobot_hardware_interface
-- Up-to-date symlink: /home/lance/robot/install/my_cobot_hardware_interface/share/ament_index/resource_index/parent_prefix_path/my_cobot_hardware_interface
-- Up-to-date symlink: /home/lance/robot/install/my_cobot_hardware_interface/share/my_cobot_hardware_interface/environment/ament_prefix_path.sh
-- Up-to-date symlink: /home/lance/robot/install/my_cobot_hardware_interface/share/my_cobot_hardware_interface/environment/ament_prefix_path.dsv
-- Up-to-date symlink: /home/lance/robot/install/my_cobot_hardware_interface/share/my_cobot_hardware_interface/environment/path.sh
-- Up-to-date symlink: /home/lance/robot/install/my_cobot_hardware_interface/share/my_cobot_hardware_interface/environment/path.dsv
-- Up-to-date symlink: /home/lance/robot/install/my_cobot_hardware_interface/share/my_cobot_hardware_interface/local_setup.bash
-- Up-to-date symlink: /home/lance/robot/install/my_cobot_hardware_interface/share/my_cobot_hardware_interface/local_setup.sh
-- Up-to-date symlink: /home/lance/robot/install/my_cobot_hardware_interface/share/my_cobot_hardware_interface/local_setup.zsh
-- Up-to-date symlink: /home/lance/robot/install/my_cobot_hardware_interface/share/my_cobot_hardware_interface/local_setup.dsv
-- Symlinking: /home/lance/robot/install/my_cobot_hardware_interface/share/my_cobot_hardware_interface/package.dsv
-- Up-to-date symlink: /home/lance/robot/install/my_cobot_hardware_interface/share/ament_index/resource_index/packages/my_cobot_hardware_interface
-- Up-to-date symlink: /home/lance/robot/install/my_cobot_hardware_interface/share/ament_index/resource_index/hardware_interface__pluginlib__plugin/my_cobot_hardware_interface
-- Up-to-date symlink: /home/lance/robot/install/my_cobot_hardware_interface/share/my_cobot_hardware_interface/cmake/ament_cmake_export_dependencies-extras.cmake
-- Up-to-date symlink: /home/lance/robot/install/my_cobot_hardware_interface/share/my_cobot_hardware_interface/cmake/ament_cmake_export_include_directories-extras.cmake
-- Up-to-date symlink: /home/lance/robot/install/my_cobot_hardware_interface/share/my_cobot_hardware_interface/cmake/my_cobot_hardware_interfaceConfig.cmake
-- Up-to-date symlink: /home/lance/robot/install/my_cobot_hardware_interface/share/my_cobot_hardware_interface/cmake/my_cobot_hardware_interfaceConfig-version.cmake
-- Up-to-date symlink: /home/lance/robot/install/my_cobot_hardware_interface/share/my_cobot_hardware_interface/package.xml
-- Up-to-date: /home/lance/robot/install/my_cobot_hardware_interface/lib/libmy_cobot_hardware_interface.so
