[5.198s] Invoking command in '/home/lance/robot/src/motion_planning': PYTHONPATH=/home/lance/robot/build/motion_planning/prefix_override:/home/lance/robot/install/motion_planning/lib/python3.10/site-packages:${PYTHONPATH} /usr/bin/python3 setup.py egg_info --egg-base ../../build/motion_planning build --build-base /home/lance/robot/build/motion_planning/build install --record /home/lance/robot/build/motion_planning/install.log --single-version-externally-managed
[6.905s] running egg_info
[6.911s] writing ../../build/motion_planning/motion_planning.egg-info/PKG-INFO
[6.913s] writing dependency_links to ../../build/motion_planning/motion_planning.egg-info/dependency_links.txt
[6.915s] writing entry points to ../../build/motion_planning/motion_planning.egg-info/entry_points.txt
[6.921s] writing requirements to ../../build/motion_planning/motion_planning.egg-info/requires.txt
[6.930s] writing top-level names to ../../build/motion_planning/motion_planning.egg-info/top_level.txt
[6.936s] reading manifest file '../../build/motion_planning/motion_planning.egg-info/SOURCES.txt'
[6.942s] writing manifest file '../../build/motion_planning/motion_planning.egg-info/SOURCES.txt'
[6.943s] running build
[6.943s] running build_py
[6.946s] running install
[6.948s] running install_lib
[6.956s] running install_data
[6.961s] running install_egg_info
[6.968s] removing '/home/lance/robot/install/motion_planning/lib/python3.10/site-packages/motion_planning-0.0.0-py3.10.egg-info' (and everything under it)
[6.970s] Copying ../../build/motion_planning/motion_planning.egg-info to /home/lance/robot/install/motion_planning/lib/python3.10/site-packages/motion_planning-0.0.0-py3.10.egg-info
[6.979s] running install_scripts
[7.076s] Installing mp script to /home/lance/robot/install/motion_planning/lib/motion_planning
[7.084s] writing list of installed files to '/home/lance/robot/build/motion_planning/install.log'
[7.253s] Invoked command in '/home/lance/robot/src/motion_planning' returned '0': PYTHONPATH=/home/lance/robot/build/motion_planning/prefix_override:/home/lance/robot/install/motion_planning/lib/python3.10/site-packages:${PYTHONPATH} /usr/bin/python3 setup.py egg_info --egg-base ../../build/motion_planning build --build-base /home/lance/robot/build/motion_planning/build install --record /home/lance/robot/build/motion_planning/install.log --single-version-externally-managed
