[7.200s] Invoking command in '/home/lance/robot/src/coord_controller': CMAKE_PREFIX_PATH=/home/lance/robot/install/my_cobot_interfaces:/home/lance/robot/install/moveit_config:/home/lance/robot/install/my_cobot_hardware_interface:/home/lance/moveit2_ws/install LD_LIBRARY_PATH=/home/lance/robot/install/my_cobot_interfaces/lib:/home/lance/robot/install/my_cobot_hardware_interface/lib:/opt/ros/humble/opt/rviz_ogre_vendor/lib:/opt/ros/humble/lib/aarch64-linux-gnu:/opt/ros/humble/lib PYTHONPATH=/home/lance/robot/build/coord_controller/prefix_override:/home/lance/robot/install/coord_controller/lib/python3.10/site-packages:${PYTHONPATH} /usr/bin/python3 setup.py egg_info --egg-base ../../build/coord_controller build --build-base /home/lance/robot/build/coord_controller/build install --record /home/lance/robot/build/coord_controller/install.log --single-version-externally-managed
[8.863s] running egg_info
[8.864s] writing ../../build/coord_controller/coord_controller.egg-info/PKG-INFO
[8.866s] writing dependency_links to ../../build/coord_controller/coord_controller.egg-info/dependency_links.txt
[8.867s] writing entry points to ../../build/coord_controller/coord_controller.egg-info/entry_points.txt
[8.868s] writing requirements to ../../build/coord_controller/coord_controller.egg-info/requires.txt
[8.869s] writing top-level names to ../../build/coord_controller/coord_controller.egg-info/top_level.txt
[8.887s] reading manifest file '../../build/coord_controller/coord_controller.egg-info/SOURCES.txt'
[8.893s] writing manifest file '../../build/coord_controller/coord_controller.egg-info/SOURCES.txt'
[8.894s] running build
[8.895s] running build_py
[8.896s] copying coord_controller/my_cobot.py -> /home/lance/robot/build/coord_controller/build/lib/coord_controller
[8.898s] copying coord_controller/state_machine.py -> /home/lance/robot/build/coord_controller/build/lib/coord_controller
[8.903s] running install
[8.903s] running install_lib
[8.908s] copying /home/lance/robot/build/coord_controller/build/lib/coord_controller/my_cobot.py -> /home/lance/robot/install/coord_controller/lib/python3.10/site-packages/coord_controller
[8.910s] copying /home/lance/robot/build/coord_controller/build/lib/coord_controller/state_machine.py -> /home/lance/robot/install/coord_controller/lib/python3.10/site-packages/coord_controller
[8.915s] byte-compiling /home/lance/robot/install/coord_controller/lib/python3.10/site-packages/coord_controller/my_cobot.py to my_cobot.cpython-310.pyc
[8.926s] byte-compiling /home/lance/robot/install/coord_controller/lib/python3.10/site-packages/coord_controller/state_machine.py to state_machine.cpython-310.pyc
[8.934s] running install_data
[8.936s] running install_egg_info
[8.951s] removing '/home/lance/robot/install/coord_controller/lib/python3.10/site-packages/coord_controller-0.0.0-py3.10.egg-info' (and everything under it)
[8.951s] Copying ../../build/coord_controller/coord_controller.egg-info to /home/lance/robot/install/coord_controller/lib/python3.10/site-packages/coord_controller-0.0.0-py3.10.egg-info
[8.972s] running install_scripts
[9.055s] Installing my_cobot script to /home/lance/robot/install/coord_controller/lib/coord_controller
[9.069s] Installing state_machine script to /home/lance/robot/install/coord_controller/lib/coord_controller
[9.072s] writing list of installed files to '/home/lance/robot/build/coord_controller/install.log'
[9.273s] Invoked command in '/home/lance/robot/src/coord_controller' returned '0': CMAKE_PREFIX_PATH=/home/lance/robot/install/my_cobot_interfaces:/home/lance/robot/install/moveit_config:/home/lance/robot/install/my_cobot_hardware_interface:/home/lance/moveit2_ws/install LD_LIBRARY_PATH=/home/lance/robot/install/my_cobot_interfaces/lib:/home/lance/robot/install/my_cobot_hardware_interface/lib:/opt/ros/humble/opt/rviz_ogre_vendor/lib:/opt/ros/humble/lib/aarch64-linux-gnu:/opt/ros/humble/lib PYTHONPATH=/home/lance/robot/build/coord_controller/prefix_override:/home/lance/robot/install/coord_controller/lib/python3.10/site-packages:${PYTHONPATH} /usr/bin/python3 setup.py egg_info --egg-base ../../build/coord_controller build --build-base /home/lance/robot/build/coord_controller/build install --record /home/lance/robot/build/coord_controller/install.log --single-version-externally-managed
