[0.350s] Invoking command in '/home/lance/robot/build/my_cobot_interfaces': CMAKE_PREFIX_PATH=${CMAKE_PREFIX_PATH}:/home/lance/robot/install/robot_description:/home/lance/robot/install/coord_controller:/home/lance/robot/install/controllers:/home/lance/robot/install/motion_planning:/home/lance/robot/install/bringup:/opt/ros/humble /usr/bin/cmake --build /home/lance/robot/build/my_cobot_interfaces -- -j4 -l4
[4.213s] [35m[1mConsolidate compiler generated dependencies of target my_cobot_interfaces__rosidl_generator_c[0m
[4.214s] [  0%] Built target my_cobot_interfaces__cpp
[4.216s] [ 12%] Built target my_cobot_interfaces__rosidl_generator_c
[4.217s] [ 12%] Built target ament_cmake_python_copy_my_cobot_interfaces
[4.219s] [ 24%] Built target my_cobot_interfaces__rosidl_typesupport_cpp
[4.220s] [35m[1mConsolidate compiler generated dependencies of target my_cobot_interfaces__rosidl_typesupport_fastrtps_c[0m
[4.221s] [ 36%] Built target my_cobot_interfaces__rosidl_typesupport_introspection_cpp
[4.225s] [ 47%] Built target my_cobot_interfaces__rosidl_typesupport_fastrtps_cpp
[4.226s] [35m[1mConsolidate compiler generated dependencies of target my_cobot_interfaces__rosidl_typesupport_introspection_c[0m
[4.226s] [35m[1mConsolidate compiler generated dependencies of target my_cobot_interfaces__rosidl_typesupport_c[0m
[4.226s] [ 59%] Built target my_cobot_interfaces__rosidl_typesupport_fastrtps_c
[4.227s] [ 71%] Built target my_cobot_interfaces__rosidl_typesupport_introspection_c
[4.227s] [ 82%] Built target my_cobot_interfaces__rosidl_typesupport_c
[4.227s] [ 82%] Built target my_cobot_interfaces
[4.228s] [ 83%] Built target my_cobot_interfaces__py
[4.228s] [35m[1mConsolidate compiler generated dependencies of target my_cobot_interfaces__rosidl_generator_py[0m
[4.229s] [ 94%] Built target my_cobot_interfaces__rosidl_generator_py
[4.229s] [35m[1mConsolidate compiler generated dependencies of target my_cobot_interfaces__rosidl_typesupport_fastrtps_c__pyext[0m
[4.229s] [35m[1mConsolidate compiler generated dependencies of target my_cobot_interfaces__rosidl_typesupport_introspection_c__pyext[0m
[4.230s] [35m[1mConsolidate compiler generated dependencies of target my_cobot_interfaces__rosidl_typesupport_c__pyext[0m
[4.230s] [ 96%] Built target my_cobot_interfaces__rosidl_typesupport_fastrtps_c__pyext
[4.231s] [ 98%] Built target my_cobot_interfaces__rosidl_typesupport_introspection_c__pyext
[4.231s] [100%] Built target my_cobot_interfaces__rosidl_typesupport_c__pyext
[4.231s] running egg_info
[4.232s] writing my_cobot_interfaces.egg-info/PKG-INFO
[4.233s] writing dependency_links to my_cobot_interfaces.egg-info/dependency_links.txt
[4.236s] writing top-level names to my_cobot_interfaces.egg-info/top_level.txt
[4.238s] reading manifest file 'my_cobot_interfaces.egg-info/SOURCES.txt'
[4.242s] writing manifest file 'my_cobot_interfaces.egg-info/SOURCES.txt'
[4.243s] [100%] Built target ament_cmake_python_build_my_cobot_interfaces_egg
[4.244s] Invoked command in '/home/lance/robot/build/my_cobot_interfaces' returned '0': CMAKE_PREFIX_PATH=${CMAKE_PREFIX_PATH}:/home/lance/robot/install/robot_description:/home/lance/robot/install/coord_controller:/home/lance/robot/install/controllers:/home/lance/robot/install/motion_planning:/home/lance/robot/install/bringup:/opt/ros/humble /usr/bin/cmake --build /home/lance/robot/build/my_cobot_interfaces -- -j4 -l4
[6.029s] Invoking command in '/home/lance/robot/build/my_cobot_interfaces': CMAKE_PREFIX_PATH=${CMAKE_PREFIX_PATH}:/home/lance/robot/install/robot_description:/home/lance/robot/install/coord_controller:/home/lance/robot/install/controllers:/home/lance/robot/install/motion_planning:/home/lance/robot/install/bringup:/opt/ros/humble /usr/bin/cmake --install /home/lance/robot/build/my_cobot_interfaces
[6.075s] -- Install configuration: ""
[6.077s] -- Up-to-date: /home/lance/robot/install/my_cobot_interfaces/share/ament_index/resource_index/rosidl_interfaces/my_cobot_interfaces
[6.077s] -- Up-to-date: /home/lance/robot/install/my_cobot_interfaces/include/my_cobot_interfaces/my_cobot_interfaces
[6.079s] -- Up-to-date: /home/lance/robot/install/my_cobot_interfaces/include/my_cobot_interfaces/my_cobot_interfaces/srv
[6.080s] -- Up-to-date: /home/lance/robot/install/my_cobot_interfaces/include/my_cobot_interfaces/my_cobot_interfaces/srv/detail
[6.082s] -- Up-to-date: /home/lance/robot/install/my_cobot_interfaces/include/my_cobot_interfaces/my_cobot_interfaces/srv/detail/set_radians__functions.h
[6.084s] -- Up-to-date: /home/lance/robot/install/my_cobot_interfaces/include/my_cobot_interfaces/my_cobot_interfaces/srv/detail/pump_off__functions.h
[6.085s] -- Up-to-date: /home/lance/robot/install/my_cobot_interfaces/include/my_cobot_interfaces/my_cobot_interfaces/srv/detail/pump_on__functions.c
[6.087s] -- Up-to-date: /home/lance/robot/install/my_cobot_interfaces/include/my_cobot_interfaces/my_cobot_interfaces/srv/detail/pump_off__functions.c
[6.088s] -- Up-to-date: /home/lance/robot/install/my_cobot_interfaces/include/my_cobot_interfaces/my_cobot_interfaces/srv/detail/get_blocks__type_support.h
[6.091s] -- Up-to-date: /home/lance/robot/install/my_cobot_interfaces/include/my_cobot_interfaces/my_cobot_interfaces/srv/detail/play_pause__functions.c
[6.094s] -- Up-to-date: /home/lance/robot/install/my_cobot_interfaces/include/my_cobot_interfaces/my_cobot_interfaces/srv/detail/set_coords__struct.h
[6.097s] -- Up-to-date: /home/lance/robot/install/my_cobot_interfaces/include/my_cobot_interfaces/my_cobot_interfaces/srv/detail/set_joint_angles__functions.h
[6.103s] -- Up-to-date: /home/lance/robot/install/my_cobot_interfaces/include/my_cobot_interfaces/my_cobot_interfaces/srv/detail/set_joint_angles__struct.h
[6.111s] -- Up-to-date: /home/lance/robot/install/my_cobot_interfaces/include/my_cobot_interfaces/my_cobot_interfaces/srv/detail/pump_on__struct.h
[6.112s] -- Up-to-date: /home/lance/robot/install/my_cobot_interfaces/include/my_cobot_interfaces/my_cobot_interfaces/srv/detail/get_radians__struct.h
[6.113s] -- Up-to-date: /home/lance/robot/install/my_cobot_interfaces/include/my_cobot_interfaces/my_cobot_interfaces/srv/detail/play_pause__struct.h
[6.113s] -- Up-to-date: /home/lance/robot/install/my_cobot_interfaces/include/my_cobot_interfaces/my_cobot_interfaces/srv/detail/play_pause__functions.h
[6.115s] -- Up-to-date: /home/lance/robot/install/my_cobot_interfaces/include/my_cobot_interfaces/my_cobot_interfaces/srv/detail/get_radians__functions.h
[6.116s] -- Up-to-date: /home/lance/robot/install/my_cobot_interfaces/include/my_cobot_interfaces/my_cobot_interfaces/srv/detail/set_coords__type_support.h
[6.117s] -- Up-to-date: /home/lance/robot/install/my_cobot_interfaces/include/my_cobot_interfaces/my_cobot_interfaces/srv/detail/set_radians__functions.c
[6.123s] -- Up-to-date: /home/lance/robot/install/my_cobot_interfaces/include/my_cobot_interfaces/my_cobot_interfaces/srv/detail/set_coords__functions.c
[6.125s] -- Up-to-date: /home/lance/robot/install/my_cobot_interfaces/include/my_cobot_interfaces/my_cobot_interfaces/srv/detail/pump_on__type_support.h
[6.126s] -- Up-to-date: /home/lance/robot/install/my_cobot_interfaces/include/my_cobot_interfaces/my_cobot_interfaces/srv/detail/get_radians__type_support.h
[6.129s] -- Up-to-date: /home/lance/robot/install/my_cobot_interfaces/include/my_cobot_interfaces/my_cobot_interfaces/srv/detail/get_blocks__functions.h
[6.130s] -- Up-to-date: /home/lance/robot/install/my_cobot_interfaces/include/my_cobot_interfaces/my_cobot_interfaces/srv/detail/set_coords__functions.h
[6.133s] -- Up-to-date: /home/lance/robot/install/my_cobot_interfaces/include/my_cobot_interfaces/my_cobot_interfaces/srv/detail/set_joint_angles__functions.c
[6.137s] -- Up-to-date: /home/lance/robot/install/my_cobot_interfaces/include/my_cobot_interfaces/my_cobot_interfaces/srv/detail/get_blocks__functions.c
[6.140s] -- Up-to-date: /home/lance/robot/install/my_cobot_interfaces/include/my_cobot_interfaces/my_cobot_interfaces/srv/detail/pump_off__type_support.h
[6.142s] -- Up-to-date: /home/lance/robot/install/my_cobot_interfaces/include/my_cobot_interfaces/my_cobot_interfaces/srv/detail/set_radians__type_support.h
[6.145s] -- Up-to-date: /home/lance/robot/install/my_cobot_interfaces/include/my_cobot_interfaces/my_cobot_interfaces/srv/detail/get_radians__functions.c
[6.157s] -- Up-to-date: /home/lance/robot/install/my_cobot_interfaces/include/my_cobot_interfaces/my_cobot_interfaces/srv/detail/set_radians__struct.h
[6.159s] -- Up-to-date: /home/lance/robot/install/my_cobot_interfaces/include/my_cobot_interfaces/my_cobot_interfaces/srv/detail/pump_off__struct.h
[6.160s] -- Up-to-date: /home/lance/robot/install/my_cobot_interfaces/include/my_cobot_interfaces/my_cobot_interfaces/srv/detail/play_pause__type_support.h
[6.161s] -- Up-to-date: /home/lance/robot/install/my_cobot_interfaces/include/my_cobot_interfaces/my_cobot_interfaces/srv/detail/pump_on__functions.h
[6.161s] -- Up-to-date: /home/lance/robot/install/my_cobot_interfaces/include/my_cobot_interfaces/my_cobot_interfaces/srv/detail/get_blocks__struct.h
[6.162s] -- Up-to-date: /home/lance/robot/install/my_cobot_interfaces/include/my_cobot_interfaces/my_cobot_interfaces/srv/detail/set_joint_angles__type_support.h
[6.163s] -- Up-to-date: /home/lance/robot/install/my_cobot_interfaces/include/my_cobot_interfaces/my_cobot_interfaces/srv/pump_off.h
[6.164s] -- Up-to-date: /home/lance/robot/install/my_cobot_interfaces/include/my_cobot_interfaces/my_cobot_interfaces/srv/play_pause.h
[6.165s] -- Up-to-date: /home/lance/robot/install/my_cobot_interfaces/include/my_cobot_interfaces/my_cobot_interfaces/srv/set_coords.h
[6.166s] -- Up-to-date: /home/lance/robot/install/my_cobot_interfaces/include/my_cobot_interfaces/my_cobot_interfaces/srv/set_radians.h
[6.166s] -- Up-to-date: /home/lance/robot/install/my_cobot_interfaces/include/my_cobot_interfaces/my_cobot_interfaces/srv/get_radians.h
[6.167s] -- Up-to-date: /home/lance/robot/install/my_cobot_interfaces/include/my_cobot_interfaces/my_cobot_interfaces/srv/get_blocks.h
[6.168s] -- Up-to-date: /home/lance/robot/install/my_cobot_interfaces/include/my_cobot_interfaces/my_cobot_interfaces/srv/pump_on.h
[6.170s] -- Up-to-date: /home/lance/robot/install/my_cobot_interfaces/include/my_cobot_interfaces/my_cobot_interfaces/srv/set_joint_angles.h
[6.173s] -- Up-to-date: /home/lance/robot/install/my_cobot_interfaces/include/my_cobot_interfaces/my_cobot_interfaces/msg
[6.176s] -- Up-to-date: /home/lance/robot/install/my_cobot_interfaces/include/my_cobot_interfaces/my_cobot_interfaces/msg/detail
[6.178s] -- Up-to-date: /home/lance/robot/install/my_cobot_interfaces/include/my_cobot_interfaces/my_cobot_interfaces/msg/detail/block__struct.h
[6.179s] -- Up-to-date: /home/lance/robot/install/my_cobot_interfaces/include/my_cobot_interfaces/my_cobot_interfaces/msg/detail/block__functions.c
[6.195s] -- Up-to-date: /home/lance/robot/install/my_cobot_interfaces/include/my_cobot_interfaces/my_cobot_interfaces/msg/detail/block__type_support.h
[6.196s] -- Up-to-date: /home/lance/robot/install/my_cobot_interfaces/include/my_cobot_interfaces/my_cobot_interfaces/msg/detail/block__functions.h
[6.197s] -- Up-to-date: /home/lance/robot/install/my_cobot_interfaces/include/my_cobot_interfaces/my_cobot_interfaces/msg/rosidl_generator_c__visibility_control.h
[6.198s] -- Up-to-date: /home/lance/robot/install/my_cobot_interfaces/include/my_cobot_interfaces/my_cobot_interfaces/msg/block.h
[6.201s] -- Up-to-date: /home/lance/robot/install/my_cobot_interfaces/include/my_cobot_interfaces/my_cobot_interfaces/action
[6.202s] -- Up-to-date: /home/lance/robot/install/my_cobot_interfaces/include/my_cobot_interfaces/my_cobot_interfaces/action/detail
[6.204s] -- Up-to-date: /home/lance/robot/install/my_cobot_interfaces/include/my_cobot_interfaces/my_cobot_interfaces/action/detail/set_angles__functions.c
[6.212s] -- Up-to-date: /home/lance/robot/install/my_cobot_interfaces/include/my_cobot_interfaces/my_cobot_interfaces/action/detail/set_angles__struct.h
[6.213s] -- Up-to-date: /home/lance/robot/install/my_cobot_interfaces/include/my_cobot_interfaces/my_cobot_interfaces/action/detail/set_angles__type_support.h
[6.214s] -- Up-to-date: /home/lance/robot/install/my_cobot_interfaces/include/my_cobot_interfaces/my_cobot_interfaces/action/detail/set_angles__functions.h
[6.215s] -- Up-to-date: /home/lance/robot/install/my_cobot_interfaces/include/my_cobot_interfaces/my_cobot_interfaces/action/set_angles.h
[6.216s] -- Up-to-date: /home/lance/robot/install/my_cobot_interfaces/share/my_cobot_interfaces/environment/library_path.sh
[6.217s] -- Up-to-date: /home/lance/robot/install/my_cobot_interfaces/share/my_cobot_interfaces/environment/library_path.dsv
[6.218s] -- Up-to-date: /home/lance/robot/install/my_cobot_interfaces/lib/libmy_cobot_interfaces__rosidl_generator_c.so
[6.218s] -- Up-to-date: /home/lance/robot/install/my_cobot_interfaces/include/my_cobot_interfaces/my_cobot_interfaces
[6.219s] -- Up-to-date: /home/lance/robot/install/my_cobot_interfaces/include/my_cobot_interfaces/my_cobot_interfaces/srv
[6.220s] -- Up-to-date: /home/lance/robot/install/my_cobot_interfaces/include/my_cobot_interfaces/my_cobot_interfaces/srv/detail
[6.221s] -- Up-to-date: /home/lance/robot/install/my_cobot_interfaces/include/my_cobot_interfaces/my_cobot_interfaces/srv/detail/get_blocks__rosidl_typesupport_fastrtps_c.h
[6.221s] -- Up-to-date: /home/lance/robot/install/my_cobot_interfaces/include/my_cobot_interfaces/my_cobot_interfaces/srv/detail/set_joint_angles__rosidl_typesupport_fastrtps_c.h
[6.222s] -- Up-to-date: /home/lance/robot/install/my_cobot_interfaces/include/my_cobot_interfaces/my_cobot_interfaces/srv/detail/play_pause__rosidl_typesupport_fastrtps_c.h
[6.223s] -- Up-to-date: /home/lance/robot/install/my_cobot_interfaces/include/my_cobot_interfaces/my_cobot_interfaces/srv/detail/set_radians__rosidl_typesupport_fastrtps_c.h
[6.223s] -- Up-to-date: /home/lance/robot/install/my_cobot_interfaces/include/my_cobot_interfaces/my_cobot_interfaces/srv/detail/pump_on__rosidl_typesupport_fastrtps_c.h
[6.224s] -- Up-to-date: /home/lance/robot/install/my_cobot_interfaces/include/my_cobot_interfaces/my_cobot_interfaces/srv/detail/get_radians__rosidl_typesupport_fastrtps_c.h
[6.225s] -- Up-to-date: /home/lance/robot/install/my_cobot_interfaces/include/my_cobot_interfaces/my_cobot_interfaces/srv/detail/set_coords__rosidl_typesupport_fastrtps_c.h
[6.226s] -- Up-to-date: /home/lance/robot/install/my_cobot_interfaces/include/my_cobot_interfaces/my_cobot_interfaces/srv/detail/pump_off__rosidl_typesupport_fastrtps_c.h
[6.226s] -- Up-to-date: /home/lance/robot/install/my_cobot_interfaces/include/my_cobot_interfaces/my_cobot_interfaces/msg
[6.227s] -- Up-to-date: /home/lance/robot/install/my_cobot_interfaces/include/my_cobot_interfaces/my_cobot_interfaces/msg/detail
[6.228s] -- Up-to-date: /home/lance/robot/install/my_cobot_interfaces/include/my_cobot_interfaces/my_cobot_interfaces/msg/detail/block__rosidl_typesupport_fastrtps_c.h
[6.228s] -- Up-to-date: /home/lance/robot/install/my_cobot_interfaces/include/my_cobot_interfaces/my_cobot_interfaces/msg/rosidl_typesupport_fastrtps_c__visibility_control.h
[6.229s] -- Up-to-date: /home/lance/robot/install/my_cobot_interfaces/include/my_cobot_interfaces/my_cobot_interfaces/action
[6.229s] -- Up-to-date: /home/lance/robot/install/my_cobot_interfaces/include/my_cobot_interfaces/my_cobot_interfaces/action/detail
[6.230s] -- Up-to-date: /home/lance/robot/install/my_cobot_interfaces/include/my_cobot_interfaces/my_cobot_interfaces/action/detail/set_angles__rosidl_typesupport_fastrtps_c.h
[6.231s] -- Up-to-date: /home/lance/robot/install/my_cobot_interfaces/lib/libmy_cobot_interfaces__rosidl_typesupport_fastrtps_c.so
[6.232s] -- Up-to-date: /home/lance/robot/install/my_cobot_interfaces/include/my_cobot_interfaces/my_cobot_interfaces
[6.233s] -- Up-to-date: /home/lance/robot/install/my_cobot_interfaces/include/my_cobot_interfaces/my_cobot_interfaces/srv
[6.234s] -- Up-to-date: /home/lance/robot/install/my_cobot_interfaces/include/my_cobot_interfaces/my_cobot_interfaces/srv/detail
[6.234s] -- Up-to-date: /home/lance/robot/install/my_cobot_interfaces/include/my_cobot_interfaces/my_cobot_interfaces/srv/detail/play_pause__struct.hpp
[6.235s] -- Up-to-date: /home/lance/robot/install/my_cobot_interfaces/include/my_cobot_interfaces/my_cobot_interfaces/srv/detail/set_joint_angles__struct.hpp
[6.236s] -- Up-to-date: /home/lance/robot/install/my_cobot_interfaces/include/my_cobot_interfaces/my_cobot_interfaces/srv/detail/set_radians__struct.hpp
[6.237s] -- Up-to-date: /home/lance/robot/install/my_cobot_interfaces/include/my_cobot_interfaces/my_cobot_interfaces/srv/detail/pump_on__struct.hpp
[6.237s] -- Up-to-date: /home/lance/robot/install/my_cobot_interfaces/include/my_cobot_interfaces/my_cobot_interfaces/srv/detail/pump_on__traits.hpp
[6.238s] -- Up-to-date: /home/lance/robot/install/my_cobot_interfaces/include/my_cobot_interfaces/my_cobot_interfaces/srv/detail/play_pause__traits.hpp
[6.238s] -- Up-to-date: /home/lance/robot/install/my_cobot_interfaces/include/my_cobot_interfaces/my_cobot_interfaces/srv/detail/get_radians__traits.hpp
[6.239s] -- Up-to-date: /home/lance/robot/install/my_cobot_interfaces/include/my_cobot_interfaces/my_cobot_interfaces/srv/detail/get_radians__builder.hpp
[6.240s] -- Up-to-date: /home/lance/robot/install/my_cobot_interfaces/include/my_cobot_interfaces/my_cobot_interfaces/srv/detail/pump_off__builder.hpp
[6.241s] -- Up-to-date: /home/lance/robot/install/my_cobot_interfaces/include/my_cobot_interfaces/my_cobot_interfaces/srv/detail/get_blocks__traits.hpp
[6.241s] -- Up-to-date: /home/lance/robot/install/my_cobot_interfaces/include/my_cobot_interfaces/my_cobot_interfaces/srv/detail/play_pause__builder.hpp
[6.242s] -- Up-to-date: /home/lance/robot/install/my_cobot_interfaces/include/my_cobot_interfaces/my_cobot_interfaces/srv/detail/set_coords__traits.hpp
[6.242s] -- Up-to-date: /home/lance/robot/install/my_cobot_interfaces/include/my_cobot_interfaces/my_cobot_interfaces/srv/detail/pump_off__struct.hpp
[6.243s] -- Up-to-date: /home/lance/robot/install/my_cobot_interfaces/include/my_cobot_interfaces/my_cobot_interfaces/srv/detail/set_radians__builder.hpp
[6.244s] -- Up-to-date: /home/lance/robot/install/my_cobot_interfaces/include/my_cobot_interfaces/my_cobot_interfaces/srv/detail/set_coords__struct.hpp
[6.244s] -- Up-to-date: /home/lance/robot/install/my_cobot_interfaces/include/my_cobot_interfaces/my_cobot_interfaces/srv/detail/pump_off__traits.hpp
[6.245s] -- Up-to-date: /home/lance/robot/install/my_cobot_interfaces/include/my_cobot_interfaces/my_cobot_interfaces/srv/detail/set_joint_angles__builder.hpp
[6.245s] -- Up-to-date: /home/lance/robot/install/my_cobot_interfaces/include/my_cobot_interfaces/my_cobot_interfaces/srv/detail/set_radians__traits.hpp
[6.246s] -- Up-to-date: /home/lance/robot/install/my_cobot_interfaces/include/my_cobot_interfaces/my_cobot_interfaces/srv/detail/get_radians__struct.hpp
[6.247s] -- Up-to-date: /home/lance/robot/install/my_cobot_interfaces/include/my_cobot_interfaces/my_cobot_interfaces/srv/detail/pump_on__builder.hpp
[6.247s] -- Up-to-date: /home/lance/robot/install/my_cobot_interfaces/include/my_cobot_interfaces/my_cobot_interfaces/srv/detail/set_joint_angles__traits.hpp
[6.248s] -- Up-to-date: /home/lance/robot/install/my_cobot_interfaces/include/my_cobot_interfaces/my_cobot_interfaces/srv/detail/set_coords__builder.hpp
[6.249s] -- Up-to-date: /home/lance/robot/install/my_cobot_interfaces/include/my_cobot_interfaces/my_cobot_interfaces/srv/detail/get_blocks__struct.hpp
[6.250s] -- Up-to-date: /home/lance/robot/install/my_cobot_interfaces/include/my_cobot_interfaces/my_cobot_interfaces/srv/detail/get_blocks__builder.hpp
[6.251s] -- Up-to-date: /home/lance/robot/install/my_cobot_interfaces/include/my_cobot_interfaces/my_cobot_interfaces/srv/pump_on.hpp
[6.252s] -- Up-to-date: /home/lance/robot/install/my_cobot_interfaces/include/my_cobot_interfaces/my_cobot_interfaces/srv/set_joint_angles.hpp
[6.253s] -- Up-to-date: /home/lance/robot/install/my_cobot_interfaces/include/my_cobot_interfaces/my_cobot_interfaces/srv/get_blocks.hpp
[6.253s] -- Up-to-date: /home/lance/robot/install/my_cobot_interfaces/include/my_cobot_interfaces/my_cobot_interfaces/srv/get_radians.hpp
[6.255s] -- Up-to-date: /home/lance/robot/install/my_cobot_interfaces/include/my_cobot_interfaces/my_cobot_interfaces/srv/pump_off.hpp
[6.256s] -- Up-to-date: /home/lance/robot/install/my_cobot_interfaces/include/my_cobot_interfaces/my_cobot_interfaces/srv/set_radians.hpp
[6.257s] -- Up-to-date: /home/lance/robot/install/my_cobot_interfaces/include/my_cobot_interfaces/my_cobot_interfaces/srv/play_pause.hpp
[6.257s] -- Up-to-date: /home/lance/robot/install/my_cobot_interfaces/include/my_cobot_interfaces/my_cobot_interfaces/srv/set_coords.hpp
[6.258s] -- Up-to-date: /home/lance/robot/install/my_cobot_interfaces/include/my_cobot_interfaces/my_cobot_interfaces/msg
[6.258s] -- Up-to-date: /home/lance/robot/install/my_cobot_interfaces/include/my_cobot_interfaces/my_cobot_interfaces/msg/detail
[6.259s] -- Up-to-date: /home/lance/robot/install/my_cobot_interfaces/include/my_cobot_interfaces/my_cobot_interfaces/msg/detail/block__struct.hpp
[6.259s] -- Up-to-date: /home/lance/robot/install/my_cobot_interfaces/include/my_cobot_interfaces/my_cobot_interfaces/msg/detail/block__traits.hpp
[6.260s] -- Up-to-date: /home/lance/robot/install/my_cobot_interfaces/include/my_cobot_interfaces/my_cobot_interfaces/msg/detail/block__builder.hpp
[6.261s] -- Up-to-date: /home/lance/robot/install/my_cobot_interfaces/include/my_cobot_interfaces/my_cobot_interfaces/msg/block.hpp
[6.261s] -- Up-to-date: /home/lance/robot/install/my_cobot_interfaces/include/my_cobot_interfaces/my_cobot_interfaces/action
[6.262s] -- Up-to-date: /home/lance/robot/install/my_cobot_interfaces/include/my_cobot_interfaces/my_cobot_interfaces/action/detail
[6.263s] -- Up-to-date: /home/lance/robot/install/my_cobot_interfaces/include/my_cobot_interfaces/my_cobot_interfaces/action/detail/set_angles__traits.hpp
[6.263s] -- Up-to-date: /home/lance/robot/install/my_cobot_interfaces/include/my_cobot_interfaces/my_cobot_interfaces/action/detail/set_angles__builder.hpp
[6.270s] -- Up-to-date: /home/lance/robot/install/my_cobot_interfaces/include/my_cobot_interfaces/my_cobot_interfaces/action/detail/set_angles__struct.hpp
[6.271s] -- Up-to-date: /home/lance/robot/install/my_cobot_interfaces/include/my_cobot_interfaces/my_cobot_interfaces/action/set_angles.hpp
[6.271s] -- Up-to-date: /home/lance/robot/install/my_cobot_interfaces/include/my_cobot_interfaces/my_cobot_interfaces
[6.273s] -- Up-to-date: /home/lance/robot/install/my_cobot_interfaces/include/my_cobot_interfaces/my_cobot_interfaces/srv
[6.274s] -- Up-to-date: /home/lance/robot/install/my_cobot_interfaces/include/my_cobot_interfaces/my_cobot_interfaces/srv/detail
[6.275s] -- Up-to-date: /home/lance/robot/install/my_cobot_interfaces/include/my_cobot_interfaces/my_cobot_interfaces/srv/detail/dds_fastrtps
[6.276s] -- Up-to-date: /home/lance/robot/install/my_cobot_interfaces/include/my_cobot_interfaces/my_cobot_interfaces/srv/detail/set_coords__rosidl_typesupport_fastrtps_cpp.hpp
[6.277s] -- Up-to-date: /home/lance/robot/install/my_cobot_interfaces/include/my_cobot_interfaces/my_cobot_interfaces/srv/detail/play_pause__rosidl_typesupport_fastrtps_cpp.hpp
[6.278s] -- Up-to-date: /home/lance/robot/install/my_cobot_interfaces/include/my_cobot_interfaces/my_cobot_interfaces/srv/detail/pump_on__rosidl_typesupport_fastrtps_cpp.hpp
[6.279s] -- Up-to-date: /home/lance/robot/install/my_cobot_interfaces/include/my_cobot_interfaces/my_cobot_interfaces/srv/detail/get_radians__rosidl_typesupport_fastrtps_cpp.hpp
[6.280s] -- Up-to-date: /home/lance/robot/install/my_cobot_interfaces/include/my_cobot_interfaces/my_cobot_interfaces/srv/detail/set_radians__rosidl_typesupport_fastrtps_cpp.hpp
[6.280s] -- Up-to-date: /home/lance/robot/install/my_cobot_interfaces/include/my_cobot_interfaces/my_cobot_interfaces/srv/detail/get_blocks__rosidl_typesupport_fastrtps_cpp.hpp
[6.281s] -- Up-to-date: /home/lance/robot/install/my_cobot_interfaces/include/my_cobot_interfaces/my_cobot_interfaces/srv/detail/pump_off__rosidl_typesupport_fastrtps_cpp.hpp
[6.281s] -- Up-to-date: /home/lance/robot/install/my_cobot_interfaces/include/my_cobot_interfaces/my_cobot_interfaces/srv/detail/set_joint_angles__rosidl_typesupport_fastrtps_cpp.hpp
[6.282s] -- Up-to-date: /home/lance/robot/install/my_cobot_interfaces/include/my_cobot_interfaces/my_cobot_interfaces/msg
[6.283s] -- Up-to-date: /home/lance/robot/install/my_cobot_interfaces/include/my_cobot_interfaces/my_cobot_interfaces/msg/detail
[6.283s] -- Up-to-date: /home/lance/robot/install/my_cobot_interfaces/include/my_cobot_interfaces/my_cobot_interfaces/msg/detail/dds_fastrtps
[6.284s] -- Up-to-date: /home/lance/robot/install/my_cobot_interfaces/include/my_cobot_interfaces/my_cobot_interfaces/msg/detail/block__rosidl_typesupport_fastrtps_cpp.hpp
[6.284s] -- Up-to-date: /home/lance/robot/install/my_cobot_interfaces/include/my_cobot_interfaces/my_cobot_interfaces/msg/rosidl_typesupport_fastrtps_cpp__visibility_control.h
[6.285s] -- Up-to-date: /home/lance/robot/install/my_cobot_interfaces/include/my_cobot_interfaces/my_cobot_interfaces/action
[6.286s] -- Up-to-date: /home/lance/robot/install/my_cobot_interfaces/include/my_cobot_interfaces/my_cobot_interfaces/action/detail
[6.287s] -- Up-to-date: /home/lance/robot/install/my_cobot_interfaces/include/my_cobot_interfaces/my_cobot_interfaces/action/detail/dds_fastrtps
[6.287s] -- Up-to-date: /home/lance/robot/install/my_cobot_interfaces/include/my_cobot_interfaces/my_cobot_interfaces/action/detail/set_angles__rosidl_typesupport_fastrtps_cpp.hpp
[6.288s] -- Up-to-date: /home/lance/robot/install/my_cobot_interfaces/lib/libmy_cobot_interfaces__rosidl_typesupport_fastrtps_cpp.so
[6.289s] -- Up-to-date: /home/lance/robot/install/my_cobot_interfaces/include/my_cobot_interfaces/my_cobot_interfaces
[6.289s] -- Up-to-date: /home/lance/robot/install/my_cobot_interfaces/include/my_cobot_interfaces/my_cobot_interfaces/srv
[6.290s] -- Up-to-date: /home/lance/robot/install/my_cobot_interfaces/include/my_cobot_interfaces/my_cobot_interfaces/srv/detail
[6.290s] -- Up-to-date: /home/lance/robot/install/my_cobot_interfaces/include/my_cobot_interfaces/my_cobot_interfaces/srv/detail/pump_on__type_support.c
[6.290s] -- Up-to-date: /home/lance/robot/install/my_cobot_interfaces/include/my_cobot_interfaces/my_cobot_interfaces/srv/detail/get_radians__rosidl_typesupport_introspection_c.h
[6.291s] -- Up-to-date: /home/lance/robot/install/my_cobot_interfaces/include/my_cobot_interfaces/my_cobot_interfaces/srv/detail/set_joint_angles__type_support.c
[6.292s] -- Up-to-date: /home/lance/robot/install/my_cobot_interfaces/include/my_cobot_interfaces/my_cobot_interfaces/srv/detail/pump_on__rosidl_typesupport_introspection_c.h
[6.292s] -- Up-to-date: /home/lance/robot/install/my_cobot_interfaces/include/my_cobot_interfaces/my_cobot_interfaces/srv/detail/set_coords__type_support.c
[6.293s] -- Up-to-date: /home/lance/robot/install/my_cobot_interfaces/include/my_cobot_interfaces/my_cobot_interfaces/srv/detail/get_blocks__type_support.c
[6.294s] -- Up-to-date: /home/lance/robot/install/my_cobot_interfaces/include/my_cobot_interfaces/my_cobot_interfaces/srv/detail/set_radians__type_support.c
[6.294s] -- Up-to-date: /home/lance/robot/install/my_cobot_interfaces/include/my_cobot_interfaces/my_cobot_interfaces/srv/detail/get_blocks__rosidl_typesupport_introspection_c.h
[6.295s] -- Up-to-date: /home/lance/robot/install/my_cobot_interfaces/include/my_cobot_interfaces/my_cobot_interfaces/srv/detail/set_coords__rosidl_typesupport_introspection_c.h
[6.296s] -- Up-to-date: /home/lance/robot/install/my_cobot_interfaces/include/my_cobot_interfaces/my_cobot_interfaces/srv/detail/set_joint_angles__rosidl_typesupport_introspection_c.h
[6.296s] -- Up-to-date: /home/lance/robot/install/my_cobot_interfaces/include/my_cobot_interfaces/my_cobot_interfaces/srv/detail/play_pause__type_support.c
[6.297s] -- Up-to-date: /home/lance/robot/install/my_cobot_interfaces/include/my_cobot_interfaces/my_cobot_interfaces/srv/detail/set_radians__rosidl_typesupport_introspection_c.h
[6.298s] -- Up-to-date: /home/lance/robot/install/my_cobot_interfaces/include/my_cobot_interfaces/my_cobot_interfaces/srv/detail/play_pause__rosidl_typesupport_introspection_c.h
[6.298s] -- Up-to-date: /home/lance/robot/install/my_cobot_interfaces/include/my_cobot_interfaces/my_cobot_interfaces/srv/detail/get_radians__type_support.c
[6.301s] -- Up-to-date: /home/lance/robot/install/my_cobot_interfaces/include/my_cobot_interfaces/my_cobot_interfaces/srv/detail/pump_off__type_support.c
[6.302s] -- Up-to-date: /home/lance/robot/install/my_cobot_interfaces/include/my_cobot_interfaces/my_cobot_interfaces/srv/detail/pump_off__rosidl_typesupport_introspection_c.h
[6.302s] -- Up-to-date: /home/lance/robot/install/my_cobot_interfaces/include/my_cobot_interfaces/my_cobot_interfaces/msg
[6.304s] -- Up-to-date: /home/lance/robot/install/my_cobot_interfaces/include/my_cobot_interfaces/my_cobot_interfaces/msg/detail
[6.306s] -- Up-to-date: /home/lance/robot/install/my_cobot_interfaces/include/my_cobot_interfaces/my_cobot_interfaces/msg/detail/block__rosidl_typesupport_introspection_c.h
[6.307s] -- Up-to-date: /home/lance/robot/install/my_cobot_interfaces/include/my_cobot_interfaces/my_cobot_interfaces/msg/detail/block__type_support.c
[6.308s] -- Up-to-date: /home/lance/robot/install/my_cobot_interfaces/include/my_cobot_interfaces/my_cobot_interfaces/msg/rosidl_typesupport_introspection_c__visibility_control.h
[6.308s] -- Up-to-date: /home/lance/robot/install/my_cobot_interfaces/include/my_cobot_interfaces/my_cobot_interfaces/action
[6.309s] -- Up-to-date: /home/lance/robot/install/my_cobot_interfaces/include/my_cobot_interfaces/my_cobot_interfaces/action/detail
[6.309s] -- Up-to-date: /home/lance/robot/install/my_cobot_interfaces/include/my_cobot_interfaces/my_cobot_interfaces/action/detail/set_angles__type_support.c
[6.310s] -- Up-to-date: /home/lance/robot/install/my_cobot_interfaces/include/my_cobot_interfaces/my_cobot_interfaces/action/detail/set_angles__rosidl_typesupport_introspection_c.h
[6.310s] -- Up-to-date: /home/lance/robot/install/my_cobot_interfaces/lib/libmy_cobot_interfaces__rosidl_typesupport_introspection_c.so
[6.311s] -- Up-to-date: /home/lance/robot/install/my_cobot_interfaces/lib/libmy_cobot_interfaces__rosidl_typesupport_c.so
[6.311s] -- Up-to-date: /home/lance/robot/install/my_cobot_interfaces/include/my_cobot_interfaces/my_cobot_interfaces
[6.312s] -- Up-to-date: /home/lance/robot/install/my_cobot_interfaces/include/my_cobot_interfaces/my_cobot_interfaces/srv
[6.313s] -- Up-to-date: /home/lance/robot/install/my_cobot_interfaces/include/my_cobot_interfaces/my_cobot_interfaces/srv/detail
[6.313s] -- Up-to-date: /home/lance/robot/install/my_cobot_interfaces/include/my_cobot_interfaces/my_cobot_interfaces/srv/detail/play_pause__rosidl_typesupport_introspection_cpp.hpp
[6.314s] -- Up-to-date: /home/lance/robot/install/my_cobot_interfaces/include/my_cobot_interfaces/my_cobot_interfaces/srv/detail/pump_off__type_support.cpp
[6.315s] -- Up-to-date: /home/lance/robot/install/my_cobot_interfaces/include/my_cobot_interfaces/my_cobot_interfaces/srv/detail/set_coords__type_support.cpp
[6.315s] -- Up-to-date: /home/lance/robot/install/my_cobot_interfaces/include/my_cobot_interfaces/my_cobot_interfaces/srv/detail/get_radians__rosidl_typesupport_introspection_cpp.hpp
[6.316s] -- Up-to-date: /home/lance/robot/install/my_cobot_interfaces/include/my_cobot_interfaces/my_cobot_interfaces/srv/detail/play_pause__type_support.cpp
[6.317s] -- Up-to-date: /home/lance/robot/install/my_cobot_interfaces/include/my_cobot_interfaces/my_cobot_interfaces/srv/detail/get_radians__type_support.cpp
[6.318s] -- Up-to-date: /home/lance/robot/install/my_cobot_interfaces/include/my_cobot_interfaces/my_cobot_interfaces/srv/detail/pump_on__type_support.cpp
[6.318s] -- Up-to-date: /home/lance/robot/install/my_cobot_interfaces/include/my_cobot_interfaces/my_cobot_interfaces/srv/detail/set_coords__rosidl_typesupport_introspection_cpp.hpp
[6.319s] -- Up-to-date: /home/lance/robot/install/my_cobot_interfaces/include/my_cobot_interfaces/my_cobot_interfaces/srv/detail/set_radians__type_support.cpp
[6.319s] -- Up-to-date: /home/lance/robot/install/my_cobot_interfaces/include/my_cobot_interfaces/my_cobot_interfaces/srv/detail/set_joint_angles__rosidl_typesupport_introspection_cpp.hpp
[6.320s] -- Up-to-date: /home/lance/robot/install/my_cobot_interfaces/include/my_cobot_interfaces/my_cobot_interfaces/srv/detail/pump_on__rosidl_typesupport_introspection_cpp.hpp
[6.339s] -- Up-to-date: /home/lance/robot/install/my_cobot_interfaces/include/my_cobot_interfaces/my_cobot_interfaces/srv/detail/get_blocks__rosidl_typesupport_introspection_cpp.hpp
[6.340s] -- Up-to-date: /home/lance/robot/install/my_cobot_interfaces/include/my_cobot_interfaces/my_cobot_interfaces/srv/detail/set_joint_angles__type_support.cpp
[6.341s] -- Up-to-date: /home/lance/robot/install/my_cobot_interfaces/include/my_cobot_interfaces/my_cobot_interfaces/srv/detail/pump_off__rosidl_typesupport_introspection_cpp.hpp
[6.341s] -- Up-to-date: /home/lance/robot/install/my_cobot_interfaces/include/my_cobot_interfaces/my_cobot_interfaces/srv/detail/set_radians__rosidl_typesupport_introspection_cpp.hpp
[6.342s] -- Up-to-date: /home/lance/robot/install/my_cobot_interfaces/include/my_cobot_interfaces/my_cobot_interfaces/srv/detail/get_blocks__type_support.cpp
[6.343s] -- Up-to-date: /home/lance/robot/install/my_cobot_interfaces/include/my_cobot_interfaces/my_cobot_interfaces/msg
[6.344s] -- Up-to-date: /home/lance/robot/install/my_cobot_interfaces/include/my_cobot_interfaces/my_cobot_interfaces/msg/detail
[6.345s] -- Up-to-date: /home/lance/robot/install/my_cobot_interfaces/include/my_cobot_interfaces/my_cobot_interfaces/msg/detail/block__rosidl_typesupport_introspection_cpp.hpp
[6.345s] -- Up-to-date: /home/lance/robot/install/my_cobot_interfaces/include/my_cobot_interfaces/my_cobot_interfaces/msg/detail/block__type_support.cpp
[6.346s] -- Up-to-date: /home/lance/robot/install/my_cobot_interfaces/include/my_cobot_interfaces/my_cobot_interfaces/action
[6.347s] -- Up-to-date: /home/lance/robot/install/my_cobot_interfaces/include/my_cobot_interfaces/my_cobot_interfaces/action/detail
[6.347s] -- Up-to-date: /home/lance/robot/install/my_cobot_interfaces/include/my_cobot_interfaces/my_cobot_interfaces/action/detail/set_angles__rosidl_typesupport_introspection_cpp.hpp
[6.348s] -- Up-to-date: /home/lance/robot/install/my_cobot_interfaces/include/my_cobot_interfaces/my_cobot_interfaces/action/detail/set_angles__type_support.cpp
[6.349s] -- Up-to-date: /home/lance/robot/install/my_cobot_interfaces/lib/libmy_cobot_interfaces__rosidl_typesupport_introspection_cpp.so
[6.350s] -- Up-to-date: /home/lance/robot/install/my_cobot_interfaces/lib/libmy_cobot_interfaces__rosidl_typesupport_cpp.so
[6.351s] -- Up-to-date: /home/lance/robot/install/my_cobot_interfaces/share/my_cobot_interfaces/environment/pythonpath.sh
[6.352s] -- Up-to-date: /home/lance/robot/install/my_cobot_interfaces/share/my_cobot_interfaces/environment/pythonpath.dsv
[6.352s] -- Up-to-date: /home/lance/robot/install/my_cobot_interfaces/local/lib/python3.10/dist-packages/my_cobot_interfaces-0.0.0-py3.10.egg-info
[6.353s] -- Installing: /home/lance/robot/install/my_cobot_interfaces/local/lib/python3.10/dist-packages/my_cobot_interfaces-0.0.0-py3.10.egg-info/SOURCES.txt
[6.354s] -- Installing: /home/lance/robot/install/my_cobot_interfaces/local/lib/python3.10/dist-packages/my_cobot_interfaces-0.0.0-py3.10.egg-info/PKG-INFO
[6.354s] -- Installing: /home/lance/robot/install/my_cobot_interfaces/local/lib/python3.10/dist-packages/my_cobot_interfaces-0.0.0-py3.10.egg-info/dependency_links.txt
[6.355s] -- Installing: /home/lance/robot/install/my_cobot_interfaces/local/lib/python3.10/dist-packages/my_cobot_interfaces-0.0.0-py3.10.egg-info/top_level.txt
[6.356s] -- Up-to-date: /home/lance/robot/install/my_cobot_interfaces/local/lib/python3.10/dist-packages/my_cobot_interfaces
[6.370s] -- Up-to-date: /home/lance/robot/install/my_cobot_interfaces/local/lib/python3.10/dist-packages/my_cobot_interfaces/_my_cobot_interfaces_s.ep.rosidl_typesupport_c.c
[6.372s] -- Up-to-date: /home/lance/robot/install/my_cobot_interfaces/local/lib/python3.10/dist-packages/my_cobot_interfaces/__init__.py
[6.373s] -- Up-to-date: /home/lance/robot/install/my_cobot_interfaces/local/lib/python3.10/dist-packages/my_cobot_interfaces/libmy_cobot_interfaces__rosidl_generator_py.so
[6.374s] -- Up-to-date: /home/lance/robot/install/my_cobot_interfaces/local/lib/python3.10/dist-packages/my_cobot_interfaces/my_cobot_interfaces_s__rosidl_typesupport_c.cpython-310-aarch64-linux-gnu.so
[6.376s] -- Up-to-date: /home/lance/robot/install/my_cobot_interfaces/local/lib/python3.10/dist-packages/my_cobot_interfaces/srv
[6.377s] -- Up-to-date: /home/lance/robot/install/my_cobot_interfaces/local/lib/python3.10/dist-packages/my_cobot_interfaces/srv/_play_pause_s.c
[6.377s] -- Up-to-date: /home/lance/robot/install/my_cobot_interfaces/local/lib/python3.10/dist-packages/my_cobot_interfaces/srv/_get_radians.py
[6.378s] -- Up-to-date: /home/lance/robot/install/my_cobot_interfaces/local/lib/python3.10/dist-packages/my_cobot_interfaces/srv/__init__.py
[6.378s] -- Up-to-date: /home/lance/robot/install/my_cobot_interfaces/local/lib/python3.10/dist-packages/my_cobot_interfaces/srv/_pump_off_s.c
[6.379s] -- Up-to-date: /home/lance/robot/install/my_cobot_interfaces/local/lib/python3.10/dist-packages/my_cobot_interfaces/srv/_set_coords_s.c
[6.380s] -- Up-to-date: /home/lance/robot/install/my_cobot_interfaces/local/lib/python3.10/dist-packages/my_cobot_interfaces/srv/_play_pause.py
[6.391s] -- Up-to-date: /home/lance/robot/install/my_cobot_interfaces/local/lib/python3.10/dist-packages/my_cobot_interfaces/srv/_set_coords.py
[6.392s] -- Up-to-date: /home/lance/robot/install/my_cobot_interfaces/local/lib/python3.10/dist-packages/my_cobot_interfaces/srv/_set_radians.py
[6.392s] -- Up-to-date: /home/lance/robot/install/my_cobot_interfaces/local/lib/python3.10/dist-packages/my_cobot_interfaces/srv/_set_joint_angles_s.c
[6.393s] -- Up-to-date: /home/lance/robot/install/my_cobot_interfaces/local/lib/python3.10/dist-packages/my_cobot_interfaces/srv/_pump_on.py
[6.393s] -- Up-to-date: /home/lance/robot/install/my_cobot_interfaces/local/lib/python3.10/dist-packages/my_cobot_interfaces/srv/_set_joint_angles.py
[6.394s] -- Up-to-date: /home/lance/robot/install/my_cobot_interfaces/local/lib/python3.10/dist-packages/my_cobot_interfaces/srv/_get_blocks.py
[6.395s] -- Up-to-date: /home/lance/robot/install/my_cobot_interfaces/local/lib/python3.10/dist-packages/my_cobot_interfaces/srv/_pump_off.py
[6.395s] -- Up-to-date: /home/lance/robot/install/my_cobot_interfaces/local/lib/python3.10/dist-packages/my_cobot_interfaces/srv/_set_radians_s.c
[6.396s] -- Up-to-date: /home/lance/robot/install/my_cobot_interfaces/local/lib/python3.10/dist-packages/my_cobot_interfaces/srv/_get_blocks_s.c
[6.396s] -- Up-to-date: /home/lance/robot/install/my_cobot_interfaces/local/lib/python3.10/dist-packages/my_cobot_interfaces/srv/_get_radians_s.c
[6.397s] -- Up-to-date: /home/lance/robot/install/my_cobot_interfaces/local/lib/python3.10/dist-packages/my_cobot_interfaces/srv/_pump_on_s.c
[6.397s] -- Up-to-date: /home/lance/robot/install/my_cobot_interfaces/local/lib/python3.10/dist-packages/my_cobot_interfaces/my_cobot_interfaces_s__rosidl_typesupport_fastrtps_c.cpython-310-aarch64-linux-gnu.so
[6.398s] -- Up-to-date: /home/lance/robot/install/my_cobot_interfaces/local/lib/python3.10/dist-packages/my_cobot_interfaces/_my_cobot_interfaces_s.ep.rosidl_typesupport_fastrtps_c.c
[6.398s] -- Up-to-date: /home/lance/robot/install/my_cobot_interfaces/local/lib/python3.10/dist-packages/my_cobot_interfaces/_my_cobot_interfaces_s.ep.rosidl_typesupport_introspection_c.c
[6.399s] -- Up-to-date: /home/lance/robot/install/my_cobot_interfaces/local/lib/python3.10/dist-packages/my_cobot_interfaces/my_cobot_interfaces_s__rosidl_typesupport_introspection_c.cpython-310-aarch64-linux-gnu.so
[6.400s] -- Up-to-date: /home/lance/robot/install/my_cobot_interfaces/local/lib/python3.10/dist-packages/my_cobot_interfaces/msg
[6.413s] -- Up-to-date: /home/lance/robot/install/my_cobot_interfaces/local/lib/python3.10/dist-packages/my_cobot_interfaces/msg/_block.py
[6.414s] -- Up-to-date: /home/lance/robot/install/my_cobot_interfaces/local/lib/python3.10/dist-packages/my_cobot_interfaces/msg/__init__.py
[6.414s] -- Up-to-date: /home/lance/robot/install/my_cobot_interfaces/local/lib/python3.10/dist-packages/my_cobot_interfaces/msg/_block_s.c
[6.415s] -- Up-to-date: /home/lance/robot/install/my_cobot_interfaces/local/lib/python3.10/dist-packages/my_cobot_interfaces/action
[6.416s] -- Up-to-date: /home/lance/robot/install/my_cobot_interfaces/local/lib/python3.10/dist-packages/my_cobot_interfaces/action/__init__.py
[6.416s] -- Up-to-date: /home/lance/robot/install/my_cobot_interfaces/local/lib/python3.10/dist-packages/my_cobot_interfaces/action/_set_angles.py
[6.417s] -- Up-to-date: /home/lance/robot/install/my_cobot_interfaces/local/lib/python3.10/dist-packages/my_cobot_interfaces/action/_set_angles_s.c
[6.537s] Listing '/home/lance/robot/install/my_cobot_interfaces/local/lib/python3.10/dist-packages/my_cobot_interfaces'...
[6.538s] Listing '/home/lance/robot/install/my_cobot_interfaces/local/lib/python3.10/dist-packages/my_cobot_interfaces/action'...
[6.539s] Listing '/home/lance/robot/install/my_cobot_interfaces/local/lib/python3.10/dist-packages/my_cobot_interfaces/msg'...
[6.541s] Listing '/home/lance/robot/install/my_cobot_interfaces/local/lib/python3.10/dist-packages/my_cobot_interfaces/srv'...
[6.579s] -- Up-to-date: /home/lance/robot/install/my_cobot_interfaces/local/lib/python3.10/dist-packages/my_cobot_interfaces/my_cobot_interfaces_s__rosidl_typesupport_fastrtps_c.cpython-310-aarch64-linux-gnu.so
[6.583s] -- Up-to-date: /home/lance/robot/install/my_cobot_interfaces/local/lib/python3.10/dist-packages/my_cobot_interfaces/my_cobot_interfaces_s__rosidl_typesupport_introspection_c.cpython-310-aarch64-linux-gnu.so
[6.586s] -- Up-to-date: /home/lance/robot/install/my_cobot_interfaces/local/lib/python3.10/dist-packages/my_cobot_interfaces/my_cobot_interfaces_s__rosidl_typesupport_c.cpython-310-aarch64-linux-gnu.so
[6.589s] -- Up-to-date: /home/lance/robot/install/my_cobot_interfaces/lib/libmy_cobot_interfaces__rosidl_generator_py.so
[6.591s] -- Up-to-date: /home/lance/robot/install/my_cobot_interfaces/share/my_cobot_interfaces/srv/GetRadians.idl
[6.592s] -- Up-to-date: /home/lance/robot/install/my_cobot_interfaces/share/my_cobot_interfaces/srv/SetRadians.idl
[6.593s] -- Up-to-date: /home/lance/robot/install/my_cobot_interfaces/share/my_cobot_interfaces/srv/PlayPause.idl
[6.594s] -- Up-to-date: /home/lance/robot/install/my_cobot_interfaces/share/my_cobot_interfaces/srv/SetCoords.idl
[6.595s] -- Up-to-date: /home/lance/robot/install/my_cobot_interfaces/share/my_cobot_interfaces/srv/GetBlocks.idl
[6.596s] -- Up-to-date: /home/lance/robot/install/my_cobot_interfaces/share/my_cobot_interfaces/srv/SetJointAngles.idl
[6.598s] -- Up-to-date: /home/lance/robot/install/my_cobot_interfaces/share/my_cobot_interfaces/srv/PumpOff.idl
[6.599s] -- Up-to-date: /home/lance/robot/install/my_cobot_interfaces/share/my_cobot_interfaces/srv/PumpOn.idl
[6.600s] -- Up-to-date: /home/lance/robot/install/my_cobot_interfaces/share/my_cobot_interfaces/msg/Block.idl
[6.602s] -- Up-to-date: /home/lance/robot/install/my_cobot_interfaces/share/my_cobot_interfaces/action/SetAngles.idl
[6.605s] -- Up-to-date: /home/lance/robot/install/my_cobot_interfaces/share/my_cobot_interfaces/srv/GetRadians.srv
[6.606s] -- Up-to-date: /home/lance/robot/install/my_cobot_interfaces/share/my_cobot_interfaces/srv/GetRadians_Request.msg
[6.617s] -- Up-to-date: /home/lance/robot/install/my_cobot_interfaces/share/my_cobot_interfaces/srv/GetRadians_Response.msg
[6.618s] -- Up-to-date: /home/lance/robot/install/my_cobot_interfaces/share/my_cobot_interfaces/srv/SetRadians.srv
[6.620s] -- Up-to-date: /home/lance/robot/install/my_cobot_interfaces/share/my_cobot_interfaces/srv/SetRadians_Request.msg
[6.621s] -- Up-to-date: /home/lance/robot/install/my_cobot_interfaces/share/my_cobot_interfaces/srv/SetRadians_Response.msg
[6.622s] -- Up-to-date: /home/lance/robot/install/my_cobot_interfaces/share/my_cobot_interfaces/srv/PlayPause.srv
[6.629s] -- Up-to-date: /home/lance/robot/install/my_cobot_interfaces/share/my_cobot_interfaces/srv/PlayPause_Request.msg
[6.631s] -- Up-to-date: /home/lance/robot/install/my_cobot_interfaces/share/my_cobot_interfaces/srv/PlayPause_Response.msg
[6.633s] -- Up-to-date: /home/lance/robot/install/my_cobot_interfaces/share/my_cobot_interfaces/srv/SetCoords.srv
[6.634s] -- Up-to-date: /home/lance/robot/install/my_cobot_interfaces/share/my_cobot_interfaces/srv/SetCoords_Request.msg
[6.635s] -- Up-to-date: /home/lance/robot/install/my_cobot_interfaces/share/my_cobot_interfaces/srv/SetCoords_Response.msg
[6.636s] -- Up-to-date: /home/lance/robot/install/my_cobot_interfaces/share/my_cobot_interfaces/srv/GetBlocks.srv
[6.639s] -- Up-to-date: /home/lance/robot/install/my_cobot_interfaces/share/my_cobot_interfaces/srv/GetBlocks_Request.msg
[6.641s] -- Up-to-date: /home/lance/robot/install/my_cobot_interfaces/share/my_cobot_interfaces/srv/GetBlocks_Response.msg
[6.641s] -- Up-to-date: /home/lance/robot/install/my_cobot_interfaces/share/my_cobot_interfaces/srv/SetJointAngles.srv
[6.645s] -- Up-to-date: /home/lance/robot/install/my_cobot_interfaces/share/my_cobot_interfaces/srv/SetJointAngles_Request.msg
[6.648s] -- Up-to-date: /home/lance/robot/install/my_cobot_interfaces/share/my_cobot_interfaces/srv/SetJointAngles_Response.msg
[6.650s] -- Up-to-date: /home/lance/robot/install/my_cobot_interfaces/share/my_cobot_interfaces/srv/PumpOff.srv
[6.653s] -- Up-to-date: /home/lance/robot/install/my_cobot_interfaces/share/my_cobot_interfaces/srv/PumpOff_Request.msg
[6.660s] -- Up-to-date: /home/lance/robot/install/my_cobot_interfaces/share/my_cobot_interfaces/srv/PumpOff_Response.msg
[6.661s] -- Up-to-date: /home/lance/robot/install/my_cobot_interfaces/share/my_cobot_interfaces/srv/PumpOn.srv
[6.680s] -- Up-to-date: /home/lance/robot/install/my_cobot_interfaces/share/my_cobot_interfaces/srv/PumpOn_Request.msg
[6.682s] -- Up-to-date: /home/lance/robot/install/my_cobot_interfaces/share/my_cobot_interfaces/srv/PumpOn_Response.msg
[6.682s] -- Up-to-date: /home/lance/robot/install/my_cobot_interfaces/share/my_cobot_interfaces/msg/Block.msg
[6.683s] -- Up-to-date: /home/lance/robot/install/my_cobot_interfaces/share/my_cobot_interfaces/action/SetAngles.action
[6.684s] -- Up-to-date: /home/lance/robot/install/my_cobot_interfaces/share/ament_index/resource_index/package_run_dependencies/my_cobot_interfaces
[6.685s] -- Up-to-date: /home/lance/robot/install/my_cobot_interfaces/share/ament_index/resource_index/parent_prefix_path/my_cobot_interfaces
[6.685s] -- Up-to-date: /home/lance/robot/install/my_cobot_interfaces/share/my_cobot_interfaces/environment/ament_prefix_path.sh
[6.686s] -- Up-to-date: /home/lance/robot/install/my_cobot_interfaces/share/my_cobot_interfaces/environment/ament_prefix_path.dsv
[6.687s] -- Up-to-date: /home/lance/robot/install/my_cobot_interfaces/share/my_cobot_interfaces/environment/path.sh
[6.705s] -- Up-to-date: /home/lance/robot/install/my_cobot_interfaces/share/my_cobot_interfaces/environment/path.dsv
[6.706s] -- Up-to-date: /home/lance/robot/install/my_cobot_interfaces/share/my_cobot_interfaces/local_setup.bash
[6.707s] -- Up-to-date: /home/lance/robot/install/my_cobot_interfaces/share/my_cobot_interfaces/local_setup.sh
[6.707s] -- Up-to-date: /home/lance/robot/install/my_cobot_interfaces/share/my_cobot_interfaces/local_setup.zsh
[6.708s] -- Up-to-date: /home/lance/robot/install/my_cobot_interfaces/share/my_cobot_interfaces/local_setup.dsv
[6.708s] -- Installing: /home/lance/robot/install/my_cobot_interfaces/share/my_cobot_interfaces/package.dsv
[6.709s] -- Up-to-date: /home/lance/robot/install/my_cobot_interfaces/share/ament_index/resource_index/packages/my_cobot_interfaces
[6.709s] -- Up-to-date: /home/lance/robot/install/my_cobot_interfaces/share/my_cobot_interfaces/cmake/export_my_cobot_interfaces__rosidl_generator_cExport.cmake
[6.710s] -- Up-to-date: /home/lance/robot/install/my_cobot_interfaces/share/my_cobot_interfaces/cmake/export_my_cobot_interfaces__rosidl_generator_cExport-noconfig.cmake
[6.710s] -- Up-to-date: /home/lance/robot/install/my_cobot_interfaces/share/my_cobot_interfaces/cmake/export_my_cobot_interfaces__rosidl_typesupport_fastrtps_cExport.cmake
[6.711s] -- Up-to-date: /home/lance/robot/install/my_cobot_interfaces/share/my_cobot_interfaces/cmake/export_my_cobot_interfaces__rosidl_typesupport_fastrtps_cExport-noconfig.cmake
[6.712s] -- Up-to-date: /home/lance/robot/install/my_cobot_interfaces/share/my_cobot_interfaces/cmake/export_my_cobot_interfaces__rosidl_generator_cppExport.cmake
[6.712s] -- Up-to-date: /home/lance/robot/install/my_cobot_interfaces/share/my_cobot_interfaces/cmake/export_my_cobot_interfaces__rosidl_typesupport_fastrtps_cppExport.cmake
[6.713s] -- Up-to-date: /home/lance/robot/install/my_cobot_interfaces/share/my_cobot_interfaces/cmake/export_my_cobot_interfaces__rosidl_typesupport_fastrtps_cppExport-noconfig.cmake
[6.714s] -- Up-to-date: /home/lance/robot/install/my_cobot_interfaces/share/my_cobot_interfaces/cmake/my_cobot_interfaces__rosidl_typesupport_introspection_cExport.cmake
[6.714s] -- Up-to-date: /home/lance/robot/install/my_cobot_interfaces/share/my_cobot_interfaces/cmake/my_cobot_interfaces__rosidl_typesupport_introspection_cExport-noconfig.cmake
[6.715s] -- Up-to-date: /home/lance/robot/install/my_cobot_interfaces/share/my_cobot_interfaces/cmake/my_cobot_interfaces__rosidl_typesupport_cExport.cmake
[6.715s] -- Up-to-date: /home/lance/robot/install/my_cobot_interfaces/share/my_cobot_interfaces/cmake/my_cobot_interfaces__rosidl_typesupport_cExport-noconfig.cmake
[6.734s] -- Up-to-date: /home/lance/robot/install/my_cobot_interfaces/share/my_cobot_interfaces/cmake/my_cobot_interfaces__rosidl_typesupport_introspection_cppExport.cmake
[6.736s] -- Up-to-date: /home/lance/robot/install/my_cobot_interfaces/share/my_cobot_interfaces/cmake/my_cobot_interfaces__rosidl_typesupport_introspection_cppExport-noconfig.cmake
[6.737s] -- Up-to-date: /home/lance/robot/install/my_cobot_interfaces/share/my_cobot_interfaces/cmake/my_cobot_interfaces__rosidl_typesupport_cppExport.cmake
[6.738s] -- Up-to-date: /home/lance/robot/install/my_cobot_interfaces/share/my_cobot_interfaces/cmake/my_cobot_interfaces__rosidl_typesupport_cppExport-noconfig.cmake
[6.739s] -- Up-to-date: /home/lance/robot/install/my_cobot_interfaces/share/my_cobot_interfaces/cmake/export_my_cobot_interfaces__rosidl_generator_pyExport.cmake
[6.740s] -- Up-to-date: /home/lance/robot/install/my_cobot_interfaces/share/my_cobot_interfaces/cmake/export_my_cobot_interfaces__rosidl_generator_pyExport-noconfig.cmake
[6.741s] -- Up-to-date: /home/lance/robot/install/my_cobot_interfaces/share/my_cobot_interfaces/cmake/rosidl_cmake-extras.cmake
[6.742s] -- Up-to-date: /home/lance/robot/install/my_cobot_interfaces/share/my_cobot_interfaces/cmake/ament_cmake_export_dependencies-extras.cmake
[6.742s] -- Up-to-date: /home/lance/robot/install/my_cobot_interfaces/share/my_cobot_interfaces/cmake/ament_cmake_export_include_directories-extras.cmake
[6.743s] -- Up-to-date: /home/lance/robot/install/my_cobot_interfaces/share/my_cobot_interfaces/cmake/ament_cmake_export_libraries-extras.cmake
[6.743s] -- Up-to-date: /home/lance/robot/install/my_cobot_interfaces/share/my_cobot_interfaces/cmake/ament_cmake_export_targets-extras.cmake
[6.744s] -- Up-to-date: /home/lance/robot/install/my_cobot_interfaces/share/my_cobot_interfaces/cmake/rosidl_cmake_export_typesupport_targets-extras.cmake
[6.745s] -- Up-to-date: /home/lance/robot/install/my_cobot_interfaces/share/my_cobot_interfaces/cmake/rosidl_cmake_export_typesupport_libraries-extras.cmake
[6.745s] -- Up-to-date: /home/lance/robot/install/my_cobot_interfaces/share/my_cobot_interfaces/cmake/my_cobot_interfacesConfig.cmake
[6.746s] -- Up-to-date: /home/lance/robot/install/my_cobot_interfaces/share/my_cobot_interfaces/cmake/my_cobot_interfacesConfig-version.cmake
[6.746s] -- Up-to-date: /home/lance/robot/install/my_cobot_interfaces/share/my_cobot_interfaces/package.xml
[6.747s] Invoked command in '/home/lance/robot/build/my_cobot_interfaces' returned '0': CMAKE_PREFIX_PATH=${CMAKE_PREFIX_PATH}:/home/lance/robot/install/robot_description:/home/lance/robot/install/coord_controller:/home/lance/robot/install/controllers:/home/lance/robot/install/motion_planning:/home/lance/robot/install/bringup:/opt/ros/humble /usr/bin/cmake --install /home/lance/robot/build/my_cobot_interfaces
