[29.324s] Invoking command in '/home/lance/robot/src/coord_controller': CMAKE_PREFIX_PATH=/home/lance/robot/install/my_cobot_interfaces:/home/lance/robot/install/moveit_config:/home/lance/robot/install/my_cobot_hardware_interface:/home/lance/moveit2_ws/install LD_LIBRARY_PATH=/home/lance/robot/install/my_cobot_interfaces/lib:/home/lance/robot/install/my_cobot_hardware_interface/lib:/opt/ros/humble/opt/rviz_ogre_vendor/lib:/opt/ros/humble/lib/aarch64-linux-gnu:/opt/ros/humble/lib PYTHONPATH=/home/lance/robot/build/coord_controller/prefix_override:/home/lance/robot/install/coord_controller/lib/python3.10/site-packages:${PYTHONPATH} /usr/bin/python3 setup.py egg_info --egg-base ../../build/coord_controller build --build-base /home/lance/robot/build/coord_controller/build install --record /home/lance/robot/build/coord_controller/install.log --single-version-externally-managed
[36.560s] running egg_info
[36.572s] writing ../../build/coord_controller/coord_controller.egg-info/PKG-INFO
[36.582s] writing dependency_links to ../../build/coord_controller/coord_controller.egg-info/dependency_links.txt
[36.588s] writing entry points to ../../build/coord_controller/coord_controller.egg-info/entry_points.txt
[36.596s] writing requirements to ../../build/coord_controller/coord_controller.egg-info/requires.txt
[36.602s] writing top-level names to ../../build/coord_controller/coord_controller.egg-info/top_level.txt
[36.620s] reading manifest file '../../build/coord_controller/coord_controller.egg-info/SOURCES.txt'
[36.647s] writing manifest file '../../build/coord_controller/coord_controller.egg-info/SOURCES.txt'
[36.654s] running build
[36.657s] running build_py
[36.668s] running install
[36.677s] running install_lib
[36.707s] running install_data
[36.717s] running install_egg_info
[36.749s] removing '/home/lance/robot/install/coord_controller/lib/python3.10/site-packages/coord_controller-0.0.0-py3.10.egg-info' (and everything under it)
[36.759s] Copying ../../build/coord_controller/coord_controller.egg-info to /home/lance/robot/install/coord_controller/lib/python3.10/site-packages/coord_controller-0.0.0-py3.10.egg-info
[36.805s] running install_scripts
[37.185s] Installing my_cobot script to /home/lance/robot/install/coord_controller/lib/coord_controller
[37.199s] writing list of installed files to '/home/lance/robot/build/coord_controller/install.log'
[37.878s] Invoked command in '/home/lance/robot/src/coord_controller' returned '0': CMAKE_PREFIX_PATH=/home/lance/robot/install/my_cobot_interfaces:/home/lance/robot/install/moveit_config:/home/lance/robot/install/my_cobot_hardware_interface:/home/lance/moveit2_ws/install LD_LIBRARY_PATH=/home/lance/robot/install/my_cobot_interfaces/lib:/home/lance/robot/install/my_cobot_hardware_interface/lib:/opt/ros/humble/opt/rviz_ogre_vendor/lib:/opt/ros/humble/lib/aarch64-linux-gnu:/opt/ros/humble/lib PYTHONPATH=/home/lance/robot/build/coord_controller/prefix_override:/home/lance/robot/install/coord_controller/lib/python3.10/site-packages:${PYTHONPATH} /usr/bin/python3 setup.py egg_info --egg-base ../../build/coord_controller build --build-base /home/lance/robot/build/coord_controller/build install --record /home/lance/robot/build/coord_controller/install.log --single-version-externally-managed
