-- Found ament_cmake: 1.3.5 (/opt/ros/humble/share/ament_cmake/cmake)
-- Found builtin_interfaces: 1.2.1 (/opt/ros/humble/share/builtin_interfaces/cmake)
-- Found rosidl_generator_c: 3.1.4 (/opt/ros/humble/share/rosidl_generator_c/cmake)
-- Found rosidl_adapter: 3.1.4 (/opt/ros/humble/share/rosidl_adapter/cmake)
-- Found rosidl_generator_cpp: 3.1.4 (/opt/ros/humble/share/rosidl_generator_cpp/cmake)
-- Using all available rosidl_typesupport_c: rosidl_typesupport_fastrtps_c;rosidl_typesupport_introspection_c
-- Using all available rosidl_typesupport_cpp: rosidl_typesupport_fastrtps_cpp;rosidl_typesupport_introspection_cpp
-- Found rosidl_default_generators: 1.2.0 (/opt/ros/humble/share/rosidl_default_generators/cmake)
-- Found ament_cmake_ros: 0.10.0 (/opt/ros/humble/share/ament_cmake_ros/cmake)
-- Using all available rosidl_typesupport_c: rosidl_typesupport_fastrtps_c;rosidl_typesupport_introspection_c
-- Using all available rosidl_typesupport_cpp: rosidl_typesupport_fastrtps_cpp;rosidl_typesupport_introspection_cpp
-- Found python_cmake_module: 0.10.0 (/opt/ros/humble/share/python_cmake_module/cmake)
-- Using PYTHON_EXECUTABLE: /usr/bin/python3
-- Using PYTHON_INCLUDE_DIRS: /usr/include/python3.10
-- Using PYTHON_LIBRARIES: /usr/lib/aarch64-linux-gnu/libpython3.10.so
-- Found ament_lint_auto: 0.12.6 (/opt/ros/humble/share/ament_lint_auto/cmake)
-- Added test 'lint_cmake' to check CMake code style
-- Added test 'xmllint' to check XML markup files
-- Configuring done
-- Generating done
-- Build files have been written to: /home/lance/robot/build/my_cobot_interfaces
[  1%] [34m[1mGenerating C code for ROS interfaces[0m
[  1%] [34m[1mGenerating C++ code for ROS interfaces[0m
[  1%] Built target ament_cmake_python_copy_my_cobot_interfaces
running egg_info
writing my_cobot_interfaces.egg-info/PKG-INFO
writing dependency_links to my_cobot_interfaces.egg-info/dependency_links.txt
writing top-level names to my_cobot_interfaces.egg-info/top_level.txt
reading manifest file 'my_cobot_interfaces.egg-info/SOURCES.txt'
writing manifest file 'my_cobot_interfaces.egg-info/SOURCES.txt'
[  1%] Built target ament_cmake_python_build_my_cobot_interfaces_egg
gmake[2]: *** Deleting file 'rosidl_generator_cpp/my_cobot_interfaces/action/detail/set_angles__traits.hpp'
gmake[2]: *** Deleting file 'rosidl_generator_c/my_cobot_interfaces/srv/detail/set_coords__functions.c'
gmake[2]: *** Deleting file 'rosidl_generator_cpp/my_cobot_interfaces/action/detail/set_angles__struct.hpp'
gmake[2]: *** Deleting file 'rosidl_generator_cpp/my_cobot_interfaces/action/detail/set_angles__builder.hpp'
gmake[2]: *** [CMakeFiles/my_cobot_interfaces__cpp.dir/build.make:254: rosidl_generator_cpp/my_cobot_interfaces/action/detail/set_angles__builder.hpp] Interrupt
gmake[2]: *** [CMakeFiles/my_cobot_interfaces__cpp.dir/build.make:257: rosidl_generator_cpp/my_cobot_interfaces/action/detail/set_angles__struct.hpp] Interrupt
gmake[2]: *** [CMakeFiles/my_cobot_interfaces__cpp.dir/build.make:260: rosidl_generator_cpp/my_cobot_interfaces/action/detail/set_angles__traits.hpp] Interrupt
gmake[2]: *** [CMakeFiles/my_cobot_interfaces__rosidl_generator_c.dir/build.make:232: rosidl_generator_c/my_cobot_interfaces/srv/detail/set_coords__functions.c] Interrupt
gmake[1]: *** [CMakeFiles/Makefile2:265: CMakeFiles/my_cobot_interfaces__cpp.dir/all] Interrupt
gmake[1]: *** [CMakeFiles/Makefile2:212: CMakeFiles/my_cobot_interfaces__rosidl_generator_c.dir/all] Interrupt
gmake: *** [Makefile:146: all] Interrupt
