[9.533s] Invoking command in '/home/lance/robot/src/bringup': PYTHONPATH=/home/lance/robot/build/bringup/prefix_override:/home/lance/robot/install/bringup/lib/python3.10/site-packages:${PYTHONPATH} /usr/bin/python3 setup.py egg_info --egg-base ../../build/bringup build --build-base /home/lance/robot/build/bringup/build install --record /home/lance/robot/build/bringup/install.log --single-version-externally-managed
[12.510s] running egg_info
[12.511s] creating ../../build/bringup/bringup.egg-info
[12.512s] writing ../../build/bringup/bringup.egg-info/PKG-INFO
[12.514s] writing dependency_links to ../../build/bringup/bringup.egg-info/dependency_links.txt
[12.515s] writing entry points to ../../build/bringup/bringup.egg-info/entry_points.txt
[12.516s] writing requirements to ../../build/bringup/bringup.egg-info/requires.txt
[12.517s] writing top-level names to ../../build/bringup/bringup.egg-info/top_level.txt
[12.518s] writing manifest file '../../build/bringup/bringup.egg-info/SOURCES.txt'
[12.528s] reading manifest file '../../build/bringup/bringup.egg-info/SOURCES.txt'
[12.535s] writing manifest file '../../build/bringup/bringup.egg-info/SOURCES.txt'
[12.536s] running build
[12.536s] running build_py
[12.538s] creating /home/lance/robot/build/bringup/build
[12.539s] creating /home/lance/robot/build/bringup/build/lib
[12.539s] creating /home/lance/robot/build/bringup/build/lib/bringup
[12.539s] copying bringup/__init__.py -> /home/lance/robot/build/bringup/build/lib/bringup
[12.540s] running install
[12.540s] running install_lib
[12.544s] creating /home/lance/robot/install/bringup/lib/python3.10/site-packages/bringup
[12.545s] copying /home/lance/robot/build/bringup/build/lib/bringup/__init__.py -> /home/lance/robot/install/bringup/lib/python3.10/site-packages/bringup
[12.548s] byte-compiling /home/lance/robot/install/bringup/lib/python3.10/site-packages/bringup/__init__.py to __init__.cpython-310.pyc
[12.549s] running install_data
[12.552s] creating /home/lance/robot/install/bringup/share/ament_index
[12.553s] creating /home/lance/robot/install/bringup/share/ament_index/resource_index
[12.553s] creating /home/lance/robot/install/bringup/share/ament_index/resource_index/packages
[12.554s] copying resource/bringup -> /home/lance/robot/install/bringup/share/ament_index/resource_index/packages
[12.555s] copying package.xml -> /home/lance/robot/install/bringup/share/bringup
[12.556s] creating /home/lance/robot/install/bringup/share/bringup/launch
[12.557s] copying launch/motion_planning.launch.py -> /home/lance/robot/install/bringup/share/bringup/launch
[12.557s] copying launch/computer_vision.launch.xml -> /home/lance/robot/install/bringup/share/bringup/launch
[12.558s] running install_egg_info
[12.572s] Copying ../../build/bringup/bringup.egg-info to /home/lance/robot/install/bringup/lib/python3.10/site-packages/bringup-0.0.0-py3.10.egg-info
[12.575s] running install_scripts
[12.719s] writing list of installed files to '/home/lance/robot/build/bringup/install.log'
[12.992s] Invoked command in '/home/lance/robot/src/bringup' returned '0': PYTHONPATH=/home/lance/robot/build/bringup/prefix_override:/home/lance/robot/install/bringup/lib/python3.10/site-packages:${PYTHONPATH} /usr/bin/python3 setup.py egg_info --egg-base ../../build/bringup build --build-base /home/lance/robot/build/bringup/build install --record /home/lance/robot/build/bringup/install.log --single-version-externally-managed
