[0.120s] Invoking command in '/home/lance/robot/build/my_cobot_interfaces': CMAKE_PREFIX_PATH=${CMAKE_PREFIX_PATH}:/home/lance/robot/install/robot_description:/home/lance/robot/install/coord_controller:/home/lance/robot/install/controllers:/home/lance/robot/install/motion_planning:/home/lance/robot/install/computer_vision:/home/lance/robot/install/bringup:/opt/ros/humble /usr/bin/cmake --build /home/lance/robot/build/my_cobot_interfaces -- -j4 -l4
[0.510s] -- Found ament_cmake: 1.3.5 (/opt/ros/humble/share/ament_cmake/cmake)
[1.449s] -- Found builtin_interfaces: 1.2.1 (/opt/ros/humble/share/builtin_interfaces/cmake)
[1.704s] -- Found rosidl_generator_c: 3.1.4 (/opt/ros/humble/share/rosidl_generator_c/cmake)
[1.720s] -- Found rosidl_adapter: 3.1.4 (/opt/ros/humble/share/rosidl_adapter/cmake)
[1.763s] -- Found rosidl_generator_cpp: 3.1.4 (/opt/ros/humble/share/rosidl_generator_cpp/cmake)
[1.828s] -- Using all available rosidl_typesupport_c: rosidl_typesupport_fastrtps_c;rosidl_typesupport_introspection_c
[1.919s] -- Using all available rosidl_typesupport_cpp: rosidl_typesupport_fastrtps_cpp;rosidl_typesupport_introspection_cpp
[2.001s] -- Found rosidl_default_generators: 1.2.0 (/opt/ros/humble/share/rosidl_default_generators/cmake)
[3.753s] -- Found ament_cmake_ros: 0.10.0 (/opt/ros/humble/share/ament_cmake_ros/cmake)
[5.528s] -- Using all available rosidl_typesupport_c: rosidl_typesupport_fastrtps_c;rosidl_typesupport_introspection_c
[6.227s] -- Using all available rosidl_typesupport_cpp: rosidl_typesupport_fastrtps_cpp;rosidl_typesupport_introspection_cpp
[6.362s] -- Found python_cmake_module: 0.10.0 (/opt/ros/humble/share/python_cmake_module/cmake)
[6.504s] -- Using PYTHON_EXECUTABLE: /usr/bin/python3
[6.505s] -- Using PYTHON_INCLUDE_DIRS: /usr/include/python3.10
[6.505s] -- Using PYTHON_LIBRARIES: /usr/lib/aarch64-linux-gnu/libpython3.10.so
[6.591s] -- Found ament_lint_auto: 0.12.6 (/opt/ros/humble/share/ament_lint_auto/cmake)
[6.693s] -- Added test 'lint_cmake' to check CMake code style
[6.708s] -- Added test 'xmllint' to check XML markup files
[6.726s] -- Configuring done
[7.190s] -- Generating done
[7.209s] -- Build files have been written to: /home/lance/robot/build/my_cobot_interfaces
[7.355s] [  1%] [34m[1mGenerating C code for ROS interfaces[0m
[7.414s] [  2%] [34m[1mGenerating C++ code for ROS interfaces[0m
[7.523s] [  2%] Built target ament_cmake_python_copy_my_cobot_interfaces
[9.547s] running egg_info
[9.549s] writing my_cobot_interfaces.egg-info/PKG-INFO
[9.551s] writing dependency_links to my_cobot_interfaces.egg-info/dependency_links.txt
[9.552s] writing top-level names to my_cobot_interfaces.egg-info/top_level.txt
[9.589s] reading manifest file 'my_cobot_interfaces.egg-info/SOURCES.txt'
[9.593s] writing manifest file 'my_cobot_interfaces.egg-info/SOURCES.txt'
[9.767s] [  2%] Built target ament_cmake_python_build_my_cobot_interfaces_egg
[11.817s] [  2%] Built target my_cobot_interfaces__cpp
[11.892s] [  3%] [34m[1mGenerating C++ type support dispatch for ROS interfaces[0m
[11.902s] [  4%] [34m[1mGenerating C++ type support for eProsima Fast-RTPS[0m
[12.125s] [  5%] [34m[1mGenerating C++ introspection for ROS interfaces[0m
[13.644s] [35m[1mConsolidate compiler generated dependencies of target my_cobot_interfaces__rosidl_generator_c[0m
[13.737s] [  6%] [32mBuilding C object CMakeFiles/my_cobot_interfaces__rosidl_generator_c.dir/rosidl_generator_c/my_cobot_interfaces/srv/detail/get_radians__functions.c.o[0m
[14.697s] [  7%] [32mBuilding C object CMakeFiles/my_cobot_interfaces__rosidl_generator_c.dir/rosidl_generator_c/my_cobot_interfaces/srv/detail/set_radians__functions.c.o[0m
[15.135s] [  8%] [32mBuilding C object CMakeFiles/my_cobot_interfaces__rosidl_generator_c.dir/rosidl_generator_c/my_cobot_interfaces/srv/detail/play_pause__functions.c.o[0m
[15.510s] [35m[1mConsolidate compiler generated dependencies of target my_cobot_interfaces__rosidl_typesupport_cpp[0m
[15.583s] [  9%] [32mBuilding C object CMakeFiles/my_cobot_interfaces__rosidl_generator_c.dir/rosidl_generator_c/my_cobot_interfaces/srv/detail/set_coords__functions.c.o[0m
[15.636s] [ 10%] [32mBuilding CXX object CMakeFiles/my_cobot_interfaces__rosidl_typesupport_cpp.dir/rosidl_typesupport_cpp/my_cobot_interfaces/srv/get_radians__type_support.cpp.o[0m
[15.990s] [ 11%] [32mBuilding C object CMakeFiles/my_cobot_interfaces__rosidl_generator_c.dir/rosidl_generator_c/my_cobot_interfaces/srv/detail/get_blocks__functions.c.o[0m
[16.403s] [ 12%] [32mBuilding C object CMakeFiles/my_cobot_interfaces__rosidl_generator_c.dir/rosidl_generator_c/my_cobot_interfaces/srv/detail/set_joint_angles__functions.c.o[0m
[16.810s] [ 13%] [32mBuilding C object CMakeFiles/my_cobot_interfaces__rosidl_generator_c.dir/rosidl_generator_c/my_cobot_interfaces/srv/detail/pump_off__functions.c.o[0m
[17.001s] [35m[1mConsolidate compiler generated dependencies of target my_cobot_interfaces__rosidl_typesupport_introspection_cpp[0m
[17.138s] [ 14%] [32mBuilding CXX object CMakeFiles/my_cobot_interfaces__rosidl_typesupport_introspection_cpp.dir/rosidl_typesupport_introspection_cpp/my_cobot_interfaces/srv/detail/get_radians__type_support.cpp.o[0m
[17.187s] [ 15%] [32mBuilding C object CMakeFiles/my_cobot_interfaces__rosidl_generator_c.dir/rosidl_generator_c/my_cobot_interfaces/srv/detail/pump_on__functions.c.o[0m
[17.358s] [35m[1mConsolidate compiler generated dependencies of target my_cobot_interfaces__rosidl_typesupport_fastrtps_cpp[0m
[17.477s] [ 16%] [32mBuilding CXX object CMakeFiles/my_cobot_interfaces__rosidl_typesupport_fastrtps_cpp.dir/rosidl_typesupport_fastrtps_cpp/my_cobot_interfaces/srv/detail/dds_fastrtps/get_radians__type_support.cpp.o[0m
[17.578s] [ 17%] [32mBuilding C object CMakeFiles/my_cobot_interfaces__rosidl_generator_c.dir/rosidl_generator_c/my_cobot_interfaces/msg/detail/block__functions.c.o[0m
[17.963s] [ 18%] [32m[1mLinking C shared library libmy_cobot_interfaces__rosidl_generator_c.so[0m
[18.352s] [ 18%] Built target my_cobot_interfaces__rosidl_generator_c
[18.416s] [ 20%] [32mBuilding CXX object CMakeFiles/my_cobot_interfaces__rosidl_typesupport_fastrtps_cpp.dir/rosidl_typesupport_fastrtps_cpp/my_cobot_interfaces/srv/detail/dds_fastrtps/set_radians__type_support.cpp.o[0m
[18.473s] [ 21%] [32mBuilding CXX object CMakeFiles/my_cobot_interfaces__rosidl_typesupport_cpp.dir/rosidl_typesupport_cpp/my_cobot_interfaces/srv/set_radians__type_support.cpp.o[0m
[20.582s] [ 22%] [32mBuilding CXX object CMakeFiles/my_cobot_interfaces__rosidl_typesupport_cpp.dir/rosidl_typesupport_cpp/my_cobot_interfaces/srv/play_pause__type_support.cpp.o[0m
[20.846s] [ 23%] [32mBuilding CXX object CMakeFiles/my_cobot_interfaces__rosidl_typesupport_introspection_cpp.dir/rosidl_typesupport_introspection_cpp/my_cobot_interfaces/srv/detail/set_radians__type_support.cpp.o[0m
[21.608s] [ 24%] [32mBuilding CXX object CMakeFiles/my_cobot_interfaces__rosidl_typesupport_fastrtps_cpp.dir/rosidl_typesupport_fastrtps_cpp/my_cobot_interfaces/srv/detail/dds_fastrtps/play_pause__type_support.cpp.o[0m
[22.671s] [ 25%] [32mBuilding CXX object CMakeFiles/my_cobot_interfaces__rosidl_typesupport_fastrtps_cpp.dir/rosidl_typesupport_fastrtps_cpp/my_cobot_interfaces/srv/detail/dds_fastrtps/set_coords__type_support.cpp.o[0m
[22.803s] [ 26%] [32mBuilding CXX object CMakeFiles/my_cobot_interfaces__rosidl_typesupport_cpp.dir/rosidl_typesupport_cpp/my_cobot_interfaces/srv/set_coords__type_support.cpp.o[0m
[24.723s] [ 27%] [32mBuilding CXX object CMakeFiles/my_cobot_interfaces__rosidl_typesupport_introspection_cpp.dir/rosidl_typesupport_introspection_cpp/my_cobot_interfaces/srv/detail/play_pause__type_support.cpp.o[0m
[24.930s] [ 28%] [32mBuilding CXX object CMakeFiles/my_cobot_interfaces__rosidl_typesupport_cpp.dir/rosidl_typesupport_cpp/my_cobot_interfaces/srv/get_blocks__type_support.cpp.o[0m
[25.189s] [ 29%] [32mBuilding CXX object CMakeFiles/my_cobot_interfaces__rosidl_typesupport_fastrtps_cpp.dir/rosidl_typesupport_fastrtps_cpp/my_cobot_interfaces/srv/detail/dds_fastrtps/get_blocks__type_support.cpp.o[0m
[26.067s] [ 30%] [32mBuilding CXX object CMakeFiles/my_cobot_interfaces__rosidl_typesupport_fastrtps_cpp.dir/rosidl_typesupport_fastrtps_cpp/my_cobot_interfaces/srv/detail/dds_fastrtps/set_joint_angles__type_support.cpp.o[0m
[27.114s] [ 31%] [32mBuilding CXX object CMakeFiles/my_cobot_interfaces__rosidl_typesupport_cpp.dir/rosidl_typesupport_cpp/my_cobot_interfaces/srv/set_joint_angles__type_support.cpp.o[0m
[27.619s] [ 32%] [32mBuilding CXX object CMakeFiles/my_cobot_interfaces__rosidl_typesupport_introspection_cpp.dir/rosidl_typesupport_introspection_cpp/my_cobot_interfaces/srv/detail/set_coords__type_support.cpp.o[0m
[28.638s] [ 33%] [32mBuilding CXX object CMakeFiles/my_cobot_interfaces__rosidl_typesupport_fastrtps_cpp.dir/rosidl_typesupport_fastrtps_cpp/my_cobot_interfaces/srv/detail/dds_fastrtps/pump_off__type_support.cpp.o[0m
[29.307s] [ 34%] [32mBuilding CXX object CMakeFiles/my_cobot_interfaces__rosidl_typesupport_fastrtps_cpp.dir/rosidl_typesupport_fastrtps_cpp/my_cobot_interfaces/srv/detail/dds_fastrtps/pump_on__type_support.cpp.o[0m
[29.330s] [ 35%] [32mBuilding CXX object CMakeFiles/my_cobot_interfaces__rosidl_typesupport_cpp.dir/rosidl_typesupport_cpp/my_cobot_interfaces/srv/pump_off__type_support.cpp.o[0m
[30.701s] [ 36%] [32mBuilding CXX object CMakeFiles/my_cobot_interfaces__rosidl_typesupport_introspection_cpp.dir/rosidl_typesupport_introspection_cpp/my_cobot_interfaces/srv/detail/get_blocks__type_support.cpp.o[0m
[31.592s] [ 37%] [32mBuilding CXX object CMakeFiles/my_cobot_interfaces__rosidl_typesupport_cpp.dir/rosidl_typesupport_cpp/my_cobot_interfaces/srv/pump_on__type_support.cpp.o[0m
[32.113s] [ 38%] [32mBuilding CXX object CMakeFiles/my_cobot_interfaces__rosidl_typesupport_fastrtps_cpp.dir/rosidl_typesupport_fastrtps_cpp/my_cobot_interfaces/msg/detail/dds_fastrtps/block__type_support.cpp.o[0m
[32.694s] [ 40%] [32mBuilding CXX object CMakeFiles/my_cobot_interfaces__rosidl_typesupport_cpp.dir/rosidl_typesupport_cpp/my_cobot_interfaces/msg/block__type_support.cpp.o[0m
[33.700s] [ 41%] [32mBuilding CXX object CMakeFiles/my_cobot_interfaces__rosidl_typesupport_introspection_cpp.dir/rosidl_typesupport_introspection_cpp/my_cobot_interfaces/srv/detail/set_joint_angles__type_support.cpp.o[0m
[34.163s] [ 42%] [32mBuilding CXX object CMakeFiles/my_cobot_interfaces__rosidl_typesupport_introspection_cpp.dir/rosidl_typesupport_introspection_cpp/my_cobot_interfaces/srv/detail/pump_off__type_support.cpp.o[0m
[34.722s] [ 43%] [32m[1mLinking CXX shared library libmy_cobot_interfaces__rosidl_typesupport_cpp.so[0m
[35.043s] [ 43%] Built target my_cobot_interfaces__rosidl_typesupport_cpp
[35.139s] [ 44%] [34m[1mGenerating C type support for eProsima Fast-RTPS[0m
[35.347s] [ 45%] [32m[1mLinking CXX shared library libmy_cobot_interfaces__rosidl_typesupport_fastrtps_cpp.so[0m
[36.091s] [ 45%] Built target my_cobot_interfaces__rosidl_typesupport_fastrtps_cpp
[36.164s] [ 46%] [34m[1mGenerating C introspection for ROS interfaces[0m
[37.073s] [ 47%] [32mBuilding CXX object CMakeFiles/my_cobot_interfaces__rosidl_typesupport_introspection_cpp.dir/rosidl_typesupport_introspection_cpp/my_cobot_interfaces/srv/detail/pump_on__type_support.cpp.o[0m
[37.139s] [ 48%] [32mBuilding CXX object CMakeFiles/my_cobot_interfaces__rosidl_typesupport_introspection_cpp.dir/rosidl_typesupport_introspection_cpp/my_cobot_interfaces/msg/detail/block__type_support.cpp.o[0m
[39.725s] [ 49%] [34m[1mGenerating C type support dispatch for ROS interfaces[0m
[39.747s] [ 50%] [32m[1mLinking CXX shared library libmy_cobot_interfaces__rosidl_typesupport_introspection_cpp.so[0m
[40.324s] [ 50%] Built target my_cobot_interfaces__rosidl_typesupport_introspection_cpp
[40.739s] [35m[1mConsolidate compiler generated dependencies of target my_cobot_interfaces__rosidl_typesupport_fastrtps_c[0m
[40.843s] [ 51%] [32mBuilding CXX object CMakeFiles/my_cobot_interfaces__rosidl_typesupport_fastrtps_c.dir/rosidl_typesupport_fastrtps_c/my_cobot_interfaces/srv/detail/get_radians__type_support_c.cpp.o[0m
[40.873s] [ 52%] [32mBuilding CXX object CMakeFiles/my_cobot_interfaces__rosidl_typesupport_fastrtps_c.dir/rosidl_typesupport_fastrtps_c/my_cobot_interfaces/srv/detail/set_radians__type_support_c.cpp.o[0m
[41.243s] [35m[1mConsolidate compiler generated dependencies of target my_cobot_interfaces__rosidl_typesupport_introspection_c[0m
[41.320s] [ 53%] [32mBuilding C object CMakeFiles/my_cobot_interfaces__rosidl_typesupport_introspection_c.dir/rosidl_typesupport_introspection_c/my_cobot_interfaces/srv/detail/get_radians__type_support.c.o[0m
[41.679s] [ 54%] [32mBuilding C object CMakeFiles/my_cobot_interfaces__rosidl_typesupport_introspection_c.dir/rosidl_typesupport_introspection_c/my_cobot_interfaces/srv/detail/set_radians__type_support.c.o[0m
[41.999s] [ 55%] [32mBuilding C object CMakeFiles/my_cobot_interfaces__rosidl_typesupport_introspection_c.dir/rosidl_typesupport_introspection_c/my_cobot_interfaces/srv/detail/play_pause__type_support.c.o[0m
[42.301s] [ 56%] [32mBuilding C object CMakeFiles/my_cobot_interfaces__rosidl_typesupport_introspection_c.dir/rosidl_typesupport_introspection_c/my_cobot_interfaces/srv/detail/set_coords__type_support.c.o[0m
[42.850s] [ 57%] [32mBuilding C object CMakeFiles/my_cobot_interfaces__rosidl_typesupport_introspection_c.dir/rosidl_typesupport_introspection_c/my_cobot_interfaces/srv/detail/get_blocks__type_support.c.o[0m
[43.237s] [ 58%] [32mBuilding C object CMakeFiles/my_cobot_interfaces__rosidl_typesupport_introspection_c.dir/rosidl_typesupport_introspection_c/my_cobot_interfaces/srv/detail/set_joint_angles__type_support.c.o[0m
[43.355s] [35m[1mConsolidate compiler generated dependencies of target my_cobot_interfaces__rosidl_typesupport_c[0m
[43.463s] [ 60%] [32mBuilding CXX object CMakeFiles/my_cobot_interfaces__rosidl_typesupport_c.dir/rosidl_typesupport_c/my_cobot_interfaces/srv/get_radians__type_support.cpp.o[0m
[43.526s] [ 61%] [32mBuilding C object CMakeFiles/my_cobot_interfaces__rosidl_typesupport_introspection_c.dir/rosidl_typesupport_introspection_c/my_cobot_interfaces/srv/detail/pump_off__type_support.c.o[0m
[43.686s] [ 62%] [32mBuilding CXX object CMakeFiles/my_cobot_interfaces__rosidl_typesupport_c.dir/rosidl_typesupport_c/my_cobot_interfaces/srv/set_radians__type_support.cpp.o[0m
[43.750s] [ 63%] [32mBuilding CXX object CMakeFiles/my_cobot_interfaces__rosidl_typesupport_fastrtps_c.dir/rosidl_typesupport_fastrtps_c/my_cobot_interfaces/srv/detail/play_pause__type_support_c.cpp.o[0m
[43.786s] [ 64%] [32mBuilding C object CMakeFiles/my_cobot_interfaces__rosidl_typesupport_introspection_c.dir/rosidl_typesupport_introspection_c/my_cobot_interfaces/srv/detail/pump_on__type_support.c.o[0m
[43.871s] [ 65%] [32mBuilding C object CMakeFiles/my_cobot_interfaces__rosidl_typesupport_introspection_c.dir/rosidl_typesupport_introspection_c/my_cobot_interfaces/msg/detail/block__type_support.c.o[0m
[43.905s] [ 66%] [32mBuilding CXX object CMakeFiles/my_cobot_interfaces__rosidl_typesupport_c.dir/rosidl_typesupport_c/my_cobot_interfaces/srv/play_pause__type_support.cpp.o[0m
[44.036s] [ 67%] [32mBuilding CXX object CMakeFiles/my_cobot_interfaces__rosidl_typesupport_c.dir/rosidl_typesupport_c/my_cobot_interfaces/srv/set_coords__type_support.cpp.o[0m
[44.109s] [ 68%] [32mBuilding CXX object CMakeFiles/my_cobot_interfaces__rosidl_typesupport_c.dir/rosidl_typesupport_c/my_cobot_interfaces/srv/get_blocks__type_support.cpp.o[0m
[44.112s] [ 69%] [32m[1mLinking C shared library libmy_cobot_interfaces__rosidl_typesupport_introspection_c.so[0m
[44.251s] [ 70%] [32mBuilding CXX object CMakeFiles/my_cobot_interfaces__rosidl_typesupport_c.dir/rosidl_typesupport_c/my_cobot_interfaces/srv/set_joint_angles__type_support.cpp.o[0m
[44.320s] [ 71%] [32mBuilding CXX object CMakeFiles/my_cobot_interfaces__rosidl_typesupport_c.dir/rosidl_typesupport_c/my_cobot_interfaces/srv/pump_off__type_support.cpp.o[0m
[44.331s] [ 71%] Built target my_cobot_interfaces__rosidl_typesupport_introspection_c
[44.380s] [ 72%] [32mBuilding CXX object CMakeFiles/my_cobot_interfaces__rosidl_typesupport_fastrtps_c.dir/rosidl_typesupport_fastrtps_c/my_cobot_interfaces/srv/detail/set_coords__type_support_c.cpp.o[0m
[44.475s] [ 73%] [32mBuilding CXX object CMakeFiles/my_cobot_interfaces__rosidl_typesupport_c.dir/rosidl_typesupport_c/my_cobot_interfaces/srv/pump_on__type_support.cpp.o[0m
[44.550s] [ 74%] [32mBuilding CXX object CMakeFiles/my_cobot_interfaces__rosidl_typesupport_c.dir/rosidl_typesupport_c/my_cobot_interfaces/msg/block__type_support.cpp.o[0m
[44.680s] [ 75%] [32mBuilding CXX object CMakeFiles/my_cobot_interfaces__rosidl_typesupport_fastrtps_c.dir/rosidl_typesupport_fastrtps_c/my_cobot_interfaces/srv/detail/get_blocks__type_support_c.cpp.o[0m
[44.768s] [ 76%] [32m[1mLinking CXX shared library libmy_cobot_interfaces__rosidl_typesupport_c.so[0m
[45.019s] [ 76%] Built target my_cobot_interfaces__rosidl_typesupport_c
[45.075s] [ 77%] [32mBuilding CXX object CMakeFiles/my_cobot_interfaces__rosidl_typesupport_fastrtps_c.dir/rosidl_typesupport_fastrtps_c/my_cobot_interfaces/srv/detail/set_joint_angles__type_support_c.cpp.o[0m
[46.438s] [ 78%] [32mBuilding CXX object CMakeFiles/my_cobot_interfaces__rosidl_typesupport_fastrtps_c.dir/rosidl_typesupport_fastrtps_c/my_cobot_interfaces/srv/detail/pump_off__type_support_c.cpp.o[0m
[47.220s] [ 80%] [32mBuilding CXX object CMakeFiles/my_cobot_interfaces__rosidl_typesupport_fastrtps_c.dir/rosidl_typesupport_fastrtps_c/my_cobot_interfaces/srv/detail/pump_on__type_support_c.cpp.o[0m
[47.446s] [ 81%] [32mBuilding CXX object CMakeFiles/my_cobot_interfaces__rosidl_typesupport_fastrtps_c.dir/rosidl_typesupport_fastrtps_c/my_cobot_interfaces/msg/detail/block__type_support_c.cpp.o[0m
[49.574s] [ 82%] [32m[1mLinking CXX shared library libmy_cobot_interfaces__rosidl_typesupport_fastrtps_c.so[0m
[49.935s] [ 82%] Built target my_cobot_interfaces__rosidl_typesupport_fastrtps_c
[50.036s] [ 82%] Built target my_cobot_interfaces
[50.144s] [ 83%] [34m[1mGenerating Python code for ROS interfaces[0m
[56.543s] [ 83%] Built target my_cobot_interfaces__py
[56.603s] [35m[1mConsolidate compiler generated dependencies of target my_cobot_interfaces__rosidl_generator_py[0m
[56.701s] [ 84%] [32mBuilding C object CMakeFiles/my_cobot_interfaces__rosidl_generator_py.dir/rosidl_generator_py/my_cobot_interfaces/srv/_get_radians_s.c.o[0m
[56.715s] [ 85%] [32mBuilding C object CMakeFiles/my_cobot_interfaces__rosidl_generator_py.dir/rosidl_generator_py/my_cobot_interfaces/srv/_play_pause_s.c.o[0m
[56.716s] [ 86%] [32mBuilding C object CMakeFiles/my_cobot_interfaces__rosidl_generator_py.dir/rosidl_generator_py/my_cobot_interfaces/srv/_set_radians_s.c.o[0m
[56.720s] [ 87%] [32mBuilding C object CMakeFiles/my_cobot_interfaces__rosidl_generator_py.dir/rosidl_generator_py/my_cobot_interfaces/srv/_set_coords_s.c.o[0m
[57.458s] [ 88%] [32mBuilding C object CMakeFiles/my_cobot_interfaces__rosidl_generator_py.dir/rosidl_generator_py/my_cobot_interfaces/srv/_get_blocks_s.c.o[0m
[57.523s] [ 89%] [32mBuilding C object CMakeFiles/my_cobot_interfaces__rosidl_generator_py.dir/rosidl_generator_py/my_cobot_interfaces/srv/_set_joint_angles_s.c.o[0m
[57.537s] [ 90%] [32mBuilding C object CMakeFiles/my_cobot_interfaces__rosidl_generator_py.dir/rosidl_generator_py/my_cobot_interfaces/srv/_pump_off_s.c.o[0m
[57.563s] [ 91%] [32mBuilding C object CMakeFiles/my_cobot_interfaces__rosidl_generator_py.dir/rosidl_generator_py/my_cobot_interfaces/srv/_pump_on_s.c.o[0m
[58.139s] [ 92%] [32mBuilding C object CMakeFiles/my_cobot_interfaces__rosidl_generator_py.dir/rosidl_generator_py/my_cobot_interfaces/msg/_block_s.c.o[0m
[58.641s] [ 93%] [32m[1mLinking C shared library rosidl_generator_py/my_cobot_interfaces/libmy_cobot_interfaces__rosidl_generator_py.so[0m
[58.869s] [ 93%] Built target my_cobot_interfaces__rosidl_generator_py
[58.924s] [35m[1mConsolidate compiler generated dependencies of target my_cobot_interfaces__rosidl_typesupport_fastrtps_c__pyext[0m
[58.926s] [35m[1mConsolidate compiler generated dependencies of target my_cobot_interfaces__rosidl_typesupport_introspection_c__pyext[0m
[58.930s] [35m[1mConsolidate compiler generated dependencies of target my_cobot_interfaces__rosidl_typesupport_c__pyext[0m
[58.998s] [ 94%] [32mBuilding C object CMakeFiles/my_cobot_interfaces__rosidl_typesupport_introspection_c__pyext.dir/rosidl_generator_py/my_cobot_interfaces/_my_cobot_interfaces_s.ep.rosidl_typesupport_introspection_c.c.o[0m
[59.003s] [ 96%] [32mBuilding C object CMakeFiles/my_cobot_interfaces__rosidl_typesupport_c__pyext.dir/rosidl_generator_py/my_cobot_interfaces/_my_cobot_interfaces_s.ep.rosidl_typesupport_c.c.o[0m
[59.005s] [ 96%] [32mBuilding C object CMakeFiles/my_cobot_interfaces__rosidl_typesupport_fastrtps_c__pyext.dir/rosidl_generator_py/my_cobot_interfaces/_my_cobot_interfaces_s.ep.rosidl_typesupport_fastrtps_c.c.o[0m
[59.876s] [ 97%] [32m[1mLinking C shared library rosidl_generator_py/my_cobot_interfaces/my_cobot_interfaces_s__rosidl_typesupport_c.cpython-310-aarch64-linux-gnu.so[0m
[59.915s] [ 98%] [32m[1mLinking C shared library rosidl_generator_py/my_cobot_interfaces/my_cobot_interfaces_s__rosidl_typesupport_introspection_c.cpython-310-aarch64-linux-gnu.so[0m
[59.935s] [100%] [32m[1mLinking C shared library rosidl_generator_py/my_cobot_interfaces/my_cobot_interfaces_s__rosidl_typesupport_fastrtps_c.cpython-310-aarch64-linux-gnu.so[0m
[60.173s] [100%] Built target my_cobot_interfaces__rosidl_typesupport_c__pyext
[60.198s] [100%] Built target my_cobot_interfaces__rosidl_typesupport_introspection_c__pyext
[60.227s] [100%] Built target my_cobot_interfaces__rosidl_typesupport_fastrtps_c__pyext
[60.284s] Invoked command in '/home/lance/robot/build/my_cobot_interfaces' returned '0': CMAKE_PREFIX_PATH=${CMAKE_PREFIX_PATH}:/home/lance/robot/install/robot_description:/home/lance/robot/install/coord_controller:/home/lance/robot/install/controllers:/home/lance/robot/install/motion_planning:/home/lance/robot/install/computer_vision:/home/lance/robot/install/bringup:/opt/ros/humble /usr/bin/cmake --build /home/lance/robot/build/my_cobot_interfaces -- -j4 -l4
[61.787s] Invoking command in '/home/lance/robot/build/my_cobot_interfaces': CMAKE_PREFIX_PATH=${CMAKE_PREFIX_PATH}:/home/lance/robot/install/robot_description:/home/lance/robot/install/coord_controller:/home/lance/robot/install/controllers:/home/lance/robot/install/motion_planning:/home/lance/robot/install/computer_vision:/home/lance/robot/install/bringup:/opt/ros/humble /usr/bin/cmake --install /home/lance/robot/build/my_cobot_interfaces
[61.822s] -- Install configuration: ""
[61.822s] -- Installing: /home/lance/robot/install/my_cobot_interfaces/share/ament_index/resource_index/rosidl_interfaces/my_cobot_interfaces
[61.824s] -- Up-to-date: /home/lance/robot/install/my_cobot_interfaces/include/my_cobot_interfaces/my_cobot_interfaces
[61.825s] -- Up-to-date: /home/lance/robot/install/my_cobot_interfaces/include/my_cobot_interfaces/my_cobot_interfaces/srv
[61.825s] -- Up-to-date: /home/lance/robot/install/my_cobot_interfaces/include/my_cobot_interfaces/my_cobot_interfaces/srv/detail
[61.826s] -- Installing: /home/lance/robot/install/my_cobot_interfaces/include/my_cobot_interfaces/my_cobot_interfaces/srv/detail/set_radians__functions.h
[61.828s] -- Installing: /home/lance/robot/install/my_cobot_interfaces/include/my_cobot_interfaces/my_cobot_interfaces/srv/detail/pump_off__functions.h
[61.829s] -- Installing: /home/lance/robot/install/my_cobot_interfaces/include/my_cobot_interfaces/my_cobot_interfaces/srv/detail/pump_on__functions.c
[61.831s] -- Installing: /home/lance/robot/install/my_cobot_interfaces/include/my_cobot_interfaces/my_cobot_interfaces/srv/detail/pump_off__functions.c
[61.832s] -- Installing: /home/lance/robot/install/my_cobot_interfaces/include/my_cobot_interfaces/my_cobot_interfaces/srv/detail/get_blocks__type_support.h
[61.833s] -- Installing: /home/lance/robot/install/my_cobot_interfaces/include/my_cobot_interfaces/my_cobot_interfaces/srv/detail/play_pause__functions.c
[61.835s] -- Installing: /home/lance/robot/install/my_cobot_interfaces/include/my_cobot_interfaces/my_cobot_interfaces/srv/detail/set_coords__struct.h
[61.836s] -- Installing: /home/lance/robot/install/my_cobot_interfaces/include/my_cobot_interfaces/my_cobot_interfaces/srv/detail/set_joint_angles__functions.h
[61.838s] -- Installing: /home/lance/robot/install/my_cobot_interfaces/include/my_cobot_interfaces/my_cobot_interfaces/srv/detail/set_joint_angles__struct.h
[61.839s] -- Installing: /home/lance/robot/install/my_cobot_interfaces/include/my_cobot_interfaces/my_cobot_interfaces/srv/detail/pump_on__struct.h
[61.840s] -- Installing: /home/lance/robot/install/my_cobot_interfaces/include/my_cobot_interfaces/my_cobot_interfaces/srv/detail/get_radians__struct.h
[61.841s] -- Installing: /home/lance/robot/install/my_cobot_interfaces/include/my_cobot_interfaces/my_cobot_interfaces/srv/detail/play_pause__struct.h
[61.842s] -- Installing: /home/lance/robot/install/my_cobot_interfaces/include/my_cobot_interfaces/my_cobot_interfaces/srv/detail/play_pause__functions.h
[61.844s] -- Installing: /home/lance/robot/install/my_cobot_interfaces/include/my_cobot_interfaces/my_cobot_interfaces/srv/detail/get_radians__functions.h
[61.845s] -- Installing: /home/lance/robot/install/my_cobot_interfaces/include/my_cobot_interfaces/my_cobot_interfaces/srv/detail/set_coords__type_support.h
[61.846s] -- Installing: /home/lance/robot/install/my_cobot_interfaces/include/my_cobot_interfaces/my_cobot_interfaces/srv/detail/set_radians__functions.c
[61.847s] -- Installing: /home/lance/robot/install/my_cobot_interfaces/include/my_cobot_interfaces/my_cobot_interfaces/srv/detail/set_coords__functions.c
[61.849s] -- Installing: /home/lance/robot/install/my_cobot_interfaces/include/my_cobot_interfaces/my_cobot_interfaces/srv/detail/pump_on__type_support.h
[61.850s] -- Installing: /home/lance/robot/install/my_cobot_interfaces/include/my_cobot_interfaces/my_cobot_interfaces/srv/detail/get_radians__type_support.h
[61.851s] -- Installing: /home/lance/robot/install/my_cobot_interfaces/include/my_cobot_interfaces/my_cobot_interfaces/srv/detail/get_blocks__functions.h
[61.853s] -- Installing: /home/lance/robot/install/my_cobot_interfaces/include/my_cobot_interfaces/my_cobot_interfaces/srv/detail/set_coords__functions.h
[61.854s] -- Installing: /home/lance/robot/install/my_cobot_interfaces/include/my_cobot_interfaces/my_cobot_interfaces/srv/detail/set_joint_angles__functions.c
[61.856s] -- Installing: /home/lance/robot/install/my_cobot_interfaces/include/my_cobot_interfaces/my_cobot_interfaces/srv/detail/get_blocks__functions.c
[61.857s] -- Installing: /home/lance/robot/install/my_cobot_interfaces/include/my_cobot_interfaces/my_cobot_interfaces/srv/detail/pump_off__type_support.h
[61.858s] -- Installing: /home/lance/robot/install/my_cobot_interfaces/include/my_cobot_interfaces/my_cobot_interfaces/srv/detail/set_radians__type_support.h
[61.860s] -- Installing: /home/lance/robot/install/my_cobot_interfaces/include/my_cobot_interfaces/my_cobot_interfaces/srv/detail/get_radians__functions.c
[61.863s] -- Installing: /home/lance/robot/install/my_cobot_interfaces/include/my_cobot_interfaces/my_cobot_interfaces/srv/detail/set_radians__struct.h
[61.864s] -- Installing: /home/lance/robot/install/my_cobot_interfaces/include/my_cobot_interfaces/my_cobot_interfaces/srv/detail/pump_off__struct.h
[61.865s] -- Installing: /home/lance/robot/install/my_cobot_interfaces/include/my_cobot_interfaces/my_cobot_interfaces/srv/detail/play_pause__type_support.h
[61.867s] -- Installing: /home/lance/robot/install/my_cobot_interfaces/include/my_cobot_interfaces/my_cobot_interfaces/srv/detail/pump_on__functions.h
[61.868s] -- Installing: /home/lance/robot/install/my_cobot_interfaces/include/my_cobot_interfaces/my_cobot_interfaces/srv/detail/get_blocks__struct.h
[61.869s] -- Installing: /home/lance/robot/install/my_cobot_interfaces/include/my_cobot_interfaces/my_cobot_interfaces/srv/detail/set_joint_angles__type_support.h
[61.871s] -- Installing: /home/lance/robot/install/my_cobot_interfaces/include/my_cobot_interfaces/my_cobot_interfaces/srv/pump_off.h
[61.872s] -- Installing: /home/lance/robot/install/my_cobot_interfaces/include/my_cobot_interfaces/my_cobot_interfaces/srv/play_pause.h
[61.873s] -- Installing: /home/lance/robot/install/my_cobot_interfaces/include/my_cobot_interfaces/my_cobot_interfaces/srv/set_coords.h
[61.874s] -- Installing: /home/lance/robot/install/my_cobot_interfaces/include/my_cobot_interfaces/my_cobot_interfaces/srv/set_radians.h
[61.875s] -- Installing: /home/lance/robot/install/my_cobot_interfaces/include/my_cobot_interfaces/my_cobot_interfaces/srv/get_radians.h
[61.876s] -- Installing: /home/lance/robot/install/my_cobot_interfaces/include/my_cobot_interfaces/my_cobot_interfaces/srv/get_blocks.h
[61.877s] -- Installing: /home/lance/robot/install/my_cobot_interfaces/include/my_cobot_interfaces/my_cobot_interfaces/srv/pump_on.h
[61.878s] -- Installing: /home/lance/robot/install/my_cobot_interfaces/include/my_cobot_interfaces/my_cobot_interfaces/srv/set_joint_angles.h
[61.879s] -- Up-to-date: /home/lance/robot/install/my_cobot_interfaces/include/my_cobot_interfaces/my_cobot_interfaces/msg
[61.880s] -- Up-to-date: /home/lance/robot/install/my_cobot_interfaces/include/my_cobot_interfaces/my_cobot_interfaces/msg/detail
[61.881s] -- Installing: /home/lance/robot/install/my_cobot_interfaces/include/my_cobot_interfaces/my_cobot_interfaces/msg/detail/block__struct.h
[61.883s] -- Installing: /home/lance/robot/install/my_cobot_interfaces/include/my_cobot_interfaces/my_cobot_interfaces/msg/detail/block__functions.c
[61.884s] -- Installing: /home/lance/robot/install/my_cobot_interfaces/include/my_cobot_interfaces/my_cobot_interfaces/msg/detail/block__type_support.h
[61.888s] -- Installing: /home/lance/robot/install/my_cobot_interfaces/include/my_cobot_interfaces/my_cobot_interfaces/msg/detail/block__functions.h
[61.889s] -- Up-to-date: /home/lance/robot/install/my_cobot_interfaces/include/my_cobot_interfaces/my_cobot_interfaces/msg/rosidl_generator_c__visibility_control.h
[61.889s] -- Installing: /home/lance/robot/install/my_cobot_interfaces/include/my_cobot_interfaces/my_cobot_interfaces/msg/block.h
[61.891s] -- Up-to-date: /home/lance/robot/install/my_cobot_interfaces/share/my_cobot_interfaces/environment/library_path.sh
[61.891s] -- Installing: /home/lance/robot/install/my_cobot_interfaces/share/my_cobot_interfaces/environment/library_path.dsv
[61.894s] -- Installing: /home/lance/robot/install/my_cobot_interfaces/lib/libmy_cobot_interfaces__rosidl_generator_c.so
[61.898s] -- Set runtime path of "/home/lance/robot/install/my_cobot_interfaces/lib/libmy_cobot_interfaces__rosidl_generator_c.so" to ""
[61.898s] -- Up-to-date: /home/lance/robot/install/my_cobot_interfaces/include/my_cobot_interfaces/my_cobot_interfaces
[61.899s] -- Up-to-date: /home/lance/robot/install/my_cobot_interfaces/include/my_cobot_interfaces/my_cobot_interfaces/srv
[61.899s] -- Up-to-date: /home/lance/robot/install/my_cobot_interfaces/include/my_cobot_interfaces/my_cobot_interfaces/srv/detail
[61.900s] -- Installing: /home/lance/robot/install/my_cobot_interfaces/include/my_cobot_interfaces/my_cobot_interfaces/srv/detail/get_blocks__rosidl_typesupport_fastrtps_c.h
[61.901s] -- Installing: /home/lance/robot/install/my_cobot_interfaces/include/my_cobot_interfaces/my_cobot_interfaces/srv/detail/set_joint_angles__rosidl_typesupport_fastrtps_c.h
[61.902s] -- Installing: /home/lance/robot/install/my_cobot_interfaces/include/my_cobot_interfaces/my_cobot_interfaces/srv/detail/play_pause__rosidl_typesupport_fastrtps_c.h
[61.904s] -- Installing: /home/lance/robot/install/my_cobot_interfaces/include/my_cobot_interfaces/my_cobot_interfaces/srv/detail/set_radians__rosidl_typesupport_fastrtps_c.h
[61.905s] -- Installing: /home/lance/robot/install/my_cobot_interfaces/include/my_cobot_interfaces/my_cobot_interfaces/srv/detail/pump_on__rosidl_typesupport_fastrtps_c.h
[61.907s] -- Installing: /home/lance/robot/install/my_cobot_interfaces/include/my_cobot_interfaces/my_cobot_interfaces/srv/detail/get_radians__rosidl_typesupport_fastrtps_c.h
[61.908s] -- Installing: /home/lance/robot/install/my_cobot_interfaces/include/my_cobot_interfaces/my_cobot_interfaces/srv/detail/set_coords__rosidl_typesupport_fastrtps_c.h
[61.909s] -- Installing: /home/lance/robot/install/my_cobot_interfaces/include/my_cobot_interfaces/my_cobot_interfaces/srv/detail/pump_off__rosidl_typesupport_fastrtps_c.h
[61.911s] -- Up-to-date: /home/lance/robot/install/my_cobot_interfaces/include/my_cobot_interfaces/my_cobot_interfaces/msg
[61.911s] -- Up-to-date: /home/lance/robot/install/my_cobot_interfaces/include/my_cobot_interfaces/my_cobot_interfaces/msg/detail
[61.912s] -- Installing: /home/lance/robot/install/my_cobot_interfaces/include/my_cobot_interfaces/my_cobot_interfaces/msg/detail/block__rosidl_typesupport_fastrtps_c.h
[61.914s] -- Up-to-date: /home/lance/robot/install/my_cobot_interfaces/include/my_cobot_interfaces/my_cobot_interfaces/msg/rosidl_typesupport_fastrtps_c__visibility_control.h
[61.918s] -- Installing: /home/lance/robot/install/my_cobot_interfaces/lib/libmy_cobot_interfaces__rosidl_typesupport_fastrtps_c.so
[61.922s] -- Set runtime path of "/home/lance/robot/install/my_cobot_interfaces/lib/libmy_cobot_interfaces__rosidl_typesupport_fastrtps_c.so" to ""
[61.923s] -- Up-to-date: /home/lance/robot/install/my_cobot_interfaces/include/my_cobot_interfaces/my_cobot_interfaces
[61.924s] -- Up-to-date: /home/lance/robot/install/my_cobot_interfaces/include/my_cobot_interfaces/my_cobot_interfaces/srv
[61.924s] -- Up-to-date: /home/lance/robot/install/my_cobot_interfaces/include/my_cobot_interfaces/my_cobot_interfaces/srv/detail
[61.925s] -- Installing: /home/lance/robot/install/my_cobot_interfaces/include/my_cobot_interfaces/my_cobot_interfaces/srv/detail/play_pause__struct.hpp
[61.927s] -- Installing: /home/lance/robot/install/my_cobot_interfaces/include/my_cobot_interfaces/my_cobot_interfaces/srv/detail/set_joint_angles__struct.hpp
[61.928s] -- Installing: /home/lance/robot/install/my_cobot_interfaces/include/my_cobot_interfaces/my_cobot_interfaces/srv/detail/set_radians__struct.hpp
[61.930s] -- Installing: /home/lance/robot/install/my_cobot_interfaces/include/my_cobot_interfaces/my_cobot_interfaces/srv/detail/pump_on__struct.hpp
[61.931s] -- Installing: /home/lance/robot/install/my_cobot_interfaces/include/my_cobot_interfaces/my_cobot_interfaces/srv/detail/pump_on__traits.hpp
[61.932s] -- Installing: /home/lance/robot/install/my_cobot_interfaces/include/my_cobot_interfaces/my_cobot_interfaces/srv/detail/play_pause__traits.hpp
[61.934s] -- Installing: /home/lance/robot/install/my_cobot_interfaces/include/my_cobot_interfaces/my_cobot_interfaces/srv/detail/get_radians__traits.hpp
[61.935s] -- Installing: /home/lance/robot/install/my_cobot_interfaces/include/my_cobot_interfaces/my_cobot_interfaces/srv/detail/get_radians__builder.hpp
[61.936s] -- Installing: /home/lance/robot/install/my_cobot_interfaces/include/my_cobot_interfaces/my_cobot_interfaces/srv/detail/pump_off__builder.hpp
[61.937s] -- Installing: /home/lance/robot/install/my_cobot_interfaces/include/my_cobot_interfaces/my_cobot_interfaces/srv/detail/get_blocks__traits.hpp
[61.939s] -- Installing: /home/lance/robot/install/my_cobot_interfaces/include/my_cobot_interfaces/my_cobot_interfaces/srv/detail/play_pause__builder.hpp
[61.940s] -- Installing: /home/lance/robot/install/my_cobot_interfaces/include/my_cobot_interfaces/my_cobot_interfaces/srv/detail/set_coords__traits.hpp
[61.941s] -- Installing: /home/lance/robot/install/my_cobot_interfaces/include/my_cobot_interfaces/my_cobot_interfaces/srv/detail/pump_off__struct.hpp
[61.942s] -- Installing: /home/lance/robot/install/my_cobot_interfaces/include/my_cobot_interfaces/my_cobot_interfaces/srv/detail/set_radians__builder.hpp
[61.943s] -- Installing: /home/lance/robot/install/my_cobot_interfaces/include/my_cobot_interfaces/my_cobot_interfaces/srv/detail/set_coords__struct.hpp
[61.945s] -- Installing: /home/lance/robot/install/my_cobot_interfaces/include/my_cobot_interfaces/my_cobot_interfaces/srv/detail/pump_off__traits.hpp
[61.946s] -- Installing: /home/lance/robot/install/my_cobot_interfaces/include/my_cobot_interfaces/my_cobot_interfaces/srv/detail/set_joint_angles__builder.hpp
[61.947s] -- Installing: /home/lance/robot/install/my_cobot_interfaces/include/my_cobot_interfaces/my_cobot_interfaces/srv/detail/set_radians__traits.hpp
[61.948s] -- Installing: /home/lance/robot/install/my_cobot_interfaces/include/my_cobot_interfaces/my_cobot_interfaces/srv/detail/get_radians__struct.hpp
[61.950s] -- Installing: /home/lance/robot/install/my_cobot_interfaces/include/my_cobot_interfaces/my_cobot_interfaces/srv/detail/pump_on__builder.hpp
[61.951s] -- Installing: /home/lance/robot/install/my_cobot_interfaces/include/my_cobot_interfaces/my_cobot_interfaces/srv/detail/set_joint_angles__traits.hpp
[61.952s] -- Installing: /home/lance/robot/install/my_cobot_interfaces/include/my_cobot_interfaces/my_cobot_interfaces/srv/detail/set_coords__builder.hpp
[61.954s] -- Installing: /home/lance/robot/install/my_cobot_interfaces/include/my_cobot_interfaces/my_cobot_interfaces/srv/detail/get_blocks__struct.hpp
[61.955s] -- Installing: /home/lance/robot/install/my_cobot_interfaces/include/my_cobot_interfaces/my_cobot_interfaces/srv/detail/get_blocks__builder.hpp
[61.956s] -- Installing: /home/lance/robot/install/my_cobot_interfaces/include/my_cobot_interfaces/my_cobot_interfaces/srv/pump_on.hpp
[61.958s] -- Installing: /home/lance/robot/install/my_cobot_interfaces/include/my_cobot_interfaces/my_cobot_interfaces/srv/set_joint_angles.hpp
[61.959s] -- Installing: /home/lance/robot/install/my_cobot_interfaces/include/my_cobot_interfaces/my_cobot_interfaces/srv/get_blocks.hpp
[61.960s] -- Installing: /home/lance/robot/install/my_cobot_interfaces/include/my_cobot_interfaces/my_cobot_interfaces/srv/get_radians.hpp
[61.962s] -- Installing: /home/lance/robot/install/my_cobot_interfaces/include/my_cobot_interfaces/my_cobot_interfaces/srv/pump_off.hpp
[61.964s] -- Installing: /home/lance/robot/install/my_cobot_interfaces/include/my_cobot_interfaces/my_cobot_interfaces/srv/set_radians.hpp
[61.965s] -- Installing: /home/lance/robot/install/my_cobot_interfaces/include/my_cobot_interfaces/my_cobot_interfaces/srv/play_pause.hpp
[61.966s] -- Installing: /home/lance/robot/install/my_cobot_interfaces/include/my_cobot_interfaces/my_cobot_interfaces/srv/set_coords.hpp
[61.967s] -- Up-to-date: /home/lance/robot/install/my_cobot_interfaces/include/my_cobot_interfaces/my_cobot_interfaces/msg
[61.968s] -- Up-to-date: /home/lance/robot/install/my_cobot_interfaces/include/my_cobot_interfaces/my_cobot_interfaces/msg/detail
[61.969s] -- Installing: /home/lance/robot/install/my_cobot_interfaces/include/my_cobot_interfaces/my_cobot_interfaces/msg/detail/block__struct.hpp
[61.971s] -- Installing: /home/lance/robot/install/my_cobot_interfaces/include/my_cobot_interfaces/my_cobot_interfaces/msg/detail/block__traits.hpp
[61.972s] -- Installing: /home/lance/robot/install/my_cobot_interfaces/include/my_cobot_interfaces/my_cobot_interfaces/msg/detail/block__builder.hpp
[61.973s] -- Installing: /home/lance/robot/install/my_cobot_interfaces/include/my_cobot_interfaces/my_cobot_interfaces/msg/block.hpp
[61.974s] -- Up-to-date: /home/lance/robot/install/my_cobot_interfaces/include/my_cobot_interfaces/my_cobot_interfaces
[61.975s] -- Up-to-date: /home/lance/robot/install/my_cobot_interfaces/include/my_cobot_interfaces/my_cobot_interfaces/srv
[61.976s] -- Up-to-date: /home/lance/robot/install/my_cobot_interfaces/include/my_cobot_interfaces/my_cobot_interfaces/srv/detail
[61.977s] -- Up-to-date: /home/lance/robot/install/my_cobot_interfaces/include/my_cobot_interfaces/my_cobot_interfaces/srv/detail/dds_fastrtps
[61.977s] -- Installing: /home/lance/robot/install/my_cobot_interfaces/include/my_cobot_interfaces/my_cobot_interfaces/srv/detail/set_coords__rosidl_typesupport_fastrtps_cpp.hpp
[61.979s] -- Installing: /home/lance/robot/install/my_cobot_interfaces/include/my_cobot_interfaces/my_cobot_interfaces/srv/detail/play_pause__rosidl_typesupport_fastrtps_cpp.hpp
[61.981s] -- Installing: /home/lance/robot/install/my_cobot_interfaces/include/my_cobot_interfaces/my_cobot_interfaces/srv/detail/pump_on__rosidl_typesupport_fastrtps_cpp.hpp
[61.982s] -- Installing: /home/lance/robot/install/my_cobot_interfaces/include/my_cobot_interfaces/my_cobot_interfaces/srv/detail/get_radians__rosidl_typesupport_fastrtps_cpp.hpp
[61.983s] -- Installing: /home/lance/robot/install/my_cobot_interfaces/include/my_cobot_interfaces/my_cobot_interfaces/srv/detail/set_radians__rosidl_typesupport_fastrtps_cpp.hpp
[61.986s] -- Installing: /home/lance/robot/install/my_cobot_interfaces/include/my_cobot_interfaces/my_cobot_interfaces/srv/detail/get_blocks__rosidl_typesupport_fastrtps_cpp.hpp
[61.988s] -- Installing: /home/lance/robot/install/my_cobot_interfaces/include/my_cobot_interfaces/my_cobot_interfaces/srv/detail/pump_off__rosidl_typesupport_fastrtps_cpp.hpp
[61.989s] -- Installing: /home/lance/robot/install/my_cobot_interfaces/include/my_cobot_interfaces/my_cobot_interfaces/srv/detail/set_joint_angles__rosidl_typesupport_fastrtps_cpp.hpp
[61.990s] -- Up-to-date: /home/lance/robot/install/my_cobot_interfaces/include/my_cobot_interfaces/my_cobot_interfaces/msg
[61.991s] -- Up-to-date: /home/lance/robot/install/my_cobot_interfaces/include/my_cobot_interfaces/my_cobot_interfaces/msg/detail
[61.992s] -- Up-to-date: /home/lance/robot/install/my_cobot_interfaces/include/my_cobot_interfaces/my_cobot_interfaces/msg/detail/dds_fastrtps
[61.993s] -- Installing: /home/lance/robot/install/my_cobot_interfaces/include/my_cobot_interfaces/my_cobot_interfaces/msg/detail/block__rosidl_typesupport_fastrtps_cpp.hpp
[61.994s] -- Up-to-date: /home/lance/robot/install/my_cobot_interfaces/include/my_cobot_interfaces/my_cobot_interfaces/msg/rosidl_typesupport_fastrtps_cpp__visibility_control.h
[61.997s] -- Installing: /home/lance/robot/install/my_cobot_interfaces/lib/libmy_cobot_interfaces__rosidl_typesupport_fastrtps_cpp.so
[62.002s] -- Set runtime path of "/home/lance/robot/install/my_cobot_interfaces/lib/libmy_cobot_interfaces__rosidl_typesupport_fastrtps_cpp.so" to ""
[62.002s] -- Up-to-date: /home/lance/robot/install/my_cobot_interfaces/include/my_cobot_interfaces/my_cobot_interfaces
[62.003s] -- Up-to-date: /home/lance/robot/install/my_cobot_interfaces/include/my_cobot_interfaces/my_cobot_interfaces/srv
[62.004s] -- Up-to-date: /home/lance/robot/install/my_cobot_interfaces/include/my_cobot_interfaces/my_cobot_interfaces/srv/detail
[62.004s] -- Installing: /home/lance/robot/install/my_cobot_interfaces/include/my_cobot_interfaces/my_cobot_interfaces/srv/detail/pump_on__type_support.c
[62.006s] -- Installing: /home/lance/robot/install/my_cobot_interfaces/include/my_cobot_interfaces/my_cobot_interfaces/srv/detail/get_radians__rosidl_typesupport_introspection_c.h
[62.008s] -- Installing: /home/lance/robot/install/my_cobot_interfaces/include/my_cobot_interfaces/my_cobot_interfaces/srv/detail/set_joint_angles__type_support.c
[62.009s] -- Installing: /home/lance/robot/install/my_cobot_interfaces/include/my_cobot_interfaces/my_cobot_interfaces/srv/detail/pump_on__rosidl_typesupport_introspection_c.h
[62.011s] -- Installing: /home/lance/robot/install/my_cobot_interfaces/include/my_cobot_interfaces/my_cobot_interfaces/srv/detail/set_coords__type_support.c
[62.012s] -- Installing: /home/lance/robot/install/my_cobot_interfaces/include/my_cobot_interfaces/my_cobot_interfaces/srv/detail/get_blocks__type_support.c
[62.014s] -- Installing: /home/lance/robot/install/my_cobot_interfaces/include/my_cobot_interfaces/my_cobot_interfaces/srv/detail/set_radians__type_support.c
[62.016s] -- Installing: /home/lance/robot/install/my_cobot_interfaces/include/my_cobot_interfaces/my_cobot_interfaces/srv/detail/get_blocks__rosidl_typesupport_introspection_c.h
[62.018s] -- Installing: /home/lance/robot/install/my_cobot_interfaces/include/my_cobot_interfaces/my_cobot_interfaces/srv/detail/set_coords__rosidl_typesupport_introspection_c.h
[62.020s] -- Installing: /home/lance/robot/install/my_cobot_interfaces/include/my_cobot_interfaces/my_cobot_interfaces/srv/detail/set_joint_angles__rosidl_typesupport_introspection_c.h
[62.021s] -- Installing: /home/lance/robot/install/my_cobot_interfaces/include/my_cobot_interfaces/my_cobot_interfaces/srv/detail/play_pause__type_support.c
[62.022s] -- Installing: /home/lance/robot/install/my_cobot_interfaces/include/my_cobot_interfaces/my_cobot_interfaces/srv/detail/set_radians__rosidl_typesupport_introspection_c.h
[62.024s] -- Installing: /home/lance/robot/install/my_cobot_interfaces/include/my_cobot_interfaces/my_cobot_interfaces/srv/detail/play_pause__rosidl_typesupport_introspection_c.h
[62.025s] -- Installing: /home/lance/robot/install/my_cobot_interfaces/include/my_cobot_interfaces/my_cobot_interfaces/srv/detail/get_radians__type_support.c
[62.027s] -- Installing: /home/lance/robot/install/my_cobot_interfaces/include/my_cobot_interfaces/my_cobot_interfaces/srv/detail/pump_off__type_support.c
[62.028s] -- Installing: /home/lance/robot/install/my_cobot_interfaces/include/my_cobot_interfaces/my_cobot_interfaces/srv/detail/pump_off__rosidl_typesupport_introspection_c.h
[62.029s] -- Up-to-date: /home/lance/robot/install/my_cobot_interfaces/include/my_cobot_interfaces/my_cobot_interfaces/msg
[62.030s] -- Up-to-date: /home/lance/robot/install/my_cobot_interfaces/include/my_cobot_interfaces/my_cobot_interfaces/msg/detail
[62.031s] -- Installing: /home/lance/robot/install/my_cobot_interfaces/include/my_cobot_interfaces/my_cobot_interfaces/msg/detail/block__rosidl_typesupport_introspection_c.h
[62.032s] -- Installing: /home/lance/robot/install/my_cobot_interfaces/include/my_cobot_interfaces/my_cobot_interfaces/msg/detail/block__type_support.c
[62.033s] -- Up-to-date: /home/lance/robot/install/my_cobot_interfaces/include/my_cobot_interfaces/my_cobot_interfaces/msg/rosidl_typesupport_introspection_c__visibility_control.h
[62.035s] -- Installing: /home/lance/robot/install/my_cobot_interfaces/lib/libmy_cobot_interfaces__rosidl_typesupport_introspection_c.so
[62.038s] -- Set runtime path of "/home/lance/robot/install/my_cobot_interfaces/lib/libmy_cobot_interfaces__rosidl_typesupport_introspection_c.so" to ""
[62.039s] -- Installing: /home/lance/robot/install/my_cobot_interfaces/lib/libmy_cobot_interfaces__rosidl_typesupport_c.so
[62.042s] -- Set runtime path of "/home/lance/robot/install/my_cobot_interfaces/lib/libmy_cobot_interfaces__rosidl_typesupport_c.so" to ""
[62.043s] -- Up-to-date: /home/lance/robot/install/my_cobot_interfaces/include/my_cobot_interfaces/my_cobot_interfaces
[62.043s] -- Up-to-date: /home/lance/robot/install/my_cobot_interfaces/include/my_cobot_interfaces/my_cobot_interfaces/srv
[62.044s] -- Up-to-date: /home/lance/robot/install/my_cobot_interfaces/include/my_cobot_interfaces/my_cobot_interfaces/srv/detail
[62.045s] -- Installing: /home/lance/robot/install/my_cobot_interfaces/include/my_cobot_interfaces/my_cobot_interfaces/srv/detail/play_pause__rosidl_typesupport_introspection_cpp.hpp
[62.046s] -- Installing: /home/lance/robot/install/my_cobot_interfaces/include/my_cobot_interfaces/my_cobot_interfaces/srv/detail/pump_off__type_support.cpp
[62.048s] -- Installing: /home/lance/robot/install/my_cobot_interfaces/include/my_cobot_interfaces/my_cobot_interfaces/srv/detail/set_coords__type_support.cpp
[62.049s] -- Installing: /home/lance/robot/install/my_cobot_interfaces/include/my_cobot_interfaces/my_cobot_interfaces/srv/detail/get_radians__rosidl_typesupport_introspection_cpp.hpp
[62.051s] -- Installing: /home/lance/robot/install/my_cobot_interfaces/include/my_cobot_interfaces/my_cobot_interfaces/srv/detail/play_pause__type_support.cpp
[62.052s] -- Installing: /home/lance/robot/install/my_cobot_interfaces/include/my_cobot_interfaces/my_cobot_interfaces/srv/detail/get_radians__type_support.cpp
[62.054s] -- Installing: /home/lance/robot/install/my_cobot_interfaces/include/my_cobot_interfaces/my_cobot_interfaces/srv/detail/pump_on__type_support.cpp
[62.055s] -- Installing: /home/lance/robot/install/my_cobot_interfaces/include/my_cobot_interfaces/my_cobot_interfaces/srv/detail/set_coords__rosidl_typesupport_introspection_cpp.hpp
[62.057s] -- Installing: /home/lance/robot/install/my_cobot_interfaces/include/my_cobot_interfaces/my_cobot_interfaces/srv/detail/set_radians__type_support.cpp
[62.059s] -- Installing: /home/lance/robot/install/my_cobot_interfaces/include/my_cobot_interfaces/my_cobot_interfaces/srv/detail/set_joint_angles__rosidl_typesupport_introspection_cpp.hpp
[62.060s] -- Installing: /home/lance/robot/install/my_cobot_interfaces/include/my_cobot_interfaces/my_cobot_interfaces/srv/detail/pump_on__rosidl_typesupport_introspection_cpp.hpp
[62.063s] -- Installing: /home/lance/robot/install/my_cobot_interfaces/include/my_cobot_interfaces/my_cobot_interfaces/srv/detail/get_blocks__rosidl_typesupport_introspection_cpp.hpp
[62.065s] -- Installing: /home/lance/robot/install/my_cobot_interfaces/include/my_cobot_interfaces/my_cobot_interfaces/srv/detail/set_joint_angles__type_support.cpp
[62.066s] -- Installing: /home/lance/robot/install/my_cobot_interfaces/include/my_cobot_interfaces/my_cobot_interfaces/srv/detail/pump_off__rosidl_typesupport_introspection_cpp.hpp
[62.067s] -- Installing: /home/lance/robot/install/my_cobot_interfaces/include/my_cobot_interfaces/my_cobot_interfaces/srv/detail/set_radians__rosidl_typesupport_introspection_cpp.hpp
[62.069s] -- Installing: /home/lance/robot/install/my_cobot_interfaces/include/my_cobot_interfaces/my_cobot_interfaces/srv/detail/get_blocks__type_support.cpp
[62.070s] -- Up-to-date: /home/lance/robot/install/my_cobot_interfaces/include/my_cobot_interfaces/my_cobot_interfaces/msg
[62.071s] -- Up-to-date: /home/lance/robot/install/my_cobot_interfaces/include/my_cobot_interfaces/my_cobot_interfaces/msg/detail
[62.072s] -- Installing: /home/lance/robot/install/my_cobot_interfaces/include/my_cobot_interfaces/my_cobot_interfaces/msg/detail/block__rosidl_typesupport_introspection_cpp.hpp
[62.073s] -- Installing: /home/lance/robot/install/my_cobot_interfaces/include/my_cobot_interfaces/my_cobot_interfaces/msg/detail/block__type_support.cpp
[62.078s] -- Installing: /home/lance/robot/install/my_cobot_interfaces/lib/libmy_cobot_interfaces__rosidl_typesupport_introspection_cpp.so
[62.082s] -- Set runtime path of "/home/lance/robot/install/my_cobot_interfaces/lib/libmy_cobot_interfaces__rosidl_typesupport_introspection_cpp.so" to ""
[62.087s] -- Installing: /home/lance/robot/install/my_cobot_interfaces/lib/libmy_cobot_interfaces__rosidl_typesupport_cpp.so
[62.090s] -- Set runtime path of "/home/lance/robot/install/my_cobot_interfaces/lib/libmy_cobot_interfaces__rosidl_typesupport_cpp.so" to ""
[62.091s] -- Up-to-date: /home/lance/robot/install/my_cobot_interfaces/share/my_cobot_interfaces/environment/pythonpath.sh
[62.091s] -- Installing: /home/lance/robot/install/my_cobot_interfaces/share/my_cobot_interfaces/environment/pythonpath.dsv
[62.093s] -- Up-to-date: /home/lance/robot/install/my_cobot_interfaces/local/lib/python3.10/dist-packages/my_cobot_interfaces-0.0.0-py3.10.egg-info
[62.094s] -- Installing: /home/lance/robot/install/my_cobot_interfaces/local/lib/python3.10/dist-packages/my_cobot_interfaces-0.0.0-py3.10.egg-info/SOURCES.txt
[62.096s] -- Installing: /home/lance/robot/install/my_cobot_interfaces/local/lib/python3.10/dist-packages/my_cobot_interfaces-0.0.0-py3.10.egg-info/PKG-INFO
[62.097s] -- Installing: /home/lance/robot/install/my_cobot_interfaces/local/lib/python3.10/dist-packages/my_cobot_interfaces-0.0.0-py3.10.egg-info/dependency_links.txt
[62.098s] -- Installing: /home/lance/robot/install/my_cobot_interfaces/local/lib/python3.10/dist-packages/my_cobot_interfaces-0.0.0-py3.10.egg-info/top_level.txt
[62.100s] -- Up-to-date: /home/lance/robot/install/my_cobot_interfaces/local/lib/python3.10/dist-packages/my_cobot_interfaces
[62.101s] -- Installing: /home/lance/robot/install/my_cobot_interfaces/local/lib/python3.10/dist-packages/my_cobot_interfaces/_my_cobot_interfaces_s.ep.rosidl_typesupport_c.c
[62.103s] -- Installing: /home/lance/robot/install/my_cobot_interfaces/local/lib/python3.10/dist-packages/my_cobot_interfaces/__init__.py
[62.104s] -- Installing: /home/lance/robot/install/my_cobot_interfaces/local/lib/python3.10/dist-packages/my_cobot_interfaces/libmy_cobot_interfaces__rosidl_generator_py.so
[62.106s] -- Installing: /home/lance/robot/install/my_cobot_interfaces/local/lib/python3.10/dist-packages/my_cobot_interfaces/my_cobot_interfaces_s__rosidl_typesupport_c.cpython-310-aarch64-linux-gnu.so
[62.108s] -- Up-to-date: /home/lance/robot/install/my_cobot_interfaces/local/lib/python3.10/dist-packages/my_cobot_interfaces/srv
[62.109s] -- Installing: /home/lance/robot/install/my_cobot_interfaces/local/lib/python3.10/dist-packages/my_cobot_interfaces/srv/_play_pause_s.c
[62.111s] -- Installing: /home/lance/robot/install/my_cobot_interfaces/local/lib/python3.10/dist-packages/my_cobot_interfaces/srv/_get_radians.py
[62.112s] -- Installing: /home/lance/robot/install/my_cobot_interfaces/local/lib/python3.10/dist-packages/my_cobot_interfaces/srv/__init__.py
[62.113s] -- Installing: /home/lance/robot/install/my_cobot_interfaces/local/lib/python3.10/dist-packages/my_cobot_interfaces/srv/_pump_off_s.c
[62.114s] -- Installing: /home/lance/robot/install/my_cobot_interfaces/local/lib/python3.10/dist-packages/my_cobot_interfaces/srv/_set_coords_s.c
[62.115s] -- Installing: /home/lance/robot/install/my_cobot_interfaces/local/lib/python3.10/dist-packages/my_cobot_interfaces/srv/_play_pause.py
[62.117s] -- Installing: /home/lance/robot/install/my_cobot_interfaces/local/lib/python3.10/dist-packages/my_cobot_interfaces/srv/_set_coords.py
[62.118s] -- Installing: /home/lance/robot/install/my_cobot_interfaces/local/lib/python3.10/dist-packages/my_cobot_interfaces/srv/_set_radians.py
[62.120s] -- Installing: /home/lance/robot/install/my_cobot_interfaces/local/lib/python3.10/dist-packages/my_cobot_interfaces/srv/_set_joint_angles_s.c
[62.121s] -- Installing: /home/lance/robot/install/my_cobot_interfaces/local/lib/python3.10/dist-packages/my_cobot_interfaces/srv/_pump_on.py
[62.122s] -- Installing: /home/lance/robot/install/my_cobot_interfaces/local/lib/python3.10/dist-packages/my_cobot_interfaces/srv/_set_joint_angles.py
[62.124s] -- Installing: /home/lance/robot/install/my_cobot_interfaces/local/lib/python3.10/dist-packages/my_cobot_interfaces/srv/_get_blocks.py
[62.125s] -- Installing: /home/lance/robot/install/my_cobot_interfaces/local/lib/python3.10/dist-packages/my_cobot_interfaces/srv/_pump_off.py
[62.127s] -- Installing: /home/lance/robot/install/my_cobot_interfaces/local/lib/python3.10/dist-packages/my_cobot_interfaces/srv/_set_radians_s.c
[62.128s] -- Installing: /home/lance/robot/install/my_cobot_interfaces/local/lib/python3.10/dist-packages/my_cobot_interfaces/srv/_get_blocks_s.c
[62.129s] -- Installing: /home/lance/robot/install/my_cobot_interfaces/local/lib/python3.10/dist-packages/my_cobot_interfaces/srv/_get_radians_s.c
[62.130s] -- Installing: /home/lance/robot/install/my_cobot_interfaces/local/lib/python3.10/dist-packages/my_cobot_interfaces/srv/_pump_on_s.c
[62.132s] -- Installing: /home/lance/robot/install/my_cobot_interfaces/local/lib/python3.10/dist-packages/my_cobot_interfaces/my_cobot_interfaces_s__rosidl_typesupport_fastrtps_c.cpython-310-aarch64-linux-gnu.so
[62.134s] -- Installing: /home/lance/robot/install/my_cobot_interfaces/local/lib/python3.10/dist-packages/my_cobot_interfaces/_my_cobot_interfaces_s.ep.rosidl_typesupport_fastrtps_c.c
[62.136s] -- Installing: /home/lance/robot/install/my_cobot_interfaces/local/lib/python3.10/dist-packages/my_cobot_interfaces/_my_cobot_interfaces_s.ep.rosidl_typesupport_introspection_c.c
[62.139s] -- Installing: /home/lance/robot/install/my_cobot_interfaces/local/lib/python3.10/dist-packages/my_cobot_interfaces/my_cobot_interfaces_s__rosidl_typesupport_introspection_c.cpython-310-aarch64-linux-gnu.so
[62.141s] -- Up-to-date: /home/lance/robot/install/my_cobot_interfaces/local/lib/python3.10/dist-packages/my_cobot_interfaces/msg
[62.141s] -- Installing: /home/lance/robot/install/my_cobot_interfaces/local/lib/python3.10/dist-packages/my_cobot_interfaces/msg/_block.py
[62.143s] -- Installing: /home/lance/robot/install/my_cobot_interfaces/local/lib/python3.10/dist-packages/my_cobot_interfaces/msg/__init__.py
[62.144s] -- Installing: /home/lance/robot/install/my_cobot_interfaces/local/lib/python3.10/dist-packages/my_cobot_interfaces/msg/_block_s.c
[62.415s] Listing '/home/lance/robot/install/my_cobot_interfaces/local/lib/python3.10/dist-packages/my_cobot_interfaces'...
[62.416s] Compiling '/home/lance/robot/install/my_cobot_interfaces/local/lib/python3.10/dist-packages/my_cobot_interfaces/__init__.py'...
[62.417s] Listing '/home/lance/robot/install/my_cobot_interfaces/local/lib/python3.10/dist-packages/my_cobot_interfaces/msg'...
[62.418s] Compiling '/home/lance/robot/install/my_cobot_interfaces/local/lib/python3.10/dist-packages/my_cobot_interfaces/msg/__init__.py'...
[62.419s] Compiling '/home/lance/robot/install/my_cobot_interfaces/local/lib/python3.10/dist-packages/my_cobot_interfaces/msg/_block.py'...
[62.420s] Listing '/home/lance/robot/install/my_cobot_interfaces/local/lib/python3.10/dist-packages/my_cobot_interfaces/srv'...
[62.421s] Compiling '/home/lance/robot/install/my_cobot_interfaces/local/lib/python3.10/dist-packages/my_cobot_interfaces/srv/__init__.py'...
[62.422s] Compiling '/home/lance/robot/install/my_cobot_interfaces/local/lib/python3.10/dist-packages/my_cobot_interfaces/srv/_get_blocks.py'...
[62.424s] Compiling '/home/lance/robot/install/my_cobot_interfaces/local/lib/python3.10/dist-packages/my_cobot_interfaces/srv/_get_radians.py'...
[62.425s] Compiling '/home/lance/robot/install/my_cobot_interfaces/local/lib/python3.10/dist-packages/my_cobot_interfaces/srv/_play_pause.py'...
[62.426s] Compiling '/home/lance/robot/install/my_cobot_interfaces/local/lib/python3.10/dist-packages/my_cobot_interfaces/srv/_pump_off.py'...
[62.427s] Compiling '/home/lance/robot/install/my_cobot_interfaces/local/lib/python3.10/dist-packages/my_cobot_interfaces/srv/_pump_on.py'...
[62.430s] Compiling '/home/lance/robot/install/my_cobot_interfaces/local/lib/python3.10/dist-packages/my_cobot_interfaces/srv/_set_coords.py'...
[62.431s] Compiling '/home/lance/robot/install/my_cobot_interfaces/local/lib/python3.10/dist-packages/my_cobot_interfaces/srv/_set_joint_angles.py'...
[62.432s] Compiling '/home/lance/robot/install/my_cobot_interfaces/local/lib/python3.10/dist-packages/my_cobot_interfaces/srv/_set_radians.py'...
[62.446s] -- Installing: /home/lance/robot/install/my_cobot_interfaces/local/lib/python3.10/dist-packages/my_cobot_interfaces/my_cobot_interfaces_s__rosidl_typesupport_fastrtps_c.cpython-310-aarch64-linux-gnu.so
[62.450s] -- Set runtime path of "/home/lance/robot/install/my_cobot_interfaces/local/lib/python3.10/dist-packages/my_cobot_interfaces/my_cobot_interfaces_s__rosidl_typesupport_fastrtps_c.cpython-310-aarch64-linux-gnu.so" to ""
[62.452s] -- Installing: /home/lance/robot/install/my_cobot_interfaces/local/lib/python3.10/dist-packages/my_cobot_interfaces/my_cobot_interfaces_s__rosidl_typesupport_introspection_c.cpython-310-aarch64-linux-gnu.so
[62.456s] -- Set runtime path of "/home/lance/robot/install/my_cobot_interfaces/local/lib/python3.10/dist-packages/my_cobot_interfaces/my_cobot_interfaces_s__rosidl_typesupport_introspection_c.cpython-310-aarch64-linux-gnu.so" to ""
[62.459s] -- Installing: /home/lance/robot/install/my_cobot_interfaces/local/lib/python3.10/dist-packages/my_cobot_interfaces/my_cobot_interfaces_s__rosidl_typesupport_c.cpython-310-aarch64-linux-gnu.so
[62.463s] -- Set runtime path of "/home/lance/robot/install/my_cobot_interfaces/local/lib/python3.10/dist-packages/my_cobot_interfaces/my_cobot_interfaces_s__rosidl_typesupport_c.cpython-310-aarch64-linux-gnu.so" to ""
[62.465s] -- Installing: /home/lance/robot/install/my_cobot_interfaces/lib/libmy_cobot_interfaces__rosidl_generator_py.so
[62.470s] -- Set runtime path of "/home/lance/robot/install/my_cobot_interfaces/lib/libmy_cobot_interfaces__rosidl_generator_py.so" to ""
[62.470s] -- Up-to-date: /home/lance/robot/install/my_cobot_interfaces/share/my_cobot_interfaces/srv/GetRadians.idl
[62.471s] -- Up-to-date: /home/lance/robot/install/my_cobot_interfaces/share/my_cobot_interfaces/srv/SetRadians.idl
[62.471s] -- Up-to-date: /home/lance/robot/install/my_cobot_interfaces/share/my_cobot_interfaces/srv/PlayPause.idl
[62.471s] -- Up-to-date: /home/lance/robot/install/my_cobot_interfaces/share/my_cobot_interfaces/srv/SetCoords.idl
[62.472s] -- Up-to-date: /home/lance/robot/install/my_cobot_interfaces/share/my_cobot_interfaces/srv/GetBlocks.idl
[62.473s] -- Installing: /home/lance/robot/install/my_cobot_interfaces/share/my_cobot_interfaces/srv/SetJointAngles.idl
[62.474s] -- Installing: /home/lance/robot/install/my_cobot_interfaces/share/my_cobot_interfaces/srv/PumpOff.idl
[62.475s] -- Installing: /home/lance/robot/install/my_cobot_interfaces/share/my_cobot_interfaces/srv/PumpOn.idl
[62.477s] -- Up-to-date: /home/lance/robot/install/my_cobot_interfaces/share/my_cobot_interfaces/msg/Block.idl
[62.477s] -- Up-to-date: /home/lance/robot/install/my_cobot_interfaces/share/my_cobot_interfaces/srv/GetRadians.srv
[62.477s] -- Up-to-date: /home/lance/robot/install/my_cobot_interfaces/share/my_cobot_interfaces/srv/GetRadians_Request.msg
[62.478s] -- Up-to-date: /home/lance/robot/install/my_cobot_interfaces/share/my_cobot_interfaces/srv/GetRadians_Response.msg
[62.478s] -- Up-to-date: /home/lance/robot/install/my_cobot_interfaces/share/my_cobot_interfaces/srv/SetRadians.srv
[62.479s] -- Up-to-date: /home/lance/robot/install/my_cobot_interfaces/share/my_cobot_interfaces/srv/SetRadians_Request.msg
[62.479s] -- Up-to-date: /home/lance/robot/install/my_cobot_interfaces/share/my_cobot_interfaces/srv/SetRadians_Response.msg
[62.480s] -- Up-to-date: /home/lance/robot/install/my_cobot_interfaces/share/my_cobot_interfaces/srv/PlayPause.srv
[62.480s] -- Up-to-date: /home/lance/robot/install/my_cobot_interfaces/share/my_cobot_interfaces/srv/PlayPause_Request.msg
[62.481s] -- Up-to-date: /home/lance/robot/install/my_cobot_interfaces/share/my_cobot_interfaces/srv/PlayPause_Response.msg
[62.481s] -- Up-to-date: /home/lance/robot/install/my_cobot_interfaces/share/my_cobot_interfaces/srv/SetCoords.srv
[62.482s] -- Up-to-date: /home/lance/robot/install/my_cobot_interfaces/share/my_cobot_interfaces/srv/SetCoords_Request.msg
[62.482s] -- Up-to-date: /home/lance/robot/install/my_cobot_interfaces/share/my_cobot_interfaces/srv/SetCoords_Response.msg
[62.482s] -- Up-to-date: /home/lance/robot/install/my_cobot_interfaces/share/my_cobot_interfaces/srv/GetBlocks.srv
[62.483s] -- Up-to-date: /home/lance/robot/install/my_cobot_interfaces/share/my_cobot_interfaces/srv/GetBlocks_Request.msg
[62.483s] -- Up-to-date: /home/lance/robot/install/my_cobot_interfaces/share/my_cobot_interfaces/srv/GetBlocks_Response.msg
[62.484s] -- Installing: /home/lance/robot/install/my_cobot_interfaces/share/my_cobot_interfaces/srv/SetJointAngles.srv
[62.485s] -- Installing: /home/lance/robot/install/my_cobot_interfaces/share/my_cobot_interfaces/srv/SetJointAngles_Request.msg
[62.487s] -- Installing: /home/lance/robot/install/my_cobot_interfaces/share/my_cobot_interfaces/srv/SetJointAngles_Response.msg
[62.489s] -- Installing: /home/lance/robot/install/my_cobot_interfaces/share/my_cobot_interfaces/srv/PumpOff.srv
[62.490s] -- Installing: /home/lance/robot/install/my_cobot_interfaces/share/my_cobot_interfaces/srv/PumpOff_Request.msg
[62.492s] -- Installing: /home/lance/robot/install/my_cobot_interfaces/share/my_cobot_interfaces/srv/PumpOff_Response.msg
[62.493s] -- Installing: /home/lance/robot/install/my_cobot_interfaces/share/my_cobot_interfaces/srv/PumpOn.srv
[62.494s] -- Installing: /home/lance/robot/install/my_cobot_interfaces/share/my_cobot_interfaces/srv/PumpOn_Request.msg
[62.495s] -- Installing: /home/lance/robot/install/my_cobot_interfaces/share/my_cobot_interfaces/srv/PumpOn_Response.msg
[62.497s] -- Up-to-date: /home/lance/robot/install/my_cobot_interfaces/share/my_cobot_interfaces/msg/Block.msg
[62.497s] -- Up-to-date: /home/lance/robot/install/my_cobot_interfaces/share/ament_index/resource_index/package_run_dependencies/my_cobot_interfaces
[62.498s] -- Up-to-date: /home/lance/robot/install/my_cobot_interfaces/share/ament_index/resource_index/parent_prefix_path/my_cobot_interfaces
[62.498s] -- Up-to-date: /home/lance/robot/install/my_cobot_interfaces/share/my_cobot_interfaces/environment/ament_prefix_path.sh
[62.499s] -- Installing: /home/lance/robot/install/my_cobot_interfaces/share/my_cobot_interfaces/environment/ament_prefix_path.dsv
[62.500s] -- Up-to-date: /home/lance/robot/install/my_cobot_interfaces/share/my_cobot_interfaces/environment/path.sh
[62.500s] -- Installing: /home/lance/robot/install/my_cobot_interfaces/share/my_cobot_interfaces/environment/path.dsv
[62.502s] -- Up-to-date: /home/lance/robot/install/my_cobot_interfaces/share/my_cobot_interfaces/local_setup.bash
[62.502s] -- Up-to-date: /home/lance/robot/install/my_cobot_interfaces/share/my_cobot_interfaces/local_setup.sh
[62.503s] -- Up-to-date: /home/lance/robot/install/my_cobot_interfaces/share/my_cobot_interfaces/local_setup.zsh
[62.503s] -- Installing: /home/lance/robot/install/my_cobot_interfaces/share/my_cobot_interfaces/local_setup.dsv
[62.506s] -- Installing: /home/lance/robot/install/my_cobot_interfaces/share/my_cobot_interfaces/package.dsv
[62.507s] -- Up-to-date: /home/lance/robot/install/my_cobot_interfaces/share/ament_index/resource_index/packages/my_cobot_interfaces
[62.508s] -- Up-to-date: /home/lance/robot/install/my_cobot_interfaces/share/my_cobot_interfaces/cmake/export_my_cobot_interfaces__rosidl_generator_cExport.cmake
[62.509s] -- Up-to-date: /home/lance/robot/install/my_cobot_interfaces/share/my_cobot_interfaces/cmake/export_my_cobot_interfaces__rosidl_generator_cExport-noconfig.cmake
[62.511s] -- Up-to-date: /home/lance/robot/install/my_cobot_interfaces/share/my_cobot_interfaces/cmake/export_my_cobot_interfaces__rosidl_typesupport_fastrtps_cExport.cmake
[62.511s] -- Up-to-date: /home/lance/robot/install/my_cobot_interfaces/share/my_cobot_interfaces/cmake/export_my_cobot_interfaces__rosidl_typesupport_fastrtps_cExport-noconfig.cmake
[62.513s] -- Up-to-date: /home/lance/robot/install/my_cobot_interfaces/share/my_cobot_interfaces/cmake/export_my_cobot_interfaces__rosidl_generator_cppExport.cmake
[62.515s] -- Up-to-date: /home/lance/robot/install/my_cobot_interfaces/share/my_cobot_interfaces/cmake/export_my_cobot_interfaces__rosidl_typesupport_fastrtps_cppExport.cmake
[62.516s] -- Up-to-date: /home/lance/robot/install/my_cobot_interfaces/share/my_cobot_interfaces/cmake/export_my_cobot_interfaces__rosidl_typesupport_fastrtps_cppExport-noconfig.cmake
[62.517s] -- Up-to-date: /home/lance/robot/install/my_cobot_interfaces/share/my_cobot_interfaces/cmake/my_cobot_interfaces__rosidl_typesupport_introspection_cExport.cmake
[62.519s] -- Up-to-date: /home/lance/robot/install/my_cobot_interfaces/share/my_cobot_interfaces/cmake/my_cobot_interfaces__rosidl_typesupport_introspection_cExport-noconfig.cmake
[62.521s] -- Up-to-date: /home/lance/robot/install/my_cobot_interfaces/share/my_cobot_interfaces/cmake/my_cobot_interfaces__rosidl_typesupport_cExport.cmake
[62.522s] -- Up-to-date: /home/lance/robot/install/my_cobot_interfaces/share/my_cobot_interfaces/cmake/my_cobot_interfaces__rosidl_typesupport_cExport-noconfig.cmake
[62.523s] -- Up-to-date: /home/lance/robot/install/my_cobot_interfaces/share/my_cobot_interfaces/cmake/my_cobot_interfaces__rosidl_typesupport_introspection_cppExport.cmake
[62.524s] -- Up-to-date: /home/lance/robot/install/my_cobot_interfaces/share/my_cobot_interfaces/cmake/my_cobot_interfaces__rosidl_typesupport_introspection_cppExport-noconfig.cmake
[62.526s] -- Up-to-date: /home/lance/robot/install/my_cobot_interfaces/share/my_cobot_interfaces/cmake/my_cobot_interfaces__rosidl_typesupport_cppExport.cmake
[62.526s] -- Up-to-date: /home/lance/robot/install/my_cobot_interfaces/share/my_cobot_interfaces/cmake/my_cobot_interfaces__rosidl_typesupport_cppExport-noconfig.cmake
[62.528s] -- Up-to-date: /home/lance/robot/install/my_cobot_interfaces/share/my_cobot_interfaces/cmake/export_my_cobot_interfaces__rosidl_generator_pyExport.cmake
[62.529s] -- Up-to-date: /home/lance/robot/install/my_cobot_interfaces/share/my_cobot_interfaces/cmake/export_my_cobot_interfaces__rosidl_generator_pyExport-noconfig.cmake
[62.529s] -- Installing: /home/lance/robot/install/my_cobot_interfaces/share/my_cobot_interfaces/cmake/rosidl_cmake-extras.cmake
[62.531s] -- Up-to-date: /home/lance/robot/install/my_cobot_interfaces/share/my_cobot_interfaces/cmake/ament_cmake_export_dependencies-extras.cmake
[62.532s] -- Up-to-date: /home/lance/robot/install/my_cobot_interfaces/share/my_cobot_interfaces/cmake/ament_cmake_export_include_directories-extras.cmake
[62.533s] -- Up-to-date: /home/lance/robot/install/my_cobot_interfaces/share/my_cobot_interfaces/cmake/ament_cmake_export_libraries-extras.cmake
[62.533s] -- Up-to-date: /home/lance/robot/install/my_cobot_interfaces/share/my_cobot_interfaces/cmake/ament_cmake_export_targets-extras.cmake
[62.534s] -- Up-to-date: /home/lance/robot/install/my_cobot_interfaces/share/my_cobot_interfaces/cmake/rosidl_cmake_export_typesupport_targets-extras.cmake
[62.534s] -- Up-to-date: /home/lance/robot/install/my_cobot_interfaces/share/my_cobot_interfaces/cmake/rosidl_cmake_export_typesupport_libraries-extras.cmake
[62.535s] -- Up-to-date: /home/lance/robot/install/my_cobot_interfaces/share/my_cobot_interfaces/cmake/my_cobot_interfacesConfig.cmake
[62.535s] -- Up-to-date: /home/lance/robot/install/my_cobot_interfaces/share/my_cobot_interfaces/cmake/my_cobot_interfacesConfig-version.cmake
[62.536s] -- Up-to-date: /home/lance/robot/install/my_cobot_interfaces/share/my_cobot_interfaces/package.xml
[62.547s] Invoked command in '/home/lance/robot/build/my_cobot_interfaces' returned '0': CMAKE_PREFIX_PATH=${CMAKE_PREFIX_PATH}:/home/lance/robot/install/robot_description:/home/lance/robot/install/coord_controller:/home/lance/robot/install/controllers:/home/lance/robot/install/motion_planning:/home/lance/robot/install/computer_vision:/home/lance/robot/install/bringup:/opt/ros/humble /usr/bin/cmake --install /home/lance/robot/build/my_cobot_interfaces
