[0.122s] Invoking command in '/home/lance/robot/build/moveit_config': AMENT_PREFIX_PATH=/home/lance/robot/install/robot_description:/home/lance/robot/install/moveit_config:/home/lance/robot/install/my_cobot_hardware_interface:/home/lance/robot/install/coord_controller:/home/lance/robot/install/controllers:/home/lance/robot/install/my_cobot_interfaces:/home/lance/robot/install/motion_planning:/home/lance/robot/install/bringup:/home/lance/moveit2_ws/install:/opt/ros/humble CMAKE_PREFIX_PATH=/home/lance/robot/install/my_cobot_hardware_interface:/home/lance/robot/install/my_cobot_interfaces:/home/lance/robot/install/moveit_config:/home/lance/moveit2_ws/install:/home/lance/robot/install/robot_description:/home/lance/robot/install/coord_controller:/home/lance/robot/install/controllers:/home/lance/robot/install/motion_planning:/home/lance/robot/install/bringup:/opt/ros/humble /usr/bin/cmake --build /home/lance/robot/build/moveit_config -- -j4 -l4
[0.329s] Invoked command in '/home/lance/robot/build/moveit_config' returned '0': AMENT_PREFIX_PATH=/home/lance/robot/install/robot_description:/home/lance/robot/install/moveit_config:/home/lance/robot/install/my_cobot_hardware_interface:/home/lance/robot/install/coord_controller:/home/lance/robot/install/controllers:/home/lance/robot/install/my_cobot_interfaces:/home/lance/robot/install/motion_planning:/home/lance/robot/install/bringup:/home/lance/moveit2_ws/install:/opt/ros/humble CMAKE_PREFIX_PATH=/home/lance/robot/install/my_cobot_hardware_interface:/home/lance/robot/install/my_cobot_interfaces:/home/lance/robot/install/moveit_config:/home/lance/moveit2_ws/install:/home/lance/robot/install/robot_description:/home/lance/robot/install/coord_controller:/home/lance/robot/install/controllers:/home/lance/robot/install/motion_planning:/home/lance/robot/install/bringup:/opt/ros/humble /usr/bin/cmake --build /home/lance/robot/build/moveit_config -- -j4 -l4
[0.487s] Invoking command in '/home/lance/robot/build/moveit_config': AMENT_PREFIX_PATH=/home/lance/robot/install/robot_description:/home/lance/robot/install/moveit_config:/home/lance/robot/install/my_cobot_hardware_interface:/home/lance/robot/install/coord_controller:/home/lance/robot/install/controllers:/home/lance/robot/install/my_cobot_interfaces:/home/lance/robot/install/motion_planning:/home/lance/robot/install/bringup:/home/lance/moveit2_ws/install:/opt/ros/humble CMAKE_PREFIX_PATH=/home/lance/robot/install/my_cobot_hardware_interface:/home/lance/robot/install/my_cobot_interfaces:/home/lance/robot/install/moveit_config:/home/lance/moveit2_ws/install:/home/lance/robot/install/robot_description:/home/lance/robot/install/coord_controller:/home/lance/robot/install/controllers:/home/lance/robot/install/motion_planning:/home/lance/robot/install/bringup:/opt/ros/humble /usr/bin/cmake --install /home/lance/robot/build/moveit_config
[0.527s] -- Install configuration: ""
[0.528s] -- Up-to-date: /home/lance/robot/install/moveit_config/share/ament_index/resource_index/package_run_dependencies/moveit_config
[0.529s] -- Up-to-date: /home/lance/robot/install/moveit_config/share/ament_index/resource_index/parent_prefix_path/moveit_config
[0.530s] -- Up-to-date: /home/lance/robot/install/moveit_config/share/moveit_config/environment/ament_prefix_path.sh
[0.530s] -- Up-to-date: /home/lance/robot/install/moveit_config/share/moveit_config/environment/ament_prefix_path.dsv
[0.531s] -- Up-to-date: /home/lance/robot/install/moveit_config/share/moveit_config/environment/path.sh
[0.532s] -- Up-to-date: /home/lance/robot/install/moveit_config/share/moveit_config/environment/path.dsv
[0.532s] -- Up-to-date: /home/lance/robot/install/moveit_config/share/moveit_config/local_setup.bash
[0.533s] -- Up-to-date: /home/lance/robot/install/moveit_config/share/moveit_config/local_setup.sh
[0.534s] -- Up-to-date: /home/lance/robot/install/moveit_config/share/moveit_config/local_setup.zsh
[0.534s] -- Up-to-date: /home/lance/robot/install/moveit_config/share/moveit_config/local_setup.dsv
[0.534s] -- Installing: /home/lance/robot/install/moveit_config/share/moveit_config/package.dsv
[0.536s] -- Up-to-date: /home/lance/robot/install/moveit_config/share/ament_index/resource_index/packages/moveit_config
[0.538s] -- Up-to-date: /home/lance/robot/install/moveit_config/share/moveit_config/cmake/moveit_configConfig.cmake
[0.539s] -- Up-to-date: /home/lance/robot/install/moveit_config/share/moveit_config/cmake/moveit_configConfig-version.cmake
[0.539s] -- Up-to-date: /home/lance/robot/install/moveit_config/share/moveit_config/package.xml
[0.540s] -- Up-to-date: /home/lance/robot/install/moveit_config/share/moveit_config/launch
[0.541s] -- Up-to-date: /home/lance/robot/install/moveit_config/share/moveit_config/launch/moveit.launch.py
[0.544s] -- Up-to-date: /home/lance/robot/install/moveit_config/share/moveit_config/launch/static_virtual_joint_tfs.launch.py
[0.546s] -- Up-to-date: /home/lance/robot/install/moveit_config/share/moveit_config/launch/demo.launch.py
[0.547s] -- Up-to-date: /home/lance/robot/install/moveit_config/share/moveit_config/launch/warehouse_db.launch.py
[0.548s] -- Up-to-date: /home/lance/robot/install/moveit_config/share/moveit_config/launch/moveit_rviz.launch.py
[0.550s] -- Up-to-date: /home/lance/robot/install/moveit_config/share/moveit_config/launch/setup_assistant.launch.py
[0.551s] -- Up-to-date: /home/lance/robot/install/moveit_config/share/moveit_config/launch/spawn_controllers.launch.py
[0.552s] -- Up-to-date: /home/lance/robot/install/moveit_config/share/moveit_config/launch/move_group.launch.py
[0.553s] -- Up-to-date: /home/lance/robot/install/moveit_config/share/moveit_config/launch/rsp.launch.py
[0.554s] -- Up-to-date: /home/lance/robot/install/moveit_config/share/moveit_config/config
[0.554s] -- Up-to-date: /home/lance/robot/install/moveit_config/share/moveit_config/config/moveit_controllers.yaml
[0.555s] -- Up-to-date: /home/lance/robot/install/moveit_config/share/moveit_config/config/mycobot_ai.srdf
[0.556s] -- Up-to-date: /home/lance/robot/install/moveit_config/share/moveit_config/config/kinematics.yaml
[0.556s] -- Up-to-date: /home/lance/robot/install/moveit_config/share/moveit_config/config/pilz_cartesian_limits.yaml
[0.557s] -- Up-to-date: /home/lance/robot/install/moveit_config/share/moveit_config/config/mycobot_ai.ros2_control.xacro
[0.558s] -- Up-to-date: /home/lance/robot/install/moveit_config/share/moveit_config/config/joint_limits.yaml
[0.559s] -- Up-to-date: /home/lance/robot/install/moveit_config/share/moveit_config/config/mycobot_ai.urdf.xacro
[0.560s] -- Up-to-date: /home/lance/robot/install/moveit_config/share/moveit_config/config/initial_positions.yaml
[0.561s] -- Up-to-date: /home/lance/robot/install/moveit_config/share/moveit_config/config/moveit.rviz
[0.561s] -- Up-to-date: /home/lance/robot/install/moveit_config/share/moveit_config/config/ros2_controllers.yaml
[0.562s] -- Up-to-date: /home/lance/robot/install/moveit_config/share/moveit_config/config/sensors_3d.yaml
[0.563s] -- Up-to-date: /home/lance/robot/install/moveit_config/share/moveit_config/.setup_assistant
[0.578s] Invoked command in '/home/lance/robot/build/moveit_config' returned '0': AMENT_PREFIX_PATH=/home/lance/robot/install/robot_description:/home/lance/robot/install/moveit_config:/home/lance/robot/install/my_cobot_hardware_interface:/home/lance/robot/install/coord_controller:/home/lance/robot/install/controllers:/home/lance/robot/install/my_cobot_interfaces:/home/lance/robot/install/motion_planning:/home/lance/robot/install/bringup:/home/lance/moveit2_ws/install:/opt/ros/humble CMAKE_PREFIX_PATH=/home/lance/robot/install/my_cobot_hardware_interface:/home/lance/robot/install/my_cobot_interfaces:/home/lance/robot/install/moveit_config:/home/lance/moveit2_ws/install:/home/lance/robot/install/robot_description:/home/lance/robot/install/coord_controller:/home/lance/robot/install/controllers:/home/lance/robot/install/motion_planning:/home/lance/robot/install/bringup:/opt/ros/humble /usr/bin/cmake --install /home/lance/robot/build/moveit_config
