[9.349s] Invoking command in '/home/lance/robot/src/bringup': PYTHONPATH=/home/lance/robot/build/bringup/prefix_override:/home/lance/robot/install/bringup/lib/python3.10/site-packages:${PYTHONPATH} /usr/bin/python3 setup.py egg_info --egg-base ../../build/bringup build --build-base /home/lance/robot/build/bringup/build install --record /home/lance/robot/build/bringup/install.log --single-version-externally-managed
[11.630s] running egg_info
[11.633s] writing ../../build/bringup/bringup.egg-info/PKG-INFO
[11.635s] writing dependency_links to ../../build/bringup/bringup.egg-info/dependency_links.txt
[11.636s] writing entry points to ../../build/bringup/bringup.egg-info/entry_points.txt
[11.637s] writing requirements to ../../build/bringup/bringup.egg-info/requires.txt
[11.638s] writing top-level names to ../../build/bringup/bringup.egg-info/top_level.txt
[11.653s] reading manifest file '../../build/bringup/bringup.egg-info/SOURCES.txt'
[11.657s] writing manifest file '../../build/bringup/bringup.egg-info/SOURCES.txt'
[11.660s] running build
[11.661s] running build_py
[11.662s] running install
[11.665s] running install_lib
[11.673s] running install_data
[11.676s] running install_egg_info
[11.687s] removing '/home/lance/robot/install/bringup/lib/python3.10/site-packages/bringup-0.0.0-py3.10.egg-info' (and everything under it)
[11.691s] Copying ../../build/bringup/bringup.egg-info to /home/lance/robot/install/bringup/lib/python3.10/site-packages/bringup-0.0.0-py3.10.egg-info
[11.701s] running install_scripts
[11.823s] writing list of installed files to '/home/lance/robot/build/bringup/install.log'
[13.178s] Invoked command in '/home/lance/robot/src/bringup' returned '0': PYTHONPATH=/home/lance/robot/build/bringup/prefix_override:/home/lance/robot/install/bringup/lib/python3.10/site-packages:${PYTHONPATH} /usr/bin/python3 setup.py egg_info --egg-base ../../build/bringup build --build-base /home/lance/robot/build/bringup/build install --record /home/lance/robot/build/bringup/install.log --single-version-externally-managed
