[0.270s] Invoking command in '/home/lance/robot/build/description': CMAKE_PREFIX_PATH=${CMAKE_PREFIX_PATH}:/home/lance/robot/install/robot_description:/home/lance/robot/install/motion_planning:/opt/ros/humble /usr/bin/cmake --build /home/lance/robot/build/description -- -j4 -l4
[1.734s] Invoked command in '/home/lance/robot/build/description' returned '0': CMAKE_PREFIX_PATH=${CMAKE_PREFIX_PATH}:/home/lance/robot/install/robot_description:/home/lance/robot/install/motion_planning:/opt/ros/humble /usr/bin/cmake --build /home/lance/robot/build/description -- -j4 -l4
[3.265s] Invoking command in '/home/lance/robot/build/description': CMAKE_PREFIX_PATH=${CMAKE_PREFIX_PATH}:/home/lance/robot/install/robot_description:/home/lance/robot/install/motion_planning:/opt/ros/humble /usr/bin/cmake --install /home/lance/robot/build/description
[3.306s] -- Install configuration: ""
[3.309s] -- Up-to-date: /home/lance/robot/install/description/share/ament_index/resource_index/package_run_dependencies/description
[3.311s] -- Up-to-date: /home/lance/robot/install/description/share/ament_index/resource_index/parent_prefix_path/description
[3.313s] -- Up-to-date: /home/lance/robot/install/description/share/description/environment/ament_prefix_path.sh
[3.316s] -- Up-to-date: /home/lance/robot/install/description/share/description/environment/ament_prefix_path.dsv
[3.319s] -- Up-to-date: /home/lance/robot/install/description/share/description/environment/path.sh
[3.321s] -- Up-to-date: /home/lance/robot/install/description/share/description/environment/path.dsv
[3.323s] -- Up-to-date: /home/lance/robot/install/description/share/description/local_setup.bash
[3.324s] -- Up-to-date: /home/lance/robot/install/description/share/description/local_setup.sh
[3.326s] -- Up-to-date: /home/lance/robot/install/description/share/description/local_setup.zsh
[3.328s] -- Up-to-date: /home/lance/robot/install/description/share/description/local_setup.dsv
[3.331s] -- Installing: /home/lance/robot/install/description/share/description/package.dsv
[3.334s] -- Up-to-date: /home/lance/robot/install/description/share/ament_index/resource_index/packages/description
[3.337s] -- Up-to-date: /home/lance/robot/install/description/share/description/cmake/descriptionConfig.cmake
[3.338s] -- Up-to-date: /home/lance/robot/install/description/share/description/cmake/descriptionConfig-version.cmake
[3.341s] -- Up-to-date: /home/lance/robot/install/description/share/description/package.xml
[3.364s] Invoked command in '/home/lance/robot/build/description' returned '0': CMAKE_PREFIX_PATH=${CMAKE_PREFIX_PATH}:/home/lance/robot/install/robot_description:/home/lance/robot/install/motion_planning:/opt/ros/humble /usr/bin/cmake --install /home/lance/robot/build/description
