[1.926s] DEBUG:colcon:Command line arguments: ['/usr/bin/colcon', 'build']
[1.927s] DEBUG:colcon:Parsed command line arguments: Namespace(log_base=None, log_level=None, verb_name='build', build_base='build', install_base='install', merge_install=False, symlink_install=False, test_result_base=None, continue_on_error=False, executor='parallel', parallel_workers=4, event_handlers=None, ignore_user_meta=False, metas=['./colcon.meta'], base_paths=['.'], packages_ignore=None, packages_ignore_regex=None, paths=None, packages_up_to=None, packages_up_to_regex=None, packages_above=None, packages_above_and_dependencies=None, packages_above_depth=None, packages_select_by_dep=None, packages_skip_by_dep=None, packages_skip_up_to=None, packages_select_build_failed=False, packages_skip_build_finished=False, packages_select_test_failures=False, packages_skip_test_passed=False, packages_select=None, packages_skip=None, packages_select_regex=None, packages_skip_regex=None, packages_start=None, packages_end=None, allow_overriding=[], cmake_args=None, cmake_target=None, cmake_target_skip_unavailable=False, cmake_clean_cache=False, cmake_clean_first=False, cmake_force_configure=False, ament_cmake_args=None, catkin_cmake_args=None, catkin_skip_building_tests=False, verb_parser=<colcon_defaults.argument_parser.defaults.DefaultArgumentsDecorator object at 0xffffac654c10>, verb_extension=<colcon_core.verb.build.BuildVerb object at 0xffffac6546a0>, main=<bound method BuildVerb.main of <colcon_core.verb.build.BuildVerb object at 0xffffac6546a0>>)
[2.058s] Level 1:colcon.colcon_core.package_discovery:discover_packages(colcon_meta) check parameters
[2.059s] Level 1:colcon.colcon_core.package_discovery:discover_packages(recursive) check parameters
[2.059s] Level 1:colcon.colcon_core.package_discovery:discover_packages(ignore) check parameters
[2.059s] Level 1:colcon.colcon_core.package_discovery:discover_packages(path) check parameters
[2.059s] Level 1:colcon.colcon_core.package_discovery:discover_packages(colcon_meta) discover
[2.059s] Level 1:colcon.colcon_core.package_discovery:discover_packages(recursive) discover
[2.059s] INFO:colcon.colcon_core.package_discovery:Crawling recursively for packages in '/home/lance/robot'
[2.060s] Level 1:colcon.colcon_core.package_identification:_identify(.) by extensions ['ignore', 'ignore_ament_install']
[2.060s] Level 1:colcon.colcon_core.package_identification:_identify(.) by extension 'ignore'
[2.060s] Level 1:colcon.colcon_core.package_identification:_identify(.) by extension 'ignore_ament_install'
[2.061s] Level 1:colcon.colcon_core.package_identification:_identify(.) by extensions ['colcon_pkg']
[2.061s] Level 1:colcon.colcon_core.package_identification:_identify(.) by extension 'colcon_pkg'
[2.061s] Level 1:colcon.colcon_core.package_identification:_identify(.) by extensions ['colcon_meta']
[2.061s] Level 1:colcon.colcon_core.package_identification:_identify(.) by extension 'colcon_meta'
[2.061s] Level 1:colcon.colcon_core.package_identification:_identify(.) by extensions ['ros']
[2.061s] Level 1:colcon.colcon_core.package_identification:_identify(.) by extension 'ros'
[2.112s] Level 1:colcon.colcon_core.package_identification:_identify(.) by extensions ['cmake', 'python']
[2.113s] Level 1:colcon.colcon_core.package_identification:_identify(.) by extension 'cmake'
[2.113s] Level 1:colcon.colcon_core.package_identification:_identify(.) by extension 'python'
[2.113s] Level 1:colcon.colcon_core.package_identification:_identify(.) by extensions ['python_setup_py']
[2.113s] Level 1:colcon.colcon_core.package_identification:_identify(.) by extension 'python_setup_py'
[2.114s] Level 1:colcon.colcon_core.package_identification:_identify(build) by extensions ['ignore', 'ignore_ament_install']
[2.115s] Level 1:colcon.colcon_core.package_identification:_identify(build) by extension 'ignore'
[2.115s] Level 1:colcon.colcon_core.package_identification:_identify(build) ignored
[2.116s] Level 1:colcon.colcon_core.package_identification:_identify(install) by extensions ['ignore', 'ignore_ament_install']
[2.116s] Level 1:colcon.colcon_core.package_identification:_identify(install) by extension 'ignore'
[2.116s] Level 1:colcon.colcon_core.package_identification:_identify(install) ignored
[2.117s] Level 1:colcon.colcon_core.package_identification:_identify(log) by extensions ['ignore', 'ignore_ament_install']
[2.117s] Level 1:colcon.colcon_core.package_identification:_identify(log) by extension 'ignore'
[2.117s] Level 1:colcon.colcon_core.package_identification:_identify(log) ignored
[2.118s] Level 1:colcon.colcon_core.package_identification:_identify(src) by extensions ['ignore', 'ignore_ament_install']
[2.118s] Level 1:colcon.colcon_core.package_identification:_identify(src) by extension 'ignore'
[2.118s] Level 1:colcon.colcon_core.package_identification:_identify(src) by extension 'ignore_ament_install'
[2.118s] Level 1:colcon.colcon_core.package_identification:_identify(src) by extensions ['colcon_pkg']
[2.118s] Level 1:colcon.colcon_core.package_identification:_identify(src) by extension 'colcon_pkg'
[2.119s] Level 1:colcon.colcon_core.package_identification:_identify(src) by extensions ['colcon_meta']
[2.119s] Level 1:colcon.colcon_core.package_identification:_identify(src) by extension 'colcon_meta'
[2.119s] Level 1:colcon.colcon_core.package_identification:_identify(src) by extensions ['ros']
[2.119s] Level 1:colcon.colcon_core.package_identification:_identify(src) by extension 'ros'
[2.119s] Level 1:colcon.colcon_core.package_identification:_identify(src) by extensions ['cmake', 'python']
[2.119s] Level 1:colcon.colcon_core.package_identification:_identify(src) by extension 'cmake'
[2.120s] Level 1:colcon.colcon_core.package_identification:_identify(src) by extension 'python'
[2.120s] Level 1:colcon.colcon_core.package_identification:_identify(src) by extensions ['python_setup_py']
[2.120s] Level 1:colcon.colcon_core.package_identification:_identify(src) by extension 'python_setup_py'
[2.120s] Level 1:colcon.colcon_core.package_identification:_identify(src/bringup) by extensions ['ignore', 'ignore_ament_install']
[2.121s] Level 1:colcon.colcon_core.package_identification:_identify(src/bringup) by extension 'ignore'
[2.121s] Level 1:colcon.colcon_core.package_identification:_identify(src/bringup) by extension 'ignore_ament_install'
[2.121s] Level 1:colcon.colcon_core.package_identification:_identify(src/bringup) by extensions ['colcon_pkg']
[2.121s] Level 1:colcon.colcon_core.package_identification:_identify(src/bringup) by extension 'colcon_pkg'
[2.121s] Level 1:colcon.colcon_core.package_identification:_identify(src/bringup) by extensions ['colcon_meta']
[2.121s] Level 1:colcon.colcon_core.package_identification:_identify(src/bringup) by extension 'colcon_meta'
[2.122s] Level 1:colcon.colcon_core.package_identification:_identify(src/bringup) by extensions ['ros']
[2.122s] Level 1:colcon.colcon_core.package_identification:_identify(src/bringup) by extension 'ros'
[2.130s] DEBUG:colcon.colcon_core.package_identification:Package 'src/bringup' with type 'ros.ament_python' and name 'bringup'
[2.131s] Level 1:colcon.colcon_core.package_identification:_identify(src/computer_vision) by extensions ['ignore', 'ignore_ament_install']
[2.131s] Level 1:colcon.colcon_core.package_identification:_identify(src/computer_vision) by extension 'ignore'
[2.131s] Level 1:colcon.colcon_core.package_identification:_identify(src/computer_vision) by extension 'ignore_ament_install'
[2.132s] Level 1:colcon.colcon_core.package_identification:_identify(src/computer_vision) by extensions ['colcon_pkg']
[2.132s] Level 1:colcon.colcon_core.package_identification:_identify(src/computer_vision) by extension 'colcon_pkg'
[2.132s] Level 1:colcon.colcon_core.package_identification:_identify(src/computer_vision) by extensions ['colcon_meta']
[2.132s] Level 1:colcon.colcon_core.package_identification:_identify(src/computer_vision) by extension 'colcon_meta'
[2.133s] Level 1:colcon.colcon_core.package_identification:_identify(src/computer_vision) by extensions ['ros']
[2.133s] Level 1:colcon.colcon_core.package_identification:_identify(src/computer_vision) by extension 'ros'
[2.136s] DEBUG:colcon.colcon_core.package_identification:Package 'src/computer_vision' with type 'ros.ament_python' and name 'computer_vision'
[2.136s] Level 1:colcon.colcon_core.package_identification:_identify(src/controllers) by extensions ['ignore', 'ignore_ament_install']
[2.137s] Level 1:colcon.colcon_core.package_identification:_identify(src/controllers) by extension 'ignore'
[2.137s] Level 1:colcon.colcon_core.package_identification:_identify(src/controllers) by extension 'ignore_ament_install'
[2.138s] Level 1:colcon.colcon_core.package_identification:_identify(src/controllers) by extensions ['colcon_pkg']
[2.138s] Level 1:colcon.colcon_core.package_identification:_identify(src/controllers) by extension 'colcon_pkg'
[2.138s] Level 1:colcon.colcon_core.package_identification:_identify(src/controllers) by extensions ['colcon_meta']
[2.138s] Level 1:colcon.colcon_core.package_identification:_identify(src/controllers) by extension 'colcon_meta'
[2.139s] Level 1:colcon.colcon_core.package_identification:_identify(src/controllers) by extensions ['ros']
[2.139s] Level 1:colcon.colcon_core.package_identification:_identify(src/controllers) by extension 'ros'
[2.142s] DEBUG:colcon.colcon_core.package_identification:Package 'src/controllers' with type 'ros.ament_python' and name 'controllers'
[2.142s] Level 1:colcon.colcon_core.package_identification:_identify(src/coord_controller) by extensions ['ignore', 'ignore_ament_install']
[2.143s] Level 1:colcon.colcon_core.package_identification:_identify(src/coord_controller) by extension 'ignore'
[2.143s] Level 1:colcon.colcon_core.package_identification:_identify(src/coord_controller) by extension 'ignore_ament_install'
[2.143s] Level 1:colcon.colcon_core.package_identification:_identify(src/coord_controller) by extensions ['colcon_pkg']
[2.143s] Level 1:colcon.colcon_core.package_identification:_identify(src/coord_controller) by extension 'colcon_pkg'
[2.143s] Level 1:colcon.colcon_core.package_identification:_identify(src/coord_controller) by extensions ['colcon_meta']
[2.143s] Level 1:colcon.colcon_core.package_identification:_identify(src/coord_controller) by extension 'colcon_meta'
[2.144s] Level 1:colcon.colcon_core.package_identification:_identify(src/coord_controller) by extensions ['ros']
[2.144s] Level 1:colcon.colcon_core.package_identification:_identify(src/coord_controller) by extension 'ros'
[2.146s] DEBUG:colcon.colcon_core.package_identification:Package 'src/coord_controller' with type 'ros.ament_python' and name 'coord_controller'
[2.147s] Level 1:colcon.colcon_core.package_identification:_identify(src/motion_planning) by extensions ['ignore', 'ignore_ament_install']
[2.147s] Level 1:colcon.colcon_core.package_identification:_identify(src/motion_planning) by extension 'ignore'
[2.147s] Level 1:colcon.colcon_core.package_identification:_identify(src/motion_planning) by extension 'ignore_ament_install'
[2.147s] Level 1:colcon.colcon_core.package_identification:_identify(src/motion_planning) by extensions ['colcon_pkg']
[2.148s] Level 1:colcon.colcon_core.package_identification:_identify(src/motion_planning) by extension 'colcon_pkg'
[2.148s] Level 1:colcon.colcon_core.package_identification:_identify(src/motion_planning) by extensions ['colcon_meta']
[2.148s] Level 1:colcon.colcon_core.package_identification:_identify(src/motion_planning) by extension 'colcon_meta'
[2.148s] Level 1:colcon.colcon_core.package_identification:_identify(src/motion_planning) by extensions ['ros']
[2.148s] Level 1:colcon.colcon_core.package_identification:_identify(src/motion_planning) by extension 'ros'
[2.150s] DEBUG:colcon.colcon_core.package_identification:Package 'src/motion_planning' with type 'ros.ament_python' and name 'motion_planning'
[2.151s] Level 1:colcon.colcon_core.package_identification:_identify(src/moveit_config) by extensions ['ignore', 'ignore_ament_install']
[2.151s] Level 1:colcon.colcon_core.package_identification:_identify(src/moveit_config) by extension 'ignore'
[2.152s] Level 1:colcon.colcon_core.package_identification:_identify(src/moveit_config) by extension 'ignore_ament_install'
[2.152s] Level 1:colcon.colcon_core.package_identification:_identify(src/moveit_config) by extensions ['colcon_pkg']
[2.152s] Level 1:colcon.colcon_core.package_identification:_identify(src/moveit_config) by extension 'colcon_pkg'
[2.152s] Level 1:colcon.colcon_core.package_identification:_identify(src/moveit_config) by extensions ['colcon_meta']
[2.152s] Level 1:colcon.colcon_core.package_identification:_identify(src/moveit_config) by extension 'colcon_meta'
[2.152s] Level 1:colcon.colcon_core.package_identification:_identify(src/moveit_config) by extensions ['ros']
[2.153s] Level 1:colcon.colcon_core.package_identification:_identify(src/moveit_config) by extension 'ros'
[2.156s] DEBUG:colcon.colcon_core.package_identification:Package 'src/moveit_config' with type 'ros.ament_cmake' and name 'moveit_config'
[2.157s] Level 1:colcon.colcon_core.package_identification:_identify(src/my_cobot_hardware_interface) by extensions ['ignore', 'ignore_ament_install']
[2.157s] Level 1:colcon.colcon_core.package_identification:_identify(src/my_cobot_hardware_interface) by extension 'ignore'
[2.157s] Level 1:colcon.colcon_core.package_identification:_identify(src/my_cobot_hardware_interface) by extension 'ignore_ament_install'
[2.158s] Level 1:colcon.colcon_core.package_identification:_identify(src/my_cobot_hardware_interface) by extensions ['colcon_pkg']
[2.158s] Level 1:colcon.colcon_core.package_identification:_identify(src/my_cobot_hardware_interface) by extension 'colcon_pkg'
[2.158s] Level 1:colcon.colcon_core.package_identification:_identify(src/my_cobot_hardware_interface) by extensions ['colcon_meta']
[2.158s] Level 1:colcon.colcon_core.package_identification:_identify(src/my_cobot_hardware_interface) by extension 'colcon_meta'
[2.158s] Level 1:colcon.colcon_core.package_identification:_identify(src/my_cobot_hardware_interface) by extensions ['ros']
[2.158s] Level 1:colcon.colcon_core.package_identification:_identify(src/my_cobot_hardware_interface) by extension 'ros'
[2.161s] DEBUG:colcon.colcon_core.package_identification:Package 'src/my_cobot_hardware_interface' with type 'ros.ament_cmake' and name 'my_cobot_hardware_interface'
[2.161s] Level 1:colcon.colcon_core.package_identification:_identify(src/my_cobot_interfaces) by extensions ['ignore', 'ignore_ament_install']
[2.162s] Level 1:colcon.colcon_core.package_identification:_identify(src/my_cobot_interfaces) by extension 'ignore'
[2.162s] Level 1:colcon.colcon_core.package_identification:_identify(src/my_cobot_interfaces) by extension 'ignore_ament_install'
[2.162s] Level 1:colcon.colcon_core.package_identification:_identify(src/my_cobot_interfaces) by extensions ['colcon_pkg']
[2.162s] Level 1:colcon.colcon_core.package_identification:_identify(src/my_cobot_interfaces) by extension 'colcon_pkg'
[2.162s] Level 1:colcon.colcon_core.package_identification:_identify(src/my_cobot_interfaces) by extensions ['colcon_meta']
[2.163s] Level 1:colcon.colcon_core.package_identification:_identify(src/my_cobot_interfaces) by extension 'colcon_meta'
[2.163s] Level 1:colcon.colcon_core.package_identification:_identify(src/my_cobot_interfaces) by extensions ['ros']
[2.163s] Level 1:colcon.colcon_core.package_identification:_identify(src/my_cobot_interfaces) by extension 'ros'
[2.165s] DEBUG:colcon.colcon_core.package_identification:Package 'src/my_cobot_interfaces' with type 'ros.ament_cmake' and name 'my_cobot_interfaces'
[2.165s] Level 1:colcon.colcon_core.package_identification:_identify(src/robot_description) by extensions ['ignore', 'ignore_ament_install']
[2.166s] Level 1:colcon.colcon_core.package_identification:_identify(src/robot_description) by extension 'ignore'
[2.166s] Level 1:colcon.colcon_core.package_identification:_identify(src/robot_description) by extension 'ignore_ament_install'
[2.166s] Level 1:colcon.colcon_core.package_identification:_identify(src/robot_description) by extensions ['colcon_pkg']
[2.166s] Level 1:colcon.colcon_core.package_identification:_identify(src/robot_description) by extension 'colcon_pkg'
[2.167s] Level 1:colcon.colcon_core.package_identification:_identify(src/robot_description) by extensions ['colcon_meta']
[2.167s] Level 1:colcon.colcon_core.package_identification:_identify(src/robot_description) by extension 'colcon_meta'
[2.167s] Level 1:colcon.colcon_core.package_identification:_identify(src/robot_description) by extensions ['ros']
[2.167s] Level 1:colcon.colcon_core.package_identification:_identify(src/robot_description) by extension 'ros'
[2.169s] DEBUG:colcon.colcon_core.package_identification:Package 'src/robot_description' with type 'ros.ament_python' and name 'robot_description'
[2.169s] Level 1:colcon.colcon_core.package_discovery:discover_packages(recursive) using defaults
[2.169s] Level 1:colcon.colcon_core.package_discovery:discover_packages(ignore) discover
[2.169s] Level 1:colcon.colcon_core.package_discovery:discover_packages(ignore) using defaults
[2.170s] Level 1:colcon.colcon_core.package_discovery:discover_packages(path) discover
[2.170s] Level 1:colcon.colcon_core.package_discovery:discover_packages(path) using defaults
[2.301s] Level 1:colcon.colcon_core.package_discovery:discover_packages(prefix_path) check parameters
[2.302s] Level 1:colcon.colcon_core.package_discovery:discover_packages(prefix_path) discover
[2.321s] DEBUG:colcon.colcon_installed_package_information.package_discovery:Found 1 installed packages in /home/lance/moveit2_ws/install
[2.329s] DEBUG:colcon.colcon_installed_package_information.package_discovery:Found 9 installed packages in /home/lance/robot/install
[2.346s] DEBUG:colcon.colcon_installed_package_information.package_discovery:Found 349 installed packages in /opt/ros/humble
[2.354s] Level 1:colcon.colcon_core.package_discovery:discover_packages(prefix_path) using defaults
[2.670s] Level 5:colcon.colcon_core.verb:set package 'bringup' build argument 'cmake_args' from command line to 'None'
[2.670s] Level 5:colcon.colcon_core.verb:set package 'bringup' build argument 'cmake_target' from command line to 'None'
[2.671s] Level 5:colcon.colcon_core.verb:set package 'bringup' build argument 'cmake_target_skip_unavailable' from command line to 'False'
[2.671s] Level 5:colcon.colcon_core.verb:set package 'bringup' build argument 'cmake_clean_cache' from command line to 'False'
[2.671s] Level 5:colcon.colcon_core.verb:set package 'bringup' build argument 'cmake_clean_first' from command line to 'False'
[2.671s] Level 5:colcon.colcon_core.verb:set package 'bringup' build argument 'cmake_force_configure' from command line to 'False'
[2.671s] Level 5:colcon.colcon_core.verb:set package 'bringup' build argument 'ament_cmake_args' from command line to 'None'
[2.671s] Level 5:colcon.colcon_core.verb:set package 'bringup' build argument 'catkin_cmake_args' from command line to 'None'
[2.671s] Level 5:colcon.colcon_core.verb:set package 'bringup' build argument 'catkin_skip_building_tests' from command line to 'False'
[2.671s] DEBUG:colcon.colcon_core.verb:Building package 'bringup' with the following arguments: {'ament_cmake_args': None, 'build_base': '/home/lance/robot/build/bringup', 'catkin_cmake_args': None, 'catkin_skip_building_tests': False, 'cmake_args': None, 'cmake_clean_cache': False, 'cmake_clean_first': False, 'cmake_force_configure': False, 'cmake_target': None, 'cmake_target_skip_unavailable': False, 'install_base': '/home/lance/robot/install/bringup', 'merge_install': False, 'path': '/home/lance/robot/src/bringup', 'symlink_install': False, 'test_result_base': None}
[2.678s] Level 5:colcon.colcon_core.verb:set package 'computer_vision' build argument 'cmake_args' from command line to 'None'
[2.679s] Level 5:colcon.colcon_core.verb:set package 'computer_vision' build argument 'cmake_target' from command line to 'None'
[2.679s] Level 5:colcon.colcon_core.verb:set package 'computer_vision' build argument 'cmake_target_skip_unavailable' from command line to 'False'
[2.679s] Level 5:colcon.colcon_core.verb:set package 'computer_vision' build argument 'cmake_clean_cache' from command line to 'False'
[2.679s] Level 5:colcon.colcon_core.verb:set package 'computer_vision' build argument 'cmake_clean_first' from command line to 'False'
[2.679s] Level 5:colcon.colcon_core.verb:set package 'computer_vision' build argument 'cmake_force_configure' from command line to 'False'
[2.679s] Level 5:colcon.colcon_core.verb:set package 'computer_vision' build argument 'ament_cmake_args' from command line to 'None'
[2.679s] Level 5:colcon.colcon_core.verb:set package 'computer_vision' build argument 'catkin_cmake_args' from command line to 'None'
[2.679s] Level 5:colcon.colcon_core.verb:set package 'computer_vision' build argument 'catkin_skip_building_tests' from command line to 'False'
[2.680s] DEBUG:colcon.colcon_core.verb:Building package 'computer_vision' with the following arguments: {'ament_cmake_args': None, 'build_base': '/home/lance/robot/build/computer_vision', 'catkin_cmake_args': None, 'catkin_skip_building_tests': False, 'cmake_args': None, 'cmake_clean_cache': False, 'cmake_clean_first': False, 'cmake_force_configure': False, 'cmake_target': None, 'cmake_target_skip_unavailable': False, 'install_base': '/home/lance/robot/install/computer_vision', 'merge_install': False, 'path': '/home/lance/robot/src/computer_vision', 'symlink_install': False, 'test_result_base': None}
[2.687s] Level 5:colcon.colcon_core.verb:set package 'motion_planning' build argument 'cmake_args' from command line to 'None'
[2.688s] Level 5:colcon.colcon_core.verb:set package 'motion_planning' build argument 'cmake_target' from command line to 'None'
[2.688s] Level 5:colcon.colcon_core.verb:set package 'motion_planning' build argument 'cmake_target_skip_unavailable' from command line to 'False'
[2.688s] Level 5:colcon.colcon_core.verb:set package 'motion_planning' build argument 'cmake_clean_cache' from command line to 'False'
[2.688s] Level 5:colcon.colcon_core.verb:set package 'motion_planning' build argument 'cmake_clean_first' from command line to 'False'
[2.688s] Level 5:colcon.colcon_core.verb:set package 'motion_planning' build argument 'cmake_force_configure' from command line to 'False'
[2.688s] Level 5:colcon.colcon_core.verb:set package 'motion_planning' build argument 'ament_cmake_args' from command line to 'None'
[2.688s] Level 5:colcon.colcon_core.verb:set package 'motion_planning' build argument 'catkin_cmake_args' from command line to 'None'
[2.688s] Level 5:colcon.colcon_core.verb:set package 'motion_planning' build argument 'catkin_skip_building_tests' from command line to 'False'
[2.689s] DEBUG:colcon.colcon_core.verb:Building package 'motion_planning' with the following arguments: {'ament_cmake_args': None, 'build_base': '/home/lance/robot/build/motion_planning', 'catkin_cmake_args': None, 'catkin_skip_building_tests': False, 'cmake_args': None, 'cmake_clean_cache': False, 'cmake_clean_first': False, 'cmake_force_configure': False, 'cmake_target': None, 'cmake_target_skip_unavailable': False, 'install_base': '/home/lance/robot/install/motion_planning', 'merge_install': False, 'path': '/home/lance/robot/src/motion_planning', 'symlink_install': False, 'test_result_base': None}
[2.696s] Level 5:colcon.colcon_core.verb:set package 'my_cobot_interfaces' build argument 'cmake_args' from command line to 'None'
[2.696s] Level 5:colcon.colcon_core.verb:set package 'my_cobot_interfaces' build argument 'cmake_target' from command line to 'None'
[2.696s] Level 5:colcon.colcon_core.verb:set package 'my_cobot_interfaces' build argument 'cmake_target_skip_unavailable' from command line to 'False'
[2.696s] Level 5:colcon.colcon_core.verb:set package 'my_cobot_interfaces' build argument 'cmake_clean_cache' from command line to 'False'
[2.696s] Level 5:colcon.colcon_core.verb:set package 'my_cobot_interfaces' build argument 'cmake_clean_first' from command line to 'False'
[2.697s] Level 5:colcon.colcon_core.verb:set package 'my_cobot_interfaces' build argument 'cmake_force_configure' from command line to 'False'
[2.697s] Level 5:colcon.colcon_core.verb:set package 'my_cobot_interfaces' build argument 'ament_cmake_args' from command line to 'None'
[2.697s] Level 5:colcon.colcon_core.verb:set package 'my_cobot_interfaces' build argument 'catkin_cmake_args' from command line to 'None'
[2.697s] Level 5:colcon.colcon_core.verb:set package 'my_cobot_interfaces' build argument 'catkin_skip_building_tests' from command line to 'False'
[2.697s] DEBUG:colcon.colcon_core.verb:Building package 'my_cobot_interfaces' with the following arguments: {'ament_cmake_args': None, 'build_base': '/home/lance/robot/build/my_cobot_interfaces', 'catkin_cmake_args': None, 'catkin_skip_building_tests': False, 'cmake_args': None, 'cmake_clean_cache': False, 'cmake_clean_first': False, 'cmake_force_configure': False, 'cmake_target': None, 'cmake_target_skip_unavailable': False, 'install_base': '/home/lance/robot/install/my_cobot_interfaces', 'merge_install': False, 'path': '/home/lance/robot/src/my_cobot_interfaces', 'symlink_install': False, 'test_result_base': None}
[2.704s] Level 5:colcon.colcon_core.verb:set package 'robot_description' build argument 'cmake_args' from command line to 'None'
[2.704s] Level 5:colcon.colcon_core.verb:set package 'robot_description' build argument 'cmake_target' from command line to 'None'
[2.704s] Level 5:colcon.colcon_core.verb:set package 'robot_description' build argument 'cmake_target_skip_unavailable' from command line to 'False'
[2.704s] Level 5:colcon.colcon_core.verb:set package 'robot_description' build argument 'cmake_clean_cache' from command line to 'False'
[2.705s] Level 5:colcon.colcon_core.verb:set package 'robot_description' build argument 'cmake_clean_first' from command line to 'False'
[2.705s] Level 5:colcon.colcon_core.verb:set package 'robot_description' build argument 'cmake_force_configure' from command line to 'False'
[2.705s] Level 5:colcon.colcon_core.verb:set package 'robot_description' build argument 'ament_cmake_args' from command line to 'None'
[2.705s] Level 5:colcon.colcon_core.verb:set package 'robot_description' build argument 'catkin_cmake_args' from command line to 'None'
[2.705s] Level 5:colcon.colcon_core.verb:set package 'robot_description' build argument 'catkin_skip_building_tests' from command line to 'False'
[2.705s] DEBUG:colcon.colcon_core.verb:Building package 'robot_description' with the following arguments: {'ament_cmake_args': None, 'build_base': '/home/lance/robot/build/robot_description', 'catkin_cmake_args': None, 'catkin_skip_building_tests': False, 'cmake_args': None, 'cmake_clean_cache': False, 'cmake_clean_first': False, 'cmake_force_configure': False, 'cmake_target': None, 'cmake_target_skip_unavailable': False, 'install_base': '/home/lance/robot/install/robot_description', 'merge_install': False, 'path': '/home/lance/robot/src/robot_description', 'symlink_install': False, 'test_result_base': None}
[2.712s] Level 5:colcon.colcon_core.verb:set package 'controllers' build argument 'cmake_args' from command line to 'None'
[2.712s] Level 5:colcon.colcon_core.verb:set package 'controllers' build argument 'cmake_target' from command line to 'None'
[2.712s] Level 5:colcon.colcon_core.verb:set package 'controllers' build argument 'cmake_target_skip_unavailable' from command line to 'False'
[2.712s] Level 5:colcon.colcon_core.verb:set package 'controllers' build argument 'cmake_clean_cache' from command line to 'False'
[2.712s] Level 5:colcon.colcon_core.verb:set package 'controllers' build argument 'cmake_clean_first' from command line to 'False'
[2.713s] Level 5:colcon.colcon_core.verb:set package 'controllers' build argument 'cmake_force_configure' from command line to 'False'
[2.713s] Level 5:colcon.colcon_core.verb:set package 'controllers' build argument 'ament_cmake_args' from command line to 'None'
[2.713s] Level 5:colcon.colcon_core.verb:set package 'controllers' build argument 'catkin_cmake_args' from command line to 'None'
[2.713s] Level 5:colcon.colcon_core.verb:set package 'controllers' build argument 'catkin_skip_building_tests' from command line to 'False'
[2.713s] DEBUG:colcon.colcon_core.verb:Building package 'controllers' with the following arguments: {'ament_cmake_args': None, 'build_base': '/home/lance/robot/build/controllers', 'catkin_cmake_args': None, 'catkin_skip_building_tests': False, 'cmake_args': None, 'cmake_clean_cache': False, 'cmake_clean_first': False, 'cmake_force_configure': False, 'cmake_target': None, 'cmake_target_skip_unavailable': False, 'install_base': '/home/lance/robot/install/controllers', 'merge_install': False, 'path': '/home/lance/robot/src/controllers', 'symlink_install': False, 'test_result_base': None}
[2.720s] Level 5:colcon.colcon_core.verb:set package 'coord_controller' build argument 'cmake_args' from command line to 'None'
[2.720s] Level 5:colcon.colcon_core.verb:set package 'coord_controller' build argument 'cmake_target' from command line to 'None'
[2.720s] Level 5:colcon.colcon_core.verb:set package 'coord_controller' build argument 'cmake_target_skip_unavailable' from command line to 'False'
[2.720s] Level 5:colcon.colcon_core.verb:set package 'coord_controller' build argument 'cmake_clean_cache' from command line to 'False'
[2.721s] Level 5:colcon.colcon_core.verb:set package 'coord_controller' build argument 'cmake_clean_first' from command line to 'False'
[2.721s] Level 5:colcon.colcon_core.verb:set package 'coord_controller' build argument 'cmake_force_configure' from command line to 'False'
[2.721s] Level 5:colcon.colcon_core.verb:set package 'coord_controller' build argument 'ament_cmake_args' from command line to 'None'
[2.721s] Level 5:colcon.colcon_core.verb:set package 'coord_controller' build argument 'catkin_cmake_args' from command line to 'None'
[2.721s] Level 5:colcon.colcon_core.verb:set package 'coord_controller' build argument 'catkin_skip_building_tests' from command line to 'False'
[2.721s] DEBUG:colcon.colcon_core.verb:Building package 'coord_controller' with the following arguments: {'ament_cmake_args': None, 'build_base': '/home/lance/robot/build/coord_controller', 'catkin_cmake_args': None, 'catkin_skip_building_tests': False, 'cmake_args': None, 'cmake_clean_cache': False, 'cmake_clean_first': False, 'cmake_force_configure': False, 'cmake_target': None, 'cmake_target_skip_unavailable': False, 'install_base': '/home/lance/robot/install/coord_controller', 'merge_install': False, 'path': '/home/lance/robot/src/coord_controller', 'symlink_install': False, 'test_result_base': None}
[2.728s] Level 5:colcon.colcon_core.verb:set package 'my_cobot_hardware_interface' build argument 'cmake_args' from command line to 'None'
[2.728s] Level 5:colcon.colcon_core.verb:set package 'my_cobot_hardware_interface' build argument 'cmake_target' from command line to 'None'
[2.728s] Level 5:colcon.colcon_core.verb:set package 'my_cobot_hardware_interface' build argument 'cmake_target_skip_unavailable' from command line to 'False'
[2.728s] Level 5:colcon.colcon_core.verb:set package 'my_cobot_hardware_interface' build argument 'cmake_clean_cache' from command line to 'False'
[2.729s] Level 5:colcon.colcon_core.verb:set package 'my_cobot_hardware_interface' build argument 'cmake_clean_first' from command line to 'False'
[2.729s] Level 5:colcon.colcon_core.verb:set package 'my_cobot_hardware_interface' build argument 'cmake_force_configure' from command line to 'False'
[2.729s] Level 5:colcon.colcon_core.verb:set package 'my_cobot_hardware_interface' build argument 'ament_cmake_args' from command line to 'None'
[2.729s] Level 5:colcon.colcon_core.verb:set package 'my_cobot_hardware_interface' build argument 'catkin_cmake_args' from command line to 'None'
[2.729s] Level 5:colcon.colcon_core.verb:set package 'my_cobot_hardware_interface' build argument 'catkin_skip_building_tests' from command line to 'False'
[2.729s] DEBUG:colcon.colcon_core.verb:Building package 'my_cobot_hardware_interface' with the following arguments: {'ament_cmake_args': None, 'build_base': '/home/lance/robot/build/my_cobot_hardware_interface', 'catkin_cmake_args': None, 'catkin_skip_building_tests': False, 'cmake_args': None, 'cmake_clean_cache': False, 'cmake_clean_first': False, 'cmake_force_configure': False, 'cmake_target': None, 'cmake_target_skip_unavailable': False, 'install_base': '/home/lance/robot/install/my_cobot_hardware_interface', 'merge_install': False, 'path': '/home/lance/robot/src/my_cobot_hardware_interface', 'symlink_install': False, 'test_result_base': None}
[2.736s] Level 5:colcon.colcon_core.verb:set package 'moveit_config' build argument 'cmake_args' from command line to 'None'
[2.736s] Level 5:colcon.colcon_core.verb:set package 'moveit_config' build argument 'cmake_target' from command line to 'None'
[2.736s] Level 5:colcon.colcon_core.verb:set package 'moveit_config' build argument 'cmake_target_skip_unavailable' from command line to 'False'
[2.736s] Level 5:colcon.colcon_core.verb:set package 'moveit_config' build argument 'cmake_clean_cache' from command line to 'False'
[2.737s] Level 5:colcon.colcon_core.verb:set package 'moveit_config' build argument 'cmake_clean_first' from command line to 'False'
[2.737s] Level 5:colcon.colcon_core.verb:set package 'moveit_config' build argument 'cmake_force_configure' from command line to 'False'
[2.737s] Level 5:colcon.colcon_core.verb:set package 'moveit_config' build argument 'ament_cmake_args' from command line to 'None'
[2.737s] Level 5:colcon.colcon_core.verb:set package 'moveit_config' build argument 'catkin_cmake_args' from command line to 'None'
[2.737s] Level 5:colcon.colcon_core.verb:set package 'moveit_config' build argument 'catkin_skip_building_tests' from command line to 'False'
[2.737s] DEBUG:colcon.colcon_core.verb:Building package 'moveit_config' with the following arguments: {'ament_cmake_args': None, 'build_base': '/home/lance/robot/build/moveit_config', 'catkin_cmake_args': None, 'catkin_skip_building_tests': False, 'cmake_args': None, 'cmake_clean_cache': False, 'cmake_clean_first': False, 'cmake_force_configure': False, 'cmake_target': None, 'cmake_target_skip_unavailable': False, 'install_base': '/home/lance/robot/install/moveit_config', 'merge_install': False, 'path': '/home/lance/robot/src/moveit_config', 'symlink_install': False, 'test_result_base': None}
[2.743s] INFO:colcon.colcon_core.executor:Executing jobs using 'parallel' executor
[2.771s] DEBUG:colcon.colcon_parallel_executor.executor.parallel:run_until_complete
[2.774s] INFO:colcon.colcon_ros.task.ament_cmake.build:Building ROS package in '/home/lance/robot/src/my_cobot_interfaces' with build type 'ament_cmake'
[2.775s] INFO:colcon.colcon_cmake.task.cmake.build:Building CMake package in '/home/lance/robot/src/my_cobot_interfaces'
[2.816s] INFO:colcon.colcon_core.plugin_system:Skipping extension 'colcon_core.shell.bat': Not used on non-Windows systems
[2.817s] INFO:colcon.colcon_core.shell:Skip shell extension 'powershell' for command environment: Not usable outside of PowerShell
[2.818s] DEBUG:colcon.colcon_core.shell:Skip shell extension 'dsv' for command environment
[2.867s] INFO:colcon.colcon_ros.task.ament_python.build:Building ROS package in '/home/lance/robot/src/robot_description' with build type 'ament_python'
[2.868s] Level 1:colcon.colcon_core.shell:create_environment_hook('robot_description', 'ament_prefix_path')
[2.885s] INFO:colcon.colcon_core.shell:Creating environment hook '/home/lance/robot/install/robot_description/share/robot_description/hook/ament_prefix_path.ps1'
[2.889s] INFO:colcon.colcon_core.shell:Creating environment descriptor '/home/lance/robot/install/robot_description/share/robot_description/hook/ament_prefix_path.dsv'
[2.892s] INFO:colcon.colcon_core.shell:Creating environment hook '/home/lance/robot/install/robot_description/share/robot_description/hook/ament_prefix_path.sh'
[2.909s] INFO:colcon.colcon_core.shell:Skip shell extension 'powershell' for command environment: Not usable outside of PowerShell
[2.909s] DEBUG:colcon.colcon_core.shell:Skip shell extension 'dsv' for command environment
[2.954s] INFO:colcon.colcon_ros.task.ament_python.build:Building ROS package in '/home/lance/robot/src/bringup' with build type 'ament_python'
[2.955s] Level 1:colcon.colcon_core.shell:create_environment_hook('bringup', 'ament_prefix_path')
[2.971s] INFO:colcon.colcon_core.shell:Creating environment hook '/home/lance/robot/install/bringup/share/bringup/hook/ament_prefix_path.ps1'
[2.974s] INFO:colcon.colcon_core.shell:Creating environment descriptor '/home/lance/robot/install/bringup/share/bringup/hook/ament_prefix_path.dsv'
[2.977s] INFO:colcon.colcon_core.shell:Creating environment hook '/home/lance/robot/install/bringup/share/bringup/hook/ament_prefix_path.sh'
[2.992s] INFO:colcon.colcon_core.shell:Skip shell extension 'powershell' for command environment: Not usable outside of PowerShell
[2.993s] DEBUG:colcon.colcon_core.shell:Skip shell extension 'dsv' for command environment
[3.036s] INFO:colcon.colcon_ros.task.ament_python.build:Building ROS package in '/home/lance/robot/src/computer_vision' with build type 'ament_python'
[3.037s] Level 1:colcon.colcon_core.shell:create_environment_hook('computer_vision', 'ament_prefix_path')
[3.052s] INFO:colcon.colcon_core.shell:Creating environment hook '/home/lance/robot/install/computer_vision/share/computer_vision/hook/ament_prefix_path.ps1'
[3.054s] INFO:colcon.colcon_core.shell:Creating environment descriptor '/home/lance/robot/install/computer_vision/share/computer_vision/hook/ament_prefix_path.dsv'
[3.056s] INFO:colcon.colcon_core.shell:Creating environment hook '/home/lance/robot/install/computer_vision/share/computer_vision/hook/ament_prefix_path.sh'
[3.070s] INFO:colcon.colcon_core.shell:Skip shell extension 'powershell' for command environment: Not usable outside of PowerShell
[3.070s] DEBUG:colcon.colcon_core.shell:Skip shell extension 'dsv' for command environment
[3.137s] DEBUG:colcon.colcon_core.event_handler.log_command:Invoking command in '/home/lance/robot/build/my_cobot_interfaces': CMAKE_PREFIX_PATH=${CMAKE_PREFIX_PATH}:/home/lance/robot/install/robot_description:/home/lance/robot/install/coord_controller:/home/lance/robot/install/controllers:/home/lance/robot/install/motion_planning:/home/lance/robot/install/computer_vision:/home/lance/robot/install/bringup:/opt/ros/humble /usr/bin/cmake --build /home/lance/robot/build/my_cobot_interfaces -- -j4 -l4
[5.229s] INFO:colcon.colcon_core.task.python.build:Building Python package in '/home/lance/robot/src/robot_description'
[5.247s] INFO:colcon.colcon_core.shell:Skip shell extension 'powershell' for command environment: Not usable outside of PowerShell
[5.247s] DEBUG:colcon.colcon_core.shell:Skip shell extension 'dsv' for command environment
[6.885s] INFO:colcon.colcon_core.task.python.build:Building Python package in '/home/lance/robot/src/bringup'
[6.898s] INFO:colcon.colcon_core.shell:Skip shell extension 'powershell' for command environment: Not usable outside of PowerShell
[6.898s] DEBUG:colcon.colcon_core.shell:Skip shell extension 'dsv' for command environment
[6.981s] DEBUG:colcon.colcon_core.event_handler.log_command:Invoked command in '/home/lance/robot/build/my_cobot_interfaces' returned '0': CMAKE_PREFIX_PATH=${CMAKE_PREFIX_PATH}:/home/lance/robot/install/robot_description:/home/lance/robot/install/coord_controller:/home/lance/robot/install/controllers:/home/lance/robot/install/motion_planning:/home/lance/robot/install/computer_vision:/home/lance/robot/install/bringup:/opt/ros/humble /usr/bin/cmake --build /home/lance/robot/build/my_cobot_interfaces -- -j4 -l4
[8.552s] INFO:colcon.colcon_core.task.python.build:Building Python package in '/home/lance/robot/src/computer_vision'
[8.566s] INFO:colcon.colcon_core.shell:Skip shell extension 'powershell' for command environment: Not usable outside of PowerShell
[8.566s] DEBUG:colcon.colcon_core.shell:Skip shell extension 'dsv' for command environment
[8.699s] DEBUG:colcon.colcon_core.event_handler.log_command:Invoking command in '/home/lance/robot/build/my_cobot_interfaces': CMAKE_PREFIX_PATH=${CMAKE_PREFIX_PATH}:/home/lance/robot/install/robot_description:/home/lance/robot/install/coord_controller:/home/lance/robot/install/controllers:/home/lance/robot/install/motion_planning:/home/lance/robot/install/computer_vision:/home/lance/robot/install/bringup:/opt/ros/humble /usr/bin/cmake --install /home/lance/robot/build/my_cobot_interfaces
[9.417s] Level 1:colcon.colcon_core.environment:create_environment_scripts_only(my_cobot_interfaces)
[9.420s] DEBUG:colcon.colcon_core.event_handler.log_command:Invoked command in '/home/lance/robot/build/my_cobot_interfaces' returned '0': CMAKE_PREFIX_PATH=${CMAKE_PREFIX_PATH}:/home/lance/robot/install/robot_description:/home/lance/robot/install/coord_controller:/home/lance/robot/install/controllers:/home/lance/robot/install/motion_planning:/home/lance/robot/install/computer_vision:/home/lance/robot/install/bringup:/opt/ros/humble /usr/bin/cmake --install /home/lance/robot/build/my_cobot_interfaces
[9.487s] Level 1:colcon.colcon_core.environment:checking '/home/lance/robot/install/my_cobot_interfaces' for CMake module files
[9.492s] Level 1:colcon.colcon_core.environment:checking '/home/lance/robot/install/my_cobot_interfaces' for CMake config files
[9.496s] Level 1:colcon.colcon_core.shell:create_environment_hook('my_cobot_interfaces', 'cmake_prefix_path')
[9.515s] INFO:colcon.colcon_core.shell:Creating environment hook '/home/lance/robot/install/my_cobot_interfaces/share/my_cobot_interfaces/hook/cmake_prefix_path.ps1'
[9.517s] INFO:colcon.colcon_core.shell:Creating environment descriptor '/home/lance/robot/install/my_cobot_interfaces/share/my_cobot_interfaces/hook/cmake_prefix_path.dsv'
[9.519s] INFO:colcon.colcon_core.shell:Creating environment hook '/home/lance/robot/install/my_cobot_interfaces/share/my_cobot_interfaces/hook/cmake_prefix_path.sh'
[9.524s] Level 1:colcon.colcon_core.environment:checking '/home/lance/robot/install/my_cobot_interfaces/lib'
[9.525s] Level 1:colcon.colcon_core.shell:create_environment_hook('my_cobot_interfaces', 'ld_library_path_lib')
[9.541s] INFO:colcon.colcon_core.shell:Creating environment hook '/home/lance/robot/install/my_cobot_interfaces/share/my_cobot_interfaces/hook/ld_library_path_lib.ps1'
[9.544s] INFO:colcon.colcon_core.shell:Creating environment descriptor '/home/lance/robot/install/my_cobot_interfaces/share/my_cobot_interfaces/hook/ld_library_path_lib.dsv'
[9.546s] INFO:colcon.colcon_core.shell:Creating environment hook '/home/lance/robot/install/my_cobot_interfaces/share/my_cobot_interfaces/hook/ld_library_path_lib.sh'
[9.549s] Level 1:colcon.colcon_core.environment:checking '/home/lance/robot/install/my_cobot_interfaces/bin'
[9.551s] Level 1:colcon.colcon_core.environment:checking '/home/lance/robot/install/my_cobot_interfaces/lib/pkgconfig/my_cobot_interfaces.pc'
[9.553s] Level 1:colcon.colcon_core.environment:checking '/home/lance/robot/install/my_cobot_interfaces/lib/python3.10/site-packages'
[9.554s] Level 1:colcon.colcon_core.environment:checking '/home/lance/robot/install/my_cobot_interfaces/bin'
[9.572s] INFO:colcon.colcon_core.shell:Creating package script '/home/lance/robot/install/my_cobot_interfaces/share/my_cobot_interfaces/package.ps1'
[9.577s] INFO:colcon.colcon_core.shell:Creating package descriptor '/home/lance/robot/install/my_cobot_interfaces/share/my_cobot_interfaces/package.dsv'
[9.589s] INFO:colcon.colcon_core.shell:Creating package script '/home/lance/robot/install/my_cobot_interfaces/share/my_cobot_interfaces/package.sh'
[9.593s] INFO:colcon.colcon_core.shell:Creating package script '/home/lance/robot/install/my_cobot_interfaces/share/my_cobot_interfaces/package.bash'
[9.597s] INFO:colcon.colcon_core.shell:Creating package script '/home/lance/robot/install/my_cobot_interfaces/share/my_cobot_interfaces/package.zsh'
[9.601s] Level 1:colcon.colcon_core.environment:create_file_with_runtime_dependencies(/home/lance/robot/install/my_cobot_interfaces/share/colcon-core/packages/my_cobot_interfaces)
[10.533s] Level 1:colcon.colcon_core.environment:create_environment_scripts_only(my_cobot_interfaces)
[10.567s] Level 1:colcon.colcon_core.environment:checking '/home/lance/robot/install/my_cobot_interfaces' for CMake module files
[10.573s] Level 1:colcon.colcon_core.environment:checking '/home/lance/robot/install/my_cobot_interfaces' for CMake config files
[10.577s] Level 1:colcon.colcon_core.shell:create_environment_hook('my_cobot_interfaces', 'cmake_prefix_path')
[10.610s] INFO:colcon.colcon_core.shell:Creating environment hook '/home/lance/robot/install/my_cobot_interfaces/share/my_cobot_interfaces/hook/cmake_prefix_path.ps1'
[10.613s] INFO:colcon.colcon_core.shell:Creating environment descriptor '/home/lance/robot/install/my_cobot_interfaces/share/my_cobot_interfaces/hook/cmake_prefix_path.dsv'
[10.616s] INFO:colcon.colcon_core.shell:Creating environment hook '/home/lance/robot/install/my_cobot_interfaces/share/my_cobot_interfaces/hook/cmake_prefix_path.sh'
[10.620s] Level 1:colcon.colcon_core.environment:checking '/home/lance/robot/install/my_cobot_interfaces/lib'
[10.621s] Level 1:colcon.colcon_core.shell:create_environment_hook('my_cobot_interfaces', 'ld_library_path_lib')
[10.642s] INFO:colcon.colcon_core.shell:Creating environment hook '/home/lance/robot/install/my_cobot_interfaces/share/my_cobot_interfaces/hook/ld_library_path_lib.ps1'
[10.645s] INFO:colcon.colcon_core.shell:Creating environment descriptor '/home/lance/robot/install/my_cobot_interfaces/share/my_cobot_interfaces/hook/ld_library_path_lib.dsv'
[10.648s] INFO:colcon.colcon_core.shell:Creating environment hook '/home/lance/robot/install/my_cobot_interfaces/share/my_cobot_interfaces/hook/ld_library_path_lib.sh'
[10.651s] Level 1:colcon.colcon_core.environment:checking '/home/lance/robot/install/my_cobot_interfaces/bin'
[10.652s] Level 1:colcon.colcon_core.environment:checking '/home/lance/robot/install/my_cobot_interfaces/lib/pkgconfig/my_cobot_interfaces.pc'
[10.654s] Level 1:colcon.colcon_core.environment:checking '/home/lance/robot/install/my_cobot_interfaces/lib/python3.10/site-packages'
[10.655s] Level 1:colcon.colcon_core.environment:checking '/home/lance/robot/install/my_cobot_interfaces/bin'
[10.676s] INFO:colcon.colcon_core.shell:Creating package script '/home/lance/robot/install/my_cobot_interfaces/share/my_cobot_interfaces/package.ps1'
[10.681s] INFO:colcon.colcon_core.shell:Creating package descriptor '/home/lance/robot/install/my_cobot_interfaces/share/my_cobot_interfaces/package.dsv'
[10.685s] INFO:colcon.colcon_core.shell:Creating package script '/home/lance/robot/install/my_cobot_interfaces/share/my_cobot_interfaces/package.sh'
[10.689s] INFO:colcon.colcon_core.shell:Creating package script '/home/lance/robot/install/my_cobot_interfaces/share/my_cobot_interfaces/package.bash'
[10.692s] INFO:colcon.colcon_core.shell:Creating package script '/home/lance/robot/install/my_cobot_interfaces/share/my_cobot_interfaces/package.zsh'
[10.696s] Level 1:colcon.colcon_core.environment:create_file_with_runtime_dependencies(/home/lance/robot/install/my_cobot_interfaces/share/colcon-core/packages/my_cobot_interfaces)
[10.699s] INFO:colcon.colcon_ros.task.ament_cmake.build:Building ROS package in '/home/lance/robot/src/my_cobot_hardware_interface' with build type 'ament_cmake'
[10.700s] INFO:colcon.colcon_cmake.task.cmake.build:Building CMake package in '/home/lance/robot/src/my_cobot_hardware_interface'
[10.722s] INFO:colcon.colcon_core.shell:Skip shell extension 'powershell' for command environment: Not usable outside of PowerShell
[10.723s] DEBUG:colcon.colcon_core.shell:Skip shell extension 'dsv' for command environment
[10.874s] DEBUG:colcon.colcon_core.event_handler.log_command:Invoking command in '/home/lance/robot/build/my_cobot_hardware_interface': CMAKE_PREFIX_PATH=/home/lance/robot/install/my_cobot_interfaces:/home/lance/robot/install/moveit_config:/home/lance/robot/install/my_cobot_hardware_interface:/home/lance/moveit2_ws/install:/home/lance/robot/install/robot_description:/home/lance/robot/install/coord_controller:/home/lance/robot/install/controllers:/home/lance/robot/install/motion_planning:/home/lance/robot/install/computer_vision:/home/lance/robot/install/bringup:/opt/ros/humble LD_LIBRARY_PATH=/home/lance/robot/install/my_cobot_interfaces/lib:/home/lance/robot/install/my_cobot_hardware_interface/lib:/opt/ros/humble/opt/rviz_ogre_vendor/lib:/opt/ros/humble/lib/aarch64-linux-gnu:/opt/ros/humble/lib /usr/bin/cmake --build /home/lance/robot/build/my_cobot_hardware_interface -- -j4 -l4
[11.485s] DEBUG:colcon.colcon_core.event_handler.log_command:Invoked command in '/home/lance/robot/build/my_cobot_hardware_interface' returned '0': CMAKE_PREFIX_PATH=/home/lance/robot/install/my_cobot_interfaces:/home/lance/robot/install/moveit_config:/home/lance/robot/install/my_cobot_hardware_interface:/home/lance/moveit2_ws/install:/home/lance/robot/install/robot_description:/home/lance/robot/install/coord_controller:/home/lance/robot/install/controllers:/home/lance/robot/install/motion_planning:/home/lance/robot/install/computer_vision:/home/lance/robot/install/bringup:/opt/ros/humble LD_LIBRARY_PATH=/home/lance/robot/install/my_cobot_interfaces/lib:/home/lance/robot/install/my_cobot_hardware_interface/lib:/opt/ros/humble/opt/rviz_ogre_vendor/lib:/opt/ros/humble/lib/aarch64-linux-gnu:/opt/ros/humble/lib /usr/bin/cmake --build /home/lance/robot/build/my_cobot_hardware_interface -- -j4 -l4
[11.702s] DEBUG:colcon.colcon_core.event_handler.log_command:Invoking command in '/home/lance/robot/src/robot_description': PYTHONPATH=/home/lance/robot/build/robot_description/prefix_override:/home/lance/robot/install/robot_description/lib/python3.10/site-packages:${PYTHONPATH} /usr/bin/python3 setup.py egg_info --egg-base ../../build/robot_description build --build-base /home/lance/robot/build/robot_description/build install --record /home/lance/robot/build/robot_description/install.log --single-version-externally-managed
[11.752s] DEBUG:colcon.colcon_core.event_handler.log_command:Invoking command in '/home/lance/robot/build/my_cobot_hardware_interface': CMAKE_PREFIX_PATH=/home/lance/robot/install/my_cobot_interfaces:/home/lance/robot/install/moveit_config:/home/lance/robot/install/my_cobot_hardware_interface:/home/lance/moveit2_ws/install:/home/lance/robot/install/robot_description:/home/lance/robot/install/coord_controller:/home/lance/robot/install/controllers:/home/lance/robot/install/motion_planning:/home/lance/robot/install/computer_vision:/home/lance/robot/install/bringup:/opt/ros/humble LD_LIBRARY_PATH=/home/lance/robot/install/my_cobot_interfaces/lib:/home/lance/robot/install/my_cobot_hardware_interface/lib:/opt/ros/humble/opt/rviz_ogre_vendor/lib:/opt/ros/humble/lib/aarch64-linux-gnu:/opt/ros/humble/lib /usr/bin/cmake --install /home/lance/robot/build/my_cobot_hardware_interface
[11.937s] Level 1:colcon.colcon_core.environment:create_environment_scripts_only(my_cobot_hardware_interface)
[11.952s] DEBUG:colcon.colcon_core.event_handler.log_command:Invoked command in '/home/lance/robot/build/my_cobot_hardware_interface' returned '0': CMAKE_PREFIX_PATH=/home/lance/robot/install/my_cobot_interfaces:/home/lance/robot/install/moveit_config:/home/lance/robot/install/my_cobot_hardware_interface:/home/lance/moveit2_ws/install:/home/lance/robot/install/robot_description:/home/lance/robot/install/coord_controller:/home/lance/robot/install/controllers:/home/lance/robot/install/motion_planning:/home/lance/robot/install/computer_vision:/home/lance/robot/install/bringup:/opt/ros/humble LD_LIBRARY_PATH=/home/lance/robot/install/my_cobot_interfaces/lib:/home/lance/robot/install/my_cobot_hardware_interface/lib:/opt/ros/humble/opt/rviz_ogre_vendor/lib:/opt/ros/humble/lib/aarch64-linux-gnu:/opt/ros/humble/lib /usr/bin/cmake --install /home/lance/robot/build/my_cobot_hardware_interface
[12.011s] Level 1:colcon.colcon_core.environment:checking '/home/lance/robot/install/my_cobot_hardware_interface' for CMake module files
[12.017s] Level 1:colcon.colcon_core.environment:checking '/home/lance/robot/install/my_cobot_hardware_interface' for CMake config files
[12.022s] Level 1:colcon.colcon_core.shell:create_environment_hook('my_cobot_hardware_interface', 'cmake_prefix_path')
[12.062s] INFO:colcon.colcon_core.shell:Creating environment hook '/home/lance/robot/install/my_cobot_hardware_interface/share/my_cobot_hardware_interface/hook/cmake_prefix_path.ps1'
[12.067s] INFO:colcon.colcon_core.shell:Creating environment descriptor '/home/lance/robot/install/my_cobot_hardware_interface/share/my_cobot_hardware_interface/hook/cmake_prefix_path.dsv'
[12.072s] INFO:colcon.colcon_core.shell:Creating environment hook '/home/lance/robot/install/my_cobot_hardware_interface/share/my_cobot_hardware_interface/hook/cmake_prefix_path.sh'
[12.080s] Level 1:colcon.colcon_core.environment:checking '/home/lance/robot/install/my_cobot_hardware_interface/lib'
[12.095s] Level 1:colcon.colcon_core.shell:create_environment_hook('my_cobot_hardware_interface', 'ld_library_path_lib')
[12.135s] INFO:colcon.colcon_core.shell:Creating environment hook '/home/lance/robot/install/my_cobot_hardware_interface/share/my_cobot_hardware_interface/hook/ld_library_path_lib.ps1'
[12.139s] INFO:colcon.colcon_core.shell:Creating environment descriptor '/home/lance/robot/install/my_cobot_hardware_interface/share/my_cobot_hardware_interface/hook/ld_library_path_lib.dsv'
[12.142s] INFO:colcon.colcon_core.shell:Creating environment hook '/home/lance/robot/install/my_cobot_hardware_interface/share/my_cobot_hardware_interface/hook/ld_library_path_lib.sh'
[12.145s] Level 1:colcon.colcon_core.environment:checking '/home/lance/robot/install/my_cobot_hardware_interface/bin'
[12.146s] Level 1:colcon.colcon_core.environment:checking '/home/lance/robot/install/my_cobot_hardware_interface/lib/pkgconfig/my_cobot_hardware_interface.pc'
[12.147s] Level 1:colcon.colcon_core.environment:checking '/home/lance/robot/install/my_cobot_hardware_interface/lib/python3.10/site-packages'
[12.149s] Level 1:colcon.colcon_core.environment:checking '/home/lance/robot/install/my_cobot_hardware_interface/bin'
[12.176s] INFO:colcon.colcon_core.shell:Creating package script '/home/lance/robot/install/my_cobot_hardware_interface/share/my_cobot_hardware_interface/package.ps1'
[12.179s] INFO:colcon.colcon_core.shell:Creating package descriptor '/home/lance/robot/install/my_cobot_hardware_interface/share/my_cobot_hardware_interface/package.dsv'
[12.182s] INFO:colcon.colcon_core.shell:Creating package script '/home/lance/robot/install/my_cobot_hardware_interface/share/my_cobot_hardware_interface/package.sh'
[12.184s] INFO:colcon.colcon_core.shell:Creating package script '/home/lance/robot/install/my_cobot_hardware_interface/share/my_cobot_hardware_interface/package.bash'
[12.186s] INFO:colcon.colcon_core.shell:Creating package script '/home/lance/robot/install/my_cobot_hardware_interface/share/my_cobot_hardware_interface/package.zsh'
[12.188s] Level 1:colcon.colcon_core.environment:create_file_with_runtime_dependencies(/home/lance/robot/install/my_cobot_hardware_interface/share/colcon-core/packages/my_cobot_hardware_interface)
[12.203s] DEBUG:colcon.colcon_core.event_handler.log_command:Invoking command in '/home/lance/robot/src/bringup': PYTHONPATH=/home/lance/robot/build/bringup/prefix_override:/home/lance/robot/install/bringup/lib/python3.10/site-packages:${PYTHONPATH} /usr/bin/python3 setup.py egg_info --egg-base ../../build/bringup build --build-base /home/lance/robot/build/bringup/build install --record /home/lance/robot/build/bringup/install.log --single-version-externally-managed
[12.230s] DEBUG:colcon.colcon_core.event_handler.log_command:Invoking command in '/home/lance/robot/src/computer_vision': PYTHONPATH=/home/lance/robot/build/computer_vision/prefix_override:/home/lance/robot/install/computer_vision/lib/python3.10/site-packages:${PYTHONPATH} /usr/bin/python3 setup.py egg_info --egg-base ../../build/computer_vision build --build-base /home/lance/robot/build/computer_vision/build install --record /home/lance/robot/build/computer_vision/install.log --single-version-externally-managed
[12.594s] Level 1:colcon.colcon_core.environment:create_environment_scripts_only(my_cobot_hardware_interface)
[12.623s] Level 1:colcon.colcon_core.environment:checking '/home/lance/robot/install/my_cobot_hardware_interface' for CMake module files
[12.628s] Level 1:colcon.colcon_core.environment:checking '/home/lance/robot/install/my_cobot_hardware_interface' for CMake config files
[12.630s] Level 1:colcon.colcon_core.shell:create_environment_hook('my_cobot_hardware_interface', 'cmake_prefix_path')
[12.650s] INFO:colcon.colcon_core.shell:Creating environment hook '/home/lance/robot/install/my_cobot_hardware_interface/share/my_cobot_hardware_interface/hook/cmake_prefix_path.ps1'
[12.664s] INFO:colcon.colcon_core.shell:Creating environment descriptor '/home/lance/robot/install/my_cobot_hardware_interface/share/my_cobot_hardware_interface/hook/cmake_prefix_path.dsv'
[12.667s] INFO:colcon.colcon_core.shell:Creating environment hook '/home/lance/robot/install/my_cobot_hardware_interface/share/my_cobot_hardware_interface/hook/cmake_prefix_path.sh'
[12.675s] Level 1:colcon.colcon_core.environment:checking '/home/lance/robot/install/my_cobot_hardware_interface/lib'
[12.675s] Level 1:colcon.colcon_core.shell:create_environment_hook('my_cobot_hardware_interface', 'ld_library_path_lib')
[12.695s] INFO:colcon.colcon_core.shell:Creating environment hook '/home/lance/robot/install/my_cobot_hardware_interface/share/my_cobot_hardware_interface/hook/ld_library_path_lib.ps1'
[12.699s] INFO:colcon.colcon_core.shell:Creating environment descriptor '/home/lance/robot/install/my_cobot_hardware_interface/share/my_cobot_hardware_interface/hook/ld_library_path_lib.dsv'
[12.701s] INFO:colcon.colcon_core.shell:Creating environment hook '/home/lance/robot/install/my_cobot_hardware_interface/share/my_cobot_hardware_interface/hook/ld_library_path_lib.sh'
[12.704s] Level 1:colcon.colcon_core.environment:checking '/home/lance/robot/install/my_cobot_hardware_interface/bin'
[12.705s] Level 1:colcon.colcon_core.environment:checking '/home/lance/robot/install/my_cobot_hardware_interface/lib/pkgconfig/my_cobot_hardware_interface.pc'
[12.706s] Level 1:colcon.colcon_core.environment:checking '/home/lance/robot/install/my_cobot_hardware_interface/lib/python3.10/site-packages'
[12.708s] Level 1:colcon.colcon_core.environment:checking '/home/lance/robot/install/my_cobot_hardware_interface/bin'
[12.746s] INFO:colcon.colcon_core.shell:Creating package script '/home/lance/robot/install/my_cobot_hardware_interface/share/my_cobot_hardware_interface/package.ps1'
[12.750s] INFO:colcon.colcon_core.shell:Creating package descriptor '/home/lance/robot/install/my_cobot_hardware_interface/share/my_cobot_hardware_interface/package.dsv'
[12.753s] INFO:colcon.colcon_core.shell:Creating package script '/home/lance/robot/install/my_cobot_hardware_interface/share/my_cobot_hardware_interface/package.sh'
[12.757s] INFO:colcon.colcon_core.shell:Creating package script '/home/lance/robot/install/my_cobot_hardware_interface/share/my_cobot_hardware_interface/package.bash'
[12.760s] INFO:colcon.colcon_core.shell:Creating package script '/home/lance/robot/install/my_cobot_hardware_interface/share/my_cobot_hardware_interface/package.zsh'
[12.775s] Level 1:colcon.colcon_core.environment:create_file_with_runtime_dependencies(/home/lance/robot/install/my_cobot_hardware_interface/share/colcon-core/packages/my_cobot_hardware_interface)
[12.781s] INFO:colcon.colcon_ros.task.ament_python.build:Building ROS package in '/home/lance/robot/src/motion_planning' with build type 'ament_python'
[12.782s] Level 1:colcon.colcon_core.shell:create_environment_hook('motion_planning', 'ament_prefix_path')
[12.800s] INFO:colcon.colcon_core.shell:Creating environment hook '/home/lance/robot/install/motion_planning/share/motion_planning/hook/ament_prefix_path.ps1'
[12.803s] INFO:colcon.colcon_core.shell:Creating environment descriptor '/home/lance/robot/install/motion_planning/share/motion_planning/hook/ament_prefix_path.dsv'
[12.806s] INFO:colcon.colcon_core.shell:Creating environment hook '/home/lance/robot/install/motion_planning/share/motion_planning/hook/ament_prefix_path.sh'
[12.828s] INFO:colcon.colcon_core.shell:Skip shell extension 'powershell' for command environment: Not usable outside of PowerShell
[12.829s] DEBUG:colcon.colcon_core.shell:Skip shell extension 'dsv' for command environment
[16.307s] INFO:colcon.colcon_core.task.python.build:Building Python package in '/home/lance/robot/src/motion_planning'
[16.358s] INFO:colcon.colcon_core.shell:Skip shell extension 'powershell' for command environment: Not usable outside of PowerShell
[16.359s] DEBUG:colcon.colcon_core.shell:Skip shell extension 'dsv' for command environment
[16.593s] DEBUG:colcon.colcon_core.event_handler.log_command:Invoked command in '/home/lance/robot/src/robot_description' returned '0': PYTHONPATH=/home/lance/robot/build/robot_description/prefix_override:/home/lance/robot/install/robot_description/lib/python3.10/site-packages:${PYTHONPATH} /usr/bin/python3 setup.py egg_info --egg-base ../../build/robot_description build --build-base /home/lance/robot/build/robot_description/build install --record /home/lance/robot/build/robot_description/install.log --single-version-externally-managed
[16.663s] Level 1:colcon.colcon_core.environment:checking '/home/lance/robot/install/robot_description' for CMake module files
[16.668s] Level 1:colcon.colcon_core.environment:checking '/home/lance/robot/install/robot_description' for CMake config files
[16.689s] Level 1:colcon.colcon_core.environment:checking '/home/lance/robot/install/robot_description/lib'
[16.697s] Level 1:colcon.colcon_core.environment:checking '/home/lance/robot/install/robot_description/bin'
[16.699s] Level 1:colcon.colcon_core.environment:checking '/home/lance/robot/install/robot_description/lib/pkgconfig/robot_description.pc'
[16.704s] Level 1:colcon.colcon_core.environment:checking '/home/lance/robot/install/robot_description/lib/python3.10/site-packages'
[16.706s] Level 1:colcon.colcon_core.shell:create_environment_hook('robot_description', 'pythonpath')
[16.765s] INFO:colcon.colcon_core.shell:Creating environment hook '/home/lance/robot/install/robot_description/share/robot_description/hook/pythonpath.ps1'
[16.779s] INFO:colcon.colcon_core.shell:Creating environment descriptor '/home/lance/robot/install/robot_description/share/robot_description/hook/pythonpath.dsv'
[16.792s] INFO:colcon.colcon_core.shell:Creating environment hook '/home/lance/robot/install/robot_description/share/robot_description/hook/pythonpath.sh'
[16.802s] Level 1:colcon.colcon_core.environment:checking '/home/lance/robot/install/robot_description/bin'
[16.804s] Level 1:colcon.colcon_core.environment:create_environment_scripts_only(robot_description)
[16.890s] INFO:colcon.colcon_core.shell:Creating package script '/home/lance/robot/install/robot_description/share/robot_description/package.ps1'
[16.914s] INFO:colcon.colcon_core.shell:Creating package descriptor '/home/lance/robot/install/robot_description/share/robot_description/package.dsv'
[16.925s] INFO:colcon.colcon_core.shell:Creating package script '/home/lance/robot/install/robot_description/share/robot_description/package.sh'
[16.941s] INFO:colcon.colcon_core.shell:Creating package script '/home/lance/robot/install/robot_description/share/robot_description/package.bash'
[16.952s] INFO:colcon.colcon_core.shell:Creating package script '/home/lance/robot/install/robot_description/share/robot_description/package.zsh'
[16.963s] Level 1:colcon.colcon_core.environment:create_file_with_runtime_dependencies(/home/lance/robot/install/robot_description/share/colcon-core/packages/robot_description)
[17.004s] DEBUG:colcon.colcon_core.event_handler.log_command:Invoked command in '/home/lance/robot/src/bringup' returned '0': PYTHONPATH=/home/lance/robot/build/bringup/prefix_override:/home/lance/robot/install/bringup/lib/python3.10/site-packages:${PYTHONPATH} /usr/bin/python3 setup.py egg_info --egg-base ../../build/bringup build --build-base /home/lance/robot/build/bringup/build install --record /home/lance/robot/build/bringup/install.log --single-version-externally-managed
[17.056s] Level 1:colcon.colcon_core.environment:checking '/home/lance/robot/install/bringup' for CMake module files
[17.062s] Level 1:colcon.colcon_core.environment:checking '/home/lance/robot/install/bringup' for CMake config files
[17.076s] Level 1:colcon.colcon_core.environment:checking '/home/lance/robot/install/bringup/lib'
[17.078s] Level 1:colcon.colcon_core.environment:checking '/home/lance/robot/install/bringup/bin'
[17.080s] Level 1:colcon.colcon_core.environment:checking '/home/lance/robot/install/bringup/lib/pkgconfig/bringup.pc'
[17.084s] Level 1:colcon.colcon_core.environment:checking '/home/lance/robot/install/bringup/lib/python3.10/site-packages'
[17.085s] Level 1:colcon.colcon_core.shell:create_environment_hook('bringup', 'pythonpath')
[17.148s] INFO:colcon.colcon_core.shell:Creating environment hook '/home/lance/robot/install/bringup/share/bringup/hook/pythonpath.ps1'
[17.158s] INFO:colcon.colcon_core.shell:Creating environment descriptor '/home/lance/robot/install/bringup/share/bringup/hook/pythonpath.dsv'
[17.169s] INFO:colcon.colcon_core.shell:Creating environment hook '/home/lance/robot/install/bringup/share/bringup/hook/pythonpath.sh'
[17.181s] Level 1:colcon.colcon_core.environment:checking '/home/lance/robot/install/bringup/bin'
[17.182s] Level 1:colcon.colcon_core.environment:create_environment_scripts_only(bringup)
[17.235s] INFO:colcon.colcon_core.shell:Creating package script '/home/lance/robot/install/bringup/share/bringup/package.ps1'
[17.248s] INFO:colcon.colcon_core.shell:Creating package descriptor '/home/lance/robot/install/bringup/share/bringup/package.dsv'
[17.259s] INFO:colcon.colcon_core.shell:Creating package script '/home/lance/robot/install/bringup/share/bringup/package.sh'
[17.269s] INFO:colcon.colcon_core.shell:Creating package script '/home/lance/robot/install/bringup/share/bringup/package.bash'
[17.285s] INFO:colcon.colcon_core.shell:Creating package script '/home/lance/robot/install/bringup/share/bringup/package.zsh'
[17.300s] Level 1:colcon.colcon_core.environment:create_file_with_runtime_dependencies(/home/lance/robot/install/bringup/share/colcon-core/packages/bringup)
[17.338s] DEBUG:colcon.colcon_core.event_handler.log_command:Invoked command in '/home/lance/robot/src/computer_vision' returned '0': PYTHONPATH=/home/lance/robot/build/computer_vision/prefix_override:/home/lance/robot/install/computer_vision/lib/python3.10/site-packages:${PYTHONPATH} /usr/bin/python3 setup.py egg_info --egg-base ../../build/computer_vision build --build-base /home/lance/robot/build/computer_vision/build install --record /home/lance/robot/build/computer_vision/install.log --single-version-externally-managed
[17.389s] Level 1:colcon.colcon_core.environment:checking '/home/lance/robot/install/computer_vision' for CMake module files
[17.401s] Level 1:colcon.colcon_core.environment:checking '/home/lance/robot/install/computer_vision' for CMake config files
[17.413s] Level 1:colcon.colcon_core.environment:checking '/home/lance/robot/install/computer_vision/lib'
[17.415s] Level 1:colcon.colcon_core.environment:checking '/home/lance/robot/install/computer_vision/bin'
[17.416s] Level 1:colcon.colcon_core.environment:checking '/home/lance/robot/install/computer_vision/lib/pkgconfig/computer_vision.pc'
[17.420s] Level 1:colcon.colcon_core.environment:checking '/home/lance/robot/install/computer_vision/lib/python3.10/site-packages'
[17.421s] Level 1:colcon.colcon_core.shell:create_environment_hook('computer_vision', 'pythonpath')
[17.463s] INFO:colcon.colcon_core.shell:Creating environment hook '/home/lance/robot/install/computer_vision/share/computer_vision/hook/pythonpath.ps1'
[17.470s] INFO:colcon.colcon_core.shell:Creating environment descriptor '/home/lance/robot/install/computer_vision/share/computer_vision/hook/pythonpath.dsv'
[17.477s] INFO:colcon.colcon_core.shell:Creating environment hook '/home/lance/robot/install/computer_vision/share/computer_vision/hook/pythonpath.sh'
[17.489s] Level 1:colcon.colcon_core.environment:checking '/home/lance/robot/install/computer_vision/bin'
[17.491s] Level 1:colcon.colcon_core.environment:create_environment_scripts_only(computer_vision)
[17.543s] INFO:colcon.colcon_core.shell:Creating package script '/home/lance/robot/install/computer_vision/share/computer_vision/package.ps1'
[17.550s] INFO:colcon.colcon_core.shell:Creating package descriptor '/home/lance/robot/install/computer_vision/share/computer_vision/package.dsv'
[17.557s] INFO:colcon.colcon_core.shell:Creating package script '/home/lance/robot/install/computer_vision/share/computer_vision/package.sh'
[17.570s] INFO:colcon.colcon_core.shell:Creating package script '/home/lance/robot/install/computer_vision/share/computer_vision/package.bash'
[17.579s] INFO:colcon.colcon_core.shell:Creating package script '/home/lance/robot/install/computer_vision/share/computer_vision/package.zsh'
[17.596s] Level 1:colcon.colcon_core.environment:create_file_with_runtime_dependencies(/home/lance/robot/install/computer_vision/share/colcon-core/packages/computer_vision)
[17.611s] INFO:colcon.colcon_ros.task.ament_python.build:Building ROS package in '/home/lance/robot/src/controllers' with build type 'ament_python'
[17.614s] Level 1:colcon.colcon_core.shell:create_environment_hook('controllers', 'ament_prefix_path')
[17.665s] INFO:colcon.colcon_core.shell:Creating environment hook '/home/lance/robot/install/controllers/share/controllers/hook/ament_prefix_path.ps1'
[17.672s] INFO:colcon.colcon_core.shell:Creating environment descriptor '/home/lance/robot/install/controllers/share/controllers/hook/ament_prefix_path.dsv'
[17.681s] INFO:colcon.colcon_core.shell:Creating environment hook '/home/lance/robot/install/controllers/share/controllers/hook/ament_prefix_path.sh'
[17.733s] INFO:colcon.colcon_core.shell:Skip shell extension 'powershell' for command environment: Not usable outside of PowerShell
[17.734s] DEBUG:colcon.colcon_core.shell:Skip shell extension 'dsv' for command environment
[17.883s] INFO:colcon.colcon_ros.task.ament_python.build:Building ROS package in '/home/lance/robot/src/coord_controller' with build type 'ament_python'
[17.893s] Level 1:colcon.colcon_core.shell:create_environment_hook('coord_controller', 'ament_prefix_path')
[17.970s] INFO:colcon.colcon_core.shell:Creating environment hook '/home/lance/robot/install/coord_controller/share/coord_controller/hook/ament_prefix_path.ps1'
[17.975s] INFO:colcon.colcon_core.shell:Creating environment descriptor '/home/lance/robot/install/coord_controller/share/coord_controller/hook/ament_prefix_path.dsv'
[17.984s] INFO:colcon.colcon_core.shell:Creating environment hook '/home/lance/robot/install/coord_controller/share/coord_controller/hook/ament_prefix_path.sh'
[18.052s] INFO:colcon.colcon_core.shell:Skip shell extension 'powershell' for command environment: Not usable outside of PowerShell
[18.053s] DEBUG:colcon.colcon_core.shell:Skip shell extension 'dsv' for command environment
[18.205s] INFO:colcon.colcon_ros.task.ament_cmake.build:Building ROS package in '/home/lance/robot/src/moveit_config' with build type 'ament_cmake'
[18.206s] INFO:colcon.colcon_cmake.task.cmake.build:Building CMake package in '/home/lance/robot/src/moveit_config'
[18.309s] INFO:colcon.colcon_core.shell:Skip shell extension 'powershell' for command environment: Not usable outside of PowerShell
[18.311s] DEBUG:colcon.colcon_core.shell:Skip shell extension 'dsv' for command environment
[26.057s] INFO:colcon.colcon_core.task.python.build:Building Python package in '/home/lance/robot/src/controllers'
[26.162s] INFO:colcon.colcon_core.shell:Skip shell extension 'powershell' for command environment: Not usable outside of PowerShell
[26.168s] DEBUG:colcon.colcon_core.shell:Skip shell extension 'dsv' for command environment
[33.965s] INFO:colcon.colcon_core.task.python.build:Building Python package in '/home/lance/robot/src/coord_controller'
[34.006s] INFO:colcon.colcon_core.shell:Skip shell extension 'powershell' for command environment: Not usable outside of PowerShell
[34.008s] DEBUG:colcon.colcon_core.shell:Skip shell extension 'dsv' for command environment
[34.235s] DEBUG:colcon.colcon_core.event_handler.log_command:Invoking command in '/home/lance/robot/build/moveit_config': AMENT_PREFIX_PATH=/home/lance/robot/install/robot_description:/home/lance/robot/install/moveit_config:/home/lance/robot/install/my_cobot_hardware_interface:/home/lance/robot/install/coord_controller:/home/lance/robot/install/controllers:/home/lance/robot/install/my_cobot_interfaces:/home/lance/robot/install/motion_planning:/home/lance/robot/install/computer_vision:/home/lance/robot/install/bringup:/home/lance/moveit2_ws/install:/opt/ros/humble CMAKE_PREFIX_PATH=/home/lance/robot/install/my_cobot_hardware_interface:/home/lance/robot/install/my_cobot_interfaces:/home/lance/robot/install/moveit_config:/home/lance/moveit2_ws/install:/home/lance/robot/install/robot_description:/home/lance/robot/install/coord_controller:/home/lance/robot/install/controllers:/home/lance/robot/install/motion_planning:/home/lance/robot/install/computer_vision:/home/lance/robot/install/bringup:/opt/ros/humble /usr/bin/cmake --build /home/lance/robot/build/moveit_config -- -j4 -l4
[34.302s] DEBUG:colcon.colcon_core.event_handler.log_command:Invoking command in '/home/lance/robot/src/motion_planning': PYTHONPATH=/home/lance/robot/build/motion_planning/prefix_override:/home/lance/robot/install/motion_planning/lib/python3.10/site-packages:${PYTHONPATH} /usr/bin/python3 setup.py egg_info --egg-base ../../build/motion_planning build --build-base /home/lance/robot/build/motion_planning/build install --record /home/lance/robot/build/motion_planning/install.log --single-version-externally-managed
[35.465s] DEBUG:colcon.colcon_core.event_handler.log_command:Invoked command in '/home/lance/robot/build/moveit_config' returned '0': AMENT_PREFIX_PATH=/home/lance/robot/install/robot_description:/home/lance/robot/install/moveit_config:/home/lance/robot/install/my_cobot_hardware_interface:/home/lance/robot/install/coord_controller:/home/lance/robot/install/controllers:/home/lance/robot/install/my_cobot_interfaces:/home/lance/robot/install/motion_planning:/home/lance/robot/install/computer_vision:/home/lance/robot/install/bringup:/home/lance/moveit2_ws/install:/opt/ros/humble CMAKE_PREFIX_PATH=/home/lance/robot/install/my_cobot_hardware_interface:/home/lance/robot/install/my_cobot_interfaces:/home/lance/robot/install/moveit_config:/home/lance/moveit2_ws/install:/home/lance/robot/install/robot_description:/home/lance/robot/install/coord_controller:/home/lance/robot/install/controllers:/home/lance/robot/install/motion_planning:/home/lance/robot/install/computer_vision:/home/lance/robot/install/bringup:/opt/ros/humble /usr/bin/cmake --build /home/lance/robot/build/moveit_config -- -j4 -l4
[36.533s] DEBUG:colcon.colcon_core.event_handler.log_command:Invoking command in '/home/lance/robot/build/moveit_config': AMENT_PREFIX_PATH=/home/lance/robot/install/robot_description:/home/lance/robot/install/moveit_config:/home/lance/robot/install/my_cobot_hardware_interface:/home/lance/robot/install/coord_controller:/home/lance/robot/install/controllers:/home/lance/robot/install/my_cobot_interfaces:/home/lance/robot/install/motion_planning:/home/lance/robot/install/computer_vision:/home/lance/robot/install/bringup:/home/lance/moveit2_ws/install:/opt/ros/humble CMAKE_PREFIX_PATH=/home/lance/robot/install/my_cobot_hardware_interface:/home/lance/robot/install/my_cobot_interfaces:/home/lance/robot/install/moveit_config:/home/lance/moveit2_ws/install:/home/lance/robot/install/robot_description:/home/lance/robot/install/coord_controller:/home/lance/robot/install/controllers:/home/lance/robot/install/motion_planning:/home/lance/robot/install/computer_vision:/home/lance/robot/install/bringup:/opt/ros/humble /usr/bin/cmake --install /home/lance/robot/build/moveit_config
[37.083s] Level 1:colcon.colcon_core.environment:create_environment_scripts_only(moveit_config)
[37.113s] DEBUG:colcon.colcon_core.event_handler.log_command:Invoked command in '/home/lance/robot/build/moveit_config' returned '0': AMENT_PREFIX_PATH=/home/lance/robot/install/robot_description:/home/lance/robot/install/moveit_config:/home/lance/robot/install/my_cobot_hardware_interface:/home/lance/robot/install/coord_controller:/home/lance/robot/install/controllers:/home/lance/robot/install/my_cobot_interfaces:/home/lance/robot/install/motion_planning:/home/lance/robot/install/computer_vision:/home/lance/robot/install/bringup:/home/lance/moveit2_ws/install:/opt/ros/humble CMAKE_PREFIX_PATH=/home/lance/robot/install/my_cobot_hardware_interface:/home/lance/robot/install/my_cobot_interfaces:/home/lance/robot/install/moveit_config:/home/lance/moveit2_ws/install:/home/lance/robot/install/robot_description:/home/lance/robot/install/coord_controller:/home/lance/robot/install/controllers:/home/lance/robot/install/motion_planning:/home/lance/robot/install/computer_vision:/home/lance/robot/install/bringup:/opt/ros/humble /usr/bin/cmake --install /home/lance/robot/build/moveit_config
[37.258s] Level 1:colcon.colcon_core.environment:checking '/home/lance/robot/install/moveit_config' for CMake module files
[37.272s] Level 1:colcon.colcon_core.environment:checking '/home/lance/robot/install/moveit_config' for CMake config files
[37.312s] Level 1:colcon.colcon_core.shell:create_environment_hook('moveit_config', 'cmake_prefix_path')
[37.424s] INFO:colcon.colcon_core.shell:Creating environment hook '/home/lance/robot/install/moveit_config/share/moveit_config/hook/cmake_prefix_path.ps1'
[37.434s] INFO:colcon.colcon_core.shell:Creating environment descriptor '/home/lance/robot/install/moveit_config/share/moveit_config/hook/cmake_prefix_path.dsv'
[37.442s] INFO:colcon.colcon_core.shell:Creating environment hook '/home/lance/robot/install/moveit_config/share/moveit_config/hook/cmake_prefix_path.sh'
[37.455s] Level 1:colcon.colcon_core.environment:checking '/home/lance/robot/install/moveit_config/bin'
[37.462s] Level 1:colcon.colcon_core.environment:checking '/home/lance/robot/install/moveit_config/lib/pkgconfig/moveit_config.pc'
[37.466s] Level 1:colcon.colcon_core.environment:checking '/home/lance/robot/install/moveit_config/lib/python3.10/site-packages'
[37.471s] Level 1:colcon.colcon_core.environment:checking '/home/lance/robot/install/moveit_config/bin'
[37.532s] INFO:colcon.colcon_core.shell:Creating package script '/home/lance/robot/install/moveit_config/share/moveit_config/package.ps1'
[37.550s] INFO:colcon.colcon_core.shell:Creating package descriptor '/home/lance/robot/install/moveit_config/share/moveit_config/package.dsv'
[37.574s] INFO:colcon.colcon_core.shell:Creating package script '/home/lance/robot/install/moveit_config/share/moveit_config/package.sh'
[37.589s] INFO:colcon.colcon_core.shell:Creating package script '/home/lance/robot/install/moveit_config/share/moveit_config/package.bash'
[37.625s] INFO:colcon.colcon_core.shell:Creating package script '/home/lance/robot/install/moveit_config/share/moveit_config/package.zsh'
[37.653s] Level 1:colcon.colcon_core.environment:create_file_with_runtime_dependencies(/home/lance/robot/install/moveit_config/share/colcon-core/packages/moveit_config)
[38.626s] Level 1:colcon.colcon_core.environment:create_environment_scripts_only(moveit_config)
[38.750s] Level 1:colcon.colcon_core.environment:checking '/home/lance/robot/install/moveit_config' for CMake module files
[38.757s] Level 1:colcon.colcon_core.environment:checking '/home/lance/robot/install/moveit_config' for CMake config files
[38.763s] Level 1:colcon.colcon_core.shell:create_environment_hook('moveit_config', 'cmake_prefix_path')
[38.806s] INFO:colcon.colcon_core.shell:Creating environment hook '/home/lance/robot/install/moveit_config/share/moveit_config/hook/cmake_prefix_path.ps1'
[38.817s] INFO:colcon.colcon_core.shell:Creating environment descriptor '/home/lance/robot/install/moveit_config/share/moveit_config/hook/cmake_prefix_path.dsv'
[38.820s] INFO:colcon.colcon_core.shell:Creating environment hook '/home/lance/robot/install/moveit_config/share/moveit_config/hook/cmake_prefix_path.sh'
[38.828s] Level 1:colcon.colcon_core.environment:checking '/home/lance/robot/install/moveit_config/bin'
[38.829s] Level 1:colcon.colcon_core.environment:checking '/home/lance/robot/install/moveit_config/lib/pkgconfig/moveit_config.pc'
[38.833s] Level 1:colcon.colcon_core.environment:checking '/home/lance/robot/install/moveit_config/lib/python3.10/site-packages'
[38.837s] Level 1:colcon.colcon_core.environment:checking '/home/lance/robot/install/moveit_config/bin'
[38.899s] INFO:colcon.colcon_core.shell:Creating package script '/home/lance/robot/install/moveit_config/share/moveit_config/package.ps1'
[38.907s] INFO:colcon.colcon_core.shell:Creating package descriptor '/home/lance/robot/install/moveit_config/share/moveit_config/package.dsv'
[38.914s] INFO:colcon.colcon_core.shell:Creating package script '/home/lance/robot/install/moveit_config/share/moveit_config/package.sh'
[38.952s] INFO:colcon.colcon_core.shell:Creating package script '/home/lance/robot/install/moveit_config/share/moveit_config/package.bash'
[38.962s] INFO:colcon.colcon_core.shell:Creating package script '/home/lance/robot/install/moveit_config/share/moveit_config/package.zsh'
[38.969s] Level 1:colcon.colcon_core.environment:create_file_with_runtime_dependencies(/home/lance/robot/install/moveit_config/share/colcon-core/packages/moveit_config)
[45.780s] DEBUG:colcon.colcon_core.event_handler.log_command:Invoked command in '/home/lance/robot/src/motion_planning' returned '0': PYTHONPATH=/home/lance/robot/build/motion_planning/prefix_override:/home/lance/robot/install/motion_planning/lib/python3.10/site-packages:${PYTHONPATH} /usr/bin/python3 setup.py egg_info --egg-base ../../build/motion_planning build --build-base /home/lance/robot/build/motion_planning/build install --record /home/lance/robot/build/motion_planning/install.log --single-version-externally-managed
[45.938s] Level 1:colcon.colcon_core.environment:checking '/home/lance/robot/install/motion_planning' for CMake module files
[45.968s] Level 1:colcon.colcon_core.environment:checking '/home/lance/robot/install/motion_planning' for CMake config files
[45.989s] Level 1:colcon.colcon_core.environment:checking '/home/lance/robot/install/motion_planning/lib'
[45.993s] Level 1:colcon.colcon_core.environment:checking '/home/lance/robot/install/motion_planning/bin'
[45.995s] Level 1:colcon.colcon_core.environment:checking '/home/lance/robot/install/motion_planning/lib/pkgconfig/motion_planning.pc'
[46.009s] Level 1:colcon.colcon_core.environment:checking '/home/lance/robot/install/motion_planning/lib/python3.10/site-packages'
[46.024s] Level 1:colcon.colcon_core.shell:create_environment_hook('motion_planning', 'pythonpath')
[46.093s] INFO:colcon.colcon_core.shell:Creating environment hook '/home/lance/robot/install/motion_planning/share/motion_planning/hook/pythonpath.ps1'
[46.108s] INFO:colcon.colcon_core.shell:Creating environment descriptor '/home/lance/robot/install/motion_planning/share/motion_planning/hook/pythonpath.dsv'
[46.131s] INFO:colcon.colcon_core.shell:Creating environment hook '/home/lance/robot/install/motion_planning/share/motion_planning/hook/pythonpath.sh'
[46.160s] Level 1:colcon.colcon_core.environment:checking '/home/lance/robot/install/motion_planning/bin'
[46.161s] Level 1:colcon.colcon_core.environment:create_environment_scripts_only(motion_planning)
[46.265s] INFO:colcon.colcon_core.shell:Creating package script '/home/lance/robot/install/motion_planning/share/motion_planning/package.ps1'
[46.274s] INFO:colcon.colcon_core.shell:Creating package descriptor '/home/lance/robot/install/motion_planning/share/motion_planning/package.dsv'
[46.301s] INFO:colcon.colcon_core.shell:Creating package script '/home/lance/robot/install/motion_planning/share/motion_planning/package.sh'
[46.328s] INFO:colcon.colcon_core.shell:Creating package script '/home/lance/robot/install/motion_planning/share/motion_planning/package.bash'
[46.345s] INFO:colcon.colcon_core.shell:Creating package script '/home/lance/robot/install/motion_planning/share/motion_planning/package.zsh'
[46.366s] Level 1:colcon.colcon_core.environment:create_file_with_runtime_dependencies(/home/lance/robot/install/motion_planning/share/colcon-core/packages/motion_planning)
[47.209s] DEBUG:colcon.colcon_core.event_handler.log_command:Invoking command in '/home/lance/robot/src/coord_controller': CMAKE_PREFIX_PATH=/home/lance/robot/install/my_cobot_interfaces:/home/lance/robot/install/moveit_config:/home/lance/robot/install/my_cobot_hardware_interface:/home/lance/moveit2_ws/install LD_LIBRARY_PATH=/home/lance/robot/install/my_cobot_interfaces/lib:/home/lance/robot/install/my_cobot_hardware_interface/lib:/opt/ros/humble/opt/rviz_ogre_vendor/lib:/opt/ros/humble/lib/aarch64-linux-gnu:/opt/ros/humble/lib PYTHONPATH=/home/lance/robot/build/coord_controller/prefix_override:/home/lance/robot/install/coord_controller/lib/python3.10/site-packages:${PYTHONPATH} /usr/bin/python3 setup.py egg_info --egg-base ../../build/coord_controller build --build-base /home/lance/robot/build/coord_controller/build install --record /home/lance/robot/build/coord_controller/install.log --single-version-externally-managed
[48.420s] DEBUG:colcon.colcon_core.event_handler.log_command:Invoking command in '/home/lance/robot/src/controllers': CMAKE_PREFIX_PATH=/home/lance/robot/install/my_cobot_interfaces:/home/lance/robot/install/moveit_config:/home/lance/robot/install/my_cobot_hardware_interface:/home/lance/moveit2_ws/install LD_LIBRARY_PATH=/home/lance/robot/install/my_cobot_interfaces/lib:/home/lance/robot/install/my_cobot_hardware_interface/lib:/opt/ros/humble/opt/rviz_ogre_vendor/lib:/opt/ros/humble/lib/aarch64-linux-gnu:/opt/ros/humble/lib PYTHONPATH=/home/lance/robot/build/controllers/prefix_override:/home/lance/robot/install/controllers/lib/python3.10/site-packages:${PYTHONPATH} /usr/bin/python3 setup.py egg_info --egg-base ../../build/controllers build --build-base /home/lance/robot/build/controllers/build install --record /home/lance/robot/build/controllers/install.log --single-version-externally-managed
[55.764s] DEBUG:colcon.colcon_core.event_handler.log_command:Invoked command in '/home/lance/robot/src/coord_controller' returned '0': CMAKE_PREFIX_PATH=/home/lance/robot/install/my_cobot_interfaces:/home/lance/robot/install/moveit_config:/home/lance/robot/install/my_cobot_hardware_interface:/home/lance/moveit2_ws/install LD_LIBRARY_PATH=/home/lance/robot/install/my_cobot_interfaces/lib:/home/lance/robot/install/my_cobot_hardware_interface/lib:/opt/ros/humble/opt/rviz_ogre_vendor/lib:/opt/ros/humble/lib/aarch64-linux-gnu:/opt/ros/humble/lib PYTHONPATH=/home/lance/robot/build/coord_controller/prefix_override:/home/lance/robot/install/coord_controller/lib/python3.10/site-packages:${PYTHONPATH} /usr/bin/python3 setup.py egg_info --egg-base ../../build/coord_controller build --build-base /home/lance/robot/build/coord_controller/build install --record /home/lance/robot/build/coord_controller/install.log --single-version-externally-managed
[55.968s] Level 1:colcon.colcon_core.environment:checking '/home/lance/robot/install/coord_controller' for CMake module files
[55.977s] Level 1:colcon.colcon_core.environment:checking '/home/lance/robot/install/coord_controller' for CMake config files
[55.994s] Level 1:colcon.colcon_core.environment:checking '/home/lance/robot/install/coord_controller/lib'
[55.997s] Level 1:colcon.colcon_core.environment:checking '/home/lance/robot/install/coord_controller/bin'
[55.999s] Level 1:colcon.colcon_core.environment:checking '/home/lance/robot/install/coord_controller/lib/pkgconfig/coord_controller.pc'
[56.003s] Level 1:colcon.colcon_core.environment:checking '/home/lance/robot/install/coord_controller/lib/python3.10/site-packages'
[56.005s] Level 1:colcon.colcon_core.shell:create_environment_hook('coord_controller', 'pythonpath')
[56.131s] INFO:colcon.colcon_core.shell:Creating environment hook '/home/lance/robot/install/coord_controller/share/coord_controller/hook/pythonpath.ps1'
[56.141s] INFO:colcon.colcon_core.shell:Creating environment descriptor '/home/lance/robot/install/coord_controller/share/coord_controller/hook/pythonpath.dsv'
[56.163s] INFO:colcon.colcon_core.shell:Creating environment hook '/home/lance/robot/install/coord_controller/share/coord_controller/hook/pythonpath.sh'
[56.202s] Level 1:colcon.colcon_core.environment:checking '/home/lance/robot/install/coord_controller/bin'
[56.206s] Level 1:colcon.colcon_core.environment:create_environment_scripts_only(coord_controller)
[56.283s] INFO:colcon.colcon_core.shell:Creating package script '/home/lance/robot/install/coord_controller/share/coord_controller/package.ps1'
[56.318s] INFO:colcon.colcon_core.shell:Creating package descriptor '/home/lance/robot/install/coord_controller/share/coord_controller/package.dsv'
[56.331s] INFO:colcon.colcon_core.shell:Creating package script '/home/lance/robot/install/coord_controller/share/coord_controller/package.sh'
[56.348s] INFO:colcon.colcon_core.shell:Creating package script '/home/lance/robot/install/coord_controller/share/coord_controller/package.bash'
[56.362s] INFO:colcon.colcon_core.shell:Creating package script '/home/lance/robot/install/coord_controller/share/coord_controller/package.zsh'
[56.375s] Level 1:colcon.colcon_core.environment:create_file_with_runtime_dependencies(/home/lance/robot/install/coord_controller/share/colcon-core/packages/coord_controller)
[56.689s] DEBUG:colcon.colcon_core.event_handler.log_command:Invoked command in '/home/lance/robot/src/controllers' returned '0': CMAKE_PREFIX_PATH=/home/lance/robot/install/my_cobot_interfaces:/home/lance/robot/install/moveit_config:/home/lance/robot/install/my_cobot_hardware_interface:/home/lance/moveit2_ws/install LD_LIBRARY_PATH=/home/lance/robot/install/my_cobot_interfaces/lib:/home/lance/robot/install/my_cobot_hardware_interface/lib:/opt/ros/humble/opt/rviz_ogre_vendor/lib:/opt/ros/humble/lib/aarch64-linux-gnu:/opt/ros/humble/lib PYTHONPATH=/home/lance/robot/build/controllers/prefix_override:/home/lance/robot/install/controllers/lib/python3.10/site-packages:${PYTHONPATH} /usr/bin/python3 setup.py egg_info --egg-base ../../build/controllers build --build-base /home/lance/robot/build/controllers/build install --record /home/lance/robot/build/controllers/install.log --single-version-externally-managed
[56.769s] Level 1:colcon.colcon_core.environment:checking '/home/lance/robot/install/controllers' for CMake module files
[56.785s] Level 1:colcon.colcon_core.environment:checking '/home/lance/robot/install/controllers' for CMake config files
[56.800s] Level 1:colcon.colcon_core.environment:checking '/home/lance/robot/install/controllers/lib'
[56.804s] Level 1:colcon.colcon_core.environment:checking '/home/lance/robot/install/controllers/bin'
[56.806s] Level 1:colcon.colcon_core.environment:checking '/home/lance/robot/install/controllers/lib/pkgconfig/controllers.pc'
[56.810s] Level 1:colcon.colcon_core.environment:checking '/home/lance/robot/install/controllers/lib/python3.10/site-packages'
[56.812s] Level 1:colcon.colcon_core.shell:create_environment_hook('controllers', 'pythonpath')
[56.878s] INFO:colcon.colcon_core.shell:Creating environment hook '/home/lance/robot/install/controllers/share/controllers/hook/pythonpath.ps1'
[56.888s] INFO:colcon.colcon_core.shell:Creating environment descriptor '/home/lance/robot/install/controllers/share/controllers/hook/pythonpath.dsv'
[56.896s] INFO:colcon.colcon_core.shell:Creating environment hook '/home/lance/robot/install/controllers/share/controllers/hook/pythonpath.sh'
[56.909s] Level 1:colcon.colcon_core.environment:checking '/home/lance/robot/install/controllers/bin'
[56.911s] Level 1:colcon.colcon_core.environment:create_environment_scripts_only(controllers)
[56.950s] INFO:colcon.colcon_core.shell:Creating package script '/home/lance/robot/install/controllers/share/controllers/package.ps1'
[56.975s] INFO:colcon.colcon_core.shell:Creating package descriptor '/home/lance/robot/install/controllers/share/controllers/package.dsv'
[56.992s] INFO:colcon.colcon_core.shell:Creating package script '/home/lance/robot/install/controllers/share/controllers/package.sh'
[57.000s] INFO:colcon.colcon_core.shell:Creating package script '/home/lance/robot/install/controllers/share/controllers/package.bash'
[57.007s] INFO:colcon.colcon_core.shell:Creating package script '/home/lance/robot/install/controllers/share/controllers/package.zsh'
[57.019s] Level 1:colcon.colcon_core.environment:create_file_with_runtime_dependencies(/home/lance/robot/install/controllers/share/colcon-core/packages/controllers)
[57.033s] DEBUG:colcon.colcon_parallel_executor.executor.parallel:closing loop
[57.036s] DEBUG:colcon.colcon_parallel_executor.executor.parallel:loop closed
[57.042s] DEBUG:colcon.colcon_parallel_executor.executor.parallel:run_until_complete finished with '0'
[57.044s] DEBUG:colcon.colcon_core.event_reactor:joining thread
[57.233s] INFO:colcon.colcon_core.plugin_system:Skipping extension 'colcon_notification.desktop_notification.terminal_notifier': Not used on non-Darwin systems
[57.235s] INFO:colcon.colcon_core.plugin_system:Skipping extension 'colcon_notification.desktop_notification.win32': Not used on non-Windows systems
[57.237s] INFO:colcon.colcon_notification.desktop_notification:Sending desktop notification using 'notify2'
[57.381s] DEBUG:colcon.colcon_core.event_reactor:joined thread
[57.431s] INFO:colcon.colcon_core.shell:Creating prefix script '/home/lance/robot/install/local_setup.ps1'
[57.442s] INFO:colcon.colcon_core.shell:Creating prefix util module '/home/lance/robot/install/_local_setup_util_ps1.py'
[57.452s] INFO:colcon.colcon_core.shell:Creating prefix chain script '/home/lance/robot/install/setup.ps1'
[57.481s] INFO:colcon.colcon_core.shell:Creating prefix script '/home/lance/robot/install/local_setup.sh'
[57.500s] INFO:colcon.colcon_core.shell:Creating prefix util module '/home/lance/robot/install/_local_setup_util_sh.py'
[57.505s] INFO:colcon.colcon_core.shell:Creating prefix chain script '/home/lance/robot/install/setup.sh'
[57.534s] INFO:colcon.colcon_core.shell:Creating prefix script '/home/lance/robot/install/local_setup.bash'
[57.543s] INFO:colcon.colcon_core.shell:Creating prefix chain script '/home/lance/robot/install/setup.bash'
[57.568s] INFO:colcon.colcon_core.shell:Creating prefix script '/home/lance/robot/install/local_setup.zsh'
[57.573s] INFO:colcon.colcon_core.shell:Creating prefix chain script '/home/lance/robot/install/setup.zsh'
