[7.457s] Invoking command in '/home/lance/robot/src/motion_planning': PYTHONPATH=/home/lance/robot/build/motion_planning/prefix_override:/home/lance/robot/install/motion_planning/lib/python3.10/site-packages:${PYTHONPATH} /usr/bin/python3 setup.py egg_info --egg-base ../../build/motion_planning build --build-base /home/lance/robot/build/motion_planning/build install --record /home/lance/robot/build/motion_planning/install.log --single-version-externally-managed
[9.532s] running egg_info
[9.535s] writing ../../build/motion_planning/motion_planning.egg-info/PKG-INFO
[9.536s] writing dependency_links to ../../build/motion_planning/motion_planning.egg-info/dependency_links.txt
[9.538s] writing entry points to ../../build/motion_planning/motion_planning.egg-info/entry_points.txt
[9.539s] writing requirements to ../../build/motion_planning/motion_planning.egg-info/requires.txt
[9.540s] writing top-level names to ../../build/motion_planning/motion_planning.egg-info/top_level.txt
[9.550s] reading manifest file '../../build/motion_planning/motion_planning.egg-info/SOURCES.txt'
[9.554s] writing manifest file '../../build/motion_planning/motion_planning.egg-info/SOURCES.txt'
[9.558s] running build
[9.559s] running build_py
[9.559s] running install
[9.561s] running install_lib
[9.568s] running install_data
[9.572s] running install_egg_info
[9.580s] removing '/home/lance/robot/install/motion_planning/lib/python3.10/site-packages/motion_planning-0.0.0-py3.10.egg-info' (and everything under it)
[9.582s] Copying ../../build/motion_planning/motion_planning.egg-info to /home/lance/robot/install/motion_planning/lib/python3.10/site-packages/motion_planning-0.0.0-py3.10.egg-info
[9.600s] running install_scripts
[9.704s] Installing mp script to /home/lance/robot/install/motion_planning/lib/motion_planning
[9.706s] writing list of installed files to '/home/lance/robot/build/motion_planning/install.log'
[9.903s] Invoked command in '/home/lance/robot/src/motion_planning' returned '0': PYTHONPATH=/home/lance/robot/build/motion_planning/prefix_override:/home/lance/robot/install/motion_planning/lib/python3.10/site-packages:${PYTHONPATH} /usr/bin/python3 setup.py egg_info --egg-base ../../build/motion_planning build --build-base /home/lance/robot/build/motion_planning/build install --record /home/lance/robot/build/motion_planning/install.log --single-version-externally-managed
