[5.838s] Invoking command in '/home/lance/robot/src/robot_description': PYTHONPATH=/home/lance/robot/build/robot_description/prefix_override:/home/lance/robot/install/robot_description/lib/python3.10/site-packages:${PYTHONPATH} /usr/bin/python3 setup.py egg_info --egg-base ../../build/robot_description build --build-base /home/lance/robot/build/robot_description/build install --record /home/lance/robot/build/robot_description/install.log --single-version-externally-managed
[7.584s] running egg_info
[7.589s] writing ../../build/robot_description/robot_description.egg-info/PKG-INFO
[7.591s] writing dependency_links to ../../build/robot_description/robot_description.egg-info/dependency_links.txt
[7.595s] writing entry points to ../../build/robot_description/robot_description.egg-info/entry_points.txt
[7.597s] writing requirements to ../../build/robot_description/robot_description.egg-info/requires.txt
[7.598s] writing top-level names to ../../build/robot_description/robot_description.egg-info/top_level.txt
[7.608s] reading manifest file '../../build/robot_description/robot_description.egg-info/SOURCES.txt'
[7.615s] writing manifest file '../../build/robot_description/robot_description.egg-info/SOURCES.txt'
[7.616s] running build
[7.617s] running build_py
[7.618s] running install
[7.619s] /usr/lib/python3/dist-packages/setuptools/command/install.py:34: SetuptoolsDeprecationWarning: setup.py install is deprecated. Use build and pip and other standards-based tools.
[7.620s]   warnings.warn(
[7.621s] running install_lib
[7.628s] running install_data
[7.632s] copying urdf/mycobot_with_vision_v2.urdf -> /home/lance/robot/install/robot_description/share/robot_description/urdf
[7.636s] running install_egg_info
[7.648s] removing '/home/lance/robot/install/robot_description/lib/python3.10/site-packages/robot_description-0.0.0-py3.10.egg-info' (and everything under it)
[7.653s] Copying ../../build/robot_description/robot_description.egg-info to /home/lance/robot/install/robot_description/lib/python3.10/site-packages/robot_description-0.0.0-py3.10.egg-info
[7.668s] running install_scripts
[7.883s] writing list of installed files to '/home/lance/robot/build/robot_description/install.log'
[8.059s] Invoked command in '/home/lance/robot/src/robot_description' returned '0': PYTHONPATH=/home/lance/robot/build/robot_description/prefix_override:/home/lance/robot/install/robot_description/lib/python3.10/site-packages:${PYTHONPATH} /usr/bin/python3 setup.py egg_info --egg-base ../../build/robot_description build --build-base /home/lance/robot/build/robot_description/build install --record /home/lance/robot/build/robot_description/install.log --single-version-externally-managed
