[11.145s] Invoking command in '/home/lance/robot/src/bringup': PYTHONPATH=/home/lance/robot/build/bringup/prefix_override:/home/lance/robot/install/bringup/lib/python3.10/site-packages:${PYTHONPATH} /usr/bin/python3 setup.py egg_info --egg-base ../../build/bringup build --build-base /home/lance/robot/build/bringup/build install --record /home/lance/robot/build/bringup/install.log --single-version-externally-managed
[13.606s] running egg_info
[13.610s] writing ../../build/bringup/bringup.egg-info/PKG-INFO
[13.613s] writing dependency_links to ../../build/bringup/bringup.egg-info/dependency_links.txt
[13.615s] writing entry points to ../../build/bringup/bringup.egg-info/entry_points.txt
[13.616s] writing requirements to ../../build/bringup/bringup.egg-info/requires.txt
[13.617s] writing top-level names to ../../build/bringup/bringup.egg-info/top_level.txt
[13.627s] reading manifest file '../../build/bringup/bringup.egg-info/SOURCES.txt'
[13.633s] writing manifest file '../../build/bringup/bringup.egg-info/SOURCES.txt'
[13.634s] running build
[13.635s] running build_py
[13.636s] running install
[13.638s] running install_lib
[13.645s] running install_data
[13.650s] running install_egg_info
[13.661s] removing '/home/lance/robot/install/bringup/lib/python3.10/site-packages/bringup-0.0.0-py3.10.egg-info' (and everything under it)
[13.664s] Copying ../../build/bringup/bringup.egg-info to /home/lance/robot/install/bringup/lib/python3.10/site-packages/bringup-0.0.0-py3.10.egg-info
[13.679s] running install_scripts
[13.865s] writing list of installed files to '/home/lance/robot/build/bringup/install.log'
[14.565s] Invoked command in '/home/lance/robot/src/bringup' returned '0': PYTHONPATH=/home/lance/robot/build/bringup/prefix_override:/home/lance/robot/install/bringup/lib/python3.10/site-packages:${PYTHONPATH} /usr/bin/python3 setup.py egg_info --egg-base ../../build/bringup build --build-base /home/lance/robot/build/bringup/build install --record /home/lance/robot/build/bringup/install.log --single-version-externally-managed
