[5.583s] Invoking command in '/home/lance/robot/src/controllers': CMAKE_PREFIX_PATH=/home/lance/robot/install/my_cobot_interfaces:/home/lance/robot/install/moveit_config:/home/lance/robot/install/my_cobot_hardware_interface:/home/lance/moveit2_ws/install LD_LIBRARY_PATH=/home/lance/robot/install/my_cobot_interfaces/lib:/home/lance/robot/install/my_cobot_hardware_interface/lib:/opt/ros/humble/opt/rviz_ogre_vendor/lib:/opt/ros/humble/lib/aarch64-linux-gnu:/opt/ros/humble/lib PYTHONPATH=/home/lance/robot/build/controllers/prefix_override:/home/lance/robot/install/controllers/lib/python3.10/site-packages:${PYTHONPATH} /usr/bin/python3 setup.py egg_info --egg-base ../../build/controllers build --build-base /home/lance/robot/build/controllers/build install --record /home/lance/robot/build/controllers/install.log --single-version-externally-managed
[7.258s] running egg_info
[7.261s] writing ../../build/controllers/controllers.egg-info/PKG-INFO
[7.263s] writing dependency_links to ../../build/controllers/controllers.egg-info/dependency_links.txt
[7.264s] writing entry points to ../../build/controllers/controllers.egg-info/entry_points.txt
[7.265s] writing requirements to ../../build/controllers/controllers.egg-info/requires.txt
[7.266s] writing top-level names to ../../build/controllers/controllers.egg-info/top_level.txt
[7.280s] reading manifest file '../../build/controllers/controllers.egg-info/SOURCES.txt'
[7.285s] writing manifest file '../../build/controllers/controllers.egg-info/SOURCES.txt'
[7.285s] running build
[7.286s] running build_py
[7.288s] running install
[7.290s] running install_lib
[7.297s] running install_data
[7.300s] running install_egg_info
[7.310s] removing '/home/lance/robot/install/controllers/lib/python3.10/site-packages/controllers-0.0.0-py3.10.egg-info' (and everything under it)
[7.312s] Copying ../../build/controllers/controllers.egg-info to /home/lance/robot/install/controllers/lib/python3.10/site-packages/controllers-0.0.0-py3.10.egg-info
[7.318s] running install_scripts
[7.417s] Installing follow_trajectory script to /home/lance/robot/install/controllers/lib/controllers
[7.418s] Installing joint_state script to /home/lance/robot/install/controllers/lib/controllers
[7.419s] Installing my_cobot script to /home/lance/robot/install/controllers/lib/controllers
[7.420s] Installing shutdown script to /home/lance/robot/install/controllers/lib/controllers
[7.422s] writing list of installed files to '/home/lance/robot/build/controllers/install.log'
[7.608s] Invoked command in '/home/lance/robot/src/controllers' returned '0': CMAKE_PREFIX_PATH=/home/lance/robot/install/my_cobot_interfaces:/home/lance/robot/install/moveit_config:/home/lance/robot/install/my_cobot_hardware_interface:/home/lance/moveit2_ws/install LD_LIBRARY_PATH=/home/lance/robot/install/my_cobot_interfaces/lib:/home/lance/robot/install/my_cobot_hardware_interface/lib:/opt/ros/humble/opt/rviz_ogre_vendor/lib:/opt/ros/humble/lib/aarch64-linux-gnu:/opt/ros/humble/lib PYTHONPATH=/home/lance/robot/build/controllers/prefix_override:/home/lance/robot/install/controllers/lib/python3.10/site-packages:${PYTHONPATH} /usr/bin/python3 setup.py egg_info --egg-base ../../build/controllers build --build-base /home/lance/robot/build/controllers/build install --record /home/lance/robot/build/controllers/install.log --single-version-externally-managed
