[0.109s] Invoking command in '/home/lance/robot/build/my_cobot_hardware_interface': CMAKE_PREFIX_PATH=/home/lance/robot/install/my_cobot_interfaces:/home/lance/robot/install/moveit_config:/home/lance/moveit2_ws/install /usr/bin/cmake --build /home/lance/robot/build/my_cobot_hardware_interface -- -j4 -l4
[0.237s] -- Found ament_cmake: 1.3.4 (/opt/ros/humble/share/ament_cmake/cmake)
[1.045s] -- Override CMake install command with custom implementation using symlinks instead of copying resources
[1.078s] -- Found hardware_interface: 2.26.0 (/opt/ros/humble/share/hardware_interface/cmake)
[1.253s] -- Found rosidl_generator_c: 3.1.4 (/opt/ros/humble/share/rosidl_generator_c/cmake)
[1.264s] -- Found rosidl_adapter: 3.1.4 (/opt/ros/humble/share/rosidl_adapter/cmake)
[1.288s] -- Found rosidl_generator_cpp: 3.1.4 (/opt/ros/humble/share/rosidl_generator_cpp/cmake)
[1.338s] -- Using all available rosidl_typesupport_c: rosidl_typesupport_fastrtps_c;rosidl_typesupport_introspection_c
[1.403s] -- Using all available rosidl_typesupport_cpp: rosidl_typesupport_fastrtps_cpp;rosidl_typesupport_introspection_cpp
[3.913s] -- Found rmw_implementation_cmake: 6.1.1 (/opt/ros/humble/share/rmw_implementation_cmake/cmake)
[3.920s] -- Found rmw_cyclonedds_cpp: 1.3.4 (/opt/ros/humble/share/rmw_cyclonedds_cpp/cmake)
[4.041s] -- Using RMW implementation 'rmw_cyclonedds_cpp' as default
[4.652s] -- Found my_cobot_interfaces: 0.0.0 (/home/lance/robot/install/my_cobot_interfaces/share/my_cobot_interfaces/cmake)
[5.350s] -- Configuring done
[5.514s] -- Generating done
[5.524s] -- Build files have been written to: /home/lance/robot/build/my_cobot_hardware_interface
[5.686s] [ 50%] [32mBuilding CXX object CMakeFiles/my_cobot_hardware_interface.dir/src/MyCobotHardwareInterface.cpp.o[0m
[6.386s] In file included from [01m[K/home/lance/robot/src/my_cobot_hardware_interface/src/MyCobotHardwareInterface.cpp:1[m[K:
[6.386s] [01m[K/home/lance/robot/src/my_cobot_hardware_interface/include/my_cobot_hardware_interface/MyCobotHardwareInterface.hpp:8:10:[m[K [01;31m[Kfatal error: [m[Khardware_interface/base_interface.hpp: No such file or directory
[6.387s]     8 | #include [01;31m[K"hardware_interface/base_interface.hpp"[m[K
[6.387s]       |          [01;31m[K^~~~~~~~~~~~~~~~~~~~~~~~~~~~~~~~~~~~~~~[m[K
[6.388s] compilation terminated.
[6.391s] gmake[2]: *** [CMakeFiles/my_cobot_hardware_interface.dir/build.make:76: CMakeFiles/my_cobot_hardware_interface.dir/src/MyCobotHardwareInterface.cpp.o] Error 1
[6.392s] gmake[1]: *** [CMakeFiles/Makefile2:137: CMakeFiles/my_cobot_hardware_interface.dir/all] Error 2
[6.393s] gmake: *** [Makefile:146: all] Error 2
[6.401s] Invoked command in '/home/lance/robot/build/my_cobot_hardware_interface' returned '2': CMAKE_PREFIX_PATH=/home/lance/robot/install/my_cobot_interfaces:/home/lance/robot/install/moveit_config:/home/lance/moveit2_ws/install /usr/bin/cmake --build /home/lance/robot/build/my_cobot_hardware_interface -- -j4 -l4
