[7.853s] DEBUG:colcon:Command line arguments: ['/usr/bin/colcon', 'list', '-p', '--base-paths', '/home/lance/robot']
[7.854s] DEBUG:colcon:Parsed command line arguments: Namespace(log_base=None, log_level=None, verb_name='list', build_base='build', ignore_user_meta=False, metas=['./colcon.meta'], base_paths=['/home/lance/robot'], packages_ignore=None, packages_ignore_regex=None, paths=None, packages_up_to=None, packages_up_to_regex=None, packages_above=None, packages_above_and_dependencies=None, packages_above_depth=None, packages_select_by_dep=None, packages_skip_by_dep=None, packages_skip_up_to=None, packages_select_build_failed=False, packages_skip_build_finished=False, packages_select_test_failures=False, packages_skip_test_passed=False, packages_select=None, packages_skip=None, packages_select_regex=None, packages_skip_regex=None, packages_start=None, packages_end=None, allow_overriding=[], topological_order=False, names_only=False, paths_only=True, topological_graph=False, topological_graph_dot=False, topological_graph_density=False, topological_graph_legend=False, topological_graph_dot_cluster=False, topological_graph_dot_include_skipped=False, verb_parser=<colcon_defaults.argument_parser.defaults.DefaultArgumentsDecorator object at 0xffffaff455d0>, verb_extension=<colcon_package_information.verb.list.ListVerb object at 0xffffaff47c40>, main=<bound method ListVerb.main of <colcon_package_information.verb.list.ListVerb object at 0xffffaff47c40>>)
[8.265s] Level 1:colcon.colcon_core.package_discovery:discover_packages(colcon_meta) check parameters
[8.266s] Level 1:colcon.colcon_core.package_discovery:discover_packages(recursive) check parameters
[8.266s] Level 1:colcon.colcon_core.package_discovery:discover_packages(ignore) check parameters
[8.267s] Level 1:colcon.colcon_core.package_discovery:discover_packages(path) check parameters
[8.267s] Level 1:colcon.colcon_core.package_discovery:discover_packages(recursive) discover
[8.268s] INFO:colcon.colcon_core.package_discovery:Crawling recursively for packages in '/home/lance/robot'
[8.269s] Level 1:colcon.colcon_core.package_identification:_identify(/home/lance/robot) by extensions ['ignore', 'ignore_ament_install']
[8.270s] Level 1:colcon.colcon_core.package_identification:_identify(/home/lance/robot) by extension 'ignore'
[8.271s] Level 1:colcon.colcon_core.package_identification:_identify(/home/lance/robot) by extension 'ignore_ament_install'
[8.272s] Level 1:colcon.colcon_core.package_identification:_identify(/home/lance/robot) by extensions ['colcon_pkg']
[8.272s] Level 1:colcon.colcon_core.package_identification:_identify(/home/lance/robot) by extension 'colcon_pkg'
[8.273s] Level 1:colcon.colcon_core.package_identification:_identify(/home/lance/robot) by extensions ['colcon_meta']
[8.273s] Level 1:colcon.colcon_core.package_identification:_identify(/home/lance/robot) by extension 'colcon_meta'
[8.273s] Level 1:colcon.colcon_core.package_identification:_identify(/home/lance/robot) by extensions ['ros']
[8.273s] Level 1:colcon.colcon_core.package_identification:_identify(/home/lance/robot) by extension 'ros'
[8.353s] Level 1:colcon.colcon_core.package_identification:_identify(/home/lance/robot) by extensions ['cmake', 'python']
[8.353s] Level 1:colcon.colcon_core.package_identification:_identify(/home/lance/robot) by extension 'cmake'
[8.354s] Level 1:colcon.colcon_core.package_identification:_identify(/home/lance/robot) by extension 'python'
[8.354s] Level 1:colcon.colcon_core.package_identification:_identify(/home/lance/robot) by extensions ['python_setup_py']
[8.355s] Level 1:colcon.colcon_core.package_identification:_identify(/home/lance/robot) by extension 'python_setup_py'
[8.357s] Level 1:colcon.colcon_core.package_identification:_identify(/home/lance/robot/build) by extensions ['ignore', 'ignore_ament_install']
[8.357s] Level 1:colcon.colcon_core.package_identification:_identify(/home/lance/robot/build) by extension 'ignore'
[8.358s] Level 1:colcon.colcon_core.package_identification:_identify(/home/lance/robot/build) ignored
[8.359s] Level 1:colcon.colcon_core.package_identification:_identify(/home/lance/robot/install) by extensions ['ignore', 'ignore_ament_install']
[8.360s] Level 1:colcon.colcon_core.package_identification:_identify(/home/lance/robot/install) by extension 'ignore'
[8.361s] Level 1:colcon.colcon_core.package_identification:_identify(/home/lance/robot/install) ignored
[8.362s] Level 1:colcon.colcon_core.package_identification:_identify(/home/lance/robot/log) by extensions ['ignore', 'ignore_ament_install']
[8.363s] Level 1:colcon.colcon_core.package_identification:_identify(/home/lance/robot/log) by extension 'ignore'
[8.364s] Level 1:colcon.colcon_core.package_identification:_identify(/home/lance/robot/log) ignored
[8.365s] Level 1:colcon.colcon_core.package_identification:_identify(/home/lance/robot/src) by extensions ['ignore', 'ignore_ament_install']
[8.366s] Level 1:colcon.colcon_core.package_identification:_identify(/home/lance/robot/src) by extension 'ignore'
[8.367s] Level 1:colcon.colcon_core.package_identification:_identify(/home/lance/robot/src) by extension 'ignore_ament_install'
[8.367s] Level 1:colcon.colcon_core.package_identification:_identify(/home/lance/robot/src) by extensions ['colcon_pkg']
[8.380s] Level 1:colcon.colcon_core.package_identification:_identify(/home/lance/robot/src) by extension 'colcon_pkg'
[8.381s] Level 1:colcon.colcon_core.package_identification:_identify(/home/lance/robot/src) by extensions ['colcon_meta']
[8.381s] Level 1:colcon.colcon_core.package_identification:_identify(/home/lance/robot/src) by extension 'colcon_meta'
[8.382s] Level 1:colcon.colcon_core.package_identification:_identify(/home/lance/robot/src) by extensions ['ros']
[8.382s] Level 1:colcon.colcon_core.package_identification:_identify(/home/lance/robot/src) by extension 'ros'
[8.383s] Level 1:colcon.colcon_core.package_identification:_identify(/home/lance/robot/src) by extensions ['cmake', 'python']
[8.384s] Level 1:colcon.colcon_core.package_identification:_identify(/home/lance/robot/src) by extension 'cmake'
[8.385s] Level 1:colcon.colcon_core.package_identification:_identify(/home/lance/robot/src) by extension 'python'
[8.385s] Level 1:colcon.colcon_core.package_identification:_identify(/home/lance/robot/src) by extensions ['python_setup_py']
[8.386s] Level 1:colcon.colcon_core.package_identification:_identify(/home/lance/robot/src) by extension 'python_setup_py'
[8.387s] Level 1:colcon.colcon_core.package_identification:_identify(/home/lance/robot/src/description) by extensions ['ignore', 'ignore_ament_install']
[8.396s] Level 1:colcon.colcon_core.package_identification:_identify(/home/lance/robot/src/description) by extension 'ignore'
[8.397s] Level 1:colcon.colcon_core.package_identification:_identify(/home/lance/robot/src/description) by extension 'ignore_ament_install'
[8.398s] Level 1:colcon.colcon_core.package_identification:_identify(/home/lance/robot/src/description) by extensions ['colcon_pkg']
[8.398s] Level 1:colcon.colcon_core.package_identification:_identify(/home/lance/robot/src/description) by extension 'colcon_pkg'
[8.399s] Level 1:colcon.colcon_core.package_identification:_identify(/home/lance/robot/src/description) by extensions ['colcon_meta']
[8.399s] Level 1:colcon.colcon_core.package_identification:_identify(/home/lance/robot/src/description) by extension 'colcon_meta'
[8.400s] Level 1:colcon.colcon_core.package_identification:_identify(/home/lance/robot/src/description) by extensions ['ros']
[8.400s] Level 1:colcon.colcon_core.package_identification:_identify(/home/lance/robot/src/description) by extension 'ros'
[8.427s] DEBUG:colcon.colcon_core.package_identification:Package '/home/lance/robot/src/description' with type 'ros.ament_cmake' and name 'description'
[8.428s] Level 1:colcon.colcon_core.package_identification:_identify(/home/lance/robot/src/motion_planning) by extensions ['ignore', 'ignore_ament_install']
[8.429s] Level 1:colcon.colcon_core.package_identification:_identify(/home/lance/robot/src/motion_planning) by extension 'ignore'
[8.429s] Level 1:colcon.colcon_core.package_identification:_identify(/home/lance/robot/src/motion_planning) by extension 'ignore_ament_install'
[8.430s] Level 1:colcon.colcon_core.package_identification:_identify(/home/lance/robot/src/motion_planning) by extensions ['colcon_pkg']
[8.440s] Level 1:colcon.colcon_core.package_identification:_identify(/home/lance/robot/src/motion_planning) by extension 'colcon_pkg'
[8.441s] Level 1:colcon.colcon_core.package_identification:_identify(/home/lance/robot/src/motion_planning) by extensions ['colcon_meta']
[8.441s] Level 1:colcon.colcon_core.package_identification:_identify(/home/lance/robot/src/motion_planning) by extension 'colcon_meta'
[8.442s] Level 1:colcon.colcon_core.package_identification:_identify(/home/lance/robot/src/motion_planning) by extensions ['ros']
[8.442s] Level 1:colcon.colcon_core.package_identification:_identify(/home/lance/robot/src/motion_planning) by extension 'ros'
[8.458s] DEBUG:colcon.colcon_core.package_identification:Package '/home/lance/robot/src/motion_planning' with type 'ros.ament_python' and name 'motion_planning'
[8.458s] Level 1:colcon.colcon_core.package_discovery:discover_packages(recursive) using defaults
