[7.452s] Invoking command in '/home/lance/robot/src/motion_planning': PYTHONPATH=/home/lance/robot/build/motion_planning/prefix_override:/home/lance/robot/install/motion_planning/lib/python3.10/site-packages:${PYTHONPATH} /usr/bin/python3 setup.py egg_info --egg-base ../../build/motion_planning build --build-base /home/lance/robot/build/motion_planning/build install --record /home/lance/robot/build/motion_planning/install.log --single-version-externally-managed
[9.308s] running egg_info
[9.312s] writing ../../build/motion_planning/motion_planning.egg-info/PKG-INFO
[9.316s] writing dependency_links to ../../build/motion_planning/motion_planning.egg-info/dependency_links.txt
[9.319s] writing entry points to ../../build/motion_planning/motion_planning.egg-info/entry_points.txt
[9.321s] writing requirements to ../../build/motion_planning/motion_planning.egg-info/requires.txt
[9.324s] writing top-level names to ../../build/motion_planning/motion_planning.egg-info/top_level.txt
[9.331s] reading manifest file '../../build/motion_planning/motion_planning.egg-info/SOURCES.txt'
[9.337s] writing manifest file '../../build/motion_planning/motion_planning.egg-info/SOURCES.txt'
[9.338s] running build
[9.339s] running build_py
[9.341s] running install
[9.343s] /usr/lib/python3/dist-packages/setuptools/command/install.py:34: SetuptoolsDeprecationWarning: setup.py install is deprecated. Use build and pip and other standards-based tools.
[9.344s]   warnings.warn(
[9.345s] running install_lib
[9.353s] running install_data
[9.356s] running install_egg_info
[9.376s] removing '/home/lance/robot/install/motion_planning/lib/python3.10/site-packages/motion_planning-0.0.0-py3.10.egg-info' (and everything under it)
[9.382s] Copying ../../build/motion_planning/motion_planning.egg-info to /home/lance/robot/install/motion_planning/lib/python3.10/site-packages/motion_planning-0.0.0-py3.10.egg-info
[9.395s] running install_scripts
[9.537s] writing list of installed files to '/home/lance/robot/build/motion_planning/install.log'
[9.823s] Invoked command in '/home/lance/robot/src/motion_planning' returned '0': PYTHONPATH=/home/lance/robot/build/motion_planning/prefix_override:/home/lance/robot/install/motion_planning/lib/python3.10/site-packages:${PYTHONPATH} /usr/bin/python3 setup.py egg_info --egg-base ../../build/motion_planning build --build-base /home/lance/robot/build/motion_planning/build install --record /home/lance/robot/build/motion_planning/install.log --single-version-externally-managed
