[0.284s] Invoking command in '/home/lance/robot/build/description': CMAKE_PREFIX_PATH=${CMAKE_PREFIX_PATH}:/home/lance/robot/install/robot_description:/home/lance/robot/install/motion_planning:/opt/ros/humble /usr/bin/cmake --build /home/lance/robot/build/description -- -j4 -l4
[3.466s] Invoked command in '/home/lance/robot/build/description' returned '0': CMAKE_PREFIX_PATH=${CMAKE_PREFIX_PATH}:/home/lance/robot/install/robot_description:/home/lance/robot/install/motion_planning:/opt/ros/humble /usr/bin/cmake --build /home/lance/robot/build/description -- -j4 -l4
[3.701s] Invoking command in '/home/lance/robot/build/description': CMAKE_PREFIX_PATH=${CMAKE_PREFIX_PATH}:/home/lance/robot/install/robot_description:/home/lance/robot/install/motion_planning:/opt/ros/humble /usr/bin/cmake --install /home/lance/robot/build/description
[3.761s] -- Install configuration: ""
[3.767s] -- Up-to-date: /home/lance/robot/install/description/share/ament_index/resource_index/package_run_dependencies/description
[3.769s] -- Up-to-date: /home/lance/robot/install/description/share/ament_index/resource_index/parent_prefix_path/description
[3.770s] -- Up-to-date: /home/lance/robot/install/description/share/description/environment/ament_prefix_path.sh
[3.773s] -- Up-to-date: /home/lance/robot/install/description/share/description/environment/ament_prefix_path.dsv
[3.775s] -- Up-to-date: /home/lance/robot/install/description/share/description/environment/path.sh
[3.777s] -- Up-to-date: /home/lance/robot/install/description/share/description/environment/path.dsv
[3.778s] -- Up-to-date: /home/lance/robot/install/description/share/description/local_setup.bash
[3.779s] -- Up-to-date: /home/lance/robot/install/description/share/description/local_setup.sh
[3.780s] -- Up-to-date: /home/lance/robot/install/description/share/description/local_setup.zsh
[3.780s] -- Up-to-date: /home/lance/robot/install/description/share/description/local_setup.dsv
[3.781s] -- Installing: /home/lance/robot/install/description/share/description/package.dsv
[3.783s] -- Up-to-date: /home/lance/robot/install/description/share/ament_index/resource_index/packages/description
[3.783s] -- Up-to-date: /home/lance/robot/install/description/share/description/cmake/descriptionConfig.cmake
[3.784s] -- Up-to-date: /home/lance/robot/install/description/share/description/cmake/descriptionConfig-version.cmake
[3.785s] -- Up-to-date: /home/lance/robot/install/description/share/description/package.xml
[3.805s] Invoked command in '/home/lance/robot/build/description' returned '0': CMAKE_PREFIX_PATH=${CMAKE_PREFIX_PATH}:/home/lance/robot/install/robot_description:/home/lance/robot/install/motion_planning:/opt/ros/humble /usr/bin/cmake --install /home/lance/robot/build/description
