[10.022s] DEBUG:colcon:Command line arguments: ['/usr/bin/colcon', 'list', '-p', '--base-paths', '/home/lance/robot']
[10.023s] DEBUG:colcon:Parsed command line arguments: Namespace(log_base=None, log_level=None, verb_name='list', build_base='build', ignore_user_meta=False, metas=['./colcon.meta'], base_paths=['/home/lance/robot'], packages_ignore=None, packages_ignore_regex=None, paths=None, packages_up_to=None, packages_up_to_regex=None, packages_above=None, packages_above_and_dependencies=None, packages_above_depth=None, packages_select_by_dep=None, packages_skip_by_dep=None, packages_skip_up_to=None, packages_select_build_failed=False, packages_skip_build_finished=False, packages_select_test_failures=False, packages_skip_test_passed=False, packages_select=None, packages_skip=None, packages_select_regex=None, packages_skip_regex=None, packages_start=None, packages_end=None, allow_overriding=[], topological_order=False, names_only=False, paths_only=True, topological_graph=False, topological_graph_dot=False, topological_graph_density=False, topological_graph_legend=False, topological_graph_dot_cluster=False, topological_graph_dot_include_skipped=False, verb_parser=<colcon_defaults.argument_parser.defaults.DefaultArgumentsDecorator object at 0xffff9a231750>, verb_extension=<colcon_package_information.verb.list.ListVerb object at 0xffff9a233730>, main=<bound method ListVerb.main of <colcon_package_information.verb.list.ListVerb object at 0xffff9a233730>>)
[10.332s] Level 1:colcon.colcon_core.package_discovery:discover_packages(colcon_meta) check parameters
[10.333s] Level 1:colcon.colcon_core.package_discovery:discover_packages(recursive) check parameters
[10.333s] Level 1:colcon.colcon_core.package_discovery:discover_packages(ignore) check parameters
[10.333s] Level 1:colcon.colcon_core.package_discovery:discover_packages(path) check parameters
[10.333s] Level 1:colcon.colcon_core.package_discovery:discover_packages(recursive) discover
[10.334s] INFO:colcon.colcon_core.package_discovery:Crawling recursively for packages in '/home/lance/robot'
[10.334s] Level 1:colcon.colcon_core.package_identification:_identify(/home/lance/robot) by extensions ['ignore', 'ignore_ament_install']
[10.335s] Level 1:colcon.colcon_core.package_identification:_identify(/home/lance/robot) by extension 'ignore'
[10.336s] Level 1:colcon.colcon_core.package_identification:_identify(/home/lance/robot) by extension 'ignore_ament_install'
[10.336s] Level 1:colcon.colcon_core.package_identification:_identify(/home/lance/robot) by extensions ['colcon_pkg']
[10.337s] Level 1:colcon.colcon_core.package_identification:_identify(/home/lance/robot) by extension 'colcon_pkg'
[10.337s] Level 1:colcon.colcon_core.package_identification:_identify(/home/lance/robot) by extensions ['colcon_meta']
[10.338s] Level 1:colcon.colcon_core.package_identification:_identify(/home/lance/robot) by extension 'colcon_meta'
[10.338s] Level 1:colcon.colcon_core.package_identification:_identify(/home/lance/robot) by extensions ['ros']
[10.338s] Level 1:colcon.colcon_core.package_identification:_identify(/home/lance/robot) by extension 'ros'
[10.413s] Level 1:colcon.colcon_core.package_identification:_identify(/home/lance/robot) by extensions ['cmake', 'python']
[10.414s] Level 1:colcon.colcon_core.package_identification:_identify(/home/lance/robot) by extension 'cmake'
[10.415s] Level 1:colcon.colcon_core.package_identification:_identify(/home/lance/robot) by extension 'python'
[10.415s] Level 1:colcon.colcon_core.package_identification:_identify(/home/lance/robot) by extensions ['python_setup_py']
[10.415s] Level 1:colcon.colcon_core.package_identification:_identify(/home/lance/robot) by extension 'python_setup_py'
[10.416s] Level 1:colcon.colcon_core.package_identification:_identify(/home/lance/robot/build) by extensions ['ignore', 'ignore_ament_install']
[10.417s] Level 1:colcon.colcon_core.package_identification:_identify(/home/lance/robot/build) by extension 'ignore'
[10.418s] Level 1:colcon.colcon_core.package_identification:_identify(/home/lance/robot/build) ignored
[10.419s] Level 1:colcon.colcon_core.package_identification:_identify(/home/lance/robot/install) by extensions ['ignore', 'ignore_ament_install']
[10.419s] Level 1:colcon.colcon_core.package_identification:_identify(/home/lance/robot/install) by extension 'ignore'
[10.420s] Level 1:colcon.colcon_core.package_identification:_identify(/home/lance/robot/install) ignored
[10.421s] Level 1:colcon.colcon_core.package_identification:_identify(/home/lance/robot/log) by extensions ['ignore', 'ignore_ament_install']
[10.422s] Level 1:colcon.colcon_core.package_identification:_identify(/home/lance/robot/log) by extension 'ignore'
[10.422s] Level 1:colcon.colcon_core.package_identification:_identify(/home/lance/robot/log) ignored
[10.423s] Level 1:colcon.colcon_core.package_identification:_identify(/home/lance/robot/src) by extensions ['ignore', 'ignore_ament_install']
[10.423s] Level 1:colcon.colcon_core.package_identification:_identify(/home/lance/robot/src) by extension 'ignore'
[10.424s] Level 1:colcon.colcon_core.package_identification:_identify(/home/lance/robot/src) by extension 'ignore_ament_install'
[10.424s] Level 1:colcon.colcon_core.package_identification:_identify(/home/lance/robot/src) by extensions ['colcon_pkg']
[10.424s] Level 1:colcon.colcon_core.package_identification:_identify(/home/lance/robot/src) by extension 'colcon_pkg'
[10.425s] Level 1:colcon.colcon_core.package_identification:_identify(/home/lance/robot/src) by extensions ['colcon_meta']
[10.425s] Level 1:colcon.colcon_core.package_identification:_identify(/home/lance/robot/src) by extension 'colcon_meta'
[10.426s] Level 1:colcon.colcon_core.package_identification:_identify(/home/lance/robot/src) by extensions ['ros']
[10.426s] Level 1:colcon.colcon_core.package_identification:_identify(/home/lance/robot/src) by extension 'ros'
[10.427s] Level 1:colcon.colcon_core.package_identification:_identify(/home/lance/robot/src) by extensions ['cmake', 'python']
[10.428s] Level 1:colcon.colcon_core.package_identification:_identify(/home/lance/robot/src) by extension 'cmake'
[10.428s] Level 1:colcon.colcon_core.package_identification:_identify(/home/lance/robot/src) by extension 'python'
[10.429s] Level 1:colcon.colcon_core.package_identification:_identify(/home/lance/robot/src) by extensions ['python_setup_py']
[10.429s] Level 1:colcon.colcon_core.package_identification:_identify(/home/lance/robot/src) by extension 'python_setup_py'
[10.430s] Level 1:colcon.colcon_core.package_identification:_identify(/home/lance/robot/src/description) by extensions ['ignore', 'ignore_ament_install']
[10.432s] Level 1:colcon.colcon_core.package_identification:_identify(/home/lance/robot/src/description) by extension 'ignore'
[10.432s] Level 1:colcon.colcon_core.package_identification:_identify(/home/lance/robot/src/description) by extension 'ignore_ament_install'
[10.433s] Level 1:colcon.colcon_core.package_identification:_identify(/home/lance/robot/src/description) by extensions ['colcon_pkg']
[10.434s] Level 1:colcon.colcon_core.package_identification:_identify(/home/lance/robot/src/description) by extension 'colcon_pkg'
[10.437s] Level 1:colcon.colcon_core.package_identification:_identify(/home/lance/robot/src/description) by extensions ['colcon_meta']
[10.437s] Level 1:colcon.colcon_core.package_identification:_identify(/home/lance/robot/src/description) by extension 'colcon_meta'
[10.438s] Level 1:colcon.colcon_core.package_identification:_identify(/home/lance/robot/src/description) by extensions ['ros']
[10.438s] Level 1:colcon.colcon_core.package_identification:_identify(/home/lance/robot/src/description) by extension 'ros'
[10.460s] DEBUG:colcon.colcon_core.package_identification:Package '/home/lance/robot/src/description' with type 'ros.ament_cmake' and name 'description'
[10.463s] Level 1:colcon.colcon_core.package_identification:_identify(/home/lance/robot/src/motion_planning) by extensions ['ignore', 'ignore_ament_install']
[10.466s] Level 1:colcon.colcon_core.package_identification:_identify(/home/lance/robot/src/motion_planning) by extension 'ignore'
[10.467s] Level 1:colcon.colcon_core.package_identification:_identify(/home/lance/robot/src/motion_planning) by extension 'ignore_ament_install'
[10.468s] Level 1:colcon.colcon_core.package_identification:_identify(/home/lance/robot/src/motion_planning) by extensions ['colcon_pkg']
[10.469s] Level 1:colcon.colcon_core.package_identification:_identify(/home/lance/robot/src/motion_planning) by extension 'colcon_pkg'
[10.470s] Level 1:colcon.colcon_core.package_identification:_identify(/home/lance/robot/src/motion_planning) by extensions ['colcon_meta']
[10.471s] Level 1:colcon.colcon_core.package_identification:_identify(/home/lance/robot/src/motion_planning) by extension 'colcon_meta'
[10.472s] Level 1:colcon.colcon_core.package_identification:_identify(/home/lance/robot/src/motion_planning) by extensions ['ros']
[10.473s] Level 1:colcon.colcon_core.package_identification:_identify(/home/lance/robot/src/motion_planning) by extension 'ros'
[10.480s] DEBUG:colcon.colcon_core.package_identification:Package '/home/lance/robot/src/motion_planning' with type 'ros.ament_python' and name 'motion_planning'
[10.482s] Level 1:colcon.colcon_core.package_identification:_identify(/home/lance/robot/src/robot_description) by extensions ['ignore', 'ignore_ament_install']
[10.484s] Level 1:colcon.colcon_core.package_identification:_identify(/home/lance/robot/src/robot_description) by extension 'ignore'
[10.485s] Level 1:colcon.colcon_core.package_identification:_identify(/home/lance/robot/src/robot_description) by extension 'ignore_ament_install'
[10.486s] Level 1:colcon.colcon_core.package_identification:_identify(/home/lance/robot/src/robot_description) by extensions ['colcon_pkg']
[10.487s] Level 1:colcon.colcon_core.package_identification:_identify(/home/lance/robot/src/robot_description) by extension 'colcon_pkg'
[10.488s] Level 1:colcon.colcon_core.package_identification:_identify(/home/lance/robot/src/robot_description) by extensions ['colcon_meta']
[10.489s] Level 1:colcon.colcon_core.package_identification:_identify(/home/lance/robot/src/robot_description) by extension 'colcon_meta'
[10.490s] Level 1:colcon.colcon_core.package_identification:_identify(/home/lance/robot/src/robot_description) by extensions ['ros']
[10.491s] Level 1:colcon.colcon_core.package_identification:_identify(/home/lance/robot/src/robot_description) by extension 'ros'
[10.506s] DEBUG:colcon.colcon_core.package_identification:Package '/home/lance/robot/src/robot_description' with type 'ros.ament_python' and name 'robot_description'
[10.507s] Level 1:colcon.colcon_core.package_discovery:discover_packages(recursive) using defaults
