[0.272s] Invoking command in '/home/lance/robot/build/description': CMAKE_PREFIX_PATH=${CMAKE_PREFIX_PATH}:/home/lance/robot/install/robot_description:/home/lance/robot/install/motion_planning:/opt/ros/humble /usr/bin/cmake --build /home/lance/robot/build/description -- -j4 -l4
[1.888s] Invoked command in '/home/lance/robot/build/description' returned '0': CMAKE_PREFIX_PATH=${CMAKE_PREFIX_PATH}:/home/lance/robot/install/robot_description:/home/lance/robot/install/motion_planning:/opt/ros/humble /usr/bin/cmake --build /home/lance/robot/build/description -- -j4 -l4
[3.575s] Invoking command in '/home/lance/robot/build/description': CMAKE_PREFIX_PATH=${CMAKE_PREFIX_PATH}:/home/lance/robot/install/robot_description:/home/lance/robot/install/motion_planning:/opt/ros/humble /usr/bin/cmake --install /home/lance/robot/build/description
[3.617s] -- Install configuration: ""
[3.621s] -- Up-to-date: /home/lance/robot/install/description/share/ament_index/resource_index/package_run_dependencies/description
[3.624s] -- Up-to-date: /home/lance/robot/install/description/share/ament_index/resource_index/parent_prefix_path/description
[3.634s] -- Up-to-date: /home/lance/robot/install/description/share/description/environment/ament_prefix_path.sh
[3.635s] -- Up-to-date: /home/lance/robot/install/description/share/description/environment/ament_prefix_path.dsv
[3.638s] -- Up-to-date: /home/lance/robot/install/description/share/description/environment/path.sh
[3.638s] -- Up-to-date: /home/lance/robot/install/description/share/description/environment/path.dsv
[3.640s] -- Up-to-date: /home/lance/robot/install/description/share/description/local_setup.bash
[3.641s] -- Up-to-date: /home/lance/robot/install/description/share/description/local_setup.sh
[3.652s] -- Up-to-date: /home/lance/robot/install/description/share/description/local_setup.zsh
[3.665s] -- Up-to-date: /home/lance/robot/install/description/share/description/local_setup.dsv
[3.672s] -- Installing: /home/lance/robot/install/description/share/description/package.dsv
[3.673s] -- Up-to-date: /home/lance/robot/install/description/share/ament_index/resource_index/packages/description
[3.673s] -- Up-to-date: /home/lance/robot/install/description/share/description/cmake/descriptionConfig.cmake
[3.674s] -- Up-to-date: /home/lance/robot/install/description/share/description/cmake/descriptionConfig-version.cmake
[3.675s] -- Up-to-date: /home/lance/robot/install/description/share/description/package.xml
[3.676s] Invoked command in '/home/lance/robot/build/description' returned '0': CMAKE_PREFIX_PATH=${CMAKE_PREFIX_PATH}:/home/lance/robot/install/robot_description:/home/lance/robot/install/motion_planning:/opt/ros/humble /usr/bin/cmake --install /home/lance/robot/build/description
