[8.426s] Invoking command in '/home/lance/robot/src/motion_planning': PYTHONPATH=/home/lance/robot/build/motion_planning/prefix_override:/home/lance/robot/install/motion_planning/lib/python3.10/site-packages:${PYTHONPATH} /usr/bin/python3 setup.py egg_info --egg-base ../../build/motion_planning build --build-base /home/lance/robot/build/motion_planning/build install --record /home/lance/robot/build/motion_planning/install.log --single-version-externally-managed
[10.806s] running egg_info
[10.809s] writing ../../build/motion_planning/motion_planning.egg-info/PKG-INFO
[10.811s] writing dependency_links to ../../build/motion_planning/motion_planning.egg-info/dependency_links.txt
[10.813s] writing entry points to ../../build/motion_planning/motion_planning.egg-info/entry_points.txt
[10.814s] writing requirements to ../../build/motion_planning/motion_planning.egg-info/requires.txt
[10.815s] writing top-level names to ../../build/motion_planning/motion_planning.egg-info/top_level.txt
[10.825s] reading manifest file '../../build/motion_planning/motion_planning.egg-info/SOURCES.txt'
[10.829s] writing manifest file '../../build/motion_planning/motion_planning.egg-info/SOURCES.txt'
[10.830s] running build
[10.831s] running build_py
[10.833s] running install
[10.835s] running install_lib
[10.862s] running install_data
[10.862s] running install_egg_info
[10.863s] removing '/home/lance/robot/install/motion_planning/lib/python3.10/site-packages/motion_planning-0.0.0-py3.10.egg-info' (and everything under it)
[10.864s] Copying ../../build/motion_planning/motion_planning.egg-info to /home/lance/robot/install/motion_planning/lib/python3.10/site-packages/motion_planning-0.0.0-py3.10.egg-info
[10.872s] running install_scripts
[11.002s] Installing mp script to /home/lance/robot/install/motion_planning/lib/motion_planning
[11.004s] writing list of installed files to '/home/lance/robot/build/motion_planning/install.log'
[11.215s] Invoked command in '/home/lance/robot/src/motion_planning' returned '0': PYTHONPATH=/home/lance/robot/build/motion_planning/prefix_override:/home/lance/robot/install/motion_planning/lib/python3.10/site-packages:${PYTHONPATH} /usr/bin/python3 setup.py egg_info --egg-base ../../build/motion_planning build --build-base /home/lance/robot/build/motion_planning/build install --record /home/lance/robot/build/motion_planning/install.log --single-version-externally-managed
