[5.322s] Invoking command in '/home/lance/robot/src/robot_description': PYTHONPATH=/home/lance/robot/build/robot_description/prefix_override:/home/lance/robot/install/robot_description/lib/python3.10/site-packages:${PYTHONPATH} /usr/bin/python3 setup.py egg_info --egg-base ../../build/robot_description build --build-base /home/lance/robot/build/robot_description/build install --record /home/lance/robot/build/robot_description/install.log --single-version-externally-managed
[6.801s] running egg_info
[6.804s] writing ../../build/robot_description/robot_description.egg-info/PKG-INFO
[6.807s] writing dependency_links to ../../build/robot_description/robot_description.egg-info/dependency_links.txt
[6.808s] writing entry points to ../../build/robot_description/robot_description.egg-info/entry_points.txt
[6.809s] writing requirements to ../../build/robot_description/robot_description.egg-info/requires.txt
[6.810s] writing top-level names to ../../build/robot_description/robot_description.egg-info/top_level.txt
[6.821s] reading manifest file '../../build/robot_description/robot_description.egg-info/SOURCES.txt'
[6.827s] writing manifest file '../../build/robot_description/robot_description.egg-info/SOURCES.txt'
[6.830s] running build
[6.832s] running build_py
[6.834s] running install
[6.834s] /usr/lib/python3/dist-packages/setuptools/command/install.py:34: SetuptoolsDeprecationWarning: setup.py install is deprecated. Use build and pip and other standards-based tools.
[6.835s]   warnings.warn(
[6.836s] running install_lib
[6.841s] running install_data
[6.844s] copying urdf/mycobot_with_vision_v2.urdf -> /home/lance/robot/install/robot_description/sharerobot_description/urdf
[6.848s] running install_egg_info
[6.858s] removing '/home/lance/robot/install/robot_description/lib/python3.10/site-packages/robot_description-0.0.0-py3.10.egg-info' (and everything under it)
[6.860s] Copying ../../build/robot_description/robot_description.egg-info to /home/lance/robot/install/robot_description/lib/python3.10/site-packages/robot_description-0.0.0-py3.10.egg-info
[6.881s] running install_scripts
[7.023s] writing list of installed files to '/home/lance/robot/build/robot_description/install.log'
[7.244s] Invoked command in '/home/lance/robot/src/robot_description' returned '0': PYTHONPATH=/home/lance/robot/build/robot_description/prefix_override:/home/lance/robot/install/robot_description/lib/python3.10/site-packages:${PYTHONPATH} /usr/bin/python3 setup.py egg_info --egg-base ../../build/robot_description build --build-base /home/lance/robot/build/robot_description/build install --record /home/lance/robot/build/robot_description/install.log --single-version-externally-managed
