[3.589s] DEBUG:colcon:Command line arguments: ['/usr/bin/colcon', 'build', '--symlink-install', '--packages-select', 'coord_controller']
[3.589s] DEBUG:colcon:Parsed command line arguments: Namespace(log_base=None, log_level=None, verb_name='build', build_base='build', install_base='install', merge_install=False, symlink_install=True, test_result_base=None, continue_on_error=False, executor='parallel', parallel_workers=4, event_handlers=None, ignore_user_meta=False, metas=['./colcon.meta'], base_paths=['.'], packages_ignore=None, packages_ignore_regex=None, paths=None, packages_up_to=None, packages_up_to_regex=None, packages_above=None, packages_above_and_dependencies=None, packages_above_depth=None, packages_select_by_dep=None, packages_skip_by_dep=None, packages_skip_up_to=None, packages_select_build_failed=False, packages_skip_build_finished=False, packages_select_test_failures=False, packages_skip_test_passed=False, packages_select=['coord_controller'], packages_skip=None, packages_select_regex=None, packages_skip_regex=None, packages_start=None, packages_end=None, allow_overriding=[], cmake_args=None, cmake_target=None, cmake_target_skip_unavailable=False, cmake_clean_cache=False, cmake_clean_first=False, cmake_force_configure=False, ament_cmake_args=None, catkin_cmake_args=None, catkin_skip_building_tests=False, verb_parser=<colcon_defaults.argument_parser.defaults.DefaultArgumentsDecorator object at 0xffffac4e1060>, verb_extension=<colcon_core.verb.build.BuildVerb object at 0xffffac4e0af0>, main=<bound method BuildVerb.main of <colcon_core.verb.build.BuildVerb object at 0xffffac4e0af0>>)
[3.834s] Level 1:colcon.colcon_core.package_discovery:discover_packages(colcon_meta) check parameters
[3.834s] Level 1:colcon.colcon_core.package_discovery:discover_packages(recursive) check parameters
[3.834s] Level 1:colcon.colcon_core.package_discovery:discover_packages(ignore) check parameters
[3.834s] Level 1:colcon.colcon_core.package_discovery:discover_packages(path) check parameters
[3.835s] Level 1:colcon.colcon_core.package_discovery:discover_packages(colcon_meta) discover
[3.835s] Level 1:colcon.colcon_core.package_discovery:discover_packages(recursive) discover
[3.835s] INFO:colcon.colcon_core.package_discovery:Crawling recursively for packages in '/home/lance/robot'
[3.835s] Level 1:colcon.colcon_core.package_identification:_identify(.) by extensions ['ignore', 'ignore_ament_install']
[3.836s] Level 1:colcon.colcon_core.package_identification:_identify(.) by extension 'ignore'
[3.836s] Level 1:colcon.colcon_core.package_identification:_identify(.) by extension 'ignore_ament_install'
[3.836s] Level 1:colcon.colcon_core.package_identification:_identify(.) by extensions ['colcon_pkg']
[3.837s] Level 1:colcon.colcon_core.package_identification:_identify(.) by extension 'colcon_pkg'
[3.837s] Level 1:colcon.colcon_core.package_identification:_identify(.) by extensions ['colcon_meta']
[3.837s] Level 1:colcon.colcon_core.package_identification:_identify(.) by extension 'colcon_meta'
[3.837s] Level 1:colcon.colcon_core.package_identification:_identify(.) by extensions ['ros']
[3.837s] Level 1:colcon.colcon_core.package_identification:_identify(.) by extension 'ros'
[3.903s] Level 1:colcon.colcon_core.package_identification:_identify(.) by extensions ['cmake', 'python']
[3.904s] Level 1:colcon.colcon_core.package_identification:_identify(.) by extension 'cmake'
[3.904s] Level 1:colcon.colcon_core.package_identification:_identify(.) by extension 'python'
[3.904s] Level 1:colcon.colcon_core.package_identification:_identify(.) by extensions ['python_setup_py']
[3.904s] Level 1:colcon.colcon_core.package_identification:_identify(.) by extension 'python_setup_py'
[3.905s] Level 1:colcon.colcon_core.package_identification:_identify(build) by extensions ['ignore', 'ignore_ament_install']
[3.905s] Level 1:colcon.colcon_core.package_identification:_identify(build) by extension 'ignore'
[3.905s] Level 1:colcon.colcon_core.package_identification:_identify(build) ignored
[3.906s] Level 1:colcon.colcon_core.package_identification:_identify(install) by extensions ['ignore', 'ignore_ament_install']
[3.906s] Level 1:colcon.colcon_core.package_identification:_identify(install) by extension 'ignore'
[3.907s] Level 1:colcon.colcon_core.package_identification:_identify(install) ignored
[3.907s] Level 1:colcon.colcon_core.package_identification:_identify(log) by extensions ['ignore', 'ignore_ament_install']
[3.908s] Level 1:colcon.colcon_core.package_identification:_identify(log) by extension 'ignore'
[3.908s] Level 1:colcon.colcon_core.package_identification:_identify(log) ignored
[3.908s] Level 1:colcon.colcon_core.package_identification:_identify(src) by extensions ['ignore', 'ignore_ament_install']
[3.909s] Level 1:colcon.colcon_core.package_identification:_identify(src) by extension 'ignore'
[3.909s] Level 1:colcon.colcon_core.package_identification:_identify(src) by extension 'ignore_ament_install'
[3.909s] Level 1:colcon.colcon_core.package_identification:_identify(src) by extensions ['colcon_pkg']
[3.909s] Level 1:colcon.colcon_core.package_identification:_identify(src) by extension 'colcon_pkg'
[3.909s] Level 1:colcon.colcon_core.package_identification:_identify(src) by extensions ['colcon_meta']
[3.910s] Level 1:colcon.colcon_core.package_identification:_identify(src) by extension 'colcon_meta'
[3.910s] Level 1:colcon.colcon_core.package_identification:_identify(src) by extensions ['ros']
[3.910s] Level 1:colcon.colcon_core.package_identification:_identify(src) by extension 'ros'
[3.910s] Level 1:colcon.colcon_core.package_identification:_identify(src) by extensions ['cmake', 'python']
[3.910s] Level 1:colcon.colcon_core.package_identification:_identify(src) by extension 'cmake'
[3.911s] Level 1:colcon.colcon_core.package_identification:_identify(src) by extension 'python'
[3.911s] Level 1:colcon.colcon_core.package_identification:_identify(src) by extensions ['python_setup_py']
[3.911s] Level 1:colcon.colcon_core.package_identification:_identify(src) by extension 'python_setup_py'
[3.912s] Level 1:colcon.colcon_core.package_identification:_identify(src/block_mover) by extensions ['ignore', 'ignore_ament_install']
[3.913s] Level 1:colcon.colcon_core.package_identification:_identify(src/block_mover) by extension 'ignore'
[3.913s] Level 1:colcon.colcon_core.package_identification:_identify(src/block_mover) by extension 'ignore_ament_install'
[3.913s] Level 1:colcon.colcon_core.package_identification:_identify(src/block_mover) by extensions ['colcon_pkg']
[3.913s] Level 1:colcon.colcon_core.package_identification:_identify(src/block_mover) by extension 'colcon_pkg'
[3.913s] Level 1:colcon.colcon_core.package_identification:_identify(src/block_mover) by extensions ['colcon_meta']
[3.913s] Level 1:colcon.colcon_core.package_identification:_identify(src/block_mover) by extension 'colcon_meta'
[3.914s] Level 1:colcon.colcon_core.package_identification:_identify(src/block_mover) by extensions ['ros']
[3.914s] Level 1:colcon.colcon_core.package_identification:_identify(src/block_mover) by extension 'ros'
[3.931s] DEBUG:colcon.colcon_core.package_identification:Package 'src/block_mover' with type 'ros.ament_python' and name 'block_mover'
[3.933s] Level 1:colcon.colcon_core.package_identification:_identify(src/bringup) by extensions ['ignore', 'ignore_ament_install']
[3.933s] Level 1:colcon.colcon_core.package_identification:_identify(src/bringup) by extension 'ignore'
[3.934s] Level 1:colcon.colcon_core.package_identification:_identify(src/bringup) by extension 'ignore_ament_install'
[3.934s] Level 1:colcon.colcon_core.package_identification:_identify(src/bringup) by extensions ['colcon_pkg']
[3.934s] Level 1:colcon.colcon_core.package_identification:_identify(src/bringup) by extension 'colcon_pkg'
[3.934s] Level 1:colcon.colcon_core.package_identification:_identify(src/bringup) by extensions ['colcon_meta']
[3.934s] Level 1:colcon.colcon_core.package_identification:_identify(src/bringup) by extension 'colcon_meta'
[3.935s] Level 1:colcon.colcon_core.package_identification:_identify(src/bringup) by extensions ['ros']
[3.935s] Level 1:colcon.colcon_core.package_identification:_identify(src/bringup) by extension 'ros'
[3.938s] DEBUG:colcon.colcon_core.package_identification:Package 'src/bringup' with type 'ros.ament_python' and name 'bringup'
[3.940s] Level 1:colcon.colcon_core.package_identification:_identify(src/computer_vision) by extensions ['ignore', 'ignore_ament_install']
[3.941s] Level 1:colcon.colcon_core.package_identification:_identify(src/computer_vision) by extension 'ignore'
[3.941s] Level 1:colcon.colcon_core.package_identification:_identify(src/computer_vision) by extension 'ignore_ament_install'
[3.941s] Level 1:colcon.colcon_core.package_identification:_identify(src/computer_vision) by extensions ['colcon_pkg']
[3.941s] Level 1:colcon.colcon_core.package_identification:_identify(src/computer_vision) by extension 'colcon_pkg'
[3.942s] Level 1:colcon.colcon_core.package_identification:_identify(src/computer_vision) by extensions ['colcon_meta']
[3.942s] Level 1:colcon.colcon_core.package_identification:_identify(src/computer_vision) by extension 'colcon_meta'
[3.942s] Level 1:colcon.colcon_core.package_identification:_identify(src/computer_vision) by extensions ['ros']
[3.942s] Level 1:colcon.colcon_core.package_identification:_identify(src/computer_vision) by extension 'ros'
[3.945s] DEBUG:colcon.colcon_core.package_identification:Failed to parse potential ROS package manifest in'src/computer_vision': Error(s) in package 'src/computer_vision/package.xml':
The manifest contains invalid XML:
mismatched tag: line 12, column 37
[3.946s] Level 1:colcon.colcon_core.package_identification:_identify(src/computer_vision) by extensions ['cmake', 'python']
[3.946s] Level 1:colcon.colcon_core.package_identification:_identify(src/computer_vision) by extension 'cmake'
[3.946s] Level 1:colcon.colcon_core.package_identification:_identify(src/computer_vision) by extension 'python'
[3.947s] DEBUG:colcon.colcon_core.package_identification:Python package in 'src/computer_vision' passes arguments to the setup() function which requires a different identification extension than 'python'
[3.948s] Level 1:colcon.colcon_core.package_identification:_identify(src/computer_vision) by extensions ['python_setup_py']
[3.948s] Level 1:colcon.colcon_core.package_identification:_identify(src/computer_vision) by extension 'python_setup_py'
[5.397s] DEBUG:colcon.colcon_core.package_identification:Package 'src/computer_vision' with type 'python' and name 'computer_vision'
[5.398s] Level 1:colcon.colcon_core.package_identification:_identify(src/controllers) by extensions ['ignore', 'ignore_ament_install']
[5.398s] Level 1:colcon.colcon_core.package_identification:_identify(src/controllers) by extension 'ignore'
[5.398s] Level 1:colcon.colcon_core.package_identification:_identify(src/controllers) by extension 'ignore_ament_install'
[5.399s] Level 1:colcon.colcon_core.package_identification:_identify(src/controllers) by extensions ['colcon_pkg']
[5.399s] Level 1:colcon.colcon_core.package_identification:_identify(src/controllers) by extension 'colcon_pkg'
[5.399s] Level 1:colcon.colcon_core.package_identification:_identify(src/controllers) by extensions ['colcon_meta']
[5.399s] Level 1:colcon.colcon_core.package_identification:_identify(src/controllers) by extension 'colcon_meta'
[5.399s] Level 1:colcon.colcon_core.package_identification:_identify(src/controllers) by extensions ['ros']
[5.399s] Level 1:colcon.colcon_core.package_identification:_identify(src/controllers) by extension 'ros'
[5.403s] DEBUG:colcon.colcon_core.package_identification:Package 'src/controllers' with type 'ros.ament_python' and name 'controllers'
[5.404s] Level 1:colcon.colcon_core.package_identification:_identify(src/coord_controller) by extensions ['ignore', 'ignore_ament_install']
[5.404s] Level 1:colcon.colcon_core.package_identification:_identify(src/coord_controller) by extension 'ignore'
[5.405s] Level 1:colcon.colcon_core.package_identification:_identify(src/coord_controller) by extension 'ignore_ament_install'
[5.405s] Level 1:colcon.colcon_core.package_identification:_identify(src/coord_controller) by extensions ['colcon_pkg']
[5.405s] Level 1:colcon.colcon_core.package_identification:_identify(src/coord_controller) by extension 'colcon_pkg'
[5.405s] Level 1:colcon.colcon_core.package_identification:_identify(src/coord_controller) by extensions ['colcon_meta']
[5.405s] Level 1:colcon.colcon_core.package_identification:_identify(src/coord_controller) by extension 'colcon_meta'
[5.406s] Level 1:colcon.colcon_core.package_identification:_identify(src/coord_controller) by extensions ['ros']
[5.406s] Level 1:colcon.colcon_core.package_identification:_identify(src/coord_controller) by extension 'ros'
[5.410s] DEBUG:colcon.colcon_core.package_identification:Package 'src/coord_controller' with type 'ros.ament_python' and name 'coord_controller'
[5.411s] Level 1:colcon.colcon_core.package_identification:_identify(src/motion_planning) by extensions ['ignore', 'ignore_ament_install']
[5.411s] Level 1:colcon.colcon_core.package_identification:_identify(src/motion_planning) by extension 'ignore'
[5.411s] Level 1:colcon.colcon_core.package_identification:_identify(src/motion_planning) by extension 'ignore_ament_install'
[5.412s] Level 1:colcon.colcon_core.package_identification:_identify(src/motion_planning) by extensions ['colcon_pkg']
[5.412s] Level 1:colcon.colcon_core.package_identification:_identify(src/motion_planning) by extension 'colcon_pkg'
[5.412s] Level 1:colcon.colcon_core.package_identification:_identify(src/motion_planning) by extensions ['colcon_meta']
[5.412s] Level 1:colcon.colcon_core.package_identification:_identify(src/motion_planning) by extension 'colcon_meta'
[5.413s] Level 1:colcon.colcon_core.package_identification:_identify(src/motion_planning) by extensions ['ros']
[5.413s] Level 1:colcon.colcon_core.package_identification:_identify(src/motion_planning) by extension 'ros'
[5.416s] DEBUG:colcon.colcon_core.package_identification:Package 'src/motion_planning' with type 'ros.ament_python' and name 'motion_planning'
[5.417s] Level 1:colcon.colcon_core.package_identification:_identify(src/moveit_config) by extensions ['ignore', 'ignore_ament_install']
[5.418s] Level 1:colcon.colcon_core.package_identification:_identify(src/moveit_config) by extension 'ignore'
[5.418s] Level 1:colcon.colcon_core.package_identification:_identify(src/moveit_config) by extension 'ignore_ament_install'
[5.419s] Level 1:colcon.colcon_core.package_identification:_identify(src/moveit_config) by extensions ['colcon_pkg']
[5.419s] Level 1:colcon.colcon_core.package_identification:_identify(src/moveit_config) by extension 'colcon_pkg'
[5.419s] Level 1:colcon.colcon_core.package_identification:_identify(src/moveit_config) by extensions ['colcon_meta']
[5.420s] Level 1:colcon.colcon_core.package_identification:_identify(src/moveit_config) by extension 'colcon_meta'
[5.420s] Level 1:colcon.colcon_core.package_identification:_identify(src/moveit_config) by extensions ['ros']
[5.420s] Level 1:colcon.colcon_core.package_identification:_identify(src/moveit_config) by extension 'ros'
[5.426s] DEBUG:colcon.colcon_core.package_identification:Package 'src/moveit_config' with type 'ros.ament_cmake' and name 'moveit_config'
[5.427s] Level 1:colcon.colcon_core.package_identification:_identify(src/my_cobot_hardware_interface) by extensions ['ignore', 'ignore_ament_install']
[5.428s] Level 1:colcon.colcon_core.package_identification:_identify(src/my_cobot_hardware_interface) by extension 'ignore'
[5.428s] Level 1:colcon.colcon_core.package_identification:_identify(src/my_cobot_hardware_interface) by extension 'ignore_ament_install'
[5.428s] Level 1:colcon.colcon_core.package_identification:_identify(src/my_cobot_hardware_interface) by extensions ['colcon_pkg']
[5.428s] Level 1:colcon.colcon_core.package_identification:_identify(src/my_cobot_hardware_interface) by extension 'colcon_pkg'
[5.429s] Level 1:colcon.colcon_core.package_identification:_identify(src/my_cobot_hardware_interface) by extensions ['colcon_meta']
[5.429s] Level 1:colcon.colcon_core.package_identification:_identify(src/my_cobot_hardware_interface) by extension 'colcon_meta'
[5.429s] Level 1:colcon.colcon_core.package_identification:_identify(src/my_cobot_hardware_interface) by extensions ['ros']
[5.429s] Level 1:colcon.colcon_core.package_identification:_identify(src/my_cobot_hardware_interface) by extension 'ros'
[5.432s] DEBUG:colcon.colcon_core.package_identification:Package 'src/my_cobot_hardware_interface' with type 'ros.ament_cmake' and name 'my_cobot_hardware_interface'
[5.434s] Level 1:colcon.colcon_core.package_identification:_identify(src/my_cobot_interfaces) by extensions ['ignore', 'ignore_ament_install']
[5.434s] Level 1:colcon.colcon_core.package_identification:_identify(src/my_cobot_interfaces) by extension 'ignore'
[5.434s] Level 1:colcon.colcon_core.package_identification:_identify(src/my_cobot_interfaces) by extension 'ignore_ament_install'
[5.435s] Level 1:colcon.colcon_core.package_identification:_identify(src/my_cobot_interfaces) by extensions ['colcon_pkg']
[5.435s] Level 1:colcon.colcon_core.package_identification:_identify(src/my_cobot_interfaces) by extension 'colcon_pkg'
[5.435s] Level 1:colcon.colcon_core.package_identification:_identify(src/my_cobot_interfaces) by extensions ['colcon_meta']
[5.435s] Level 1:colcon.colcon_core.package_identification:_identify(src/my_cobot_interfaces) by extension 'colcon_meta'
[5.435s] Level 1:colcon.colcon_core.package_identification:_identify(src/my_cobot_interfaces) by extensions ['ros']
[5.435s] Level 1:colcon.colcon_core.package_identification:_identify(src/my_cobot_interfaces) by extension 'ros'
[5.439s] DEBUG:colcon.colcon_core.package_identification:Package 'src/my_cobot_interfaces' with type 'ros.ament_cmake' and name 'my_cobot_interfaces'
[5.443s] Level 1:colcon.colcon_core.package_identification:_identify(src/robot_description) by extensions ['ignore', 'ignore_ament_install']
[5.444s] Level 1:colcon.colcon_core.package_identification:_identify(src/robot_description) by extension 'ignore'
[5.444s] Level 1:colcon.colcon_core.package_identification:_identify(src/robot_description) by extension 'ignore_ament_install'
[5.444s] Level 1:colcon.colcon_core.package_identification:_identify(src/robot_description) by extensions ['colcon_pkg']
[5.445s] Level 1:colcon.colcon_core.package_identification:_identify(src/robot_description) by extension 'colcon_pkg'
[5.445s] Level 1:colcon.colcon_core.package_identification:_identify(src/robot_description) by extensions ['colcon_meta']
[5.445s] Level 1:colcon.colcon_core.package_identification:_identify(src/robot_description) by extension 'colcon_meta'
[5.445s] Level 1:colcon.colcon_core.package_identification:_identify(src/robot_description) by extensions ['ros']
[5.445s] Level 1:colcon.colcon_core.package_identification:_identify(src/robot_description) by extension 'ros'
[5.449s] DEBUG:colcon.colcon_core.package_identification:Package 'src/robot_description' with type 'ros.ament_python' and name 'robot_description'
[5.449s] Level 1:colcon.colcon_core.package_discovery:discover_packages(recursive) using defaults
[5.449s] Level 1:colcon.colcon_core.package_discovery:discover_packages(ignore) discover
[5.450s] Level 1:colcon.colcon_core.package_discovery:discover_packages(ignore) using defaults
[5.450s] Level 1:colcon.colcon_core.package_discovery:discover_packages(path) discover
[5.450s] Level 1:colcon.colcon_core.package_discovery:discover_packages(path) using defaults
[5.646s] INFO:colcon.colcon_core.package_selection:Skipping not selected package 'block_mover' in 'src/block_mover'
[5.647s] INFO:colcon.colcon_core.package_selection:Skipping not selected package 'bringup' in 'src/bringup'
[5.647s] INFO:colcon.colcon_core.package_selection:Skipping not selected package 'computer_vision' in 'src/computer_vision'
[5.647s] INFO:colcon.colcon_core.package_selection:Skipping not selected package 'motion_planning' in 'src/motion_planning'
[5.647s] INFO:colcon.colcon_core.package_selection:Skipping not selected package 'my_cobot_interfaces' in 'src/my_cobot_interfaces'
[5.647s] INFO:colcon.colcon_core.package_selection:Skipping not selected package 'robot_description' in 'src/robot_description'
[5.647s] INFO:colcon.colcon_core.package_selection:Skipping not selected package 'controllers' in 'src/controllers'
[5.647s] INFO:colcon.colcon_core.package_selection:Skipping not selected package 'my_cobot_hardware_interface' in 'src/my_cobot_hardware_interface'
[5.648s] INFO:colcon.colcon_core.package_selection:Skipping not selected package 'moveit_config' in 'src/moveit_config'
[5.653s] Level 1:colcon.colcon_core.package_discovery:discover_packages(prefix_path) check parameters
[5.653s] Level 1:colcon.colcon_core.package_discovery:discover_packages(prefix_path) discover
[5.684s] DEBUG:colcon.colcon_installed_package_information.package_discovery:Found 1 installed packages in /home/lance/moveit2_ws/install
[5.706s] DEBUG:colcon.colcon_installed_package_information.package_discovery:Found 9 installed packages in /home/lance/robot/install
[5.728s] DEBUG:colcon.colcon_installed_package_information.package_discovery:Found 349 installed packages in /opt/ros/humble
[5.737s] Level 1:colcon.colcon_core.package_discovery:discover_packages(prefix_path) using defaults
[6.098s] Level 5:colcon.colcon_core.verb:set package 'coord_controller' build argument 'cmake_args' from command line to 'None'
[6.098s] Level 5:colcon.colcon_core.verb:set package 'coord_controller' build argument 'cmake_target' from command line to 'None'
[6.098s] Level 5:colcon.colcon_core.verb:set package 'coord_controller' build argument 'cmake_target_skip_unavailable' from command line to 'False'
[6.099s] Level 5:colcon.colcon_core.verb:set package 'coord_controller' build argument 'cmake_clean_cache' from command line to 'False'
[6.099s] Level 5:colcon.colcon_core.verb:set package 'coord_controller' build argument 'cmake_clean_first' from command line to 'False'
[6.099s] Level 5:colcon.colcon_core.verb:set package 'coord_controller' build argument 'cmake_force_configure' from command line to 'False'
[6.099s] Level 5:colcon.colcon_core.verb:set package 'coord_controller' build argument 'ament_cmake_args' from command line to 'None'
[6.099s] Level 5:colcon.colcon_core.verb:set package 'coord_controller' build argument 'catkin_cmake_args' from command line to 'None'
[6.099s] Level 5:colcon.colcon_core.verb:set package 'coord_controller' build argument 'catkin_skip_building_tests' from command line to 'False'
[6.099s] DEBUG:colcon.colcon_core.verb:Building package 'coord_controller' with the following arguments: {'ament_cmake_args': None, 'build_base': '/home/lance/robot/build/coord_controller', 'catkin_cmake_args': None, 'catkin_skip_building_tests': False, 'cmake_args': None, 'cmake_clean_cache': False, 'cmake_clean_first': False, 'cmake_force_configure': False, 'cmake_target': None, 'cmake_target_skip_unavailable': False, 'install_base': '/home/lance/robot/install/coord_controller', 'merge_install': False, 'path': '/home/lance/robot/src/coord_controller', 'symlink_install': True, 'test_result_base': None}
[6.105s] INFO:colcon.colcon_core.executor:Executing jobs using 'parallel' executor
[6.133s] DEBUG:colcon.colcon_parallel_executor.executor.parallel:run_until_complete
[6.134s] INFO:colcon.colcon_ros.task.ament_python.build:Building ROS package in '/home/lance/robot/src/coord_controller' with build type 'ament_python'
[6.135s] Level 1:colcon.colcon_core.shell:create_environment_hook('coord_controller', 'ament_prefix_path')
[6.185s] INFO:colcon.colcon_core.plugin_system:Skipping extension 'colcon_core.shell.bat': Not used on non-Windows systems
[6.186s] INFO:colcon.colcon_core.shell:Creating environment hook '/home/lance/robot/install/coord_controller/share/coord_controller/hook/ament_prefix_path.ps1'
[6.192s] INFO:colcon.colcon_core.shell:Creating environment descriptor '/home/lance/robot/install/coord_controller/share/coord_controller/hook/ament_prefix_path.dsv'
[6.196s] INFO:colcon.colcon_core.shell:Creating environment hook '/home/lance/robot/install/coord_controller/share/coord_controller/hook/ament_prefix_path.sh'
[6.216s] INFO:colcon.colcon_core.shell:Skip shell extension 'powershell' for command environment: Not usable outside of PowerShell
[6.217s] DEBUG:colcon.colcon_core.shell:Skip shell extension 'dsv' for command environment
[7.860s] INFO:colcon.colcon_core.task.python.build:Building Python package in '/home/lance/robot/src/coord_controller'
[7.873s] INFO:colcon.colcon_core.shell:Skip shell extension 'powershell' for command environment: Not usable outside of PowerShell
[7.873s] DEBUG:colcon.colcon_core.shell:Skip shell extension 'dsv' for command environment
[10.469s] DEBUG:colcon.colcon_core.task.python.build:While undoing a previous installation files outside the Python library path are being ignored: /home/lance/robot/install/coord_controller/share/ament_index/resource_index/packages/coord_controller
[10.470s] DEBUG:colcon.colcon_core.task.python.build:While undoing a previous installation files outside the Python library path are being ignored: /home/lance/robot/install/coord_controller/share/coord_controller/package.xml
[10.472s] DEBUG:colcon.colcon_core.task.python.build:While undoing a previous installation files outside the Python library path are being ignored: /home/lance/robot/install/coord_controller/lib/coord_controller/my_cobot
[10.480s] DEBUG:colcon.colcon_core.event_handler.log_command:Invoking command in '/home/lance/robot/build/coord_controller': CMAKE_PREFIX_PATH=/home/lance/robot/install/my_cobot_interfaces:/home/lance/robot/install/moveit_config:/home/lance/robot/install/my_cobot_hardware_interface:/home/lance/moveit2_ws/install LD_LIBRARY_PATH=/home/lance/robot/install/my_cobot_interfaces/lib:/home/lance/robot/install/my_cobot_hardware_interface/lib:/opt/ros/humble/opt/rviz_ogre_vendor/lib:/opt/ros/humble/lib/aarch64-linux-gnu:/opt/ros/humble/lib PYTHONPATH=/home/lance/robot/build/coord_controller/prefix_override:/home/lance/robot/install/coord_controller/lib/python3.10/site-packages:${PYTHONPATH} /usr/bin/python3 setup.py develop --editable --build-directory /home/lance/robot/build/coord_controller/build --no-deps install_data
[13.225s] Level 1:colcon.colcon_core.shell:create_environment_hook('coord_controller', 'pythonpath_develop')
[13.240s] INFO:colcon.colcon_core.shell:Creating environment hook '/home/lance/robot/build/coord_controller/share/coord_controller/hook/pythonpath_develop.ps1'
[13.241s] DEBUG:colcon.colcon_core.event_handler.log_command:Invoked command in '/home/lance/robot/build/coord_controller' returned '0': CMAKE_PREFIX_PATH=/home/lance/robot/install/my_cobot_interfaces:/home/lance/robot/install/moveit_config:/home/lance/robot/install/my_cobot_hardware_interface:/home/lance/moveit2_ws/install LD_LIBRARY_PATH=/home/lance/robot/install/my_cobot_interfaces/lib:/home/lance/robot/install/my_cobot_hardware_interface/lib:/opt/ros/humble/opt/rviz_ogre_vendor/lib:/opt/ros/humble/lib/aarch64-linux-gnu:/opt/ros/humble/lib PYTHONPATH=/home/lance/robot/build/coord_controller/prefix_override:/home/lance/robot/install/coord_controller/lib/python3.10/site-packages:${PYTHONPATH} /usr/bin/python3 setup.py develop --editable --build-directory /home/lance/robot/build/coord_controller/build --no-deps install_data
[13.245s] INFO:colcon.colcon_core.shell:Creating environment descriptor '/home/lance/robot/build/coord_controller/share/coord_controller/hook/pythonpath_develop.dsv'
[13.247s] INFO:colcon.colcon_core.shell:Creating environment hook '/home/lance/robot/build/coord_controller/share/coord_controller/hook/pythonpath_develop.sh'
[13.301s] Level 1:colcon.colcon_core.environment:checking '/home/lance/robot/install/coord_controller' for CMake module files
[13.304s] Level 1:colcon.colcon_core.environment:checking '/home/lance/robot/install/coord_controller' for CMake config files
[13.307s] Level 1:colcon.colcon_core.environment:checking '/home/lance/robot/install/coord_controller/lib'
[13.308s] Level 1:colcon.colcon_core.environment:checking '/home/lance/robot/install/coord_controller/bin'
[13.308s] Level 1:colcon.colcon_core.environment:checking '/home/lance/robot/install/coord_controller/lib/pkgconfig/coord_controller.pc'
[13.309s] Level 1:colcon.colcon_core.environment:checking '/home/lance/robot/install/coord_controller/lib/python3.10/site-packages'
[13.310s] Level 1:colcon.colcon_core.shell:create_environment_hook('coord_controller', 'pythonpath')
[13.324s] INFO:colcon.colcon_core.shell:Creating environment hook '/home/lance/robot/install/coord_controller/share/coord_controller/hook/pythonpath.ps1'
[13.326s] INFO:colcon.colcon_core.shell:Creating environment descriptor '/home/lance/robot/install/coord_controller/share/coord_controller/hook/pythonpath.dsv'
[13.329s] INFO:colcon.colcon_core.shell:Creating environment hook '/home/lance/robot/install/coord_controller/share/coord_controller/hook/pythonpath.sh'
[13.332s] Level 1:colcon.colcon_core.environment:checking '/home/lance/robot/install/coord_controller/bin'
[13.332s] Level 1:colcon.colcon_core.environment:create_environment_scripts_only(coord_controller)
[13.345s] INFO:colcon.colcon_core.shell:Creating package script '/home/lance/robot/install/coord_controller/share/coord_controller/package.ps1'
[13.350s] INFO:colcon.colcon_core.shell:Creating package descriptor '/home/lance/robot/install/coord_controller/share/coord_controller/package.dsv'
[13.353s] INFO:colcon.colcon_core.shell:Creating package script '/home/lance/robot/install/coord_controller/share/coord_controller/package.sh'
[13.358s] INFO:colcon.colcon_core.shell:Creating package script '/home/lance/robot/install/coord_controller/share/coord_controller/package.bash'
[13.362s] INFO:colcon.colcon_core.shell:Creating package script '/home/lance/robot/install/coord_controller/share/coord_controller/package.zsh'
[13.366s] Level 1:colcon.colcon_core.environment:create_file_with_runtime_dependencies(/home/lance/robot/install/coord_controller/share/colcon-core/packages/coord_controller)
[13.368s] DEBUG:colcon.colcon_parallel_executor.executor.parallel:closing loop
[13.369s] DEBUG:colcon.colcon_parallel_executor.executor.parallel:loop closed
[13.370s] DEBUG:colcon.colcon_parallel_executor.executor.parallel:run_until_complete finished with '0'
[13.370s] DEBUG:colcon.colcon_core.event_reactor:joining thread
[13.419s] INFO:colcon.colcon_core.plugin_system:Skipping extension 'colcon_notification.desktop_notification.terminal_notifier': Not used on non-Darwin systems
[13.419s] INFO:colcon.colcon_core.plugin_system:Skipping extension 'colcon_notification.desktop_notification.win32': Not used on non-Windows systems
[13.420s] INFO:colcon.colcon_notification.desktop_notification:Sending desktop notification using 'notify2'
[13.685s] DEBUG:colcon.colcon_core.event_reactor:joined thread
[13.709s] INFO:colcon.colcon_core.shell:Creating prefix script '/home/lance/robot/install/local_setup.ps1'
[13.717s] INFO:colcon.colcon_core.shell:Creating prefix util module '/home/lance/robot/install/_local_setup_util_ps1.py'
[13.726s] INFO:colcon.colcon_core.shell:Creating prefix chain script '/home/lance/robot/install/setup.ps1'
[13.739s] INFO:colcon.colcon_core.shell:Creating prefix script '/home/lance/robot/install/local_setup.sh'
[13.743s] INFO:colcon.colcon_core.shell:Creating prefix util module '/home/lance/robot/install/_local_setup_util_sh.py'
[13.746s] INFO:colcon.colcon_core.shell:Creating prefix chain script '/home/lance/robot/install/setup.sh'
[13.760s] INFO:colcon.colcon_core.shell:Creating prefix script '/home/lance/robot/install/local_setup.bash'
[13.763s] INFO:colcon.colcon_core.shell:Creating prefix chain script '/home/lance/robot/install/setup.bash'
[13.775s] INFO:colcon.colcon_core.shell:Creating prefix script '/home/lance/robot/install/local_setup.zsh'
[13.779s] INFO:colcon.colcon_core.shell:Creating prefix chain script '/home/lance/robot/install/setup.zsh'
