[18.538s] Invoking command in '/home/lance/robot/build/computer_vision': PYTHONPATH=/home/lance/robot/build/computer_vision/prefix_override:/home/lance/robot/install/computer_vision/lib/python3.10/site-packages:${PYTHONPATH} /usr/bin/python3 setup.py develop --uninstall --editable --build-directory /home/lance/robot/build/computer_vision/build
[21.833s] running develop
[25.020s] Invoked command in '/home/lance/robot/build/computer_vision' returned '0': PYTHONPATH=/home/lance/robot/build/computer_vision/prefix_override:/home/lance/robot/install/computer_vision/lib/python3.10/site-packages:${PYTHONPATH} /usr/bin/python3 setup.py develop --uninstall --editable --build-directory /home/lance/robot/build/computer_vision/build
[25.033s] Invoking command in '/home/lance/robot/src/computer_vision': PYTHONPATH=/home/lance/robot/build/computer_vision/prefix_override:/home/lance/robot/install/computer_vision/lib/python3.10/site-packages:${PYTHONPATH} /usr/bin/python3 setup.py egg_info --egg-base ../../build/computer_vision build --build-base /home/lance/robot/build/computer_vision/build install --record /home/lance/robot/build/computer_vision/install.log --single-version-externally-managed
[27.048s] running egg_info
[27.051s] writing ../../build/computer_vision/computer_vision.egg-info/PKG-INFO
[27.054s] writing dependency_links to ../../build/computer_vision/computer_vision.egg-info/dependency_links.txt
[27.056s] writing entry points to ../../build/computer_vision/computer_vision.egg-info/entry_points.txt
[27.057s] writing requirements to ../../build/computer_vision/computer_vision.egg-info/requires.txt
[27.059s] writing top-level names to ../../build/computer_vision/computer_vision.egg-info/top_level.txt
[27.072s] reading manifest file '../../build/computer_vision/computer_vision.egg-info/SOURCES.txt'
[27.079s] writing manifest file '../../build/computer_vision/computer_vision.egg-info/SOURCES.txt'
[27.081s] running build
[27.081s] running build_py
[27.092s] copying computer_vision/computer_vision.py -> /home/lance/robot/build/computer_vision/build/lib/computer_vision
[27.095s] running install
[27.098s] running install_lib
[27.105s] copying /home/lance/robot/build/computer_vision/build/lib/computer_vision/computer_vision.py -> /home/lance/robot/install/computer_vision/lib/python3.10/site-packages/computer_vision
[27.121s] byte-compiling /home/lance/robot/install/computer_vision/lib/python3.10/site-packages/computer_vision/computer_vision.py to computer_vision.cpython-310.pyc
[27.134s] Sorry: IndentationError: expected an indented block after function definition on line 179 (computer_vision.py, line 182)
[27.135s] running install_data
[27.140s] running install_egg_info
[27.151s] removing '/home/lance/robot/install/computer_vision/lib/python3.10/site-packages/computer_vision-0.0.0-py3.10.egg-info' (and everything under it)
[27.153s] Copying ../../build/computer_vision/computer_vision.egg-info to /home/lance/robot/install/computer_vision/lib/python3.10/site-packages/computer_vision-0.0.0-py3.10.egg-info
[27.165s] running install_scripts
[27.298s] Installing cv script to /home/lance/robot/install/computer_vision/lib/computer_vision
[27.301s] writing list of installed files to '/home/lance/robot/build/computer_vision/install.log'
[27.619s] Invoked command in '/home/lance/robot/src/computer_vision' returned '0': PYTHONPATH=/home/lance/robot/build/computer_vision/prefix_override:/home/lance/robot/install/computer_vision/lib/python3.10/site-packages:${PYTHONPATH} /usr/bin/python3 setup.py egg_info --egg-base ../../build/computer_vision build --build-base /home/lance/robot/build/computer_vision/build install --record /home/lance/robot/build/computer_vision/install.log --single-version-externally-managed
