running egg_info
creating ../../build/robot_description/robot_description.egg-info
writing ../../build/robot_description/robot_description.egg-info/PKG-INFO
writing dependency_links to ../../build/robot_description/robot_description.egg-info/dependency_links.txt
writing entry points to ../../build/robot_description/robot_description.egg-info/entry_points.txt
writing requirements to ../../build/robot_description/robot_description.egg-info/requires.txt
writing top-level names to ../../build/robot_description/robot_description.egg-info/top_level.txt
writing manifest file '../../build/robot_description/robot_description.egg-info/SOURCES.txt'
reading manifest file '../../build/robot_description/robot_description.egg-info/SOURCES.txt'
writing manifest file '../../build/robot_description/robot_description.egg-info/SOURCES.txt'
running build
running build_py
creating /home/lance/robot/build/robot_description/build
creating /home/lance/robot/build/robot_description/build/lib
creating /home/lance/robot/build/robot_description/build/lib/robot_description
copying robot_description/__init__.py -> /home/lance/robot/build/robot_description/build/lib/robot_description
running install
running install_lib
running install_data
running install_egg_info
removing '/home/lance/robot/install/robot_description/lib/python3.10/site-packages/robot_description-0.0.0-py3.10.egg-info' (and everything under it)
Copying ../../build/robot_description/robot_description.egg-info to /home/lance/robot/install/robot_description/lib/python3.10/site-packages/robot_description-0.0.0-py3.10.egg-info
running install_scripts
writing list of installed files to '/home/lance/robot/build/robot_description/install.log'
