[5.362s] Invoking command in '/home/lance/robot/src/robot_description': PYTHONPATH=/home/lance/robot/build/robot_description/prefix_override:/home/lance/robot/install/robot_description/lib/python3.10/site-packages:${PYTHONPATH} /usr/bin/python3 setup.py egg_info --egg-base ../../build/robot_description build --build-base /home/lance/robot/build/robot_description/build install --record /home/lance/robot/build/robot_description/install.log --single-version-externally-managed
[6.852s] running egg_info
[6.855s] writing ../../build/robot_description/robot_description.egg-info/PKG-INFO
[6.857s] writing dependency_links to ../../build/robot_description/robot_description.egg-info/dependency_links.txt
[6.859s] writing entry points to ../../build/robot_description/robot_description.egg-info/entry_points.txt
[6.859s] writing requirements to ../../build/robot_description/robot_description.egg-info/requires.txt
[6.860s] writing top-level names to ../../build/robot_description/robot_description.egg-info/top_level.txt
[6.871s] reading manifest file '../../build/robot_description/robot_description.egg-info/SOURCES.txt'
[6.876s] writing manifest file '../../build/robot_description/robot_description.egg-info/SOURCES.txt'
[6.877s] running build
[6.880s] running build_py
[6.882s] running install
[6.882s] /usr/lib/python3/dist-packages/setuptools/command/install.py:34: SetuptoolsDeprecationWarning: setup.py install is deprecated. Use build and pip and other standards-based tools.
[6.883s]   warnings.warn(
[6.883s] running install_lib
[6.905s] running install_data
[6.906s] copying urdf/mycobot_with_vision_v2.urdf -> /home/lance/robot/install/robot_description/sharerobot_description/urdf
[6.906s] copying urdf/joint7.png -> /home/lance/robot/install/robot_description/sharerobot_description/urdf
[6.907s] copying urdf/joint3.png -> /home/lance/robot/install/robot_description/sharerobot_description/urdf
[6.907s] copying urdf/joint1.png -> /home/lance/robot/install/robot_description/sharerobot_description/urdf
[6.909s] copying urdf/joint6.png -> /home/lance/robot/install/robot_description/sharerobot_description/urdf
[6.911s] copying urdf/joint2.png -> /home/lance/robot/install/robot_description/sharerobot_description/urdf
[6.912s] copying urdf/joint5.png -> /home/lance/robot/install/robot_description/sharerobot_description/urdf
[6.914s] copying urdf/joint4.png -> /home/lance/robot/install/robot_description/sharerobot_description/urdf
[6.917s] copying urdf/joint1_pi.dae -> /home/lance/robot/install/robot_description/sharerobot_description/urdf
[7.220s] copying urdf/joint7.dae -> /home/lance/robot/install/robot_description/sharerobot_description/urdf
[7.250s] copying urdf/joint5.dae -> /home/lance/robot/install/robot_description/sharerobot_description/urdf
[7.323s] copying urdf/joint6.dae -> /home/lance/robot/install/robot_description/sharerobot_description/urdf
[7.367s] copying urdf/suit_env_v2.dae -> /home/lance/robot/install/robot_description/sharerobot_description/urdf
[7.603s] copying urdf/joint3.dae -> /home/lance/robot/install/robot_description/sharerobot_description/urdf
[7.703s] copying urdf/joint4.dae -> /home/lance/robot/install/robot_description/sharerobot_description/urdf
[7.731s] copying urdf/joint2.dae -> /home/lance/robot/install/robot_description/sharerobot_description/urdf
[7.788s] running install_egg_info
[7.800s] removing '/home/lance/robot/install/robot_description/lib/python3.10/site-packages/robot_description-0.0.0-py3.10.egg-info' (and everything under it)
[7.802s] Copying ../../build/robot_description/robot_description.egg-info to /home/lance/robot/install/robot_description/lib/python3.10/site-packages/robot_description-0.0.0-py3.10.egg-info
[7.807s] running install_scripts
[7.902s] writing list of installed files to '/home/lance/robot/build/robot_description/install.log'
[8.061s] Invoked command in '/home/lance/robot/src/robot_description' returned '0': PYTHONPATH=/home/lance/robot/build/robot_description/prefix_override:/home/lance/robot/install/robot_description/lib/python3.10/site-packages:${PYTHONPATH} /usr/bin/python3 setup.py egg_info --egg-base ../../build/robot_description build --build-base /home/lance/robot/build/robot_description/build install --record /home/lance/robot/build/robot_description/install.log --single-version-externally-managed
