[6.311s] Invoking command in '/home/lance/robot/build/coord_controller': CMAKE_PREFIX_PATH=/home/lance/robot/install/my_cobot_interfaces:/home/lance/robot/install/moveit_config:/home/lance/robot/install/my_cobot_hardware_interface:/home/lance/moveit2_ws/install LD_LIBRARY_PATH=/home/lance/robot/install/my_cobot_interfaces/lib:/home/lance/robot/install/my_cobot_hardware_interface/lib:/opt/ros/humble/opt/rviz_ogre_vendor/lib:/opt/ros/humble/lib/aarch64-linux-gnu:/opt/ros/humble/lib PYTHONPATH=/home/lance/robot/build/coord_controller/prefix_override:/home/lance/robot/install/coord_controller/lib/python3.10/site-packages:${PYTHONPATH} /usr/bin/python3 setup.py develop --uninstall --editable --build-directory /home/lance/robot/build/coord_controller/build
[8.384s] running develop
[9.597s] Removing /home/lance/robot/install/coord_controller/lib/python3.10/site-packages/coord-controller.egg-link (link to .)
[9.783s] Invoked command in '/home/lance/robot/build/coord_controller' returned '0': CMAKE_PREFIX_PATH=/home/lance/robot/install/my_cobot_interfaces:/home/lance/robot/install/moveit_config:/home/lance/robot/install/my_cobot_hardware_interface:/home/lance/moveit2_ws/install LD_LIBRARY_PATH=/home/lance/robot/install/my_cobot_interfaces/lib:/home/lance/robot/install/my_cobot_hardware_interface/lib:/opt/ros/humble/opt/rviz_ogre_vendor/lib:/opt/ros/humble/lib/aarch64-linux-gnu:/opt/ros/humble/lib PYTHONPATH=/home/lance/robot/build/coord_controller/prefix_override:/home/lance/robot/install/coord_controller/lib/python3.10/site-packages:${PYTHONPATH} /usr/bin/python3 setup.py develop --uninstall --editable --build-directory /home/lance/robot/build/coord_controller/build
[9.791s] Invoking command in '/home/lance/robot/src/coord_controller': CMAKE_PREFIX_PATH=/home/lance/robot/install/my_cobot_interfaces:/home/lance/robot/install/moveit_config:/home/lance/robot/install/my_cobot_hardware_interface:/home/lance/moveit2_ws/install LD_LIBRARY_PATH=/home/lance/robot/install/my_cobot_interfaces/lib:/home/lance/robot/install/my_cobot_hardware_interface/lib:/opt/ros/humble/opt/rviz_ogre_vendor/lib:/opt/ros/humble/lib/aarch64-linux-gnu:/opt/ros/humble/lib PYTHONPATH=/home/lance/robot/build/coord_controller/prefix_override:/home/lance/robot/install/coord_controller/lib/python3.10/site-packages:${PYTHONPATH} /usr/bin/python3 setup.py egg_info --egg-base ../../build/coord_controller build --build-base /home/lance/robot/build/coord_controller/build install --record /home/lance/robot/build/coord_controller/install.log --single-version-externally-managed
[11.294s] running egg_info
[11.297s] writing ../../build/coord_controller/coord_controller.egg-info/PKG-INFO
[11.298s] writing dependency_links to ../../build/coord_controller/coord_controller.egg-info/dependency_links.txt
[11.299s] writing entry points to ../../build/coord_controller/coord_controller.egg-info/entry_points.txt
[11.300s] writing requirements to ../../build/coord_controller/coord_controller.egg-info/requires.txt
[11.301s] writing top-level names to ../../build/coord_controller/coord_controller.egg-info/top_level.txt
[11.310s] reading manifest file '../../build/coord_controller/coord_controller.egg-info/SOURCES.txt'
[11.316s] writing manifest file '../../build/coord_controller/coord_controller.egg-info/SOURCES.txt'
[11.316s] running build
[11.317s] running build_py
[11.320s] copying coord_controller/inverse_kinematics.py -> /home/lance/robot/build/coord_controller/build/lib/coord_controller
[11.322s] copying coord_controller/locations.py -> /home/lance/robot/build/coord_controller/build/lib/coord_controller
[11.324s] copying coord_controller/my_cobot.py -> /home/lance/robot/build/coord_controller/build/lib/coord_controller
[11.325s] copying coord_controller/region_mover.py -> /home/lance/robot/build/coord_controller/build/lib/coord_controller
[11.327s] running install
[11.330s] running install_lib
[11.333s] creating /home/lance/robot/install/coord_controller/lib/python3.10/site-packages/coord_controller
[11.334s] copying /home/lance/robot/build/coord_controller/build/lib/coord_controller/inverse_kinematics.py -> /home/lance/robot/install/coord_controller/lib/python3.10/site-packages/coord_controller
[11.335s] copying /home/lance/robot/build/coord_controller/build/lib/coord_controller/__init__.py -> /home/lance/robot/install/coord_controller/lib/python3.10/site-packages/coord_controller
[11.335s] copying /home/lance/robot/build/coord_controller/build/lib/coord_controller/locations.py -> /home/lance/robot/install/coord_controller/lib/python3.10/site-packages/coord_controller
[11.336s] copying /home/lance/robot/build/coord_controller/build/lib/coord_controller/my_cobot.py -> /home/lance/robot/install/coord_controller/lib/python3.10/site-packages/coord_controller
[11.337s] copying /home/lance/robot/build/coord_controller/build/lib/coord_controller/region_mover.py -> /home/lance/robot/install/coord_controller/lib/python3.10/site-packages/coord_controller
[11.341s] byte-compiling /home/lance/robot/install/coord_controller/lib/python3.10/site-packages/coord_controller/inverse_kinematics.py to inverse_kinematics.cpython-310.pyc
[11.349s] byte-compiling /home/lance/robot/install/coord_controller/lib/python3.10/site-packages/coord_controller/__init__.py to __init__.cpython-310.pyc
[11.351s] byte-compiling /home/lance/robot/install/coord_controller/lib/python3.10/site-packages/coord_controller/locations.py to locations.cpython-310.pyc
[11.354s] byte-compiling /home/lance/robot/install/coord_controller/lib/python3.10/site-packages/coord_controller/my_cobot.py to my_cobot.cpython-310.pyc
[11.360s] byte-compiling /home/lance/robot/install/coord_controller/lib/python3.10/site-packages/coord_controller/region_mover.py to region_mover.cpython-310.pyc
[11.364s] running install_data
[11.369s] running install_egg_info
[11.378s] Copying ../../build/coord_controller/coord_controller.egg-info to /home/lance/robot/install/coord_controller/lib/python3.10/site-packages/coord_controller-0.0.0-py3.10.egg-info
[11.387s] running install_scripts
[11.485s] Installing my_cobot script to /home/lance/robot/install/coord_controller/lib/coord_controller
[11.486s] Installing state_machine script to /home/lance/robot/install/coord_controller/lib/coord_controller
[11.493s] writing list of installed files to '/home/lance/robot/build/coord_controller/install.log'
[11.672s] Invoked command in '/home/lance/robot/src/coord_controller' returned '0': CMAKE_PREFIX_PATH=/home/lance/robot/install/my_cobot_interfaces:/home/lance/robot/install/moveit_config:/home/lance/robot/install/my_cobot_hardware_interface:/home/lance/moveit2_ws/install LD_LIBRARY_PATH=/home/lance/robot/install/my_cobot_interfaces/lib:/home/lance/robot/install/my_cobot_hardware_interface/lib:/opt/ros/humble/opt/rviz_ogre_vendor/lib:/opt/ros/humble/lib/aarch64-linux-gnu:/opt/ros/humble/lib PYTHONPATH=/home/lance/robot/build/coord_controller/prefix_override:/home/lance/robot/install/coord_controller/lib/python3.10/site-packages:${PYTHONPATH} /usr/bin/python3 setup.py egg_info --egg-base ../../build/coord_controller build --build-base /home/lance/robot/build/coord_controller/build install --record /home/lance/robot/build/coord_controller/install.log --single-version-externally-managed
