[3.220s] DEBUG:colcon:Command line arguments: ['/usr/bin/colcon', 'build']
[3.220s] DEBUG:colcon:Parsed command line arguments: Namespace(log_base=None, log_level=None, verb_name='build', build_base='build', install_base='install', merge_install=False, symlink_install=False, test_result_base=None, continue_on_error=False, executor='parallel', parallel_workers=4, event_handlers=None, ignore_user_meta=False, metas=['./colcon.meta'], base_paths=['.'], packages_ignore=None, packages_ignore_regex=None, paths=None, packages_up_to=None, packages_up_to_regex=None, packages_above=None, packages_above_and_dependencies=None, packages_above_depth=None, packages_select_by_dep=None, packages_skip_by_dep=None, packages_skip_up_to=None, packages_select_build_failed=False, packages_skip_build_finished=False, packages_select_test_failures=False, packages_skip_test_passed=False, packages_select=None, packages_skip=None, packages_select_regex=None, packages_skip_regex=None, packages_start=None, packages_end=None, allow_overriding=[], cmake_args=None, cmake_target=None, cmake_target_skip_unavailable=False, cmake_clean_cache=False, cmake_clean_first=False, cmake_force_configure=False, ament_cmake_args=None, catkin_cmake_args=None, catkin_skip_building_tests=False, verb_parser=<colcon_defaults.argument_parser.defaults.DefaultArgumentsDecorator object at 0xffff9899d150>, verb_extension=<colcon_core.verb.build.BuildVerb object at 0xffff9899cbe0>, main=<bound method BuildVerb.main of <colcon_core.verb.build.BuildVerb object at 0xffff9899cbe0>>)
[3.465s] Level 1:colcon.colcon_core.package_discovery:discover_packages(colcon_meta) check parameters
[3.466s] Level 1:colcon.colcon_core.package_discovery:discover_packages(recursive) check parameters
[3.466s] Level 1:colcon.colcon_core.package_discovery:discover_packages(ignore) check parameters
[3.466s] Level 1:colcon.colcon_core.package_discovery:discover_packages(path) check parameters
[3.466s] Level 1:colcon.colcon_core.package_discovery:discover_packages(colcon_meta) discover
[3.467s] Level 1:colcon.colcon_core.package_discovery:discover_packages(recursive) discover
[3.467s] INFO:colcon.colcon_core.package_discovery:Crawling recursively for packages in '/home/lance/robot'
[3.467s] Level 1:colcon.colcon_core.package_identification:_identify(.) by extensions ['ignore', 'ignore_ament_install']
[3.468s] Level 1:colcon.colcon_core.package_identification:_identify(.) by extension 'ignore'
[3.468s] Level 1:colcon.colcon_core.package_identification:_identify(.) by extension 'ignore_ament_install'
[3.468s] Level 1:colcon.colcon_core.package_identification:_identify(.) by extensions ['colcon_pkg']
[3.468s] Level 1:colcon.colcon_core.package_identification:_identify(.) by extension 'colcon_pkg'
[3.468s] Level 1:colcon.colcon_core.package_identification:_identify(.) by extensions ['colcon_meta']
[3.469s] Level 1:colcon.colcon_core.package_identification:_identify(.) by extension 'colcon_meta'
[3.469s] Level 1:colcon.colcon_core.package_identification:_identify(.) by extensions ['ros']
[3.469s] Level 1:colcon.colcon_core.package_identification:_identify(.) by extension 'ros'
[3.535s] Level 1:colcon.colcon_core.package_identification:_identify(.) by extensions ['cmake', 'python']
[3.536s] Level 1:colcon.colcon_core.package_identification:_identify(.) by extension 'cmake'
[3.536s] Level 1:colcon.colcon_core.package_identification:_identify(.) by extension 'python'
[3.536s] Level 1:colcon.colcon_core.package_identification:_identify(.) by extensions ['python_setup_py']
[3.536s] Level 1:colcon.colcon_core.package_identification:_identify(.) by extension 'python_setup_py'
[3.537s] Level 1:colcon.colcon_core.package_identification:_identify(build) by extensions ['ignore', 'ignore_ament_install']
[3.537s] Level 1:colcon.colcon_core.package_identification:_identify(build) by extension 'ignore'
[3.537s] Level 1:colcon.colcon_core.package_identification:_identify(build) ignored
[3.538s] Level 1:colcon.colcon_core.package_identification:_identify(install) by extensions ['ignore', 'ignore_ament_install']
[3.538s] Level 1:colcon.colcon_core.package_identification:_identify(install) by extension 'ignore'
[3.538s] Level 1:colcon.colcon_core.package_identification:_identify(install) ignored
[3.539s] Level 1:colcon.colcon_core.package_identification:_identify(log) by extensions ['ignore', 'ignore_ament_install']
[3.540s] Level 1:colcon.colcon_core.package_identification:_identify(log) by extension 'ignore'
[3.540s] Level 1:colcon.colcon_core.package_identification:_identify(log) ignored
[3.540s] Level 1:colcon.colcon_core.package_identification:_identify(src) by extensions ['ignore', 'ignore_ament_install']
[3.541s] Level 1:colcon.colcon_core.package_identification:_identify(src) by extension 'ignore'
[3.541s] Level 1:colcon.colcon_core.package_identification:_identify(src) by extension 'ignore_ament_install'
[3.541s] Level 1:colcon.colcon_core.package_identification:_identify(src) by extensions ['colcon_pkg']
[3.541s] Level 1:colcon.colcon_core.package_identification:_identify(src) by extension 'colcon_pkg'
[3.541s] Level 1:colcon.colcon_core.package_identification:_identify(src) by extensions ['colcon_meta']
[3.541s] Level 1:colcon.colcon_core.package_identification:_identify(src) by extension 'colcon_meta'
[3.542s] Level 1:colcon.colcon_core.package_identification:_identify(src) by extensions ['ros']
[3.542s] Level 1:colcon.colcon_core.package_identification:_identify(src) by extension 'ros'
[3.542s] Level 1:colcon.colcon_core.package_identification:_identify(src) by extensions ['cmake', 'python']
[3.542s] Level 1:colcon.colcon_core.package_identification:_identify(src) by extension 'cmake'
[3.542s] Level 1:colcon.colcon_core.package_identification:_identify(src) by extension 'python'
[3.542s] Level 1:colcon.colcon_core.package_identification:_identify(src) by extensions ['python_setup_py']
[3.543s] Level 1:colcon.colcon_core.package_identification:_identify(src) by extension 'python_setup_py'
[3.543s] Level 1:colcon.colcon_core.package_identification:_identify(src/bringup) by extensions ['ignore', 'ignore_ament_install']
[3.543s] Level 1:colcon.colcon_core.package_identification:_identify(src/bringup) by extension 'ignore'
[3.544s] Level 1:colcon.colcon_core.package_identification:_identify(src/bringup) by extension 'ignore_ament_install'
[3.544s] Level 1:colcon.colcon_core.package_identification:_identify(src/bringup) by extensions ['colcon_pkg']
[3.544s] Level 1:colcon.colcon_core.package_identification:_identify(src/bringup) by extension 'colcon_pkg'
[3.544s] Level 1:colcon.colcon_core.package_identification:_identify(src/bringup) by extensions ['colcon_meta']
[3.544s] Level 1:colcon.colcon_core.package_identification:_identify(src/bringup) by extension 'colcon_meta'
[3.544s] Level 1:colcon.colcon_core.package_identification:_identify(src/bringup) by extensions ['ros']
[3.545s] Level 1:colcon.colcon_core.package_identification:_identify(src/bringup) by extension 'ros'
[3.557s] DEBUG:colcon.colcon_core.package_identification:Package 'src/bringup' with type 'ros.ament_python' and name 'bringup'
[3.558s] Level 1:colcon.colcon_core.package_identification:_identify(src/computer_vision) by extensions ['ignore', 'ignore_ament_install']
[3.558s] Level 1:colcon.colcon_core.package_identification:_identify(src/computer_vision) by extension 'ignore'
[3.558s] Level 1:colcon.colcon_core.package_identification:_identify(src/computer_vision) by extension 'ignore_ament_install'
[3.559s] Level 1:colcon.colcon_core.package_identification:_identify(src/computer_vision) by extensions ['colcon_pkg']
[3.559s] Level 1:colcon.colcon_core.package_identification:_identify(src/computer_vision) by extension 'colcon_pkg'
[3.559s] Level 1:colcon.colcon_core.package_identification:_identify(src/computer_vision) by extensions ['colcon_meta']
[3.559s] Level 1:colcon.colcon_core.package_identification:_identify(src/computer_vision) by extension 'colcon_meta'
[3.559s] Level 1:colcon.colcon_core.package_identification:_identify(src/computer_vision) by extensions ['ros']
[3.560s] Level 1:colcon.colcon_core.package_identification:_identify(src/computer_vision) by extension 'ros'
[3.563s] DEBUG:colcon.colcon_core.package_identification:Failed to parse potential ROS package manifest in'src/computer_vision': Error(s) in package 'src/computer_vision/package.xml':
The manifest contains invalid XML:
mismatched tag: line 12, column 37
[3.563s] Level 1:colcon.colcon_core.package_identification:_identify(src/computer_vision) by extensions ['cmake', 'python']
[3.563s] Level 1:colcon.colcon_core.package_identification:_identify(src/computer_vision) by extension 'cmake'
[3.563s] Level 1:colcon.colcon_core.package_identification:_identify(src/computer_vision) by extension 'python'
[3.564s] DEBUG:colcon.colcon_core.package_identification:Python package in 'src/computer_vision' passes arguments to the setup() function which requires a different identification extension than 'python'
[3.564s] Level 1:colcon.colcon_core.package_identification:_identify(src/computer_vision) by extensions ['python_setup_py']
[3.564s] Level 1:colcon.colcon_core.package_identification:_identify(src/computer_vision) by extension 'python_setup_py'
[5.013s] DEBUG:colcon.colcon_core.package_identification:Package 'src/computer_vision' with type 'python' and name 'computer_vision'
[5.014s] Level 1:colcon.colcon_core.package_identification:_identify(src/controllers) by extensions ['ignore', 'ignore_ament_install']
[5.014s] Level 1:colcon.colcon_core.package_identification:_identify(src/controllers) by extension 'ignore'
[5.014s] Level 1:colcon.colcon_core.package_identification:_identify(src/controllers) by extension 'ignore_ament_install'
[5.015s] Level 1:colcon.colcon_core.package_identification:_identify(src/controllers) by extensions ['colcon_pkg']
[5.015s] Level 1:colcon.colcon_core.package_identification:_identify(src/controllers) by extension 'colcon_pkg'
[5.015s] Level 1:colcon.colcon_core.package_identification:_identify(src/controllers) by extensions ['colcon_meta']
[5.015s] Level 1:colcon.colcon_core.package_identification:_identify(src/controllers) by extension 'colcon_meta'
[5.015s] Level 1:colcon.colcon_core.package_identification:_identify(src/controllers) by extensions ['ros']
[5.016s] Level 1:colcon.colcon_core.package_identification:_identify(src/controllers) by extension 'ros'
[5.019s] DEBUG:colcon.colcon_core.package_identification:Package 'src/controllers' with type 'ros.ament_python' and name 'controllers'
[5.020s] Level 1:colcon.colcon_core.package_identification:_identify(src/coord_controller) by extensions ['ignore', 'ignore_ament_install']
[5.021s] Level 1:colcon.colcon_core.package_identification:_identify(src/coord_controller) by extension 'ignore'
[5.021s] Level 1:colcon.colcon_core.package_identification:_identify(src/coord_controller) by extension 'ignore_ament_install'
[5.021s] Level 1:colcon.colcon_core.package_identification:_identify(src/coord_controller) by extensions ['colcon_pkg']
[5.021s] Level 1:colcon.colcon_core.package_identification:_identify(src/coord_controller) by extension 'colcon_pkg'
[5.021s] Level 1:colcon.colcon_core.package_identification:_identify(src/coord_controller) by extensions ['colcon_meta']
[5.022s] Level 1:colcon.colcon_core.package_identification:_identify(src/coord_controller) by extension 'colcon_meta'
[5.022s] Level 1:colcon.colcon_core.package_identification:_identify(src/coord_controller) by extensions ['ros']
[5.022s] Level 1:colcon.colcon_core.package_identification:_identify(src/coord_controller) by extension 'ros'
[5.026s] DEBUG:colcon.colcon_core.package_identification:Package 'src/coord_controller' with type 'ros.ament_python' and name 'coord_controller'
[5.027s] Level 1:colcon.colcon_core.package_identification:_identify(src/imgs) by extensions ['ignore', 'ignore_ament_install']
[5.027s] Level 1:colcon.colcon_core.package_identification:_identify(src/imgs) by extension 'ignore'
[5.028s] Level 1:colcon.colcon_core.package_identification:_identify(src/imgs) by extension 'ignore_ament_install'
[5.028s] Level 1:colcon.colcon_core.package_identification:_identify(src/imgs) by extensions ['colcon_pkg']
[5.028s] Level 1:colcon.colcon_core.package_identification:_identify(src/imgs) by extension 'colcon_pkg'
[5.028s] Level 1:colcon.colcon_core.package_identification:_identify(src/imgs) by extensions ['colcon_meta']
[5.029s] Level 1:colcon.colcon_core.package_identification:_identify(src/imgs) by extension 'colcon_meta'
[5.029s] Level 1:colcon.colcon_core.package_identification:_identify(src/imgs) by extensions ['ros']
[5.029s] Level 1:colcon.colcon_core.package_identification:_identify(src/imgs) by extension 'ros'
[5.030s] Level 1:colcon.colcon_core.package_identification:_identify(src/imgs) by extensions ['cmake', 'python']
[5.030s] Level 1:colcon.colcon_core.package_identification:_identify(src/imgs) by extension 'cmake'
[5.030s] Level 1:colcon.colcon_core.package_identification:_identify(src/imgs) by extension 'python'
[5.031s] Level 1:colcon.colcon_core.package_identification:_identify(src/imgs) by extensions ['python_setup_py']
[5.031s] Level 1:colcon.colcon_core.package_identification:_identify(src/imgs) by extension 'python_setup_py'
[5.032s] Level 1:colcon.colcon_core.package_identification:_identify(src/motion_planning) by extensions ['ignore', 'ignore_ament_install']
[5.032s] Level 1:colcon.colcon_core.package_identification:_identify(src/motion_planning) by extension 'ignore'
[5.032s] Level 1:colcon.colcon_core.package_identification:_identify(src/motion_planning) by extension 'ignore_ament_install'
[5.033s] Level 1:colcon.colcon_core.package_identification:_identify(src/motion_planning) by extensions ['colcon_pkg']
[5.033s] Level 1:colcon.colcon_core.package_identification:_identify(src/motion_planning) by extension 'colcon_pkg'
[5.033s] Level 1:colcon.colcon_core.package_identification:_identify(src/motion_planning) by extensions ['colcon_meta']
[5.033s] Level 1:colcon.colcon_core.package_identification:_identify(src/motion_planning) by extension 'colcon_meta'
[5.034s] Level 1:colcon.colcon_core.package_identification:_identify(src/motion_planning) by extensions ['ros']
[5.034s] Level 1:colcon.colcon_core.package_identification:_identify(src/motion_planning) by extension 'ros'
[5.039s] DEBUG:colcon.colcon_core.package_identification:Package 'src/motion_planning' with type 'ros.ament_python' and name 'motion_planning'
[5.040s] Level 1:colcon.colcon_core.package_identification:_identify(src/moveit_config) by extensions ['ignore', 'ignore_ament_install']
[5.040s] Level 1:colcon.colcon_core.package_identification:_identify(src/moveit_config) by extension 'ignore'
[5.041s] Level 1:colcon.colcon_core.package_identification:_identify(src/moveit_config) by extension 'ignore_ament_install'
[5.041s] Level 1:colcon.colcon_core.package_identification:_identify(src/moveit_config) by extensions ['colcon_pkg']
[5.041s] Level 1:colcon.colcon_core.package_identification:_identify(src/moveit_config) by extension 'colcon_pkg'
[5.041s] Level 1:colcon.colcon_core.package_identification:_identify(src/moveit_config) by extensions ['colcon_meta']
[5.041s] Level 1:colcon.colcon_core.package_identification:_identify(src/moveit_config) by extension 'colcon_meta'
[5.042s] Level 1:colcon.colcon_core.package_identification:_identify(src/moveit_config) by extensions ['ros']
[5.042s] Level 1:colcon.colcon_core.package_identification:_identify(src/moveit_config) by extension 'ros'
[5.047s] DEBUG:colcon.colcon_core.package_identification:Package 'src/moveit_config' with type 'ros.ament_cmake' and name 'moveit_config'
[5.048s] Level 1:colcon.colcon_core.package_identification:_identify(src/my_cobot_hardware_interface) by extensions ['ignore', 'ignore_ament_install']
[5.049s] Level 1:colcon.colcon_core.package_identification:_identify(src/my_cobot_hardware_interface) by extension 'ignore'
[5.049s] Level 1:colcon.colcon_core.package_identification:_identify(src/my_cobot_hardware_interface) by extension 'ignore_ament_install'
[5.049s] Level 1:colcon.colcon_core.package_identification:_identify(src/my_cobot_hardware_interface) by extensions ['colcon_pkg']
[5.049s] Level 1:colcon.colcon_core.package_identification:_identify(src/my_cobot_hardware_interface) by extension 'colcon_pkg'
[5.049s] Level 1:colcon.colcon_core.package_identification:_identify(src/my_cobot_hardware_interface) by extensions ['colcon_meta']
[5.050s] Level 1:colcon.colcon_core.package_identification:_identify(src/my_cobot_hardware_interface) by extension 'colcon_meta'
[5.050s] Level 1:colcon.colcon_core.package_identification:_identify(src/my_cobot_hardware_interface) by extensions ['ros']
[5.050s] Level 1:colcon.colcon_core.package_identification:_identify(src/my_cobot_hardware_interface) by extension 'ros'
[5.053s] DEBUG:colcon.colcon_core.package_identification:Package 'src/my_cobot_hardware_interface' with type 'ros.ament_cmake' and name 'my_cobot_hardware_interface'
[5.054s] Level 1:colcon.colcon_core.package_identification:_identify(src/my_cobot_interfaces) by extensions ['ignore', 'ignore_ament_install']
[5.054s] Level 1:colcon.colcon_core.package_identification:_identify(src/my_cobot_interfaces) by extension 'ignore'
[5.055s] Level 1:colcon.colcon_core.package_identification:_identify(src/my_cobot_interfaces) by extension 'ignore_ament_install'
[5.055s] Level 1:colcon.colcon_core.package_identification:_identify(src/my_cobot_interfaces) by extensions ['colcon_pkg']
[5.055s] Level 1:colcon.colcon_core.package_identification:_identify(src/my_cobot_interfaces) by extension 'colcon_pkg'
[5.055s] Level 1:colcon.colcon_core.package_identification:_identify(src/my_cobot_interfaces) by extensions ['colcon_meta']
[5.055s] Level 1:colcon.colcon_core.package_identification:_identify(src/my_cobot_interfaces) by extension 'colcon_meta'
[5.056s] Level 1:colcon.colcon_core.package_identification:_identify(src/my_cobot_interfaces) by extensions ['ros']
[5.056s] Level 1:colcon.colcon_core.package_identification:_identify(src/my_cobot_interfaces) by extension 'ros'
[5.059s] DEBUG:colcon.colcon_core.package_identification:Package 'src/my_cobot_interfaces' with type 'ros.ament_cmake' and name 'my_cobot_interfaces'
[5.060s] Level 1:colcon.colcon_core.package_identification:_identify(src/robot_description) by extensions ['ignore', 'ignore_ament_install']
[5.060s] Level 1:colcon.colcon_core.package_identification:_identify(src/robot_description) by extension 'ignore'
[5.061s] Level 1:colcon.colcon_core.package_identification:_identify(src/robot_description) by extension 'ignore_ament_install'
[5.061s] Level 1:colcon.colcon_core.package_identification:_identify(src/robot_description) by extensions ['colcon_pkg']
[5.061s] Level 1:colcon.colcon_core.package_identification:_identify(src/robot_description) by extension 'colcon_pkg'
[5.061s] Level 1:colcon.colcon_core.package_identification:_identify(src/robot_description) by extensions ['colcon_meta']
[5.061s] Level 1:colcon.colcon_core.package_identification:_identify(src/robot_description) by extension 'colcon_meta'
[5.062s] Level 1:colcon.colcon_core.package_identification:_identify(src/robot_description) by extensions ['ros']
[5.062s] Level 1:colcon.colcon_core.package_identification:_identify(src/robot_description) by extension 'ros'
[5.065s] DEBUG:colcon.colcon_core.package_identification:Package 'src/robot_description' with type 'ros.ament_python' and name 'robot_description'
[5.065s] Level 1:colcon.colcon_core.package_discovery:discover_packages(recursive) using defaults
[5.065s] Level 1:colcon.colcon_core.package_discovery:discover_packages(ignore) discover
[5.065s] Level 1:colcon.colcon_core.package_discovery:discover_packages(ignore) using defaults
[5.065s] Level 1:colcon.colcon_core.package_discovery:discover_packages(path) discover
[5.065s] Level 1:colcon.colcon_core.package_discovery:discover_packages(path) using defaults
[5.265s] Level 1:colcon.colcon_core.package_discovery:discover_packages(prefix_path) check parameters
[5.266s] Level 1:colcon.colcon_core.package_discovery:discover_packages(prefix_path) discover
[5.297s] DEBUG:colcon.colcon_installed_package_information.package_discovery:Found 1 installed packages in /home/lance/moveit2_ws/install
[5.307s] DEBUG:colcon.colcon_installed_package_information.package_discovery:Found 9 installed packages in /home/lance/robot/install
[5.324s] DEBUG:colcon.colcon_installed_package_information.package_discovery:Found 349 installed packages in /opt/ros/humble
[5.332s] Level 1:colcon.colcon_core.package_discovery:discover_packages(prefix_path) using defaults
[6.019s] Level 5:colcon.colcon_core.verb:set package 'bringup' build argument 'cmake_args' from command line to 'None'
[6.020s] Level 5:colcon.colcon_core.verb:set package 'bringup' build argument 'cmake_target' from command line to 'None'
[6.020s] Level 5:colcon.colcon_core.verb:set package 'bringup' build argument 'cmake_target_skip_unavailable' from command line to 'False'
[6.020s] Level 5:colcon.colcon_core.verb:set package 'bringup' build argument 'cmake_clean_cache' from command line to 'False'
[6.020s] Level 5:colcon.colcon_core.verb:set package 'bringup' build argument 'cmake_clean_first' from command line to 'False'
[6.020s] Level 5:colcon.colcon_core.verb:set package 'bringup' build argument 'cmake_force_configure' from command line to 'False'
[6.020s] Level 5:colcon.colcon_core.verb:set package 'bringup' build argument 'ament_cmake_args' from command line to 'None'
[6.020s] Level 5:colcon.colcon_core.verb:set package 'bringup' build argument 'catkin_cmake_args' from command line to 'None'
[6.020s] Level 5:colcon.colcon_core.verb:set package 'bringup' build argument 'catkin_skip_building_tests' from command line to 'False'
[6.021s] DEBUG:colcon.colcon_core.verb:Building package 'bringup' with the following arguments: {'ament_cmake_args': None, 'build_base': '/home/lance/robot/build/bringup', 'catkin_cmake_args': None, 'catkin_skip_building_tests': False, 'cmake_args': None, 'cmake_clean_cache': False, 'cmake_clean_first': False, 'cmake_force_configure': False, 'cmake_target': None, 'cmake_target_skip_unavailable': False, 'install_base': '/home/lance/robot/install/bringup', 'merge_install': False, 'path': '/home/lance/robot/src/bringup', 'symlink_install': False, 'test_result_base': None}
[6.028s] Level 5:colcon.colcon_core.verb:set package 'computer_vision' build argument 'cmake_args' from command line to 'None'
[6.028s] Level 5:colcon.colcon_core.verb:set package 'computer_vision' build argument 'cmake_target' from command line to 'None'
[6.028s] Level 5:colcon.colcon_core.verb:set package 'computer_vision' build argument 'cmake_target_skip_unavailable' from command line to 'False'
[6.028s] Level 5:colcon.colcon_core.verb:set package 'computer_vision' build argument 'cmake_clean_cache' from command line to 'False'
[6.028s] Level 5:colcon.colcon_core.verb:set package 'computer_vision' build argument 'cmake_clean_first' from command line to 'False'
[6.028s] Level 5:colcon.colcon_core.verb:set package 'computer_vision' build argument 'cmake_force_configure' from command line to 'False'
[6.028s] Level 5:colcon.colcon_core.verb:set package 'computer_vision' build argument 'ament_cmake_args' from command line to 'None'
[6.029s] Level 5:colcon.colcon_core.verb:set package 'computer_vision' build argument 'catkin_cmake_args' from command line to 'None'
[6.029s] Level 5:colcon.colcon_core.verb:set package 'computer_vision' build argument 'catkin_skip_building_tests' from command line to 'False'
[6.029s] DEBUG:colcon.colcon_core.verb:Building package 'computer_vision' with the following arguments: {'ament_cmake_args': None, 'build_base': '/home/lance/robot/build/computer_vision', 'catkin_cmake_args': None, 'catkin_skip_building_tests': False, 'cmake_args': None, 'cmake_clean_cache': False, 'cmake_clean_first': False, 'cmake_force_configure': False, 'cmake_target': None, 'cmake_target_skip_unavailable': False, 'install_base': '/home/lance/robot/install/computer_vision', 'merge_install': False, 'path': '/home/lance/robot/src/computer_vision', 'symlink_install': False, 'test_result_base': None}
[6.036s] Level 5:colcon.colcon_core.verb:set package 'motion_planning' build argument 'cmake_args' from command line to 'None'
[6.036s] Level 5:colcon.colcon_core.verb:set package 'motion_planning' build argument 'cmake_target' from command line to 'None'
[6.036s] Level 5:colcon.colcon_core.verb:set package 'motion_planning' build argument 'cmake_target_skip_unavailable' from command line to 'False'
[6.036s] Level 5:colcon.colcon_core.verb:set package 'motion_planning' build argument 'cmake_clean_cache' from command line to 'False'
[6.036s] Level 5:colcon.colcon_core.verb:set package 'motion_planning' build argument 'cmake_clean_first' from command line to 'False'
[6.037s] Level 5:colcon.colcon_core.verb:set package 'motion_planning' build argument 'cmake_force_configure' from command line to 'False'
[6.037s] Level 5:colcon.colcon_core.verb:set package 'motion_planning' build argument 'ament_cmake_args' from command line to 'None'
[6.037s] Level 5:colcon.colcon_core.verb:set package 'motion_planning' build argument 'catkin_cmake_args' from command line to 'None'
[6.037s] Level 5:colcon.colcon_core.verb:set package 'motion_planning' build argument 'catkin_skip_building_tests' from command line to 'False'
[6.037s] DEBUG:colcon.colcon_core.verb:Building package 'motion_planning' with the following arguments: {'ament_cmake_args': None, 'build_base': '/home/lance/robot/build/motion_planning', 'catkin_cmake_args': None, 'catkin_skip_building_tests': False, 'cmake_args': None, 'cmake_clean_cache': False, 'cmake_clean_first': False, 'cmake_force_configure': False, 'cmake_target': None, 'cmake_target_skip_unavailable': False, 'install_base': '/home/lance/robot/install/motion_planning', 'merge_install': False, 'path': '/home/lance/robot/src/motion_planning', 'symlink_install': False, 'test_result_base': None}
[6.044s] Level 5:colcon.colcon_core.verb:set package 'my_cobot_interfaces' build argument 'cmake_args' from command line to 'None'
[6.044s] Level 5:colcon.colcon_core.verb:set package 'my_cobot_interfaces' build argument 'cmake_target' from command line to 'None'
[6.044s] Level 5:colcon.colcon_core.verb:set package 'my_cobot_interfaces' build argument 'cmake_target_skip_unavailable' from command line to 'False'
[6.044s] Level 5:colcon.colcon_core.verb:set package 'my_cobot_interfaces' build argument 'cmake_clean_cache' from command line to 'False'
[6.045s] Level 5:colcon.colcon_core.verb:set package 'my_cobot_interfaces' build argument 'cmake_clean_first' from command line to 'False'
[6.045s] Level 5:colcon.colcon_core.verb:set package 'my_cobot_interfaces' build argument 'cmake_force_configure' from command line to 'False'
[6.045s] Level 5:colcon.colcon_core.verb:set package 'my_cobot_interfaces' build argument 'ament_cmake_args' from command line to 'None'
[6.045s] Level 5:colcon.colcon_core.verb:set package 'my_cobot_interfaces' build argument 'catkin_cmake_args' from command line to 'None'
[6.045s] Level 5:colcon.colcon_core.verb:set package 'my_cobot_interfaces' build argument 'catkin_skip_building_tests' from command line to 'False'
[6.045s] DEBUG:colcon.colcon_core.verb:Building package 'my_cobot_interfaces' with the following arguments: {'ament_cmake_args': None, 'build_base': '/home/lance/robot/build/my_cobot_interfaces', 'catkin_cmake_args': None, 'catkin_skip_building_tests': False, 'cmake_args': None, 'cmake_clean_cache': False, 'cmake_clean_first': False, 'cmake_force_configure': False, 'cmake_target': None, 'cmake_target_skip_unavailable': False, 'install_base': '/home/lance/robot/install/my_cobot_interfaces', 'merge_install': False, 'path': '/home/lance/robot/src/my_cobot_interfaces', 'symlink_install': False, 'test_result_base': None}
[6.052s] Level 5:colcon.colcon_core.verb:set package 'robot_description' build argument 'cmake_args' from command line to 'None'
[6.052s] Level 5:colcon.colcon_core.verb:set package 'robot_description' build argument 'cmake_target' from command line to 'None'
[6.053s] Level 5:colcon.colcon_core.verb:set package 'robot_description' build argument 'cmake_target_skip_unavailable' from command line to 'False'
[6.053s] Level 5:colcon.colcon_core.verb:set package 'robot_description' build argument 'cmake_clean_cache' from command line to 'False'
[6.053s] Level 5:colcon.colcon_core.verb:set package 'robot_description' build argument 'cmake_clean_first' from command line to 'False'
[6.053s] Level 5:colcon.colcon_core.verb:set package 'robot_description' build argument 'cmake_force_configure' from command line to 'False'
[6.053s] Level 5:colcon.colcon_core.verb:set package 'robot_description' build argument 'ament_cmake_args' from command line to 'None'
[6.053s] Level 5:colcon.colcon_core.verb:set package 'robot_description' build argument 'catkin_cmake_args' from command line to 'None'
[6.053s] Level 5:colcon.colcon_core.verb:set package 'robot_description' build argument 'catkin_skip_building_tests' from command line to 'False'
[6.053s] DEBUG:colcon.colcon_core.verb:Building package 'robot_description' with the following arguments: {'ament_cmake_args': None, 'build_base': '/home/lance/robot/build/robot_description', 'catkin_cmake_args': None, 'catkin_skip_building_tests': False, 'cmake_args': None, 'cmake_clean_cache': False, 'cmake_clean_first': False, 'cmake_force_configure': False, 'cmake_target': None, 'cmake_target_skip_unavailable': False, 'install_base': '/home/lance/robot/install/robot_description', 'merge_install': False, 'path': '/home/lance/robot/src/robot_description', 'symlink_install': False, 'test_result_base': None}
[6.060s] Level 5:colcon.colcon_core.verb:set package 'controllers' build argument 'cmake_args' from command line to 'None'
[6.061s] Level 5:colcon.colcon_core.verb:set package 'controllers' build argument 'cmake_target' from command line to 'None'
[6.061s] Level 5:colcon.colcon_core.verb:set package 'controllers' build argument 'cmake_target_skip_unavailable' from command line to 'False'
[6.061s] Level 5:colcon.colcon_core.verb:set package 'controllers' build argument 'cmake_clean_cache' from command line to 'False'
[6.061s] Level 5:colcon.colcon_core.verb:set package 'controllers' build argument 'cmake_clean_first' from command line to 'False'
[6.061s] Level 5:colcon.colcon_core.verb:set package 'controllers' build argument 'cmake_force_configure' from command line to 'False'
[6.061s] Level 5:colcon.colcon_core.verb:set package 'controllers' build argument 'ament_cmake_args' from command line to 'None'
[6.061s] Level 5:colcon.colcon_core.verb:set package 'controllers' build argument 'catkin_cmake_args' from command line to 'None'
[6.061s] Level 5:colcon.colcon_core.verb:set package 'controllers' build argument 'catkin_skip_building_tests' from command line to 'False'
[6.061s] DEBUG:colcon.colcon_core.verb:Building package 'controllers' with the following arguments: {'ament_cmake_args': None, 'build_base': '/home/lance/robot/build/controllers', 'catkin_cmake_args': None, 'catkin_skip_building_tests': False, 'cmake_args': None, 'cmake_clean_cache': False, 'cmake_clean_first': False, 'cmake_force_configure': False, 'cmake_target': None, 'cmake_target_skip_unavailable': False, 'install_base': '/home/lance/robot/install/controllers', 'merge_install': False, 'path': '/home/lance/robot/src/controllers', 'symlink_install': False, 'test_result_base': None}
[6.069s] Level 5:colcon.colcon_core.verb:set package 'coord_controller' build argument 'cmake_args' from command line to 'None'
[6.069s] Level 5:colcon.colcon_core.verb:set package 'coord_controller' build argument 'cmake_target' from command line to 'None'
[6.069s] Level 5:colcon.colcon_core.verb:set package 'coord_controller' build argument 'cmake_target_skip_unavailable' from command line to 'False'
[6.069s] Level 5:colcon.colcon_core.verb:set package 'coord_controller' build argument 'cmake_clean_cache' from command line to 'False'
[6.069s] Level 5:colcon.colcon_core.verb:set package 'coord_controller' build argument 'cmake_clean_first' from command line to 'False'
[6.069s] Level 5:colcon.colcon_core.verb:set package 'coord_controller' build argument 'cmake_force_configure' from command line to 'False'
[6.069s] Level 5:colcon.colcon_core.verb:set package 'coord_controller' build argument 'ament_cmake_args' from command line to 'None'
[6.069s] Level 5:colcon.colcon_core.verb:set package 'coord_controller' build argument 'catkin_cmake_args' from command line to 'None'
[6.069s] Level 5:colcon.colcon_core.verb:set package 'coord_controller' build argument 'catkin_skip_building_tests' from command line to 'False'
[6.070s] DEBUG:colcon.colcon_core.verb:Building package 'coord_controller' with the following arguments: {'ament_cmake_args': None, 'build_base': '/home/lance/robot/build/coord_controller', 'catkin_cmake_args': None, 'catkin_skip_building_tests': False, 'cmake_args': None, 'cmake_clean_cache': False, 'cmake_clean_first': False, 'cmake_force_configure': False, 'cmake_target': None, 'cmake_target_skip_unavailable': False, 'install_base': '/home/lance/robot/install/coord_controller', 'merge_install': False, 'path': '/home/lance/robot/src/coord_controller', 'symlink_install': False, 'test_result_base': None}
[6.077s] Level 5:colcon.colcon_core.verb:set package 'my_cobot_hardware_interface' build argument 'cmake_args' from command line to 'None'
[6.078s] Level 5:colcon.colcon_core.verb:set package 'my_cobot_hardware_interface' build argument 'cmake_target' from command line to 'None'
[6.078s] Level 5:colcon.colcon_core.verb:set package 'my_cobot_hardware_interface' build argument 'cmake_target_skip_unavailable' from command line to 'False'
[6.078s] Level 5:colcon.colcon_core.verb:set package 'my_cobot_hardware_interface' build argument 'cmake_clean_cache' from command line to 'False'
[6.078s] Level 5:colcon.colcon_core.verb:set package 'my_cobot_hardware_interface' build argument 'cmake_clean_first' from command line to 'False'
[6.078s] Level 5:colcon.colcon_core.verb:set package 'my_cobot_hardware_interface' build argument 'cmake_force_configure' from command line to 'False'
[6.078s] Level 5:colcon.colcon_core.verb:set package 'my_cobot_hardware_interface' build argument 'ament_cmake_args' from command line to 'None'
[6.078s] Level 5:colcon.colcon_core.verb:set package 'my_cobot_hardware_interface' build argument 'catkin_cmake_args' from command line to 'None'
[6.078s] Level 5:colcon.colcon_core.verb:set package 'my_cobot_hardware_interface' build argument 'catkin_skip_building_tests' from command line to 'False'
[6.079s] DEBUG:colcon.colcon_core.verb:Building package 'my_cobot_hardware_interface' with the following arguments: {'ament_cmake_args': None, 'build_base': '/home/lance/robot/build/my_cobot_hardware_interface', 'catkin_cmake_args': None, 'catkin_skip_building_tests': False, 'cmake_args': None, 'cmake_clean_cache': False, 'cmake_clean_first': False, 'cmake_force_configure': False, 'cmake_target': None, 'cmake_target_skip_unavailable': False, 'install_base': '/home/lance/robot/install/my_cobot_hardware_interface', 'merge_install': False, 'path': '/home/lance/robot/src/my_cobot_hardware_interface', 'symlink_install': False, 'test_result_base': None}
[6.086s] Level 5:colcon.colcon_core.verb:set package 'moveit_config' build argument 'cmake_args' from command line to 'None'
[6.086s] Level 5:colcon.colcon_core.verb:set package 'moveit_config' build argument 'cmake_target' from command line to 'None'
[6.086s] Level 5:colcon.colcon_core.verb:set package 'moveit_config' build argument 'cmake_target_skip_unavailable' from command line to 'False'
[6.086s] Level 5:colcon.colcon_core.verb:set package 'moveit_config' build argument 'cmake_clean_cache' from command line to 'False'
[6.086s] Level 5:colcon.colcon_core.verb:set package 'moveit_config' build argument 'cmake_clean_first' from command line to 'False'
[6.086s] Level 5:colcon.colcon_core.verb:set package 'moveit_config' build argument 'cmake_force_configure' from command line to 'False'
[6.086s] Level 5:colcon.colcon_core.verb:set package 'moveit_config' build argument 'ament_cmake_args' from command line to 'None'
[6.087s] Level 5:colcon.colcon_core.verb:set package 'moveit_config' build argument 'catkin_cmake_args' from command line to 'None'
[6.087s] Level 5:colcon.colcon_core.verb:set package 'moveit_config' build argument 'catkin_skip_building_tests' from command line to 'False'
[6.087s] DEBUG:colcon.colcon_core.verb:Building package 'moveit_config' with the following arguments: {'ament_cmake_args': None, 'build_base': '/home/lance/robot/build/moveit_config', 'catkin_cmake_args': None, 'catkin_skip_building_tests': False, 'cmake_args': None, 'cmake_clean_cache': False, 'cmake_clean_first': False, 'cmake_force_configure': False, 'cmake_target': None, 'cmake_target_skip_unavailable': False, 'install_base': '/home/lance/robot/install/moveit_config', 'merge_install': False, 'path': '/home/lance/robot/src/moveit_config', 'symlink_install': False, 'test_result_base': None}
[6.093s] INFO:colcon.colcon_core.executor:Executing jobs using 'parallel' executor
[6.120s] DEBUG:colcon.colcon_parallel_executor.executor.parallel:run_until_complete
[6.122s] INFO:colcon.colcon_ros.task.ament_cmake.build:Building ROS package in '/home/lance/robot/src/my_cobot_interfaces' with build type 'ament_cmake'
[6.123s] INFO:colcon.colcon_cmake.task.cmake.build:Building CMake package in '/home/lance/robot/src/my_cobot_interfaces'
[6.173s] INFO:colcon.colcon_core.plugin_system:Skipping extension 'colcon_core.shell.bat': Not used on non-Windows systems
[6.174s] INFO:colcon.colcon_core.shell:Skip shell extension 'powershell' for command environment: Not usable outside of PowerShell
[6.174s] DEBUG:colcon.colcon_core.shell:Skip shell extension 'dsv' for command environment
[6.225s] INFO:colcon.colcon_ros.task.ament_python.build:Building ROS package in '/home/lance/robot/src/robot_description' with build type 'ament_python'
[6.226s] Level 1:colcon.colcon_core.shell:create_environment_hook('robot_description', 'ament_prefix_path')
[6.243s] INFO:colcon.colcon_core.shell:Creating environment hook '/home/lance/robot/install/robot_description/share/robot_description/hook/ament_prefix_path.ps1'
[6.252s] INFO:colcon.colcon_core.shell:Creating environment descriptor '/home/lance/robot/install/robot_description/share/robot_description/hook/ament_prefix_path.dsv'
[6.257s] INFO:colcon.colcon_core.shell:Creating environment hook '/home/lance/robot/install/robot_description/share/robot_description/hook/ament_prefix_path.sh'
[6.275s] INFO:colcon.colcon_core.shell:Skip shell extension 'powershell' for command environment: Not usable outside of PowerShell
[6.276s] DEBUG:colcon.colcon_core.shell:Skip shell extension 'dsv' for command environment
[6.321s] INFO:colcon.colcon_ros.task.ament_python.build:Building ROS package in '/home/lance/robot/src/bringup' with build type 'ament_python'
[6.321s] Level 1:colcon.colcon_core.shell:create_environment_hook('bringup', 'ament_prefix_path')
[6.338s] INFO:colcon.colcon_core.shell:Creating environment hook '/home/lance/robot/install/bringup/share/bringup/hook/ament_prefix_path.ps1'
[6.341s] INFO:colcon.colcon_core.shell:Creating environment descriptor '/home/lance/robot/install/bringup/share/bringup/hook/ament_prefix_path.dsv'
[6.344s] INFO:colcon.colcon_core.shell:Creating environment hook '/home/lance/robot/install/bringup/share/bringup/hook/ament_prefix_path.sh'
[6.364s] INFO:colcon.colcon_core.shell:Skip shell extension 'powershell' for command environment: Not usable outside of PowerShell
[6.365s] DEBUG:colcon.colcon_core.shell:Skip shell extension 'dsv' for command environment
[6.411s] INFO:colcon.colcon_core.task.python.build:Building Python package in '/home/lance/robot/src/computer_vision'
[6.427s] INFO:colcon.colcon_core.shell:Skip shell extension 'powershell' for command environment: Not usable outside of PowerShell
[6.428s] DEBUG:colcon.colcon_core.shell:Skip shell extension 'dsv' for command environment
[6.507s] DEBUG:colcon.colcon_core.event_handler.log_command:Invoking command in '/home/lance/robot/build/my_cobot_interfaces': CMAKE_PREFIX_PATH=${CMAKE_PREFIX_PATH}:/home/lance/robot/install/robot_description:/home/lance/robot/install/coord_controller:/home/lance/robot/install/controllers:/home/lance/robot/install/motion_planning:/home/lance/robot/install/bringup:/opt/ros/humble /usr/bin/cmake --build /home/lance/robot/build/my_cobot_interfaces -- -j4 -l4
[8.780s] INFO:colcon.colcon_core.task.python.build:Building Python package in '/home/lance/robot/src/robot_description'
[8.804s] INFO:colcon.colcon_core.shell:Skip shell extension 'powershell' for command environment: Not usable outside of PowerShell
[8.805s] DEBUG:colcon.colcon_core.shell:Skip shell extension 'dsv' for command environment
[11.407s] INFO:colcon.colcon_core.task.python.build:Building Python package in '/home/lance/robot/src/bringup'
[11.430s] INFO:colcon.colcon_core.shell:Skip shell extension 'powershell' for command environment: Not usable outside of PowerShell
[11.430s] DEBUG:colcon.colcon_core.shell:Skip shell extension 'dsv' for command environment
[24.141s] DEBUG:colcon.colcon_core.event_handler.log_command:Invoking command in '/home/lance/robot/src/robot_description': PYTHONPATH=/home/lance/robot/build/robot_description/prefix_override:/home/lance/robot/install/robot_description/lib/python3.10/site-packages:${PYTHONPATH} /usr/bin/python3 setup.py egg_info --egg-base ../../build/robot_description build --build-base /home/lance/robot/build/robot_description/build install --record /home/lance/robot/build/robot_description/install.log --single-version-externally-managed
[24.956s] DEBUG:colcon.colcon_core.event_handler.log_command:Invoking command in '/home/lance/robot/build/computer_vision': PYTHONPATH=/home/lance/robot/build/computer_vision/prefix_override:/home/lance/robot/install/computer_vision/lib/python3.10/site-packages:${PYTHONPATH} /usr/bin/python3 setup.py develop --uninstall --editable --build-directory /home/lance/robot/build/computer_vision/build
[25.547s] DEBUG:colcon.colcon_core.event_handler.log_command:Invoking command in '/home/lance/robot/src/bringup': PYTHONPATH=/home/lance/robot/build/bringup/prefix_override:/home/lance/robot/install/bringup/lib/python3.10/site-packages:${PYTHONPATH} /usr/bin/python3 setup.py egg_info --egg-base ../../build/bringup build --build-base /home/lance/robot/build/bringup/build install --record /home/lance/robot/build/bringup/install.log --single-version-externally-managed
[28.156s] DEBUG:colcon.colcon_core.event_handler.log_command:Invoked command in '/home/lance/robot/src/robot_description' returned '0': PYTHONPATH=/home/lance/robot/build/robot_description/prefix_override:/home/lance/robot/install/robot_description/lib/python3.10/site-packages:${PYTHONPATH} /usr/bin/python3 setup.py egg_info --egg-base ../../build/robot_description build --build-base /home/lance/robot/build/robot_description/build install --record /home/lance/robot/build/robot_description/install.log --single-version-externally-managed
[28.226s] Level 1:colcon.colcon_core.environment:checking '/home/lance/robot/install/robot_description' for CMake module files
[28.229s] Level 1:colcon.colcon_core.environment:checking '/home/lance/robot/install/robot_description' for CMake config files
[28.236s] Level 1:colcon.colcon_core.environment:checking '/home/lance/robot/install/robot_description/lib'
[28.237s] Level 1:colcon.colcon_core.environment:checking '/home/lance/robot/install/robot_description/bin'
[28.238s] Level 1:colcon.colcon_core.environment:checking '/home/lance/robot/install/robot_description/lib/pkgconfig/robot_description.pc'
[28.240s] Level 1:colcon.colcon_core.environment:checking '/home/lance/robot/install/robot_description/lib/python3.10/site-packages'
[28.241s] Level 1:colcon.colcon_core.shell:create_environment_hook('robot_description', 'pythonpath')
[28.264s] INFO:colcon.colcon_core.shell:Creating environment hook '/home/lance/robot/install/robot_description/share/robot_description/hook/pythonpath.ps1'
[28.267s] INFO:colcon.colcon_core.shell:Creating environment descriptor '/home/lance/robot/install/robot_description/share/robot_description/hook/pythonpath.dsv'
[28.269s] INFO:colcon.colcon_core.shell:Creating environment hook '/home/lance/robot/install/robot_description/share/robot_description/hook/pythonpath.sh'
[28.273s] Level 1:colcon.colcon_core.environment:checking '/home/lance/robot/install/robot_description/bin'
[28.273s] Level 1:colcon.colcon_core.environment:create_environment_scripts_only(robot_description)
[28.293s] INFO:colcon.colcon_core.shell:Creating package script '/home/lance/robot/install/robot_description/share/robot_description/package.ps1'
[28.298s] INFO:colcon.colcon_core.shell:Creating package descriptor '/home/lance/robot/install/robot_description/share/robot_description/package.dsv'
[28.303s] INFO:colcon.colcon_core.shell:Creating package script '/home/lance/robot/install/robot_description/share/robot_description/package.sh'
[28.308s] INFO:colcon.colcon_core.shell:Creating package script '/home/lance/robot/install/robot_description/share/robot_description/package.bash'
[28.315s] INFO:colcon.colcon_core.shell:Creating package script '/home/lance/robot/install/robot_description/share/robot_description/package.zsh'
[28.320s] Level 1:colcon.colcon_core.environment:create_file_with_runtime_dependencies(/home/lance/robot/install/robot_description/share/colcon-core/packages/robot_description)
[28.324s] INFO:colcon.colcon_ros.task.ament_python.build:Building ROS package in '/home/lance/robot/src/motion_planning' with build type 'ament_python'
[28.328s] Level 1:colcon.colcon_core.shell:create_environment_hook('motion_planning', 'ament_prefix_path')
[28.349s] INFO:colcon.colcon_core.shell:Creating environment hook '/home/lance/robot/install/motion_planning/share/motion_planning/hook/ament_prefix_path.ps1'
[28.355s] INFO:colcon.colcon_core.shell:Creating environment descriptor '/home/lance/robot/install/motion_planning/share/motion_planning/hook/ament_prefix_path.dsv'
[28.358s] INFO:colcon.colcon_core.shell:Creating environment hook '/home/lance/robot/install/motion_planning/share/motion_planning/hook/ament_prefix_path.sh'
[28.385s] INFO:colcon.colcon_core.shell:Skip shell extension 'powershell' for command environment: Not usable outside of PowerShell
[28.385s] DEBUG:colcon.colcon_core.shell:Skip shell extension 'dsv' for command environment
[31.336s] INFO:colcon.colcon_core.task.python.build:Building Python package in '/home/lance/robot/src/motion_planning'
[31.353s] INFO:colcon.colcon_core.shell:Skip shell extension 'powershell' for command environment: Not usable outside of PowerShell
[31.354s] DEBUG:colcon.colcon_core.shell:Skip shell extension 'dsv' for command environment
[31.438s] DEBUG:colcon.colcon_core.event_handler.log_command:Invoked command in '/home/lance/robot/build/computer_vision' returned '0': PYTHONPATH=/home/lance/robot/build/computer_vision/prefix_override:/home/lance/robot/install/computer_vision/lib/python3.10/site-packages:${PYTHONPATH} /usr/bin/python3 setup.py develop --uninstall --editable --build-directory /home/lance/robot/build/computer_vision/build
[31.450s] DEBUG:colcon.colcon_core.event_handler.log_command:Invoking command in '/home/lance/robot/src/computer_vision': PYTHONPATH=/home/lance/robot/build/computer_vision/prefix_override:/home/lance/robot/install/computer_vision/lib/python3.10/site-packages:${PYTHONPATH} /usr/bin/python3 setup.py egg_info --egg-base ../../build/computer_vision build --build-base /home/lance/robot/build/computer_vision/build install --record /home/lance/robot/build/computer_vision/install.log --single-version-externally-managed
[31.463s] DEBUG:colcon.colcon_core.event_handler.log_command:Invoked command in '/home/lance/robot/src/bringup' returned '0': PYTHONPATH=/home/lance/robot/build/bringup/prefix_override:/home/lance/robot/install/bringup/lib/python3.10/site-packages:${PYTHONPATH} /usr/bin/python3 setup.py egg_info --egg-base ../../build/bringup build --build-base /home/lance/robot/build/bringup/build install --record /home/lance/robot/build/bringup/install.log --single-version-externally-managed
[31.491s] Level 1:colcon.colcon_core.environment:checking '/home/lance/robot/install/bringup' for CMake module files
[31.494s] Level 1:colcon.colcon_core.environment:checking '/home/lance/robot/install/bringup' for CMake config files
[31.502s] Level 1:colcon.colcon_core.environment:checking '/home/lance/robot/install/bringup/lib'
[31.503s] Level 1:colcon.colcon_core.environment:checking '/home/lance/robot/install/bringup/bin'
[31.504s] Level 1:colcon.colcon_core.environment:checking '/home/lance/robot/install/bringup/lib/pkgconfig/bringup.pc'
[31.505s] Level 1:colcon.colcon_core.environment:checking '/home/lance/robot/install/bringup/lib/python3.10/site-packages'
[31.505s] Level 1:colcon.colcon_core.shell:create_environment_hook('bringup', 'pythonpath')
[31.527s] INFO:colcon.colcon_core.shell:Creating environment hook '/home/lance/robot/install/bringup/share/bringup/hook/pythonpath.ps1'
[31.530s] INFO:colcon.colcon_core.shell:Creating environment descriptor '/home/lance/robot/install/bringup/share/bringup/hook/pythonpath.dsv'
[31.533s] INFO:colcon.colcon_core.shell:Creating environment hook '/home/lance/robot/install/bringup/share/bringup/hook/pythonpath.sh'
[31.538s] Level 1:colcon.colcon_core.environment:checking '/home/lance/robot/install/bringup/bin'
[31.539s] Level 1:colcon.colcon_core.environment:create_environment_scripts_only(bringup)
[31.564s] INFO:colcon.colcon_core.shell:Creating package script '/home/lance/robot/install/bringup/share/bringup/package.ps1'
[31.570s] INFO:colcon.colcon_core.shell:Creating package descriptor '/home/lance/robot/install/bringup/share/bringup/package.dsv'
[31.576s] INFO:colcon.colcon_core.shell:Creating package script '/home/lance/robot/install/bringup/share/bringup/package.sh'
[31.580s] INFO:colcon.colcon_core.shell:Creating package script '/home/lance/robot/install/bringup/share/bringup/package.bash'
[31.584s] INFO:colcon.colcon_core.shell:Creating package script '/home/lance/robot/install/bringup/share/bringup/package.zsh'
[31.591s] Level 1:colcon.colcon_core.environment:create_file_with_runtime_dependencies(/home/lance/robot/install/bringup/share/colcon-core/packages/bringup)
[31.859s] DEBUG:colcon.colcon_core.event_handler.log_command:Invoked command in '/home/lance/robot/build/my_cobot_interfaces' returned '0': CMAKE_PREFIX_PATH=${CMAKE_PREFIX_PATH}:/home/lance/robot/install/robot_description:/home/lance/robot/install/coord_controller:/home/lance/robot/install/controllers:/home/lance/robot/install/motion_planning:/home/lance/robot/install/bringup:/opt/ros/humble /usr/bin/cmake --build /home/lance/robot/build/my_cobot_interfaces -- -j4 -l4
[34.015s] DEBUG:colcon.colcon_core.event_handler.log_command:Invoking command in '/home/lance/robot/build/my_cobot_interfaces': CMAKE_PREFIX_PATH=${CMAKE_PREFIX_PATH}:/home/lance/robot/install/robot_description:/home/lance/robot/install/coord_controller:/home/lance/robot/install/controllers:/home/lance/robot/install/motion_planning:/home/lance/robot/install/bringup:/opt/ros/humble /usr/bin/cmake --install /home/lance/robot/build/my_cobot_interfaces
[34.037s] DEBUG:colcon.colcon_core.event_handler.log_command:Invoked command in '/home/lance/robot/src/computer_vision' returned '0': PYTHONPATH=/home/lance/robot/build/computer_vision/prefix_override:/home/lance/robot/install/computer_vision/lib/python3.10/site-packages:${PYTHONPATH} /usr/bin/python3 setup.py egg_info --egg-base ../../build/computer_vision build --build-base /home/lance/robot/build/computer_vision/build install --record /home/lance/robot/build/computer_vision/install.log --single-version-externally-managed
[34.063s] Level 1:colcon.colcon_core.environment:checking '/home/lance/robot/install/computer_vision' for CMake module files
[34.066s] Level 1:colcon.colcon_core.environment:checking '/home/lance/robot/install/computer_vision' for CMake config files
[34.079s] Level 1:colcon.colcon_core.environment:checking '/home/lance/robot/install/computer_vision/lib'
[34.090s] Level 1:colcon.colcon_core.environment:checking '/home/lance/robot/install/computer_vision/bin'
[34.093s] Level 1:colcon.colcon_core.environment:checking '/home/lance/robot/install/computer_vision/lib/pkgconfig/computer_vision.pc'
[34.095s] Level 1:colcon.colcon_core.environment:checking '/home/lance/robot/install/computer_vision/lib/python3.10/site-packages'
[34.098s] Level 1:colcon.colcon_core.shell:create_environment_hook('computer_vision', 'pythonpath')
[34.149s] INFO:colcon.colcon_core.shell:Creating environment hook '/home/lance/robot/install/computer_vision/share/computer_vision/hook/pythonpath.ps1'
[34.173s] INFO:colcon.colcon_core.shell:Creating environment descriptor '/home/lance/robot/install/computer_vision/share/computer_vision/hook/pythonpath.dsv'
[34.178s] INFO:colcon.colcon_core.shell:Creating environment hook '/home/lance/robot/install/computer_vision/share/computer_vision/hook/pythonpath.sh'
[34.191s] Level 1:colcon.colcon_core.environment:checking '/home/lance/robot/install/computer_vision/bin'
[34.197s] Level 1:colcon.colcon_core.environment:create_environment_scripts_only(computer_vision)
[34.296s] INFO:colcon.colcon_core.shell:Creating package script '/home/lance/robot/install/computer_vision/share/computer_vision/package.ps1'
[34.323s] INFO:colcon.colcon_core.shell:Creating package descriptor '/home/lance/robot/install/computer_vision/share/computer_vision/package.dsv'
[34.354s] INFO:colcon.colcon_core.shell:Creating package script '/home/lance/robot/install/computer_vision/share/computer_vision/package.sh'
[34.370s] INFO:colcon.colcon_core.shell:Creating package script '/home/lance/robot/install/computer_vision/share/computer_vision/package.bash'
[34.383s] INFO:colcon.colcon_core.shell:Creating package script '/home/lance/robot/install/computer_vision/share/computer_vision/package.zsh'
[34.403s] Level 1:colcon.colcon_core.environment:create_file_with_runtime_dependencies(/home/lance/robot/install/computer_vision/share/colcon-core/packages/computer_vision)
[34.587s] DEBUG:colcon.colcon_core.event_handler.log_command:Invoking command in '/home/lance/robot/src/motion_planning': PYTHONPATH=/home/lance/robot/build/motion_planning/prefix_override:/home/lance/robot/install/motion_planning/lib/python3.10/site-packages:${PYTHONPATH} /usr/bin/python3 setup.py egg_info --egg-base ../../build/motion_planning build --build-base /home/lance/robot/build/motion_planning/build install --record /home/lance/robot/build/motion_planning/install.log --single-version-externally-managed
[34.867s] Level 1:colcon.colcon_core.environment:create_environment_scripts_only(my_cobot_interfaces)
[34.885s] DEBUG:colcon.colcon_core.event_handler.log_command:Invoked command in '/home/lance/robot/build/my_cobot_interfaces' returned '0': CMAKE_PREFIX_PATH=${CMAKE_PREFIX_PATH}:/home/lance/robot/install/robot_description:/home/lance/robot/install/coord_controller:/home/lance/robot/install/controllers:/home/lance/robot/install/motion_planning:/home/lance/robot/install/bringup:/opt/ros/humble /usr/bin/cmake --install /home/lance/robot/build/my_cobot_interfaces
[34.890s] Level 1:colcon.colcon_core.environment:checking '/home/lance/robot/install/my_cobot_interfaces' for CMake module files
[34.895s] Level 1:colcon.colcon_core.environment:checking '/home/lance/robot/install/my_cobot_interfaces' for CMake config files
[34.899s] Level 1:colcon.colcon_core.shell:create_environment_hook('my_cobot_interfaces', 'cmake_prefix_path')
[34.914s] INFO:colcon.colcon_core.shell:Creating environment hook '/home/lance/robot/install/my_cobot_interfaces/share/my_cobot_interfaces/hook/cmake_prefix_path.ps1'
[34.916s] INFO:colcon.colcon_core.shell:Creating environment descriptor '/home/lance/robot/install/my_cobot_interfaces/share/my_cobot_interfaces/hook/cmake_prefix_path.dsv'
[34.919s] INFO:colcon.colcon_core.shell:Creating environment hook '/home/lance/robot/install/my_cobot_interfaces/share/my_cobot_interfaces/hook/cmake_prefix_path.sh'
[34.922s] Level 1:colcon.colcon_core.environment:checking '/home/lance/robot/install/my_cobot_interfaces/lib'
[34.923s] Level 1:colcon.colcon_core.shell:create_environment_hook('my_cobot_interfaces', 'ld_library_path_lib')
[34.937s] INFO:colcon.colcon_core.shell:Creating environment hook '/home/lance/robot/install/my_cobot_interfaces/share/my_cobot_interfaces/hook/ld_library_path_lib.ps1'
[34.940s] INFO:colcon.colcon_core.shell:Creating environment descriptor '/home/lance/robot/install/my_cobot_interfaces/share/my_cobot_interfaces/hook/ld_library_path_lib.dsv'
[34.942s] INFO:colcon.colcon_core.shell:Creating environment hook '/home/lance/robot/install/my_cobot_interfaces/share/my_cobot_interfaces/hook/ld_library_path_lib.sh'
[34.944s] Level 1:colcon.colcon_core.environment:checking '/home/lance/robot/install/my_cobot_interfaces/bin'
[34.945s] Level 1:colcon.colcon_core.environment:checking '/home/lance/robot/install/my_cobot_interfaces/lib/pkgconfig/my_cobot_interfaces.pc'
[34.946s] Level 1:colcon.colcon_core.environment:checking '/home/lance/robot/install/my_cobot_interfaces/lib/python3.10/site-packages'
[34.948s] Level 1:colcon.colcon_core.environment:checking '/home/lance/robot/install/my_cobot_interfaces/bin'
[34.963s] INFO:colcon.colcon_core.shell:Creating package script '/home/lance/robot/install/my_cobot_interfaces/share/my_cobot_interfaces/package.ps1'
[34.967s] INFO:colcon.colcon_core.shell:Creating package descriptor '/home/lance/robot/install/my_cobot_interfaces/share/my_cobot_interfaces/package.dsv'
[34.970s] INFO:colcon.colcon_core.shell:Creating package script '/home/lance/robot/install/my_cobot_interfaces/share/my_cobot_interfaces/package.sh'
[34.972s] INFO:colcon.colcon_core.shell:Creating package script '/home/lance/robot/install/my_cobot_interfaces/share/my_cobot_interfaces/package.bash'
[34.974s] INFO:colcon.colcon_core.shell:Creating package script '/home/lance/robot/install/my_cobot_interfaces/share/my_cobot_interfaces/package.zsh'
[34.976s] Level 1:colcon.colcon_core.environment:create_file_with_runtime_dependencies(/home/lance/robot/install/my_cobot_interfaces/share/colcon-core/packages/my_cobot_interfaces)
[36.601s] DEBUG:colcon.colcon_core.event_handler.log_command:Invoked command in '/home/lance/robot/src/motion_planning' returned '0': PYTHONPATH=/home/lance/robot/build/motion_planning/prefix_override:/home/lance/robot/install/motion_planning/lib/python3.10/site-packages:${PYTHONPATH} /usr/bin/python3 setup.py egg_info --egg-base ../../build/motion_planning build --build-base /home/lance/robot/build/motion_planning/build install --record /home/lance/robot/build/motion_planning/install.log --single-version-externally-managed
[36.601s] Level 1:colcon.colcon_core.environment:checking '/home/lance/robot/install/motion_planning' for CMake module files
[36.604s] Level 1:colcon.colcon_core.environment:checking '/home/lance/robot/install/motion_planning' for CMake config files
[36.608s] Level 1:colcon.colcon_core.environment:checking '/home/lance/robot/install/motion_planning/lib'
[36.608s] Level 1:colcon.colcon_core.environment:checking '/home/lance/robot/install/motion_planning/bin'
[36.609s] Level 1:colcon.colcon_core.environment:checking '/home/lance/robot/install/motion_planning/lib/pkgconfig/motion_planning.pc'
[36.610s] Level 1:colcon.colcon_core.environment:checking '/home/lance/robot/install/motion_planning/lib/python3.10/site-packages'
[36.610s] Level 1:colcon.colcon_core.shell:create_environment_hook('motion_planning', 'pythonpath')
[36.624s] INFO:colcon.colcon_core.shell:Creating environment hook '/home/lance/robot/install/motion_planning/share/motion_planning/hook/pythonpath.ps1'
[36.626s] INFO:colcon.colcon_core.shell:Creating environment descriptor '/home/lance/robot/install/motion_planning/share/motion_planning/hook/pythonpath.dsv'
[36.628s] INFO:colcon.colcon_core.shell:Creating environment hook '/home/lance/robot/install/motion_planning/share/motion_planning/hook/pythonpath.sh'
[36.631s] Level 1:colcon.colcon_core.environment:checking '/home/lance/robot/install/motion_planning/bin'
[36.632s] Level 1:colcon.colcon_core.environment:create_environment_scripts_only(motion_planning)
[36.646s] INFO:colcon.colcon_core.shell:Creating package script '/home/lance/robot/install/motion_planning/share/motion_planning/package.ps1'
[36.649s] INFO:colcon.colcon_core.shell:Creating package descriptor '/home/lance/robot/install/motion_planning/share/motion_planning/package.dsv'
[36.651s] INFO:colcon.colcon_core.shell:Creating package script '/home/lance/robot/install/motion_planning/share/motion_planning/package.sh'
[36.653s] INFO:colcon.colcon_core.shell:Creating package script '/home/lance/robot/install/motion_planning/share/motion_planning/package.bash'
[36.655s] INFO:colcon.colcon_core.shell:Creating package script '/home/lance/robot/install/motion_planning/share/motion_planning/package.zsh'
[36.657s] Level 1:colcon.colcon_core.environment:create_file_with_runtime_dependencies(/home/lance/robot/install/motion_planning/share/colcon-core/packages/motion_planning)
[36.674s] Level 1:colcon.colcon_core.environment:create_environment_scripts_only(my_cobot_interfaces)
[36.694s] Level 1:colcon.colcon_core.environment:checking '/home/lance/robot/install/my_cobot_interfaces' for CMake module files
[36.698s] Level 1:colcon.colcon_core.environment:checking '/home/lance/robot/install/my_cobot_interfaces' for CMake config files
[36.702s] Level 1:colcon.colcon_core.shell:create_environment_hook('my_cobot_interfaces', 'cmake_prefix_path')
[36.716s] INFO:colcon.colcon_core.shell:Creating environment hook '/home/lance/robot/install/my_cobot_interfaces/share/my_cobot_interfaces/hook/cmake_prefix_path.ps1'
[36.718s] INFO:colcon.colcon_core.shell:Creating environment descriptor '/home/lance/robot/install/my_cobot_interfaces/share/my_cobot_interfaces/hook/cmake_prefix_path.dsv'
[36.719s] INFO:colcon.colcon_core.shell:Creating environment hook '/home/lance/robot/install/my_cobot_interfaces/share/my_cobot_interfaces/hook/cmake_prefix_path.sh'
[36.722s] Level 1:colcon.colcon_core.environment:checking '/home/lance/robot/install/my_cobot_interfaces/lib'
[36.723s] Level 1:colcon.colcon_core.shell:create_environment_hook('my_cobot_interfaces', 'ld_library_path_lib')
[36.735s] INFO:colcon.colcon_core.shell:Creating environment hook '/home/lance/robot/install/my_cobot_interfaces/share/my_cobot_interfaces/hook/ld_library_path_lib.ps1'
[36.737s] INFO:colcon.colcon_core.shell:Creating environment descriptor '/home/lance/robot/install/my_cobot_interfaces/share/my_cobot_interfaces/hook/ld_library_path_lib.dsv'
[36.738s] INFO:colcon.colcon_core.shell:Creating environment hook '/home/lance/robot/install/my_cobot_interfaces/share/my_cobot_interfaces/hook/ld_library_path_lib.sh'
[36.740s] Level 1:colcon.colcon_core.environment:checking '/home/lance/robot/install/my_cobot_interfaces/bin'
[36.741s] Level 1:colcon.colcon_core.environment:checking '/home/lance/robot/install/my_cobot_interfaces/lib/pkgconfig/my_cobot_interfaces.pc'
[36.742s] Level 1:colcon.colcon_core.environment:checking '/home/lance/robot/install/my_cobot_interfaces/lib/python3.10/site-packages'
[36.742s] Level 1:colcon.colcon_core.environment:checking '/home/lance/robot/install/my_cobot_interfaces/bin'
[36.756s] INFO:colcon.colcon_core.shell:Creating package script '/home/lance/robot/install/my_cobot_interfaces/share/my_cobot_interfaces/package.ps1'
[36.758s] INFO:colcon.colcon_core.shell:Creating package descriptor '/home/lance/robot/install/my_cobot_interfaces/share/my_cobot_interfaces/package.dsv'
[36.761s] INFO:colcon.colcon_core.shell:Creating package script '/home/lance/robot/install/my_cobot_interfaces/share/my_cobot_interfaces/package.sh'
[36.763s] INFO:colcon.colcon_core.shell:Creating package script '/home/lance/robot/install/my_cobot_interfaces/share/my_cobot_interfaces/package.bash'
[36.765s] INFO:colcon.colcon_core.shell:Creating package script '/home/lance/robot/install/my_cobot_interfaces/share/my_cobot_interfaces/package.zsh'
[36.768s] Level 1:colcon.colcon_core.environment:create_file_with_runtime_dependencies(/home/lance/robot/install/my_cobot_interfaces/share/colcon-core/packages/my_cobot_interfaces)
[36.770s] INFO:colcon.colcon_ros.task.ament_cmake.build:Building ROS package in '/home/lance/robot/src/my_cobot_hardware_interface' with build type 'ament_cmake'
[36.770s] INFO:colcon.colcon_cmake.task.cmake.build:Building CMake package in '/home/lance/robot/src/my_cobot_hardware_interface'
[36.786s] INFO:colcon.colcon_core.shell:Skip shell extension 'powershell' for command environment: Not usable outside of PowerShell
[36.787s] DEBUG:colcon.colcon_core.shell:Skip shell extension 'dsv' for command environment
[36.842s] INFO:colcon.colcon_ros.task.ament_python.build:Building ROS package in '/home/lance/robot/src/controllers' with build type 'ament_python'
[36.843s] Level 1:colcon.colcon_core.shell:create_environment_hook('controllers', 'ament_prefix_path')
[36.862s] INFO:colcon.colcon_core.shell:Creating environment hook '/home/lance/robot/install/controllers/share/controllers/hook/ament_prefix_path.ps1'
[36.865s] INFO:colcon.colcon_core.shell:Creating environment descriptor '/home/lance/robot/install/controllers/share/controllers/hook/ament_prefix_path.dsv'
[36.870s] INFO:colcon.colcon_core.shell:Creating environment hook '/home/lance/robot/install/controllers/share/controllers/hook/ament_prefix_path.sh'
[36.891s] INFO:colcon.colcon_core.shell:Skip shell extension 'powershell' for command environment: Not usable outside of PowerShell
[36.891s] DEBUG:colcon.colcon_core.shell:Skip shell extension 'dsv' for command environment
[36.941s] INFO:colcon.colcon_ros.task.ament_python.build:Building ROS package in '/home/lance/robot/src/coord_controller' with build type 'ament_python'
[36.942s] Level 1:colcon.colcon_core.shell:create_environment_hook('coord_controller', 'ament_prefix_path')
[36.961s] INFO:colcon.colcon_core.shell:Creating environment hook '/home/lance/robot/install/coord_controller/share/coord_controller/hook/ament_prefix_path.ps1'
[36.963s] INFO:colcon.colcon_core.shell:Creating environment descriptor '/home/lance/robot/install/coord_controller/share/coord_controller/hook/ament_prefix_path.dsv'
[36.966s] INFO:colcon.colcon_core.shell:Creating environment hook '/home/lance/robot/install/coord_controller/share/coord_controller/hook/ament_prefix_path.sh'
[36.986s] INFO:colcon.colcon_core.shell:Skip shell extension 'powershell' for command environment: Not usable outside of PowerShell
[36.986s] DEBUG:colcon.colcon_core.shell:Skip shell extension 'dsv' for command environment
[37.062s] DEBUG:colcon.colcon_core.event_handler.log_command:Invoking command in '/home/lance/robot/build/my_cobot_hardware_interface': CMAKE_PREFIX_PATH=/home/lance/robot/install/my_cobot_interfaces:/home/lance/robot/install/moveit_config:/home/lance/robot/install/my_cobot_hardware_interface:/home/lance/moveit2_ws/install:/home/lance/robot/install/robot_description:/home/lance/robot/install/coord_controller:/home/lance/robot/install/controllers:/home/lance/robot/install/motion_planning:/home/lance/robot/install/bringup:/opt/ros/humble LD_LIBRARY_PATH=/home/lance/robot/install/my_cobot_interfaces/lib:/home/lance/robot/install/my_cobot_hardware_interface/lib:/opt/ros/humble/opt/rviz_ogre_vendor/lib:/opt/ros/humble/lib/aarch64-linux-gnu:/opt/ros/humble/lib /usr/bin/cmake --build /home/lance/robot/build/my_cobot_hardware_interface -- -j4 -l4
[38.859s] INFO:colcon.colcon_core.task.python.build:Building Python package in '/home/lance/robot/src/controllers'
[38.874s] INFO:colcon.colcon_core.shell:Skip shell extension 'powershell' for command environment: Not usable outside of PowerShell
[38.874s] DEBUG:colcon.colcon_core.shell:Skip shell extension 'dsv' for command environment
[40.578s] INFO:colcon.colcon_core.task.python.build:Building Python package in '/home/lance/robot/src/coord_controller'
[40.592s] INFO:colcon.colcon_core.shell:Skip shell extension 'powershell' for command environment: Not usable outside of PowerShell
[40.592s] DEBUG:colcon.colcon_core.shell:Skip shell extension 'dsv' for command environment
[43.211s] DEBUG:colcon.colcon_core.event_handler.log_command:Invoking command in '/home/lance/robot/src/controllers': CMAKE_PREFIX_PATH=/home/lance/robot/install/my_cobot_interfaces:/home/lance/robot/install/moveit_config:/home/lance/robot/install/my_cobot_hardware_interface:/home/lance/moveit2_ws/install LD_LIBRARY_PATH=/home/lance/robot/install/my_cobot_interfaces/lib:/home/lance/robot/install/my_cobot_hardware_interface/lib:/opt/ros/humble/opt/rviz_ogre_vendor/lib:/opt/ros/humble/lib/aarch64-linux-gnu:/opt/ros/humble/lib PYTHONPATH=/home/lance/robot/build/controllers/prefix_override:/home/lance/robot/install/controllers/lib/python3.10/site-packages:${PYTHONPATH} /usr/bin/python3 setup.py egg_info --egg-base ../../build/controllers build --build-base /home/lance/robot/build/controllers/build install --record /home/lance/robot/build/controllers/install.log --single-version-externally-managed
[43.253s] DEBUG:colcon.colcon_core.event_handler.log_command:Invoking command in '/home/lance/robot/build/coord_controller': CMAKE_PREFIX_PATH=/home/lance/robot/install/my_cobot_interfaces:/home/lance/robot/install/moveit_config:/home/lance/robot/install/my_cobot_hardware_interface:/home/lance/moveit2_ws/install LD_LIBRARY_PATH=/home/lance/robot/install/my_cobot_interfaces/lib:/home/lance/robot/install/my_cobot_hardware_interface/lib:/opt/ros/humble/opt/rviz_ogre_vendor/lib:/opt/ros/humble/lib/aarch64-linux-gnu:/opt/ros/humble/lib PYTHONPATH=/home/lance/robot/build/coord_controller/prefix_override:/home/lance/robot/install/coord_controller/lib/python3.10/site-packages:${PYTHONPATH} /usr/bin/python3 setup.py develop --uninstall --editable --build-directory /home/lance/robot/build/coord_controller/build
[45.486s] DEBUG:colcon.colcon_core.event_handler.log_command:Invoked command in '/home/lance/robot/src/controllers' returned '0': CMAKE_PREFIX_PATH=/home/lance/robot/install/my_cobot_interfaces:/home/lance/robot/install/moveit_config:/home/lance/robot/install/my_cobot_hardware_interface:/home/lance/moveit2_ws/install LD_LIBRARY_PATH=/home/lance/robot/install/my_cobot_interfaces/lib:/home/lance/robot/install/my_cobot_hardware_interface/lib:/opt/ros/humble/opt/rviz_ogre_vendor/lib:/opt/ros/humble/lib/aarch64-linux-gnu:/opt/ros/humble/lib PYTHONPATH=/home/lance/robot/build/controllers/prefix_override:/home/lance/robot/install/controllers/lib/python3.10/site-packages:${PYTHONPATH} /usr/bin/python3 setup.py egg_info --egg-base ../../build/controllers build --build-base /home/lance/robot/build/controllers/build install --record /home/lance/robot/build/controllers/install.log --single-version-externally-managed
[45.487s] Level 1:colcon.colcon_core.environment:checking '/home/lance/robot/install/controllers' for CMake module files
[45.490s] Level 1:colcon.colcon_core.environment:checking '/home/lance/robot/install/controllers' for CMake config files
[45.495s] Level 1:colcon.colcon_core.environment:checking '/home/lance/robot/install/controllers/lib'
[45.496s] Level 1:colcon.colcon_core.environment:checking '/home/lance/robot/install/controllers/bin'
[45.496s] Level 1:colcon.colcon_core.environment:checking '/home/lance/robot/install/controllers/lib/pkgconfig/controllers.pc'
[45.498s] Level 1:colcon.colcon_core.environment:checking '/home/lance/robot/install/controllers/lib/python3.10/site-packages'
[45.499s] Level 1:colcon.colcon_core.shell:create_environment_hook('controllers', 'pythonpath')
[45.514s] INFO:colcon.colcon_core.shell:Creating environment hook '/home/lance/robot/install/controllers/share/controllers/hook/pythonpath.ps1'
[45.516s] INFO:colcon.colcon_core.shell:Creating environment descriptor '/home/lance/robot/install/controllers/share/controllers/hook/pythonpath.dsv'
[45.519s] INFO:colcon.colcon_core.shell:Creating environment hook '/home/lance/robot/install/controllers/share/controllers/hook/pythonpath.sh'
[45.522s] Level 1:colcon.colcon_core.environment:checking '/home/lance/robot/install/controllers/bin'
[45.522s] Level 1:colcon.colcon_core.environment:create_environment_scripts_only(controllers)
[45.537s] INFO:colcon.colcon_core.shell:Creating package script '/home/lance/robot/install/controllers/share/controllers/package.ps1'
[45.540s] INFO:colcon.colcon_core.shell:Creating package descriptor '/home/lance/robot/install/controllers/share/controllers/package.dsv'
[45.542s] INFO:colcon.colcon_core.shell:Creating package script '/home/lance/robot/install/controllers/share/controllers/package.sh'
[45.548s] INFO:colcon.colcon_core.shell:Creating package script '/home/lance/robot/install/controllers/share/controllers/package.bash'
[45.550s] INFO:colcon.colcon_core.shell:Creating package script '/home/lance/robot/install/controllers/share/controllers/package.zsh'
[45.553s] Level 1:colcon.colcon_core.environment:create_file_with_runtime_dependencies(/home/lance/robot/install/controllers/share/colcon-core/packages/controllers)
[46.725s] DEBUG:colcon.colcon_core.event_handler.log_command:Invoked command in '/home/lance/robot/build/coord_controller' returned '0': CMAKE_PREFIX_PATH=/home/lance/robot/install/my_cobot_interfaces:/home/lance/robot/install/moveit_config:/home/lance/robot/install/my_cobot_hardware_interface:/home/lance/moveit2_ws/install LD_LIBRARY_PATH=/home/lance/robot/install/my_cobot_interfaces/lib:/home/lance/robot/install/my_cobot_hardware_interface/lib:/opt/ros/humble/opt/rviz_ogre_vendor/lib:/opt/ros/humble/lib/aarch64-linux-gnu:/opt/ros/humble/lib PYTHONPATH=/home/lance/robot/build/coord_controller/prefix_override:/home/lance/robot/install/coord_controller/lib/python3.10/site-packages:${PYTHONPATH} /usr/bin/python3 setup.py develop --uninstall --editable --build-directory /home/lance/robot/build/coord_controller/build
[46.734s] DEBUG:colcon.colcon_core.event_handler.log_command:Invoking command in '/home/lance/robot/src/coord_controller': CMAKE_PREFIX_PATH=/home/lance/robot/install/my_cobot_interfaces:/home/lance/robot/install/moveit_config:/home/lance/robot/install/my_cobot_hardware_interface:/home/lance/moveit2_ws/install LD_LIBRARY_PATH=/home/lance/robot/install/my_cobot_interfaces/lib:/home/lance/robot/install/my_cobot_hardware_interface/lib:/opt/ros/humble/opt/rviz_ogre_vendor/lib:/opt/ros/humble/lib/aarch64-linux-gnu:/opt/ros/humble/lib PYTHONPATH=/home/lance/robot/build/coord_controller/prefix_override:/home/lance/robot/install/coord_controller/lib/python3.10/site-packages:${PYTHONPATH} /usr/bin/python3 setup.py egg_info --egg-base ../../build/coord_controller build --build-base /home/lance/robot/build/coord_controller/build install --record /home/lance/robot/build/coord_controller/install.log --single-version-externally-managed
[48.620s] DEBUG:colcon.colcon_core.event_handler.log_command:Invoked command in '/home/lance/robot/src/coord_controller' returned '0': CMAKE_PREFIX_PATH=/home/lance/robot/install/my_cobot_interfaces:/home/lance/robot/install/moveit_config:/home/lance/robot/install/my_cobot_hardware_interface:/home/lance/moveit2_ws/install LD_LIBRARY_PATH=/home/lance/robot/install/my_cobot_interfaces/lib:/home/lance/robot/install/my_cobot_hardware_interface/lib:/opt/ros/humble/opt/rviz_ogre_vendor/lib:/opt/ros/humble/lib/aarch64-linux-gnu:/opt/ros/humble/lib PYTHONPATH=/home/lance/robot/build/coord_controller/prefix_override:/home/lance/robot/install/coord_controller/lib/python3.10/site-packages:${PYTHONPATH} /usr/bin/python3 setup.py egg_info --egg-base ../../build/coord_controller build --build-base /home/lance/robot/build/coord_controller/build install --record /home/lance/robot/build/coord_controller/install.log --single-version-externally-managed
[48.624s] Level 1:colcon.colcon_core.environment:checking '/home/lance/robot/install/coord_controller' for CMake module files
[48.628s] Level 1:colcon.colcon_core.environment:checking '/home/lance/robot/install/coord_controller' for CMake config files
[48.633s] Level 1:colcon.colcon_core.environment:checking '/home/lance/robot/install/coord_controller/lib'
[48.634s] Level 1:colcon.colcon_core.environment:checking '/home/lance/robot/install/coord_controller/bin'
[48.634s] Level 1:colcon.colcon_core.environment:checking '/home/lance/robot/install/coord_controller/lib/pkgconfig/coord_controller.pc'
[48.635s] Level 1:colcon.colcon_core.environment:checking '/home/lance/robot/install/coord_controller/lib/python3.10/site-packages'
[48.636s] Level 1:colcon.colcon_core.shell:create_environment_hook('coord_controller', 'pythonpath')
[48.651s] INFO:colcon.colcon_core.shell:Creating environment hook '/home/lance/robot/install/coord_controller/share/coord_controller/hook/pythonpath.ps1'
[48.654s] INFO:colcon.colcon_core.shell:Creating environment descriptor '/home/lance/robot/install/coord_controller/share/coord_controller/hook/pythonpath.dsv'
[48.656s] INFO:colcon.colcon_core.shell:Creating environment hook '/home/lance/robot/install/coord_controller/share/coord_controller/hook/pythonpath.sh'
[48.659s] Level 1:colcon.colcon_core.environment:checking '/home/lance/robot/install/coord_controller/bin'
[48.660s] Level 1:colcon.colcon_core.environment:create_environment_scripts_only(coord_controller)
[48.677s] INFO:colcon.colcon_core.shell:Creating package script '/home/lance/robot/install/coord_controller/share/coord_controller/package.ps1'
[48.680s] INFO:colcon.colcon_core.shell:Creating package descriptor '/home/lance/robot/install/coord_controller/share/coord_controller/package.dsv'
[48.683s] INFO:colcon.colcon_core.shell:Creating package script '/home/lance/robot/install/coord_controller/share/coord_controller/package.sh'
[48.687s] INFO:colcon.colcon_core.shell:Creating package script '/home/lance/robot/install/coord_controller/share/coord_controller/package.bash'
[48.690s] INFO:colcon.colcon_core.shell:Creating package script '/home/lance/robot/install/coord_controller/share/coord_controller/package.zsh'
[48.692s] Level 1:colcon.colcon_core.environment:create_file_with_runtime_dependencies(/home/lance/robot/install/coord_controller/share/colcon-core/packages/coord_controller)
[72.124s] DEBUG:colcon.colcon_core.event_handler.log_command:Invoked command in '/home/lance/robot/build/my_cobot_hardware_interface' returned '0': CMAKE_PREFIX_PATH=/home/lance/robot/install/my_cobot_interfaces:/home/lance/robot/install/moveit_config:/home/lance/robot/install/my_cobot_hardware_interface:/home/lance/moveit2_ws/install:/home/lance/robot/install/robot_description:/home/lance/robot/install/coord_controller:/home/lance/robot/install/controllers:/home/lance/robot/install/motion_planning:/home/lance/robot/install/bringup:/opt/ros/humble LD_LIBRARY_PATH=/home/lance/robot/install/my_cobot_interfaces/lib:/home/lance/robot/install/my_cobot_hardware_interface/lib:/opt/ros/humble/opt/rviz_ogre_vendor/lib:/opt/ros/humble/lib/aarch64-linux-gnu:/opt/ros/humble/lib /usr/bin/cmake --build /home/lance/robot/build/my_cobot_hardware_interface -- -j4 -l4
[72.310s] DEBUG:colcon.colcon_core.event_handler.log_command:Invoking command in '/home/lance/robot/build/my_cobot_hardware_interface': CMAKE_PREFIX_PATH=/home/lance/robot/install/my_cobot_interfaces:/home/lance/robot/install/moveit_config:/home/lance/robot/install/my_cobot_hardware_interface:/home/lance/moveit2_ws/install:/home/lance/robot/install/robot_description:/home/lance/robot/install/coord_controller:/home/lance/robot/install/controllers:/home/lance/robot/install/motion_planning:/home/lance/robot/install/bringup:/opt/ros/humble LD_LIBRARY_PATH=/home/lance/robot/install/my_cobot_interfaces/lib:/home/lance/robot/install/my_cobot_hardware_interface/lib:/opt/ros/humble/opt/rviz_ogre_vendor/lib:/opt/ros/humble/lib/aarch64-linux-gnu:/opt/ros/humble/lib /usr/bin/cmake --install /home/lance/robot/build/my_cobot_hardware_interface
[72.406s] Level 1:colcon.colcon_core.environment:create_environment_scripts_only(my_cobot_hardware_interface)
[72.419s] DEBUG:colcon.colcon_core.event_handler.log_command:Invoked command in '/home/lance/robot/build/my_cobot_hardware_interface' returned '0': CMAKE_PREFIX_PATH=/home/lance/robot/install/my_cobot_interfaces:/home/lance/robot/install/moveit_config:/home/lance/robot/install/my_cobot_hardware_interface:/home/lance/moveit2_ws/install:/home/lance/robot/install/robot_description:/home/lance/robot/install/coord_controller:/home/lance/robot/install/controllers:/home/lance/robot/install/motion_planning:/home/lance/robot/install/bringup:/opt/ros/humble LD_LIBRARY_PATH=/home/lance/robot/install/my_cobot_interfaces/lib:/home/lance/robot/install/my_cobot_hardware_interface/lib:/opt/ros/humble/opt/rviz_ogre_vendor/lib:/opt/ros/humble/lib/aarch64-linux-gnu:/opt/ros/humble/lib /usr/bin/cmake --install /home/lance/robot/build/my_cobot_hardware_interface
[72.433s] Level 1:colcon.colcon_core.environment:checking '/home/lance/robot/install/my_cobot_hardware_interface' for CMake module files
[72.438s] Level 1:colcon.colcon_core.environment:checking '/home/lance/robot/install/my_cobot_hardware_interface' for CMake config files
[72.440s] Level 1:colcon.colcon_core.shell:create_environment_hook('my_cobot_hardware_interface', 'cmake_prefix_path')
[72.457s] INFO:colcon.colcon_core.shell:Creating environment hook '/home/lance/robot/install/my_cobot_hardware_interface/share/my_cobot_hardware_interface/hook/cmake_prefix_path.ps1'
[72.461s] INFO:colcon.colcon_core.shell:Creating environment descriptor '/home/lance/robot/install/my_cobot_hardware_interface/share/my_cobot_hardware_interface/hook/cmake_prefix_path.dsv'
[72.463s] INFO:colcon.colcon_core.shell:Creating environment hook '/home/lance/robot/install/my_cobot_hardware_interface/share/my_cobot_hardware_interface/hook/cmake_prefix_path.sh'
[72.469s] Level 1:colcon.colcon_core.environment:checking '/home/lance/robot/install/my_cobot_hardware_interface/lib'
[72.470s] Level 1:colcon.colcon_core.shell:create_environment_hook('my_cobot_hardware_interface', 'ld_library_path_lib')
[72.484s] INFO:colcon.colcon_core.shell:Creating environment hook '/home/lance/robot/install/my_cobot_hardware_interface/share/my_cobot_hardware_interface/hook/ld_library_path_lib.ps1'
[72.487s] INFO:colcon.colcon_core.shell:Creating environment descriptor '/home/lance/robot/install/my_cobot_hardware_interface/share/my_cobot_hardware_interface/hook/ld_library_path_lib.dsv'
[72.488s] INFO:colcon.colcon_core.shell:Creating environment hook '/home/lance/robot/install/my_cobot_hardware_interface/share/my_cobot_hardware_interface/hook/ld_library_path_lib.sh'
[72.490s] Level 1:colcon.colcon_core.environment:checking '/home/lance/robot/install/my_cobot_hardware_interface/bin'
[72.491s] Level 1:colcon.colcon_core.environment:checking '/home/lance/robot/install/my_cobot_hardware_interface/lib/pkgconfig/my_cobot_hardware_interface.pc'
[72.492s] Level 1:colcon.colcon_core.environment:checking '/home/lance/robot/install/my_cobot_hardware_interface/lib/python3.10/site-packages'
[72.493s] Level 1:colcon.colcon_core.environment:checking '/home/lance/robot/install/my_cobot_hardware_interface/bin'
[72.511s] INFO:colcon.colcon_core.shell:Creating package script '/home/lance/robot/install/my_cobot_hardware_interface/share/my_cobot_hardware_interface/package.ps1'
[72.515s] INFO:colcon.colcon_core.shell:Creating package descriptor '/home/lance/robot/install/my_cobot_hardware_interface/share/my_cobot_hardware_interface/package.dsv'
[72.517s] INFO:colcon.colcon_core.shell:Creating package script '/home/lance/robot/install/my_cobot_hardware_interface/share/my_cobot_hardware_interface/package.sh'
[72.520s] INFO:colcon.colcon_core.shell:Creating package script '/home/lance/robot/install/my_cobot_hardware_interface/share/my_cobot_hardware_interface/package.bash'
[72.522s] INFO:colcon.colcon_core.shell:Creating package script '/home/lance/robot/install/my_cobot_hardware_interface/share/my_cobot_hardware_interface/package.zsh'
[72.524s] Level 1:colcon.colcon_core.environment:create_file_with_runtime_dependencies(/home/lance/robot/install/my_cobot_hardware_interface/share/colcon-core/packages/my_cobot_hardware_interface)
[72.710s] Level 1:colcon.colcon_core.environment:create_environment_scripts_only(my_cobot_hardware_interface)
[72.729s] Level 1:colcon.colcon_core.environment:checking '/home/lance/robot/install/my_cobot_hardware_interface' for CMake module files
[72.733s] Level 1:colcon.colcon_core.environment:checking '/home/lance/robot/install/my_cobot_hardware_interface' for CMake config files
[72.734s] Level 1:colcon.colcon_core.shell:create_environment_hook('my_cobot_hardware_interface', 'cmake_prefix_path')
[72.747s] INFO:colcon.colcon_core.shell:Creating environment hook '/home/lance/robot/install/my_cobot_hardware_interface/share/my_cobot_hardware_interface/hook/cmake_prefix_path.ps1'
[72.750s] INFO:colcon.colcon_core.shell:Creating environment descriptor '/home/lance/robot/install/my_cobot_hardware_interface/share/my_cobot_hardware_interface/hook/cmake_prefix_path.dsv'
[72.752s] INFO:colcon.colcon_core.shell:Creating environment hook '/home/lance/robot/install/my_cobot_hardware_interface/share/my_cobot_hardware_interface/hook/cmake_prefix_path.sh'
[72.754s] Level 1:colcon.colcon_core.environment:checking '/home/lance/robot/install/my_cobot_hardware_interface/lib'
[72.755s] Level 1:colcon.colcon_core.shell:create_environment_hook('my_cobot_hardware_interface', 'ld_library_path_lib')
[72.767s] INFO:colcon.colcon_core.shell:Creating environment hook '/home/lance/robot/install/my_cobot_hardware_interface/share/my_cobot_hardware_interface/hook/ld_library_path_lib.ps1'
[72.769s] INFO:colcon.colcon_core.shell:Creating environment descriptor '/home/lance/robot/install/my_cobot_hardware_interface/share/my_cobot_hardware_interface/hook/ld_library_path_lib.dsv'
[72.771s] INFO:colcon.colcon_core.shell:Creating environment hook '/home/lance/robot/install/my_cobot_hardware_interface/share/my_cobot_hardware_interface/hook/ld_library_path_lib.sh'
[72.772s] Level 1:colcon.colcon_core.environment:checking '/home/lance/robot/install/my_cobot_hardware_interface/bin'
[72.773s] Level 1:colcon.colcon_core.environment:checking '/home/lance/robot/install/my_cobot_hardware_interface/lib/pkgconfig/my_cobot_hardware_interface.pc'
[72.774s] Level 1:colcon.colcon_core.environment:checking '/home/lance/robot/install/my_cobot_hardware_interface/lib/python3.10/site-packages'
[72.775s] Level 1:colcon.colcon_core.environment:checking '/home/lance/robot/install/my_cobot_hardware_interface/bin'
[72.790s] INFO:colcon.colcon_core.shell:Creating package script '/home/lance/robot/install/my_cobot_hardware_interface/share/my_cobot_hardware_interface/package.ps1'
[72.792s] INFO:colcon.colcon_core.shell:Creating package descriptor '/home/lance/robot/install/my_cobot_hardware_interface/share/my_cobot_hardware_interface/package.dsv'
[72.795s] INFO:colcon.colcon_core.shell:Creating package script '/home/lance/robot/install/my_cobot_hardware_interface/share/my_cobot_hardware_interface/package.sh'
[72.797s] INFO:colcon.colcon_core.shell:Creating package script '/home/lance/robot/install/my_cobot_hardware_interface/share/my_cobot_hardware_interface/package.bash'
[72.801s] INFO:colcon.colcon_core.shell:Creating package script '/home/lance/robot/install/my_cobot_hardware_interface/share/my_cobot_hardware_interface/package.zsh'
[72.803s] Level 1:colcon.colcon_core.environment:create_file_with_runtime_dependencies(/home/lance/robot/install/my_cobot_hardware_interface/share/colcon-core/packages/my_cobot_hardware_interface)
[72.806s] INFO:colcon.colcon_ros.task.ament_cmake.build:Building ROS package in '/home/lance/robot/src/moveit_config' with build type 'ament_cmake'
[72.807s] INFO:colcon.colcon_cmake.task.cmake.build:Building CMake package in '/home/lance/robot/src/moveit_config'
[72.822s] INFO:colcon.colcon_core.shell:Skip shell extension 'powershell' for command environment: Not usable outside of PowerShell
[72.823s] DEBUG:colcon.colcon_core.shell:Skip shell extension 'dsv' for command environment
[72.954s] DEBUG:colcon.colcon_core.event_handler.log_command:Invoking command in '/home/lance/robot/build/moveit_config': AMENT_PREFIX_PATH=/home/lance/robot/install/robot_description:/home/lance/robot/install/moveit_config:/home/lance/robot/install/my_cobot_hardware_interface:/home/lance/robot/install/coord_controller:/home/lance/robot/install/controllers:/home/lance/robot/install/my_cobot_interfaces:/home/lance/robot/install/motion_planning:/home/lance/robot/install/bringup:/home/lance/moveit2_ws/install:/opt/ros/humble CMAKE_PREFIX_PATH=/home/lance/robot/install/my_cobot_hardware_interface:/home/lance/robot/install/my_cobot_interfaces:/home/lance/robot/install/moveit_config:/home/lance/moveit2_ws/install:/home/lance/robot/install/robot_description:/home/lance/robot/install/coord_controller:/home/lance/robot/install/controllers:/home/lance/robot/install/motion_planning:/home/lance/robot/install/bringup:/opt/ros/humble /usr/bin/cmake --build /home/lance/robot/build/moveit_config -- -j4 -l4
[73.160s] DEBUG:colcon.colcon_core.event_handler.log_command:Invoked command in '/home/lance/robot/build/moveit_config' returned '0': AMENT_PREFIX_PATH=/home/lance/robot/install/robot_description:/home/lance/robot/install/moveit_config:/home/lance/robot/install/my_cobot_hardware_interface:/home/lance/robot/install/coord_controller:/home/lance/robot/install/controllers:/home/lance/robot/install/my_cobot_interfaces:/home/lance/robot/install/motion_planning:/home/lance/robot/install/bringup:/home/lance/moveit2_ws/install:/opt/ros/humble CMAKE_PREFIX_PATH=/home/lance/robot/install/my_cobot_hardware_interface:/home/lance/robot/install/my_cobot_interfaces:/home/lance/robot/install/moveit_config:/home/lance/moveit2_ws/install:/home/lance/robot/install/robot_description:/home/lance/robot/install/coord_controller:/home/lance/robot/install/controllers:/home/lance/robot/install/motion_planning:/home/lance/robot/install/bringup:/opt/ros/humble /usr/bin/cmake --build /home/lance/robot/build/moveit_config -- -j4 -l4
[73.319s] DEBUG:colcon.colcon_core.event_handler.log_command:Invoking command in '/home/lance/robot/build/moveit_config': AMENT_PREFIX_PATH=/home/lance/robot/install/robot_description:/home/lance/robot/install/moveit_config:/home/lance/robot/install/my_cobot_hardware_interface:/home/lance/robot/install/coord_controller:/home/lance/robot/install/controllers:/home/lance/robot/install/my_cobot_interfaces:/home/lance/robot/install/motion_planning:/home/lance/robot/install/bringup:/home/lance/moveit2_ws/install:/opt/ros/humble CMAKE_PREFIX_PATH=/home/lance/robot/install/my_cobot_hardware_interface:/home/lance/robot/install/my_cobot_interfaces:/home/lance/robot/install/moveit_config:/home/lance/moveit2_ws/install:/home/lance/robot/install/robot_description:/home/lance/robot/install/coord_controller:/home/lance/robot/install/controllers:/home/lance/robot/install/motion_planning:/home/lance/robot/install/bringup:/opt/ros/humble /usr/bin/cmake --install /home/lance/robot/build/moveit_config
[73.402s] Level 1:colcon.colcon_core.environment:create_environment_scripts_only(moveit_config)
[73.415s] DEBUG:colcon.colcon_core.event_handler.log_command:Invoked command in '/home/lance/robot/build/moveit_config' returned '0': AMENT_PREFIX_PATH=/home/lance/robot/install/robot_description:/home/lance/robot/install/moveit_config:/home/lance/robot/install/my_cobot_hardware_interface:/home/lance/robot/install/coord_controller:/home/lance/robot/install/controllers:/home/lance/robot/install/my_cobot_interfaces:/home/lance/robot/install/motion_planning:/home/lance/robot/install/bringup:/home/lance/moveit2_ws/install:/opt/ros/humble CMAKE_PREFIX_PATH=/home/lance/robot/install/my_cobot_hardware_interface:/home/lance/robot/install/my_cobot_interfaces:/home/lance/robot/install/moveit_config:/home/lance/moveit2_ws/install:/home/lance/robot/install/robot_description:/home/lance/robot/install/coord_controller:/home/lance/robot/install/controllers:/home/lance/robot/install/motion_planning:/home/lance/robot/install/bringup:/opt/ros/humble /usr/bin/cmake --install /home/lance/robot/build/moveit_config
[73.429s] Level 1:colcon.colcon_core.environment:checking '/home/lance/robot/install/moveit_config' for CMake module files
[73.433s] Level 1:colcon.colcon_core.environment:checking '/home/lance/robot/install/moveit_config' for CMake config files
[73.437s] Level 1:colcon.colcon_core.shell:create_environment_hook('moveit_config', 'cmake_prefix_path')
[73.453s] INFO:colcon.colcon_core.shell:Creating environment hook '/home/lance/robot/install/moveit_config/share/moveit_config/hook/cmake_prefix_path.ps1'
[73.456s] INFO:colcon.colcon_core.shell:Creating environment descriptor '/home/lance/robot/install/moveit_config/share/moveit_config/hook/cmake_prefix_path.dsv'
[73.459s] INFO:colcon.colcon_core.shell:Creating environment hook '/home/lance/robot/install/moveit_config/share/moveit_config/hook/cmake_prefix_path.sh'
[73.462s] Level 1:colcon.colcon_core.environment:checking '/home/lance/robot/install/moveit_config/bin'
[73.463s] Level 1:colcon.colcon_core.environment:checking '/home/lance/robot/install/moveit_config/lib/pkgconfig/moveit_config.pc'
[73.464s] Level 1:colcon.colcon_core.environment:checking '/home/lance/robot/install/moveit_config/lib/python3.10/site-packages'
[73.465s] Level 1:colcon.colcon_core.environment:checking '/home/lance/robot/install/moveit_config/bin'
[73.478s] INFO:colcon.colcon_core.shell:Creating package script '/home/lance/robot/install/moveit_config/share/moveit_config/package.ps1'
[73.481s] INFO:colcon.colcon_core.shell:Creating package descriptor '/home/lance/robot/install/moveit_config/share/moveit_config/package.dsv'
[73.483s] INFO:colcon.colcon_core.shell:Creating package script '/home/lance/robot/install/moveit_config/share/moveit_config/package.sh'
[73.485s] INFO:colcon.colcon_core.shell:Creating package script '/home/lance/robot/install/moveit_config/share/moveit_config/package.bash'
[73.487s] INFO:colcon.colcon_core.shell:Creating package script '/home/lance/robot/install/moveit_config/share/moveit_config/package.zsh'
[73.489s] Level 1:colcon.colcon_core.environment:create_file_with_runtime_dependencies(/home/lance/robot/install/moveit_config/share/colcon-core/packages/moveit_config)
[73.652s] Level 1:colcon.colcon_core.environment:create_environment_scripts_only(moveit_config)
[73.673s] Level 1:colcon.colcon_core.environment:checking '/home/lance/robot/install/moveit_config' for CMake module files
[73.676s] Level 1:colcon.colcon_core.environment:checking '/home/lance/robot/install/moveit_config' for CMake config files
[73.678s] Level 1:colcon.colcon_core.shell:create_environment_hook('moveit_config', 'cmake_prefix_path')
[73.690s] INFO:colcon.colcon_core.shell:Creating environment hook '/home/lance/robot/install/moveit_config/share/moveit_config/hook/cmake_prefix_path.ps1'
[73.692s] INFO:colcon.colcon_core.shell:Creating environment descriptor '/home/lance/robot/install/moveit_config/share/moveit_config/hook/cmake_prefix_path.dsv'
[73.694s] INFO:colcon.colcon_core.shell:Creating environment hook '/home/lance/robot/install/moveit_config/share/moveit_config/hook/cmake_prefix_path.sh'
[73.697s] Level 1:colcon.colcon_core.environment:checking '/home/lance/robot/install/moveit_config/bin'
[73.697s] Level 1:colcon.colcon_core.environment:checking '/home/lance/robot/install/moveit_config/lib/pkgconfig/moveit_config.pc'
[73.699s] Level 1:colcon.colcon_core.environment:checking '/home/lance/robot/install/moveit_config/lib/python3.10/site-packages'
[73.702s] Level 1:colcon.colcon_core.environment:checking '/home/lance/robot/install/moveit_config/bin'
[73.723s] INFO:colcon.colcon_core.shell:Creating package script '/home/lance/robot/install/moveit_config/share/moveit_config/package.ps1'
[73.726s] INFO:colcon.colcon_core.shell:Creating package descriptor '/home/lance/robot/install/moveit_config/share/moveit_config/package.dsv'
[73.730s] INFO:colcon.colcon_core.shell:Creating package script '/home/lance/robot/install/moveit_config/share/moveit_config/package.sh'
[73.734s] INFO:colcon.colcon_core.shell:Creating package script '/home/lance/robot/install/moveit_config/share/moveit_config/package.bash'
[73.738s] INFO:colcon.colcon_core.shell:Creating package script '/home/lance/robot/install/moveit_config/share/moveit_config/package.zsh'
[73.742s] Level 1:colcon.colcon_core.environment:create_file_with_runtime_dependencies(/home/lance/robot/install/moveit_config/share/colcon-core/packages/moveit_config)
[73.745s] DEBUG:colcon.colcon_parallel_executor.executor.parallel:closing loop
[73.747s] DEBUG:colcon.colcon_parallel_executor.executor.parallel:loop closed
[73.748s] DEBUG:colcon.colcon_parallel_executor.executor.parallel:run_until_complete finished with '0'
[73.749s] DEBUG:colcon.colcon_core.event_reactor:joining thread
[73.791s] INFO:colcon.colcon_core.plugin_system:Skipping extension 'colcon_notification.desktop_notification.terminal_notifier': Not used on non-Darwin systems
[73.792s] INFO:colcon.colcon_core.plugin_system:Skipping extension 'colcon_notification.desktop_notification.win32': Not used on non-Windows systems
[73.792s] INFO:colcon.colcon_notification.desktop_notification:Sending desktop notification using 'notify2'
[73.863s] DEBUG:colcon.colcon_core.event_reactor:joined thread
[73.882s] INFO:colcon.colcon_core.shell:Creating prefix script '/home/lance/robot/install/local_setup.ps1'
[73.889s] INFO:colcon.colcon_core.shell:Creating prefix util module '/home/lance/robot/install/_local_setup_util_ps1.py'
[73.898s] INFO:colcon.colcon_core.shell:Creating prefix chain script '/home/lance/robot/install/setup.ps1'
[73.916s] INFO:colcon.colcon_core.shell:Creating prefix script '/home/lance/robot/install/local_setup.sh'
[73.920s] INFO:colcon.colcon_core.shell:Creating prefix util module '/home/lance/robot/install/_local_setup_util_sh.py'
[73.923s] INFO:colcon.colcon_core.shell:Creating prefix chain script '/home/lance/robot/install/setup.sh'
[73.936s] INFO:colcon.colcon_core.shell:Creating prefix script '/home/lance/robot/install/local_setup.bash'
[73.940s] INFO:colcon.colcon_core.shell:Creating prefix chain script '/home/lance/robot/install/setup.bash'
[73.953s] INFO:colcon.colcon_core.shell:Creating prefix script '/home/lance/robot/install/local_setup.zsh'
[73.957s] INFO:colcon.colcon_core.shell:Creating prefix chain script '/home/lance/robot/install/setup.zsh'
