[7.431s] Invoking command in '/home/lance/robot/src/motion_planning': PYTHONPATH=/home/lance/robot/build/motion_planning/prefix_override:/home/lance/robot/install/motion_planning/lib/python3.10/site-packages:${PYTHONPATH} /usr/bin/python3 setup.py egg_info --egg-base ../../build/motion_planning build --build-base /home/lance/robot/build/motion_planning/build install --record /home/lance/robot/build/motion_planning/install.log --single-version-externally-managed
[9.477s] running egg_info
[9.489s] writing ../../build/motion_planning/motion_planning.egg-info/PKG-INFO
[9.490s] writing dependency_links to ../../build/motion_planning/motion_planning.egg-info/dependency_links.txt
[9.490s] writing entry points to ../../build/motion_planning/motion_planning.egg-info/entry_points.txt
[9.491s] writing requirements to ../../build/motion_planning/motion_planning.egg-info/requires.txt
[9.492s] writing top-level names to ../../build/motion_planning/motion_planning.egg-info/top_level.txt
[9.497s] reading manifest file '../../build/motion_planning/motion_planning.egg-info/SOURCES.txt'
[9.502s] writing manifest file '../../build/motion_planning/motion_planning.egg-info/SOURCES.txt'
[9.508s] running build
[9.509s] running build_py
[9.511s] running install
[9.512s] running install_lib
[9.518s] running install_data
[9.520s] running install_egg_info
[9.528s] removing '/home/lance/robot/install/motion_planning/lib/python3.10/site-packages/motion_planning-0.0.0-py3.10.egg-info' (and everything under it)
[9.532s] Copying ../../build/motion_planning/motion_planning.egg-info to /home/lance/robot/install/motion_planning/lib/python3.10/site-packages/motion_planning-0.0.0-py3.10.egg-info
[9.540s] running install_scripts
[9.645s] Installing mp script to /home/lance/robot/install/motion_planning/lib/motion_planning
[9.647s] writing list of installed files to '/home/lance/robot/build/motion_planning/install.log'
[9.835s] Invoked command in '/home/lance/robot/src/motion_planning' returned '0': PYTHONPATH=/home/lance/robot/build/motion_planning/prefix_override:/home/lance/robot/install/motion_planning/lib/python3.10/site-packages:${PYTHONPATH} /usr/bin/python3 setup.py egg_info --egg-base ../../build/motion_planning build --build-base /home/lance/robot/build/motion_planning/build install --record /home/lance/robot/build/motion_planning/install.log --single-version-externally-managed
