[5.964s] Invoking command in '/home/lance/robot/src/robot_description': PYTHONPATH=/home/lance/robot/build/robot_description/prefix_override:/home/lance/robot/install/robot_description/lib/python3.10/site-packages:${PYTHONPATH} /usr/bin/python3 setup.py egg_info --egg-base ../../build/robot_description build --build-base /home/lance/robot/build/robot_description/build install --record /home/lance/robot/build/robot_description/install.log --single-version-externally-managed
[7.641s] running egg_info
[7.644s] writing ../../build/robot_description/robot_description.egg-info/PKG-INFO
[7.648s] writing dependency_links to ../../build/robot_description/robot_description.egg-info/dependency_links.txt
[7.650s] writing entry points to ../../build/robot_description/robot_description.egg-info/entry_points.txt
[7.653s] writing requirements to ../../build/robot_description/robot_description.egg-info/requires.txt
[7.655s] writing top-level names to ../../build/robot_description/robot_description.egg-info/top_level.txt
[7.667s] reading manifest file '../../build/robot_description/robot_description.egg-info/SOURCES.txt'
[7.674s] writing manifest file '../../build/robot_description/robot_description.egg-info/SOURCES.txt'
[7.675s] running build
[7.676s] running build_py
[7.679s] running install
[7.681s] /usr/lib/python3/dist-packages/setuptools/command/install.py:34: SetuptoolsDeprecationWarning: setup.py install is deprecated. Use build and pip and other standards-based tools.
[7.682s]   warnings.warn(
[7.683s] running install_lib
[7.693s] running install_data
[7.702s] copying urdf/SuctionPump.STL -> /home/lance/robot/install/robot_description/share/robot_description/urdf
[7.732s] running install_egg_info
[7.739s] removing '/home/lance/robot/install/robot_description/lib/python3.10/site-packages/robot_description-0.0.0-py3.10.egg-info' (and everything under it)
[7.741s] Copying ../../build/robot_description/robot_description.egg-info to /home/lance/robot/install/robot_description/lib/python3.10/site-packages/robot_description-0.0.0-py3.10.egg-info
[7.753s] running install_scripts
[7.880s] writing list of installed files to '/home/lance/robot/build/robot_description/install.log'
[8.172s] Invoked command in '/home/lance/robot/src/robot_description' returned '0': PYTHONPATH=/home/lance/robot/build/robot_description/prefix_override:/home/lance/robot/install/robot_description/lib/python3.10/site-packages:${PYTHONPATH} /usr/bin/python3 setup.py egg_info --egg-base ../../build/robot_description build --build-base /home/lance/robot/build/robot_description/build install --record /home/lance/robot/build/robot_description/install.log --single-version-externally-managed
