[11.242s] Invoking command in '/home/lance/robot/build/computer_vision': PYTHONPATH=/home/lance/robot/build/computer_vision/prefix_override:/home/lance/robot/install/computer_vision/lib/python3.10/site-packages:${PYTHONPATH} /usr/bin/python3 setup.py develop --uninstall --editable --build-directory /home/lance/robot/build/computer_vision/build
[14.329s] running develop
[16.881s] Invoked command in '/home/lance/robot/build/computer_vision' returned '0': PYTHONPATH=/home/lance/robot/build/computer_vision/prefix_override:/home/lance/robot/install/computer_vision/lib/python3.10/site-packages:${PYTHONPATH} /usr/bin/python3 setup.py develop --uninstall --editable --build-directory /home/lance/robot/build/computer_vision/build
[16.885s] Invoking command in '/home/lance/robot/src/computer_vision': PYTHONPATH=/home/lance/robot/build/computer_vision/prefix_override:/home/lance/robot/install/computer_vision/lib/python3.10/site-packages:${PYTHONPATH} /usr/bin/python3 setup.py egg_info --egg-base ../../build/computer_vision build --build-base /home/lance/robot/build/computer_vision/build install --record /home/lance/robot/build/computer_vision/install.log --single-version-externally-managed
[19.303s] running egg_info
[19.307s] writing ../../build/computer_vision/computer_vision.egg-info/PKG-INFO
[19.309s] writing dependency_links to ../../build/computer_vision/computer_vision.egg-info/dependency_links.txt
[19.310s] writing entry points to ../../build/computer_vision/computer_vision.egg-info/entry_points.txt
[19.311s] writing requirements to ../../build/computer_vision/computer_vision.egg-info/requires.txt
[19.312s] writing top-level names to ../../build/computer_vision/computer_vision.egg-info/top_level.txt
[19.324s] reading manifest file '../../build/computer_vision/computer_vision.egg-info/SOURCES.txt'
[19.335s] writing manifest file '../../build/computer_vision/computer_vision.egg-info/SOURCES.txt'
[19.336s] running build
[19.337s] running build_py
[19.338s] running install
[19.340s] running install_lib
[19.353s] running install_data
[19.357s] running install_egg_info
[19.367s] removing '/home/lance/robot/install/computer_vision/lib/python3.10/site-packages/computer_vision-0.0.0-py3.10.egg-info' (and everything under it)
[19.370s] Copying ../../build/computer_vision/computer_vision.egg-info to /home/lance/robot/install/computer_vision/lib/python3.10/site-packages/computer_vision-0.0.0-py3.10.egg-info
[19.388s] running install_scripts
[19.550s] Installing cv script to /home/lance/robot/install/computer_vision/lib/computer_vision
[19.553s] writing list of installed files to '/home/lance/robot/build/computer_vision/install.log'
[20.363s] Invoked command in '/home/lance/robot/src/computer_vision' returned '0': PYTHONPATH=/home/lance/robot/build/computer_vision/prefix_override:/home/lance/robot/install/computer_vision/lib/python3.10/site-packages:${PYTHONPATH} /usr/bin/python3 setup.py egg_info --egg-base ../../build/computer_vision build --build-base /home/lance/robot/build/computer_vision/build install --record /home/lance/robot/build/computer_vision/install.log --single-version-externally-managed
