[9.432s] Invoking command in '/home/lance/robot/src/robot_description': PYTHONPATH=/home/lance/robot/build/robot_description/prefix_override:/home/lance/robot/install/robot_description/lib/python3.10/site-packages:${PYTHONPATH} /usr/bin/python3 setup.py egg_info --egg-base ../../build/robot_description build --build-base /home/lance/robot/build/robot_description/build install --record /home/lance/robot/build/robot_description/install.log --single-version-externally-managed
[11.886s] running egg_info
[11.889s] writing ../../build/robot_description/robot_description.egg-info/PKG-INFO
[11.891s] writing dependency_links to ../../build/robot_description/robot_description.egg-info/dependency_links.txt
[11.893s] writing entry points to ../../build/robot_description/robot_description.egg-info/entry_points.txt
[11.895s] writing requirements to ../../build/robot_description/robot_description.egg-info/requires.txt
[11.896s] writing top-level names to ../../build/robot_description/robot_description.egg-info/top_level.txt
[11.908s] reading manifest file '../../build/robot_description/robot_description.egg-info/SOURCES.txt'
[11.915s] writing manifest file '../../build/robot_description/robot_description.egg-info/SOURCES.txt'
[11.918s] running build
[11.919s] running build_py
[11.921s] running install
[11.924s] running install_lib
[11.935s] running install_data
[11.956s] running install_egg_info
[11.971s] removing '/home/lance/robot/install/robot_description/lib/python3.10/site-packages/robot_description-0.0.0-py3.10.egg-info' (and everything under it)
[11.977s] Copying ../../build/robot_description/robot_description.egg-info to /home/lance/robot/install/robot_description/lib/python3.10/site-packages/robot_description-0.0.0-py3.10.egg-info
[11.991s] running install_scripts
[12.162s] writing list of installed files to '/home/lance/robot/build/robot_description/install.log'
[13.377s] Invoked command in '/home/lance/robot/src/robot_description' returned '0': PYTHONPATH=/home/lance/robot/build/robot_description/prefix_override:/home/lance/robot/install/robot_description/lib/python3.10/site-packages:${PYTHONPATH} /usr/bin/python3 setup.py egg_info --egg-base ../../build/robot_description build --build-base /home/lance/robot/build/robot_description/build install --record /home/lance/robot/build/robot_description/install.log --single-version-externally-managed
