[9.495s] Invoking command in '/home/lance/robot/src/computer_vision': PYTHONPATH=/home/lance/robot/build/computer_vision/prefix_override:/home/lance/robot/install/computer_vision/lib/python3.10/site-packages:${PYTHONPATH} /usr/bin/python3 setup.py egg_info --egg-base ../../build/computer_vision build --build-base /home/lance/robot/build/computer_vision/build install --record /home/lance/robot/build/computer_vision/install.log --single-version-externally-managed
[12.041s] running egg_info
[12.044s] writing ../../build/computer_vision/computer_vision.egg-info/PKG-INFO
[12.047s] writing dependency_links to ../../build/computer_vision/computer_vision.egg-info/dependency_links.txt
[12.048s] writing entry points to ../../build/computer_vision/computer_vision.egg-info/entry_points.txt
[12.049s] writing requirements to ../../build/computer_vision/computer_vision.egg-info/requires.txt
[12.056s] writing top-level names to ../../build/computer_vision/computer_vision.egg-info/top_level.txt
[12.076s] reading manifest file '../../build/computer_vision/computer_vision.egg-info/SOURCES.txt'
[12.083s] writing manifest file '../../build/computer_vision/computer_vision.egg-info/SOURCES.txt'
[12.083s] running build
[12.084s] running build_py
[12.085s] running install
[12.085s] running install_lib
[12.093s] running install_data
[12.098s] running install_egg_info
[12.113s] removing '/home/lance/robot/install/computer_vision/lib/python3.10/site-packages/computer_vision-0.0.0-py3.10.egg-info' (and everything under it)
[12.118s] Copying ../../build/computer_vision/computer_vision.egg-info to /home/lance/robot/install/computer_vision/lib/python3.10/site-packages/computer_vision-0.0.0-py3.10.egg-info
[12.122s] running install_scripts
[12.265s] Installing cv script to /home/lance/robot/install/computer_vision/lib/computer_vision
[12.266s] writing list of installed files to '/home/lance/robot/build/computer_vision/install.log'
[15.323s] Invoked command in '/home/lance/robot/src/computer_vision' returned '0': PYTHONPATH=/home/lance/robot/build/computer_vision/prefix_override:/home/lance/robot/install/computer_vision/lib/python3.10/site-packages:${PYTHONPATH} /usr/bin/python3 setup.py egg_info --egg-base ../../build/computer_vision build --build-base /home/lance/robot/build/computer_vision/build install --record /home/lance/robot/build/computer_vision/install.log --single-version-externally-managed
