[5.632s] Invoking command in '/home/lance/robot/build/controllers': CMAKE_PREFIX_PATH=/home/lance/robot/install/my_cobot_interfaces:/home/lance/robot/install/moveit_config:/home/lance/robot/install/my_cobot_hardware_interface:/home/lance/moveit2_ws/install LD_LIBRARY_PATH=/home/lance/robot/install/my_cobot_interfaces/lib:/home/lance/robot/install/my_cobot_hardware_interface/lib:/opt/ros/humble/opt/rviz_ogre_vendor/lib:/opt/ros/humble/lib/aarch64-linux-gnu:/opt/ros/humble/lib PYTHONPATH=/home/lance/robot/build/controllers/prefix_override:/home/lance/robot/install/controllers/lib/python3.10/site-packages:${PYTHONPATH} /usr/bin/python3 setup.py develop --uninstall --editable --build-directory /home/lance/robot/build/controllers/build
[7.337s] running develop
[8.717s] Invoked command in '/home/lance/robot/build/controllers' returned '0': CMAKE_PREFIX_PATH=/home/lance/robot/install/my_cobot_interfaces:/home/lance/robot/install/moveit_config:/home/lance/robot/install/my_cobot_hardware_interface:/home/lance/moveit2_ws/install LD_LIBRARY_PATH=/home/lance/robot/install/my_cobot_interfaces/lib:/home/lance/robot/install/my_cobot_hardware_interface/lib:/opt/ros/humble/opt/rviz_ogre_vendor/lib:/opt/ros/humble/lib/aarch64-linux-gnu:/opt/ros/humble/lib PYTHONPATH=/home/lance/robot/build/controllers/prefix_override:/home/lance/robot/install/controllers/lib/python3.10/site-packages:${PYTHONPATH} /usr/bin/python3 setup.py develop --uninstall --editable --build-directory /home/lance/robot/build/controllers/build
[8.736s] Invoking command in '/home/lance/robot/src/controllers': CMAKE_PREFIX_PATH=/home/lance/robot/install/my_cobot_interfaces:/home/lance/robot/install/moveit_config:/home/lance/robot/install/my_cobot_hardware_interface:/home/lance/moveit2_ws/install LD_LIBRARY_PATH=/home/lance/robot/install/my_cobot_interfaces/lib:/home/lance/robot/install/my_cobot_hardware_interface/lib:/opt/ros/humble/opt/rviz_ogre_vendor/lib:/opt/ros/humble/lib/aarch64-linux-gnu:/opt/ros/humble/lib PYTHONPATH=/home/lance/robot/build/controllers/prefix_override:/home/lance/robot/install/controllers/lib/python3.10/site-packages:${PYTHONPATH} /usr/bin/python3 setup.py egg_info --egg-base ../../build/controllers build --build-base /home/lance/robot/build/controllers/build install --record /home/lance/robot/build/controllers/install.log --single-version-externally-managed
[10.479s] running egg_info
[10.483s] writing ../../build/controllers/controllers.egg-info/PKG-INFO
[10.484s] writing dependency_links to ../../build/controllers/controllers.egg-info/dependency_links.txt
[10.485s] writing entry points to ../../build/controllers/controllers.egg-info/entry_points.txt
[10.486s] writing requirements to ../../build/controllers/controllers.egg-info/requires.txt
[10.487s] writing top-level names to ../../build/controllers/controllers.egg-info/top_level.txt
[10.495s] reading manifest file '../../build/controllers/controllers.egg-info/SOURCES.txt'
[10.499s] writing manifest file '../../build/controllers/controllers.egg-info/SOURCES.txt'
[10.500s] running build
[10.500s] running build_py
[10.502s] running install
[10.504s] running install_lib
[10.510s] running install_data
[10.513s] running install_egg_info
[10.520s] removing '/home/lance/robot/install/controllers/lib/python3.10/site-packages/controllers-0.0.0-py3.10.egg-info' (and everything under it)
[10.522s] Copying ../../build/controllers/controllers.egg-info to /home/lance/robot/install/controllers/lib/python3.10/site-packages/controllers-0.0.0-py3.10.egg-info
[10.527s] running install_scripts
[10.624s] Installing follow_trajectory script to /home/lance/robot/install/controllers/lib/controllers
[10.625s] Installing joint_state script to /home/lance/robot/install/controllers/lib/controllers
[10.626s] Installing my_cobot script to /home/lance/robot/install/controllers/lib/controllers
[10.627s] Installing shutdown script to /home/lance/robot/install/controllers/lib/controllers
[10.630s] writing list of installed files to '/home/lance/robot/build/controllers/install.log'
