[6.488s] Invoking command in '/home/lance/robot/src/controllers': CMAKE_PREFIX_PATH=/home/lance/robot/install/my_cobot_interfaces:/home/lance/robot/install/moveit_config:/home/lance/robot/install/my_cobot_hardware_interface:/home/lance/moveit2_ws/install LD_LIBRARY_PATH=/home/lance/robot/install/my_cobot_interfaces/lib:/home/lance/robot/install/my_cobot_hardware_interface/lib:/opt/ros/humble/opt/rviz_ogre_vendor/lib:/opt/ros/humble/lib/aarch64-linux-gnu:/opt/ros/humble/lib PYTHONPATH=/home/lance/robot/build/controllers/prefix_override:/home/lance/robot/install/controllers/lib/python3.10/site-packages:${PYTHONPATH} /usr/bin/python3 setup.py egg_info --egg-base ../../build/controllers build --build-base /home/lance/robot/build/controllers/build install --record /home/lance/robot/build/controllers/install.log --single-version-externally-managed
[8.370s] running egg_info
[8.373s] writing ../../build/controllers/controllers.egg-info/PKG-INFO
[8.375s] writing dependency_links to ../../build/controllers/controllers.egg-info/dependency_links.txt
[8.392s] writing entry points to ../../build/controllers/controllers.egg-info/entry_points.txt
[8.392s] writing requirements to ../../build/controllers/controllers.egg-info/requires.txt
[8.393s] writing top-level names to ../../build/controllers/controllers.egg-info/top_level.txt
[8.393s] reading manifest file '../../build/controllers/controllers.egg-info/SOURCES.txt'
[8.397s] writing manifest file '../../build/controllers/controllers.egg-info/SOURCES.txt'
[8.397s] running build
[8.409s] running build_py
[8.409s] running install
[8.414s] running install_lib
[8.416s] running install_data
[8.421s] running install_egg_info
[8.428s] removing '/home/lance/robot/install/controllers/lib/python3.10/site-packages/controllers-0.0.0-py3.10.egg-info' (and everything under it)
[8.430s] Copying ../../build/controllers/controllers.egg-info to /home/lance/robot/install/controllers/lib/python3.10/site-packages/controllers-0.0.0-py3.10.egg-info
[8.436s] running install_scripts
[8.539s] Installing follow_trajectory script to /home/lance/robot/install/controllers/lib/controllers
[8.540s] Installing joint_state script to /home/lance/robot/install/controllers/lib/controllers
[8.542s] Installing my_cobot script to /home/lance/robot/install/controllers/lib/controllers
[8.543s] Installing shutdown script to /home/lance/robot/install/controllers/lib/controllers
[8.546s] writing list of installed files to '/home/lance/robot/build/controllers/install.log'
[8.745s] Invoked command in '/home/lance/robot/src/controllers' returned '0': CMAKE_PREFIX_PATH=/home/lance/robot/install/my_cobot_interfaces:/home/lance/robot/install/moveit_config:/home/lance/robot/install/my_cobot_hardware_interface:/home/lance/moveit2_ws/install LD_LIBRARY_PATH=/home/lance/robot/install/my_cobot_interfaces/lib:/home/lance/robot/install/my_cobot_hardware_interface/lib:/opt/ros/humble/opt/rviz_ogre_vendor/lib:/opt/ros/humble/lib/aarch64-linux-gnu:/opt/ros/humble/lib PYTHONPATH=/home/lance/robot/build/controllers/prefix_override:/home/lance/robot/install/controllers/lib/python3.10/site-packages:${PYTHONPATH} /usr/bin/python3 setup.py egg_info --egg-base ../../build/controllers build --build-base /home/lance/robot/build/controllers/build install --record /home/lance/robot/build/controllers/install.log --single-version-externally-managed
