[9.716s] Invoking command in '/home/lance/robot/src/motion_planning': PYTHONPATH=/home/lance/robot/build/motion_planning/prefix_override:/home/lance/robot/install/motion_planning/lib/python3.10/site-packages:${PYTHONPATH} /usr/bin/python3 setup.py egg_info --egg-base ../../build/motion_planning build --build-base /home/lance/robot/build/motion_planning/build install --record /home/lance/robot/build/motion_planning/install.log --single-version-externally-managed
[12.491s] running egg_info
[12.497s] writing ../../build/motion_planning/motion_planning.egg-info/PKG-INFO
[12.500s] writing dependency_links to ../../build/motion_planning/motion_planning.egg-info/dependency_links.txt
[12.504s] writing entry points to ../../build/motion_planning/motion_planning.egg-info/entry_points.txt
[12.506s] writing requirements to ../../build/motion_planning/motion_planning.egg-info/requires.txt
[12.509s] writing top-level names to ../../build/motion_planning/motion_planning.egg-info/top_level.txt
[12.525s] reading manifest file '../../build/motion_planning/motion_planning.egg-info/SOURCES.txt'
[12.531s] writing manifest file '../../build/motion_planning/motion_planning.egg-info/SOURCES.txt'
[12.533s] running build
[12.534s] running build_py
[12.536s] running install
[12.539s] running install_lib
[12.577s] running install_data
[12.577s] running install_egg_info
[12.579s] removing '/home/lance/robot/install/motion_planning/lib/python3.10/site-packages/motion_planning-0.0.0-py3.10.egg-info' (and everything under it)
[12.580s] Copying ../../build/motion_planning/motion_planning.egg-info to /home/lance/robot/install/motion_planning/lib/python3.10/site-packages/motion_planning-0.0.0-py3.10.egg-info
[12.592s] running install_scripts
[12.708s] Installing mp script to /home/lance/robot/install/motion_planning/lib/motion_planning
[12.710s] writing list of installed files to '/home/lance/robot/build/motion_planning/install.log'
[14.134s] Invoked command in '/home/lance/robot/src/motion_planning' returned '0': PYTHONPATH=/home/lance/robot/build/motion_planning/prefix_override:/home/lance/robot/install/motion_planning/lib/python3.10/site-packages:${PYTHONPATH} /usr/bin/python3 setup.py egg_info --egg-base ../../build/motion_planning build --build-base /home/lance/robot/build/motion_planning/build install --record /home/lance/robot/build/motion_planning/install.log --single-version-externally-managed
