[12.398s] Invoking command in '/home/lance/robot/src/computer_vision': PYTHONPATH=/home/lance/robot/build/computer_vision/prefix_override:/home/lance/robot/install/computer_vision/lib/python3.10/site-packages:${PYTHONPATH} /usr/bin/python3 setup.py egg_info --egg-base ../../build/computer_vision build --build-base /home/lance/robot/build/computer_vision/build install --record /home/lance/robot/build/computer_vision/install.log --single-version-externally-managed
[20.250s] running egg_info
[20.278s] writing ../../build/computer_vision/computer_vision.egg-info/PKG-INFO
[20.286s] writing dependency_links to ../../build/computer_vision/computer_vision.egg-info/dependency_links.txt
[20.288s] writing entry points to ../../build/computer_vision/computer_vision.egg-info/entry_points.txt
[20.331s] writing requirements to ../../build/computer_vision/computer_vision.egg-info/requires.txt
[20.372s] writing top-level names to ../../build/computer_vision/computer_vision.egg-info/top_level.txt
[20.509s] reading manifest file '../../build/computer_vision/computer_vision.egg-info/SOURCES.txt'
[20.519s] writing manifest file '../../build/computer_vision/computer_vision.egg-info/SOURCES.txt'
[20.520s] running build
[20.521s] running build_py
[20.542s] running install
[20.545s] running install_lib
[20.571s] running install_data
[20.590s] running install_egg_info
[20.592s] removing '/home/lance/robot/install/computer_vision/lib/python3.10/site-packages/computer_vision-0.0.0-py3.10.egg-info' (and everything under it)
[20.608s] Copying ../../build/computer_vision/computer_vision.egg-info to /home/lance/robot/install/computer_vision/lib/python3.10/site-packages/computer_vision-0.0.0-py3.10.egg-info
[20.683s] running install_scripts
[21.358s] Installing cv script to /home/lance/robot/install/computer_vision/lib/computer_vision
[21.387s] writing list of installed files to '/home/lance/robot/build/computer_vision/install.log'
[22.915s] Invoked command in '/home/lance/robot/src/computer_vision' returned '0': PYTHONPATH=/home/lance/robot/build/computer_vision/prefix_override:/home/lance/robot/install/computer_vision/lib/python3.10/site-packages:${PYTHONPATH} /usr/bin/python3 setup.py egg_info --egg-base ../../build/computer_vision build --build-base /home/lance/robot/build/computer_vision/build install --record /home/lance/robot/build/computer_vision/install.log --single-version-externally-managed
