[6.105s] Invoking command in '/home/lance/robot/src/robot_description': PYTHONPATH=/home/lance/robot/build/robot_description/prefix_override:/home/lance/robot/install/robot_description/lib/python3.10/site-packages:${PYTHONPATH} /usr/bin/python3 setup.py egg_info --egg-base ../../build/robot_description build --build-base /home/lance/robot/build/robot_description/build install --record /home/lance/robot/build/robot_description/install.log --single-version-externally-managed
[7.782s] running egg_info
[7.785s] writing ../../build/robot_description/robot_description.egg-info/PKG-INFO
[7.788s] writing dependency_links to ../../build/robot_description/robot_description.egg-info/dependency_links.txt
[7.789s] writing entry points to ../../build/robot_description/robot_description.egg-info/entry_points.txt
[7.791s] writing requirements to ../../build/robot_description/robot_description.egg-info/requires.txt
[7.792s] writing top-level names to ../../build/robot_description/robot_description.egg-info/top_level.txt
[7.804s] reading manifest file '../../build/robot_description/robot_description.egg-info/SOURCES.txt'
[7.811s] writing manifest file '../../build/robot_description/robot_description.egg-info/SOURCES.txt'
[7.812s] running build
[7.813s] running build_py
[7.816s] running install
[7.818s] /usr/lib/python3/dist-packages/setuptools/command/install.py:34: SetuptoolsDeprecationWarning: setup.py install is deprecated. Use build and pip and other standards-based tools.
[7.819s]   warnings.warn(
[7.821s] running install_lib
[7.829s] running install_data
[7.832s] copying urdf/mycobot_with_vision_v2.urdf -> /home/lance/robot/install/robot_description/share/robot_description/urdf
[7.836s] running install_egg_info
[7.860s] removing '/home/lance/robot/install/robot_description/lib/python3.10/site-packages/robot_description-0.0.0-py3.10.egg-info' (and everything under it)
[7.863s] Copying ../../build/robot_description/robot_description.egg-info to /home/lance/robot/install/robot_description/lib/python3.10/site-packages/robot_description-0.0.0-py3.10.egg-info
[7.870s] running install_scripts
[7.988s] writing list of installed files to '/home/lance/robot/build/robot_description/install.log'
[8.248s] Invoked command in '/home/lance/robot/src/robot_description' returned '0': PYTHONPATH=/home/lance/robot/build/robot_description/prefix_override:/home/lance/robot/install/robot_description/lib/python3.10/site-packages:${PYTHONPATH} /usr/bin/python3 setup.py egg_info --egg-base ../../build/robot_description build --build-base /home/lance/robot/build/robot_description/build install --record /home/lance/robot/build/robot_description/install.log --single-version-externally-managed
