[13.889s] Invoking command in '/home/lance/robot/src/controllers': CMAKE_PREFIX_PATH=/home/lance/robot/install/my_cobot_interfaces:/home/lance/robot/install/moveit_config:/home/lance/robot/install/my_cobot_hardware_interface:/home/lance/moveit2_ws/install LD_LIBRARY_PATH=/home/lance/robot/install/my_cobot_interfaces/lib:/home/lance/robot/install/my_cobot_hardware_interface/lib:/opt/ros/humble/opt/rviz_ogre_vendor/lib:/opt/ros/humble/lib/aarch64-linux-gnu:/opt/ros/humble/lib PYTHONPATH=/home/lance/robot/build/controllers/prefix_override:/home/lance/robot/install/controllers/lib/python3.10/site-packages:${PYTHONPATH} /usr/bin/python3 setup.py egg_info --egg-base ../../build/controllers build --build-base /home/lance/robot/build/controllers/build install --record /home/lance/robot/build/controllers/install.log --single-version-externally-managed
[18.894s] running egg_info
[18.902s] writing ../../build/controllers/controllers.egg-info/PKG-INFO
[18.906s] writing dependency_links to ../../build/controllers/controllers.egg-info/dependency_links.txt
[18.909s] writing entry points to ../../build/controllers/controllers.egg-info/entry_points.txt
[18.911s] writing requirements to ../../build/controllers/controllers.egg-info/requires.txt
[18.913s] writing top-level names to ../../build/controllers/controllers.egg-info/top_level.txt
[18.935s] reading manifest file '../../build/controllers/controllers.egg-info/SOURCES.txt'
[18.943s] writing manifest file '../../build/controllers/controllers.egg-info/SOURCES.txt'
[18.946s] running build
[18.947s] running build_py
[18.950s] running install
[18.959s] running install_lib
[18.977s] running install_data
[18.984s] running install_egg_info
[19.000s] removing '/home/lance/robot/install/controllers/lib/python3.10/site-packages/controllers-0.0.0-py3.10.egg-info' (and everything under it)
[19.003s] Copying ../../build/controllers/controllers.egg-info to /home/lance/robot/install/controllers/lib/python3.10/site-packages/controllers-0.0.0-py3.10.egg-info
[19.016s] running install_scripts
[19.212s] Installing follow_trajectory script to /home/lance/robot/install/controllers/lib/controllers
[19.215s] Installing joint_state script to /home/lance/robot/install/controllers/lib/controllers
[19.217s] Installing my_cobot script to /home/lance/robot/install/controllers/lib/controllers
[19.220s] Installing shutdown script to /home/lance/robot/install/controllers/lib/controllers
[19.224s] writing list of installed files to '/home/lance/robot/build/controllers/install.log'
[19.490s] Invoked command in '/home/lance/robot/src/controllers' returned '0': CMAKE_PREFIX_PATH=/home/lance/robot/install/my_cobot_interfaces:/home/lance/robot/install/moveit_config:/home/lance/robot/install/my_cobot_hardware_interface:/home/lance/moveit2_ws/install LD_LIBRARY_PATH=/home/lance/robot/install/my_cobot_interfaces/lib:/home/lance/robot/install/my_cobot_hardware_interface/lib:/opt/ros/humble/opt/rviz_ogre_vendor/lib:/opt/ros/humble/lib/aarch64-linux-gnu:/opt/ros/humble/lib PYTHONPATH=/home/lance/robot/build/controllers/prefix_override:/home/lance/robot/install/controllers/lib/python3.10/site-packages:${PYTHONPATH} /usr/bin/python3 setup.py egg_info --egg-base ../../build/controllers build --build-base /home/lance/robot/build/controllers/build install --record /home/lance/robot/build/controllers/install.log --single-version-externally-managed
