[3.703s] Invoking command in '/home/lance/robot/src/coord_controller': CMAKE_PREFIX_PATH=/home/lance/robot/install/my_cobot_interfaces:/home/lance/robot/install/moveit_config:/home/lance/robot/install/my_cobot_hardware_interface:/home/lance/moveit2_ws/install LD_LIBRARY_PATH=/home/lance/robot/install/my_cobot_interfaces/lib:/home/lance/robot/install/my_cobot_hardware_interface/lib:/opt/ros/humble/opt/rviz_ogre_vendor/lib:/opt/ros/humble/lib/aarch64-linux-gnu:/opt/ros/humble/lib PYTHONPATH=/home/lance/robot/build/coord_controller/prefix_override:/home/lance/robot/install/coord_controller/lib/python3.10/site-packages:${PYTHONPATH} /usr/bin/python3 setup.py egg_info --egg-base ../../build/coord_controller build --build-base /home/lance/robot/build/coord_controller/build install --record /home/lance/robot/build/coord_controller/install.log --single-version-externally-managed
[5.095s] running egg_info
[5.098s] writing ../../build/coord_controller/coord_controller.egg-info/PKG-INFO
[5.099s] writing dependency_links to ../../build/coord_controller/coord_controller.egg-info/dependency_links.txt
[5.100s] writing entry points to ../../build/coord_controller/coord_controller.egg-info/entry_points.txt
[5.101s] writing requirements to ../../build/coord_controller/coord_controller.egg-info/requires.txt
[5.102s] writing top-level names to ../../build/coord_controller/coord_controller.egg-info/top_level.txt
[5.110s] reading manifest file '../../build/coord_controller/coord_controller.egg-info/SOURCES.txt'
[5.115s] writing manifest file '../../build/coord_controller/coord_controller.egg-info/SOURCES.txt'
[5.116s] running build
[5.116s] running build_py
[5.118s] running install
[5.119s] running install_lib
[5.126s] running install_data
[5.129s] running install_egg_info
[5.136s] removing '/home/lance/robot/install/coord_controller/lib/python3.10/site-packages/coord_controller-0.0.0-py3.10.egg-info' (and everything under it)
[5.138s] Copying ../../build/coord_controller/coord_controller.egg-info to /home/lance/robot/install/coord_controller/lib/python3.10/site-packages/coord_controller-0.0.0-py3.10.egg-info
[5.144s] running install_scripts
[5.228s] Installing my_cobot script to /home/lance/robot/install/coord_controller/lib/coord_controller
[5.230s] writing list of installed files to '/home/lance/robot/build/coord_controller/install.log'
[5.374s] Invoked command in '/home/lance/robot/src/coord_controller' returned '0': CMAKE_PREFIX_PATH=/home/lance/robot/install/my_cobot_interfaces:/home/lance/robot/install/moveit_config:/home/lance/robot/install/my_cobot_hardware_interface:/home/lance/moveit2_ws/install LD_LIBRARY_PATH=/home/lance/robot/install/my_cobot_interfaces/lib:/home/lance/robot/install/my_cobot_hardware_interface/lib:/opt/ros/humble/opt/rviz_ogre_vendor/lib:/opt/ros/humble/lib/aarch64-linux-gnu:/opt/ros/humble/lib PYTHONPATH=/home/lance/robot/build/coord_controller/prefix_override:/home/lance/robot/install/coord_controller/lib/python3.10/site-packages:${PYTHONPATH} /usr/bin/python3 setup.py egg_info --egg-base ../../build/coord_controller build --build-base /home/lance/robot/build/coord_controller/build install --record /home/lance/robot/build/coord_controller/install.log --single-version-externally-managed
