[0.158s] Invoking command in '/home/lance/robot/build/my_cobot_hardware_interface': CMAKE_PREFIX_PATH=/home/lance/robot/install/my_cobot_interfaces:/home/lance/robot/install/moveit_config:/home/lance/robot/install/robot_description:/home/lance/robot/install/controllers:/home/lance/robot/install/motion_planning:/home/lance/robot/install/computer_vision:/home/lance/robot/install/bringup:/opt/ros/humble:/home/lance/robot/install/my_cobot_hardware_interface:/home/lance/moveit2_ws/install LD_LIBRARY_PATH=/home/lance/robot/install/my_cobot_interfaces/lib:/home/lance/robot/install/my_cobot_hardware_interface/lib:/opt/ros/humble/opt/rviz_ogre_vendor/lib:/opt/ros/humble/lib/aarch64-linux-gnu:/opt/ros/humble/lib /usr/bin/cmake --build /home/lance/robot/build/my_cobot_hardware_interface -- -j4 -l4
[0.389s] -- Found ament_cmake: 1.3.4 (/opt/ros/humble/share/ament_cmake/cmake)
[1.610s] -- Found pluginlib: 5.1.0 (/opt/ros/humble/share/pluginlib/cmake)
[1.954s] -- Found rclcpp: 16.0.4 (/opt/ros/humble/share/rclcpp/cmake)
[2.085s] -- Found rosidl_generator_c: 3.1.4 (/opt/ros/humble/share/rosidl_generator_c/cmake)
[2.102s] -- Found rosidl_adapter: 3.1.4 (/opt/ros/humble/share/rosidl_adapter/cmake)
[2.138s] -- Found rosidl_generator_cpp: 3.1.4 (/opt/ros/humble/share/rosidl_generator_cpp/cmake)
[2.207s] -- Using all available rosidl_typesupport_c: rosidl_typesupport_fastrtps_c;rosidl_typesupport_introspection_c
[2.291s] -- Using all available rosidl_typesupport_cpp: rosidl_typesupport_fastrtps_cpp;rosidl_typesupport_introspection_cpp
[2.647s] -- Found rmw_implementation_cmake: 6.1.1 (/opt/ros/humble/share/rmw_implementation_cmake/cmake)
[2.661s] -- Found rmw_cyclonedds_cpp: 1.3.4 (/opt/ros/humble/share/rmw_cyclonedds_cpp/cmake)
[2.861s] -- Using RMW implementation 'rmw_cyclonedds_cpp' as default
[3.632s] -- Found hardware_interface: 2.26.0 (/opt/ros/humble/share/hardware_interface/cmake)
[5.812s] -- Found my_cobot_interfaces: 0.0.0 (/home/lance/robot/install/my_cobot_interfaces/share/my_cobot_interfaces/cmake)
[6.519s] -- Configuring done
[6.677s] -- Generating done
[6.687s] -- Build files have been written to: /home/lance/robot/build/my_cobot_hardware_interface
[6.819s] [35m[1mConsolidate compiler generated dependencies of target my_cobot_hardware_interface[0m
[6.868s] [ 25%] [32mBuilding CXX object CMakeFiles/hardware.dir/src/MyCobotHardwareInterface.cpp.o[0m
[6.929s] [ 50%] [32mBuilding CXX object CMakeFiles/my_cobot_hardware_interface.dir/src/MyCobotHardwareInterface.cpp.o[0m
[7.096s] [01m[K/home/lance/robot/src/my_cobot_hardware_interface/src/MyCobotHardwareInterface.cpp:6:10:[m[K [01;31m[Kfatal error: [m[Khardware_interface/actuator_interface.hpp: No such file or directory
[7.096s]     6 | #include [01;31m[K<hardware_interface/actuator_interface.hpp>[m[K
[7.097s]       |          [01;31m[K^~~~~~~~~~~~~~~~~~~~~~~~~~~~~~~~~~~~~~~~~~~[m[K
[7.097s] compilation terminated.
[7.103s] gmake[2]: *** [CMakeFiles/hardware.dir/build.make:76: CMakeFiles/hardware.dir/src/MyCobotHardwareInterface.cpp.o] Error 1
[7.103s] gmake[1]: *** [CMakeFiles/Makefile2:165: CMakeFiles/hardware.dir/all] Error 2
[7.104s] gmake[1]: *** Waiting for unfinished jobs....
[8.855s] [01m[K/home/lance/robot/src/my_cobot_hardware_interface/src/MyCobotHardwareInterface.cpp:35:10:[m[K [01;31m[Kfatal error: [m[KMyCobotHardwareInterface.hpp: No such file or directory
[8.856s]    35 | #include [01;31m[K"MyCobotHardwareInterface.hpp"[m[K
[8.856s]       |          [01;31m[K^~~~~~~~~~~~~~~~~~~~~~~~~~~~~~[m[K
[8.856s] compilation terminated.
[8.867s] gmake[2]: *** [CMakeFiles/my_cobot_hardware_interface.dir/build.make:76: CMakeFiles/my_cobot_hardware_interface.dir/src/MyCobotHardwareInterface.cpp.o] Error 1
[8.868s] gmake[1]: *** [CMakeFiles/Makefile2:139: CMakeFiles/my_cobot_hardware_interface.dir/all] Error 2
[8.869s] gmake: *** [Makefile:146: all] Error 2
[8.876s] Invoked command in '/home/lance/robot/build/my_cobot_hardware_interface' returned '2': CMAKE_PREFIX_PATH=/home/lance/robot/install/my_cobot_interfaces:/home/lance/robot/install/moveit_config:/home/lance/robot/install/robot_description:/home/lance/robot/install/controllers:/home/lance/robot/install/motion_planning:/home/lance/robot/install/computer_vision:/home/lance/robot/install/bringup:/opt/ros/humble:/home/lance/robot/install/my_cobot_hardware_interface:/home/lance/moveit2_ws/install LD_LIBRARY_PATH=/home/lance/robot/install/my_cobot_interfaces/lib:/home/lance/robot/install/my_cobot_hardware_interface/lib:/opt/ros/humble/opt/rviz_ogre_vendor/lib:/opt/ros/humble/lib/aarch64-linux-gnu:/opt/ros/humble/lib /usr/bin/cmake --build /home/lance/robot/build/my_cobot_hardware_interface -- -j4 -l4
