In file included from [01m[K/home/lance/robot/src/my_cobot_hardware_interface/src/MyCobotHardwareInterface.cpp:1[m[K:
[01m[K/home/lance/robot/src/my_cobot_hardware_interface/include/my_cobot_hardware_interface/MyCobotHardwareInterface.hpp:25:21:[m[K [01;31m[Kerror: [m[K‘[01m[KLifecycleNode[m[K’ in namespace ‘[01m[Krclcpp_lifecycle[m[K’ does not name a type
   25 |   rclcpp_lifecycle::[01;31m[KLifecycleNode[m[K::SharedPtr node_;
      |                     [01;31m[K^~~~~~~~~~~~~[m[K
[01m[K/home/lance/robot/src/my_cobot_hardware_interface/include/my_cobot_hardware_interface/MyCobotHardwareInterface.hpp:26:11:[m[K [01;31m[Kerror: [m[K‘[01m[KClient[m[K’ in namespace ‘[01m[Krclcpp[m[K’ does not name a template type
   26 |   rclcpp::[01;31m[KClient[m[K<my_cobot_interfaces::srv::GetRadians>::SharedPtr get_radians_client_;
      |           [01;31m[K^~~~~~[m[K
[01m[K/home/lance/robot/src/my_cobot_hardware_interface/include/my_cobot_hardware_interface/MyCobotHardwareInterface.hpp:27:11:[m[K [01;31m[Kerror: [m[K‘[01m[KClient[m[K’ in namespace ‘[01m[Krclcpp[m[K’ does not name a template type
   27 |   rclcpp::[01;31m[KClient[m[K<my_cobot_interfaces::srv::SetRadians>::SharedPtr set_radians_client_;
      |           [01;31m[K^~~~~~[m[K
[01m[K/home/lance/robot/src/my_cobot_hardware_interface/include/my_cobot_hardware_interface/MyCobotHardwareInterface.hpp:15:35:[m[K [01;31m[Kerror: [m[K‘[01m[Khardware_interface::return_type my_cobot_hardware_interface::MyCobotHardwareInterface::configure(const hardware_interface::HardwareInfo&)[m[K’ marked ‘[01m[Koverride[m[K’, but does not override
   15 |   hardware_interface::return_type [01;31m[Kconfigure[m[K(const hardware_interface::HardwareInfo& info) override;
      |                                   [01;31m[K^~~~~~~~~[m[K
[01m[K/home/lance/robot/src/my_cobot_hardware_interface/include/my_cobot_hardware_interface/MyCobotHardwareInterface.hpp:18:35:[m[K [01;31m[Kerror: [m[K‘[01m[Khardware_interface::return_type my_cobot_hardware_interface::MyCobotHardwareInterface::cleanup()[m[K’ marked ‘[01m[Koverride[m[K’, but does not override
   18 |   hardware_interface::return_type [01;31m[Kcleanup[m[K() override;
      |                                   [01;31m[K^~~~~~~[m[K
[01m[K/home/lance/robot/src/my_cobot_hardware_interface/include/my_cobot_hardware_interface/MyCobotHardwareInterface.hpp:19:35:[m[K [01;31m[Kerror: [m[K‘[01m[Khardware_interface::return_type my_cobot_hardware_interface::MyCobotHardwareInterface::activate()[m[K’ marked ‘[01m[Koverride[m[K’, but does not override
   19 |   hardware_interface::return_type [01;31m[Kactivate[m[K() override;
      |                                   [01;31m[K^~~~~~~~[m[K
[01m[K/home/lance/robot/src/my_cobot_hardware_interface/include/my_cobot_hardware_interface/MyCobotHardwareInterface.hpp:20:35:[m[K [01;31m[Kerror: [m[K‘[01m[Khardware_interface::return_type my_cobot_hardware_interface::MyCobotHardwareInterface::deactivate()[m[K’ marked ‘[01m[Koverride[m[K’, but does not override
   20 |   hardware_interface::return_type [01;31m[Kdeactivate[m[K() override;
      |                                   [01;31m[K^~~~~~~~~~[m[K
[01m[K/home/lance/robot/src/my_cobot_hardware_interface/include/my_cobot_hardware_interface/MyCobotHardwareInterface.hpp:21:35:[m[K [01;31m[Kerror: [m[K‘[01m[Khardware_interface::return_type my_cobot_hardware_interface::MyCobotHardwareInterface::read()[m[K’ marked ‘[01m[Koverride[m[K’, but does not override
   21 |   hardware_interface::return_type [01;31m[Kread[m[K() override;
      |                                   [01;31m[K^~~~[m[K
[01m[K/home/lance/robot/src/my_cobot_hardware_interface/include/my_cobot_hardware_interface/MyCobotHardwareInterface.hpp:22:35:[m[K [01;31m[Kerror: [m[K‘[01m[Khardware_interface::return_type my_cobot_hardware_interface::MyCobotHardwareInterface::write()[m[K’ marked ‘[01m[Koverride[m[K’, but does not override
   22 |   hardware_interface::return_type [01;31m[Kwrite[m[K() override;
      |                                   [01;31m[K^~~~~[m[K
[01m[K/home/lance/robot/src/my_cobot_hardware_interface/src/MyCobotHardwareInterface.cpp:5:22:[m[K [01;31m[Kerror: [m[K‘[01m[Kmy_cobot_interfaces[m[K’ does not name a type
    5 |   using GetRadians = [01;31m[Kmy_cobot_interfaces[m[K::srv::GetRadians;
      |                      [01;31m[K^~~~~~~~~~~~~~~~~~~[m[K
[01m[K/home/lance/robot/src/my_cobot_hardware_interface/src/MyCobotHardwareInterface.cpp:6:22:[m[K [01;31m[Kerror: [m[K‘[01m[Kmy_cobot_interfaces[m[K’ does not name a type
    6 |   using SetRadians = [01;31m[Kmy_cobot_interfaces[m[K::srv::SetRadians;
      |                      [01;31m[K^~~~~~~~~~~~~~~~~~~[m[K
[01m[K/home/lance/robot/src/my_cobot_hardware_interface/src/MyCobotHardwareInterface.cpp:[m[K In constructor ‘[01m[Kmy_cobot_hardware_interface::MyCobotHardwareInterface::MyCobotHardwareInterface()[m[K’:
[01m[K/home/lance/robot/src/my_cobot_hardware_interface/src/MyCobotHardwareInterface.cpp:9:38:[m[K [01;31m[Kerror: [m[Kexpected class-name before ‘[01m[K([m[K’ token
    9 |     : rclcpp_lifecycle::LifecycleNode[01;31m[K([m[K"my_cobot_hardware_interface")
      |                                      [01;31m[K^[m[K
[01m[K/home/lance/robot/src/my_cobot_hardware_interface/src/MyCobotHardwareInterface.cpp:9:38:[m[K [01;31m[Kerror: [m[Kexpected ‘[01m[K{[m[K’ before ‘[01m[K([m[K’ token
[01m[K/home/lance/robot/src/my_cobot_hardware_interface/src/MyCobotHardwareInterface.cpp:[m[K At global scope:
[01m[K/home/lance/robot/src/my_cobot_hardware_interface/src/MyCobotHardwareInterface.cpp:9:39:[m[K [01;31m[Kerror: [m[Kexpected unqualified-id before string constant
    9 |     : rclcpp_lifecycle::LifecycleNode([01;31m[K"my_cobot_hardware_interface"[m[K)
      |                                       [01;31m[K^~~~~~~~~~~~~~~~~~~~~~~~~~~~~[m[K
[01m[K/home/lance/robot/src/my_cobot_hardware_interface/src/MyCobotHardwareInterface.cpp:9:39:[m[K [01;31m[Kerror: [m[Kexpected ‘[01m[K)[m[K’ before string constant
    9 |     : rclcpp_lifecycle::LifecycleNode[34m[K([m[K[01;31m[K"[m[K[32m[Kmy_cobot_hardware_interface"[m[K)
      |                                      [34m[K~[m[K[01;31m[K^[m[K[32m[K~~~~~~~~~~~~~~~~~~~~~~~~~~~~[m[K
      |                                       [32m[K)[m[K
[01m[K/home/lance/robot/src/my_cobot_hardware_interface/src/MyCobotHardwareInterface.cpp:[m[K In member function ‘[01m[Khardware_interface::return_type my_cobot_hardware_interface::MyCobotHardwareInterface::configure(const hardware_interface::HardwareInfo&)[m[K’:
[01m[K/home/lance/robot/src/my_cobot_hardware_interface/src/MyCobotHardwareInterface.cpp:15:5:[m[K [01;31m[Kerror: [m[K‘[01m[Knode_[m[K’ was not declared in this scope; did you mean ‘[01m[Kmode_t[m[K’?
   15 |     [01;31m[Knode_[m[K = get_lifecycle_node();
      |     [01;31m[K^~~~~[m[K
      |     [32m[Kmode_t[m[K
[01m[K/home/lance/robot/src/my_cobot_hardware_interface/src/MyCobotHardwareInterface.cpp:15:13:[m[K [01;31m[Kerror: [m[K‘[01m[Kget_lifecycle_node[m[K’ was not declared in this scope
   15 |     node_ = [01;31m[Kget_lifecycle_node[m[K();
      |             [01;31m[K^~~~~~~~~~~~~~~~~~[m[K
[01m[K/home/lance/robot/src/my_cobot_hardware_interface/src/MyCobotHardwareInterface.cpp:17:5:[m[K [01;31m[Kerror: [m[K‘[01m[Kget_radians_client_[m[K’ was not declared in this scope
   17 |     [01;31m[Kget_radians_client_[m[K = node_->create_client<my_cobot_interfaces::srv::GetRadians>("get_radians");
      |     [01;31m[K^~~~~~~~~~~~~~~~~~~[m[K
[01m[K/home/lance/robot/src/my_cobot_hardware_interface/src/MyCobotHardwareInterface.cpp:17:48:[m[K [01;31m[Kerror: [m[K‘[01m[Kmy_cobot_interfaces[m[K’ has not been declared
   17 |     get_radians_client_ = node_->create_client<[01;31m[Kmy_cobot_interfaces[m[K::srv::GetRadians>("get_radians");
      |                                                [01;31m[K^~~~~~~~~~~~~~~~~~~[m[K
[01m[K/home/lance/robot/src/my_cobot_hardware_interface/src/MyCobotHardwareInterface.cpp:18:5:[m[K [01;31m[Kerror: [m[K‘[01m[Kset_radians_client_[m[K’ was not declared in this scope
   18 |     [01;31m[Kset_radians_client_[m[K = node_->create_client<my_cobot_interfaces::srv::SetRadians>("set_radians");
      |     [01;31m[K^~~~~~~~~~~~~~~~~~~[m[K
[01m[K/home/lance/robot/src/my_cobot_hardware_interface/src/MyCobotHardwareInterface.cpp:18:48:[m[K [01;31m[Kerror: [m[K‘[01m[Kmy_cobot_interfaces[m[K’ has not been declared
   18 |     set_radians_client_ = node_->create_client<[01;31m[Kmy_cobot_interfaces[m[K::srv::SetRadians>("set_radians");
      |                                                [01;31m[K^~~~~~~~~~~~~~~~~~~[m[K
[01m[K/home/lance/robot/src/my_cobot_hardware_interface/src/MyCobotHardwareInterface.cpp:22:25:[m[K [01;31m[Kerror: [m[Kno match for ‘[01m[Koperator=[m[K’ (operand types are ‘[01m[Kstd::vector<std::__cxx11::basic_string<char> >[m[K’ and ‘[01m[Kconst std::vector<hardware_interface::ComponentInfo>[m[K’)
   22 |     joint_names_ = info.[01;31m[Kjoints[m[K;
      |                         [01;31m[K^~~~~~[m[K
In file included from [01m[K/usr/include/c++/11/vector:72[m[K,
                 from [01m[K/opt/ros/humble/include/hardware_interface/system_interface.hpp:20[m[K,
                 from [01m[K/home/lance/robot/src/my_cobot_hardware_interface/include/my_cobot_hardware_interface/MyCobotHardwareInterface.hpp:4[m[K,
                 from [01m[K/home/lance/robot/src/my_cobot_hardware_interface/src/MyCobotHardwareInterface.cpp:1[m[K:
[01m[K/usr/include/c++/11/bits/vector.tcc:198:5:[m[K [01;36m[Knote: [m[Kcandidate: ‘[01m[Kstd::vector<_Tp, _Alloc>& std::vector<_Tp, _Alloc>::operator=(const std::vector<_Tp, _Alloc>&) [with _Tp = std::__cxx11::basic_string<char>; _Alloc = std::allocator<std::__cxx11::basic_string<char> >][m[K’
  198 |     [01;36m[Kvector<_Tp, _Alloc>[m[K::
      |     [01;36m[K^~~~~~~~~~~~~~~~~~~[m[K
[01m[K/usr/include/c++/11/bits/vector.tcc:199:42:[m[K [01;36m[Knote: [m[K  no known conversion for argument 1 from ‘[01m[Kconst std::vector<hardware_interface::ComponentInfo>[m[K’ to ‘[01m[Kconst std::vector<std::__cxx11::basic_string<char> >&[m[K’
  199 |     operator=([01;36m[Kconst vector<_Tp, _Alloc>& __x[m[K)
      |               [01;36m[K~~~~~~~~~~~~~~~~~~~~~~~~~~~^~~[m[K
In file included from [01m[K/usr/include/c++/11/vector:67[m[K,
                 from [01m[K/opt/ros/humble/include/hardware_interface/system_interface.hpp:20[m[K,
                 from [01m[K/home/lance/robot/src/my_cobot_hardware_interface/include/my_cobot_hardware_interface/MyCobotHardwareInterface.hpp:4[m[K,
                 from [01m[K/home/lance/robot/src/my_cobot_hardware_interface/src/MyCobotHardwareInterface.cpp:1[m[K:
[01m[K/usr/include/c++/11/bits/stl_vector.h:709:7:[m[K [01;36m[Knote: [m[Kcandidate: ‘[01m[Kstd::vector<_Tp, _Alloc>& std::vector<_Tp, _Alloc>::operator=(std::vector<_Tp, _Alloc>&&) [with _Tp = std::__cxx11::basic_string<char>; _Alloc = std::allocator<std::__cxx11::basic_string<char> >][m[K’
  709 |       [01;36m[Koperator[m[K=(vector&& __x) noexcept(_Alloc_traits::_S_nothrow_move())
      |       [01;36m[K^~~~~~~~[m[K
[01m[K/usr/include/c++/11/bits/stl_vector.h:709:26:[m[K [01;36m[Knote: [m[K  no known conversion for argument 1 from ‘[01m[Kconst std::vector<hardware_interface::ComponentInfo>[m[K’ to ‘[01m[Kstd::vector<std::__cxx11::basic_string<char> >&&[m[K’
  709 |       operator=([01;36m[Kvector&& __x[m[K) noexcept(_Alloc_traits::_S_nothrow_move())
      |                 [01;36m[K~~~~~~~~~^~~[m[K
[01m[K/usr/include/c++/11/bits/stl_vector.h:730:7:[m[K [01;36m[Knote: [m[Kcandidate: ‘[01m[Kstd::vector<_Tp, _Alloc>& std::vector<_Tp, _Alloc>::operator=(std::initializer_list<_Tp>) [with _Tp = std::__cxx11::basic_string<char>; _Alloc = std::allocator<std::__cxx11::basic_string<char> >][m[K’
  730 |       [01;36m[Koperator[m[K=(initializer_list<value_type> __l)
      |       [01;36m[K^~~~~~~~[m[K
[01m[K/usr/include/c++/11/bits/stl_vector.h:730:46:[m[K [01;36m[Knote: [m[K  no known conversion for argument 1 from ‘[01m[Kconst std::vector<hardware_interface::ComponentInfo>[m[K’ to ‘[01m[Kstd::initializer_list<std::__cxx11::basic_string<char> >[m[K’
  730 |       operator=([01;36m[Kinitializer_list<value_type> __l[m[K)
      |                 [01;36m[K~~~~~~~~~~~~~~~~~~~~~~~~~~~~~^~~[m[K
[01m[K/home/lance/robot/src/my_cobot_hardware_interface/src/MyCobotHardwareInterface.cpp:[m[K In member function ‘[01m[Kvirtual std::vector<hardware_interface::StateInterface> my_cobot_hardware_interface::MyCobotHardwareInterface::export_state_interfaces()[m[K’:
[01m[K/home/lance/robot/src/my_cobot_hardware_interface/src/MyCobotHardwareInterface.cpp:37:48:[m[K [01;31m[Kerror: [m[K‘[01m[KHW_IF_POSITION[m[K’ is not a member of ‘[01m[Khardware_interface[m[K’
   37 |           joint_names_[i], hardware_interface::[01;31m[KHW_IF_POSITION[m[K, &joint_angles_[i]);
      |                                                [01;31m[K^~~~~~~~~~~~~~[m[K
[01m[K/home/lance/robot/src/my_cobot_hardware_interface/src/MyCobotHardwareInterface.cpp:[m[K In member function ‘[01m[Kvirtual std::vector<hardware_interface::CommandInterface> my_cobot_hardware_interface::MyCobotHardwareInterface::export_command_interfaces()[m[K’:
[01m[K/home/lance/robot/src/my_cobot_hardware_interface/src/MyCobotHardwareInterface.cpp:50:48:[m[K [01;31m[Kerror: [m[K‘[01m[KHW_IF_POSITION[m[K’ is not a member of ‘[01m[Khardware_interface[m[K’
   50 |           joint_names_[i], hardware_interface::[01;31m[KHW_IF_POSITION[m[K, &joint_angles_command_[i]);
      |                                                [01;31m[K^~~~~~~~~~~~~~[m[K
[01m[K/home/lance/robot/src/my_cobot_hardware_interface/src/MyCobotHardwareInterface.cpp:[m[K In member function ‘[01m[Khardware_interface::return_type my_cobot_hardware_interface::MyCobotHardwareInterface::cleanup()[m[K’:
[01m[K/home/lance/robot/src/my_cobot_hardware_interface/src/MyCobotHardwareInterface.cpp:58:5:[m[K [01;31m[Kerror: [m[K‘[01m[Kget_radians_client_[m[K’ was not declared in this scope
   58 |     [01;31m[Kget_radians_client_[m[K.reset();
      |     [01;31m[K^~~~~~~~~~~~~~~~~~~[m[K
[01m[K/home/lance/robot/src/my_cobot_hardware_interface/src/MyCobotHardwareInterface.cpp:59:5:[m[K [01;31m[Kerror: [m[K‘[01m[Kset_radians_client_[m[K’ was not declared in this scope
   59 |     [01;31m[Kset_radians_client_[m[K.reset();
      |     [01;31m[K^~~~~~~~~~~~~~~~~~~[m[K
[01m[K/home/lance/robot/src/my_cobot_hardware_interface/src/MyCobotHardwareInterface.cpp:[m[K In member function ‘[01m[Kdouble my_cobot_hardware_interface::MyCobotHardwareInterface::clampAngle(double)[m[K’:
[01m[K/home/lance/robot/src/my_cobot_hardware_interface/src/MyCobotHardwareInterface.cpp:77:18:[m[K [01;31m[Kerror: [m[K‘[01m[Kfmod[m[K’ is not a member of ‘[01m[Kstd[m[K’
   77 |     angle = std::[01;31m[Kfmod[m[K(angle + 180.0, 360.0);
      |                  [01;31m[K^~~~[m[K
[01m[K/home/lance/robot/src/my_cobot_hardware_interface/src/MyCobotHardwareInterface.cpp:[m[K In member function ‘[01m[Khardware_interface::return_type my_cobot_hardware_interface::MyCobotHardwareInterface::read()[m[K’:
[01m[K/home/lance/robot/src/my_cobot_hardware_interface/src/MyCobotHardwareInterface.cpp:86:37:[m[K [01;31m[Kerror: [m[K‘[01m[KGetRadians[m[K’ was not declared in this scope
   86 |     auto request = std::make_shared<[01;31m[KGetRadians[m[K::Request>();
      |                                     [01;31m[K^~~~~~~~~~[m[K
[01m[K/home/lance/robot/src/my_cobot_hardware_interface/src/MyCobotHardwareInterface.cpp:86:25:[m[K [01;31m[Kerror: [m[Kparse error in template argument list
   86 |     auto request = std::[01;31m[Kmake_shared<GetRadians::Request>[m[K();
      |                         [01;31m[K^~~~~~~~~~~~~~~~~~~~~~~~~~~~~~~~[m[K
[01m[K/home/lance/robot/src/my_cobot_hardware_interface/src/MyCobotHardwareInterface.cpp:86:57:[m[K [01;31m[Kerror: [m[Kno matching function for call to ‘[01m[Kmake_shared<<expression error> >()[m[K’
   86 |     auto request = [01;31m[Kstd::make_shared<GetRadians::Request>()[m[K;
      |                    [01;31m[K~~~~~~~~~~~~~~~~~~~~~~~~~~~~~~~~~~~~~^~[m[K
In file included from [01m[K/usr/include/c++/11/memory:77[m[K,
                 from [01m[K/opt/ros/humble/include/hardware_interface/system_interface.hpp:18[m[K,
                 from [01m[K/home/lance/robot/src/my_cobot_hardware_interface/include/my_cobot_hardware_interface/MyCobotHardwareInterface.hpp:4[m[K,
                 from [01m[K/home/lance/robot/src/my_cobot_hardware_interface/src/MyCobotHardwareInterface.cpp:1[m[K:
[01m[K/usr/include/c++/11/bits/shared_ptr.h:875:5:[m[K [01;36m[Knote: [m[Kcandidate: ‘[01m[Ktemplate<class _Tp, class ... _Args> std::shared_ptr<_Tp> std::make_shared(_Args&& ...)[m[K’
  875 |     [01;36m[Kmake_shared[m[K(_Args&&... __args)
      |     [01;36m[K^~~~~~~~~~~[m[K
[01m[K/usr/include/c++/11/bits/shared_ptr.h:875:5:[m[K [01;36m[Knote: [m[K  template argument deduction/substitution failed:
[01m[K/home/lance/robot/src/my_cobot_hardware_interface/src/MyCobotHardwareInterface.cpp:86:57:[m[K [01;31m[Kerror: [m[Ktemplate argument 1 is invalid
   86 |     auto request = [01;31m[Kstd::make_shared<GetRadians::Request>()[m[K;
      |                    [01;31m[K~~~~~~~~~~~~~~~~~~~~~~~~~~~~~~~~~~~~~^~[m[K
[01m[K/home/lance/robot/src/my_cobot_hardware_interface/src/MyCobotHardwareInterface.cpp:87:19:[m[K [01;31m[Kerror: [m[K‘[01m[Kget_radians_client_[m[K’ was not declared in this scope
   87 |     auto future = [01;31m[Kget_radians_client_[m[K->async_send_request(request);
      |                   [01;31m[K^~~~~~~~~~~~~~~~~~~[m[K
[01m[K/home/lance/robot/src/my_cobot_hardware_interface/src/MyCobotHardwareInterface.cpp:89:17:[m[K [01;31m[Kerror: [m[K‘[01m[Kspin_until_future_complete[m[K’ is not a member of ‘[01m[Krclcpp[m[K’
   89 |     if (rclcpp::[01;31m[Kspin_until_future_complete[m[K(get_node_base_interface(), future) ==
      |                 [01;31m[K^~~~~~~~~~~~~~~~~~~~~~~~~~[m[K
[01m[K/home/lance/robot/src/my_cobot_hardware_interface/src/MyCobotHardwareInterface.cpp:89:44:[m[K [01;31m[Kerror: [m[K‘[01m[Kget_node_base_interface[m[K’ was not declared in this scope
   89 |     if (rclcpp::spin_until_future_complete([01;31m[Kget_node_base_interface[m[K(), future) ==
      |                                            [01;31m[K^~~~~~~~~~~~~~~~~~~~~~~[m[K
[01m[K/home/lance/robot/src/my_cobot_hardware_interface/src/MyCobotHardwareInterface.cpp:90:17:[m[K [01;31m[Kerror: [m[K‘[01m[Krclcpp::FutureReturnCode[m[K’ has not been declared
   90 |         rclcpp::[01;31m[KFutureReturnCode[m[K::SUCCESS)
      |                 [01;31m[K^~~~~~~~~~~~~~~~[m[K
[01m[K/home/lance/robot/src/my_cobot_hardware_interface/src/MyCobotHardwareInterface.cpp:97:21:[m[K [01;31m[Kerror: [m[K‘[01m[Kget_logger[m[K’ was not declared in this scope
   97 |         RCLCPP_WARN([01;31m[Kget_logger[m[K(), "Received joint names do not match the expected size");
      |                     [01;31m[K^~~~~~~~~~[m[K
[01m[K/home/lance/robot/src/my_cobot_hardware_interface/src/MyCobotHardwareInterface.cpp:97:9:[m[K [01;31m[Kerror: [m[K‘[01m[KRCLCPP_WARN[m[K’ was not declared in this scope; did you mean ‘[01m[KRCLCPP_EXPORT[m[K’?
   97 |         [01;31m[KRCLCPP_WARN[m[K(get_logger(), "Received joint names do not match the expected size");
      |         [01;31m[K^~~~~~~~~~~[m[K
      |         [32m[KRCLCPP_EXPORT[m[K
[01m[K/home/lance/robot/src/my_cobot_hardware_interface/src/MyCobotHardwareInterface.cpp:116:20:[m[K [01;31m[Kerror: [m[K‘[01m[Kget_logger[m[K’ was not declared in this scope
  116 |       RCLCPP_ERROR([01;31m[Kget_logger[m[K(), "Failed to call get_radians service");
      |                    [01;31m[K^~~~~~~~~~[m[K
[01m[K/home/lance/robot/src/my_cobot_hardware_interface/src/MyCobotHardwareInterface.cpp:116:7:[m[K [01;31m[Kerror: [m[K‘[01m[KRCLCPP_ERROR[m[K’ was not declared in this scope; did you mean ‘[01m[KRCLCPP_EXPORT[m[K’?
  116 |       [01;31m[KRCLCPP_ERROR[m[K(get_logger(), "Failed to call get_radians service");
      |       [01;31m[K^~~~~~~~~~~~[m[K
      |       [32m[KRCLCPP_EXPORT[m[K
[01m[K/home/lance/robot/src/my_cobot_hardware_interface/src/MyCobotHardwareInterface.cpp:[m[K In member function ‘[01m[Khardware_interface::return_type my_cobot_hardware_interface::MyCobotHardwareInterface::write()[m[K’:
[01m[K/home/lance/robot/src/my_cobot_hardware_interface/src/MyCobotHardwareInterface.cpp:125:37:[m[K [01;31m[Kerror: [m[K‘[01m[KSetRadians[m[K’ was not declared in this scope
  125 |     auto request = std::make_shared<[01;31m[KSetRadians[m[K::Request>();
      |                                     [01;31m[K^~~~~~~~~~[m[K
[01m[K/home/lance/robot/src/my_cobot_hardware_interface/src/MyCobotHardwareInterface.cpp:125:25:[m[K [01;31m[Kerror: [m[Kparse error in template argument list
  125 |     auto request = std::[01;31m[Kmake_shared<SetRadians::Request>[m[K();
      |                         [01;31m[K^~~~~~~~~~~~~~~~~~~~~~~~~~~~~~~~[m[K
[01m[K/home/lance/robot/src/my_cobot_hardware_interface/src/MyCobotHardwareInterface.cpp:125:57:[m[K [01;31m[Kerror: [m[Kno matching function for call to ‘[01m[Kmake_shared<<expression error> >()[m[K’
  125 |     auto request = [01;31m[Kstd::make_shared<SetRadians::Request>()[m[K;
      |                    [01;31m[K~~~~~~~~~~~~~~~~~~~~~~~~~~~~~~~~~~~~~^~[m[K
In file included from [01m[K/usr/include/c++/11/memory:77[m[K,
                 from [01m[K/opt/ros/humble/include/hardware_interface/system_interface.hpp:18[m[K,
                 from [01m[K/home/lance/robot/src/my_cobot_hardware_interface/include/my_cobot_hardware_interface/MyCobotHardwareInterface.hpp:4[m[K,
                 from [01m[K/home/lance/robot/src/my_cobot_hardware_interface/src/MyCobotHardwareInterface.cpp:1[m[K:
[01m[K/usr/include/c++/11/bits/shared_ptr.h:875:5:[m[K [01;36m[Knote: [m[Kcandidate: ‘[01m[Ktemplate<class _Tp, class ... _Args> std::shared_ptr<_Tp> std::make_shared(_Args&& ...)[m[K’
  875 |     [01;36m[Kmake_shared[m[K(_Args&&... __args)
      |     [01;36m[K^~~~~~~~~~~[m[K
[01m[K/usr/include/c++/11/bits/shared_ptr.h:875:5:[m[K [01;36m[Knote: [m[K  template argument deduction/substitution failed:
[01m[K/home/lance/robot/src/my_cobot_hardware_interface/src/MyCobotHardwareInterface.cpp:125:57:[m[K [01;31m[Kerror: [m[Ktemplate argument 1 is invalid
  125 |     auto request = [01;31m[Kstd::make_shared<SetRadians::Request>()[m[K;
      |                    [01;31m[K~~~~~~~~~~~~~~~~~~~~~~~~~~~~~~~~~~~~~^~[m[K
[01m[K/home/lance/robot/src/my_cobot_hardware_interface/src/MyCobotHardwareInterface.cpp:130:19:[m[K [01;31m[Kerror: [m[K‘[01m[Kget_logger[m[K’ was not declared in this scope
  130 |       RCLCPP_WARN([01;31m[Kget_logger[m[K(), "Joint names and angles have different sizes");
      |                   [01;31m[K^~~~~~~~~~[m[K
[01m[K/home/lance/robot/src/my_cobot_hardware_interface/src/MyCobotHardwareInterface.cpp:130:7:[m[K [01;31m[Kerror: [m[K‘[01m[KRCLCPP_WARN[m[K’ was not declared in this scope; did you mean ‘[01m[KRCLCPP_EXPORT[m[K’?
  130 |       [01;31m[KRCLCPP_WARN[m[K(get_logger(), "Joint names and angles have different sizes");
      |       [01;31m[K^~~~~~~~~~~[m[K
      |       [32m[KRCLCPP_EXPORT[m[K
[01m[K/home/lance/robot/src/my_cobot_hardware_interface/src/MyCobotHardwareInterface.cpp:149:21:[m[K [01;31m[Kerror: [m[K‘[01m[Kget_logger[m[K’ was not declared in this scope
  149 |         RCLCPP_WARN([01;31m[Kget_logger[m[K(), "Joint name '%s' not found in the received joint names",
      |                     [01;31m[K^~~~~~~~~~[m[K
[01m[K/home/lance/robot/src/my_cobot_hardware_interface/src/MyCobotHardwareInterface.cpp:149:9:[m[K [01;31m[Kerror: [m[K‘[01m[KRCLCPP_WARN[m[K’ was not declared in this scope; did you mean ‘[01m[KRCLCPP_EXPORT[m[K’?
  149 |         [01;31m[KRCLCPP_WARN[m[K(get_logger(), "Joint name '%s' not found in the received joint names",
      |         [01;31m[K^~~~~~~~~~~[m[K
      |         [32m[KRCLCPP_EXPORT[m[K
[01m[K/home/lance/robot/src/my_cobot_hardware_interface/src/MyCobotHardwareInterface.cpp:154:19:[m[K [01;31m[Kerror: [m[K‘[01m[Kset_radians_client_[m[K’ was not declared in this scope
  154 |     auto future = [01;31m[Kset_radians_client_[m[K->async_send_request(request);
      |                   [01;31m[K^~~~~~~~~~~~~~~~~~~[m[K
[01m[K/home/lance/robot/src/my_cobot_hardware_interface/src/MyCobotHardwareInterface.cpp:156:17:[m[K [01;31m[Kerror: [m[K‘[01m[Kspin_until_future_complete[m[K’ is not a member of ‘[01m[Krclcpp[m[K’
  156 |     if (rclcpp::[01;31m[Kspin_until_future_complete[m[K(get_node_base_interface(), future) ==
      |                 [01;31m[K^~~~~~~~~~~~~~~~~~~~~~~~~~[m[K
[01m[K/home/lance/robot/src/my_cobot_hardware_interface/src/MyCobotHardwareInterface.cpp:156:44:[m[K [01;31m[Kerror: [m[K‘[01m[Kget_node_base_interface[m[K’ was not declared in this scope
  156 |     if (rclcpp::spin_until_future_complete([01;31m[Kget_node_base_interface[m[K(), future) ==
      |                                            [01;31m[K^~~~~~~~~~~~~~~~~~~~~~~[m[K
[01m[K/home/lance/robot/src/my_cobot_hardware_interface/src/MyCobotHardwareInterface.cpp:157:17:[m[K [01;31m[Kerror: [m[K‘[01m[Krclcpp::FutureReturnCode[m[K’ has not been declared
  157 |         rclcpp::[01;31m[KFutureReturnCode[m[K::SUCCESS)
      |                 [01;31m[K^~~~~~~~~~~~~~~~[m[K
[01m[K/home/lance/robot/src/my_cobot_hardware_interface/src/MyCobotHardwareInterface.cpp:162:22:[m[K [01;31m[Kerror: [m[K‘[01m[Kget_logger[m[K’ was not declared in this scope
  162 |         RCLCPP_ERROR([01;31m[Kget_logger[m[K(), "Failed to call set_radians service");
      |                      [01;31m[K^~~~~~~~~~[m[K
[01m[K/home/lance/robot/src/my_cobot_hardware_interface/src/MyCobotHardwareInterface.cpp:162:9:[m[K [01;31m[Kerror: [m[K‘[01m[KRCLCPP_ERROR[m[K’ was not declared in this scope; did you mean ‘[01m[KRCLCPP_EXPORT[m[K’?
  162 |         [01;31m[KRCLCPP_ERROR[m[K(get_logger(), "Failed to call set_radians service");
      |         [01;31m[K^~~~~~~~~~~~[m[K
      |         [32m[KRCLCPP_EXPORT[m[K
[01m[K/home/lance/robot/src/my_cobot_hardware_interface/src/MyCobotHardwareInterface.cpp:168:20:[m[K [01;31m[Kerror: [m[K‘[01m[Kget_logger[m[K’ was not declared in this scope
  168 |       RCLCPP_ERROR([01;31m[Kget_logger[m[K(), "Failed to call set_radians service");
      |                    [01;31m[K^~~~~~~~~~[m[K
[01m[K/home/lance/robot/src/my_cobot_hardware_interface/src/MyCobotHardwareInterface.cpp:168:7:[m[K [01;31m[Kerror: [m[K‘[01m[KRCLCPP_ERROR[m[K’ was not declared in this scope; did you mean ‘[01m[KRCLCPP_EXPORT[m[K’?
  168 |       [01;31m[KRCLCPP_ERROR[m[K(get_logger(), "Failed to call set_radians service");
      |       [01;31m[K^~~~~~~~~~~~[m[K
      |       [32m[KRCLCPP_EXPORT[m[K
gmake[2]: *** [CMakeFiles/my_cobot_hardware_interface.dir/build.make:76: CMakeFiles/my_cobot_hardware_interface.dir/src/MyCobotHardwareInterface.cpp.o] Error 1
gmake[1]: *** [CMakeFiles/Makefile2:137: CMakeFiles/my_cobot_hardware_interface.dir/all] Error 2
gmake: *** [Makefile:146: all] Error 2
