[30.567s] Invoking command in '/home/lance/robot/src/coord_controller': CMAKE_PREFIX_PATH=/home/lance/robot/install/my_cobot_interfaces:/home/lance/robot/install/moveit_config:/home/lance/robot/install/my_cobot_hardware_interface:/home/lance/moveit2_ws/install LD_LIBRARY_PATH=/home/lance/robot/install/my_cobot_interfaces/lib:/home/lance/robot/install/my_cobot_hardware_interface/lib:/opt/ros/humble/opt/rviz_ogre_vendor/lib:/opt/ros/humble/lib/aarch64-linux-gnu:/opt/ros/humble/lib PYTHONPATH=/home/lance/robot/build/coord_controller/prefix_override:/home/lance/robot/install/coord_controller/lib/python3.10/site-packages:${PYTHONPATH} /usr/bin/python3 setup.py egg_info --egg-base ../../build/coord_controller build --build-base /home/lance/robot/build/coord_controller/build install --record /home/lance/robot/build/coord_controller/install.log --single-version-externally-managed
[36.893s] running egg_info
[36.902s] creating ../../build/coord_controller/coord_controller.egg-info
[36.905s] writing ../../build/coord_controller/coord_controller.egg-info/PKG-INFO
[36.912s] writing dependency_links to ../../build/coord_controller/coord_controller.egg-info/dependency_links.txt
[36.924s] writing entry points to ../../build/coord_controller/coord_controller.egg-info/entry_points.txt
[36.926s] writing requirements to ../../build/coord_controller/coord_controller.egg-info/requires.txt
[36.927s] writing top-level names to ../../build/coord_controller/coord_controller.egg-info/top_level.txt
[36.929s] writing manifest file '../../build/coord_controller/coord_controller.egg-info/SOURCES.txt'
[36.944s] reading manifest file '../../build/coord_controller/coord_controller.egg-info/SOURCES.txt'
[36.956s] writing manifest file '../../build/coord_controller/coord_controller.egg-info/SOURCES.txt'
[36.968s] running build
[36.986s] running build_py
[36.989s] creating /home/lance/robot/build/coord_controller/build
[37.013s] creating /home/lance/robot/build/coord_controller/build/lib
[37.019s] creating /home/lance/robot/build/coord_controller/build/lib/coord_controller
[37.021s] copying coord_controller/__init__.py -> /home/lance/robot/build/coord_controller/build/lib/coord_controller
[37.029s] copying coord_controller/my_cobot.py -> /home/lance/robot/build/coord_controller/build/lib/coord_controller
[37.047s] running install
[37.049s] running install_lib
[37.053s] creating /home/lance/robot/install/coord_controller/lib/python3.10/site-packages/coord_controller
[37.062s] copying /home/lance/robot/build/coord_controller/build/lib/coord_controller/__init__.py -> /home/lance/robot/install/coord_controller/lib/python3.10/site-packages/coord_controller
[37.086s] copying /home/lance/robot/build/coord_controller/build/lib/coord_controller/my_cobot.py -> /home/lance/robot/install/coord_controller/lib/python3.10/site-packages/coord_controller
[37.090s] byte-compiling /home/lance/robot/install/coord_controller/lib/python3.10/site-packages/coord_controller/__init__.py to __init__.cpython-310.pyc
[37.093s] byte-compiling /home/lance/robot/install/coord_controller/lib/python3.10/site-packages/coord_controller/my_cobot.py to my_cobot.cpython-310.pyc
[37.098s] running install_data
[37.117s] creating /home/lance/robot/install/coord_controller/share/ament_index
[37.130s] creating /home/lance/robot/install/coord_controller/share/ament_index/resource_index
[37.132s] creating /home/lance/robot/install/coord_controller/share/ament_index/resource_index/packages
[37.133s] copying resource/coord_controller -> /home/lance/robot/install/coord_controller/share/ament_index/resource_index/packages
[37.134s] copying package.xml -> /home/lance/robot/install/coord_controller/share/coord_controller
[37.145s] running install_egg_info
[37.159s] Copying ../../build/coord_controller/coord_controller.egg-info to /home/lance/robot/install/coord_controller/lib/python3.10/site-packages/coord_controller-0.0.0-py3.10.egg-info
[37.176s] running install_scripts
[37.697s] Installing my_cobot script to /home/lance/robot/install/coord_controller/lib/coord_controller
[37.708s] writing list of installed files to '/home/lance/robot/build/coord_controller/install.log'
[38.741s] Invoked command in '/home/lance/robot/src/coord_controller' returned '0': CMAKE_PREFIX_PATH=/home/lance/robot/install/my_cobot_interfaces:/home/lance/robot/install/moveit_config:/home/lance/robot/install/my_cobot_hardware_interface:/home/lance/moveit2_ws/install LD_LIBRARY_PATH=/home/lance/robot/install/my_cobot_interfaces/lib:/home/lance/robot/install/my_cobot_hardware_interface/lib:/opt/ros/humble/opt/rviz_ogre_vendor/lib:/opt/ros/humble/lib/aarch64-linux-gnu:/opt/ros/humble/lib PYTHONPATH=/home/lance/robot/build/coord_controller/prefix_override:/home/lance/robot/install/coord_controller/lib/python3.10/site-packages:${PYTHONPATH} /usr/bin/python3 setup.py egg_info --egg-base ../../build/coord_controller build --build-base /home/lance/robot/build/coord_controller/build install --record /home/lance/robot/build/coord_controller/install.log --single-version-externally-managed
