[0.120s] Invoking command in '/home/lance/robot/build/my_cobot_hardware_interface': CMAKE_PREFIX_PATH=/home/lance/robot/install/my_cobot_interfaces:/home/lance/robot/install/moveit_config:/home/lance/moveit2_ws/install:/home/lance/robot/install/robot_description:/home/lance/robot/install/controllers:/home/lance/robot/install/motion_planning:/home/lance/robot/install/computer_vision:/home/lance/robot/install/bringup:/opt/ros/humble /usr/bin/cmake --build /home/lance/robot/build/my_cobot_hardware_interface -- -j4 -l4
[0.259s] -- Found ament_cmake: 1.3.4 (/opt/ros/humble/share/ament_cmake/cmake)
[1.080s] -- Override CMake install command with custom implementation using symlinks instead of copying resources
[1.118s] -- Found moveit_core: 2.5.4 (/opt/ros/humble/share/moveit_core/cmake)
[1.177s] -- Found Boost: /usr/lib/aarch64-linux-gnu/cmake/Boost-1.74.0/BoostConfig.cmake (found version "1.74.0") found components: chrono date_time filesystem iostreams program_options regex serialization system thread 
[1.216s] -- Found Boost: /usr/lib/aarch64-linux-gnu/cmake/Boost-1.74.0/BoostConfig.cmake (found version "1.74.0") found components: filesystem 
[1.400s] -- Found rosidl_generator_c: 3.1.4 (/opt/ros/humble/share/rosidl_generator_c/cmake)
[1.411s] -- Found rosidl_adapter: 3.1.4 (/opt/ros/humble/share/rosidl_adapter/cmake)
[1.436s] -- Found rosidl_generator_cpp: 3.1.4 (/opt/ros/humble/share/rosidl_generator_cpp/cmake)
[1.483s] -- Using all available rosidl_typesupport_c: rosidl_typesupport_fastrtps_c;rosidl_typesupport_introspection_c
[1.553s] -- Using all available rosidl_typesupport_cpp: rosidl_typesupport_fastrtps_cpp;rosidl_typesupport_introspection_cpp
[2.230s] -- Found rmw_implementation_cmake: 6.1.1 (/opt/ros/humble/share/rmw_implementation_cmake/cmake)
[2.238s] -- Found rmw_cyclonedds_cpp: 1.3.4 (/opt/ros/humble/share/rmw_cyclonedds_cpp/cmake)
[2.362s] -- Using RMW implementation 'rmw_cyclonedds_cpp' as default
[3.160s] -- library: /usr/lib/aarch64-linux-gnu/libcurl.so
[4.290s] -- Ensuring Eigen3 include directory is part of orocos-kdl CMake target
[8.426s] -- Found moveit_ros_planning: 2.5.4 (/opt/ros/humble/share/moveit_ros_planning/cmake)
[8.444s] -- Found Boost: /usr/lib/aarch64-linux-gnu/cmake/Boost-1.74.0/BoostConfig.cmake (found version "1.74.0") found components: system filesystem date_time program_options thread chrono 
[9.798s] -- Found moveit_ros_planning_interface: 2.5.4 (/opt/ros/humble/share/moveit_ros_planning_interface/cmake)
[9.814s] -- Found Boost: /usr/lib/aarch64-linux-gnu/cmake/Boost-1.74.0/BoostConfig.cmake (found version "1.74.0") found components: date_time filesystem program_options system thread 
[10.406s] -- Found Boost: /usr/lib/aarch64-linux-gnu/cmake/Boost-1.74.0/BoostConfig.cmake (found version "1.74.0") found components: thread system filesystem regex date_time program_options 
[11.229s] -- Found Boost: /usr/lib/aarch64-linux-gnu/cmake/Boost-1.74.0/BoostConfig.cmake (found version "1.74.0") found components: system filesystem date_time program_options thread 
[12.613s] -- Found ros2_control: 2.26.0 (/opt/ros/humble/share/ros2_control/cmake)
[12.614s] -- Found my_cobot_interfaces: 0.0.0 (/home/lance/robot/install/my_cobot_interfaces/share/my_cobot_interfaces/cmake)
[12.761s] -- Found ament_lint_auto: 0.12.6 (/opt/ros/humble/share/ament_lint_auto/cmake)
[13.133s] -- Added test 'cppcheck' to perform static code analysis on C / C++ code
[13.134s] -- Configured cppcheck include dirs: /home/lance/robot/src/my_cobot_hardware_interface/include
[13.135s] -- Configured cppcheck exclude dirs and/or files: 
[13.138s] -- Added test 'lint_cmake' to check CMake code style
[13.145s] -- Added test 'uncrustify' to check C / C++ code style
[13.146s] -- Configured uncrustify additional arguments: 
[13.147s] -- Added test 'xmllint' to check XML markup files
[13.152s] -- Configuring done
[13.392s] -- Generating done
[13.405s] -- Build files have been written to: /home/lance/robot/build/my_cobot_hardware_interface
[13.596s] [ 25%] [32mBuilding CXX object CMakeFiles/my_cobot_hardware_interface.dir/src/MyCobotHardwareInterface.cpp.o[0m
[13.600s] [ 50%] [32mBuilding CXX object CMakeFiles/my_cobot_hardware_interface_node.dir/src/MyCobotHardwareInterface.cpp.o[0m
[13.665s] [01m[K/home/lance/robot/src/my_cobot_hardware_interface/src/MyCobotHardwareInterface.cpp:1:10:[m[K [01;31m[Kfatal error: [m[Kmy_cobot_hardware_interface/MyCobotHardwareInterface.hpp: No such file or directory
[13.666s]     1 | #include [01;31m[K"my_cobot_hardware_interface/MyCobotHardwareInterface.hpp"[m[K
[13.667s]       |          [01;31m[K^~~~~~~~~~~~~~~~~~~~~~~~~~~~~~~~~~~~~~~~~~~~~~~~~~~~~~~~~~[m[K
[13.667s] compilation terminated.
[13.671s] [01m[K/home/lance/robot/src/my_cobot_hardware_interface/src/MyCobotHardwareInterface.cpp:1:10:[m[K [01;31m[Kfatal error: [m[Kmy_cobot_hardware_interface/MyCobotHardwareInterface.hpp: No such file or directory
[13.672s]     1 | #include [01;31m[K"my_cobot_hardware_interface/MyCobotHardwareInterface.hpp"[m[K
[13.672s]       |          [01;31m[K^~~~~~~~~~~~~~~~~~~~~~~~~~~~~~~~~~~~~~~~~~~~~~~~~~~~~~~~~~[m[K
[13.673s] compilation terminated.
[13.673s] gmake[2]: *** [CMakeFiles/my_cobot_hardware_interface.dir/build.make:76: CMakeFiles/my_cobot_hardware_interface.dir/src/MyCobotHardwareInterface.cpp.o] Error 1
[13.673s] gmake[1]: *** [CMakeFiles/Makefile2:139: CMakeFiles/my_cobot_hardware_interface.dir/all] Error 2
[13.674s] gmake[1]: *** Waiting for unfinished jobs....
[13.675s] gmake[2]: *** [CMakeFiles/my_cobot_hardware_interface_node.dir/build.make:76: CMakeFiles/my_cobot_hardware_interface_node.dir/src/MyCobotHardwareInterface.cpp.o] Error 1
[13.675s] gmake[1]: *** [CMakeFiles/Makefile2:165: CMakeFiles/my_cobot_hardware_interface_node.dir/all] Error 2
[13.676s] gmake: *** [Makefile:146: all] Error 2
[13.684s] Invoked command in '/home/lance/robot/build/my_cobot_hardware_interface' returned '2': CMAKE_PREFIX_PATH=/home/lance/robot/install/my_cobot_interfaces:/home/lance/robot/install/moveit_config:/home/lance/moveit2_ws/install:/home/lance/robot/install/robot_description:/home/lance/robot/install/controllers:/home/lance/robot/install/motion_planning:/home/lance/robot/install/computer_vision:/home/lance/robot/install/bringup:/opt/ros/humble /usr/bin/cmake --build /home/lance/robot/build/my_cobot_hardware_interface -- -j4 -l4
