[6.900s] Invoking command in '/home/lance/robot/src/motion_planning': PYTHONPATH=/home/lance/robot/build/motion_planning/prefix_override:/home/lance/robot/install/motion_planning/lib/python3.10/site-packages:${PYTHONPATH} /usr/bin/python3 setup.py egg_info --egg-base ../../build/motion_planning build --build-base /home/lance/robot/build/motion_planning/build install --record /home/lance/robot/build/motion_planning/install.log --single-version-externally-managed
[8.897s] running egg_info
[8.900s] writing ../../build/motion_planning/motion_planning.egg-info/PKG-INFO
[8.902s] writing dependency_links to ../../build/motion_planning/motion_planning.egg-info/dependency_links.txt
[8.903s] writing entry points to ../../build/motion_planning/motion_planning.egg-info/entry_points.txt
[8.904s] writing requirements to ../../build/motion_planning/motion_planning.egg-info/requires.txt
[8.906s] writing top-level names to ../../build/motion_planning/motion_planning.egg-info/top_level.txt
[8.926s] reading manifest file '../../build/motion_planning/motion_planning.egg-info/SOURCES.txt'
[8.933s] writing manifest file '../../build/motion_planning/motion_planning.egg-info/SOURCES.txt'
[8.940s] running build
[8.942s] running build_py
[8.943s] running install
[8.944s] /usr/lib/python3/dist-packages/setuptools/command/install.py:34: SetuptoolsDeprecationWarning: setup.py install is deprecated. Use build and pip and other standards-based tools.
[8.945s]   warnings.warn(
[8.946s] running install_lib
[8.953s] running install_data
[8.955s] running install_egg_info
[8.967s] removing '/home/lance/robot/install/motion_planning/lib/python3.10/site-packages/motion_planning-0.0.0-py3.10.egg-info' (and everything under it)
[8.970s] Copying ../../build/motion_planning/motion_planning.egg-info to /home/lance/robot/install/motion_planning/lib/python3.10/site-packages/motion_planning-0.0.0-py3.10.egg-info
[8.982s] running install_scripts
[9.152s] writing list of installed files to '/home/lance/robot/build/motion_planning/install.log'
[9.523s] Invoked command in '/home/lance/robot/src/motion_planning' returned '0': PYTHONPATH=/home/lance/robot/build/motion_planning/prefix_override:/home/lance/robot/install/motion_planning/lib/python3.10/site-packages:${PYTHONPATH} /usr/bin/python3 setup.py egg_info --egg-base ../../build/motion_planning build --build-base /home/lance/robot/build/motion_planning/build install --record /home/lance/robot/build/motion_planning/install.log --single-version-externally-managed
